66.0 APEX_CODE,FINEST;APEX_PROFILING,INFO;CALLOUT,INFO;DATA_ACCESS,INFO;DB,INFO;NBA,INFO;SYSTEM,DEBUG;VALIDATION,INFO;VISUALFORCE,INFO;WAVE,INFO;WORKFLOW,INFO
08:11:27.1 (1861604)|USER_INFO|[EXTERNAL]|005dL00001kiJYb|abhijithshaibinu001.b869139f1496@agentforce.com|(GMT-07:00) Pacific Daylight Time (America/Los_Angeles)|GMT-07:00
08:11:27.1 (1942736)|EXECUTION_STARTED
08:11:27.1 (1968516)|CODE_UNIT_STARTED|[EXTERNAL]|apex://CpeAiAssistantController/ACTION$sendMessageToAgent
08:11:27.1 (3870850)|CODE_UNIT_STARTED|[EXTERNAL]|01pdL00000Up09Z|CpeAiAssistantController.sendMessageToAgent(String, String, String, String)
08:11:27.1 (5359165)|HEAP_ALLOCATE|[95]|Bytes:3
08:11:27.1 (5543860)|HEAP_ALLOCATE|[100]|Bytes:152
08:11:27.1 (5568621)|HEAP_ALLOCATE|[417]|Bytes:408
08:11:27.1 (5589101)|HEAP_ALLOCATE|[430]|Bytes:408
08:11:27.1 (5639502)|HEAP_ALLOCATE|[317]|Bytes:6
08:11:27.1 (5724563)|HEAP_ALLOCATE|[EXTERNAL]|Bytes:44
08:11:27.1 (5739084)|HEAP_ALLOCATE|[EXTERNAL]|Bytes:6
08:11:27.1 (5778935)|METHOD_ENTRY|[1]|01pdL00000Up09Z|CpeAiAssistantController.CpeAiAssistantController()
08:11:27.1 (5791315)|STATEMENT_EXECUTE|[1]
08:11:27.1 (5806035)|STATEMENT_EXECUTE|[1]
08:11:27.1 (5835046)|HEAP_ALLOCATE|[68]|Bytes:5
08:11:27.1 (5890957)|HEAP_ALLOCATE|[74]|Bytes:5
08:11:27.1 (5900807)|HEAP_ALLOCATE|[82]|Bytes:7
08:11:27.1 (6237455)|HEAP_ALLOCATE|[EXTERNAL]|Bytes:5
08:11:27.1 (6314687)|METHOD_EXIT|[1]|CpeAiAssistantController
08:11:27.1 (6322607)|HEAP_ALLOCATE|[EXTERNAL]|Bytes:25
08:11:27.1 (6327947)|HEAP_ALLOCATE|[EXTERNAL]|Bytes:734
08:11:27.1 (6332858)|HEAP_ALLOCATE|[EXTERNAL]|Bytes:102
08:11:27.1 (6337359)|HEAP_ALLOCATE|[EXTERNAL]|Bytes:939
08:11:27.1 (6346258)|VARIABLE_SCOPE_BEGIN|[71]|userMessage|String|false|false
08:11:27.1 (6442030)|VARIABLE_ASSIGNMENT|[71]|userMessage|"Add 3 Wi-Fi Access P (5 more) ..."
08:11:27.1 (6449030)|VARIABLE_SCOPE_BEGIN|[71]|cpeItemsJson|String|false|false
08:11:27.1 (6458310)|VARIABLE_ASSIGNMENT|[71]|cpeItemsJson|"{\n  \"CpeItems\": [\n   (714 more) ..."
08:11:27.1 (6462111)|VARIABLE_SCOPE_BEGIN|[71]|currentCartJson|String|false|false
08:11:27.1 (6470282)|VARIABLE_ASSIGNMENT|[71]|currentCartJson|"{\"TV + Receiver\":6,\" (82 more) ..."
08:11:27.1 (6473882)|VARIABLE_SCOPE_BEGIN|[71]|chatHistory|String|false|false
08:11:27.1 (6481351)|VARIABLE_ASSIGNMENT|[71]|chatHistory|"Technician: Add Rece (919 more) ..."
08:11:27.1 (6497571)|HEAP_ALLOCATE|[72]|Bytes:5
08:11:27.1 (6503111)|STATEMENT_EXECUTE|[71]
08:11:27.1 (6505542)|STATEMENT_EXECUTE|[72]
08:11:27.1 (6507502)|STATEMENT_EXECUTE|[72]
08:11:27.1 (6509672)|STATEMENT_EXECUTE|[74]
08:11:27.1 (6533612)|METHOD_ENTRY|[74]|01pdL00000Up09Z|CpeAiAssistantController.buildRulePayload(String, String)
08:11:27.1 (6580444)|VARIABLE_SCOPE_BEGIN|[156]|cpeItemsJson|String|false|false
08:11:27.1 (6596005)|VARIABLE_ASSIGNMENT|[156]|cpeItemsJson|"{\n  \"CpeItems\": [\n   (714 more) ..."
08:11:27.1 (6602234)|VARIABLE_SCOPE_BEGIN|[156]|currentCartJson|String|false|false
08:11:27.1 (6619054)|VARIABLE_ASSIGNMENT|[156]|currentCartJson|"{\"TV + Receiver\":6,\" (82 more) ..."
08:11:27.1 (6630605)|HEAP_ALLOCATE|[157]|Bytes:5
08:11:27.1 (6636726)|STATEMENT_EXECUTE|[156]
08:11:27.1 (6639615)|STATEMENT_EXECUTE|[157]
08:11:27.1 (6735027)|HEAP_ALLOCATE|[157]|Bytes:4
08:11:27.1 (6782108)|VARIABLE_SCOPE_BEGIN|[157]|rules|Map<String,Map<String,ANY>>|true|false
08:11:27.1 (6832579)|VARIABLE_ASSIGNMENT|[157]|rules|{}|0x6212bdc7
08:11:27.1 (6840439)|STATEMENT_EXECUTE|[158]
08:11:27.1 (6845939)|HEAP_ALLOCATE|[158]|Bytes:13
08:11:27.1 (6860540)|HEAP_ALLOCATE|[158]|Bytes:4
08:11:27.1 (6871260)|HEAP_ALLOCATE|[158]|Bytes:7
08:11:27.1 (7015694)|HEAP_ALLOCATE|[158]|Bytes:4
08:11:27.1 (7153887)|HEAP_ALLOCATE|[158]|Bytes:3
08:11:27.1 (7170717)|HEAP_ALLOCATE|[158]|Bytes:4
08:11:27.1 (7187437)|HEAP_ALLOCATE|[158]|Bytes:3
08:11:27.1 (7198508)|HEAP_ALLOCATE|[158]|Bytes:4
08:11:27.1 (7240380)|HEAP_ALLOCATE|[EXTERNAL]|Bytes:-4
08:11:27.1 (7251609)|STATEMENT_EXECUTE|[159]
08:11:27.1 (7256489)|HEAP_ALLOCATE|[159]|Bytes:5
08:11:27.1 (7269199)|HEAP_ALLOCATE|[159]|Bytes:4
08:11:27.1 (7278349)|HEAP_ALLOCATE|[159]|Bytes:5
08:11:27.1 (7332782)|HEAP_ALLOCATE|[159]|Bytes:4
08:11:27.1 (7356561)|HEAP_ALLOCATE|[159]|Bytes:4
08:11:27.1 (7379023)|HEAP_ALLOCATE|[EXTERNAL]|Bytes:-4
08:11:27.1 (7389172)|STATEMENT_EXECUTE|[160]
08:11:27.1 (7393432)|HEAP_ALLOCATE|[160]|Bytes:18
08:11:27.1 (7403783)|HEAP_ALLOCATE|[160]|Bytes:4
08:11:27.1 (7436273)|HEAP_ALLOCATE|[160]|Bytes:4
08:11:27.1 (7457905)|HEAP_ALLOCATE|[160]|Bytes:4
08:11:27.1 (7475054)|HEAP_ALLOCATE|[160]|Bytes:4
08:11:27.1 (7495885)|HEAP_ALLOCATE|[EXTERNAL]|Bytes:-4
08:11:27.1 (7649848)|STATEMENT_EXECUTE|[162]
08:11:27.1 (7654098)|STATEMENT_EXECUTE|[163]
08:11:27.1 (7657018)|STATEMENT_EXECUTE|[163]
08:11:27.1 (7659949)|STATEMENT_EXECUTE|[164]
08:11:27.1 (7715740)|HEAP_ALLOCATE|[164]|Bytes:24
08:11:27.1 (7732791)|SYSTEM_METHOD_ENTRY|[1]|JSON.JSON()
08:11:27.1 (7737831)|STATEMENT_EXECUTE|[1]
08:11:27.1 (7754081)|SYSTEM_METHOD_EXIT|[1]|JSON
08:11:27.1 (7766761)|METHOD_ENTRY|[164]||System.JSON.deserializeUntyped(String)
08:11:27.1 (11532828)|METHOD_EXIT|[164]||System.JSON.deserializeUntyped(String)
08:11:27.1 (11573040)|VARIABLE_SCOPE_BEGIN|[164]|currentCart|Map<String,ANY>|true|false
08:11:27.1 (11617220)|VARIABLE_ASSIGNMENT|[164]|currentCart|"Map of size 6 too large to display"|0x64f41ed8
08:11:27.1 (11831446)|HEAP_ALLOCATE|[165]|Bytes:87
08:11:27.1 (12014629)|HEAP_ALLOCATE|[165]|Bytes:5
08:11:27.1 (12069481)|VARIABLE_SCOPE_BEGIN|[165]|key|String|false|false
08:11:27.1 (12091471)|VARIABLE_ASSIGNMENT|[165]|key|"TV + Receiver"
08:11:27.1 (12104252)|STATEMENT_EXECUTE|[165]
08:11:27.1 (12107702)|STATEMENT_EXECUTE|[166]
08:11:27.1 (12124622)|METHOD_ENTRY|[166]|01pdL00000Up09Z|CpeAiAssistantController.normalizeProductName(String)
08:11:27.1 (12145792)|VARIABLE_SCOPE_BEGIN|[255]|rawName|String|false|false
08:11:27.1 (12158374)|VARIABLE_ASSIGNMENT|[255]|rawName|"TV + Receiver"
08:11:27.1 (12174643)|HEAP_ALLOCATE|[256]|Bytes:5
08:11:27.1 (12181203)|STATEMENT_EXECUTE|[255]
08:11:27.1 (12243536)|STATEMENT_EXECUTE|[256]
08:11:27.1 (12247345)|STATEMENT_EXECUTE|[257]
08:11:27.1 (12278125)|HEAP_ALLOCATE|[257]|Bytes:13
08:11:27.1 (12295406)|VARIABLE_SCOPE_BEGIN|[257]|lower|String|false|false
08:11:27.1 (12310876)|VARIABLE_ASSIGNMENT|[257]|lower|"tv + receiver"
08:11:27.1 (12319086)|HEAP_ALLOCATE|[258]|Bytes:2
08:11:27.1 (12378838)|STATEMENT_EXECUTE|[258]
08:11:27.1 (12392688)|METHOD_EXIT|[166]|01pdL00000Up09Z|CpeAiAssistantController.normalizeProductName(String)
08:11:27.1 (12401539)|VARIABLE_SCOPE_BEGIN|[166]|normKey|String|false|false
08:11:27.1 (12414149)|VARIABLE_ASSIGNMENT|[166]|normKey|"TV + Receiver"
08:11:27.1 (12466870)|STATEMENT_EXECUTE|[167]
08:11:27.1 (12470120)|STATEMENT_EXECUTE|[168]
08:11:27.1 (12603203)|HEAP_ALLOCATE|[165]|Bytes:5
08:11:27.1 (12619083)|VARIABLE_SCOPE_BEGIN|[165]|key|String|false|false
08:11:27.1 (12629654)|VARIABLE_ASSIGNMENT|[165]|key|"Modem"
08:11:27.1 (12633705)|STATEMENT_EXECUTE|[165]
08:11:27.1 (12635734)|STATEMENT_EXECUTE|[166]
08:11:27.1 (12640194)|METHOD_ENTRY|[166]|01pdL00000Up09Z|CpeAiAssistantController.normalizeProductName(String)
08:11:27.1 (12645414)|VARIABLE_SCOPE_BEGIN|[255]|rawName|String|false|false
08:11:27.1 (12652754)|VARIABLE_ASSIGNMENT|[255]|rawName|"Modem"
08:11:27.1 (12662674)|HEAP_ALLOCATE|[256]|Bytes:5
08:11:27.1 (12666625)|STATEMENT_EXECUTE|[255]
08:11:27.1 (12683255)|STATEMENT_EXECUTE|[256]
08:11:27.1 (12685395)|STATEMENT_EXECUTE|[257]
08:11:27.1 (12693695)|HEAP_ALLOCATE|[257]|Bytes:5
08:11:27.1 (12702595)|VARIABLE_SCOPE_BEGIN|[257]|lower|String|false|false
08:11:27.1 (12711095)|VARIABLE_ASSIGNMENT|[257]|lower|"modem"
08:11:27.1 (12727696)|HEAP_ALLOCATE|[258]|Bytes:8
08:11:27.1 (12742636)|STATEMENT_EXECUTE|[258]
08:11:27.1 (12745256)|HEAP_ALLOCATE|[259]|Bytes:5
08:11:27.1 (12771577)|HEAP_ALLOCATE|[259]|Bytes:4
08:11:27.1 (12787148)|HEAP_ALLOCATE|[259]|Bytes:2
08:11:27.1 (12802448)|HEAP_ALLOCATE|[259]|Bytes:12
08:11:27.1 (12816368)|HEAP_ALLOCATE|[259]|Bytes:6
08:11:27.1 (12831818)|STATEMENT_EXECUTE|[259]
08:11:27.1 (12834568)|HEAP_ALLOCATE|[260]|Bytes:5
08:11:27.1 (12855529)|STATEMENT_EXECUTE|[260]
08:11:27.1 (12862249)|METHOD_EXIT|[166]|01pdL00000Up09Z|CpeAiAssistantController.normalizeProductName(String)
08:11:27.1 (12867219)|VARIABLE_SCOPE_BEGIN|[166]|normKey|String|false|false
08:11:27.1 (12875289)|VARIABLE_ASSIGNMENT|[166]|normKey|"Modem"
08:11:27.1 (12887120)|STATEMENT_EXECUTE|[167]
08:11:27.1 (12889100)|STATEMENT_EXECUTE|[168]
08:11:27.1 (12923980)|HEAP_ALLOCATE|[165]|Bytes:5
08:11:27.1 (12935851)|VARIABLE_SCOPE_BEGIN|[165]|key|String|false|false
08:11:27.1 (12944872)|VARIABLE_ASSIGNMENT|[165]|key|"Wi-Fi Access Point"
08:11:27.1 (12948752)|STATEMENT_EXECUTE|[165]
08:11:27.1 (12950921)|STATEMENT_EXECUTE|[166]
08:11:27.1 (12954491)|METHOD_ENTRY|[166]|01pdL00000Up09Z|CpeAiAssistantController.normalizeProductName(String)
08:11:27.1 (12960141)|VARIABLE_SCOPE_BEGIN|[255]|rawName|String|false|false
08:11:27.1 (12967361)|VARIABLE_ASSIGNMENT|[255]|rawName|"Wi-Fi Access Point"
08:11:27.1 (12973772)|HEAP_ALLOCATE|[256]|Bytes:5
08:11:27.1 (12977433)|STATEMENT_EXECUTE|[255]
08:11:27.1 (12992612)|STATEMENT_EXECUTE|[256]
08:11:27.1 (12994622)|STATEMENT_EXECUTE|[257]
08:11:27.1 (13002753)|HEAP_ALLOCATE|[257]|Bytes:18
08:11:27.1 (13012132)|VARIABLE_SCOPE_BEGIN|[257]|lower|String|false|false
08:11:27.1 (13020554)|VARIABLE_ASSIGNMENT|[257]|lower|"wi-fi access point"
08:11:27.1 (13044543)|STATEMENT_EXECUTE|[258]
08:11:27.1 (13056773)|STATEMENT_EXECUTE|[259]
08:11:27.1 (13062124)|METHOD_EXIT|[166]|01pdL00000Up09Z|CpeAiAssistantController.normalizeProductName(String)
08:11:27.1 (13066755)|VARIABLE_SCOPE_BEGIN|[166]|normKey|String|false|false
08:11:27.1 (13074404)|VARIABLE_ASSIGNMENT|[166]|normKey|"Wi-Fi Access Point"
08:11:27.1 (13086164)|STATEMENT_EXECUTE|[167]
08:11:27.1 (13088144)|STATEMENT_EXECUTE|[168]
08:11:27.1 (13122185)|HEAP_ALLOCATE|[165]|Bytes:5
08:11:27.1 (13133285)|VARIABLE_SCOPE_BEGIN|[165]|key|String|false|false
08:11:27.1 (13146776)|VARIABLE_ASSIGNMENT|[165]|key|"baseTv"
08:11:27.1 (13150437)|STATEMENT_EXECUTE|[165]
08:11:27.1 (13152557)|STATEMENT_EXECUTE|[166]
08:11:27.1 (13156357)|METHOD_ENTRY|[166]|01pdL00000Up09Z|CpeAiAssistantController.normalizeProductName(String)
08:11:27.1 (13160906)|VARIABLE_SCOPE_BEGIN|[255]|rawName|String|false|false
08:11:27.1 (13167837)|VARIABLE_ASSIGNMENT|[255]|rawName|"baseTv"
08:11:27.1 (13174346)|HEAP_ALLOCATE|[256]|Bytes:5
08:11:27.1 (13178117)|STATEMENT_EXECUTE|[255]
08:11:27.1 (13193118)|STATEMENT_EXECUTE|[256]
08:11:27.1 (13195187)|STATEMENT_EXECUTE|[257]
08:11:27.1 (13202327)|HEAP_ALLOCATE|[257]|Bytes:6
08:11:27.1 (13210438)|VARIABLE_SCOPE_BEGIN|[257]|lower|String|false|false
08:11:27.1 (13219187)|VARIABLE_ASSIGNMENT|[257]|lower|"basetv"
08:11:27.1 (13233608)|STATEMENT_EXECUTE|[258]
08:11:27.1 (13238618)|METHOD_EXIT|[166]|01pdL00000Up09Z|CpeAiAssistantController.normalizeProductName(String)
08:11:27.1 (13243959)|VARIABLE_SCOPE_BEGIN|[166]|normKey|String|false|false
08:11:27.1 (13255178)|VARIABLE_ASSIGNMENT|[166]|normKey|"TV + Receiver"
08:11:27.1 (13271028)|STATEMENT_EXECUTE|[167]
08:11:27.1 (13273920)|STATEMENT_EXECUTE|[168]
08:11:27.1 (13323921)|HEAP_ALLOCATE|[165]|Bytes:5
08:11:27.1 (13341430)|VARIABLE_SCOPE_BEGIN|[165]|key|String|false|false
08:11:27.1 (13355390)|VARIABLE_ASSIGNMENT|[165]|key|"baseWifi"
08:11:27.1 (13361211)|STATEMENT_EXECUTE|[165]
08:11:27.1 (13364271)|STATEMENT_EXECUTE|[166]
08:11:27.1 (13368811)|METHOD_ENTRY|[166]|01pdL00000Up09Z|CpeAiAssistantController.normalizeProductName(String)
08:11:27.1 (13374231)|VARIABLE_SCOPE_BEGIN|[255]|rawName|String|false|false
08:11:27.1 (13381711)|VARIABLE_ASSIGNMENT|[255]|rawName|"baseWifi"
08:11:27.1 (13388922)|HEAP_ALLOCATE|[256]|Bytes:5
08:11:27.1 (13392661)|STATEMENT_EXECUTE|[255]
08:11:27.1 (13409843)|STATEMENT_EXECUTE|[256]
08:11:27.1 (13411822)|STATEMENT_EXECUTE|[257]
08:11:27.1 (13419172)|HEAP_ALLOCATE|[257]|Bytes:8
08:11:27.1 (13428912)|VARIABLE_SCOPE_BEGIN|[257]|lower|String|false|false
08:11:27.1 (13437912)|VARIABLE_ASSIGNMENT|[257]|lower|"basewifi"
08:11:27.1 (13461873)|STATEMENT_EXECUTE|[258]
08:11:27.1 (13483583)|STATEMENT_EXECUTE|[259]
08:11:27.1 (13489183)|METHOD_EXIT|[166]|01pdL00000Up09Z|CpeAiAssistantController.normalizeProductName(String)
08:11:27.1 (13494814)|VARIABLE_SCOPE_BEGIN|[166]|normKey|String|false|false
08:11:27.1 (13502794)|VARIABLE_ASSIGNMENT|[166]|normKey|"Wi-Fi Access Point"
08:11:27.1 (13513854)|STATEMENT_EXECUTE|[167]
08:11:27.1 (13515834)|STATEMENT_EXECUTE|[168]
08:11:27.1 (13552806)|HEAP_ALLOCATE|[165]|Bytes:5
08:11:27.1 (13568545)|VARIABLE_SCOPE_BEGIN|[165]|key|String|false|false
08:11:27.1 (13582796)|VARIABLE_ASSIGNMENT|[165]|key|"baseModem"
08:11:27.1 (13588116)|STATEMENT_EXECUTE|[165]
08:11:27.1 (13590906)|STATEMENT_EXECUTE|[166]
08:11:27.1 (13595906)|METHOD_ENTRY|[166]|01pdL00000Up09Z|CpeAiAssistantController.normalizeProductName(String)
08:11:27.1 (13601956)|VARIABLE_SCOPE_BEGIN|[255]|rawName|String|false|false
08:11:27.1 (13612876)|VARIABLE_ASSIGNMENT|[255]|rawName|"baseModem"
08:11:27.1 (13623537)|HEAP_ALLOCATE|[256]|Bytes:5
08:11:27.1 (13628937)|STATEMENT_EXECUTE|[255]
08:11:27.1 (13651507)|STATEMENT_EXECUTE|[256]
08:11:27.1 (13654528)|STATEMENT_EXECUTE|[257]
08:11:27.1 (13666388)|HEAP_ALLOCATE|[257]|Bytes:9
08:11:27.1 (13680538)|VARIABLE_SCOPE_BEGIN|[257]|lower|String|false|false
08:11:27.1 (13695018)|VARIABLE_ASSIGNMENT|[257]|lower|"basemodem"
08:11:27.1 (13733189)|STATEMENT_EXECUTE|[258]
08:11:27.1 (13781740)|STATEMENT_EXECUTE|[259]
08:11:27.1 (13793661)|STATEMENT_EXECUTE|[260]
08:11:27.1 (13800231)|METHOD_EXIT|[166]|01pdL00000Up09Z|CpeAiAssistantController.normalizeProductName(String)
08:11:27.1 (13806012)|VARIABLE_SCOPE_BEGIN|[166]|normKey|String|false|false
08:11:27.1 (13815031)|VARIABLE_ASSIGNMENT|[166]|normKey|"Modem"
08:11:27.1 (13826621)|STATEMENT_EXECUTE|[167]
08:11:27.1 (13828652)|STATEMENT_EXECUTE|[168]
08:11:27.1 (13861802)|HEAP_ALLOCATE|[165]|Bytes:5
08:11:27.1 (13876602)|VARIABLE_ASSIGNMENT|[165]|key|null
08:11:27.1 (13884574)|HEAP_ALLOCATE|[171]|Bytes:6
08:11:27.1 (13919214)|STATEMENT_EXECUTE|[171]
08:11:27.1 (13935975)|HEAP_ALLOCATE|[171]|Bytes:4
08:11:27.1 (13961935)|HEAP_ALLOCATE|[EXTERNAL]|Bytes:-4
08:11:27.1 (13973245)|HEAP_ALLOCATE|[172]|Bytes:8
08:11:27.1 (14001056)|STATEMENT_EXECUTE|[172]
08:11:27.1 (14037646)|HEAP_ALLOCATE|[EXTERNAL]|Bytes:-4
08:11:27.1 (14049026)|HEAP_ALLOCATE|[173]|Bytes:9
08:11:27.1 (14076517)|STATEMENT_EXECUTE|[173]
08:11:27.1 (14106468)|HEAP_ALLOCATE|[EXTERNAL]|Bytes:-4
08:11:27.1 (14143629)|STATEMENT_EXECUTE|[177]
08:11:27.1 (14146820)|STATEMENT_EXECUTE|[178]
08:11:27.1 (14149599)|STATEMENT_EXECUTE|[178]
08:11:27.1 (14152509)|STATEMENT_EXECUTE|[179]
08:11:27.1 (14160860)|METHOD_ENTRY|[179]||System.JSON.deserializeUntyped(String)
08:11:27.1 (16051373)|METHOD_EXIT|[179]||System.JSON.deserializeUntyped(String)
08:11:27.1 (16070653)|VARIABLE_SCOPE_BEGIN|[179]|itemsMap|Map<String,ANY>|true|false
08:11:27.1 (16126666)|HEAP_ALLOCATE|[EXTERNAL]|Bytes:20
08:11:27.1 (16188227)|VARIABLE_ASSIGNMENT|[179]|itemsMap|{"CpeItems":["Map of size 6 too large to display",{"itemType":"childProduct","maxQuantity":15,"minQuantity":0,"defaultQuantity":0,"ProductCode":"O_RES_TV_PLUS_ADDL_S (2 more) ..."},"Map of size 6 too large to display",{"itemType":"childProduct","maxQuantity":99999,"minQuantity":0,"defaultQuantity":0,"ProductCode":"O_RES_HSI_WIFI_EXTEN (3 more) ..."}]}|0x102759b0
08:11:27.1 (16200267)|STATEMENT_EXECUTE|[180]
08:11:27.1 (16220157)|HEAP_ALLOCATE|[180]|Bytes:4
08:11:27.1 (16320870)|VARIABLE_SCOPE_BEGIN|[180]|items|List<ANY>|true|false
08:11:27.1 (16340520)|HEAP_ALLOCATE|[EXTERNAL]|Bytes:4
08:11:27.1 (16355320)|VARIABLE_ASSIGNMENT|[180]|items|[]|0x5812bd4d
08:11:27.1 (16363980)|HEAP_ALLOCATE|[181]|Bytes:8
08:11:27.1 (16405912)|STATEMENT_EXECUTE|[181]
08:11:27.1 (16408881)|STATEMENT_EXECUTE|[182]
08:11:27.1 (16478623)|VARIABLE_ASSIGNMENT|[182]|items|["Map of size 6 too large to display",{"itemType":"childProduct","maxQuantity":15,"minQuantity":0,"defaultQuantity":0,"ProductCode":"O_RES_TV_PLUS_ADDL_S (2 more) ..."},"Map of size 6 too large to display",{"itemType":"childProduct","maxQuantity":99999,"minQuantity":0,"defaultQuantity":0,"ProductCode":"O_RES_HSI_WIFI_EXTEN (3 more) ..."}]|0x3cb4a6d0
08:11:27.1 (16489283)|STATEMENT_EXECUTE|[185]
08:11:27.1 (16505234)|HEAP_ALLOCATE|[185]|Bytes:4
08:11:27.1 (16517304)|VARIABLE_SCOPE_BEGIN|[185]|limits|Map<String,Map<String,Integer>>|true|false
08:11:27.1 (16532795)|VARIABLE_ASSIGNMENT|[185]|limits|{}|0x64f46633
08:11:27.1 (16539334)|STATEMENT_EXECUTE|[186]
08:11:27.1 (16548956)|HEAP_ALLOCATE|[186]|Bytes:4
08:11:27.1 (16558525)|HEAP_ALLOCATE|[186]|Bytes:6
08:11:27.1 (16594926)|HEAP_ALLOCATE|[186]|Bytes:4
08:11:27.1 (16608136)|HEAP_ALLOCATE|[186]|Bytes:6
08:11:27.1 (16619746)|HEAP_ALLOCATE|[186]|Bytes:4
08:11:27.1 (16635857)|HEAP_ALLOCATE|[186]|Bytes:4
08:11:27.1 (16656318)|HEAP_ALLOCATE|[EXTERNAL]|Bytes:-4
08:11:27.1 (16666057)|STATEMENT_EXECUTE|[187]
08:11:27.1 (16674827)|HEAP_ALLOCATE|[187]|Bytes:4
08:11:27.1 (16701148)|HEAP_ALLOCATE|[187]|Bytes:4
08:11:27.1 (16717818)|HEAP_ALLOCATE|[187]|Bytes:4
08:11:27.1 (16732939)|HEAP_ALLOCATE|[187]|Bytes:4
08:11:27.1 (16750739)|HEAP_ALLOCATE|[EXTERNAL]|Bytes:-4
08:11:27.1 (16759669)|STATEMENT_EXECUTE|[188]
08:11:27.1 (16772890)|HEAP_ALLOCATE|[188]|Bytes:4
08:11:27.1 (16799490)|HEAP_ALLOCATE|[188]|Bytes:4
08:11:27.1 (16816242)|HEAP_ALLOCATE|[188]|Bytes:4
08:11:27.1 (16834051)|HEAP_ALLOCATE|[EXTERNAL]|Bytes:-4
08:11:27.1 (16843191)|STATEMENT_EXECUTE|[190]
08:11:27.1 (16856412)|METHOD_ENTRY|[190]|01pdL00000Up09Z|CpeAiAssistantController.extractCodes(List<ANY>, Map<String,Map<String,Integer>>)
08:11:27.1 (16872532)|VARIABLE_SCOPE_BEGIN|[203]|items|List<ANY>|true|false
08:11:27.1 (16900863)|VARIABLE_ASSIGNMENT|[203]|items|["Map of size 6 too large to display",{"itemType":"childProduct","maxQuantity":15,"minQuantity":0,"defaultQuantity":0,"ProductCode":"O_RES_TV_PLUS_ADDL_S (2 more) ..."},"Map of size 6 too large to display",{"itemType":"childProduct","maxQuantity":99999,"minQuantity":0,"defaultQuantity":0,"ProductCode":"O_RES_HSI_WIFI_EXTEN (3 more) ..."}]|0x3cb4a6d0
08:11:27.1 (16910823)|VARIABLE_SCOPE_BEGIN|[203]|limits|Map<String,Map<String,Integer>>|true|false
08:11:27.1 (16927023)|VARIABLE_ASSIGNMENT|[203]|limits|{"tv":{"maxInc":3,"maxAdd":15,"min":1},"wifi":{"maxInc":1,"maxAdd":10,"min":1},"modem":{"max":1,"min":1}}|0x64f46633
08:11:27.1 (16947874)|HEAP_ALLOCATE|[204]|Bytes:5
08:11:27.1 (16954264)|STATEMENT_EXECUTE|[203]
08:11:27.1 (16964254)|STATEMENT_EXECUTE|[204]
08:11:27.1 (17051556)|HEAP_ALLOCATE|[205]|Bytes:5
08:11:27.1 (17095097)|HEAP_ALLOCATE|[205]|Bytes:28
08:11:27.1 (17107697)|VARIABLE_SCOPE_BEGIN|[205]|obj|Object|false|false
08:11:27.1 (17124118)|VARIABLE_ASSIGNMENT|[205]|obj|"Map of size 6 too large to display"
08:11:27.1 (17130878)|STATEMENT_EXECUTE|[205]
08:11:27.1 (17133708)|STATEMENT_EXECUTE|[206]
08:11:27.1 (17138809)|VARIABLE_SCOPE_BEGIN|[206]|item|Map<String,ANY>|true|false
08:11:27.1 (17152170)|VARIABLE_ASSIGNMENT|[206]|item|"Map of size 6 too large to display"|0x4eb459c4
08:11:27.1 (17158490)|STATEMENT_EXECUTE|[207]
08:11:27.1 (17168629)|METHOD_ENTRY|[207]|01pdL00000Up09Z|CpeAiAssistantController.getProductCode(Map<String,ANY>)
08:11:27.1 (17181779)|VARIABLE_SCOPE_BEGIN|[236]|item|Map<String,ANY>|true|false
08:11:27.1 (17193629)|VARIABLE_ASSIGNMENT|[236]|item|"Map of size 6 too large to display"|0x4eb459c4
08:11:27.1 (17205800)|HEAP_ALLOCATE|[237]|Bytes:5
08:11:27.1 (17211100)|STATEMENT_EXECUTE|[236]
08:11:27.1 (17215070)|HEAP_ALLOCATE|[237]|Bytes:11
08:11:27.1 (17261071)|STATEMENT_EXECUTE|[237]
08:11:27.1 (17264151)|STATEMENT_EXECUTE|[238]
08:11:27.1 (17313042)|HEAP_ALLOCATE|[238]|Bytes:17
08:11:27.1 (17336134)|METHOD_EXIT|[207]|01pdL00000Up09Z|CpeAiAssistantController.getProductCode(Map<String,ANY>)
08:11:27.1 (17344663)|VARIABLE_SCOPE_BEGIN|[207]|code|String|false|false
08:11:27.1 (17357963)|VARIABLE_ASSIGNMENT|[207]|code|"O_RES_TV_PLUS_STB"
08:11:27.1 (17363734)|STATEMENT_EXECUTE|[208]
08:11:27.1 (17367744)|HEAP_ALLOCATE|[208]|Bytes:11
08:11:27.1 (17407024)|VARIABLE_SCOPE_BEGIN|[208]|maxQ|Integer|false|false
08:11:27.1 (17419405)|VARIABLE_ASSIGNMENT|[208]|maxQ|3
08:11:27.1 (17424216)|STATEMENT_EXECUTE|[209]
08:11:27.1 (17428005)|HEAP_ALLOCATE|[209]|Bytes:11
08:11:27.1 (17462356)|VARIABLE_SCOPE_BEGIN|[209]|minQ|Integer|false|false
08:11:27.1 (17474286)|VARIABLE_ASSIGNMENT|[209]|minQ|0
08:11:27.1 (17480126)|STATEMENT_EXECUTE|[210]
08:11:27.1 (17484137)|HEAP_ALLOCATE|[210]|Bytes:15
08:11:27.1 (17518997)|VARIABLE_SCOPE_BEGIN|[210]|defQ|Integer|false|false
08:11:27.1 (17531027)|VARIABLE_ASSIGNMENT|[210]|defQ|1
08:11:27.1 (17537747)|HEAP_ALLOCATE|[212]|Bytes:17
08:11:27.1 (17588740)|STATEMENT_EXECUTE|[212]
08:11:27.1 (17592140)|STATEMENT_EXECUTE|[213]
08:11:27.1 (17643261)|STATEMENT_EXECUTE|[214]
08:11:27.1 (17681931)|HEAP_ALLOCATE|[227]|Bytes:13
08:11:27.1 (17708151)|STATEMENT_EXECUTE|[227]
08:11:27.1 (17723672)|HEAP_ALLOCATE|[205]|Bytes:5
08:11:27.1 (17743512)|HEAP_ALLOCATE|[205]|Bytes:24
08:11:27.1 (17755123)|VARIABLE_SCOPE_BEGIN|[205]|obj|Object|false|false
08:11:27.1 (17781504)|VARIABLE_ASSIGNMENT|[205]|obj|{"itemType":"childProduct","maxQuantity":15,"minQuantity":0,"defaultQuantity":0,"ProductCode":"O_RES_TV_PLUS_ADDL_S (2 more) ..."}
08:11:27.1 (17789064)|STATEMENT_EXECUTE|[205]
08:11:27.1 (17791953)|STATEMENT_EXECUTE|[206]
08:11:27.1 (17797594)|VARIABLE_SCOPE_BEGIN|[206]|item|Map<String,ANY>|true|false
08:11:27.1 (17816294)|VARIABLE_ASSIGNMENT|[206]|item|{"itemType":"childProduct","maxQuantity":15,"minQuantity":0,"defaultQuantity":0,"ProductCode":"O_RES_TV_PLUS_ADDL_S (2 more) ..."}|0x3016d8a
08:11:27.1 (17823734)|STATEMENT_EXECUTE|[207]
08:11:27.1 (17830705)|METHOD_ENTRY|[207]|01pdL00000Up09Z|CpeAiAssistantController.getProductCode(Map<String,ANY>)
08:11:27.1 (17838524)|VARIABLE_SCOPE_BEGIN|[236]|item|Map<String,ANY>|true|false
08:11:27.1 (17854645)|VARIABLE_ASSIGNMENT|[236]|item|{"itemType":"childProduct","maxQuantity":15,"minQuantity":0,"defaultQuantity":0,"ProductCode":"O_RES_TV_PLUS_ADDL_S (2 more) ..."}|0x3016d8a
08:11:27.1 (17866815)|HEAP_ALLOCATE|[237]|Bytes:5
08:11:27.1 (17872635)|STATEMENT_EXECUTE|[236]
08:11:27.1 (17896427)|STATEMENT_EXECUTE|[237]
08:11:27.1 (17899356)|STATEMENT_EXECUTE|[238]
08:11:27.1 (17921856)|HEAP_ALLOCATE|[238]|Bytes:22
08:11:27.1 (17940247)|METHOD_EXIT|[207]|01pdL00000Up09Z|CpeAiAssistantController.getProductCode(Map<String,ANY>)
08:11:27.1 (17947777)|VARIABLE_SCOPE_BEGIN|[207]|code|String|false|false
08:11:27.1 (17959957)|VARIABLE_ASSIGNMENT|[207]|code|"O_RES_TV_PLUS_ADDL_S (2 more) ..."
08:11:27.1 (17965748)|STATEMENT_EXECUTE|[208]
08:11:27.1 (17988968)|VARIABLE_SCOPE_BEGIN|[208]|maxQ|Integer|false|false
08:11:27.1 (18000598)|VARIABLE_ASSIGNMENT|[208]|maxQ|15
08:11:27.1 (18008918)|STATEMENT_EXECUTE|[209]
08:11:27.1 (18029879)|VARIABLE_SCOPE_BEGIN|[209]|minQ|Integer|false|false
08:11:27.1 (18041089)|VARIABLE_ASSIGNMENT|[209]|minQ|0
08:11:27.1 (18045979)|STATEMENT_EXECUTE|[210]
08:11:27.1 (18066071)|VARIABLE_SCOPE_BEGIN|[210]|defQ|Integer|false|false
08:11:27.1 (18076900)|VARIABLE_ASSIGNMENT|[210]|defQ|0
08:11:27.1 (18098211)|HEAP_ALLOCATE|[215]|Bytes:22
08:11:27.1 (18107032)|STATEMENT_EXECUTE|[215]
08:11:27.1 (18110161)|STATEMENT_EXECUTE|[216]
08:11:27.1 (18161633)|STATEMENT_EXECUTE|[227]
08:11:27.1 (18173873)|HEAP_ALLOCATE|[205]|Bytes:5
08:11:27.1 (18191954)|HEAP_ALLOCATE|[205]|Bytes:28
08:11:27.1 (18202914)|VARIABLE_SCOPE_BEGIN|[205]|obj|Object|false|false
08:11:27.1 (18219583)|VARIABLE_ASSIGNMENT|[205]|obj|"Map of size 6 too large to display"
08:11:27.1 (18225703)|STATEMENT_EXECUTE|[205]
08:11:27.1 (18228704)|STATEMENT_EXECUTE|[206]
08:11:27.1 (18233315)|VARIABLE_SCOPE_BEGIN|[206]|item|Map<String,ANY>|true|false
08:11:27.1 (18245715)|VARIABLE_ASSIGNMENT|[206]|item|"Map of size 6 too large to display"|0x1a9ad91c
08:11:27.1 (18252134)|STATEMENT_EXECUTE|[207]
08:11:27.1 (18257964)|METHOD_ENTRY|[207]|01pdL00000Up09Z|CpeAiAssistantController.getProductCode(Map<String,ANY>)
08:11:27.1 (18264944)|VARIABLE_SCOPE_BEGIN|[236]|item|Map<String,ANY>|true|false
08:11:27.1 (18304356)|VARIABLE_ASSIGNMENT|[236]|item|"Map of size 6 too large to display"|0x1a9ad91c
08:11:27.1 (18317757)|HEAP_ALLOCATE|[237]|Bytes:5
08:11:27.1 (18323677)|STATEMENT_EXECUTE|[236]
08:11:27.1 (18348816)|STATEMENT_EXECUTE|[237]
08:11:27.1 (18351776)|STATEMENT_EXECUTE|[238]
08:11:27.1 (18375287)|HEAP_ALLOCATE|[238]|Bytes:15
08:11:27.1 (18392958)|METHOD_EXIT|[207]|01pdL00000Up09Z|CpeAiAssistantController.getProductCode(Map<String,ANY>)
08:11:27.1 (18399908)|VARIABLE_SCOPE_BEGIN|[207]|code|String|false|false
08:11:27.1 (18412218)|VARIABLE_ASSIGNMENT|[207]|code|"O_RES_HSI_MODEM"
08:11:27.1 (18417858)|STATEMENT_EXECUTE|[208]
08:11:27.1 (18440218)|VARIABLE_SCOPE_BEGIN|[208]|maxQ|Integer|false|false
08:11:27.1 (18451749)|VARIABLE_ASSIGNMENT|[208]|maxQ|99999
08:11:27.1 (18457219)|STATEMENT_EXECUTE|[209]
08:11:27.1 (18477339)|VARIABLE_SCOPE_BEGIN|[209]|minQ|Integer|false|false
08:11:27.1 (18489110)|VARIABLE_ASSIGNMENT|[209]|minQ|0
08:11:27.1 (18494900)|STATEMENT_EXECUTE|[210]
08:11:27.1 (18516590)|VARIABLE_SCOPE_BEGIN|[210]|defQ|Integer|false|false
08:11:27.1 (18528271)|VARIABLE_ASSIGNMENT|[210]|defQ|1
08:11:27.1 (18550171)|HEAP_ALLOCATE|[217]|Bytes:27
08:11:27.1 (18564111)|HEAP_ALLOCATE|[220]|Bytes:27
08:11:27.1 (18576302)|HEAP_ALLOCATE|[222]|Bytes:15
08:11:27.1 (18583792)|STATEMENT_EXECUTE|[222]
08:11:27.1 (18587052)|STATEMENT_EXECUTE|[223]
08:11:27.1 (18632783)|HEAP_ALLOCATE|[223]|Bytes:4
08:11:27.1 (18645053)|STATEMENT_EXECUTE|[224]
08:11:27.1 (18723126)|STATEMENT_EXECUTE|[227]
08:11:27.1 (18736825)|HEAP_ALLOCATE|[205]|Bytes:5
08:11:27.1 (18755916)|HEAP_ALLOCATE|[205]|Bytes:24
08:11:27.1 (18769066)|VARIABLE_SCOPE_BEGIN|[205]|obj|Object|false|false
08:11:27.1 (18796637)|VARIABLE_ASSIGNMENT|[205]|obj|{"itemType":"childProduct","maxQuantity":99999,"minQuantity":0,"defaultQuantity":0,"ProductCode":"O_RES_HSI_WIFI_EXTEN (3 more) ..."}
08:11:27.1 (18804168)|STATEMENT_EXECUTE|[205]
08:11:27.1 (18807907)|STATEMENT_EXECUTE|[206]
08:11:27.1 (18813257)|VARIABLE_SCOPE_BEGIN|[206]|item|Map<String,ANY>|true|false
08:11:27.1 (18830988)|VARIABLE_ASSIGNMENT|[206]|item|{"itemType":"childProduct","maxQuantity":99999,"minQuantity":0,"defaultQuantity":0,"ProductCode":"O_RES_HSI_WIFI_EXTEN (3 more) ..."}|0x5d98f182
08:11:27.1 (18838398)|STATEMENT_EXECUTE|[207]
08:11:27.1 (18844658)|METHOD_ENTRY|[207]|01pdL00000Up09Z|CpeAiAssistantController.getProductCode(Map<String,ANY>)
08:11:27.1 (18851649)|VARIABLE_SCOPE_BEGIN|[236]|item|Map<String,ANY>|true|false
08:11:27.1 (18868058)|VARIABLE_ASSIGNMENT|[236]|item|{"itemType":"childProduct","maxQuantity":99999,"minQuantity":0,"defaultQuantity":0,"ProductCode":"O_RES_HSI_WIFI_EXTEN (3 more) ..."}|0x5d98f182
08:11:27.1 (18880239)|HEAP_ALLOCATE|[237]|Bytes:5
08:11:27.1 (18886130)|STATEMENT_EXECUTE|[236]
08:11:27.1 (18910410)|STATEMENT_EXECUTE|[237]
08:11:27.1 (18913349)|STATEMENT_EXECUTE|[238]
08:11:27.1 (18935940)|HEAP_ALLOCATE|[238]|Bytes:23
08:11:27.1 (18953531)|METHOD_EXIT|[207]|01pdL00000Up09Z|CpeAiAssistantController.getProductCode(Map<String,ANY>)
08:11:27.1 (18961041)|VARIABLE_SCOPE_BEGIN|[207]|code|String|false|false
08:11:27.1 (18973681)|VARIABLE_ASSIGNMENT|[207]|code|"O_RES_HSI_WIFI_EXTEN (3 more) ..."
08:11:27.1 (18979141)|STATEMENT_EXECUTE|[208]
08:11:27.1 (18999831)|VARIABLE_SCOPE_BEGIN|[208]|maxQ|Integer|false|false
08:11:27.1 (19011702)|VARIABLE_ASSIGNMENT|[208]|maxQ|99999
08:11:27.1 (19018142)|STATEMENT_EXECUTE|[209]
08:11:27.1 (19040373)|VARIABLE_SCOPE_BEGIN|[209]|minQ|Integer|false|false
08:11:27.1 (19052353)|VARIABLE_ASSIGNMENT|[209]|minQ|0
08:11:27.1 (19058483)|STATEMENT_EXECUTE|[210]
08:11:27.1 (19082163)|VARIABLE_SCOPE_BEGIN|[210]|defQ|Integer|false|false
08:11:27.1 (19093704)|VARIABLE_ASSIGNMENT|[210]|defQ|0
08:11:27.1 (19126514)|STATEMENT_EXECUTE|[212]
08:11:27.1 (19139616)|STATEMENT_EXECUTE|[227]
08:11:27.1 (19150765)|HEAP_ALLOCATE|[205]|Bytes:5
08:11:27.1 (19170245)|VARIABLE_ASSIGNMENT|[205]|obj|null
08:11:27.1 (19183817)|METHOD_EXIT|[190]|01pdL00000Up09Z|CpeAiAssistantController.extractCodes(List<ANY>, Map<String,Map<String,Integer>>)
08:11:27.1 (19192906)|STATEMENT_EXECUTE|[192]
08:11:27.1 (19292358)|HEAP_ALLOCATE|[192]|Bytes:4
08:11:27.1 (19326420)|STATEMENT_EXECUTE|[193]
08:11:27.1 (19395302)|STATEMENT_EXECUTE|[194]
08:11:27.1 (19473143)|HEAP_ALLOCATE|[194]|Bytes:4
08:11:27.1 (19489483)|STATEMENT_EXECUTE|[195]
08:11:27.1 (19549154)|STATEMENT_EXECUTE|[196]
08:11:27.1 (19605427)|STATEMENT_EXECUTE|[197]
08:11:27.1 (19666657)|STATEMENT_EXECUTE|[200]
08:11:27.1 (19677577)|METHOD_EXIT|[74]|01pdL00000Up09Z|CpeAiAssistantController.buildRulePayload(String, String)
08:11:27.1 (19687348)|VARIABLE_SCOPE_BEGIN|[74]|rules|Map<String,Map<String,ANY>>|true|false
08:11:27.1 (19720678)|VARIABLE_ASSIGNMENT|[74]|rules|{"TV + Receiver":{"current":1,"min":0,"max":18,"base":1},"Modem":{"current":"Wired","min":1,"max":1,"base":"Wired"},"Wi-Fi Access Point":{"current":1,"min":1,"max":11,"base":1}}|0x6212bdc7
08:11:27.1 (19730349)|STATEMENT_EXECUTE|[77]
08:11:27.1 (19735279)|HEAP_ALLOCATE|[77]|Bytes:150
08:11:27.1 (19753710)|METHOD_ENTRY|[79]||System.JSON.serialize(Object)
08:11:27.1 (21356587)|METHOD_EXIT|[79]||System.JSON.serialize(Object)
08:11:27.1 (21373807)|HEAP_ALLOCATE|[79]|Bytes:24
08:11:27.1 (21445128)|HEAP_ALLOCATE|[80]|Bytes:29
08:11:27.1 (21483150)|HEAP_ALLOCATE|[77]|Bytes:1344
08:11:27.1 (21493430)|VARIABLE_SCOPE_BEGIN|[77]|fullMessage|String|false|false
08:11:27.1 (21517890)|VARIABLE_ASSIGNMENT|[77]|fullMessage|"System Context: You  (1324 more) ..."
08:11:27.1 (21524871)|STATEMENT_EXECUTE|[83]
08:11:27.1 (21529130)|HEAP_ALLOCATE|[84]|Bytes:22
08:11:27.1 (21535060)|HEAP_ALLOCATE|[85]|Bytes:21
08:11:27.1 (21611682)|HEAP_ALLOCATE|[83]|Bytes:12
08:11:27.1 (21629283)|HEAP_ALLOCATE|[83]|Bytes:58
08:11:27.1 (21647703)|SYSTEM_METHOD_ENTRY|[14]|Action.Action()
08:11:27.1 (21654123)|STATEMENT_EXECUTE|[14]
08:11:27.1 (21666303)|SYSTEM_METHOD_EXIT|[14]|Action
08:11:27.1 (21680334)|METHOD_ENTRY|[83]||Invocable.Action.createCustomAction(String, String)
08:11:27.1 (21966761)|METHOD_EXIT|[83]||Invocable.Action.createCustomAction(String, String)
08:11:27.1 (21977951)|VARIABLE_SCOPE_BEGIN|[83]|action|Invocable.Action|true|false
08:11:27.1 (22074903)|VARIABLE_ASSIGNMENT|[83]|action|{"invocations":"0x16be308f","invokeFromLightningComponent":false,"name":"CPE_Equipment_Manage (1 more) ...","type":"generatePromptRespon (2 more) ..."}|0x20355fd7
08:11:27.1 (22084884)|STATEMENT_EXECUTE|[88]
08:11:27.1 (22089333)|HEAP_ALLOCATE|[88]|Bytes:17
08:11:27.1 (22132504)|METHOD_ENTRY|[88]||Invocable.Action.setInvocationParameter(String, Object)
08:11:27.1 (22412161)|METHOD_EXIT|[88]||Invocable.Action.setInvocationParameter(String, Object)
08:11:27.1 (22421212)|STATEMENT_EXECUTE|[90]
08:11:27.1 (22432721)|METHOD_ENTRY|[90]||Invocable.Action.invoke()
08:11:30.177 (3177433809)|METHOD_EXIT|[90]||Invocable.Action.invoke()
08:11:30.177 (3177453289)|VARIABLE_SCOPE_BEGIN|[90]|results|List<Invocable.Action.Result>|true|false
08:11:30.177 (3177512521)|VARIABLE_ASSIGNMENT|[90]|results|[{"action":"0x20355fd7","errors":"0x24d5bd3a","invocationParameters":"0x1c7a3b47","outputParameters":"0xc24e1ab","success":true}]|0x54d17779
08:11:30.177 (3177545622)|STATEMENT_EXECUTE|[92]
08:11:30.177 (3177548522)|STATEMENT_EXECUTE|[96]
08:11:30.177 (3177561002)|HEAP_ALLOCATE|[96]|Bytes:24
08:11:30.177 (3177569852)|VARIABLE_SCOPE_BEGIN|[96]|result|Invocable.Action.Result|true|false
08:11:30.177 (3177593203)|VARIABLE_ASSIGNMENT|[96]|result|{"action":"0x20355fd7","errors":"0x24d5bd3a","invocationParameters":"0x1c7a3b47","outputParameters":"0xc24e1ab","success":true}|0x5de42cb4
08:11:30.177 (3177610504)|METHOD_ENTRY|[98]||Invocable.Action.Result.isSuccess()
08:11:30.177 (3177633464)|METHOD_EXIT|[98]||Invocable.Action.Result.isSuccess()
08:11:30.177 (3177639373)|STATEMENT_EXECUTE|[98]
08:11:30.177 (3177642093)|STATEMENT_EXECUTE|[104]
08:11:30.177 (3177648525)|METHOD_ENTRY|[104]||Invocable.Action.Result.getOutputParameters()
08:11:30.177 (3177700015)|METHOD_EXIT|[104]||Invocable.Action.Result.getOutputParameters()
08:11:30.177 (3177705615)|VARIABLE_SCOPE_BEGIN|[104]|outputs|Map<String,ANY>|true|false
08:11:30.177 (3177723335)|VARIABLE_ASSIGNMENT|[104]|outputs|{"promptResponse":"{\n  \"message\": \"Adde (168 more) ..."}|0xc24e1ab
08:11:30.177 (3177728646)|STATEMENT_EXECUTE|[105]
08:11:30.177 (3177731255)|STATEMENT_EXECUTE|[110]
08:11:30.177 (3177735456)|HEAP_ALLOCATE|[110]|Bytes:14
08:11:30.177 (3177763747)|VARIABLE_SCOPE_BEGIN|[110]|promptRespObj|Object|false|false
08:11:30.177 (3177776007)|VARIABLE_ASSIGNMENT|[110]|promptRespObj|"{\n  \"message\": \"Adde (168 more) ..."
08:11:30.177 (3177780817)|STATEMENT_EXECUTE|[111]
08:11:30.177 (3177785828)|VARIABLE_SCOPE_BEGIN|[111]|rawResponse|String|false|false
08:11:30.177 (3177793408)|VARIABLE_ASSIGNMENT|[111]|rawResponse|null
08:11:30.177 (3177797568)|STATEMENT_EXECUTE|[113]
08:11:30.177 (3177800017)|STATEMENT_EXECUTE|[114]
08:11:30.177 (3177828738)|HEAP_ALLOCATE|[114]|Bytes:188
08:11:30.177 (3177843989)|VARIABLE_ASSIGNMENT|[114]|rawResponse|"{\n  \"message\": \"Adde (168 more) ..."
08:11:30.177 (3177869099)|STATEMENT_EXECUTE|[119]
08:11:30.177 (3177871290)|STATEMENT_EXECUTE|[123]
08:11:30.177 (3177874179)|VARIABLE_SCOPE_BEGIN|[123]|cleanResponse|String|false|false
08:11:30.177 (3177882830)|VARIABLE_ASSIGNMENT|[123]|cleanResponse|null
08:11:30.177 (3177886259)|STATEMENT_EXECUTE|[124]
08:11:30.177 (3177888440)|STATEMENT_EXECUTE|[124]
08:11:30.177 (3177890539)|STATEMENT_EXECUTE|[125]
08:11:30.177 (3177898190)|METHOD_ENTRY|[125]||System.JSON.deserializeUntyped(String)
08:11:30.177 (3178358651)|METHOD_EXIT|[125]||System.JSON.deserializeUntyped(String)
08:11:30.177 (3178372181)|VARIABLE_SCOPE_BEGIN|[125]|parsed|Map<String,ANY>|true|false
08:11:30.177 (3178399292)|VARIABLE_ASSIGNMENT|[125]|parsed|{"message":"Added 3 Wi-Fi Access (54 more) ...","newState":{"TV + Receiver":1,"Modem":"Wired","Wi-Fi Access Point":4}}|0x21c0194
08:11:30.177 (3178406122)|HEAP_ALLOCATE|[126]|Bytes:5
08:11:30.177 (3178439163)|STATEMENT_EXECUTE|[128]
08:11:30.177 (3178441613)|STATEMENT_EXECUTE|[129]
08:11:30.177 (3178448792)|VARIABLE_ASSIGNMENT|[129]|cleanResponse|"{\n  \"message\": \"Adde (168 more) ..."
08:11:30.177 (3178455223)|STATEMENT_EXECUTE|[135]
08:11:30.177 (3178457413)|STATEMENT_EXECUTE|[136]
08:11:30.177 (3178460183)|HEAP_ALLOCATE|[136]|Bytes:3
08:11:30.177 (3178464413)|HEAP_ALLOCATE|[136]|Bytes:1
08:11:30.177 (3178526985)|HEAP_ALLOCATE|[136]|Bytes:188
08:11:30.177 (3178544095)|VARIABLE_ASSIGNMENT|[136]|cleanResponse|"{\n  \"message\": \"Adde (168 more) ..."
08:11:30.177 (3178548325)|STATEMENT_EXECUTE|[137]
08:11:30.177 (3178551915)|HEAP_ALLOCATE|[137]|Bytes:2
08:11:30.177 (3178575096)|HEAP_ALLOCATE|[137]|Bytes:188
08:11:30.177 (3178588915)|VARIABLE_ASSIGNMENT|[137]|cleanResponse|"{\n  \"message\": \"Adde (168 more) ..."
08:11:30.177 (3178592795)|STATEMENT_EXECUTE|[138]
08:11:30.177 (3178595676)|HEAP_ALLOCATE|[138]|Bytes:3
08:11:30.177 (3178599287)|HEAP_ALLOCATE|[138]|Bytes:1
08:11:30.177 (3178624196)|HEAP_ALLOCATE|[138]|Bytes:188
08:11:30.177 (3178637828)|VARIABLE_ASSIGNMENT|[138]|cleanResponse|"{\n  \"message\": \"Adde (168 more) ..."
08:11:30.177 (3178642668)|STATEMENT_EXECUTE|[142]
08:11:30.177 (3178652597)|METHOD_ENTRY|[142]|01pdL00000Up09Z|CpeAiAssistantController.parseAndValidateAgentResponse(String, Map<String,Map<String,ANY>>)
08:11:30.177 (3178662877)|VARIABLE_SCOPE_BEGIN|[264]|rawResponse|String|false|false
08:11:30.177 (3178671637)|VARIABLE_ASSIGNMENT|[264]|rawResponse|"{\n  \"message\": \"Adde (168 more) ..."
08:11:30.177 (3178675237)|VARIABLE_SCOPE_BEGIN|[264]|rules|Map<String,Map<String,ANY>>|true|false
08:11:30.177 (3178693838)|VARIABLE_ASSIGNMENT|[264]|rules|{"TV + Receiver":{"current":1,"min":0,"max":18,"base":1},"Modem":{"current":"Wired","min":1,"max":1,"base":"Wired"},"Wi-Fi Access Point":{"current":1,"min":1,"max":11,"base":1}}|0x6212bdc7
08:11:30.177 (3178727130)|HEAP_ALLOCATE|[265]|Bytes:5
08:11:30.177 (3178731879)|STATEMENT_EXECUTE|[264]
08:11:30.177 (3178734230)|STATEMENT_EXECUTE|[265]
08:11:30.177 (3178743770)|HEAP_ALLOCATE|[265]|Bytes:4
08:11:30.177 (3178751730)|VARIABLE_SCOPE_BEGIN|[265]|finalResponse|Map<String,ANY>|true|false
08:11:30.177 (3178762460)|VARIABLE_ASSIGNMENT|[265]|finalResponse|{}|0x1d98cd41
08:11:30.177 (3178766591)|STATEMENT_EXECUTE|[267]
08:11:30.177 (3178768640)|STATEMENT_EXECUTE|[267]
08:11:30.177 (3178770640)|STATEMENT_EXECUTE|[268]
08:11:30.177 (3178775791)|METHOD_ENTRY|[268]||System.JSON.deserializeUntyped(String)
08:11:30.177 (3179050657)|METHOD_EXIT|[268]||System.JSON.deserializeUntyped(String)
08:11:30.177 (3179059547)|VARIABLE_SCOPE_BEGIN|[268]|parsed|Map<String,ANY>|true|false
08:11:30.177 (3179078658)|VARIABLE_ASSIGNMENT|[268]|parsed|{"message":"Added 3 Wi-Fi Access (54 more) ...","newState":{"TV + Receiver":1,"Modem":"Wired","Wi-Fi Access Point":4}}|0x452aeaec
08:11:30.177 (3179084668)|HEAP_ALLOCATE|[270]|Bytes:8
08:11:30.177 (3179111288)|STATEMENT_EXECUTE|[270]
08:11:30.177 (3179113759)|STATEMENT_EXECUTE|[271]
08:11:30.177 (3179138699)|VARIABLE_SCOPE_BEGIN|[271]|newStateRaw|Map<String,ANY>|true|false
08:11:30.177 (3179151639)|VARIABLE_ASSIGNMENT|[271]|newStateRaw|{"TV + Receiver":1,"Modem":"Wired","Wi-Fi Access Point":4}|0x1e03c5cd
08:11:30.177 (3179156720)|STATEMENT_EXECUTE|[272]
08:11:30.177 (3179162150)|HEAP_ALLOCATE|[272]|Bytes:4
08:11:30.177 (3179168780)|VARIABLE_SCOPE_BEGIN|[272]|normalizedState|Map<String,ANY>|true|false
08:11:30.177 (3179178190)|VARIABLE_ASSIGNMENT|[272]|normalizedState|{}|0x2c527a82
08:11:30.177 (3179182729)|STATEMENT_EXECUTE|[274]
08:11:30.177 (3179187060)|VARIABLE_SCOPE_BEGIN|[274]|changedCpeCount|Integer|false|false
08:11:30.177 (3179192120)|HEAP_ALLOCATE|[274]|Bytes:4
08:11:30.177 (3179198081)|VARIABLE_ASSIGNMENT|[274]|changedCpeCount|0
08:11:30.177 (3179232661)|HEAP_ALLOCATE|[276]|Bytes:52
08:11:30.177 (3179268482)|HEAP_ALLOCATE|[276]|Bytes:5
08:11:30.177 (3179285033)|VARIABLE_SCOPE_BEGIN|[276]|key|String|false|false
08:11:30.177 (3179294223)|VARIABLE_ASSIGNMENT|[276]|key|"TV + Receiver"
08:11:30.177 (3179298593)|STATEMENT_EXECUTE|[276]
08:11:30.177 (3179301113)|STATEMENT_EXECUTE|[277]
08:11:30.177 (3179306292)|METHOD_ENTRY|[277]|01pdL00000Up09Z|CpeAiAssistantController.normalizeProductName(String)
08:11:30.177 (3179315113)|VARIABLE_SCOPE_BEGIN|[255]|rawName|String|false|false
08:11:30.177 (3179323183)|VARIABLE_ASSIGNMENT|[255]|rawName|"TV + Receiver"
08:11:30.177 (3179330804)|HEAP_ALLOCATE|[256]|Bytes:5
08:11:30.177 (3179335104)|STATEMENT_EXECUTE|[255]
08:11:30.177 (3179355764)|STATEMENT_EXECUTE|[256]
08:11:30.177 (3179359224)|STATEMENT_EXECUTE|[257]
08:11:30.177 (3179372694)|HEAP_ALLOCATE|[257]|Bytes:13
08:11:30.177 (3179386454)|VARIABLE_SCOPE_BEGIN|[257]|lower|String|false|false
08:11:30.177 (3179399145)|VARIABLE_ASSIGNMENT|[257]|lower|"tv + receiver"
08:11:30.177 (3179425356)|STATEMENT_EXECUTE|[258]
08:11:30.177 (3179435476)|METHOD_EXIT|[277]|01pdL00000Up09Z|CpeAiAssistantController.normalizeProductName(String)
08:11:30.177 (3179443866)|VARIABLE_SCOPE_BEGIN|[277]|normKey|String|false|false
08:11:30.177 (3179456727)|VARIABLE_ASSIGNMENT|[277]|normKey|"TV + Receiver"
08:11:30.177 (3179491387)|HEAP_ALLOCATE|[279]|Bytes:17
08:11:30.177 (3179536008)|STATEMENT_EXECUTE|[279]
08:11:30.177 (3179538838)|STATEMENT_EXECUTE|[280]
08:11:30.177 (3179564129)|VARIABLE_SCOPE_BEGIN|[280]|qty|Integer|false|false
08:11:30.177 (3179574018)|VARIABLE_ASSIGNMENT|[280]|qty|1
08:11:30.177 (3179595139)|STATEMENT_EXECUTE|[282]
08:11:30.177 (3179597659)|STATEMENT_EXECUTE|[283]
08:11:30.177 (3179601350)|VARIABLE_SCOPE_BEGIN|[283]|current|Integer|false|false
08:11:30.177 (3179606930)|HEAP_ALLOCATE|[283]|Bytes:4
08:11:30.177 (3179613110)|VARIABLE_ASSIGNMENT|[283]|current|0
08:11:30.177 (3179652571)|STATEMENT_EXECUTE|[284]
08:11:30.177 (3179654911)|STATEMENT_EXECUTE|[285]
08:11:30.177 (3179686192)|VARIABLE_ASSIGNMENT|[285]|current|1
08:11:30.177 (3179691612)|STATEMENT_EXECUTE|[287]
08:11:30.177 (3179694312)|VARIABLE_SCOPE_BEGIN|[287]|baseQty|Integer|false|false
08:11:30.177 (3179701632)|VARIABLE_ASSIGNMENT|[287]|baseQty|1
08:11:30.177 (3179752902)|STATEMENT_EXECUTE|[288]
08:11:30.177 (3179756094)|STATEMENT_EXECUTE|[289]
08:11:30.177 (3179787234)|VARIABLE_ASSIGNMENT|[289]|baseQty|1
08:11:30.177 (3179792754)|STATEMENT_EXECUTE|[292]
08:11:30.177 (3179821085)|VARIABLE_SCOPE_BEGIN|[292]|max|Integer|false|false
08:11:30.177 (3179831144)|VARIABLE_ASSIGNMENT|[292]|max|18
08:11:30.177 (3179835005)|STATEMENT_EXECUTE|[293]
08:11:30.177 (3179862196)|VARIABLE_SCOPE_BEGIN|[293]|min|Integer|false|false
08:11:30.177 (3179870566)|VARIABLE_ASSIGNMENT|[293]|min|0
08:11:30.177 (3179878446)|STATEMENT_EXECUTE|[295]
08:11:30.177 (3179883056)|STATEMENT_EXECUTE|[303]
08:11:30.177 (3179886367)|STATEMENT_EXECUTE|[315]
08:11:30.177 (3179921477)|HEAP_ALLOCATE|[EXTERNAL]|Bytes:-4
08:11:30.177 (3179941248)|STATEMENT_EXECUTE|[317]
08:11:30.177 (3179959538)|HEAP_ALLOCATE|[276]|Bytes:5
08:11:30.177 (3179978489)|VARIABLE_SCOPE_BEGIN|[276]|key|String|false|false
08:11:30.177 (3179988969)|VARIABLE_ASSIGNMENT|[276]|key|"Modem"
08:11:30.177 (3179993219)|STATEMENT_EXECUTE|[276]
08:11:30.177 (3179995449)|STATEMENT_EXECUTE|[277]
08:11:30.177 (3180000569)|METHOD_ENTRY|[277]|01pdL00000Up09Z|CpeAiAssistantController.normalizeProductName(String)
08:11:30.177 (3180006089)|VARIABLE_SCOPE_BEGIN|[255]|rawName|String|false|false
08:11:30.177 (3180013199)|VARIABLE_ASSIGNMENT|[255]|rawName|"Modem"
08:11:30.177 (3180020600)|HEAP_ALLOCATE|[256]|Bytes:5
08:11:30.177 (3180024880)|STATEMENT_EXECUTE|[255]
08:11:30.177 (3180042589)|STATEMENT_EXECUTE|[256]
08:11:30.177 (3180044869)|STATEMENT_EXECUTE|[257]
08:11:30.177 (3180052509)|HEAP_ALLOCATE|[257]|Bytes:5
08:11:30.177 (3180062750)|VARIABLE_SCOPE_BEGIN|[257]|lower|String|false|false
08:11:30.177 (3180070990)|VARIABLE_ASSIGNMENT|[257]|lower|"modem"
08:11:30.177 (3180096821)|STATEMENT_EXECUTE|[258]
08:11:30.177 (3180147263)|STATEMENT_EXECUTE|[259]
08:11:30.177 (3180158703)|STATEMENT_EXECUTE|[260]
08:11:30.177 (3180165552)|METHOD_EXIT|[277]|01pdL00000Up09Z|CpeAiAssistantController.normalizeProductName(String)
08:11:30.177 (3180170712)|VARIABLE_SCOPE_BEGIN|[277]|normKey|String|false|false
08:11:30.177 (3180178613)|VARIABLE_ASSIGNMENT|[277]|normKey|"Modem"
08:11:30.177 (3180222004)|HEAP_ALLOCATE|[323]|Bytes:16
08:11:30.177 (3180234175)|STATEMENT_EXECUTE|[323]
08:11:30.177 (3180236535)|STATEMENT_EXECUTE|[325]
08:11:30.177 (3180262265)|HEAP_ALLOCATE|[EXTERNAL]|Bytes:-4
08:11:30.177 (3180269154)|STATEMENT_EXECUTE|[326]
08:11:30.177 (3180273035)|VARIABLE_SCOPE_BEGIN|[326]|currentStr|String|false|false
08:11:30.177 (3180282035)|VARIABLE_ASSIGNMENT|[326]|currentStr|""
08:11:30.177 (3180329887)|STATEMENT_EXECUTE|[327]
08:11:30.177 (3180332436)|STATEMENT_EXECUTE|[328]
08:11:30.177 (3180364728)|VARIABLE_ASSIGNMENT|[328]|currentStr|"Wired"
08:11:30.177 (3180404859)|HEAP_ALLOCATE|[330]|Bytes:5
08:11:30.177 (3180426979)|STATEMENT_EXECUTE|[330]
08:11:30.177 (3180437299)|HEAP_ALLOCATE|[276]|Bytes:5
08:11:30.177 (3180450239)|VARIABLE_SCOPE_BEGIN|[276]|key|String|false|false
08:11:30.177 (3180459130)|VARIABLE_ASSIGNMENT|[276]|key|"Wi-Fi Access Point"
08:11:30.177 (3180462990)|STATEMENT_EXECUTE|[276]
08:11:30.177 (3180465010)|STATEMENT_EXECUTE|[277]
08:11:30.177 (3180469070)|METHOD_ENTRY|[277]|01pdL00000Up09Z|CpeAiAssistantController.normalizeProductName(String)
08:11:30.177 (3180473830)|VARIABLE_SCOPE_BEGIN|[255]|rawName|String|false|false
08:11:30.177 (3180481220)|VARIABLE_ASSIGNMENT|[255]|rawName|"Wi-Fi Access Point"
08:11:30.177 (3180489301)|HEAP_ALLOCATE|[256]|Bytes:5
08:11:30.177 (3180492981)|STATEMENT_EXECUTE|[255]
08:11:30.177 (3180507051)|STATEMENT_EXECUTE|[256]
08:11:30.177 (3180509211)|STATEMENT_EXECUTE|[257]
08:11:30.177 (3180517200)|HEAP_ALLOCATE|[257]|Bytes:18
08:11:30.177 (3180525711)|VARIABLE_SCOPE_BEGIN|[257]|lower|String|false|false
08:11:30.177 (3180533492)|VARIABLE_ASSIGNMENT|[257]|lower|"wi-fi access point"
08:11:30.177 (3180557472)|STATEMENT_EXECUTE|[258]
08:11:30.177 (3180570332)|STATEMENT_EXECUTE|[259]
08:11:30.177 (3180576993)|METHOD_EXIT|[277]|01pdL00000Up09Z|CpeAiAssistantController.normalizeProductName(String)
08:11:30.177 (3180581983)|VARIABLE_SCOPE_BEGIN|[277]|normKey|String|false|false
08:11:30.177 (3180589863)|VARIABLE_ASSIGNMENT|[277]|normKey|"Wi-Fi Access Point"
08:11:30.177 (3180606333)|STATEMENT_EXECUTE|[279]
08:11:30.177 (3180609133)|STATEMENT_EXECUTE|[280]
08:11:30.177 (3180618984)|VARIABLE_SCOPE_BEGIN|[280]|qty|Integer|false|false
08:11:30.177 (3180627554)|VARIABLE_ASSIGNMENT|[280]|qty|4
08:11:30.177 (3180638723)|STATEMENT_EXECUTE|[282]
08:11:30.177 (3180640723)|STATEMENT_EXECUTE|[283]
08:11:30.177 (3180643584)|VARIABLE_SCOPE_BEGIN|[283]|current|Integer|false|false
08:11:30.177 (3180648984)|HEAP_ALLOCATE|[283]|Bytes:4
08:11:30.177 (3180654934)|VARIABLE_ASSIGNMENT|[283]|current|0
08:11:30.177 (3180682515)|STATEMENT_EXECUTE|[284]
08:11:30.177 (3180684815)|STATEMENT_EXECUTE|[285]
08:11:30.177 (3180703645)|VARIABLE_ASSIGNMENT|[285]|current|1
08:11:30.177 (3180708186)|STATEMENT_EXECUTE|[287]
08:11:30.177 (3180711666)|VARIABLE_SCOPE_BEGIN|[287]|baseQty|Integer|false|false
08:11:30.177 (3180719276)|VARIABLE_ASSIGNMENT|[287]|baseQty|1
08:11:30.177 (3180754537)|STATEMENT_EXECUTE|[288]
08:11:30.177 (3180756907)|STATEMENT_EXECUTE|[289]
08:11:30.177 (3180775957)|VARIABLE_ASSIGNMENT|[289]|baseQty|1
08:11:30.177 (3180781446)|STATEMENT_EXECUTE|[292]
08:11:30.177 (3180799047)|VARIABLE_SCOPE_BEGIN|[292]|max|Integer|false|false
08:11:30.177 (3180807118)|VARIABLE_ASSIGNMENT|[292]|max|11
08:11:30.177 (3180810807)|STATEMENT_EXECUTE|[293]
08:11:30.177 (3180828338)|VARIABLE_SCOPE_BEGIN|[293]|min|Integer|false|false
08:11:30.177 (3180836368)|VARIABLE_ASSIGNMENT|[293]|min|1
08:11:30.177 (3180842959)|STATEMENT_EXECUTE|[295]
08:11:30.177 (3180845939)|STATEMENT_EXECUTE|[303]
08:11:30.177 (3180848099)|STATEMENT_EXECUTE|[304]
08:11:30.177 (3180852088)|VARIABLE_SCOPE_BEGIN|[304]|required|Integer|false|false
08:11:30.177 (3180857019)|HEAP_ALLOCATE|[304]|Bytes:4
08:11:30.177 (3180863039)|VARIABLE_ASSIGNMENT|[304]|required|3
08:11:30.177 (3180866599)|STATEMENT_EXECUTE|[305]
08:11:30.177 (3180880110)|HEAP_ALLOCATE|[305]|Bytes:10
08:11:30.177 (3180885560)|VARIABLE_SCOPE_BEGIN|[305]|prodCode|String|false|false
08:11:30.177 (3180894300)|VARIABLE_ASSIGNMENT|[305]|prodCode|"WIFI-AP-02"
08:11:30.177 (3180898540)|STATEMENT_EXECUTE|[306]
08:11:30.177 (3180901350)|STATEMENT_EXECUTE|[307]
08:11:30.177 (3180908430)|METHOD_ENTRY|[307]|01pdL00000Up09Z|CpeAiAssistantController.getVanStock(String)
08:11:30.177 (3180919351)|VARIABLE_SCOPE_BEGIN|[404]|productCode|String|false|false
08:11:30.177 (3180927850)|VARIABLE_ASSIGNMENT|[404]|productCode|"WIFI-AP-02"
08:11:30.177 (3180935490)|HEAP_ALLOCATE|[405]|Bytes:5
08:11:30.177 (3180939421)|STATEMENT_EXECUTE|[404]
08:11:30.177 (3180941441)|STATEMENT_EXECUTE|[405]
08:11:30.177 (3180943671)|STATEMENT_EXECUTE|[405]
08:11:30.177 (3180946511)|STATEMENT_EXECUTE|[406]
08:11:30.177 (3180953130)|METHOD_ENTRY|[406]|01pdL00000Up09Z|CpeAiAssistantController.getMyServiceResource()
08:11:30.177 (3180964632)|HEAP_ALLOCATE|[591]|Bytes:5
08:11:30.177 (3180968731)|STATEMENT_EXECUTE|[590]
08:11:30.177 (3180970942)|STATEMENT_EXECUTE|[591]
08:11:30.177 (3180973642)|HEAP_ALLOCATE|[591]|Bytes:163
08:11:30.177 (3180981152)|HEAP_ALLOCATE|[591]|Bytes:4
08:11:30.177 (3180986962)|HEAP_ALLOCATE|[591]|Bytes:7
08:11:30.177 (3181038843)|HEAP_ALLOCATE|[594]|Bytes:105
08:11:30.177 (3181056634)|SYSTEM_METHOD_ENTRY|[1]|UserInfo.UserInfo()
08:11:30.177 (3181062084)|STATEMENT_EXECUTE|[1]
08:11:30.177 (3181071594)|SYSTEM_METHOD_EXIT|[1]|UserInfo
08:11:30.177 (3181083084)|METHOD_ENTRY|[594]||System.UserInfo.getUserId()
08:11:30.177 (3181121225)|METHOD_EXIT|[594]||System.UserInfo.getUserId()
08:11:30.177 (3182717272)|SOQL_EXECUTE_BEGIN|[591]|Aggregations:0|SELECT Id, LocationId, LastKnownLocation, LastKnownLatitude, LastKnownLongitude FROM ServiceResource WHERE (RelatedRecordId = :tmpVar1 AND IsActive = TRUE) LIMIT 1
08:11:30.177 (3188677269)|SOQL_EXECUTE_END|[591]|Rows:1
08:11:30.177 (3188713241)|HEAP_ALLOCATE|[591]|Bytes:8
08:11:30.177 (3188739642)|HEAP_ALLOCATE|[591]|Bytes:201
08:11:30.177 (3188843313)|HEAP_ALLOCATE|[591]|Bytes:8
08:11:30.177 (3188873234)|VARIABLE_SCOPE_BEGIN|[591]|srs|List<ServiceResource>|true|false
08:11:30.177 (3189048929)|VARIABLE_ASSIGNMENT|[591]|srs|[{"LocationId":"131dL000000OKGvQAO","Id":"0HndL000000MjRVSA0","LastKnownLocation":{"latitude":0.0,"longitude":0.0},"LastKnownLatitude":0E-15,"LastKnownLongitude":0E-15}]|0x7f650f8e
08:11:30.177 (3189060209)|STATEMENT_EXECUTE|[597]
08:11:30.177 (3189214813)|HEAP_ALLOCATE|[597]|Bytes:24
08:11:30.177 (3189234933)|METHOD_EXIT|[406]|01pdL00000Up09Z|CpeAiAssistantController.getMyServiceResource()
08:11:30.177 (3189243274)|VARIABLE_SCOPE_BEGIN|[406]|sr|ServiceResource|true|false
08:11:30.177 (3189340736)|VARIABLE_ASSIGNMENT|[406]|sr|{"LocationId":"131dL000000OKGvQAO","Id":"0HndL000000MjRVSA0","LastKnownLocation":{"latitude":0.0,"longitude":0.0},"LastKnownLatitude":0E-15,"LastKnownLongitude":0E-15}|0x500f77da
08:11:30.177 (3189389677)|STATEMENT_EXECUTE|[407]
08:11:30.177 (3189392246)|STATEMENT_EXECUTE|[408]
08:11:30.177 (3189397777)|HEAP_ALLOCATE|[408]|Bytes:112
08:11:30.177 (3189420148)|HEAP_ALLOCATE|[408]|Bytes:4
08:11:30.177 (3189441988)|HEAP_ALLOCATE|[408]|Bytes:7
08:11:30.177 (3190480892)|SOQL_EXECUTE_BEGIN|[408]|Aggregations:0|SELECT QuantityOnHand FROM ProductItem WHERE (LocationId = :tmpVar1 AND Product2.ProductCode = :tmpVar2) LIMIT 1
08:11:30.177 (3200078195)|SOQL_EXECUTE_END|[408]|Rows:0
08:11:30.177 (3200123206)|HEAP_ALLOCATE|[408]|Bytes:4
08:11:30.177 (3200148327)|HEAP_ALLOCATE|[408]|Bytes:0
08:11:30.177 (3200264819)|HEAP_ALLOCATE|[408]|Bytes:4
08:11:30.177 (3200290550)|VARIABLE_SCOPE_BEGIN|[408]|items|List<ProductItem>|true|false
08:11:30.177 (3200322801)|VARIABLE_ASSIGNMENT|[408]|items|[]|0x4ec6eb47
08:11:30.177 (3200455103)|STATEMENT_EXECUTE|[414]
08:11:30.177 (3200459994)|STATEMENT_EXECUTE|[420]
08:11:30.177 (3200466374)|HEAP_ALLOCATE|[420]|Bytes:125
08:11:30.177 (3200490935)|HEAP_ALLOCATE|[420]|Bytes:4
08:11:30.177 (3201230782)|SOQL_EXECUTE_BEGIN|[420]|Aggregations:0|SELECT QuantityOnHand FROM ProductItem WHERE Product2.ProductCode = :tmpVar1 ORDER BY QuantityOnHand DESC NULLS FIRST LIMIT 1
08:11:30.177 (3206451433)|SOQL_EXECUTE_END|[420]|Rows:1
08:11:30.177 (3206486864)|HEAP_ALLOCATE|[420]|Bytes:8
08:11:30.177 (3206508923)|HEAP_ALLOCATE|[420]|Bytes:115
08:11:30.177 (3206558925)|HEAP_ALLOCATE|[420]|Bytes:8
08:11:30.177 (3206578986)|VARIABLE_SCOPE_BEGIN|[420]|fallbackItems|List<ProductItem>|true|false
08:11:30.177 (3206697328)|VARIABLE_ASSIGNMENT|[420]|fallbackItems|[{"QuantityOnHand":3.00,"Product2Id":"01tdL00000cjw5CQAQ","Id":"0CodL00000DyKMASA3"}]|0x50dc612e
08:11:30.177 (3206814312)|HEAP_ALLOCATE|[427]|Bytes:16
08:11:30.177 (3206916853)|HEAP_ALLOCATE|[427]|Bytes:28
08:11:30.177 (3206921924)|HEAP_ALLOCATE|[427]|Bytes:28
08:11:30.177 (3207002626)|STATEMENT_EXECUTE|[427]
08:11:30.177 (3207006215)|STATEMENT_EXECUTE|[428]
08:11:30.177 (3207015615)|HEAP_ALLOCATE|[428]|Bytes:16
08:11:30.177 (3207046307)|HEAP_ALLOCATE|[428]|Bytes:8
08:11:30.177 (3207062216)|METHOD_EXIT|[307]|01pdL00000Up09Z|CpeAiAssistantController.getVanStock(String)
08:11:30.177 (3207069376)|VARIABLE_SCOPE_BEGIN|[307]|vanStock|Integer|false|false
08:11:30.177 (3207081668)|VARIABLE_ASSIGNMENT|[307]|vanStock|3
08:11:30.177 (3207089968)|STATEMENT_EXECUTE|[308]
08:11:30.177 (3207093888)|STATEMENT_EXECUTE|[315]
08:11:30.177 (3207126679)|HEAP_ALLOCATE|[EXTERNAL]|Bytes:-4
08:11:30.177 (3207138329)|STATEMENT_EXECUTE|[317]
08:11:30.177 (3207140589)|STATEMENT_EXECUTE|[318]
08:11:30.177 (3207144119)|HEAP_ALLOCATE|[318]|Bytes:4
08:11:30.177 (3207151829)|VARIABLE_ASSIGNMENT|[318]|changedCpeCount|1
08:11:30.177 (3207172310)|HEAP_ALLOCATE|[276]|Bytes:5
08:11:30.177 (3207187099)|VARIABLE_ASSIGNMENT|[276]|key|null
08:11:30.177 (3207248152)|HEAP_ALLOCATE|[337]|Bytes:52
08:11:30.177 (3207278922)|HEAP_ALLOCATE|[337]|Bytes:5
08:11:30.177 (3207294622)|VARIABLE_SCOPE_BEGIN|[337]|ruleKey|String|false|false
08:11:30.177 (3207306573)|VARIABLE_ASSIGNMENT|[337]|ruleKey|"TV + Receiver"
08:11:30.177 (3207312193)|STATEMENT_EXECUTE|[337]
08:11:30.177 (3207342924)|STATEMENT_EXECUTE|[338]
08:11:30.177 (3207353023)|HEAP_ALLOCATE|[337]|Bytes:5
08:11:30.177 (3207365014)|VARIABLE_SCOPE_BEGIN|[337]|ruleKey|String|false|false
08:11:30.177 (3207374965)|VARIABLE_ASSIGNMENT|[337]|ruleKey|"Modem"
08:11:30.177 (3207378655)|STATEMENT_EXECUTE|[337]
08:11:30.177 (3207388485)|STATEMENT_EXECUTE|[338]
08:11:30.177 (3207396544)|HEAP_ALLOCATE|[337]|Bytes:5
08:11:30.177 (3207406504)|VARIABLE_SCOPE_BEGIN|[337]|ruleKey|String|false|false
08:11:30.177 (3207415195)|VARIABLE_ASSIGNMENT|[337]|ruleKey|"Wi-Fi Access Point"
08:11:30.177 (3207418696)|STATEMENT_EXECUTE|[337]
08:11:30.177 (3207429176)|STATEMENT_EXECUTE|[338]
08:11:30.177 (3207436246)|HEAP_ALLOCATE|[337]|Bytes:5
08:11:30.177 (3207446926)|VARIABLE_ASSIGNMENT|[337]|ruleKey|null
08:11:30.177 (3207451745)|STATEMENT_EXECUTE|[343]
08:11:30.177 (3207477026)|HEAP_ALLOCATE|[EXTERNAL]|Bytes:-4
08:11:30.177 (3207484717)|STATEMENT_EXECUTE|[346]
08:11:30.177 (3207500617)|HEAP_ALLOCATE|[346]|Bytes:4
08:11:30.177 (3207531498)|VARIABLE_SCOPE_BEGIN|[346]|stateChanges|List<Map<String,ANY>>|true|false
08:11:30.177 (3207555628)|HEAP_ALLOCATE|[EXTERNAL]|Bytes:4
08:11:30.177 (3207566599)|VARIABLE_ASSIGNMENT|[346]|stateChanges|[]|0x4c810734
08:11:30.177 (3207594900)|HEAP_ALLOCATE|[347]|Bytes:52
08:11:30.177 (3207619480)|HEAP_ALLOCATE|[347]|Bytes:5
08:11:30.177 (3207631851)|VARIABLE_SCOPE_BEGIN|[347]|key|String|false|false
08:11:30.177 (3207640971)|VARIABLE_ASSIGNMENT|[347]|key|"TV + Receiver"
08:11:30.177 (3207646171)|STATEMENT_EXECUTE|[347]
08:11:30.177 (3207668150)|STATEMENT_EXECUTE|[348]
08:11:30.177 (3207670401)|STATEMENT_EXECUTE|[349]
08:11:30.177 (3207692582)|VARIABLE_SCOPE_BEGIN|[349]|newVal|Object|false|false
08:11:30.177 (3207703711)|VARIABLE_ASSIGNMENT|[349]|newVal|1
08:11:30.177 (3207711311)|STATEMENT_EXECUTE|[350]
08:11:30.177 (3207749383)|VARIABLE_SCOPE_BEGIN|[350]|curVal|Object|false|false
08:11:30.177 (3207760374)|VARIABLE_ASSIGNMENT|[350]|curVal|1
08:11:30.177 (3207870246)|STATEMENT_EXECUTE|[352]
08:11:30.177 (3207881456)|HEAP_ALLOCATE|[347]|Bytes:5
08:11:30.177 (3207894767)|VARIABLE_SCOPE_BEGIN|[347]|key|String|false|false
08:11:30.177 (3207904396)|VARIABLE_ASSIGNMENT|[347]|key|"Modem"
08:11:30.177 (3207908636)|STATEMENT_EXECUTE|[347]
08:11:30.177 (3207918767)|STATEMENT_EXECUTE|[348]
08:11:30.177 (3207921177)|STATEMENT_EXECUTE|[349]
08:11:30.177 (3207934757)|VARIABLE_SCOPE_BEGIN|[349]|newVal|Object|false|false
08:11:30.177 (3207944237)|VARIABLE_ASSIGNMENT|[349]|newVal|"Wired"
08:11:30.177 (3207947778)|STATEMENT_EXECUTE|[350]
08:11:30.177 (3207971648)|VARIABLE_SCOPE_BEGIN|[350]|curVal|Object|false|false
08:11:30.177 (3207981569)|VARIABLE_ASSIGNMENT|[350]|curVal|"Wired"
08:11:30.177 (3208002769)|STATEMENT_EXECUTE|[352]
08:11:30.177 (3208012398)|HEAP_ALLOCATE|[347]|Bytes:5
08:11:30.177 (3208023879)|VARIABLE_SCOPE_BEGIN|[347]|key|String|false|false
08:11:30.177 (3208032580)|VARIABLE_ASSIGNMENT|[347]|key|"Wi-Fi Access Point"
08:11:30.177 (3208036599)|STATEMENT_EXECUTE|[347]
08:11:30.177 (3208046279)|STATEMENT_EXECUTE|[348]
08:11:30.177 (3208048439)|STATEMENT_EXECUTE|[349]
08:11:30.177 (3208061880)|VARIABLE_SCOPE_BEGIN|[349]|newVal|Object|false|false
08:11:30.177 (3208071551)|VARIABLE_ASSIGNMENT|[349]|newVal|4
08:11:30.177 (3208075391)|STATEMENT_EXECUTE|[350]
08:11:30.177 (3208096311)|VARIABLE_SCOPE_BEGIN|[350]|curVal|Object|false|false
08:11:30.177 (3208105532)|VARIABLE_ASSIGNMENT|[350]|curVal|1
08:11:30.177 (3208121412)|STATEMENT_EXECUTE|[352]
08:11:30.177 (3208123742)|STATEMENT_EXECUTE|[353]
08:11:30.177 (3208131892)|HEAP_ALLOCATE|[353]|Bytes:4
08:11:30.177 (3208140262)|HEAP_ALLOCATE|[354]|Bytes:5
08:11:30.177 (3208174242)|HEAP_ALLOCATE|[354]|Bytes:18
08:11:30.177 (3208206323)|HEAP_ALLOCATE|[355]|Bytes:11
08:11:30.177 (3208229264)|HEAP_ALLOCATE|[355]|Bytes:23
08:11:30.177 (3208242025)|HEAP_ALLOCATE|[356]|Bytes:8
08:11:30.177 (3208266175)|HEAP_ALLOCATE|[357]|Bytes:8
08:11:30.177 (3208286725)|HEAP_ALLOCATE|[358]|Bytes:5
08:11:30.177 (3208324977)|HEAP_ALLOCATE|[353]|Bytes:4
08:11:30.177 (3208339417)|VARIABLE_SCOPE_BEGIN|[353]|change|Map<String,ANY>|true|false
08:11:30.177 (3208368118)|VARIABLE_ASSIGNMENT|[353]|change|{"label":"WI-FI ACCESS POINT","productCode":"O_RES_HSI_WIFI_EXTEN (3 more) ...","oldUnits":1,"newUnits":4,"units":3}|0x34e6ed6d
08:11:30.177 (3208419069)|STATEMENT_EXECUTE|[361]
08:11:30.177 (3208421839)|STATEMENT_EXECUTE|[362]
08:11:30.177 (3208425029)|HEAP_ALLOCATE|[362]|Bytes:14
08:11:30.177 (3208461550)|HEAP_ALLOCATE|[362]|Bytes:4
08:11:30.177 (3208475889)|HEAP_ALLOCATE|[EXTERNAL]|Bytes:-4
08:11:30.177 (3208487260)|STATEMENT_EXECUTE|[365]
08:11:30.177 (3208501301)|VARIABLE_SCOPE_BEGIN|[365]|curQty|Integer|false|false
08:11:30.177 (3208515770)|VARIABLE_ASSIGNMENT|[365]|curQty|1
08:11:30.177 (3208521221)|STATEMENT_EXECUTE|[366]
08:11:30.177 (3208531641)|VARIABLE_SCOPE_BEGIN|[366]|newQty|Integer|false|false
08:11:30.177 (3208543411)|VARIABLE_ASSIGNMENT|[366]|newQty|4
08:11:30.177 (3208548152)|STATEMENT_EXECUTE|[367]
08:11:30.177 (3208551682)|VARIABLE_SCOPE_BEGIN|[367]|diff|Integer|false|false
08:11:30.177 (3208556902)|HEAP_ALLOCATE|[367]|Bytes:4
08:11:30.177 (3208563232)|VARIABLE_ASSIGNMENT|[367]|diff|3
08:11:30.177 (3208567051)|STATEMENT_EXECUTE|[368]
08:11:30.177 (3208673465)|VARIABLE_SCOPE_BEGIN|[2]|System.Math.E|Double|false|true
08:11:30.177 (3208701745)|VARIABLE_SCOPE_BEGIN|[3]|System.Math.PI|Double|false|true
08:11:30.177 (3208721796)|HEAP_ALLOCATE|[368]|Bytes:206
08:11:30.177 (3208738135)|SYSTEM_METHOD_ENTRY|[1]|Math.Math()
08:11:30.177 (3208741766)|STATEMENT_EXECUTE|[1]
08:11:30.177 (3208821577)|SYSTEM_METHOD_EXIT|[1]|Math
08:11:30.177 (3208832208)|METHOD_ENTRY|[368]||System.Math.abs(Integer)
08:11:30.177 (3208891499)|METHOD_EXIT|[368]||System.Math.abs(Integer)
08:11:30.177 (3208897859)|VARIABLE_SCOPE_BEGIN|[368]|diffAbs|Integer|false|false
08:11:30.177 (3208903830)|HEAP_ALLOCATE|[368]|Bytes:4
08:11:30.177 (3208913870)|VARIABLE_ASSIGNMENT|[368]|diffAbs|3
08:11:30.177 (3208936580)|STATEMENT_EXECUTE|[374]
08:11:30.177 (3208940241)|STATEMENT_EXECUTE|[375]
08:11:30.177 (3208944271)|HEAP_ALLOCATE|[375]|Bytes:12
08:11:30.177 (3208957820)|HEAP_ALLOCATE|[375]|Bytes:2
08:11:30.177 (3208996661)|HEAP_ALLOCATE|[375]|Bytes:2
08:11:30.177 (3209009213)|HEAP_ALLOCATE|[375]|Bytes:3
08:11:30.177 (3209026403)|HEAP_ALLOCATE|[375]|Bytes:7
08:11:30.177 (3209037662)|HEAP_ALLOCATE|[EXTERNAL]|Bytes:-4
08:11:30.177 (3209044833)|STATEMENT_EXECUTE|[378]
08:11:30.177 (3209076783)|HEAP_ALLOCATE|[EXTERNAL]|Bytes:4
08:11:30.177 (3209099125)|HEAP_ALLOCATE|[347]|Bytes:5
08:11:30.177 (3209115955)|VARIABLE_ASSIGNMENT|[347]|key|null
08:11:30.177 (3209122485)|STATEMENT_EXECUTE|[382]
08:11:30.177 (3209126955)|HEAP_ALLOCATE|[382]|Bytes:12
08:11:30.177 (3209153916)|HEAP_ALLOCATE|[EXTERNAL]|Bytes:-4
08:11:30.177 (3209163596)|HEAP_ALLOCATE|[383]|Bytes:7
08:11:30.177 (3209202447)|STATEMENT_EXECUTE|[383]
08:11:30.177 (3209205826)|STATEMENT_EXECUTE|[384]
08:11:30.177 (3209236478)|HEAP_ALLOCATE|[EXTERNAL]|Bytes:-4
08:11:30.177 (3209248968)|STATEMENT_EXECUTE|[388]
08:11:30.177 (3209252168)|STATEMENT_EXECUTE|[389]
08:11:30.177 (3209256448)|HEAP_ALLOCATE|[389]|Bytes:21
08:11:30.177 (3209291028)|HEAP_ALLOCATE|[389]|Bytes:5
08:11:30.177 (3209299028)|HEAP_ALLOCATE|[EXTERNAL]|Bytes:-4
08:11:30.177 (3209309949)|STATEMENT_EXECUTE|[401]
08:11:30.177 (3209324509)|METHOD_EXIT|[142]|01pdL00000Up09Z|CpeAiAssistantController.parseAndValidateAgentResponse(String, Map<String,Map<String,ANY>>)
08:11:30.177 (3209333100)|VARIABLE_SCOPE_BEGIN|[142]|validatedResponse|Map<String,ANY>|true|false
08:11:30.177 (3209371651)|VARIABLE_ASSIGNMENT|[142]|validatedResponse|{"newState":{"TV + Receiver":1,"Modem":"Wired","Wi-Fi Access Point":4},"stateChanges":["Map of size 7 too large to display"],"message":"Added 3 Wi-Fi Access (54 more) ...","requireOtherCpePrompt":true}|0x1d98cd41
08:11:30.177 (3209379841)|STATEMENT_EXECUTE|[144]
08:11:30.177 (3209389361)|METHOD_ENTRY|[144]||System.JSON.serialize(Object)
08:11:30.177 (3210950178)|METHOD_EXIT|[144]||System.JSON.serialize(Object)
08:11:30.211 (3211105350)|CUMULATIVE_LIMIT_USAGE
08:11:30.211 (3211105350)|LIMIT_USAGE_FOR_NS|(default)|
  Number of SOQL queries: 3 out of 100
  Number of query rows: 2 out of 50000
  Number of SOSL queries: 0 out of 20
  Number of DML statements: 0 out of 150
  Number of Publish Immediate DML: 0 out of 150
  Number of DML rows: 0 out of 10000
  Maximum CPU time: 572 out of 10000
  Maximum heap size: 0 out of 6000000
  Number of callouts: 0 out of 100
  Number of Email Invocations: 0 out of 10
  Number of future calls: 0 out of 50
  Number of queueable jobs added to the queue: 0 out of 50
  Number of Mobile Apex push calls: 0 out of 10

08:11:30.211 (3211105350)|CUMULATIVE_LIMIT_USAGE_END

08:11:30.177 (3211197152)|CODE_UNIT_FINISHED|CpeAiAssistantController.sendMessageToAgent(String, String, String, String)
08:11:30.177 (3211516461)|CODE_UNIT_FINISHED|apex://CpeAiAssistantController/ACTION$sendMessageToAgent
08:11:30.177 (3211533520)|EXECUTION_FINISHED
