66.0 APEX_CODE,FINEST;APEX_PROFILING,INFO;CALLOUT,INFO;DATA_ACCESS,INFO;DB,INFO;NBA,INFO;SYSTEM,DEBUG;VALIDATION,INFO;VISUALFORCE,INFO;WAVE,INFO;WORKFLOW,INFO
08:11:50.4 (4055228)|USER_INFO|[EXTERNAL]|005dL00001kiJYb|abhijithshaibinu001.b869139f1496@agentforce.com|(GMT-07:00) Pacific Daylight Time (America/Los_Angeles)|GMT-07:00
08:11:50.4 (4128630)|EXECUTION_STARTED
08:11:50.4 (4157580)|CODE_UNIT_STARTED|[EXTERNAL]|apex://CpeAiAssistantController/ACTION$sendMessageToAgent
08:11:50.4 (6476352)|CODE_UNIT_STARTED|[EXTERNAL]|01pdL00000Up09Z|CpeAiAssistantController.sendMessageToAgent(String, String, String, String)
08:11:50.4 (8984048)|HEAP_ALLOCATE|[95]|Bytes:3
08:11:50.4 (9113722)|HEAP_ALLOCATE|[100]|Bytes:152
08:11:50.4 (9128812)|HEAP_ALLOCATE|[417]|Bytes:408
08:11:50.4 (9140522)|HEAP_ALLOCATE|[430]|Bytes:408
08:11:50.4 (9162433)|HEAP_ALLOCATE|[317]|Bytes:6
08:11:50.4 (9218675)|HEAP_ALLOCATE|[EXTERNAL]|Bytes:44
08:11:50.4 (9223755)|HEAP_ALLOCATE|[EXTERNAL]|Bytes:6
08:11:50.4 (9246465)|METHOD_ENTRY|[1]|01pdL00000Up09Z|CpeAiAssistantController.CpeAiAssistantController()
08:11:50.4 (9261716)|STATEMENT_EXECUTE|[1]
08:11:50.4 (9277536)|STATEMENT_EXECUTE|[1]
08:11:50.4 (9297987)|HEAP_ALLOCATE|[68]|Bytes:5
08:11:50.4 (9347548)|HEAP_ALLOCATE|[74]|Bytes:5
08:11:50.4 (9356718)|HEAP_ALLOCATE|[82]|Bytes:7
08:11:50.4 (9527014)|HEAP_ALLOCATE|[EXTERNAL]|Bytes:5
08:11:50.4 (9547343)|METHOD_EXIT|[1]|CpeAiAssistantController
08:11:50.4 (9552494)|HEAP_ALLOCATE|[EXTERNAL]|Bytes:20
08:11:50.4 (9556033)|HEAP_ALLOCATE|[EXTERNAL]|Bytes:734
08:11:50.4 (9558934)|HEAP_ALLOCATE|[EXTERNAL]|Bytes:102
08:11:50.4 (9561815)|HEAP_ALLOCATE|[EXTERNAL]|Bytes:1194
08:11:50.4 (9576624)|VARIABLE_SCOPE_BEGIN|[71]|userMessage|String|false|false
08:11:50.4 (9652396)|VARIABLE_ASSIGNMENT|[71]|userMessage|"Remove 2 tv receiver"
08:11:50.4 (9657826)|VARIABLE_SCOPE_BEGIN|[71]|cpeItemsJson|String|false|false
08:11:50.4 (9666716)|VARIABLE_ASSIGNMENT|[71]|cpeItemsJson|"{\n  \"CpeItems\": [\n   (714 more) ..."
08:11:50.4 (9670377)|VARIABLE_SCOPE_BEGIN|[71]|currentCartJson|String|false|false
08:11:50.4 (9677698)|VARIABLE_ASSIGNMENT|[71]|currentCartJson|"{\"TV + Receiver\":6,\" (82 more) ..."
08:11:50.4 (9681167)|VARIABLE_SCOPE_BEGIN|[71]|chatHistory|String|false|false
08:11:50.4 (9688207)|VARIABLE_ASSIGNMENT|[71]|chatHistory|"Technician: Add Rece (1174 more) ..."
08:11:50.4 (9699307)|HEAP_ALLOCATE|[72]|Bytes:5
08:11:50.4 (9703698)|STATEMENT_EXECUTE|[71]
08:11:50.4 (9706037)|STATEMENT_EXECUTE|[72]
08:11:50.4 (9708077)|STATEMENT_EXECUTE|[72]
08:11:50.4 (9710138)|STATEMENT_EXECUTE|[74]
08:11:50.4 (9734469)|METHOD_ENTRY|[74]|01pdL00000Up09Z|CpeAiAssistantController.buildRulePayload(String, String)
08:11:50.4 (9784660)|VARIABLE_SCOPE_BEGIN|[156]|cpeItemsJson|String|false|false
08:11:50.4 (9798501)|VARIABLE_ASSIGNMENT|[156]|cpeItemsJson|"{\n  \"CpeItems\": [\n   (714 more) ..."
08:11:50.4 (9802311)|VARIABLE_SCOPE_BEGIN|[156]|currentCartJson|String|false|false
08:11:50.4 (9809271)|VARIABLE_ASSIGNMENT|[156]|currentCartJson|"{\"TV + Receiver\":6,\" (82 more) ..."
08:11:50.4 (9816890)|HEAP_ALLOCATE|[157]|Bytes:5
08:11:50.4 (9821480)|STATEMENT_EXECUTE|[156]
08:11:50.4 (9823511)|STATEMENT_EXECUTE|[157]
08:11:50.4 (9843441)|HEAP_ALLOCATE|[157]|Bytes:4
08:11:50.4 (9859091)|VARIABLE_SCOPE_BEGIN|[157]|rules|Map<String,Map<String,ANY>>|true|false
08:11:50.4 (9888553)|VARIABLE_ASSIGNMENT|[157]|rules|{}|0x297b1bdf
08:11:50.4 (9893023)|STATEMENT_EXECUTE|[158]
08:11:50.4 (9896223)|HEAP_ALLOCATE|[158]|Bytes:13
08:11:50.4 (9904033)|HEAP_ALLOCATE|[158]|Bytes:4
08:11:50.4 (9911594)|HEAP_ALLOCATE|[158]|Bytes:7
08:11:50.4 (9968684)|HEAP_ALLOCATE|[158]|Bytes:4
08:11:50.4 (10017095)|HEAP_ALLOCATE|[158]|Bytes:3
08:11:50.4 (10026667)|HEAP_ALLOCATE|[158]|Bytes:4
08:11:50.4 (10037126)|HEAP_ALLOCATE|[158]|Bytes:3
08:11:50.4 (10044787)|HEAP_ALLOCATE|[158]|Bytes:4
08:11:50.4 (10074828)|HEAP_ALLOCATE|[EXTERNAL]|Bytes:-4
08:11:50.4 (10082537)|STATEMENT_EXECUTE|[159]
08:11:50.4 (10085567)|HEAP_ALLOCATE|[159]|Bytes:5
08:11:50.4 (10093238)|HEAP_ALLOCATE|[159]|Bytes:4
08:11:50.4 (10098909)|HEAP_ALLOCATE|[159]|Bytes:5
08:11:50.4 (10126429)|HEAP_ALLOCATE|[159]|Bytes:4
08:11:50.4 (10140070)|HEAP_ALLOCATE|[159]|Bytes:4
08:11:50.4 (10153630)|HEAP_ALLOCATE|[EXTERNAL]|Bytes:-4
08:11:50.4 (10159849)|STATEMENT_EXECUTE|[160]
08:11:50.4 (10163190)|HEAP_ALLOCATE|[160]|Bytes:18
08:11:50.4 (10169830)|HEAP_ALLOCATE|[160]|Bytes:4
08:11:50.4 (10189601)|HEAP_ALLOCATE|[160]|Bytes:4
08:11:50.4 (10203980)|HEAP_ALLOCATE|[160]|Bytes:4
08:11:50.4 (10216101)|HEAP_ALLOCATE|[160]|Bytes:4
08:11:50.4 (10229892)|HEAP_ALLOCATE|[EXTERNAL]|Bytes:-4
08:11:50.4 (10290724)|STATEMENT_EXECUTE|[162]
08:11:50.4 (10293023)|STATEMENT_EXECUTE|[163]
08:11:50.4 (10295044)|STATEMENT_EXECUTE|[163]
08:11:50.4 (10297074)|STATEMENT_EXECUTE|[164]
08:11:50.4 (10322374)|HEAP_ALLOCATE|[164]|Bytes:24
08:11:50.4 (10332005)|SYSTEM_METHOD_ENTRY|[1]|JSON.JSON()
08:11:50.4 (10335515)|STATEMENT_EXECUTE|[1]
08:11:50.4 (10345235)|SYSTEM_METHOD_EXIT|[1]|JSON
08:11:50.4 (10354005)|METHOD_ENTRY|[164]||System.JSON.deserializeUntyped(String)
08:11:50.4 (13598461)|METHOD_EXIT|[164]||System.JSON.deserializeUntyped(String)
08:11:50.4 (13622462)|VARIABLE_SCOPE_BEGIN|[164]|currentCart|Map<String,ANY>|true|false
08:11:50.4 (13653993)|VARIABLE_ASSIGNMENT|[164]|currentCart|"Map of size 6 too large to display"|0x2de4c7b4
08:11:50.4 (13785906)|HEAP_ALLOCATE|[165]|Bytes:87
08:11:50.4 (13936900)|HEAP_ALLOCATE|[165]|Bytes:5
08:11:50.4 (13969781)|VARIABLE_SCOPE_BEGIN|[165]|key|String|false|false
08:11:50.4 (13986271)|VARIABLE_ASSIGNMENT|[165]|key|"TV + Receiver"
08:11:50.4 (13993731)|STATEMENT_EXECUTE|[165]
08:11:50.4 (13996642)|STATEMENT_EXECUTE|[166]
08:11:50.4 (14009142)|METHOD_ENTRY|[166]|01pdL00000Up09Z|CpeAiAssistantController.normalizeProductName(String)
08:11:50.4 (14025582)|VARIABLE_SCOPE_BEGIN|[255]|rawName|String|false|false
08:11:50.4 (14036193)|VARIABLE_ASSIGNMENT|[255]|rawName|"TV + Receiver"
08:11:50.4 (14048723)|HEAP_ALLOCATE|[256]|Bytes:5
08:11:50.4 (14053713)|STATEMENT_EXECUTE|[255]
08:11:50.4 (14099904)|STATEMENT_EXECUTE|[256]
08:11:50.4 (14103094)|STATEMENT_EXECUTE|[257]
08:11:50.4 (14127835)|HEAP_ALLOCATE|[257]|Bytes:13
08:11:50.4 (14140115)|VARIABLE_SCOPE_BEGIN|[257]|lower|String|false|false
08:11:50.4 (14149765)|VARIABLE_ASSIGNMENT|[257]|lower|"tv + receiver"
08:11:50.4 (14154806)|HEAP_ALLOCATE|[258]|Bytes:2
08:11:50.4 (14185306)|STATEMENT_EXECUTE|[258]
08:11:50.4 (14194387)|METHOD_EXIT|[166]|01pdL00000Up09Z|CpeAiAssistantController.normalizeProductName(String)
08:11:50.4 (14200277)|VARIABLE_SCOPE_BEGIN|[166]|normKey|String|false|false
08:11:50.4 (14209397)|VARIABLE_ASSIGNMENT|[166]|normKey|"TV + Receiver"
08:11:50.4 (14236048)|STATEMENT_EXECUTE|[167]
08:11:50.4 (14238418)|STATEMENT_EXECUTE|[168]
08:11:50.4 (14340260)|HEAP_ALLOCATE|[165]|Bytes:5
08:11:50.4 (14355831)|VARIABLE_SCOPE_BEGIN|[165]|key|String|false|false
08:11:50.4 (14365151)|VARIABLE_ASSIGNMENT|[165]|key|"Modem"
08:11:50.4 (14368981)|STATEMENT_EXECUTE|[165]
08:11:50.4 (14371141)|STATEMENT_EXECUTE|[166]
08:11:50.4 (14375911)|METHOD_ENTRY|[166]|01pdL00000Up09Z|CpeAiAssistantController.normalizeProductName(String)
08:11:50.4 (14381682)|VARIABLE_SCOPE_BEGIN|[255]|rawName|String|false|false
08:11:50.4 (14388322)|VARIABLE_ASSIGNMENT|[255]|rawName|"Modem"
08:11:50.4 (14395942)|HEAP_ALLOCATE|[256]|Bytes:5
08:11:50.4 (14399692)|STATEMENT_EXECUTE|[255]
08:11:50.4 (14416292)|STATEMENT_EXECUTE|[256]
08:11:50.4 (14418263)|STATEMENT_EXECUTE|[257]
08:11:50.4 (14425703)|HEAP_ALLOCATE|[257]|Bytes:5
08:11:50.4 (14436023)|VARIABLE_SCOPE_BEGIN|[257]|lower|String|false|false
08:11:50.4 (14444043)|VARIABLE_ASSIGNMENT|[257]|lower|"modem"
08:11:50.4 (14460094)|HEAP_ALLOCATE|[258]|Bytes:8
08:11:50.4 (14477734)|STATEMENT_EXECUTE|[258]
08:11:50.4 (14480534)|HEAP_ALLOCATE|[259]|Bytes:5
08:11:50.4 (14507115)|HEAP_ALLOCATE|[259]|Bytes:4
08:11:50.4 (14525515)|HEAP_ALLOCATE|[259]|Bytes:2
08:11:50.4 (14540486)|HEAP_ALLOCATE|[259]|Bytes:12
08:11:50.4 (14555316)|HEAP_ALLOCATE|[259]|Bytes:6
08:11:50.4 (14570516)|STATEMENT_EXECUTE|[259]
08:11:50.4 (14573237)|HEAP_ALLOCATE|[260]|Bytes:5
08:11:50.4 (14597717)|STATEMENT_EXECUTE|[260]
08:11:50.4 (14604897)|METHOD_EXIT|[166]|01pdL00000Up09Z|CpeAiAssistantController.normalizeProductName(String)
08:11:50.4 (14611378)|VARIABLE_SCOPE_BEGIN|[166]|normKey|String|false|false
08:11:50.4 (14619458)|VARIABLE_ASSIGNMENT|[166]|normKey|"Modem"
08:11:50.4 (14632098)|STATEMENT_EXECUTE|[167]
08:11:50.4 (14634058)|STATEMENT_EXECUTE|[168]
08:11:50.4 (14667870)|HEAP_ALLOCATE|[165]|Bytes:5
08:11:50.4 (14679459)|VARIABLE_SCOPE_BEGIN|[165]|key|String|false|false
08:11:50.4 (14688400)|VARIABLE_ASSIGNMENT|[165]|key|"Wi-Fi Access Point"
08:11:50.4 (14693140)|STATEMENT_EXECUTE|[165]
08:11:50.4 (14695260)|STATEMENT_EXECUTE|[166]
08:11:50.4 (14699231)|METHOD_ENTRY|[166]|01pdL00000Up09Z|CpeAiAssistantController.normalizeProductName(String)
08:11:50.4 (14703850)|VARIABLE_SCOPE_BEGIN|[255]|rawName|String|false|false
08:11:50.4 (14710831)|VARIABLE_ASSIGNMENT|[255]|rawName|"Wi-Fi Access Point"
08:11:50.4 (14727601)|HEAP_ALLOCATE|[256]|Bytes:5
08:11:50.4 (14732032)|STATEMENT_EXECUTE|[255]
08:11:50.4 (14747952)|STATEMENT_EXECUTE|[256]
08:11:50.4 (14749992)|STATEMENT_EXECUTE|[257]
08:11:50.4 (14757381)|HEAP_ALLOCATE|[257]|Bytes:18
08:11:50.4 (14767602)|VARIABLE_SCOPE_BEGIN|[257]|lower|String|false|false
08:11:50.4 (14776932)|VARIABLE_ASSIGNMENT|[257]|lower|"wi-fi access point"
08:11:50.4 (14809823)|STATEMENT_EXECUTE|[258]
08:11:50.4 (14823173)|STATEMENT_EXECUTE|[259]
08:11:50.4 (14828794)|METHOD_EXIT|[166]|01pdL00000Up09Z|CpeAiAssistantController.normalizeProductName(String)
08:11:50.4 (14834154)|VARIABLE_SCOPE_BEGIN|[166]|normKey|String|false|false
08:11:50.4 (14842004)|VARIABLE_ASSIGNMENT|[166]|normKey|"Wi-Fi Access Point"
08:11:50.4 (14861715)|STATEMENT_EXECUTE|[167]
08:11:50.4 (14863844)|STATEMENT_EXECUTE|[168]
08:11:50.4 (14913005)|HEAP_ALLOCATE|[165]|Bytes:5
08:11:50.4 (14927317)|VARIABLE_SCOPE_BEGIN|[165]|key|String|false|false
08:11:50.4 (14935456)|VARIABLE_ASSIGNMENT|[165]|key|"baseTv"
08:11:50.4 (14939237)|STATEMENT_EXECUTE|[165]
08:11:50.4 (14941336)|STATEMENT_EXECUTE|[166]
08:11:50.4 (14945386)|METHOD_ENTRY|[166]|01pdL00000Up09Z|CpeAiAssistantController.normalizeProductName(String)
08:11:50.4 (14950046)|VARIABLE_SCOPE_BEGIN|[255]|rawName|String|false|false
08:11:50.4 (14956607)|VARIABLE_ASSIGNMENT|[255]|rawName|"baseTv"
08:11:50.4 (14963718)|HEAP_ALLOCATE|[256]|Bytes:5
08:11:50.4 (14967587)|STATEMENT_EXECUTE|[255]
08:11:50.4 (14982987)|STATEMENT_EXECUTE|[256]
08:11:50.4 (14984998)|STATEMENT_EXECUTE|[257]
08:11:50.4 (14992748)|HEAP_ALLOCATE|[257]|Bytes:6
08:11:50.4 (15001879)|VARIABLE_SCOPE_BEGIN|[257]|lower|String|false|false
08:11:50.4 (15011058)|VARIABLE_ASSIGNMENT|[257]|lower|"basetv"
08:11:50.4 (15025519)|STATEMENT_EXECUTE|[258]
08:11:50.4 (15030788)|METHOD_EXIT|[166]|01pdL00000Up09Z|CpeAiAssistantController.normalizeProductName(String)
08:11:50.4 (15036579)|VARIABLE_SCOPE_BEGIN|[166]|normKey|String|false|false
08:11:50.4 (15044099)|VARIABLE_ASSIGNMENT|[166]|normKey|"TV + Receiver"
08:11:50.4 (15055170)|STATEMENT_EXECUTE|[167]
08:11:50.4 (15057160)|STATEMENT_EXECUTE|[168]
08:11:50.4 (15090851)|HEAP_ALLOCATE|[165]|Bytes:5
08:11:50.4 (15102940)|VARIABLE_SCOPE_BEGIN|[165]|key|String|false|false
08:11:50.4 (15110991)|VARIABLE_ASSIGNMENT|[165]|key|"baseWifi"
08:11:50.4 (15114591)|STATEMENT_EXECUTE|[165]
08:11:50.4 (15116642)|STATEMENT_EXECUTE|[166]
08:11:50.4 (15125722)|METHOD_ENTRY|[166]|01pdL00000Up09Z|CpeAiAssistantController.normalizeProductName(String)
08:11:50.4 (15131741)|VARIABLE_SCOPE_BEGIN|[255]|rawName|String|false|false
08:11:50.4 (15138282)|VARIABLE_ASSIGNMENT|[255]|rawName|"baseWifi"
08:11:50.4 (15145242)|HEAP_ALLOCATE|[256]|Bytes:5
08:11:50.4 (15149302)|STATEMENT_EXECUTE|[255]
08:11:50.4 (15165483)|STATEMENT_EXECUTE|[256]
08:11:50.4 (15167523)|STATEMENT_EXECUTE|[257]
08:11:50.4 (15174152)|HEAP_ALLOCATE|[257]|Bytes:8
08:11:50.4 (15184583)|VARIABLE_SCOPE_BEGIN|[257]|lower|String|false|false
08:11:50.4 (15192433)|VARIABLE_ASSIGNMENT|[257]|lower|"basewifi"
08:11:50.4 (15217804)|STATEMENT_EXECUTE|[258]
08:11:50.4 (15238504)|STATEMENT_EXECUTE|[259]
08:11:50.4 (15243975)|METHOD_EXIT|[166]|01pdL00000Up09Z|CpeAiAssistantController.normalizeProductName(String)
08:11:50.4 (15249904)|VARIABLE_SCOPE_BEGIN|[166]|normKey|String|false|false
08:11:50.4 (15288075)|VARIABLE_ASSIGNMENT|[166]|normKey|"Wi-Fi Access Point"
08:11:50.4 (15302617)|STATEMENT_EXECUTE|[167]
08:11:50.4 (15304737)|STATEMENT_EXECUTE|[168]
08:11:50.4 (15367688)|HEAP_ALLOCATE|[165]|Bytes:5
08:11:50.4 (15420909)|VARIABLE_SCOPE_BEGIN|[165]|key|String|false|false
08:11:50.4 (15431399)|VARIABLE_ASSIGNMENT|[165]|key|"baseModem"
08:11:50.4 (15435119)|STATEMENT_EXECUTE|[165]
08:11:50.4 (15437220)|STATEMENT_EXECUTE|[166]
08:11:50.4 (15441940)|METHOD_ENTRY|[166]|01pdL00000Up09Z|CpeAiAssistantController.normalizeProductName(String)
08:11:50.4 (15478630)|VARIABLE_SCOPE_BEGIN|[255]|rawName|String|false|false
08:11:50.4 (15488981)|VARIABLE_ASSIGNMENT|[255]|rawName|"baseModem"
08:11:50.4 (15498462)|HEAP_ALLOCATE|[256]|Bytes:5
08:11:50.4 (15502862)|STATEMENT_EXECUTE|[255]
08:11:50.4 (15520272)|STATEMENT_EXECUTE|[256]
08:11:50.4 (15522321)|STATEMENT_EXECUTE|[257]
08:11:50.4 (15529223)|HEAP_ALLOCATE|[257]|Bytes:9
08:11:50.4 (15539653)|VARIABLE_SCOPE_BEGIN|[257]|lower|String|false|false
08:11:50.4 (15548713)|VARIABLE_ASSIGNMENT|[257]|lower|"basemodem"
08:11:50.4 (15603763)|STATEMENT_EXECUTE|[258]
08:11:50.4 (15661696)|STATEMENT_EXECUTE|[259]
08:11:50.4 (15673266)|STATEMENT_EXECUTE|[260]
08:11:50.4 (15678605)|METHOD_EXIT|[166]|01pdL00000Up09Z|CpeAiAssistantController.normalizeProductName(String)
08:11:50.4 (15686217)|VARIABLE_SCOPE_BEGIN|[166]|normKey|String|false|false
08:11:50.4 (15694297)|VARIABLE_ASSIGNMENT|[166]|normKey|"Modem"
08:11:50.4 (15707206)|STATEMENT_EXECUTE|[167]
08:11:50.4 (15709217)|STATEMENT_EXECUTE|[168]
08:11:50.4 (15742588)|HEAP_ALLOCATE|[165]|Bytes:5
08:11:50.4 (15755898)|VARIABLE_ASSIGNMENT|[165]|key|null
08:11:50.4 (15761999)|HEAP_ALLOCATE|[171]|Bytes:6
08:11:50.4 (15798670)|STATEMENT_EXECUTE|[171]
08:11:50.4 (15814460)|HEAP_ALLOCATE|[171]|Bytes:4
08:11:50.4 (15836890)|HEAP_ALLOCATE|[EXTERNAL]|Bytes:-4
08:11:50.4 (15846501)|HEAP_ALLOCATE|[172]|Bytes:8
08:11:50.4 (15868161)|STATEMENT_EXECUTE|[172]
08:11:50.4 (15892422)|HEAP_ALLOCATE|[EXTERNAL]|Bytes:-4
08:11:50.4 (15901592)|HEAP_ALLOCATE|[173]|Bytes:9
08:11:50.4 (15924492)|STATEMENT_EXECUTE|[173]
08:11:50.4 (15947994)|HEAP_ALLOCATE|[EXTERNAL]|Bytes:-4
08:11:50.4 (16007545)|STATEMENT_EXECUTE|[177]
08:11:50.4 (16010995)|STATEMENT_EXECUTE|[178]
08:11:50.4 (16013035)|STATEMENT_EXECUTE|[178]
08:11:50.4 (16015195)|STATEMENT_EXECUTE|[179]
08:11:50.4 (16022315)|METHOD_ENTRY|[179]||System.JSON.deserializeUntyped(String)
08:11:50.4 (17917476)|METHOD_EXIT|[179]||System.JSON.deserializeUntyped(String)
08:11:50.4 (17933847)|VARIABLE_SCOPE_BEGIN|[179]|itemsMap|Map<String,ANY>|true|false
08:11:50.4 (17957597)|HEAP_ALLOCATE|[EXTERNAL]|Bytes:20
08:11:50.4 (18037759)|VARIABLE_ASSIGNMENT|[179]|itemsMap|{"CpeItems":["Map of size 6 too large to display",{"itemType":"childProduct","maxQuantity":15,"minQuantity":0,"defaultQuantity":0,"ProductCode":"O_RES_TV_PLUS_ADDL_S (2 more) ..."},"Map of size 6 too large to display",{"itemType":"childProduct","maxQuantity":99999,"minQuantity":0,"defaultQuantity":0,"ProductCode":"O_RES_HSI_WIFI_EXTEN (3 more) ..."}]}|0x3e748f38
08:11:50.4 (18047970)|STATEMENT_EXECUTE|[180]
08:11:50.4 (18059170)|HEAP_ALLOCATE|[180]|Bytes:4
08:11:50.4 (18131332)|VARIABLE_SCOPE_BEGIN|[180]|items|List<ANY>|true|false
08:11:50.4 (18147042)|HEAP_ALLOCATE|[EXTERNAL]|Bytes:4
08:11:50.4 (18154292)|VARIABLE_ASSIGNMENT|[180]|items|[]|0x664c0292
08:11:50.4 (18160422)|HEAP_ALLOCATE|[181]|Bytes:8
08:11:50.4 (18190743)|STATEMENT_EXECUTE|[181]
08:11:50.4 (18193303)|STATEMENT_EXECUTE|[182]
08:11:50.4 (18234584)|VARIABLE_ASSIGNMENT|[182]|items|["Map of size 6 too large to display",{"itemType":"childProduct","maxQuantity":15,"minQuantity":0,"defaultQuantity":0,"ProductCode":"O_RES_TV_PLUS_ADDL_S (2 more) ..."},"Map of size 6 too large to display",{"itemType":"childProduct","maxQuantity":99999,"minQuantity":0,"defaultQuantity":0,"ProductCode":"O_RES_HSI_WIFI_EXTEN (3 more) ..."}]|0x6d1eb088
08:11:50.4 (18243525)|STATEMENT_EXECUTE|[185]
08:11:50.4 (18258314)|HEAP_ALLOCATE|[185]|Bytes:4
08:11:50.4 (18267994)|VARIABLE_SCOPE_BEGIN|[185]|limits|Map<String,Map<String,Integer>>|true|false
08:11:50.4 (18277475)|VARIABLE_ASSIGNMENT|[185]|limits|{}|0x77b110da
08:11:50.4 (18281795)|STATEMENT_EXECUTE|[186]
08:11:50.4 (18289856)|HEAP_ALLOCATE|[186]|Bytes:4
08:11:50.4 (18297166)|HEAP_ALLOCATE|[186]|Bytes:6
08:11:50.4 (18350058)|HEAP_ALLOCATE|[186]|Bytes:4
08:11:50.4 (18361708)|HEAP_ALLOCATE|[186]|Bytes:6
08:11:50.4 (18370988)|HEAP_ALLOCATE|[186]|Bytes:4
08:11:50.4 (18383368)|HEAP_ALLOCATE|[186]|Bytes:4
08:11:50.4 (18407219)|HEAP_ALLOCATE|[EXTERNAL]|Bytes:-4
08:11:50.4 (18414838)|STATEMENT_EXECUTE|[187]
08:11:50.4 (18427170)|HEAP_ALLOCATE|[187]|Bytes:4
08:11:50.4 (18448870)|HEAP_ALLOCATE|[187]|Bytes:4
08:11:50.4 (18461900)|HEAP_ALLOCATE|[187]|Bytes:4
08:11:50.4 (18471781)|HEAP_ALLOCATE|[187]|Bytes:4
08:11:50.4 (18483840)|HEAP_ALLOCATE|[EXTERNAL]|Bytes:-4
08:11:50.4 (18490821)|STATEMENT_EXECUTE|[188]
08:11:50.4 (18497571)|HEAP_ALLOCATE|[188]|Bytes:4
08:11:50.4 (18516401)|HEAP_ALLOCATE|[188]|Bytes:4
08:11:50.4 (18556282)|HEAP_ALLOCATE|[188]|Bytes:4
08:11:50.4 (18572213)|HEAP_ALLOCATE|[EXTERNAL]|Bytes:-4
08:11:50.4 (18579304)|STATEMENT_EXECUTE|[190]
08:11:50.4 (18588674)|METHOD_ENTRY|[190]|01pdL00000Up09Z|CpeAiAssistantController.extractCodes(List<ANY>, Map<String,Map<String,Integer>>)
08:11:50.4 (18601384)|VARIABLE_SCOPE_BEGIN|[203]|items|List<ANY>|true|false
08:11:50.4 (18621315)|VARIABLE_ASSIGNMENT|[203]|items|["Map of size 6 too large to display",{"itemType":"childProduct","maxQuantity":15,"minQuantity":0,"defaultQuantity":0,"ProductCode":"O_RES_TV_PLUS_ADDL_S (2 more) ..."},"Map of size 6 too large to display",{"itemType":"childProduct","maxQuantity":99999,"minQuantity":0,"defaultQuantity":0,"ProductCode":"O_RES_HSI_WIFI_EXTEN (3 more) ..."}]|0x6d1eb088
08:11:50.4 (18627745)|VARIABLE_SCOPE_BEGIN|[203]|limits|Map<String,Map<String,Integer>>|true|false
08:11:50.4 (18640665)|VARIABLE_ASSIGNMENT|[203]|limits|{"tv":{"maxInc":3,"maxAdd":15,"min":1},"wifi":{"maxInc":1,"maxAdd":10,"min":1},"modem":{"max":1,"min":1}}|0x77b110da
08:11:50.4 (18656156)|HEAP_ALLOCATE|[204]|Bytes:5
08:11:50.4 (18660476)|STATEMENT_EXECUTE|[203]
08:11:50.4 (18663586)|STATEMENT_EXECUTE|[204]
08:11:50.4 (18702567)|HEAP_ALLOCATE|[205]|Bytes:5
08:11:50.4 (18726977)|HEAP_ALLOCATE|[205]|Bytes:28
08:11:50.4 (18737638)|VARIABLE_SCOPE_BEGIN|[205]|obj|Object|false|false
08:11:50.4 (18749348)|VARIABLE_ASSIGNMENT|[205]|obj|"Map of size 6 too large to display"
08:11:50.4 (18753858)|STATEMENT_EXECUTE|[205]
08:11:50.4 (18755928)|STATEMENT_EXECUTE|[206]
08:11:50.4 (18759908)|VARIABLE_SCOPE_BEGIN|[206]|item|Map<String,ANY>|true|false
08:11:50.4 (18768568)|VARIABLE_ASSIGNMENT|[206]|item|"Map of size 6 too large to display"|0x6da65c5b
08:11:50.4 (18772729)|STATEMENT_EXECUTE|[207]
08:11:50.4 (18779739)|METHOD_ENTRY|[207]|01pdL00000Up09Z|CpeAiAssistantController.getProductCode(Map<String,ANY>)
08:11:50.4 (18789779)|VARIABLE_SCOPE_BEGIN|[236]|item|Map<String,ANY>|true|false
08:11:50.4 (18797299)|VARIABLE_ASSIGNMENT|[236]|item|"Map of size 6 too large to display"|0x6da65c5b
08:11:50.4 (18805939)|HEAP_ALLOCATE|[237]|Bytes:5
08:11:50.4 (18810250)|STATEMENT_EXECUTE|[236]
08:11:50.4 (18812960)|HEAP_ALLOCATE|[237]|Bytes:11
08:11:50.4 (18842480)|STATEMENT_EXECUTE|[237]
08:11:50.4 (18844700)|STATEMENT_EXECUTE|[238]
08:11:50.4 (18879371)|HEAP_ALLOCATE|[238]|Bytes:17
08:11:50.4 (18895092)|METHOD_EXIT|[207]|01pdL00000Up09Z|CpeAiAssistantController.getProductCode(Map<String,ANY>)
08:11:50.4 (18901762)|VARIABLE_SCOPE_BEGIN|[207]|code|String|false|false
08:11:50.4 (18909982)|VARIABLE_ASSIGNMENT|[207]|code|"O_RES_TV_PLUS_STB"
08:11:50.4 (18913762)|STATEMENT_EXECUTE|[208]
08:11:50.4 (18917862)|HEAP_ALLOCATE|[208]|Bytes:11
08:11:50.4 (18947083)|VARIABLE_SCOPE_BEGIN|[208]|maxQ|Integer|false|false
08:11:50.4 (18955543)|VARIABLE_ASSIGNMENT|[208]|maxQ|3
08:11:50.4 (18959063)|STATEMENT_EXECUTE|[209]
08:11:50.4 (18962744)|HEAP_ALLOCATE|[209]|Bytes:11
08:11:50.4 (18990134)|VARIABLE_SCOPE_BEGIN|[209]|minQ|Integer|false|false
08:11:50.4 (18998425)|VARIABLE_ASSIGNMENT|[209]|minQ|0
08:11:50.4 (19002095)|STATEMENT_EXECUTE|[210]
08:11:50.4 (19006165)|HEAP_ALLOCATE|[210]|Bytes:15
08:11:50.4 (19033715)|VARIABLE_SCOPE_BEGIN|[210]|defQ|Integer|false|false
08:11:50.4 (19043416)|VARIABLE_ASSIGNMENT|[210]|defQ|1
08:11:50.4 (19049536)|HEAP_ALLOCATE|[212]|Bytes:17
08:11:50.4 (19103647)|STATEMENT_EXECUTE|[212]
08:11:50.4 (19106107)|STATEMENT_EXECUTE|[213]
08:11:50.4 (19142678)|STATEMENT_EXECUTE|[214]
08:11:50.4 (19172789)|HEAP_ALLOCATE|[227]|Bytes:13
08:11:50.4 (19192950)|STATEMENT_EXECUTE|[227]
08:11:50.4 (19202080)|HEAP_ALLOCATE|[205]|Bytes:5
08:11:50.4 (19216330)|HEAP_ALLOCATE|[205]|Bytes:24
08:11:50.4 (19251211)|VARIABLE_SCOPE_BEGIN|[205]|obj|Object|false|false
08:11:50.4 (19269362)|VARIABLE_ASSIGNMENT|[205]|obj|{"itemType":"childProduct","maxQuantity":15,"minQuantity":0,"defaultQuantity":0,"ProductCode":"O_RES_TV_PLUS_ADDL_S (2 more) ..."}
08:11:50.4 (19274162)|STATEMENT_EXECUTE|[205]
08:11:50.4 (19276302)|STATEMENT_EXECUTE|[206]
08:11:50.4 (19281102)|VARIABLE_SCOPE_BEGIN|[206]|item|Map<String,ANY>|true|false
08:11:50.4 (19293092)|VARIABLE_ASSIGNMENT|[206]|item|{"itemType":"childProduct","maxQuantity":15,"minQuantity":0,"defaultQuantity":0,"ProductCode":"O_RES_TV_PLUS_ADDL_S (2 more) ..."}|0x6bf89bef
08:11:50.4 (19305783)|STATEMENT_EXECUTE|[207]
08:11:50.4 (19311053)|METHOD_ENTRY|[207]|01pdL00000Up09Z|CpeAiAssistantController.getProductCode(Map<String,ANY>)
08:11:50.4 (19317483)|VARIABLE_SCOPE_BEGIN|[236]|item|Map<String,ANY>|true|false
08:11:50.4 (19328453)|VARIABLE_ASSIGNMENT|[236]|item|{"itemType":"childProduct","maxQuantity":15,"minQuantity":0,"defaultQuantity":0,"ProductCode":"O_RES_TV_PLUS_ADDL_S (2 more) ..."}|0x6bf89bef
08:11:50.4 (19337523)|HEAP_ALLOCATE|[237]|Bytes:5
08:11:50.4 (19341404)|STATEMENT_EXECUTE|[236]
08:11:50.4 (19360594)|STATEMENT_EXECUTE|[237]
08:11:50.4 (19363054)|STATEMENT_EXECUTE|[238]
08:11:50.4 (19416225)|HEAP_ALLOCATE|[238]|Bytes:22
08:11:50.4 (19431606)|METHOD_EXIT|[207]|01pdL00000Up09Z|CpeAiAssistantController.getProductCode(Map<String,ANY>)
08:11:50.4 (19438166)|VARIABLE_SCOPE_BEGIN|[207]|code|String|false|false
08:11:50.4 (19446796)|VARIABLE_ASSIGNMENT|[207]|code|"O_RES_TV_PLUS_ADDL_S (2 more) ..."
08:11:50.4 (19450236)|STATEMENT_EXECUTE|[208]
08:11:50.4 (19468567)|VARIABLE_SCOPE_BEGIN|[208]|maxQ|Integer|false|false
08:11:50.4 (19477657)|VARIABLE_ASSIGNMENT|[208]|maxQ|15
08:11:50.4 (19481867)|STATEMENT_EXECUTE|[209]
08:11:50.4 (19496948)|VARIABLE_SCOPE_BEGIN|[209]|minQ|Integer|false|false
08:11:50.4 (19504448)|VARIABLE_ASSIGNMENT|[209]|minQ|0
08:11:50.4 (19507678)|STATEMENT_EXECUTE|[210]
08:11:50.4 (19522178)|VARIABLE_SCOPE_BEGIN|[210]|defQ|Integer|false|false
08:11:50.4 (19529538)|VARIABLE_ASSIGNMENT|[210]|defQ|0
08:11:50.4 (19543749)|HEAP_ALLOCATE|[215]|Bytes:22
08:11:50.4 (19550849)|STATEMENT_EXECUTE|[215]
08:11:50.4 (19553049)|STATEMENT_EXECUTE|[216]
08:11:50.4 (19596650)|STATEMENT_EXECUTE|[227]
08:11:50.4 (19605770)|HEAP_ALLOCATE|[205]|Bytes:5
08:11:50.4 (19619051)|HEAP_ALLOCATE|[205]|Bytes:28
08:11:50.4 (19627791)|VARIABLE_SCOPE_BEGIN|[205]|obj|Object|false|false
08:11:50.4 (19637721)|VARIABLE_ASSIGNMENT|[205]|obj|"Map of size 6 too large to display"
08:11:50.4 (19641561)|STATEMENT_EXECUTE|[205]
08:11:50.4 (19643561)|STATEMENT_EXECUTE|[206]
08:11:50.4 (19647842)|VARIABLE_SCOPE_BEGIN|[206]|item|Map<String,ANY>|true|false
08:11:50.4 (19656142)|VARIABLE_ASSIGNMENT|[206]|item|"Map of size 6 too large to display"|0x737afce8
08:11:50.4 (19659932)|STATEMENT_EXECUTE|[207]
08:11:50.4 (19664062)|METHOD_ENTRY|[207]|01pdL00000Up09Z|CpeAiAssistantController.getProductCode(Map<String,ANY>)
08:11:50.4 (19668712)|VARIABLE_SCOPE_BEGIN|[236]|item|Map<String,ANY>|true|false
08:11:50.4 (19675712)|VARIABLE_ASSIGNMENT|[236]|item|"Map of size 6 too large to display"|0x737afce8
08:11:50.4 (19683702)|HEAP_ALLOCATE|[237]|Bytes:5
08:11:50.4 (19687793)|STATEMENT_EXECUTE|[236]
08:11:50.4 (19703753)|STATEMENT_EXECUTE|[237]
08:11:50.4 (19705813)|STATEMENT_EXECUTE|[238]
08:11:50.4 (19721043)|HEAP_ALLOCATE|[238]|Bytes:15
08:11:50.4 (19733744)|METHOD_EXIT|[207]|01pdL00000Up09Z|CpeAiAssistantController.getProductCode(Map<String,ANY>)
08:11:50.4 (19738504)|VARIABLE_SCOPE_BEGIN|[207]|code|String|false|false
08:11:50.4 (19747144)|VARIABLE_ASSIGNMENT|[207]|code|"O_RES_HSI_MODEM"
08:11:50.4 (19750554)|STATEMENT_EXECUTE|[208]
08:11:50.4 (19766745)|VARIABLE_SCOPE_BEGIN|[208]|maxQ|Integer|false|false
08:11:50.4 (19775415)|VARIABLE_ASSIGNMENT|[208]|maxQ|99999
08:11:50.4 (19778905)|STATEMENT_EXECUTE|[209]
08:11:50.4 (19793585)|VARIABLE_SCOPE_BEGIN|[209]|minQ|Integer|false|false
08:11:50.4 (19801136)|VARIABLE_ASSIGNMENT|[209]|minQ|0
08:11:50.4 (19804396)|STATEMENT_EXECUTE|[210]
08:11:50.4 (19818847)|VARIABLE_SCOPE_BEGIN|[210]|defQ|Integer|false|false
08:11:50.4 (19825946)|VARIABLE_ASSIGNMENT|[210]|defQ|1
08:11:50.4 (19838448)|HEAP_ALLOCATE|[217]|Bytes:27
08:11:50.4 (19883129)|HEAP_ALLOCATE|[220]|Bytes:27
08:11:50.4 (19894548)|HEAP_ALLOCATE|[222]|Bytes:15
08:11:50.4 (19901278)|STATEMENT_EXECUTE|[222]
08:11:50.4 (19903489)|STATEMENT_EXECUTE|[223]
08:11:50.4 (19945989)|HEAP_ALLOCATE|[223]|Bytes:4
08:11:50.4 (19955931)|STATEMENT_EXECUTE|[224]
08:11:50.4 (19992561)|STATEMENT_EXECUTE|[227]
08:11:50.4 (20001981)|HEAP_ALLOCATE|[205]|Bytes:5
08:11:50.4 (20015772)|HEAP_ALLOCATE|[205]|Bytes:24
08:11:50.4 (20024941)|VARIABLE_SCOPE_BEGIN|[205]|obj|Object|false|false
08:11:50.4 (20040613)|VARIABLE_ASSIGNMENT|[205]|obj|{"itemType":"childProduct","maxQuantity":99999,"minQuantity":0,"defaultQuantity":0,"ProductCode":"O_RES_HSI_WIFI_EXTEN (3 more) ..."}
08:11:50.4 (20045173)|STATEMENT_EXECUTE|[205]
08:11:50.4 (20047182)|STATEMENT_EXECUTE|[206]
08:11:50.4 (20050762)|VARIABLE_SCOPE_BEGIN|[206]|item|Map<String,ANY>|true|false
08:11:50.4 (20062392)|VARIABLE_ASSIGNMENT|[206]|item|{"itemType":"childProduct","maxQuantity":99999,"minQuantity":0,"defaultQuantity":0,"ProductCode":"O_RES_HSI_WIFI_EXTEN (3 more) ..."}|0xcb2059d
08:11:50.4 (20066643)|STATEMENT_EXECUTE|[207]
08:11:50.4 (20071363)|METHOD_ENTRY|[207]|01pdL00000Up09Z|CpeAiAssistantController.getProductCode(Map<String,ANY>)
08:11:50.4 (20076873)|VARIABLE_SCOPE_BEGIN|[236]|item|Map<String,ANY>|true|false
08:11:50.4 (20087463)|VARIABLE_ASSIGNMENT|[236]|item|{"itemType":"childProduct","maxQuantity":99999,"minQuantity":0,"defaultQuantity":0,"ProductCode":"O_RES_HSI_WIFI_EXTEN (3 more) ..."}|0xcb2059d
08:11:50.4 (20095983)|HEAP_ALLOCATE|[237]|Bytes:5
08:11:50.4 (20100153)|STATEMENT_EXECUTE|[236]
08:11:50.4 (20117255)|STATEMENT_EXECUTE|[237]
08:11:50.4 (20119255)|STATEMENT_EXECUTE|[238]
08:11:50.4 (20142365)|HEAP_ALLOCATE|[238]|Bytes:23
08:11:50.4 (20185097)|METHOD_EXIT|[207]|01pdL00000Up09Z|CpeAiAssistantController.getProductCode(Map<String,ANY>)
08:11:50.4 (20191897)|VARIABLE_SCOPE_BEGIN|[207]|code|String|false|false
08:11:50.4 (20200556)|VARIABLE_ASSIGNMENT|[207]|code|"O_RES_HSI_WIFI_EXTEN (3 more) ..."
08:11:50.4 (20203897)|STATEMENT_EXECUTE|[208]
08:11:50.4 (20221947)|VARIABLE_SCOPE_BEGIN|[208]|maxQ|Integer|false|false
08:11:50.4 (20229627)|VARIABLE_ASSIGNMENT|[208]|maxQ|99999
08:11:50.4 (20233058)|STATEMENT_EXECUTE|[209]
08:11:50.4 (20247847)|VARIABLE_SCOPE_BEGIN|[209]|minQ|Integer|false|false
08:11:50.4 (20255207)|VARIABLE_ASSIGNMENT|[209]|minQ|0
08:11:50.4 (20258528)|STATEMENT_EXECUTE|[210]
08:11:50.4 (20273208)|VARIABLE_SCOPE_BEGIN|[210]|defQ|Integer|false|false
08:11:50.4 (20281838)|VARIABLE_ASSIGNMENT|[210]|defQ|0
08:11:50.4 (20299629)|STATEMENT_EXECUTE|[212]
08:11:50.4 (20308679)|STATEMENT_EXECUTE|[227]
08:11:50.4 (20317759)|HEAP_ALLOCATE|[205]|Bytes:5
08:11:50.4 (20333381)|VARIABLE_ASSIGNMENT|[205]|obj|null
08:11:50.4 (20343791)|METHOD_EXIT|[190]|01pdL00000Up09Z|CpeAiAssistantController.extractCodes(List<ANY>, Map<String,Map<String,Integer>>)
08:11:50.4 (20347840)|STATEMENT_EXECUTE|[192]
08:11:50.4 (20427362)|HEAP_ALLOCATE|[192]|Bytes:4
08:11:50.4 (20446863)|STATEMENT_EXECUTE|[193]
08:11:50.4 (20500094)|STATEMENT_EXECUTE|[194]
08:11:50.4 (20555876)|HEAP_ALLOCATE|[194]|Bytes:4
08:11:50.4 (20576347)|STATEMENT_EXECUTE|[195]
08:11:50.4 (20624567)|STATEMENT_EXECUTE|[196]
08:11:50.4 (20668928)|STATEMENT_EXECUTE|[197]
08:11:50.4 (20714481)|STATEMENT_EXECUTE|[200]
08:11:50.4 (20721100)|METHOD_EXIT|[74]|01pdL00000Up09Z|CpeAiAssistantController.buildRulePayload(String, String)
08:11:50.4 (20727591)|VARIABLE_SCOPE_BEGIN|[74]|rules|Map<String,Map<String,ANY>>|true|false
08:11:50.4 (20748450)|VARIABLE_ASSIGNMENT|[74]|rules|{"TV + Receiver":{"current":1,"min":0,"max":18,"base":1},"Modem":{"current":"Wired","min":1,"max":1,"base":"Wired"},"Wi-Fi Access Point":{"current":1,"min":1,"max":11,"base":1}}|0x297b1bdf
08:11:50.4 (20754021)|STATEMENT_EXECUTE|[77]
08:11:50.4 (20757312)|HEAP_ALLOCATE|[77]|Bytes:150
08:11:50.4 (20784592)|METHOD_ENTRY|[79]||System.JSON.serialize(Object)
08:11:50.4 (21913422)|METHOD_EXIT|[79]||System.JSON.serialize(Object)
08:11:50.4 (21923462)|HEAP_ALLOCATE|[79]|Bytes:24
08:11:50.4 (21965763)|HEAP_ALLOCATE|[80]|Bytes:29
08:11:50.4 (21979504)|HEAP_ALLOCATE|[77]|Bytes:1594
08:11:50.4 (21985894)|VARIABLE_SCOPE_BEGIN|[77]|fullMessage|String|false|false
08:11:50.4 (21998944)|VARIABLE_ASSIGNMENT|[77]|fullMessage|"System Context: You  (1574 more) ..."
08:11:50.4 (22003384)|STATEMENT_EXECUTE|[83]
08:11:50.4 (22006364)|HEAP_ALLOCATE|[84]|Bytes:22
08:11:50.4 (22011345)|HEAP_ALLOCATE|[85]|Bytes:21
08:11:50.4 (22127918)|HEAP_ALLOCATE|[83]|Bytes:12
08:11:50.4 (22136158)|HEAP_ALLOCATE|[83]|Bytes:58
08:11:50.4 (22146898)|SYSTEM_METHOD_ENTRY|[14]|Action.Action()
08:11:50.4 (22150628)|STATEMENT_EXECUTE|[14]
08:11:50.4 (22158058)|SYSTEM_METHOD_EXIT|[14]|Action
08:11:50.4 (22168219)|METHOD_ENTRY|[83]||Invocable.Action.createCustomAction(String, String)
08:11:50.4 (22376384)|METHOD_EXIT|[83]||Invocable.Action.createCustomAction(String, String)
08:11:50.4 (22383794)|VARIABLE_SCOPE_BEGIN|[83]|action|Invocable.Action|true|false
08:11:50.4 (22446706)|VARIABLE_ASSIGNMENT|[83]|action|{"invocations":"0x342ac0c3","invokeFromLightningComponent":false,"name":"CPE_Equipment_Manage (1 more) ...","type":"generatePromptRespon (2 more) ..."}|0x22c60074
08:11:50.4 (22453526)|STATEMENT_EXECUTE|[88]
08:11:50.4 (22456786)|HEAP_ALLOCATE|[88]|Bytes:17
08:11:50.4 (22472907)|METHOD_ENTRY|[88]||Invocable.Action.setInvocationParameter(String, Object)
08:11:50.4 (22695752)|METHOD_EXIT|[88]||Invocable.Action.setInvocationParameter(String, Object)
08:11:50.4 (22702303)|STATEMENT_EXECUTE|[90]
08:11:50.4 (22710333)|METHOD_ENTRY|[90]||Invocable.Action.invoke()
08:11:52.882 (2882912255)|METHOD_EXIT|[90]||Invocable.Action.invoke()
08:11:52.882 (2882932805)|VARIABLE_SCOPE_BEGIN|[90]|results|List<Invocable.Action.Result>|true|false
08:11:52.882 (2882993227)|VARIABLE_ASSIGNMENT|[90]|results|[{"action":"0x22c60074","errors":"0x2d915665","invocationParameters":"0x4bee02e8","outputParameters":"0x5774341","success":true}]|0x1b3191a3
08:11:52.882 (2883024998)|STATEMENT_EXECUTE|[92]
08:11:52.882 (2883028138)|STATEMENT_EXECUTE|[96]
08:11:52.882 (2883041268)|HEAP_ALLOCATE|[96]|Bytes:24
08:11:52.882 (2883050228)|VARIABLE_SCOPE_BEGIN|[96]|result|Invocable.Action.Result|true|false
08:11:52.882 (2883070179)|VARIABLE_ASSIGNMENT|[96]|result|{"action":"0x22c60074","errors":"0x2d915665","invocationParameters":"0x4bee02e8","outputParameters":"0x5774341","success":true}|0x3c34cede
08:11:52.882 (2883089199)|METHOD_ENTRY|[98]||Invocable.Action.Result.isSuccess()
08:11:52.882 (2883110990)|METHOD_EXIT|[98]||Invocable.Action.Result.isSuccess()
08:11:52.882 (2883116760)|STATEMENT_EXECUTE|[98]
08:11:52.882 (2883119070)|STATEMENT_EXECUTE|[104]
08:11:52.882 (2883126030)|METHOD_ENTRY|[104]||Invocable.Action.Result.getOutputParameters()
08:11:52.882 (2883188812)|METHOD_EXIT|[104]||Invocable.Action.Result.getOutputParameters()
08:11:52.882 (2883196012)|VARIABLE_SCOPE_BEGIN|[104]|outputs|Map<String,ANY>|true|false
08:11:52.882 (2883215033)|VARIABLE_ASSIGNMENT|[104]|outputs|{"promptResponse":"{\n  \"message\": \"Remo (171 more) ..."}|0x5774341
08:11:52.882 (2883220263)|STATEMENT_EXECUTE|[105]
08:11:52.882 (2883223003)|STATEMENT_EXECUTE|[110]
08:11:52.882 (2883227153)|HEAP_ALLOCATE|[110]|Bytes:14
08:11:52.882 (2883257504)|VARIABLE_SCOPE_BEGIN|[110]|promptRespObj|Object|false|false
08:11:52.882 (2883268194)|VARIABLE_ASSIGNMENT|[110]|promptRespObj|"{\n  \"message\": \"Remo (171 more) ..."
08:11:52.882 (2883272124)|STATEMENT_EXECUTE|[111]
08:11:52.882 (2883275954)|VARIABLE_SCOPE_BEGIN|[111]|rawResponse|String|false|false
08:11:52.882 (2883283805)|VARIABLE_ASSIGNMENT|[111]|rawResponse|null
08:11:52.882 (2883287585)|STATEMENT_EXECUTE|[113]
08:11:52.882 (2883289685)|STATEMENT_EXECUTE|[114]
08:11:52.882 (2883319945)|HEAP_ALLOCATE|[114]|Bytes:191
08:11:52.882 (2883335166)|VARIABLE_ASSIGNMENT|[114]|rawResponse|"{\n  \"message\": \"Remo (171 more) ..."
08:11:52.882 (2883360877)|STATEMENT_EXECUTE|[119]
08:11:52.882 (2883363077)|STATEMENT_EXECUTE|[123]
08:11:52.882 (2883365877)|VARIABLE_SCOPE_BEGIN|[123]|cleanResponse|String|false|false
08:11:52.882 (2883373997)|VARIABLE_ASSIGNMENT|[123]|cleanResponse|null
08:11:52.882 (2883403468)|STATEMENT_EXECUTE|[124]
08:11:52.882 (2883406548)|STATEMENT_EXECUTE|[124]
08:11:52.882 (2883409268)|STATEMENT_EXECUTE|[125]
08:11:52.882 (2883419238)|METHOD_ENTRY|[125]||System.JSON.deserializeUntyped(String)
08:11:52.882 (2883784488)|METHOD_EXIT|[125]||System.JSON.deserializeUntyped(String)
08:11:52.882 (2883794798)|VARIABLE_SCOPE_BEGIN|[125]|parsed|Map<String,ANY>|true|false
08:11:52.882 (2883818299)|VARIABLE_ASSIGNMENT|[125]|parsed|{"message":"Removed 2 TV + Recei (56 more) ...","newState":{"TV + Receiver":-1,"Modem":"Wired","Wi-Fi Access Point":4}}|0x53925de7
08:11:52.882 (2883825309)|HEAP_ALLOCATE|[126]|Bytes:5
08:11:52.882 (2883854370)|STATEMENT_EXECUTE|[128]
08:11:52.882 (2883856820)|STATEMENT_EXECUTE|[129]
08:11:52.882 (2883863700)|VARIABLE_ASSIGNMENT|[129]|cleanResponse|"{\n  \"message\": \"Remo (171 more) ..."
08:11:52.882 (2883869220)|STATEMENT_EXECUTE|[135]
08:11:52.882 (2883871530)|STATEMENT_EXECUTE|[136]
08:11:52.882 (2883874500)|HEAP_ALLOCATE|[136]|Bytes:3
08:11:52.882 (2883878490)|HEAP_ALLOCATE|[136]|Bytes:1
08:11:52.882 (2883923111)|HEAP_ALLOCATE|[136]|Bytes:191
08:11:52.882 (2883939372)|VARIABLE_ASSIGNMENT|[136]|cleanResponse|"{\n  \"message\": \"Remo (171 more) ..."
08:11:52.882 (2883943772)|STATEMENT_EXECUTE|[137]
08:11:52.882 (2883946952)|HEAP_ALLOCATE|[137]|Bytes:2
08:11:52.882 (2883968382)|HEAP_ALLOCATE|[137]|Bytes:191
08:11:52.882 (2883982643)|VARIABLE_ASSIGNMENT|[137]|cleanResponse|"{\n  \"message\": \"Remo (171 more) ..."
08:11:52.882 (2883986513)|STATEMENT_EXECUTE|[138]
08:11:52.882 (2883989523)|HEAP_ALLOCATE|[138]|Bytes:3
08:11:52.882 (2883993933)|HEAP_ALLOCATE|[138]|Bytes:1
08:11:52.882 (2884015095)|HEAP_ALLOCATE|[138]|Bytes:191
08:11:52.882 (2884028684)|VARIABLE_ASSIGNMENT|[138]|cleanResponse|"{\n  \"message\": \"Remo (171 more) ..."
08:11:52.882 (2884033255)|STATEMENT_EXECUTE|[142]
08:11:52.882 (2884042074)|METHOD_ENTRY|[142]|01pdL00000Up09Z|CpeAiAssistantController.parseAndValidateAgentResponse(String, Map<String,Map<String,ANY>>)
08:11:52.882 (2884052176)|VARIABLE_SCOPE_BEGIN|[264]|rawResponse|String|false|false
08:11:52.882 (2884060296)|VARIABLE_ASSIGNMENT|[264]|rawResponse|"{\n  \"message\": \"Remo (171 more) ..."
08:11:52.882 (2884063785)|VARIABLE_SCOPE_BEGIN|[264]|rules|Map<String,Map<String,ANY>>|true|false
08:11:52.882 (2884082035)|VARIABLE_ASSIGNMENT|[264]|rules|{"TV + Receiver":{"current":1,"min":0,"max":18,"base":1},"Modem":{"current":"Wired","min":1,"max":1,"base":"Wired"},"Wi-Fi Access Point":{"current":1,"min":1,"max":11,"base":1}}|0x297b1bdf
08:11:52.882 (2884096606)|HEAP_ALLOCATE|[265]|Bytes:5
08:11:52.882 (2884101156)|STATEMENT_EXECUTE|[264]
08:11:52.882 (2884103236)|STATEMENT_EXECUTE|[265]
08:11:52.882 (2884111156)|HEAP_ALLOCATE|[265]|Bytes:4
08:11:52.882 (2884118956)|VARIABLE_SCOPE_BEGIN|[265]|finalResponse|Map<String,ANY>|true|false
08:11:52.882 (2884128207)|VARIABLE_ASSIGNMENT|[265]|finalResponse|{}|0x2b24fb26
08:11:52.882 (2884132338)|STATEMENT_EXECUTE|[267]
08:11:52.882 (2884134307)|STATEMENT_EXECUTE|[267]
08:11:52.882 (2884136258)|STATEMENT_EXECUTE|[268]
08:11:52.882 (2884141487)|METHOD_ENTRY|[268]||System.JSON.deserializeUntyped(String)
08:11:52.882 (2884386763)|METHOD_EXIT|[268]||System.JSON.deserializeUntyped(String)
08:11:52.882 (2884395865)|VARIABLE_SCOPE_BEGIN|[268]|parsed|Map<String,ANY>|true|false
08:11:52.882 (2884413634)|VARIABLE_ASSIGNMENT|[268]|parsed|{"message":"Removed 2 TV + Recei (56 more) ...","newState":{"TV + Receiver":-1,"Modem":"Wired","Wi-Fi Access Point":4}}|0x7c2d2876
08:11:52.882 (2884420444)|HEAP_ALLOCATE|[270]|Bytes:8
08:11:52.882 (2884446935)|STATEMENT_EXECUTE|[270]
08:11:52.882 (2884449445)|STATEMENT_EXECUTE|[271]
08:11:52.882 (2884474907)|VARIABLE_SCOPE_BEGIN|[271]|newStateRaw|Map<String,ANY>|true|false
08:11:52.882 (2884487996)|VARIABLE_ASSIGNMENT|[271]|newStateRaw|{"TV + Receiver":-1,"Modem":"Wired","Wi-Fi Access Point":4}|0x705c011e
08:11:52.882 (2884492436)|STATEMENT_EXECUTE|[272]
08:11:52.882 (2884498076)|HEAP_ALLOCATE|[272]|Bytes:4
08:11:52.882 (2884505337)|VARIABLE_SCOPE_BEGIN|[272]|normalizedState|Map<String,ANY>|true|false
08:11:52.882 (2884513847)|VARIABLE_ASSIGNMENT|[272]|normalizedState|{}|0x1f974312
08:11:52.882 (2884517887)|STATEMENT_EXECUTE|[274]
08:11:52.882 (2884521137)|VARIABLE_SCOPE_BEGIN|[274]|changedCpeCount|Integer|false|false
08:11:52.882 (2884526137)|HEAP_ALLOCATE|[274]|Bytes:4
08:11:52.882 (2884532417)|VARIABLE_ASSIGNMENT|[274]|changedCpeCount|0
08:11:52.882 (2884569128)|HEAP_ALLOCATE|[276]|Bytes:52
08:11:52.882 (2884601569)|HEAP_ALLOCATE|[276]|Bytes:5
08:11:52.882 (2884616890)|VARIABLE_SCOPE_BEGIN|[276]|key|String|false|false
08:11:52.882 (2884625681)|VARIABLE_ASSIGNMENT|[276]|key|"TV + Receiver"
08:11:52.882 (2884630140)|STATEMENT_EXECUTE|[276]
08:11:52.882 (2884632191)|STATEMENT_EXECUTE|[277]
08:11:52.882 (2884638471)|METHOD_ENTRY|[277]|01pdL00000Up09Z|CpeAiAssistantController.normalizeProductName(String)
08:11:52.882 (2884648490)|VARIABLE_SCOPE_BEGIN|[255]|rawName|String|false|false
08:11:52.882 (2884656202)|VARIABLE_ASSIGNMENT|[255]|rawName|"TV + Receiver"
08:11:52.882 (2884664192)|HEAP_ALLOCATE|[256]|Bytes:5
08:11:52.882 (2884669272)|STATEMENT_EXECUTE|[255]
08:11:52.882 (2884685971)|STATEMENT_EXECUTE|[256]
08:11:52.882 (2884688042)|STATEMENT_EXECUTE|[257]
08:11:52.882 (2884698062)|HEAP_ALLOCATE|[257]|Bytes:13
08:11:52.882 (2884708153)|VARIABLE_SCOPE_BEGIN|[257]|lower|String|false|false
08:11:52.882 (2884717012)|VARIABLE_ASSIGNMENT|[257]|lower|"tv + receiver"
08:11:52.882 (2884734863)|STATEMENT_EXECUTE|[258]
08:11:52.882 (2884742503)|METHOD_EXIT|[277]|01pdL00000Up09Z|CpeAiAssistantController.normalizeProductName(String)
08:11:52.882 (2884748143)|VARIABLE_SCOPE_BEGIN|[277]|normKey|String|false|false
08:11:52.882 (2884755524)|VARIABLE_ASSIGNMENT|[277]|normKey|"TV + Receiver"
08:11:52.882 (2884796344)|HEAP_ALLOCATE|[279]|Bytes:17
08:11:52.882 (2884825855)|STATEMENT_EXECUTE|[279]
08:11:52.882 (2884828185)|STATEMENT_EXECUTE|[280]
08:11:52.882 (2884848367)|VARIABLE_SCOPE_BEGIN|[280]|qty|Integer|false|false
08:11:52.882 (2884858616)|VARIABLE_ASSIGNMENT|[280]|qty|-1
08:11:52.882 (2884880317)|STATEMENT_EXECUTE|[282]
08:11:52.882 (2884882496)|STATEMENT_EXECUTE|[283]
08:11:52.882 (2884885467)|VARIABLE_SCOPE_BEGIN|[283]|current|Integer|false|false
08:11:52.882 (2884891867)|HEAP_ALLOCATE|[283]|Bytes:4
08:11:52.882 (2884898358)|VARIABLE_ASSIGNMENT|[283]|current|0
08:11:52.882 (2884938338)|STATEMENT_EXECUTE|[284]
08:11:52.882 (2884940588)|STATEMENT_EXECUTE|[285]
08:11:52.882 (2884972659)|VARIABLE_ASSIGNMENT|[285]|current|1
08:11:52.882 (2884977859)|STATEMENT_EXECUTE|[287]
08:11:52.882 (2884980699)|VARIABLE_SCOPE_BEGIN|[287]|baseQty|Integer|false|false
08:11:52.882 (2884987859)|VARIABLE_ASSIGNMENT|[287]|baseQty|1
08:11:52.882 (2885134624)|STATEMENT_EXECUTE|[288]
08:11:52.882 (2885137913)|STATEMENT_EXECUTE|[289]
08:11:52.882 (2885172885)|VARIABLE_ASSIGNMENT|[289]|baseQty|1
08:11:52.882 (2885179385)|STATEMENT_EXECUTE|[292]
08:11:52.882 (2885209195)|VARIABLE_SCOPE_BEGIN|[292]|max|Integer|false|false
08:11:52.882 (2885218966)|VARIABLE_ASSIGNMENT|[292]|max|18
08:11:52.882 (2885222475)|STATEMENT_EXECUTE|[293]
08:11:52.882 (2885253236)|VARIABLE_SCOPE_BEGIN|[293]|min|Integer|false|false
08:11:52.882 (2885263207)|VARIABLE_ASSIGNMENT|[293]|min|0
08:11:52.882 (2885271237)|STATEMENT_EXECUTE|[298]
08:11:52.882 (2885273508)|STATEMENT_EXECUTE|[299]
08:11:52.882 (2885278418)|VARIABLE_ASSIGNMENT|[299]|qty|0
08:11:52.882 (2885282077)|STATEMENT_EXECUTE|[300]
08:11:52.882 (2885285237)|HEAP_ALLOCATE|[300]|Bytes:7
08:11:52.882 (2885289748)|HEAP_ALLOCATE|[300]|Bytes:37
08:11:52.882 (2885293418)|HEAP_ALLOCATE|[300]|Bytes:1
08:11:52.882 (2885303189)|HEAP_ALLOCATE|[300]|Bytes:51
08:11:52.882 (2885325979)|HEAP_ALLOCATE|[EXTERNAL]|Bytes:-4
08:11:52.882 (2885335758)|STATEMENT_EXECUTE|[303]
08:11:52.882 (2885337909)|STATEMENT_EXECUTE|[315]
08:11:52.882 (2885361050)|HEAP_ALLOCATE|[EXTERNAL]|Bytes:-4
08:11:52.882 (2885376260)|STATEMENT_EXECUTE|[317]
08:11:52.882 (2885378439)|STATEMENT_EXECUTE|[318]
08:11:52.882 (2885381741)|HEAP_ALLOCATE|[318]|Bytes:4
08:11:52.882 (2885389520)|VARIABLE_ASSIGNMENT|[318]|changedCpeCount|1
08:11:52.882 (2885403480)|HEAP_ALLOCATE|[276]|Bytes:5
08:11:52.882 (2885416451)|VARIABLE_SCOPE_BEGIN|[276]|key|String|false|false
08:11:52.882 (2885425012)|VARIABLE_ASSIGNMENT|[276]|key|"Modem"
08:11:52.882 (2885428641)|STATEMENT_EXECUTE|[276]
08:11:52.882 (2885430652)|STATEMENT_EXECUTE|[277]
08:11:52.882 (2885436112)|METHOD_ENTRY|[277]|01pdL00000Up09Z|CpeAiAssistantController.normalizeProductName(String)
08:11:52.882 (2885441982)|VARIABLE_SCOPE_BEGIN|[255]|rawName|String|false|false
08:11:52.882 (2885449032)|VARIABLE_ASSIGNMENT|[255]|rawName|"Modem"
08:11:52.882 (2885456713)|HEAP_ALLOCATE|[256]|Bytes:5
08:11:52.882 (2885460423)|STATEMENT_EXECUTE|[255]
08:11:52.882 (2885477202)|STATEMENT_EXECUTE|[256]
08:11:52.882 (2885479183)|STATEMENT_EXECUTE|[257]
08:11:52.882 (2885486103)|HEAP_ALLOCATE|[257]|Bytes:5
08:11:52.882 (2885496274)|VARIABLE_SCOPE_BEGIN|[257]|lower|String|false|false
08:11:52.882 (2885504134)|VARIABLE_ASSIGNMENT|[257]|lower|"modem"
08:11:52.882 (2885528594)|STATEMENT_EXECUTE|[258]
08:11:52.882 (2885577116)|STATEMENT_EXECUTE|[259]
08:11:52.882 (2885588816)|STATEMENT_EXECUTE|[260]
08:11:52.882 (2885594966)|METHOD_EXIT|[277]|01pdL00000Up09Z|CpeAiAssistantController.normalizeProductName(String)
08:11:52.882 (2885601326)|VARIABLE_SCOPE_BEGIN|[277]|normKey|String|false|false
08:11:52.882 (2885610287)|VARIABLE_ASSIGNMENT|[277]|normKey|"Modem"
08:11:52.882 (2885655308)|HEAP_ALLOCATE|[323]|Bytes:16
08:11:52.882 (2885667228)|STATEMENT_EXECUTE|[323]
08:11:52.882 (2885669448)|STATEMENT_EXECUTE|[325]
08:11:52.882 (2885693609)|HEAP_ALLOCATE|[EXTERNAL]|Bytes:-4
08:11:52.882 (2885701189)|STATEMENT_EXECUTE|[326]
08:11:52.882 (2885705029)|VARIABLE_SCOPE_BEGIN|[326]|currentStr|String|false|false
08:11:52.882 (2885714229)|VARIABLE_ASSIGNMENT|[326]|currentStr|""
08:11:52.882 (2885759370)|STATEMENT_EXECUTE|[327]
08:11:52.882 (2885761631)|STATEMENT_EXECUTE|[328]
08:11:52.882 (2885793771)|VARIABLE_ASSIGNMENT|[328]|currentStr|"Wired"
08:11:52.882 (2885824212)|HEAP_ALLOCATE|[330]|Bytes:5
08:11:52.882 (2885844463)|STATEMENT_EXECUTE|[330]
08:11:52.882 (2885853823)|HEAP_ALLOCATE|[276]|Bytes:5
08:11:52.882 (2885866153)|VARIABLE_SCOPE_BEGIN|[276]|key|String|false|false
08:11:52.882 (2885875284)|VARIABLE_ASSIGNMENT|[276]|key|"Wi-Fi Access Point"
08:11:52.882 (2885878894)|STATEMENT_EXECUTE|[276]
08:11:52.882 (2885880944)|STATEMENT_EXECUTE|[277]
08:11:52.882 (2885885744)|METHOD_ENTRY|[277]|01pdL00000Up09Z|CpeAiAssistantController.normalizeProductName(String)
08:11:52.882 (2885890614)|VARIABLE_SCOPE_BEGIN|[255]|rawName|String|false|false
08:11:52.882 (2885898474)|VARIABLE_ASSIGNMENT|[255]|rawName|"Wi-Fi Access Point"
08:11:52.882 (2885905094)|HEAP_ALLOCATE|[256]|Bytes:5
08:11:52.882 (2885909134)|STATEMENT_EXECUTE|[255]
08:11:52.882 (2885924085)|STATEMENT_EXECUTE|[256]
08:11:52.882 (2885926085)|STATEMENT_EXECUTE|[257]
08:11:52.882 (2885934285)|HEAP_ALLOCATE|[257]|Bytes:18
08:11:52.882 (2885944185)|VARIABLE_SCOPE_BEGIN|[257]|lower|String|false|false
08:11:52.882 (2885952196)|VARIABLE_ASSIGNMENT|[257]|lower|"wi-fi access point"
08:11:52.882 (2885978946)|STATEMENT_EXECUTE|[258]
08:11:52.882 (2885990757)|STATEMENT_EXECUTE|[259]
08:11:52.882 (2885995967)|METHOD_EXIT|[277]|01pdL00000Up09Z|CpeAiAssistantController.normalizeProductName(String)
08:11:52.882 (2886001917)|VARIABLE_SCOPE_BEGIN|[277]|normKey|String|false|false
08:11:52.882 (2886010157)|VARIABLE_ASSIGNMENT|[277]|normKey|"Wi-Fi Access Point"
08:11:52.882 (2886027988)|STATEMENT_EXECUTE|[279]
08:11:52.882 (2886030088)|STATEMENT_EXECUTE|[280]
08:11:52.882 (2886040358)|VARIABLE_SCOPE_BEGIN|[280]|qty|Integer|false|false
08:11:52.882 (2886049438)|VARIABLE_ASSIGNMENT|[280]|qty|4
08:11:52.882 (2886061498)|STATEMENT_EXECUTE|[282]
08:11:52.882 (2886063448)|STATEMENT_EXECUTE|[283]
08:11:52.882 (2886066539)|VARIABLE_SCOPE_BEGIN|[283]|current|Integer|false|false
08:11:52.882 (2886072149)|HEAP_ALLOCATE|[283]|Bytes:4
08:11:52.882 (2886078509)|VARIABLE_ASSIGNMENT|[283]|current|0
08:11:52.882 (2886103219)|STATEMENT_EXECUTE|[284]
08:11:52.882 (2886105370)|STATEMENT_EXECUTE|[285]
08:11:52.882 (2886125800)|VARIABLE_ASSIGNMENT|[285]|current|1
08:11:52.882 (2886131030)|STATEMENT_EXECUTE|[287]
08:11:52.882 (2886133590)|VARIABLE_SCOPE_BEGIN|[287]|baseQty|Integer|false|false
08:11:52.882 (2886141590)|VARIABLE_ASSIGNMENT|[287]|baseQty|1
08:11:52.882 (2886181092)|STATEMENT_EXECUTE|[288]
08:11:52.882 (2886183222)|STATEMENT_EXECUTE|[289]
08:11:52.882 (2886204212)|VARIABLE_ASSIGNMENT|[289]|baseQty|1
08:11:52.882 (2886208562)|STATEMENT_EXECUTE|[292]
08:11:52.882 (2886226343)|VARIABLE_SCOPE_BEGIN|[292]|max|Integer|false|false
08:11:52.882 (2886238553)|VARIABLE_ASSIGNMENT|[292]|max|11
08:11:52.882 (2886243133)|STATEMENT_EXECUTE|[293]
08:11:52.882 (2886262024)|VARIABLE_SCOPE_BEGIN|[293]|min|Integer|false|false
08:11:52.882 (2886269774)|VARIABLE_ASSIGNMENT|[293]|min|1
08:11:52.882 (2886276384)|STATEMENT_EXECUTE|[295]
08:11:52.882 (2886279314)|STATEMENT_EXECUTE|[303]
08:11:52.882 (2886281374)|STATEMENT_EXECUTE|[304]
08:11:52.882 (2886285424)|VARIABLE_SCOPE_BEGIN|[304]|required|Integer|false|false
08:11:52.882 (2886291224)|HEAP_ALLOCATE|[304]|Bytes:4
08:11:52.882 (2886297405)|VARIABLE_ASSIGNMENT|[304]|required|3
08:11:52.882 (2886300925)|STATEMENT_EXECUTE|[305]
08:11:52.882 (2886315625)|HEAP_ALLOCATE|[305]|Bytes:10
08:11:52.882 (2886320625)|VARIABLE_SCOPE_BEGIN|[305]|prodCode|String|false|false
08:11:52.882 (2886329575)|VARIABLE_ASSIGNMENT|[305]|prodCode|"WIFI-AP-02"
08:11:52.882 (2886334036)|STATEMENT_EXECUTE|[306]
08:11:52.882 (2886335996)|STATEMENT_EXECUTE|[307]
08:11:52.882 (2886343266)|METHOD_ENTRY|[307]|01pdL00000Up09Z|CpeAiAssistantController.getVanStock(String)
08:11:52.882 (2886354536)|VARIABLE_SCOPE_BEGIN|[404]|productCode|String|false|false
08:11:52.882 (2886362416)|VARIABLE_ASSIGNMENT|[404]|productCode|"WIFI-AP-02"
08:11:52.882 (2886369876)|HEAP_ALLOCATE|[405]|Bytes:5
08:11:52.882 (2886374127)|STATEMENT_EXECUTE|[404]
08:11:52.882 (2886376237)|STATEMENT_EXECUTE|[405]
08:11:52.882 (2886378147)|STATEMENT_EXECUTE|[405]
08:11:52.882 (2886380157)|STATEMENT_EXECUTE|[406]
08:11:52.882 (2886386237)|METHOD_ENTRY|[406]|01pdL00000Up09Z|CpeAiAssistantController.getMyServiceResource()
08:11:52.882 (2886399177)|HEAP_ALLOCATE|[591]|Bytes:5
08:11:52.882 (2886403247)|STATEMENT_EXECUTE|[590]
08:11:52.882 (2886405437)|STATEMENT_EXECUTE|[591]
08:11:52.882 (2886408147)|HEAP_ALLOCATE|[591]|Bytes:163
08:11:52.882 (2886416718)|HEAP_ALLOCATE|[591]|Bytes:4
08:11:52.882 (2886423578)|HEAP_ALLOCATE|[591]|Bytes:7
08:11:52.882 (2886474929)|HEAP_ALLOCATE|[594]|Bytes:105
08:11:52.882 (2886489150)|SYSTEM_METHOD_ENTRY|[1]|UserInfo.UserInfo()
08:11:52.882 (2886493860)|STATEMENT_EXECUTE|[1]
08:11:52.882 (2886501860)|SYSTEM_METHOD_EXIT|[1]|UserInfo
08:11:52.882 (2886511710)|METHOD_ENTRY|[594]||System.UserInfo.getUserId()
08:11:52.882 (2886546261)|METHOD_EXIT|[594]||System.UserInfo.getUserId()
08:11:52.882 (2888740479)|SOQL_EXECUTE_BEGIN|[591]|Aggregations:0|SELECT Id, LocationId, LastKnownLocation, LastKnownLatitude, LastKnownLongitude FROM ServiceResource WHERE (RelatedRecordId = :tmpVar1 AND IsActive = TRUE) LIMIT 1
08:11:52.882 (2896959388)|SOQL_EXECUTE_END|[591]|Rows:1
08:11:52.882 (2897008309)|HEAP_ALLOCATE|[591]|Bytes:8
08:11:52.882 (2897040470)|HEAP_ALLOCATE|[591]|Bytes:201
08:11:52.882 (2897170103)|HEAP_ALLOCATE|[591]|Bytes:8
08:11:52.882 (2897196454)|VARIABLE_SCOPE_BEGIN|[591]|srs|List<ServiceResource>|true|false
08:11:52.882 (2897360498)|VARIABLE_ASSIGNMENT|[591]|srs|[{"LocationId":"131dL000000OKGvQAO","Id":"0HndL000000MjRVSA0","LastKnownLocation":{"latitude":0.0,"longitude":0.0},"LastKnownLatitude":0E-15,"LastKnownLongitude":0E-15}]|0x454ee95c
08:11:52.882 (2897372389)|STATEMENT_EXECUTE|[597]
08:11:52.882 (2897520382)|HEAP_ALLOCATE|[597]|Bytes:24
08:11:52.882 (2897541113)|METHOD_EXIT|[406]|01pdL00000Up09Z|CpeAiAssistantController.getMyServiceResource()
08:11:52.882 (2897549583)|VARIABLE_SCOPE_BEGIN|[406]|sr|ServiceResource|true|false
08:11:52.882 (2897607345)|VARIABLE_ASSIGNMENT|[406]|sr|{"LocationId":"131dL000000OKGvQAO","Id":"0HndL000000MjRVSA0","LastKnownLocation":{"latitude":0.0,"longitude":0.0},"LastKnownLatitude":0E-15,"LastKnownLongitude":0E-15}|0x4ad4b3c7
08:11:52.882 (2897647086)|STATEMENT_EXECUTE|[407]
08:11:52.882 (2897649906)|STATEMENT_EXECUTE|[408]
08:11:52.882 (2897655697)|HEAP_ALLOCATE|[408]|Bytes:112
08:11:52.882 (2897676027)|HEAP_ALLOCATE|[408]|Bytes:4
08:11:52.882 (2897699787)|HEAP_ALLOCATE|[408]|Bytes:7
08:11:52.882 (2901707204)|SOQL_EXECUTE_BEGIN|[408]|Aggregations:0|SELECT QuantityOnHand FROM ProductItem WHERE (LocationId = :tmpVar1 AND Product2.ProductCode = :tmpVar2) LIMIT 1
08:11:52.882 (2914137414)|SOQL_EXECUTE_END|[408]|Rows:0
08:11:52.882 (2914180745)|HEAP_ALLOCATE|[408]|Bytes:4
08:11:52.882 (2914202496)|HEAP_ALLOCATE|[408]|Bytes:0
08:11:52.882 (2914317269)|HEAP_ALLOCATE|[408]|Bytes:4
08:11:52.882 (2914338060)|VARIABLE_SCOPE_BEGIN|[408]|items|List<ProductItem>|true|false
08:11:52.882 (2914360640)|VARIABLE_ASSIGNMENT|[408]|items|[]|0x28f1da30
08:11:52.882 (2914466732)|STATEMENT_EXECUTE|[414]
08:11:52.882 (2914470503)|STATEMENT_EXECUTE|[420]
08:11:52.882 (2914477563)|HEAP_ALLOCATE|[420]|Bytes:125
08:11:52.882 (2914496754)|HEAP_ALLOCATE|[420]|Bytes:4
08:11:52.882 (2915202862)|SOQL_EXECUTE_BEGIN|[420]|Aggregations:0|SELECT QuantityOnHand FROM ProductItem WHERE Product2.ProductCode = :tmpVar1 ORDER BY QuantityOnHand DESC NULLS FIRST LIMIT 1
08:11:52.882 (2920043811)|SOQL_EXECUTE_END|[420]|Rows:1
08:11:52.882 (2920079632)|HEAP_ALLOCATE|[420]|Bytes:8
08:11:52.882 (2920110972)|HEAP_ALLOCATE|[420]|Bytes:115
08:11:52.882 (2920405450)|HEAP_ALLOCATE|[420]|Bytes:8
08:11:52.882 (2920432061)|VARIABLE_SCOPE_BEGIN|[420]|fallbackItems|List<ProductItem>|true|false
08:11:52.882 (2920575725)|VARIABLE_ASSIGNMENT|[420]|fallbackItems|[{"QuantityOnHand":3.00,"Product2Id":"01tdL00000cjw5CQAQ","Id":"0CodL00000DyKMASA3"}]|0x20d57790
08:11:52.882 (2920681037)|HEAP_ALLOCATE|[427]|Bytes:16
08:11:52.882 (2920788820)|HEAP_ALLOCATE|[427]|Bytes:28
08:11:52.882 (2920797450)|HEAP_ALLOCATE|[427]|Bytes:28
08:11:52.882 (2920911483)|STATEMENT_EXECUTE|[427]
08:11:52.882 (2920915194)|STATEMENT_EXECUTE|[428]
08:11:52.882 (2920924104)|HEAP_ALLOCATE|[428]|Bytes:16
08:11:52.882 (2920955055)|HEAP_ALLOCATE|[428]|Bytes:8
08:11:52.882 (2920972575)|METHOD_EXIT|[307]|01pdL00000Up09Z|CpeAiAssistantController.getVanStock(String)
08:11:52.882 (2920981515)|VARIABLE_SCOPE_BEGIN|[307]|vanStock|Integer|false|false
08:11:52.882 (2920993846)|VARIABLE_ASSIGNMENT|[307]|vanStock|3
08:11:52.882 (2921006666)|STATEMENT_EXECUTE|[308]
08:11:52.882 (2921010616)|STATEMENT_EXECUTE|[315]
08:11:52.882 (2921048947)|HEAP_ALLOCATE|[EXTERNAL]|Bytes:-4
08:11:52.882 (2921060887)|STATEMENT_EXECUTE|[317]
08:11:52.882 (2921063677)|STATEMENT_EXECUTE|[318]
08:11:52.882 (2921067748)|HEAP_ALLOCATE|[318]|Bytes:4
08:11:52.882 (2921077078)|VARIABLE_ASSIGNMENT|[318]|changedCpeCount|2
08:11:52.882 (2921099488)|HEAP_ALLOCATE|[276]|Bytes:5
08:11:52.882 (2921117559)|VARIABLE_ASSIGNMENT|[276]|key|null
08:11:52.882 (2921181602)|HEAP_ALLOCATE|[337]|Bytes:52
08:11:52.882 (2921218151)|HEAP_ALLOCATE|[337]|Bytes:5
08:11:52.882 (2921234262)|VARIABLE_SCOPE_BEGIN|[337]|ruleKey|String|false|false
08:11:52.882 (2921257823)|VARIABLE_ASSIGNMENT|[337]|ruleKey|"TV + Receiver"
08:11:52.882 (2921263693)|STATEMENT_EXECUTE|[337]
08:11:52.882 (2921294524)|STATEMENT_EXECUTE|[338]
08:11:52.882 (2921306205)|HEAP_ALLOCATE|[337]|Bytes:5
08:11:52.882 (2921319704)|VARIABLE_SCOPE_BEGIN|[337]|ruleKey|String|false|false
08:11:52.882 (2921330485)|VARIABLE_ASSIGNMENT|[337]|ruleKey|"Modem"
08:11:52.882 (2921335315)|STATEMENT_EXECUTE|[337]
08:11:52.882 (2921346585)|STATEMENT_EXECUTE|[338]
08:11:52.882 (2921355145)|HEAP_ALLOCATE|[337]|Bytes:5
08:11:52.882 (2921366486)|VARIABLE_SCOPE_BEGIN|[337]|ruleKey|String|false|false
08:11:52.882 (2921376856)|VARIABLE_ASSIGNMENT|[337]|ruleKey|"Wi-Fi Access Point"
08:11:52.882 (2921381856)|STATEMENT_EXECUTE|[337]
08:11:52.882 (2921393586)|STATEMENT_EXECUTE|[338]
08:11:52.882 (2921404316)|HEAP_ALLOCATE|[337]|Bytes:5
08:11:52.882 (2921420088)|VARIABLE_ASSIGNMENT|[337]|ruleKey|null
08:11:52.882 (2921425928)|STATEMENT_EXECUTE|[343]
08:11:52.882 (2921462329)|HEAP_ALLOCATE|[EXTERNAL]|Bytes:-4
08:11:52.882 (2921473098)|STATEMENT_EXECUTE|[346]
08:11:52.882 (2921495930)|HEAP_ALLOCATE|[346]|Bytes:4
08:11:52.882 (2921535931)|VARIABLE_SCOPE_BEGIN|[346]|stateChanges|List<Map<String,ANY>>|true|false
08:11:52.882 (2921565621)|HEAP_ALLOCATE|[EXTERNAL]|Bytes:4
08:11:52.882 (2921577101)|VARIABLE_ASSIGNMENT|[346]|stateChanges|[]|0x73f4a960
08:11:52.882 (2921613122)|HEAP_ALLOCATE|[347]|Bytes:52
08:11:52.882 (2921645923)|HEAP_ALLOCATE|[347]|Bytes:5
08:11:52.882 (2921661883)|VARIABLE_SCOPE_BEGIN|[347]|key|String|false|false
08:11:52.882 (2921672024)|VARIABLE_ASSIGNMENT|[347]|key|"TV + Receiver"
08:11:52.882 (2921678514)|STATEMENT_EXECUTE|[347]
08:11:52.882 (2921715755)|STATEMENT_EXECUTE|[348]
08:11:52.882 (2921719515)|STATEMENT_EXECUTE|[349]
08:11:52.882 (2921755006)|VARIABLE_SCOPE_BEGIN|[349]|newVal|Object|false|false
08:11:52.882 (2921772017)|VARIABLE_ASSIGNMENT|[349]|newVal|0
08:11:52.882 (2921777257)|STATEMENT_EXECUTE|[350]
08:11:52.882 (2921830568)|VARIABLE_SCOPE_BEGIN|[350]|curVal|Object|false|false
08:11:52.882 (2921847528)|VARIABLE_ASSIGNMENT|[350]|curVal|1
08:11:52.882 (2921926061)|STATEMENT_EXECUTE|[352]
08:11:52.882 (2921929071)|STATEMENT_EXECUTE|[353]
08:11:52.882 (2921940661)|HEAP_ALLOCATE|[353]|Bytes:4
08:11:52.882 (2921954032)|HEAP_ALLOCATE|[354]|Bytes:5
08:11:52.882 (2921997972)|HEAP_ALLOCATE|[354]|Bytes:13
08:11:52.882 (2922033744)|HEAP_ALLOCATE|[355]|Bytes:11
08:11:52.882 (2922069675)|HEAP_ALLOCATE|[356]|Bytes:8
08:11:52.882 (2922093814)|HEAP_ALLOCATE|[357]|Bytes:8
08:11:52.882 (2922110575)|HEAP_ALLOCATE|[358]|Bytes:5
08:11:52.882 (2922155157)|HEAP_ALLOCATE|[353]|Bytes:4
08:11:52.882 (2922169896)|VARIABLE_SCOPE_BEGIN|[353]|change|Map<String,ANY>|true|false
08:11:52.882 (2922204318)|VARIABLE_ASSIGNMENT|[353]|change|{"label":"TV + RECEIVER","productCode":"O_RES_TV_PLUS_STB","oldUnits":1,"newUnits":0,"units":-1}|0x28725305
08:11:52.882 (2922263619)|STATEMENT_EXECUTE|[361]
08:11:52.882 (2922266790)|STATEMENT_EXECUTE|[362]
08:11:52.882 (2922270330)|HEAP_ALLOCATE|[362]|Bytes:14
08:11:52.882 (2922310631)|HEAP_ALLOCATE|[362]|Bytes:4
08:11:52.882 (2922322371)|HEAP_ALLOCATE|[EXTERNAL]|Bytes:-4
08:11:52.882 (2922330772)|STATEMENT_EXECUTE|[365]
08:11:52.882 (2922341282)|VARIABLE_SCOPE_BEGIN|[365]|curQty|Integer|false|false
08:11:52.882 (2922351972)|VARIABLE_ASSIGNMENT|[365]|curQty|1
08:11:52.882 (2922356532)|STATEMENT_EXECUTE|[366]
08:11:52.882 (2922364742)|VARIABLE_SCOPE_BEGIN|[366]|newQty|Integer|false|false
08:11:52.882 (2922374243)|VARIABLE_ASSIGNMENT|[366]|newQty|0
08:11:52.882 (2922378483)|STATEMENT_EXECUTE|[367]
08:11:52.882 (2922382163)|VARIABLE_SCOPE_BEGIN|[367]|diff|Integer|false|false
08:11:52.882 (2922388262)|HEAP_ALLOCATE|[367]|Bytes:4
08:11:52.882 (2922395542)|VARIABLE_ASSIGNMENT|[367]|diff|-1
08:11:52.882 (2922399733)|STATEMENT_EXECUTE|[368]
08:11:52.882 (2922476184)|VARIABLE_SCOPE_BEGIN|[2]|System.Math.E|Double|false|true
08:11:52.882 (2922484345)|VARIABLE_SCOPE_BEGIN|[3]|System.Math.PI|Double|false|true
08:11:52.882 (2922501625)|HEAP_ALLOCATE|[368]|Bytes:206
08:11:52.882 (2922518977)|SYSTEM_METHOD_ENTRY|[1]|Math.Math()
08:11:52.882 (2922524117)|STATEMENT_EXECUTE|[1]
08:11:52.882 (2922617879)|SYSTEM_METHOD_EXIT|[1]|Math
08:11:52.882 (2922630450)|METHOD_ENTRY|[368]||System.Math.abs(Integer)
08:11:52.882 (2922692401)|METHOD_EXIT|[368]||System.Math.abs(Integer)
08:11:52.882 (2922697911)|VARIABLE_SCOPE_BEGIN|[368]|diffAbs|Integer|false|false
08:11:52.882 (2922702891)|HEAP_ALLOCATE|[368]|Bytes:4
08:11:52.882 (2922711332)|VARIABLE_ASSIGNMENT|[368]|diffAbs|1
08:11:52.882 (2922722842)|STATEMENT_EXECUTE|[370]
08:11:52.882 (2922725162)|STATEMENT_EXECUTE|[371]
08:11:52.882 (2922728282)|HEAP_ALLOCATE|[371]|Bytes:12
08:11:52.882 (2922734722)|HEAP_ALLOCATE|[371]|Bytes:2
08:11:52.882 (2922767243)|HEAP_ALLOCATE|[371]|Bytes:2
08:11:52.882 (2922779063)|HEAP_ALLOCATE|[371]|Bytes:3
08:11:52.882 (2922787014)|HEAP_ALLOCATE|[371]|Bytes:7
08:11:52.882 (2922799844)|HEAP_ALLOCATE|[EXTERNAL]|Bytes:-4
08:11:52.882 (2922808024)|STATEMENT_EXECUTE|[378]
08:11:52.882 (2922831225)|HEAP_ALLOCATE|[EXTERNAL]|Bytes:4
08:11:52.882 (2922849635)|HEAP_ALLOCATE|[347]|Bytes:5
08:11:52.882 (2922862936)|VARIABLE_SCOPE_BEGIN|[347]|key|String|false|false
08:11:52.882 (2922872046)|VARIABLE_ASSIGNMENT|[347]|key|"Modem"
08:11:52.882 (2922876036)|STATEMENT_EXECUTE|[347]
08:11:52.882 (2922887796)|STATEMENT_EXECUTE|[348]
08:11:52.882 (2922889806)|STATEMENT_EXECUTE|[349]
08:11:52.882 (2922902197)|VARIABLE_SCOPE_BEGIN|[349]|newVal|Object|false|false
08:11:52.882 (2922912917)|VARIABLE_ASSIGNMENT|[349]|newVal|"Wired"
08:11:52.882 (2922916747)|STATEMENT_EXECUTE|[350]
08:11:52.882 (2922941118)|VARIABLE_SCOPE_BEGIN|[350]|curVal|Object|false|false
08:11:52.882 (2922950588)|VARIABLE_ASSIGNMENT|[350]|curVal|"Wired"
08:11:52.882 (2922966288)|STATEMENT_EXECUTE|[352]
08:11:52.882 (2922974969)|HEAP_ALLOCATE|[347]|Bytes:5
08:11:52.882 (2922987199)|VARIABLE_SCOPE_BEGIN|[347]|key|String|false|false
08:11:52.882 (2922996079)|VARIABLE_ASSIGNMENT|[347]|key|"Wi-Fi Access Point"
08:11:52.882 (2922999649)|STATEMENT_EXECUTE|[347]
08:11:52.882 (2923009779)|STATEMENT_EXECUTE|[348]
08:11:52.882 (2923012400)|STATEMENT_EXECUTE|[349]
08:11:52.882 (2923023410)|VARIABLE_SCOPE_BEGIN|[349]|newVal|Object|false|false
08:11:52.882 (2923033710)|VARIABLE_ASSIGNMENT|[349]|newVal|4
08:11:52.882 (2923037440)|STATEMENT_EXECUTE|[350]
08:11:52.882 (2923060081)|VARIABLE_SCOPE_BEGIN|[350]|curVal|Object|false|false
08:11:52.882 (2923070461)|VARIABLE_ASSIGNMENT|[350]|curVal|1
08:11:52.882 (2923084541)|STATEMENT_EXECUTE|[352]
08:11:52.882 (2923086541)|STATEMENT_EXECUTE|[353]
08:11:52.882 (2923093372)|HEAP_ALLOCATE|[353]|Bytes:4
08:11:52.882 (2923108352)|HEAP_ALLOCATE|[354]|Bytes:18
08:11:52.882 (2923140283)|HEAP_ALLOCATE|[355]|Bytes:23
08:11:52.882 (2923187094)|HEAP_ALLOCATE|[353]|Bytes:4
08:11:52.882 (2923199054)|VARIABLE_SCOPE_BEGIN|[353]|change|Map<String,ANY>|true|false
08:11:52.882 (2923220505)|VARIABLE_ASSIGNMENT|[353]|change|{"label":"WI-FI ACCESS POINT","productCode":"O_RES_HSI_WIFI_EXTEN (3 more) ...","oldUnits":1,"newUnits":4,"units":3}|0x4c874512
08:11:52.882 (2923251596)|STATEMENT_EXECUTE|[361]
08:11:52.882 (2923253816)|STATEMENT_EXECUTE|[362]
08:11:52.882 (2923276516)|HEAP_ALLOCATE|[362]|Bytes:4
08:11:52.882 (2923285967)|HEAP_ALLOCATE|[EXTERNAL]|Bytes:-4
08:11:52.882 (2923293447)|STATEMENT_EXECUTE|[365]
08:11:52.882 (2923301787)|VARIABLE_SCOPE_BEGIN|[365]|curQty|Integer|false|false
08:11:52.882 (2923310547)|VARIABLE_ASSIGNMENT|[365]|curQty|1
08:11:52.882 (2923313827)|STATEMENT_EXECUTE|[366]
08:11:52.882 (2923321518)|VARIABLE_SCOPE_BEGIN|[366]|newQty|Integer|false|false
08:11:52.882 (2923328918)|VARIABLE_ASSIGNMENT|[366]|newQty|4
08:11:52.882 (2923332208)|STATEMENT_EXECUTE|[367]
08:11:52.882 (2923335448)|VARIABLE_SCOPE_BEGIN|[367]|diff|Integer|false|false
08:11:52.882 (2923340648)|HEAP_ALLOCATE|[367]|Bytes:4
08:11:52.882 (2923347228)|VARIABLE_ASSIGNMENT|[367]|diff|3
08:11:52.882 (2923350748)|STATEMENT_EXECUTE|[368]
08:11:52.882 (2923356469)|METHOD_ENTRY|[368]||System.Math.abs(Integer)
08:11:52.882 (2923413760)|METHOD_EXIT|[368]||System.Math.abs(Integer)
08:11:52.882 (2923419910)|VARIABLE_SCOPE_BEGIN|[368]|diffAbs|Integer|false|false
08:11:52.882 (2923426180)|HEAP_ALLOCATE|[368]|Bytes:4
08:11:52.882 (2923432881)|VARIABLE_ASSIGNMENT|[368]|diffAbs|3
08:11:52.882 (2923445811)|STATEMENT_EXECUTE|[374]
08:11:52.882 (2923447941)|STATEMENT_EXECUTE|[375]
08:11:52.882 (2923453121)|HEAP_ALLOCATE|[375]|Bytes:2
08:11:52.882 (2923481202)|HEAP_ALLOCATE|[375]|Bytes:2
08:11:52.882 (2923494772)|HEAP_ALLOCATE|[375]|Bytes:7
08:11:52.882 (2923506382)|HEAP_ALLOCATE|[EXTERNAL]|Bytes:-4
08:11:52.882 (2923513963)|STATEMENT_EXECUTE|[378]
08:11:52.882 (2923520913)|HEAP_ALLOCATE|[EXTERNAL]|Bytes:4
08:11:52.882 (2923535023)|HEAP_ALLOCATE|[347]|Bytes:5
08:11:52.882 (2923547304)|VARIABLE_ASSIGNMENT|[347]|key|null
08:11:52.882 (2923552944)|STATEMENT_EXECUTE|[382]
08:11:52.882 (2923556014)|HEAP_ALLOCATE|[382]|Bytes:12
08:11:52.882 (2923577734)|HEAP_ALLOCATE|[EXTERNAL]|Bytes:-4
08:11:52.882 (2923609935)|STATEMENT_EXECUTE|[383]
08:11:52.882 (2923614205)|STATEMENT_EXECUTE|[388]
08:11:52.882 (2923616475)|STATEMENT_EXECUTE|[389]
08:11:52.882 (2923619365)|HEAP_ALLOCATE|[389]|Bytes:21
08:11:52.882 (2923639766)|HEAP_ALLOCATE|[389]|Bytes:5
08:11:52.882 (2923644766)|HEAP_ALLOCATE|[EXTERNAL]|Bytes:-4
08:11:52.882 (2923652866)|STATEMENT_EXECUTE|[401]
08:11:52.882 (2923663877)|METHOD_EXIT|[142]|01pdL00000Up09Z|CpeAiAssistantController.parseAndValidateAgentResponse(String, Map<String,Map<String,ANY>>)
08:11:52.882 (2923670317)|VARIABLE_SCOPE_BEGIN|[142]|validatedResponse|Map<String,ANY>|true|false
08:11:52.882 (2923693477)|VARIABLE_ASSIGNMENT|[142]|validatedResponse|{"message":"Cannot go below mini (31 more) ...","newState":{"TV + Receiver":0,"Modem":"Wired","Wi-Fi Access Point":4},"stateChanges":["Map of size 7 too large to display","Map of size 7 too large to display"],"requireOtherCpePrompt":true}|0x2b24fb26
08:11:52.882 (2923701018)|STATEMENT_EXECUTE|[144]
08:11:52.882 (2923709088)|METHOD_ENTRY|[144]||System.JSON.serialize(Object)
08:11:52.882 (2924928570)|METHOD_EXIT|[144]||System.JSON.serialize(Object)
08:11:52.925 (2925025252)|CUMULATIVE_LIMIT_USAGE
08:11:52.925 (2925025252)|LIMIT_USAGE_FOR_NS|(default)|
  Number of SOQL queries: 3 out of 100
  Number of query rows: 2 out of 50000
  Number of SOSL queries: 0 out of 20
  Number of DML statements: 0 out of 150
  Number of Publish Immediate DML: 0 out of 150
  Number of DML rows: 0 out of 10000
  Maximum CPU time: 501 out of 10000
  Maximum heap size: 0 out of 6000000
  Number of callouts: 0 out of 100
  Number of Email Invocations: 0 out of 10
  Number of future calls: 0 out of 50
  Number of queueable jobs added to the queue: 0 out of 50
  Number of Mobile Apex push calls: 0 out of 10

08:11:52.925 (2925025252)|CUMULATIVE_LIMIT_USAGE_END

08:11:52.882 (2925078885)|CODE_UNIT_FINISHED|CpeAiAssistantController.sendMessageToAgent(String, String, String, String)
08:11:52.882 (2925334871)|CODE_UNIT_FINISHED|apex://CpeAiAssistantController/ACTION$sendMessageToAgent
08:11:52.882 (2925346492)|EXECUTION_FINISHED
