66.0 APEX_CODE,FINEST;APEX_PROFILING,INFO;CALLOUT,INFO;DATA_ACCESS,INFO;DB,INFO;NBA,INFO;SYSTEM,DEBUG;VALIDATION,INFO;VISUALFORCE,INFO;WAVE,INFO;WORKFLOW,INFO
07:45:17.2 (2152644)|USER_INFO|[EXTERNAL]|005dL00001kiJYb|abhijithshaibinu001.b869139f1496@agentforce.com|(GMT-07:00) Pacific Daylight Time (America/Los_Angeles)|GMT-07:00
07:45:17.2 (2250267)|EXECUTION_STARTED
07:45:17.2 (2276687)|CODE_UNIT_STARTED|[EXTERNAL]|apex://CpeAiAssistantController/ACTION$sendMessageToAgent
07:45:17.2 (5645342)|CODE_UNIT_STARTED|[EXTERNAL]|01pdL00000Up09Z|CpeAiAssistantController.sendMessageToAgent(String, String, String, String)
07:45:17.2 (6165805)|HEAP_ALLOCATE|[95]|Bytes:3
07:45:17.2 (6350080)|HEAP_ALLOCATE|[100]|Bytes:152
07:45:17.2 (6367300)|HEAP_ALLOCATE|[417]|Bytes:408
07:45:17.2 (6378370)|HEAP_ALLOCATE|[430]|Bytes:408
07:45:17.2 (6401681)|HEAP_ALLOCATE|[317]|Bytes:6
07:45:17.2 (6417741)|HEAP_ALLOCATE|[EXTERNAL]|Bytes:44
07:45:17.2 (6426102)|HEAP_ALLOCATE|[EXTERNAL]|Bytes:6
07:45:17.2 (6476003)|METHOD_ENTRY|[1]|01pdL00000Up09Z|CpeAiAssistantController.CpeAiAssistantController()
07:45:17.2 (6499293)|STATEMENT_EXECUTE|[1]
07:45:17.2 (6510264)|STATEMENT_EXECUTE|[1]
07:45:17.2 (6551465)|HEAP_ALLOCATE|[68]|Bytes:5
07:45:17.2 (6604616)|HEAP_ALLOCATE|[74]|Bytes:5
07:45:17.2 (6614656)|HEAP_ALLOCATE|[82]|Bytes:7
07:45:17.2 (7016526)|HEAP_ALLOCATE|[EXTERNAL]|Bytes:5
07:45:17.2 (7069478)|METHOD_EXIT|[1]|CpeAiAssistantController
07:45:17.2 (7077358)|HEAP_ALLOCATE|[EXTERNAL]|Bytes:18
07:45:17.2 (7081178)|HEAP_ALLOCATE|[EXTERNAL]|Bytes:734
07:45:17.2 (7084078)|HEAP_ALLOCATE|[EXTERNAL]|Bytes:58
07:45:17.2 (7086798)|HEAP_ALLOCATE|[EXTERNAL]|Bytes:242
07:45:17.2 (7105089)|VARIABLE_SCOPE_BEGIN|[71]|userMessage|String|false|false
07:45:17.2 (7188921)|VARIABLE_ASSIGNMENT|[71]|userMessage|"Add 2 TV Receivers"
07:45:17.2 (7196390)|VARIABLE_SCOPE_BEGIN|[71]|cpeItemsJson|String|false|false
07:45:17.2 (7206651)|VARIABLE_ASSIGNMENT|[71]|cpeItemsJson|"{\n  \"CpeItems\": [\n   (714 more) ..."
07:45:17.2 (7210701)|VARIABLE_SCOPE_BEGIN|[71]|currentCartJson|String|false|false
07:45:17.2 (7218121)|VARIABLE_ASSIGNMENT|[71]|currentCartJson|"{\"TV + Receiver\":4,\" (38 more) ..."
07:45:17.2 (7221701)|VARIABLE_SCOPE_BEGIN|[71]|chatHistory|String|false|false
07:45:17.2 (7228502)|VARIABLE_ASSIGNMENT|[71]|chatHistory|"Technician: Add Rece (222 more) ..."
07:45:17.2 (7241102)|HEAP_ALLOCATE|[72]|Bytes:5
07:45:17.2 (7245831)|STATEMENT_EXECUTE|[71]
07:45:17.2 (7248092)|STATEMENT_EXECUTE|[72]
07:45:17.2 (7249972)|STATEMENT_EXECUTE|[72]
07:45:17.2 (7252102)|STATEMENT_EXECUTE|[74]
07:45:17.2 (7310313)|METHOD_ENTRY|[74]|01pdL00000Up09Z|CpeAiAssistantController.buildRulePayload(String, String)
07:45:17.2 (7347314)|VARIABLE_SCOPE_BEGIN|[156]|cpeItemsJson|String|false|false
07:45:17.2 (7357345)|VARIABLE_ASSIGNMENT|[156]|cpeItemsJson|"{\n  \"CpeItems\": [\n   (714 more) ..."
07:45:17.2 (7361505)|VARIABLE_SCOPE_BEGIN|[156]|currentCartJson|String|false|false
07:45:17.2 (7368665)|VARIABLE_ASSIGNMENT|[156]|currentCartJson|"{\"TV + Receiver\":4,\" (38 more) ..."
07:45:17.2 (7378085)|HEAP_ALLOCATE|[157]|Bytes:5
07:45:17.2 (7383135)|STATEMENT_EXECUTE|[156]
07:45:17.2 (7385586)|STATEMENT_EXECUTE|[157]
07:45:17.2 (7405715)|HEAP_ALLOCATE|[157]|Bytes:4
07:45:17.2 (7422355)|VARIABLE_SCOPE_BEGIN|[157]|rules|Map<String,Map<String,ANY>>|true|false
07:45:17.2 (7450916)|VARIABLE_ASSIGNMENT|[157]|rules|{}|0x71ec2b63
07:45:17.2 (7455897)|STATEMENT_EXECUTE|[158]
07:45:17.2 (7459687)|HEAP_ALLOCATE|[158]|Bytes:13
07:45:17.2 (7468628)|HEAP_ALLOCATE|[158]|Bytes:4
07:45:17.2 (7474858)|HEAP_ALLOCATE|[158]|Bytes:7
07:45:17.2 (7551759)|HEAP_ALLOCATE|[158]|Bytes:4
07:45:17.2 (7622091)|HEAP_ALLOCATE|[158]|Bytes:3
07:45:17.2 (7631622)|HEAP_ALLOCATE|[158]|Bytes:4
07:45:17.2 (7642132)|HEAP_ALLOCATE|[158]|Bytes:3
07:45:17.2 (7649552)|HEAP_ALLOCATE|[158]|Bytes:4
07:45:17.2 (7690503)|HEAP_ALLOCATE|[EXTERNAL]|Bytes:-4
07:45:17.2 (7697333)|STATEMENT_EXECUTE|[159]
07:45:17.2 (7700473)|HEAP_ALLOCATE|[159]|Bytes:5
07:45:17.2 (7708674)|HEAP_ALLOCATE|[159]|Bytes:4
07:45:17.2 (7714483)|HEAP_ALLOCATE|[159]|Bytes:5
07:45:17.2 (7741283)|HEAP_ALLOCATE|[159]|Bytes:4
07:45:17.2 (7755275)|HEAP_ALLOCATE|[159]|Bytes:4
07:45:17.2 (7768564)|HEAP_ALLOCATE|[EXTERNAL]|Bytes:-4
07:45:17.2 (7774604)|STATEMENT_EXECUTE|[160]
07:45:17.2 (7777945)|HEAP_ALLOCATE|[160]|Bytes:18
07:45:17.2 (7784605)|HEAP_ALLOCATE|[160]|Bytes:4
07:45:17.2 (7803645)|HEAP_ALLOCATE|[160]|Bytes:4
07:45:17.2 (7817765)|HEAP_ALLOCATE|[160]|Bytes:4
07:45:17.2 (7829467)|HEAP_ALLOCATE|[160]|Bytes:4
07:45:17.2 (7842237)|HEAP_ALLOCATE|[EXTERNAL]|Bytes:-4
07:45:17.2 (7970689)|STATEMENT_EXECUTE|[162]
07:45:17.2 (7974049)|STATEMENT_EXECUTE|[163]
07:45:17.2 (7976120)|STATEMENT_EXECUTE|[163]
07:45:17.2 (7978329)|STATEMENT_EXECUTE|[164]
07:45:17.2 (8027322)|HEAP_ALLOCATE|[164]|Bytes:24
07:45:17.2 (8038542)|SYSTEM_METHOD_ENTRY|[1]|JSON.JSON()
07:45:17.2 (8042392)|STATEMENT_EXECUTE|[1]
07:45:17.2 (8052872)|SYSTEM_METHOD_EXIT|[1]|JSON
07:45:17.2 (8061982)|METHOD_ENTRY|[164]||System.JSON.deserializeUntyped(String)
07:45:17.2 (13485648)|METHOD_EXIT|[164]||System.JSON.deserializeUntyped(String)
07:45:17.2 (13520028)|VARIABLE_SCOPE_BEGIN|[164]|currentCart|Map<String,ANY>|true|false
07:45:17.2 (13556189)|VARIABLE_ASSIGNMENT|[164]|currentCart|{"TV + Receiver":4,"Modem":"Wired","Wi-Fi Access Point":1}|0x6c5ab85c
07:45:17.2 (13706244)|HEAP_ALLOCATE|[165]|Bytes:52
07:45:17.2 (13841427)|HEAP_ALLOCATE|[165]|Bytes:5
07:45:17.2 (13883597)|VARIABLE_SCOPE_BEGIN|[165]|key|String|false|false
07:45:17.2 (13897118)|VARIABLE_ASSIGNMENT|[165]|key|"TV + Receiver"
07:45:17.2 (13907349)|STATEMENT_EXECUTE|[165]
07:45:17.2 (13910469)|STATEMENT_EXECUTE|[166]
07:45:17.2 (13926278)|METHOD_ENTRY|[166]|01pdL00000Up09Z|CpeAiAssistantController.normalizeProductName(String)
07:45:17.2 (13944700)|VARIABLE_SCOPE_BEGIN|[252]|rawName|String|false|false
07:45:17.2 (13955759)|VARIABLE_ASSIGNMENT|[252]|rawName|"TV + Receiver"
07:45:17.2 (13969079)|HEAP_ALLOCATE|[253]|Bytes:5
07:45:17.2 (13974439)|STATEMENT_EXECUTE|[252]
07:45:17.2 (14023102)|STATEMENT_EXECUTE|[253]
07:45:17.2 (14027142)|STATEMENT_EXECUTE|[254]
07:45:17.2 (14052332)|HEAP_ALLOCATE|[254]|Bytes:13
07:45:17.2 (14067333)|VARIABLE_SCOPE_BEGIN|[254]|lower|String|false|false
07:45:17.2 (14080162)|VARIABLE_ASSIGNMENT|[254]|lower|"tv + receiver"
07:45:17.2 (14087202)|HEAP_ALLOCATE|[255]|Bytes:2
07:45:17.2 (14130803)|STATEMENT_EXECUTE|[255]
07:45:17.2 (14143215)|METHOD_EXIT|[166]|01pdL00000Up09Z|CpeAiAssistantController.normalizeProductName(String)
07:45:17.2 (14150945)|VARIABLE_SCOPE_BEGIN|[166]|normKey|String|false|false
07:45:17.2 (14162564)|VARIABLE_ASSIGNMENT|[166]|normKey|"TV + Receiver"
07:45:17.2 (14245067)|STATEMENT_EXECUTE|[167]
07:45:17.2 (14248637)|STATEMENT_EXECUTE|[168]
07:45:17.2 (14412130)|HEAP_ALLOCATE|[165]|Bytes:5
07:45:17.2 (14433371)|VARIABLE_SCOPE_BEGIN|[165]|key|String|false|false
07:45:17.2 (14448832)|VARIABLE_ASSIGNMENT|[165]|key|"Modem"
07:45:17.2 (14455153)|STATEMENT_EXECUTE|[165]
07:45:17.2 (14458403)|STATEMENT_EXECUTE|[166]
07:45:17.2 (14465873)|METHOD_ENTRY|[166]|01pdL00000Up09Z|CpeAiAssistantController.normalizeProductName(String)
07:45:17.2 (14474252)|VARIABLE_SCOPE_BEGIN|[252]|rawName|String|false|false
07:45:17.2 (14485673)|VARIABLE_ASSIGNMENT|[252]|rawName|"Modem"
07:45:17.2 (14497964)|HEAP_ALLOCATE|[253]|Bytes:5
07:45:17.2 (14503744)|STATEMENT_EXECUTE|[252]
07:45:17.2 (14526573)|STATEMENT_EXECUTE|[253]
07:45:17.2 (14529584)|STATEMENT_EXECUTE|[254]
07:45:17.2 (14540285)|HEAP_ALLOCATE|[254]|Bytes:5
07:45:17.2 (14553165)|VARIABLE_SCOPE_BEGIN|[254]|lower|String|false|false
07:45:17.2 (14566195)|VARIABLE_ASSIGNMENT|[254]|lower|"modem"
07:45:17.2 (14591295)|HEAP_ALLOCATE|[255]|Bytes:8
07:45:17.2 (14614367)|STATEMENT_EXECUTE|[255]
07:45:17.2 (14618757)|HEAP_ALLOCATE|[256]|Bytes:5
07:45:17.2 (14655048)|HEAP_ALLOCATE|[256]|Bytes:4
07:45:17.2 (14676897)|HEAP_ALLOCATE|[256]|Bytes:2
07:45:17.2 (14696789)|HEAP_ALLOCATE|[256]|Bytes:12
07:45:17.2 (14715898)|HEAP_ALLOCATE|[256]|Bytes:6
07:45:17.2 (14734699)|STATEMENT_EXECUTE|[256]
07:45:17.2 (14738240)|HEAP_ALLOCATE|[257]|Bytes:5
07:45:17.2 (14767230)|STATEMENT_EXECUTE|[257]
07:45:17.2 (14776531)|METHOD_EXIT|[166]|01pdL00000Up09Z|CpeAiAssistantController.normalizeProductName(String)
07:45:17.2 (14785391)|VARIABLE_SCOPE_BEGIN|[166]|normKey|String|false|false
07:45:17.2 (14794471)|VARIABLE_ASSIGNMENT|[166]|normKey|"Modem"
07:45:17.2 (14807321)|STATEMENT_EXECUTE|[167]
07:45:17.2 (14809331)|STATEMENT_EXECUTE|[168]
07:45:17.2 (14848482)|HEAP_ALLOCATE|[165]|Bytes:5
07:45:17.2 (14861483)|VARIABLE_SCOPE_BEGIN|[165]|key|String|false|false
07:45:17.2 (14870093)|VARIABLE_ASSIGNMENT|[165]|key|"Wi-Fi Access Point"
07:45:17.2 (14874013)|STATEMENT_EXECUTE|[165]
07:45:17.2 (14876182)|STATEMENT_EXECUTE|[166]
07:45:17.2 (14880333)|METHOD_ENTRY|[166]|01pdL00000Up09Z|CpeAiAssistantController.normalizeProductName(String)
07:45:17.2 (14885153)|VARIABLE_SCOPE_BEGIN|[252]|rawName|String|false|false
07:45:17.2 (14892084)|VARIABLE_ASSIGNMENT|[252]|rawName|"Wi-Fi Access Point"
07:45:17.2 (14899124)|HEAP_ALLOCATE|[253]|Bytes:5
07:45:17.2 (14903884)|STATEMENT_EXECUTE|[252]
07:45:17.2 (14919644)|STATEMENT_EXECUTE|[253]
07:45:17.2 (14921754)|STATEMENT_EXECUTE|[254]
07:45:17.2 (14929863)|HEAP_ALLOCATE|[254]|Bytes:18
07:45:17.2 (14939005)|VARIABLE_SCOPE_BEGIN|[254]|lower|String|false|false
07:45:17.2 (14946795)|VARIABLE_ASSIGNMENT|[254]|lower|"wi-fi access point"
07:45:17.2 (14970495)|STATEMENT_EXECUTE|[255]
07:45:17.2 (14983006)|STATEMENT_EXECUTE|[256]
07:45:17.2 (14988166)|METHOD_EXIT|[166]|01pdL00000Up09Z|CpeAiAssistantController.normalizeProductName(String)
07:45:17.2 (14993116)|VARIABLE_SCOPE_BEGIN|[166]|normKey|String|false|false
07:45:17.2 (15001025)|VARIABLE_ASSIGNMENT|[166]|normKey|"Wi-Fi Access Point"
07:45:17.2 (15013087)|STATEMENT_EXECUTE|[167]
07:45:17.2 (15015906)|STATEMENT_EXECUTE|[168]
07:45:17.2 (15051427)|HEAP_ALLOCATE|[165]|Bytes:5
07:45:17.2 (15071568)|VARIABLE_ASSIGNMENT|[165]|key|null
07:45:17.2 (15102329)|STATEMENT_EXECUTE|[174]
07:45:17.2 (15104929)|STATEMENT_EXECUTE|[175]
07:45:17.2 (15106899)|STATEMENT_EXECUTE|[175]
07:45:17.2 (15109068)|STATEMENT_EXECUTE|[176]
07:45:17.2 (15114319)|METHOD_ENTRY|[176]||System.JSON.deserializeUntyped(String)
07:45:17.2 (16388071)|METHOD_EXIT|[176]||System.JSON.deserializeUntyped(String)
07:45:17.2 (16399411)|VARIABLE_SCOPE_BEGIN|[176]|itemsMap|Map<String,ANY>|true|false
07:45:17.2 (16441272)|HEAP_ALLOCATE|[EXTERNAL]|Bytes:20
07:45:17.2 (16484494)|VARIABLE_ASSIGNMENT|[176]|itemsMap|{"CpeItems":["Map of size 6 too large to display",{"itemType":"childProduct","maxQuantity":15,"minQuantity":0,"defaultQuantity":0,"ProductCode":"O_RES_TV_PLUS_ADDL_S (2 more) ..."},"Map of size 6 too large to display",{"itemType":"childProduct","maxQuantity":99999,"minQuantity":0,"defaultQuantity":0,"ProductCode":"O_RES_HSI_WIFI_EXTEN (3 more) ..."}]}|0xc62c70f
07:45:17.2 (16492863)|STATEMENT_EXECUTE|[177]
07:45:17.2 (16511274)|HEAP_ALLOCATE|[177]|Bytes:4
07:45:17.2 (16580876)|VARIABLE_SCOPE_BEGIN|[177]|items|List<ANY>|true|false
07:45:17.2 (16593416)|HEAP_ALLOCATE|[EXTERNAL]|Bytes:4
07:45:17.2 (16603337)|VARIABLE_ASSIGNMENT|[177]|items|[]|0x67ed1a00
07:45:17.2 (16609186)|HEAP_ALLOCATE|[178]|Bytes:8
07:45:17.2 (16636666)|STATEMENT_EXECUTE|[178]
07:45:17.2 (16639207)|STATEMENT_EXECUTE|[179]
07:45:17.2 (16686339)|VARIABLE_ASSIGNMENT|[179]|items|["Map of size 6 too large to display",{"itemType":"childProduct","maxQuantity":15,"minQuantity":0,"defaultQuantity":0,"ProductCode":"O_RES_TV_PLUS_ADDL_S (2 more) ..."},"Map of size 6 too large to display",{"itemType":"childProduct","maxQuantity":99999,"minQuantity":0,"defaultQuantity":0,"ProductCode":"O_RES_HSI_WIFI_EXTEN (3 more) ..."}]|0x40cb4802
07:45:17.2 (16694369)|STATEMENT_EXECUTE|[182]
07:45:17.2 (16709529)|HEAP_ALLOCATE|[182]|Bytes:4
07:45:17.2 (16720469)|VARIABLE_SCOPE_BEGIN|[182]|limits|Map<String,Map<String,Integer>>|true|false
07:45:17.2 (16730909)|VARIABLE_ASSIGNMENT|[182]|limits|{}|0x501a5a5b
07:45:17.2 (16734890)|STATEMENT_EXECUTE|[183]
07:45:17.2 (16742540)|HEAP_ALLOCATE|[183]|Bytes:4
07:45:17.2 (16750610)|HEAP_ALLOCATE|[183]|Bytes:6
07:45:17.2 (16773161)|HEAP_ALLOCATE|[183]|Bytes:4
07:45:17.2 (16783861)|HEAP_ALLOCATE|[183]|Bytes:6
07:45:17.2 (16792691)|HEAP_ALLOCATE|[183]|Bytes:4
07:45:17.2 (16804871)|HEAP_ALLOCATE|[183]|Bytes:4
07:45:17.2 (16819982)|HEAP_ALLOCATE|[EXTERNAL]|Bytes:-4
07:45:17.2 (16826042)|STATEMENT_EXECUTE|[184]
07:45:17.2 (16832431)|HEAP_ALLOCATE|[184]|Bytes:4
07:45:17.2 (16851863)|HEAP_ALLOCATE|[184]|Bytes:4
07:45:17.2 (16865333)|HEAP_ALLOCATE|[184]|Bytes:4
07:45:17.2 (16875392)|HEAP_ALLOCATE|[184]|Bytes:4
07:45:17.2 (16886353)|HEAP_ALLOCATE|[EXTERNAL]|Bytes:-4
07:45:17.2 (16892524)|STATEMENT_EXECUTE|[185]
07:45:17.2 (16898644)|HEAP_ALLOCATE|[185]|Bytes:4
07:45:17.2 (16917544)|HEAP_ALLOCATE|[185]|Bytes:4
07:45:17.2 (16929545)|HEAP_ALLOCATE|[185]|Bytes:4
07:45:17.2 (16940754)|HEAP_ALLOCATE|[EXTERNAL]|Bytes:-4
07:45:17.2 (16946505)|STATEMENT_EXECUTE|[187]
07:45:17.2 (16958295)|METHOD_ENTRY|[187]|01pdL00000Up09Z|CpeAiAssistantController.extractCodes(List<ANY>, Map<String,Map<String,Integer>>)
07:45:17.2 (16990016)|VARIABLE_SCOPE_BEGIN|[200]|items|List<ANY>|true|false
07:45:17.2 (17008247)|VARIABLE_ASSIGNMENT|[200]|items|["Map of size 6 too large to display",{"itemType":"childProduct","maxQuantity":15,"minQuantity":0,"defaultQuantity":0,"ProductCode":"O_RES_TV_PLUS_ADDL_S (2 more) ..."},"Map of size 6 too large to display",{"itemType":"childProduct","maxQuantity":99999,"minQuantity":0,"defaultQuantity":0,"ProductCode":"O_RES_HSI_WIFI_EXTEN (3 more) ..."}]|0x40cb4802
07:45:17.2 (17015287)|VARIABLE_SCOPE_BEGIN|[200]|limits|Map<String,Map<String,Integer>>|true|false
07:45:17.2 (17027756)|VARIABLE_ASSIGNMENT|[200]|limits|{"tv":{"maxInc":3,"maxAdd":15,"min":1},"wifi":{"maxInc":1,"maxAdd":10,"min":1},"modem":{"max":1,"min":1}}|0x501a5a5b
07:45:17.2 (17038658)|HEAP_ALLOCATE|[201]|Bytes:5
07:45:17.2 (17044117)|STATEMENT_EXECUTE|[200]
07:45:17.2 (17051108)|STATEMENT_EXECUTE|[201]
07:45:17.2 (17114449)|HEAP_ALLOCATE|[202]|Bytes:5
07:45:17.2 (17146279)|HEAP_ALLOCATE|[202]|Bytes:28
07:45:17.2 (17157580)|VARIABLE_SCOPE_BEGIN|[202]|obj|Object|false|false
07:45:17.2 (17169511)|VARIABLE_ASSIGNMENT|[202]|obj|"Map of size 6 too large to display"
07:45:17.2 (17174080)|STATEMENT_EXECUTE|[202]
07:45:17.2 (17176451)|STATEMENT_EXECUTE|[203]
07:45:17.2 (17180511)|VARIABLE_SCOPE_BEGIN|[203]|item|Map<String,ANY>|true|false
07:45:17.2 (17188991)|VARIABLE_ASSIGNMENT|[203]|item|"Map of size 6 too large to display"|0x5f79404e
07:45:17.2 (17194051)|STATEMENT_EXECUTE|[204]
07:45:17.2 (17203281)|METHOD_ENTRY|[204]|01pdL00000Up09Z|CpeAiAssistantController.getProductCode(Map<String,ANY>)
07:45:17.2 (17213112)|VARIABLE_SCOPE_BEGIN|[233]|item|Map<String,ANY>|true|false
07:45:17.2 (17221512)|VARIABLE_ASSIGNMENT|[233]|item|"Map of size 6 too large to display"|0x5f79404e
07:45:17.2 (17230742)|HEAP_ALLOCATE|[234]|Bytes:5
07:45:17.2 (17235192)|STATEMENT_EXECUTE|[233]
07:45:17.2 (17239433)|HEAP_ALLOCATE|[234]|Bytes:11
07:45:17.2 (17274882)|STATEMENT_EXECUTE|[234]
07:45:17.2 (17277274)|STATEMENT_EXECUTE|[235]
07:45:17.2 (17315454)|HEAP_ALLOCATE|[235]|Bytes:17
07:45:17.2 (17330995)|METHOD_EXIT|[204]|01pdL00000Up09Z|CpeAiAssistantController.getProductCode(Map<String,ANY>)
07:45:17.2 (17336535)|VARIABLE_SCOPE_BEGIN|[204]|code|String|false|false
07:45:17.2 (17345915)|VARIABLE_ASSIGNMENT|[204]|code|"O_RES_TV_PLUS_STB"
07:45:17.2 (17349785)|STATEMENT_EXECUTE|[205]
07:45:17.2 (17352915)|HEAP_ALLOCATE|[205]|Bytes:11
07:45:17.2 (17382466)|VARIABLE_SCOPE_BEGIN|[205]|maxQ|Integer|false|false
07:45:17.2 (17391266)|VARIABLE_ASSIGNMENT|[205]|maxQ|3
07:45:17.2 (17395165)|STATEMENT_EXECUTE|[206]
07:45:17.2 (17398037)|HEAP_ALLOCATE|[206]|Bytes:11
07:45:17.2 (17424907)|VARIABLE_SCOPE_BEGIN|[206]|minQ|Integer|false|false
07:45:17.2 (17433577)|VARIABLE_ASSIGNMENT|[206]|minQ|0
07:45:17.2 (17437238)|STATEMENT_EXECUTE|[207]
07:45:17.2 (17440367)|HEAP_ALLOCATE|[207]|Bytes:15
07:45:17.2 (17468158)|VARIABLE_SCOPE_BEGIN|[207]|defQ|Integer|false|false
07:45:17.2 (17476528)|VARIABLE_ASSIGNMENT|[207]|defQ|1
07:45:17.2 (17481699)|HEAP_ALLOCATE|[209]|Bytes:17
07:45:17.2 (17518680)|STATEMENT_EXECUTE|[209]
07:45:17.2 (17521910)|STATEMENT_EXECUTE|[210]
07:45:17.2 (17556001)|STATEMENT_EXECUTE|[211]
07:45:17.2 (17584541)|HEAP_ALLOCATE|[224]|Bytes:13
07:45:17.2 (17605312)|STATEMENT_EXECUTE|[224]
07:45:17.2 (17615002)|HEAP_ALLOCATE|[202]|Bytes:5
07:45:17.2 (17627451)|HEAP_ALLOCATE|[202]|Bytes:24
07:45:17.2 (17635343)|VARIABLE_SCOPE_BEGIN|[202]|obj|Object|false|false
07:45:17.2 (17651593)|VARIABLE_ASSIGNMENT|[202]|obj|{"itemType":"childProduct","maxQuantity":15,"minQuantity":0,"defaultQuantity":0,"ProductCode":"O_RES_TV_PLUS_ADDL_S (2 more) ..."}
07:45:17.2 (17656193)|STATEMENT_EXECUTE|[202]
07:45:17.2 (17658123)|STATEMENT_EXECUTE|[203]
07:45:17.2 (17661743)|VARIABLE_SCOPE_BEGIN|[203]|item|Map<String,ANY>|true|false
07:45:17.2 (17673372)|VARIABLE_ASSIGNMENT|[203]|item|{"itemType":"childProduct","maxQuantity":15,"minQuantity":0,"defaultQuantity":0,"ProductCode":"O_RES_TV_PLUS_ADDL_S (2 more) ..."}|0x42591ac3
07:45:17.2 (17677764)|STATEMENT_EXECUTE|[204]
07:45:17.2 (17682154)|METHOD_ENTRY|[204]|01pdL00000Up09Z|CpeAiAssistantController.getProductCode(Map<String,ANY>)
07:45:17.2 (17687964)|VARIABLE_SCOPE_BEGIN|[233]|item|Map<String,ANY>|true|false
07:45:17.2 (17699064)|VARIABLE_ASSIGNMENT|[233]|item|{"itemType":"childProduct","maxQuantity":15,"minQuantity":0,"defaultQuantity":0,"ProductCode":"O_RES_TV_PLUS_ADDL_S (2 more) ..."}|0x42591ac3
07:45:17.2 (17708554)|HEAP_ALLOCATE|[234]|Bytes:5
07:45:17.2 (17712444)|STATEMENT_EXECUTE|[233]
07:45:17.2 (17729635)|STATEMENT_EXECUTE|[234]
07:45:17.2 (17732574)|STATEMENT_EXECUTE|[235]
07:45:17.2 (17746565)|HEAP_ALLOCATE|[235]|Bytes:22
07:45:17.2 (17759415)|METHOD_EXIT|[204]|01pdL00000Up09Z|CpeAiAssistantController.getProductCode(Map<String,ANY>)
07:45:17.2 (17764735)|VARIABLE_SCOPE_BEGIN|[204]|code|String|false|false
07:45:17.2 (17772775)|VARIABLE_ASSIGNMENT|[204]|code|"O_RES_TV_PLUS_ADDL_S (2 more) ..."
07:45:17.2 (17776526)|STATEMENT_EXECUTE|[205]
07:45:17.2 (17792735)|VARIABLE_SCOPE_BEGIN|[205]|maxQ|Integer|false|false
07:45:17.2 (17800437)|VARIABLE_ASSIGNMENT|[205]|maxQ|15
07:45:17.2 (17803907)|STATEMENT_EXECUTE|[206]
07:45:17.2 (17819467)|VARIABLE_SCOPE_BEGIN|[206]|minQ|Integer|false|false
07:45:17.2 (17828067)|VARIABLE_ASSIGNMENT|[206]|minQ|0
07:45:17.2 (17831207)|STATEMENT_EXECUTE|[207]
07:45:17.2 (17846548)|VARIABLE_SCOPE_BEGIN|[207]|defQ|Integer|false|false
07:45:17.2 (17854128)|VARIABLE_ASSIGNMENT|[207]|defQ|0
07:45:17.2 (17868568)|HEAP_ALLOCATE|[212]|Bytes:22
07:45:17.2 (17875858)|STATEMENT_EXECUTE|[212]
07:45:17.2 (17878029)|STATEMENT_EXECUTE|[213]
07:45:17.2 (17917510)|STATEMENT_EXECUTE|[224]
07:45:17.2 (17925730)|HEAP_ALLOCATE|[202]|Bytes:5
07:45:17.2 (17938779)|HEAP_ALLOCATE|[202]|Bytes:28
07:45:17.2 (17946750)|VARIABLE_SCOPE_BEGIN|[202]|obj|Object|false|false
07:45:17.2 (17956940)|VARIABLE_ASSIGNMENT|[202]|obj|"Map of size 6 too large to display"
07:45:17.2 (17960851)|STATEMENT_EXECUTE|[202]
07:45:17.2 (17962801)|STATEMENT_EXECUTE|[203]
07:45:17.2 (17967311)|VARIABLE_SCOPE_BEGIN|[203]|item|Map<String,ANY>|true|false
07:45:17.2 (17975140)|VARIABLE_ASSIGNMENT|[203]|item|"Map of size 6 too large to display"|0x43ede462
07:45:17.2 (17979051)|STATEMENT_EXECUTE|[204]
07:45:17.2 (17983020)|METHOD_ENTRY|[204]|01pdL00000Up09Z|CpeAiAssistantController.getProductCode(Map<String,ANY>)
07:45:17.2 (17988401)|VARIABLE_SCOPE_BEGIN|[233]|item|Map<String,ANY>|true|false
07:45:17.2 (17995882)|VARIABLE_ASSIGNMENT|[233]|item|"Map of size 6 too large to display"|0x43ede462
07:45:17.2 (18003082)|HEAP_ALLOCATE|[234]|Bytes:5
07:45:17.2 (18007312)|STATEMENT_EXECUTE|[233]
07:45:17.2 (18023972)|STATEMENT_EXECUTE|[234]
07:45:17.2 (18026002)|STATEMENT_EXECUTE|[235]
07:45:17.2 (18040902)|HEAP_ALLOCATE|[235]|Bytes:15
07:45:17.2 (18052862)|METHOD_EXIT|[204]|01pdL00000Up09Z|CpeAiAssistantController.getProductCode(Map<String,ANY>)
07:45:17.2 (18057803)|VARIABLE_SCOPE_BEGIN|[204]|code|String|false|false
07:45:17.2 (18065702)|VARIABLE_ASSIGNMENT|[204]|code|"O_RES_HSI_MODEM"
07:45:17.2 (18069222)|STATEMENT_EXECUTE|[205]
07:45:17.2 (18086734)|VARIABLE_SCOPE_BEGIN|[205]|maxQ|Integer|false|false
07:45:17.2 (18095463)|VARIABLE_ASSIGNMENT|[205]|maxQ|99999
07:45:17.2 (18098834)|STATEMENT_EXECUTE|[206]
07:45:17.2 (18113744)|VARIABLE_SCOPE_BEGIN|[206]|minQ|Integer|false|false
07:45:17.2 (18121295)|VARIABLE_ASSIGNMENT|[206]|minQ|0
07:45:17.2 (18124895)|STATEMENT_EXECUTE|[207]
07:45:17.2 (18140275)|VARIABLE_SCOPE_BEGIN|[207]|defQ|Integer|false|false
07:45:17.2 (18147565)|VARIABLE_ASSIGNMENT|[207]|defQ|1
07:45:17.2 (18160366)|HEAP_ALLOCATE|[214]|Bytes:27
07:45:17.2 (18170806)|HEAP_ALLOCATE|[217]|Bytes:27
07:45:17.2 (18180216)|HEAP_ALLOCATE|[219]|Bytes:15
07:45:17.2 (18186736)|STATEMENT_EXECUTE|[219]
07:45:17.2 (18189076)|STATEMENT_EXECUTE|[220]
07:45:17.2 (18241728)|HEAP_ALLOCATE|[220]|Bytes:4
07:45:17.2 (18250608)|STATEMENT_EXECUTE|[221]
07:45:17.2 (18334320)|STATEMENT_EXECUTE|[224]
07:45:17.2 (18344309)|HEAP_ALLOCATE|[202]|Bytes:5
07:45:17.2 (18360571)|HEAP_ALLOCATE|[202]|Bytes:24
07:45:17.2 (18370950)|VARIABLE_SCOPE_BEGIN|[202]|obj|Object|false|false
07:45:17.2 (18387430)|VARIABLE_ASSIGNMENT|[202]|obj|{"itemType":"childProduct","maxQuantity":99999,"minQuantity":0,"defaultQuantity":0,"ProductCode":"O_RES_HSI_WIFI_EXTEN (3 more) ..."}
07:45:17.2 (18391982)|STATEMENT_EXECUTE|[202]
07:45:17.2 (18394012)|STATEMENT_EXECUTE|[203]
07:45:17.2 (18397772)|VARIABLE_SCOPE_BEGIN|[203]|item|Map<String,ANY>|true|false
07:45:17.2 (18409431)|VARIABLE_ASSIGNMENT|[203]|item|{"itemType":"childProduct","maxQuantity":99999,"minQuantity":0,"defaultQuantity":0,"ProductCode":"O_RES_HSI_WIFI_EXTEN (3 more) ..."}|0x5683b761
07:45:17.2 (18414972)|STATEMENT_EXECUTE|[204]
07:45:17.2 (18419782)|METHOD_ENTRY|[204]|01pdL00000Up09Z|CpeAiAssistantController.getProductCode(Map<String,ANY>)
07:45:17.2 (18424492)|VARIABLE_SCOPE_BEGIN|[233]|item|Map<String,ANY>|true|false
07:45:17.2 (18435312)|VARIABLE_ASSIGNMENT|[233]|item|{"itemType":"childProduct","maxQuantity":99999,"minQuantity":0,"defaultQuantity":0,"ProductCode":"O_RES_HSI_WIFI_EXTEN (3 more) ..."}|0x5683b761
07:45:17.2 (18444863)|HEAP_ALLOCATE|[234]|Bytes:5
07:45:17.2 (18449053)|STATEMENT_EXECUTE|[233]
07:45:17.2 (18465883)|STATEMENT_EXECUTE|[234]
07:45:17.2 (18468152)|STATEMENT_EXECUTE|[235]
07:45:17.2 (18483764)|HEAP_ALLOCATE|[235]|Bytes:23
07:45:17.2 (18497793)|METHOD_EXIT|[204]|01pdL00000Up09Z|CpeAiAssistantController.getProductCode(Map<String,ANY>)
07:45:17.2 (18502753)|VARIABLE_SCOPE_BEGIN|[204]|code|String|false|false
07:45:17.2 (18510765)|VARIABLE_ASSIGNMENT|[204]|code|"O_RES_HSI_WIFI_EXTEN (3 more) ..."
07:45:17.2 (18514394)|STATEMENT_EXECUTE|[205]
07:45:17.2 (18531125)|VARIABLE_SCOPE_BEGIN|[205]|maxQ|Integer|false|false
07:45:17.2 (18539114)|VARIABLE_ASSIGNMENT|[205]|maxQ|99999
07:45:17.2 (18542805)|STATEMENT_EXECUTE|[206]
07:45:17.2 (18557376)|VARIABLE_SCOPE_BEGIN|[206]|minQ|Integer|false|false
07:45:17.2 (18564875)|VARIABLE_ASSIGNMENT|[206]|minQ|0
07:45:17.2 (18568275)|STATEMENT_EXECUTE|[207]
07:45:17.2 (18582746)|VARIABLE_SCOPE_BEGIN|[207]|defQ|Integer|false|false
07:45:17.2 (18590235)|VARIABLE_ASSIGNMENT|[207]|defQ|0
07:45:17.2 (18610836)|STATEMENT_EXECUTE|[209]
07:45:17.2 (18619727)|STATEMENT_EXECUTE|[224]
07:45:17.2 (18627547)|HEAP_ALLOCATE|[202]|Bytes:5
07:45:17.2 (18643117)|VARIABLE_ASSIGNMENT|[202]|obj|null
07:45:17.2 (18652148)|METHOD_EXIT|[187]|01pdL00000Up09Z|CpeAiAssistantController.extractCodes(List<ANY>, Map<String,Map<String,Integer>>)
07:45:17.2 (18656437)|STATEMENT_EXECUTE|[189]
07:45:17.2 (18718710)|HEAP_ALLOCATE|[189]|Bytes:4
07:45:17.2 (18736590)|STATEMENT_EXECUTE|[190]
07:45:17.2 (18782291)|STATEMENT_EXECUTE|[191]
07:45:17.2 (18839313)|HEAP_ALLOCATE|[191]|Bytes:4
07:45:17.2 (18850562)|STATEMENT_EXECUTE|[192]
07:45:17.2 (18896784)|STATEMENT_EXECUTE|[193]
07:45:17.2 (18940505)|STATEMENT_EXECUTE|[194]
07:45:17.2 (18983976)|STATEMENT_EXECUTE|[197]
07:45:17.2 (18991507)|METHOD_EXIT|[74]|01pdL00000Up09Z|CpeAiAssistantController.buildRulePayload(String, String)
07:45:17.2 (19000437)|VARIABLE_SCOPE_BEGIN|[74]|rules|Map<String,Map<String,ANY>>|true|false
07:45:17.2 (19018797)|VARIABLE_ASSIGNMENT|[74]|rules|{"TV + Receiver":{"current":4,"min":0,"max":18},"Modem":{"current":"Wired","min":1,"max":1},"Wi-Fi Access Point":{"current":1,"min":1,"max":11}}|0x71ec2b63
07:45:17.2 (19024686)|STATEMENT_EXECUTE|[77]
07:45:17.2 (19028057)|HEAP_ALLOCATE|[77]|Bytes:150
07:45:17.2 (19038567)|METHOD_ENTRY|[79]||System.JSON.serialize(Object)
07:45:17.2 (20075764)|METHOD_EXIT|[79]||System.JSON.serialize(Object)
07:45:17.2 (20085864)|HEAP_ALLOCATE|[79]|Bytes:24
07:45:17.2 (20121455)|HEAP_ALLOCATE|[80]|Bytes:29
07:45:17.2 (20137685)|HEAP_ALLOCATE|[77]|Bytes:607
07:45:17.2 (20143114)|VARIABLE_SCOPE_BEGIN|[77]|fullMessage|String|false|false
07:45:17.2 (20156166)|VARIABLE_ASSIGNMENT|[77]|fullMessage|"System Context: You  (587 more) ..."
07:45:17.2 (20160486)|STATEMENT_EXECUTE|[83]
07:45:17.2 (20163715)|HEAP_ALLOCATE|[84]|Bytes:22
07:45:17.2 (20167686)|HEAP_ALLOCATE|[85]|Bytes:21
07:45:17.2 (20215857)|HEAP_ALLOCATE|[83]|Bytes:12
07:45:17.2 (20221507)|HEAP_ALLOCATE|[83]|Bytes:58
07:45:17.2 (20233237)|SYSTEM_METHOD_ENTRY|[14]|Action.Action()
07:45:17.2 (20237677)|STATEMENT_EXECUTE|[14]
07:45:17.2 (20244088)|SYSTEM_METHOD_EXIT|[14]|Action
07:45:17.2 (20267077)|METHOD_ENTRY|[83]||Invocable.Action.createCustomAction(String, String)
07:45:17.2 (20467242)|METHOD_EXIT|[83]||Invocable.Action.createCustomAction(String, String)
07:45:17.2 (20472814)|VARIABLE_SCOPE_BEGIN|[83]|action|Invocable.Action|true|false
07:45:17.2 (20549285)|VARIABLE_ASSIGNMENT|[83]|action|{"invocations":"0x1d6d3db0","invokeFromLightningComponent":false,"name":"CPE_Equipment_Manage (1 more) ...","type":"generatePromptRespon (2 more) ..."}|0x66629241
07:45:17.2 (20555876)|STATEMENT_EXECUTE|[88]
07:45:17.2 (20559776)|HEAP_ALLOCATE|[88]|Bytes:17
07:45:17.2 (20591286)|METHOD_ENTRY|[88]||Invocable.Action.setInvocationParameter(String, Object)
07:45:17.2 (20770010)|METHOD_EXIT|[88]||Invocable.Action.setInvocationParameter(String, Object)
07:45:17.2 (20775221)|STATEMENT_EXECUTE|[90]
07:45:17.2 (20783041)|METHOD_ENTRY|[90]||Invocable.Action.invoke()
07:45:20.251 (3251815861)|METHOD_EXIT|[90]||Invocable.Action.invoke()
07:45:20.251 (3251832411)|VARIABLE_SCOPE_BEGIN|[90]|results|List<Invocable.Action.Result>|true|false
07:45:20.251 (3251898673)|VARIABLE_ASSIGNMENT|[90]|results|[{"action":"0x66629241","errors":"0x69e117c4","invocationParameters":"0x101b584b","outputParameters":"0xf330bb8","success":true}]|0x33abe0eb
07:45:20.251 (3251929674)|STATEMENT_EXECUTE|[92]
07:45:20.251 (3251932574)|STATEMENT_EXECUTE|[96]
07:45:20.251 (3251945434)|HEAP_ALLOCATE|[96]|Bytes:24
07:45:20.251 (3251954094)|VARIABLE_SCOPE_BEGIN|[96]|result|Invocable.Action.Result|true|false
07:45:20.251 (3251975535)|VARIABLE_ASSIGNMENT|[96]|result|{"action":"0x66629241","errors":"0x69e117c4","invocationParameters":"0x101b584b","outputParameters":"0xf330bb8","success":true}|0x52158e6d
07:45:20.251 (3251994155)|METHOD_ENTRY|[98]||Invocable.Action.Result.isSuccess()
07:45:20.251 (3252015386)|METHOD_EXIT|[98]||Invocable.Action.Result.isSuccess()
07:45:20.251 (3252022416)|STATEMENT_EXECUTE|[98]
07:45:20.251 (3252024936)|STATEMENT_EXECUTE|[104]
07:45:20.251 (3252031216)|METHOD_ENTRY|[104]||Invocable.Action.Result.getOutputParameters()
07:45:20.251 (3252046827)|METHOD_EXIT|[104]||Invocable.Action.Result.getOutputParameters()
07:45:20.251 (3252052607)|VARIABLE_SCOPE_BEGIN|[104]|outputs|Map<String,ANY>|true|false
07:45:20.251 (3252069087)|VARIABLE_ASSIGNMENT|[104]|outputs|{"promptResponse":"{\n  \"message\": \"Adde (161 more) ..."}|0xf330bb8
07:45:20.251 (3252074837)|STATEMENT_EXECUTE|[105]
07:45:20.251 (3252076947)|STATEMENT_EXECUTE|[110]
07:45:20.251 (3252080247)|HEAP_ALLOCATE|[110]|Bytes:14
07:45:20.251 (3252105768)|VARIABLE_SCOPE_BEGIN|[110]|promptRespObj|Object|false|false
07:45:20.251 (3252116608)|VARIABLE_ASSIGNMENT|[110]|promptRespObj|"{\n  \"message\": \"Adde (161 more) ..."
07:45:20.251 (3252120768)|STATEMENT_EXECUTE|[111]
07:45:20.251 (3252125349)|VARIABLE_SCOPE_BEGIN|[111]|rawResponse|String|false|false
07:45:20.251 (3252133179)|VARIABLE_ASSIGNMENT|[111]|rawResponse|null
07:45:20.251 (3252137699)|STATEMENT_EXECUTE|[113]
07:45:20.251 (3252139819)|STATEMENT_EXECUTE|[114]
07:45:20.251 (3252166000)|HEAP_ALLOCATE|[114]|Bytes:181
07:45:20.251 (3252181020)|VARIABLE_ASSIGNMENT|[114]|rawResponse|"{\n  \"message\": \"Adde (161 more) ..."
07:45:20.251 (3252204211)|STATEMENT_EXECUTE|[119]
07:45:20.251 (3252222591)|STATEMENT_EXECUTE|[123]
07:45:20.251 (3252226221)|VARIABLE_SCOPE_BEGIN|[123]|cleanResponse|String|false|false
07:45:20.251 (3252235771)|VARIABLE_ASSIGNMENT|[123]|cleanResponse|null
07:45:20.251 (3252239471)|STATEMENT_EXECUTE|[124]
07:45:20.251 (3252241481)|STATEMENT_EXECUTE|[124]
07:45:20.251 (3252243531)|STATEMENT_EXECUTE|[125]
07:45:20.251 (3252251342)|METHOD_ENTRY|[125]||System.JSON.deserializeUntyped(String)
07:45:20.251 (3252613221)|METHOD_EXIT|[125]||System.JSON.deserializeUntyped(String)
07:45:20.251 (3252621671)|VARIABLE_SCOPE_BEGIN|[125]|parsed|Map<String,ANY>|true|false
07:45:20.251 (3252641841)|VARIABLE_ASSIGNMENT|[125]|parsed|{"message":"Added 2 TV + Receive (47 more) ...","newState":{"TV + Receiver":6,"Modem":"Wired","Wi-Fi Access Point":1}}|0x4d2d52bd
07:45:20.251 (3252648722)|HEAP_ALLOCATE|[126]|Bytes:5
07:45:20.251 (3252676642)|STATEMENT_EXECUTE|[128]
07:45:20.251 (3252679002)|STATEMENT_EXECUTE|[129]
07:45:20.251 (3252685623)|VARIABLE_ASSIGNMENT|[129]|cleanResponse|"{\n  \"message\": \"Adde (161 more) ..."
07:45:20.251 (3252690993)|STATEMENT_EXECUTE|[135]
07:45:20.251 (3252693213)|STATEMENT_EXECUTE|[136]
07:45:20.251 (3252696243)|HEAP_ALLOCATE|[136]|Bytes:3
07:45:20.251 (3252704793)|HEAP_ALLOCATE|[136]|Bytes:1
07:45:20.251 (3252763094)|HEAP_ALLOCATE|[136]|Bytes:181
07:45:20.251 (3252779275)|VARIABLE_ASSIGNMENT|[136]|cleanResponse|"{\n  \"message\": \"Adde (161 more) ..."
07:45:20.251 (3252783335)|STATEMENT_EXECUTE|[137]
07:45:20.251 (3252786495)|HEAP_ALLOCATE|[137]|Bytes:2
07:45:20.251 (3252807476)|HEAP_ALLOCATE|[137]|Bytes:181
07:45:20.251 (3252820846)|VARIABLE_ASSIGNMENT|[137]|cleanResponse|"{\n  \"message\": \"Adde (161 more) ..."
07:45:20.251 (3252824766)|STATEMENT_EXECUTE|[138]
07:45:20.251 (3252827766)|HEAP_ALLOCATE|[138]|Bytes:3
07:45:20.251 (3252831746)|HEAP_ALLOCATE|[138]|Bytes:1
07:45:20.251 (3252852247)|HEAP_ALLOCATE|[138]|Bytes:181
07:45:20.251 (3252866647)|VARIABLE_ASSIGNMENT|[138]|cleanResponse|"{\n  \"message\": \"Adde (161 more) ..."
07:45:20.251 (3252872047)|STATEMENT_EXECUTE|[142]
07:45:20.251 (3252884858)|METHOD_ENTRY|[142]|01pdL00000Up09Z|CpeAiAssistantController.parseAndValidateAgentResponse(String, Map<String,Map<String,ANY>>)
07:45:20.251 (3252897598)|VARIABLE_SCOPE_BEGIN|[261]|rawResponse|String|false|false
07:45:20.251 (3252905628)|VARIABLE_ASSIGNMENT|[261]|rawResponse|"{\n  \"message\": \"Adde (161 more) ..."
07:45:20.251 (3252909948)|VARIABLE_SCOPE_BEGIN|[261]|rules|Map<String,Map<String,ANY>>|true|false
07:45:20.251 (3252926739)|VARIABLE_ASSIGNMENT|[261]|rules|{"TV + Receiver":{"current":4,"min":0,"max":18},"Modem":{"current":"Wired","min":1,"max":1},"Wi-Fi Access Point":{"current":1,"min":1,"max":11}}|0x71ec2b63
07:45:20.251 (3252938509)|HEAP_ALLOCATE|[262]|Bytes:5
07:45:20.251 (3252943239)|STATEMENT_EXECUTE|[261]
07:45:20.251 (3252945379)|STATEMENT_EXECUTE|[262]
07:45:20.251 (3252954189)|HEAP_ALLOCATE|[262]|Bytes:4
07:45:20.251 (3252961539)|VARIABLE_SCOPE_BEGIN|[262]|finalResponse|Map<String,ANY>|true|false
07:45:20.251 (3252970240)|VARIABLE_ASSIGNMENT|[262]|finalResponse|{}|0x66f39490
07:45:20.251 (3252974600)|STATEMENT_EXECUTE|[264]
07:45:20.251 (3252976610)|STATEMENT_EXECUTE|[264]
07:45:20.251 (3252978670)|STATEMENT_EXECUTE|[265]
07:45:20.251 (3252984520)|METHOD_ENTRY|[265]||System.JSON.deserializeUntyped(String)
07:45:20.251 (3253218886)|METHOD_EXIT|[265]||System.JSON.deserializeUntyped(String)
07:45:20.251 (3253228546)|VARIABLE_SCOPE_BEGIN|[265]|parsed|Map<String,ANY>|true|false
07:45:20.251 (3253246017)|VARIABLE_ASSIGNMENT|[265]|parsed|{"message":"Added 2 TV + Receive (47 more) ...","newState":{"TV + Receiver":6,"Modem":"Wired","Wi-Fi Access Point":1}}|0x61d56d51
07:45:20.251 (3253252167)|HEAP_ALLOCATE|[267]|Bytes:8
07:45:20.251 (3253275447)|STATEMENT_EXECUTE|[267]
07:45:20.251 (3253277617)|STATEMENT_EXECUTE|[268]
07:45:20.251 (3253300798)|VARIABLE_SCOPE_BEGIN|[268]|newStateRaw|Map<String,ANY>|true|false
07:45:20.251 (3253313628)|VARIABLE_ASSIGNMENT|[268]|newStateRaw|{"TV + Receiver":6,"Modem":"Wired","Wi-Fi Access Point":1}|0x1b7822ef
07:45:20.251 (3253319718)|STATEMENT_EXECUTE|[269]
07:45:20.251 (3253325879)|HEAP_ALLOCATE|[269]|Bytes:4
07:45:20.251 (3253332169)|VARIABLE_SCOPE_BEGIN|[269]|normalizedState|Map<String,ANY>|true|false
07:45:20.251 (3253341129)|VARIABLE_ASSIGNMENT|[269]|normalizedState|{}|0x258e764a
07:45:20.251 (3253345499)|STATEMENT_EXECUTE|[271]
07:45:20.251 (3253348749)|VARIABLE_SCOPE_BEGIN|[271]|changedCpeCount|Integer|false|false
07:45:20.251 (3253353449)|HEAP_ALLOCATE|[271]|Bytes:4
07:45:20.251 (3253359479)|VARIABLE_ASSIGNMENT|[271]|changedCpeCount|0
07:45:20.251 (3253390330)|HEAP_ALLOCATE|[273]|Bytes:52
07:45:20.251 (3253422671)|HEAP_ALLOCATE|[273]|Bytes:5
07:45:20.251 (3253438461)|VARIABLE_SCOPE_BEGIN|[273]|key|String|false|false
07:45:20.251 (3253446702)|VARIABLE_ASSIGNMENT|[273]|key|"TV + Receiver"
07:45:20.251 (3253450542)|STATEMENT_EXECUTE|[273]
07:45:20.251 (3253452762)|STATEMENT_EXECUTE|[274]
07:45:20.251 (3253459632)|METHOD_ENTRY|[274]|01pdL00000Up09Z|CpeAiAssistantController.normalizeProductName(String)
07:45:20.251 (3253468652)|VARIABLE_SCOPE_BEGIN|[252]|rawName|String|false|false
07:45:20.251 (3253476832)|VARIABLE_ASSIGNMENT|[252]|rawName|"TV + Receiver"
07:45:20.251 (3253484533)|HEAP_ALLOCATE|[253]|Bytes:5
07:45:20.251 (3253489433)|STATEMENT_EXECUTE|[252]
07:45:20.251 (3253504363)|STATEMENT_EXECUTE|[253]
07:45:20.251 (3253506423)|STATEMENT_EXECUTE|[254]
07:45:20.251 (3253515773)|HEAP_ALLOCATE|[254]|Bytes:13
07:45:20.251 (3253525434)|VARIABLE_SCOPE_BEGIN|[254]|lower|String|false|false
07:45:20.251 (3253533374)|VARIABLE_ASSIGNMENT|[254]|lower|"tv + receiver"
07:45:20.251 (3253550574)|STATEMENT_EXECUTE|[255]
07:45:20.251 (3253558674)|METHOD_EXIT|[274]|01pdL00000Up09Z|CpeAiAssistantController.normalizeProductName(String)
07:45:20.251 (3253564345)|VARIABLE_SCOPE_BEGIN|[274]|normKey|String|false|false
07:45:20.251 (3253573025)|VARIABLE_ASSIGNMENT|[274]|normKey|"TV + Receiver"
07:45:20.251 (3253593305)|HEAP_ALLOCATE|[276]|Bytes:17
07:45:20.251 (3253615146)|STATEMENT_EXECUTE|[276]
07:45:20.251 (3253617636)|STATEMENT_EXECUTE|[277]
07:45:20.251 (3253636306)|VARIABLE_SCOPE_BEGIN|[277]|qty|Integer|false|false
07:45:20.251 (3253644897)|VARIABLE_ASSIGNMENT|[277]|qty|6
07:45:20.251 (3253664237)|STATEMENT_EXECUTE|[279]
07:45:20.251 (3253666417)|STATEMENT_EXECUTE|[280]
07:45:20.251 (3253669397)|VARIABLE_SCOPE_BEGIN|[280]|current|Integer|false|false
07:45:20.251 (3253674557)|HEAP_ALLOCATE|[280]|Bytes:4
07:45:20.251 (3253681057)|VARIABLE_ASSIGNMENT|[280]|current|0
07:45:20.251 (3253718538)|STATEMENT_EXECUTE|[281]
07:45:20.251 (3253720808)|STATEMENT_EXECUTE|[282]
07:45:20.251 (3253753119)|VARIABLE_ASSIGNMENT|[282]|current|4
07:45:20.251 (3253757899)|STATEMENT_EXECUTE|[284]
07:45:20.251 (3253794720)|VARIABLE_SCOPE_BEGIN|[284]|max|Integer|false|false
07:45:20.251 (3253803571)|VARIABLE_ASSIGNMENT|[284]|max|18
07:45:20.251 (3253807201)|STATEMENT_EXECUTE|[285]
07:45:20.251 (3253834601)|VARIABLE_SCOPE_BEGIN|[285]|min|Integer|false|false
07:45:20.251 (3253842772)|VARIABLE_ASSIGNMENT|[285]|min|0
07:45:20.251 (3253849942)|STATEMENT_EXECUTE|[287]
07:45:20.251 (3253853132)|STATEMENT_EXECUTE|[295]
07:45:20.251 (3253855342)|STATEMENT_EXECUTE|[296]
07:45:20.251 (3253859352)|VARIABLE_SCOPE_BEGIN|[296]|required|Integer|false|false
07:45:20.251 (3253865042)|HEAP_ALLOCATE|[296]|Bytes:4
07:45:20.251 (3253872372)|VARIABLE_ASSIGNMENT|[296]|required|2
07:45:20.251 (3253875952)|STATEMENT_EXECUTE|[297]
07:45:20.251 (3253887433)|HEAP_ALLOCATE|[297]|Bytes:9
07:45:20.251 (3253893333)|VARIABLE_SCOPE_BEGIN|[297]|prodCode|String|false|false
07:45:20.251 (3253901023)|VARIABLE_ASSIGNMENT|[297]|prodCode|"REC-TV-01"
07:45:20.251 (3253905223)|STATEMENT_EXECUTE|[298]
07:45:20.251 (3253907463)|STATEMENT_EXECUTE|[299]
07:45:20.251 (3253916113)|METHOD_ENTRY|[299]|01pdL00000Up09Z|CpeAiAssistantController.getVanStock(String)
07:45:20.251 (3253927434)|VARIABLE_SCOPE_BEGIN|[396]|productCode|String|false|false
07:45:20.251 (3253935434)|VARIABLE_ASSIGNMENT|[396]|productCode|"REC-TV-01"
07:45:20.251 (3253943454)|HEAP_ALLOCATE|[397]|Bytes:5
07:45:20.251 (3253947634)|STATEMENT_EXECUTE|[396]
07:45:20.251 (3253949794)|STATEMENT_EXECUTE|[397]
07:45:20.251 (3253951784)|STATEMENT_EXECUTE|[397]
07:45:20.251 (3253953824)|STATEMENT_EXECUTE|[398]
07:45:20.251 (3253959994)|METHOD_ENTRY|[398]|01pdL00000Up09Z|CpeAiAssistantController.getMyServiceResource()
07:45:20.251 (3254083098)|HEAP_ALLOCATE|[552]|Bytes:5
07:45:20.251 (3254090418)|STATEMENT_EXECUTE|[551]
07:45:20.251 (3254093318)|STATEMENT_EXECUTE|[552]
07:45:20.251 (3254097268)|HEAP_ALLOCATE|[552]|Bytes:163
07:45:20.251 (3254109358)|HEAP_ALLOCATE|[552]|Bytes:4
07:45:20.251 (3254119358)|HEAP_ALLOCATE|[552]|Bytes:7
07:45:20.251 (3254160699)|HEAP_ALLOCATE|[555]|Bytes:105
07:45:20.251 (3254173620)|SYSTEM_METHOD_ENTRY|[1]|UserInfo.UserInfo()
07:45:20.251 (3254177450)|STATEMENT_EXECUTE|[1]
07:45:20.251 (3254183570)|SYSTEM_METHOD_EXIT|[1]|UserInfo
07:45:20.251 (3254191070)|METHOD_ENTRY|[555]||System.UserInfo.getUserId()
07:45:20.251 (3254232361)|METHOD_EXIT|[555]||System.UserInfo.getUserId()
07:45:20.251 (3256681573)|SOQL_EXECUTE_BEGIN|[552]|Aggregations:0|SELECT Id, LocationId, LastKnownLocation, LastKnownLatitude, LastKnownLongitude FROM ServiceResource WHERE (RelatedRecordId = :tmpVar1 AND IsActive = TRUE) LIMIT 1
07:45:20.251 (3266963581)|SOQL_EXECUTE_END|[552]|Rows:1
07:45:20.251 (3266991832)|HEAP_ALLOCATE|[552]|Bytes:8
07:45:20.251 (3267019752)|HEAP_ALLOCATE|[552]|Bytes:201
07:45:20.251 (3267085924)|HEAP_ALLOCATE|[552]|Bytes:8
07:45:20.251 (3267102544)|VARIABLE_SCOPE_BEGIN|[552]|srs|List<ServiceResource>|true|false
07:45:20.251 (3267313020)|VARIABLE_ASSIGNMENT|[552]|srs|[{"LocationId":"131dL000000OKGvQAO","Id":"0HndL000000MjRVSA0","LastKnownLocation":{"latitude":0.0,"longitude":0.0},"LastKnownLatitude":0E-15,"LastKnownLongitude":0E-15}]|0x7caff4bf
07:45:20.251 (3267321680)|STATEMENT_EXECUTE|[558]
07:45:20.251 (3267406442)|HEAP_ALLOCATE|[558]|Bytes:24
07:45:20.251 (3267423332)|METHOD_EXIT|[398]|01pdL00000Up09Z|CpeAiAssistantController.getMyServiceResource()
07:45:20.251 (3267429753)|VARIABLE_SCOPE_BEGIN|[398]|sr|ServiceResource|true|false
07:45:20.251 (3267483644)|VARIABLE_ASSIGNMENT|[398]|sr|{"LocationId":"131dL000000OKGvQAO","Id":"0HndL000000MjRVSA0","LastKnownLocation":{"latitude":0.0,"longitude":0.0},"LastKnownLatitude":0E-15,"LastKnownLongitude":0E-15}|0x4d673f7
07:45:20.251 (3267517755)|STATEMENT_EXECUTE|[399]
07:45:20.251 (3267519985)|STATEMENT_EXECUTE|[400]
07:45:20.251 (3267524135)|HEAP_ALLOCATE|[400]|Bytes:112
07:45:20.251 (3267541105)|HEAP_ALLOCATE|[400]|Bytes:4
07:45:20.251 (3267560566)|HEAP_ALLOCATE|[400]|Bytes:7
07:45:20.251 (3270158211)|SOQL_EXECUTE_BEGIN|[400]|Aggregations:0|SELECT QuantityOnHand FROM ProductItem WHERE (LocationId = :tmpVar1 AND Product2.ProductCode = :tmpVar2) LIMIT 1
07:45:20.251 (3288323167)|SOQL_EXECUTE_END|[400]|Rows:0
07:45:20.251 (3288360428)|HEAP_ALLOCATE|[400]|Bytes:4
07:45:20.251 (3288381868)|HEAP_ALLOCATE|[400]|Bytes:0
07:45:20.251 (3288487351)|HEAP_ALLOCATE|[400]|Bytes:4
07:45:20.251 (3288508961)|VARIABLE_SCOPE_BEGIN|[400]|items|List<ProductItem>|true|false
07:45:20.251 (3288530532)|VARIABLE_ASSIGNMENT|[400]|items|[]|0x39e956b4
07:45:20.251 (3288625784)|STATEMENT_EXECUTE|[406]
07:45:20.251 (3288647365)|STATEMENT_EXECUTE|[412]
07:45:20.251 (3288652305)|HEAP_ALLOCATE|[412]|Bytes:4
07:45:20.251 (3288669295)|METHOD_EXIT|[299]|01pdL00000Up09Z|CpeAiAssistantController.getVanStock(String)
07:45:20.251 (3288676325)|VARIABLE_SCOPE_BEGIN|[299]|vanStock|Integer|false|false
07:45:20.251 (3288681456)|HEAP_ALLOCATE|[299]|Bytes:4
07:45:20.251 (3288692226)|VARIABLE_ASSIGNMENT|[299]|vanStock|5
07:45:20.251 (3288699086)|STATEMENT_EXECUTE|[300]
07:45:20.251 (3288701976)|STATEMENT_EXECUTE|[307]
07:45:20.251 (3288755537)|HEAP_ALLOCATE|[EXTERNAL]|Bytes:-4
07:45:20.251 (3288793438)|STATEMENT_EXECUTE|[309]
07:45:20.251 (3288795678)|STATEMENT_EXECUTE|[310]
07:45:20.251 (3288798508)|HEAP_ALLOCATE|[310]|Bytes:4
07:45:20.251 (3288806829)|VARIABLE_ASSIGNMENT|[310]|changedCpeCount|1
07:45:20.251 (3288835329)|HEAP_ALLOCATE|[273]|Bytes:5
07:45:20.251 (3288855860)|VARIABLE_SCOPE_BEGIN|[273]|key|String|false|false
07:45:20.251 (3288868220)|VARIABLE_ASSIGNMENT|[273]|key|"Modem"
07:45:20.251 (3288872500)|STATEMENT_EXECUTE|[273]
07:45:20.251 (3288874880)|STATEMENT_EXECUTE|[274]
07:45:20.251 (3288881981)|METHOD_ENTRY|[274]|01pdL00000Up09Z|CpeAiAssistantController.normalizeProductName(String)
07:45:20.251 (3288889151)|VARIABLE_SCOPE_BEGIN|[252]|rawName|String|false|false
07:45:20.251 (3288896991)|VARIABLE_ASSIGNMENT|[252]|rawName|"Modem"
07:45:20.251 (3288909791)|HEAP_ALLOCATE|[253]|Bytes:5
07:45:20.251 (3288913881)|STATEMENT_EXECUTE|[252]
07:45:20.251 (3288936342)|STATEMENT_EXECUTE|[253]
07:45:20.251 (3288938442)|STATEMENT_EXECUTE|[254]
07:45:20.251 (3288948932)|HEAP_ALLOCATE|[254]|Bytes:5
07:45:20.251 (3288959103)|VARIABLE_SCOPE_BEGIN|[254]|lower|String|false|false
07:45:20.251 (3288968723)|VARIABLE_ASSIGNMENT|[254]|lower|"modem"
07:45:20.251 (3288996623)|STATEMENT_EXECUTE|[255]
07:45:20.251 (3289051005)|STATEMENT_EXECUTE|[256]
07:45:20.251 (3289065735)|STATEMENT_EXECUTE|[257]
07:45:20.251 (3289072845)|METHOD_EXIT|[274]|01pdL00000Up09Z|CpeAiAssistantController.normalizeProductName(String)
07:45:20.251 (3289079326)|VARIABLE_SCOPE_BEGIN|[274]|normKey|String|false|false
07:45:20.251 (3289087416)|VARIABLE_ASSIGNMENT|[274]|normKey|"Modem"
07:45:20.251 (3289144287)|HEAP_ALLOCATE|[315]|Bytes:16
07:45:20.251 (3289160608)|STATEMENT_EXECUTE|[315]
07:45:20.251 (3289163038)|STATEMENT_EXECUTE|[317]
07:45:20.251 (3289189898)|HEAP_ALLOCATE|[EXTERNAL]|Bytes:-4
07:45:20.251 (3289196968)|STATEMENT_EXECUTE|[318]
07:45:20.251 (3289200779)|VARIABLE_SCOPE_BEGIN|[318]|currentStr|String|false|false
07:45:20.251 (3289209509)|VARIABLE_ASSIGNMENT|[318]|currentStr|""
07:45:20.251 (3289268040)|STATEMENT_EXECUTE|[319]
07:45:20.251 (3289270470)|STATEMENT_EXECUTE|[320]
07:45:20.251 (3289306761)|VARIABLE_ASSIGNMENT|[320]|currentStr|"Wired"
07:45:20.251 (3289340522)|HEAP_ALLOCATE|[322]|Bytes:5
07:45:20.251 (3289357972)|STATEMENT_EXECUTE|[322]
07:45:20.251 (3289370083)|HEAP_ALLOCATE|[273]|Bytes:5
07:45:20.251 (3289383363)|VARIABLE_SCOPE_BEGIN|[273]|key|String|false|false
07:45:20.251 (3289393703)|VARIABLE_ASSIGNMENT|[273]|key|"Wi-Fi Access Point"
07:45:20.251 (3289397453)|STATEMENT_EXECUTE|[273]
07:45:20.251 (3289399714)|STATEMENT_EXECUTE|[274]
07:45:20.251 (3289404664)|METHOD_ENTRY|[274]|01pdL00000Up09Z|CpeAiAssistantController.normalizeProductName(String)
07:45:20.251 (3289411984)|VARIABLE_SCOPE_BEGIN|[252]|rawName|String|false|false
07:45:20.251 (3289419604)|VARIABLE_ASSIGNMENT|[252]|rawName|"Wi-Fi Access Point"
07:45:20.251 (3289428564)|HEAP_ALLOCATE|[253]|Bytes:5
07:45:20.251 (3289432434)|STATEMENT_EXECUTE|[252]
07:45:20.251 (3289447485)|STATEMENT_EXECUTE|[253]
07:45:20.251 (3289449415)|STATEMENT_EXECUTE|[254]
07:45:20.251 (3289457615)|HEAP_ALLOCATE|[254]|Bytes:18
07:45:20.251 (3289467285)|VARIABLE_SCOPE_BEGIN|[254]|lower|String|false|false
07:45:20.251 (3289475715)|VARIABLE_ASSIGNMENT|[254]|lower|"wi-fi access point"
07:45:20.251 (3289501336)|STATEMENT_EXECUTE|[255]
07:45:20.251 (3289515216)|STATEMENT_EXECUTE|[256]
07:45:20.251 (3289521707)|METHOD_EXIT|[274]|01pdL00000Up09Z|CpeAiAssistantController.normalizeProductName(String)
07:45:20.251 (3289527537)|VARIABLE_SCOPE_BEGIN|[274]|normKey|String|false|false
07:45:20.251 (3289535547)|VARIABLE_ASSIGNMENT|[274]|normKey|"Wi-Fi Access Point"
07:45:20.251 (3289555417)|STATEMENT_EXECUTE|[276]
07:45:20.251 (3289557937)|STATEMENT_EXECUTE|[277]
07:45:20.251 (3289568278)|VARIABLE_SCOPE_BEGIN|[277]|qty|Integer|false|false
07:45:20.251 (3289576938)|VARIABLE_ASSIGNMENT|[277]|qty|1
07:45:20.251 (3289589508)|STATEMENT_EXECUTE|[279]
07:45:20.251 (3289591738)|STATEMENT_EXECUTE|[280]
07:45:20.251 (3289594768)|VARIABLE_SCOPE_BEGIN|[280]|current|Integer|false|false
07:45:20.251 (3289599779)|HEAP_ALLOCATE|[280]|Bytes:4
07:45:20.251 (3289606189)|VARIABLE_ASSIGNMENT|[280]|current|0
07:45:20.251 (3289634439)|STATEMENT_EXECUTE|[281]
07:45:20.251 (3289637149)|STATEMENT_EXECUTE|[282]
07:45:20.251 (3289658420)|VARIABLE_ASSIGNMENT|[282]|current|1
07:45:20.251 (3289662660)|STATEMENT_EXECUTE|[284]
07:45:20.251 (3289682521)|VARIABLE_SCOPE_BEGIN|[284]|max|Integer|false|false
07:45:20.251 (3289690641)|VARIABLE_ASSIGNMENT|[284]|max|11
07:45:20.251 (3289694511)|STATEMENT_EXECUTE|[285]
07:45:20.251 (3289713261)|VARIABLE_SCOPE_BEGIN|[285]|min|Integer|false|false
07:45:20.251 (3289720862)|VARIABLE_ASSIGNMENT|[285]|min|1
07:45:20.251 (3289728092)|STATEMENT_EXECUTE|[287]
07:45:20.251 (3289731062)|STATEMENT_EXECUTE|[295]
07:45:20.251 (3289733472)|STATEMENT_EXECUTE|[307]
07:45:20.251 (3289746342)|HEAP_ALLOCATE|[EXTERNAL]|Bytes:-4
07:45:20.251 (3289755892)|STATEMENT_EXECUTE|[309]
07:45:20.251 (3289765963)|HEAP_ALLOCATE|[273]|Bytes:5
07:45:20.251 (3289778933)|VARIABLE_ASSIGNMENT|[273]|key|null
07:45:20.251 (3289829424)|HEAP_ALLOCATE|[329]|Bytes:52
07:45:20.251 (3289858725)|HEAP_ALLOCATE|[329]|Bytes:5
07:45:20.251 (3289871395)|VARIABLE_SCOPE_BEGIN|[329]|ruleKey|String|false|false
07:45:20.251 (3289881126)|VARIABLE_ASSIGNMENT|[329]|ruleKey|"TV + Receiver"
07:45:20.251 (3289885406)|STATEMENT_EXECUTE|[329]
07:45:20.251 (3289905646)|STATEMENT_EXECUTE|[330]
07:45:20.251 (3289915156)|HEAP_ALLOCATE|[329]|Bytes:5
07:45:20.251 (3289927037)|VARIABLE_SCOPE_BEGIN|[329]|ruleKey|String|false|false
07:45:20.251 (3289935167)|VARIABLE_ASSIGNMENT|[329]|ruleKey|"Modem"
07:45:20.251 (3289938767)|STATEMENT_EXECUTE|[329]
07:45:20.251 (3289949707)|STATEMENT_EXECUTE|[330]
07:45:20.251 (3289957538)|HEAP_ALLOCATE|[329]|Bytes:5
07:45:20.251 (3289967778)|VARIABLE_SCOPE_BEGIN|[329]|ruleKey|String|false|false
07:45:20.251 (3289975788)|VARIABLE_ASSIGNMENT|[329]|ruleKey|"Wi-Fi Access Point"
07:45:20.251 (3289979328)|STATEMENT_EXECUTE|[329]
07:45:20.251 (3289988658)|STATEMENT_EXECUTE|[330]
07:45:20.251 (3289997128)|HEAP_ALLOCATE|[329]|Bytes:5
07:45:20.251 (3290007879)|VARIABLE_ASSIGNMENT|[329]|ruleKey|null
07:45:20.251 (3290013209)|STATEMENT_EXECUTE|[335]
07:45:20.251 (3290033379)|HEAP_ALLOCATE|[EXTERNAL]|Bytes:-4
07:45:20.251 (3290040650)|STATEMENT_EXECUTE|[338]
07:45:20.251 (3290054940)|HEAP_ALLOCATE|[338]|Bytes:4
07:45:20.251 (3290080581)|VARIABLE_SCOPE_BEGIN|[338]|stateChanges|List<Map<String,ANY>>|true|false
07:45:20.251 (3290100001)|HEAP_ALLOCATE|[EXTERNAL]|Bytes:4
07:45:20.251 (3290110511)|VARIABLE_ASSIGNMENT|[338]|stateChanges|[]|0x2efea94f
07:45:20.251 (3290136512)|HEAP_ALLOCATE|[339]|Bytes:52
07:45:20.251 (3290161053)|HEAP_ALLOCATE|[339]|Bytes:5
07:45:20.251 (3290172413)|VARIABLE_SCOPE_BEGIN|[339]|key|String|false|false
07:45:20.251 (3290181683)|VARIABLE_ASSIGNMENT|[339]|key|"TV + Receiver"
07:45:20.251 (3290185903)|STATEMENT_EXECUTE|[339]
07:45:20.251 (3290215674)|STATEMENT_EXECUTE|[340]
07:45:20.251 (3290218314)|STATEMENT_EXECUTE|[341]
07:45:20.251 (3290237615)|VARIABLE_SCOPE_BEGIN|[341]|newVal|Object|false|false
07:45:20.251 (3290248275)|VARIABLE_ASSIGNMENT|[341]|newVal|6
07:45:20.251 (3290252115)|STATEMENT_EXECUTE|[342]
07:45:20.251 (3290311326)|VARIABLE_SCOPE_BEGIN|[342]|curVal|Object|false|false
07:45:20.251 (3290325007)|VARIABLE_ASSIGNMENT|[342]|curVal|4
07:45:20.251 (3290396579)|STATEMENT_EXECUTE|[344]
07:45:20.251 (3290399979)|STATEMENT_EXECUTE|[345]
07:45:20.251 (3290412439)|HEAP_ALLOCATE|[345]|Bytes:4
07:45:20.251 (3290423229)|HEAP_ALLOCATE|[346]|Bytes:5
07:45:20.251 (3290461890)|HEAP_ALLOCATE|[346]|Bytes:13
07:45:20.251 (3290511741)|HEAP_ALLOCATE|[347]|Bytes:11
07:45:20.251 (3290537662)|HEAP_ALLOCATE|[348]|Bytes:8
07:45:20.251 (3290560943)|HEAP_ALLOCATE|[349]|Bytes:8
07:45:20.251 (3290577853)|HEAP_ALLOCATE|[350]|Bytes:5
07:45:20.251 (3290606694)|HEAP_ALLOCATE|[345]|Bytes:4
07:45:20.251 (3290620574)|VARIABLE_SCOPE_BEGIN|[345]|change|Map<String,ANY>|true|false
07:45:20.251 (3290657245)|VARIABLE_ASSIGNMENT|[345]|change|{"label":"TV + RECEIVER","productCode":"O_RES_TV_PLUS_STB","oldUnits":4,"newUnits":6,"units":2}|0x288173f9
07:45:20.251 (3290720157)|STATEMENT_EXECUTE|[353]
07:45:20.251 (3290723597)|STATEMENT_EXECUTE|[354]
07:45:20.251 (3290727447)|HEAP_ALLOCATE|[354]|Bytes:14
07:45:20.251 (3290770248)|HEAP_ALLOCATE|[354]|Bytes:4
07:45:20.251 (3290782068)|HEAP_ALLOCATE|[EXTERNAL]|Bytes:-4
07:45:20.251 (3290791828)|STATEMENT_EXECUTE|[357]
07:45:20.251 (3290802309)|VARIABLE_SCOPE_BEGIN|[357]|curQty|Integer|false|false
07:45:20.251 (3290813019)|VARIABLE_ASSIGNMENT|[357]|curQty|4
07:45:20.251 (3290817709)|STATEMENT_EXECUTE|[358]
07:45:20.251 (3290827009)|VARIABLE_SCOPE_BEGIN|[358]|newQty|Integer|false|false
07:45:20.251 (3290837200)|VARIABLE_ASSIGNMENT|[358]|newQty|6
07:45:20.251 (3290841800)|STATEMENT_EXECUTE|[359]
07:45:20.251 (3290845740)|VARIABLE_SCOPE_BEGIN|[359]|diff|Integer|false|false
07:45:20.251 (3290852320)|HEAP_ALLOCATE|[359]|Bytes:4
07:45:20.251 (3290860400)|VARIABLE_ASSIGNMENT|[359]|diff|2
07:45:20.251 (3290865210)|STATEMENT_EXECUTE|[360]
07:45:20.251 (3290935022)|VARIABLE_SCOPE_BEGIN|[2]|System.Math.E|Double|false|true
07:45:20.251 (3290942292)|VARIABLE_SCOPE_BEGIN|[3]|System.Math.PI|Double|false|true
07:45:20.251 (3290959153)|HEAP_ALLOCATE|[360]|Bytes:206
07:45:20.251 (3290973373)|SYSTEM_METHOD_ENTRY|[1]|Math.Math()
07:45:20.251 (3290977403)|STATEMENT_EXECUTE|[1]
07:45:20.251 (3291052395)|SYSTEM_METHOD_EXIT|[1]|Math
07:45:20.251 (3291064435)|METHOD_ENTRY|[360]||System.Math.abs(Integer)
07:45:20.251 (3291126917)|METHOD_EXIT|[360]||System.Math.abs(Integer)
07:45:20.251 (3291132247)|VARIABLE_SCOPE_BEGIN|[360]|diffAbs|Integer|false|false
07:45:20.251 (3291138817)|HEAP_ALLOCATE|[360]|Bytes:4
07:45:20.251 (3291149097)|VARIABLE_ASSIGNMENT|[360]|diffAbs|2
07:45:20.251 (3291162608)|STATEMENT_EXECUTE|[362]
07:45:20.251 (3291165028)|STATEMENT_EXECUTE|[363]
07:45:20.251 (3291168448)|HEAP_ALLOCATE|[363]|Bytes:12
07:45:20.251 (3291177868)|HEAP_ALLOCATE|[363]|Bytes:2
07:45:20.251 (3291205039)|HEAP_ALLOCATE|[363]|Bytes:2
07:45:20.251 (3291216639)|HEAP_ALLOCATE|[363]|Bytes:3
07:45:20.251 (3291226319)|HEAP_ALLOCATE|[363]|Bytes:7
07:45:20.251 (3291238170)|HEAP_ALLOCATE|[EXTERNAL]|Bytes:-4
07:45:20.251 (3291245370)|STATEMENT_EXECUTE|[370]
07:45:20.251 (3291266110)|HEAP_ALLOCATE|[EXTERNAL]|Bytes:4
07:45:20.251 (3291285801)|HEAP_ALLOCATE|[339]|Bytes:5
07:45:20.251 (3291298871)|VARIABLE_SCOPE_BEGIN|[339]|key|String|false|false
07:45:20.251 (3291308881)|VARIABLE_ASSIGNMENT|[339]|key|"Modem"
07:45:20.251 (3291312912)|STATEMENT_EXECUTE|[339]
07:45:20.251 (3291323342)|STATEMENT_EXECUTE|[340]
07:45:20.251 (3291325512)|STATEMENT_EXECUTE|[341]
07:45:20.251 (3291339012)|VARIABLE_SCOPE_BEGIN|[341]|newVal|Object|false|false
07:45:20.251 (3291356863)|VARIABLE_ASSIGNMENT|[341]|newVal|"Wired"
07:45:20.251 (3291360683)|STATEMENT_EXECUTE|[342]
07:45:20.251 (3291386843)|VARIABLE_SCOPE_BEGIN|[342]|curVal|Object|false|false
07:45:20.251 (3291396514)|VARIABLE_ASSIGNMENT|[342]|curVal|"Wired"
07:45:20.251 (3291413374)|STATEMENT_EXECUTE|[344]
07:45:20.251 (3291421664)|HEAP_ALLOCATE|[339]|Bytes:5
07:45:20.251 (3291434105)|VARIABLE_SCOPE_BEGIN|[339]|key|String|false|false
07:45:20.251 (3291441995)|VARIABLE_ASSIGNMENT|[339]|key|"Wi-Fi Access Point"
07:45:20.251 (3291446015)|STATEMENT_EXECUTE|[339]
07:45:20.251 (3291455135)|STATEMENT_EXECUTE|[340]
07:45:20.251 (3291457125)|STATEMENT_EXECUTE|[341]
07:45:20.251 (3291468215)|VARIABLE_SCOPE_BEGIN|[341]|newVal|Object|false|false
07:45:20.251 (3291477906)|VARIABLE_ASSIGNMENT|[341]|newVal|1
07:45:20.251 (3291481576)|STATEMENT_EXECUTE|[342]
07:45:20.251 (3291503256)|VARIABLE_SCOPE_BEGIN|[342]|curVal|Object|false|false
07:45:20.251 (3291512527)|VARIABLE_ASSIGNMENT|[342]|curVal|1
07:45:20.251 (3291526517)|STATEMENT_EXECUTE|[344]
07:45:20.251 (3291534357)|HEAP_ALLOCATE|[339]|Bytes:5
07:45:20.251 (3291546707)|VARIABLE_ASSIGNMENT|[339]|key|null
07:45:20.251 (3291550948)|STATEMENT_EXECUTE|[374]
07:45:20.251 (3291553878)|HEAP_ALLOCATE|[374]|Bytes:12
07:45:20.251 (3291574928)|HEAP_ALLOCATE|[EXTERNAL]|Bytes:-4
07:45:20.251 (3291582918)|HEAP_ALLOCATE|[375]|Bytes:7
07:45:20.251 (3291611469)|STATEMENT_EXECUTE|[375]
07:45:20.251 (3291613959)|STATEMENT_EXECUTE|[376]
07:45:20.251 (3291635760)|HEAP_ALLOCATE|[EXTERNAL]|Bytes:-4
07:45:20.251 (3291643860)|STATEMENT_EXECUTE|[380]
07:45:20.251 (3291646010)|STATEMENT_EXECUTE|[381]
07:45:20.251 (3291648790)|HEAP_ALLOCATE|[381]|Bytes:21
07:45:20.251 (3291666040)|HEAP_ALLOCATE|[381]|Bytes:5
07:45:20.251 (3291670801)|HEAP_ALLOCATE|[EXTERNAL]|Bytes:-4
07:45:20.251 (3291679401)|STATEMENT_EXECUTE|[393]
07:45:20.251 (3291687711)|METHOD_EXIT|[142]|01pdL00000Up09Z|CpeAiAssistantController.parseAndValidateAgentResponse(String, Map<String,Map<String,ANY>>)
07:45:20.251 (3291694281)|VARIABLE_SCOPE_BEGIN|[142]|validatedResponse|Map<String,ANY>|true|false
07:45:20.251 (3291721672)|VARIABLE_ASSIGNMENT|[142]|validatedResponse|{"newState":{"TV + Receiver":6,"Modem":"Wired","Wi-Fi Access Point":1},"stateChanges":["Map of size 7 too large to display"],"message":"Added 2 TV + Receive (47 more) ...","requireOtherCpePrompt":true}|0x66f39490
07:45:20.251 (3291727262)|STATEMENT_EXECUTE|[144]
07:45:20.251 (3291733862)|METHOD_ENTRY|[144]||System.JSON.serialize(Object)
07:45:20.251 (3292700946)|METHOD_EXIT|[144]||System.JSON.serialize(Object)
07:45:20.292 (3292790329)|CUMULATIVE_LIMIT_USAGE
07:45:20.292 (3292790329)|LIMIT_USAGE_FOR_NS|(default)|
  Number of SOQL queries: 2 out of 100
  Number of query rows: 1 out of 50000
  Number of SOSL queries: 0 out of 20
  Number of DML statements: 0 out of 150
  Number of Publish Immediate DML: 0 out of 150
  Number of DML rows: 0 out of 10000
  Maximum CPU time: 631 out of 10000
  Maximum heap size: 0 out of 6000000
  Number of callouts: 0 out of 100
  Number of Email Invocations: 0 out of 10
  Number of future calls: 0 out of 50
  Number of queueable jobs added to the queue: 0 out of 50
  Number of Mobile Apex push calls: 0 out of 10

07:45:20.292 (3292790329)|CUMULATIVE_LIMIT_USAGE_END

07:45:20.251 (3292843350)|CODE_UNIT_FINISHED|CpeAiAssistantController.sendMessageToAgent(String, String, String, String)
07:45:20.251 (3293090696)|CODE_UNIT_FINISHED|apex://CpeAiAssistantController/ACTION$sendMessageToAgent
07:45:20.251 (3293102147)|EXECUTION_FINISHED
