66.0 APEX_CODE,FINEST;APEX_PROFILING,INFO;CALLOUT,INFO;DATA_ACCESS,INFO;DB,INFO;NBA,INFO;SYSTEM,DEBUG;VALIDATION,INFO;VISUALFORCE,INFO;WAVE,INFO;WORKFLOW,INFO
08:20:02.2 (2266893)|USER_INFO|[EXTERNAL]|005dL00001kiJYb|abhijithshaibinu001.b869139f1496@agentforce.com|(GMT-07:00) Pacific Daylight Time (America/Los_Angeles)|GMT-07:00
08:20:02.2 (2354264)|EXECUTION_STARTED
08:20:02.2 (2382416)|CODE_UNIT_STARTED|[EXTERNAL]|apex://CpeAiAssistantController/ACTION$sendMessageToAgent
08:20:02.2 (5385344)|CODE_UNIT_STARTED|[EXTERNAL]|01pdL00000Up09Z|CpeAiAssistantController.sendMessageToAgent(String, String, String, String)
08:20:02.2 (7880503)|HEAP_ALLOCATE|[95]|Bytes:3
08:20:02.2 (8035427)|HEAP_ALLOCATE|[100]|Bytes:152
08:20:02.2 (8053726)|HEAP_ALLOCATE|[417]|Bytes:408
08:20:02.2 (8068487)|HEAP_ALLOCATE|[430]|Bytes:408
08:20:02.2 (8106189)|HEAP_ALLOCATE|[317]|Bytes:6
08:20:02.2 (8175329)|HEAP_ALLOCATE|[EXTERNAL]|Bytes:44
08:20:02.2 (8185460)|HEAP_ALLOCATE|[EXTERNAL]|Bytes:6
08:20:02.2 (8215301)|METHOD_ENTRY|[1]|01pdL00000Up09Z|CpeAiAssistantController.CpeAiAssistantController()
08:20:02.2 (8224250)|STATEMENT_EXECUTE|[1]
08:20:02.2 (8239422)|STATEMENT_EXECUTE|[1]
08:20:02.2 (8263041)|HEAP_ALLOCATE|[68]|Bytes:5
08:20:02.2 (8315234)|HEAP_ALLOCATE|[74]|Bytes:5
08:20:02.2 (8324464)|HEAP_ALLOCATE|[82]|Bytes:7
08:20:02.2 (8858796)|HEAP_ALLOCATE|[EXTERNAL]|Bytes:5
08:20:02.2 (8894167)|METHOD_EXIT|[1]|CpeAiAssistantController
08:20:02.2 (8901106)|HEAP_ALLOCATE|[EXTERNAL]|Bytes:26
08:20:02.2 (8904757)|HEAP_ALLOCATE|[EXTERNAL]|Bytes:734
08:20:02.2 (8907727)|HEAP_ALLOCATE|[EXTERNAL]|Bytes:102
08:20:02.2 (8910576)|HEAP_ALLOCATE|[EXTERNAL]|Bytes:431
08:20:02.2 (8915917)|VARIABLE_SCOPE_BEGIN|[71]|userMessage|String|false|false
08:20:02.2 (9008320)|VARIABLE_ASSIGNMENT|[71]|userMessage|"Remove 2 wifi access (6 more) ..."
08:20:02.2 (9015139)|VARIABLE_SCOPE_BEGIN|[71]|cpeItemsJson|String|false|false
08:20:02.2 (9025560)|VARIABLE_ASSIGNMENT|[71]|cpeItemsJson|"{\n  \"CpeItems\": [\n   (714 more) ..."
08:20:02.2 (9029349)|VARIABLE_SCOPE_BEGIN|[71]|currentCartJson|String|false|false
08:20:02.2 (9053811)|VARIABLE_ASSIGNMENT|[71]|currentCartJson|"{\"TV + Receiver\":4,\" (82 more) ..."
08:20:02.2 (9057571)|VARIABLE_SCOPE_BEGIN|[71]|chatHistory|String|false|false
08:20:02.2 (9065361)|VARIABLE_ASSIGNMENT|[71]|chatHistory|"Technician: Remove D (411 more) ..."
08:20:02.2 (9083761)|HEAP_ALLOCATE|[72]|Bytes:5
08:20:02.2 (9089590)|STATEMENT_EXECUTE|[71]
08:20:02.2 (9092100)|STATEMENT_EXECUTE|[72]
08:20:02.2 (9094181)|STATEMENT_EXECUTE|[72]
08:20:02.2 (9096261)|STATEMENT_EXECUTE|[74]
08:20:02.2 (9114871)|METHOD_ENTRY|[74]|01pdL00000Up09Z|CpeAiAssistantController.buildRulePayload(String, String)
08:20:02.2 (9152782)|VARIABLE_SCOPE_BEGIN|[156]|cpeItemsJson|String|false|false
08:20:02.2 (9163803)|VARIABLE_ASSIGNMENT|[156]|cpeItemsJson|"{\n  \"CpeItems\": [\n   (714 more) ..."
08:20:02.2 (9167742)|VARIABLE_SCOPE_BEGIN|[156]|currentCartJson|String|false|false
08:20:02.2 (9176392)|VARIABLE_ASSIGNMENT|[156]|currentCartJson|"{\"TV + Receiver\":4,\" (82 more) ..."
08:20:02.2 (9186473)|HEAP_ALLOCATE|[157]|Bytes:5
08:20:02.2 (9190863)|STATEMENT_EXECUTE|[156]
08:20:02.2 (9193183)|STATEMENT_EXECUTE|[157]
08:20:02.2 (9216094)|HEAP_ALLOCATE|[157]|Bytes:4
08:20:02.2 (9234554)|VARIABLE_SCOPE_BEGIN|[157]|rules|Map<String,Map<String,ANY>>|true|false
08:20:02.2 (9264304)|VARIABLE_ASSIGNMENT|[157]|rules|{}|0x7c984a42
08:20:02.2 (9270385)|STATEMENT_EXECUTE|[158]
08:20:02.2 (9274136)|HEAP_ALLOCATE|[158]|Bytes:13
08:20:02.2 (9284216)|HEAP_ALLOCATE|[158]|Bytes:4
08:20:02.2 (9293035)|HEAP_ALLOCATE|[158]|Bytes:7
08:20:02.2 (9356808)|HEAP_ALLOCATE|[158]|Bytes:4
08:20:02.2 (9387917)|HEAP_ALLOCATE|[158]|Bytes:3
08:20:02.2 (9398158)|HEAP_ALLOCATE|[158]|Bytes:4
08:20:02.2 (9408078)|HEAP_ALLOCATE|[158]|Bytes:3
08:20:02.2 (9416868)|HEAP_ALLOCATE|[158]|Bytes:4
08:20:02.2 (9436219)|HEAP_ALLOCATE|[EXTERNAL]|Bytes:-4
08:20:02.2 (9443709)|STATEMENT_EXECUTE|[159]
08:20:02.2 (9446839)|HEAP_ALLOCATE|[159]|Bytes:5
08:20:02.2 (9455799)|HEAP_ALLOCATE|[159]|Bytes:4
08:20:02.2 (9463269)|HEAP_ALLOCATE|[159]|Bytes:5
08:20:02.2 (9495531)|HEAP_ALLOCATE|[159]|Bytes:4
08:20:02.2 (9510181)|HEAP_ALLOCATE|[159]|Bytes:4
08:20:02.2 (9525131)|HEAP_ALLOCATE|[EXTERNAL]|Bytes:-4
08:20:02.2 (9531852)|STATEMENT_EXECUTE|[160]
08:20:02.2 (9534862)|HEAP_ALLOCATE|[160]|Bytes:18
08:20:02.2 (9541702)|HEAP_ALLOCATE|[160]|Bytes:4
08:20:02.2 (9562431)|HEAP_ALLOCATE|[160]|Bytes:4
08:20:02.2 (9578472)|HEAP_ALLOCATE|[160]|Bytes:4
08:20:02.2 (9592573)|HEAP_ALLOCATE|[160]|Bytes:4
08:20:02.2 (9611843)|HEAP_ALLOCATE|[EXTERNAL]|Bytes:-4
08:20:02.2 (9701675)|STATEMENT_EXECUTE|[162]
08:20:02.2 (9705336)|STATEMENT_EXECUTE|[163]
08:20:02.2 (9708416)|STATEMENT_EXECUTE|[163]
08:20:02.2 (9711965)|STATEMENT_EXECUTE|[164]
08:20:02.2 (9757497)|HEAP_ALLOCATE|[164]|Bytes:24
08:20:02.2 (9773577)|SYSTEM_METHOD_ENTRY|[1]|JSON.JSON()
08:20:02.2 (9777166)|STATEMENT_EXECUTE|[1]
08:20:02.2 (9790327)|SYSTEM_METHOD_EXIT|[1]|JSON
08:20:02.2 (9799997)|METHOD_ENTRY|[164]||System.JSON.deserializeUntyped(String)
08:20:02.2 (14616959)|METHOD_EXIT|[164]||System.JSON.deserializeUntyped(String)
08:20:02.2 (14644639)|VARIABLE_SCOPE_BEGIN|[164]|currentCart|Map<String,ANY>|true|false
08:20:02.2 (14690630)|VARIABLE_ASSIGNMENT|[164]|currentCart|"Map of size 6 too large to display"|0x7d5d3e60
08:20:02.2 (14814403)|HEAP_ALLOCATE|[165]|Bytes:87
08:20:02.2 (14914026)|HEAP_ALLOCATE|[165]|Bytes:5
08:20:02.2 (14937507)|VARIABLE_SCOPE_BEGIN|[165]|key|String|false|false
08:20:02.2 (14953236)|VARIABLE_ASSIGNMENT|[165]|key|"TV + Receiver"
08:20:02.2 (14960207)|STATEMENT_EXECUTE|[165]
08:20:02.2 (14962898)|STATEMENT_EXECUTE|[166]
08:20:02.2 (14973628)|METHOD_ENTRY|[166]|01pdL00000Up09Z|CpeAiAssistantController.normalizeProductName(String)
08:20:02.2 (14991098)|VARIABLE_SCOPE_BEGIN|[255]|rawName|String|false|false
08:20:02.2 (15000887)|VARIABLE_ASSIGNMENT|[255]|rawName|"TV + Receiver"
08:20:02.2 (15014968)|HEAP_ALLOCATE|[256]|Bytes:5
08:20:02.2 (15019539)|STATEMENT_EXECUTE|[255]
08:20:02.2 (15070159)|STATEMENT_EXECUTE|[256]
08:20:02.2 (15072889)|STATEMENT_EXECUTE|[257]
08:20:02.2 (15107271)|HEAP_ALLOCATE|[257]|Bytes:13
08:20:02.2 (15123661)|VARIABLE_SCOPE_BEGIN|[257]|lower|String|false|false
08:20:02.2 (15141771)|VARIABLE_ASSIGNMENT|[257]|lower|"tv + receiver"
08:20:02.2 (15150422)|HEAP_ALLOCATE|[258]|Bytes:2
08:20:02.2 (15194583)|STATEMENT_EXECUTE|[258]
08:20:02.2 (15205892)|METHOD_EXIT|[166]|01pdL00000Up09Z|CpeAiAssistantController.normalizeProductName(String)
08:20:02.2 (15214042)|VARIABLE_SCOPE_BEGIN|[166]|normKey|String|false|false
08:20:02.2 (15228714)|VARIABLE_ASSIGNMENT|[166]|normKey|"TV + Receiver"
08:20:02.2 (15274414)|STATEMENT_EXECUTE|[167]
08:20:02.2 (15277814)|STATEMENT_EXECUTE|[168]
08:20:02.2 (15439239)|HEAP_ALLOCATE|[165]|Bytes:5
08:20:02.2 (15463639)|VARIABLE_SCOPE_BEGIN|[165]|key|String|false|false
08:20:02.2 (15476480)|VARIABLE_ASSIGNMENT|[165]|key|"Modem"
08:20:02.2 (15482459)|STATEMENT_EXECUTE|[165]
08:20:02.2 (15485910)|STATEMENT_EXECUTE|[166]
08:20:02.2 (15494499)|METHOD_ENTRY|[166]|01pdL00000Up09Z|CpeAiAssistantController.normalizeProductName(String)
08:20:02.2 (15504080)|VARIABLE_SCOPE_BEGIN|[255]|rawName|String|false|false
08:20:02.2 (15513400)|VARIABLE_ASSIGNMENT|[255]|rawName|"Modem"
08:20:02.2 (15523770)|HEAP_ALLOCATE|[256]|Bytes:5
08:20:02.2 (15528420)|STATEMENT_EXECUTE|[255]
08:20:02.2 (15547041)|STATEMENT_EXECUTE|[256]
08:20:02.2 (15549481)|STATEMENT_EXECUTE|[257]
08:20:02.2 (15557351)|HEAP_ALLOCATE|[257]|Bytes:5
08:20:02.2 (15566802)|VARIABLE_SCOPE_BEGIN|[257]|lower|String|false|false
08:20:02.2 (15579531)|VARIABLE_ASSIGNMENT|[257]|lower|"modem"
08:20:02.2 (15600301)|HEAP_ALLOCATE|[258]|Bytes:8
08:20:02.2 (15617923)|STATEMENT_EXECUTE|[258]
08:20:02.2 (15620593)|HEAP_ALLOCATE|[259]|Bytes:5
08:20:02.2 (15649623)|HEAP_ALLOCATE|[259]|Bytes:4
08:20:02.2 (15665394)|HEAP_ALLOCATE|[259]|Bytes:2
08:20:02.2 (15681063)|HEAP_ALLOCATE|[259]|Bytes:12
08:20:02.2 (15695904)|HEAP_ALLOCATE|[259]|Bytes:6
08:20:02.2 (15710814)|STATEMENT_EXECUTE|[259]
08:20:02.2 (15713675)|HEAP_ALLOCATE|[260]|Bytes:5
08:20:02.2 (15735486)|STATEMENT_EXECUTE|[260]
08:20:02.2 (15743375)|METHOD_EXIT|[166]|01pdL00000Up09Z|CpeAiAssistantController.normalizeProductName(String)
08:20:02.2 (15749246)|VARIABLE_SCOPE_BEGIN|[166]|normKey|String|false|false
08:20:02.2 (15758745)|VARIABLE_ASSIGNMENT|[166]|normKey|"Modem"
08:20:02.2 (15771575)|STATEMENT_EXECUTE|[167]
08:20:02.2 (15773636)|STATEMENT_EXECUTE|[168]
08:20:02.2 (15809176)|HEAP_ALLOCATE|[165]|Bytes:5
08:20:02.2 (15823158)|VARIABLE_SCOPE_BEGIN|[165]|key|String|false|false
08:20:02.2 (15833587)|VARIABLE_ASSIGNMENT|[165]|key|"Wi-Fi Access Point"
08:20:02.2 (15838158)|STATEMENT_EXECUTE|[165]
08:20:02.2 (15840118)|STATEMENT_EXECUTE|[166]
08:20:02.2 (15844288)|METHOD_ENTRY|[166]|01pdL00000Up09Z|CpeAiAssistantController.normalizeProductName(String)
08:20:02.2 (15849718)|VARIABLE_SCOPE_BEGIN|[255]|rawName|String|false|false
08:20:02.2 (15857577)|VARIABLE_ASSIGNMENT|[255]|rawName|"Wi-Fi Access Point"
08:20:02.2 (15865778)|HEAP_ALLOCATE|[256]|Bytes:5
08:20:02.2 (15869609)|STATEMENT_EXECUTE|[255]
08:20:02.2 (15885249)|STATEMENT_EXECUTE|[256]
08:20:02.2 (15887679)|STATEMENT_EXECUTE|[257]
08:20:02.2 (15895479)|HEAP_ALLOCATE|[257]|Bytes:18
08:20:02.2 (15905759)|VARIABLE_SCOPE_BEGIN|[257]|lower|String|false|false
08:20:02.2 (15915549)|VARIABLE_ASSIGNMENT|[257]|lower|"wi-fi access point"
08:20:02.2 (15948090)|STATEMENT_EXECUTE|[258]
08:20:02.2 (15963771)|STATEMENT_EXECUTE|[259]
08:20:02.2 (15971681)|METHOD_EXIT|[166]|01pdL00000Up09Z|CpeAiAssistantController.normalizeProductName(String)
08:20:02.2 (15976891)|VARIABLE_SCOPE_BEGIN|[166]|normKey|String|false|false
08:20:02.2 (15986590)|VARIABLE_ASSIGNMENT|[166]|normKey|"Wi-Fi Access Point"
08:20:02.2 (15998461)|STATEMENT_EXECUTE|[167]
08:20:02.2 (16000741)|STATEMENT_EXECUTE|[168]
08:20:02.2 (16042792)|HEAP_ALLOCATE|[165]|Bytes:5
08:20:02.2 (16055413)|VARIABLE_SCOPE_BEGIN|[165]|key|String|false|false
08:20:02.2 (16064152)|VARIABLE_ASSIGNMENT|[165]|key|"baseTv"
08:20:02.2 (16068192)|STATEMENT_EXECUTE|[165]
08:20:02.2 (16070163)|STATEMENT_EXECUTE|[166]
08:20:02.2 (16073992)|METHOD_ENTRY|[166]|01pdL00000Up09Z|CpeAiAssistantController.normalizeProductName(String)
08:20:02.2 (16078724)|VARIABLE_SCOPE_BEGIN|[255]|rawName|String|false|false
08:20:02.2 (16086383)|VARIABLE_ASSIGNMENT|[255]|rawName|"baseTv"
08:20:02.2 (16094503)|HEAP_ALLOCATE|[256]|Bytes:5
08:20:02.2 (16098073)|STATEMENT_EXECUTE|[255]
08:20:02.2 (16115014)|STATEMENT_EXECUTE|[256]
08:20:02.2 (16117713)|STATEMENT_EXECUTE|[257]
08:20:02.2 (16128144)|HEAP_ALLOCATE|[257]|Bytes:6
08:20:02.2 (16143325)|VARIABLE_SCOPE_BEGIN|[257]|lower|String|false|false
08:20:02.2 (16152184)|VARIABLE_ASSIGNMENT|[257]|lower|"basetv"
08:20:02.2 (16167875)|STATEMENT_EXECUTE|[258]
08:20:02.2 (16174065)|METHOD_EXIT|[166]|01pdL00000Up09Z|CpeAiAssistantController.normalizeProductName(String)
08:20:02.2 (16178856)|VARIABLE_SCOPE_BEGIN|[166]|normKey|String|false|false
08:20:02.2 (16187025)|VARIABLE_ASSIGNMENT|[166]|normKey|"TV + Receiver"
08:20:02.2 (16199635)|STATEMENT_EXECUTE|[167]
08:20:02.2 (16201606)|STATEMENT_EXECUTE|[168]
08:20:02.2 (16237066)|HEAP_ALLOCATE|[165]|Bytes:5
08:20:02.2 (16249207)|VARIABLE_SCOPE_BEGIN|[165]|key|String|false|false
08:20:02.2 (16258867)|VARIABLE_ASSIGNMENT|[165]|key|"baseWifi"
08:20:02.2 (16262917)|STATEMENT_EXECUTE|[165]
08:20:02.2 (16264947)|STATEMENT_EXECUTE|[166]
08:20:02.2 (16269717)|METHOD_ENTRY|[166]|01pdL00000Up09Z|CpeAiAssistantController.normalizeProductName(String)
08:20:02.2 (16274688)|VARIABLE_SCOPE_BEGIN|[255]|rawName|String|false|false
08:20:02.2 (16282837)|VARIABLE_ASSIGNMENT|[255]|rawName|"baseWifi"
08:20:02.2 (16292488)|HEAP_ALLOCATE|[256]|Bytes:5
08:20:02.2 (16298388)|STATEMENT_EXECUTE|[255]
08:20:02.2 (16318308)|STATEMENT_EXECUTE|[256]
08:20:02.2 (16320649)|STATEMENT_EXECUTE|[257]
08:20:02.2 (16327779)|HEAP_ALLOCATE|[257]|Bytes:8
08:20:02.2 (16339130)|VARIABLE_SCOPE_BEGIN|[257]|lower|String|false|false
08:20:02.2 (16350820)|VARIABLE_ASSIGNMENT|[257]|lower|"basewifi"
08:20:02.2 (16441591)|STATEMENT_EXECUTE|[258]
08:20:02.2 (16468213)|STATEMENT_EXECUTE|[259]
08:20:02.2 (16475413)|METHOD_EXIT|[166]|01pdL00000Up09Z|CpeAiAssistantController.normalizeProductName(String)
08:20:02.2 (16481743)|VARIABLE_SCOPE_BEGIN|[166]|normKey|String|false|false
08:20:02.2 (16491973)|VARIABLE_ASSIGNMENT|[166]|normKey|"Wi-Fi Access Point"
08:20:02.2 (16503872)|STATEMENT_EXECUTE|[167]
08:20:02.2 (16505893)|STATEMENT_EXECUTE|[168]
08:20:02.2 (16543654)|HEAP_ALLOCATE|[165]|Bytes:5
08:20:02.2 (16556284)|VARIABLE_SCOPE_BEGIN|[165]|key|String|false|false
08:20:02.2 (16564545)|VARIABLE_ASSIGNMENT|[165]|key|"baseModem"
08:20:02.2 (16568145)|STATEMENT_EXECUTE|[165]
08:20:02.2 (16570185)|STATEMENT_EXECUTE|[166]
08:20:02.2 (16574745)|METHOD_ENTRY|[166]|01pdL00000Up09Z|CpeAiAssistantController.normalizeProductName(String)
08:20:02.2 (16579465)|VARIABLE_SCOPE_BEGIN|[255]|rawName|String|false|false
08:20:02.2 (16586705)|VARIABLE_ASSIGNMENT|[255]|rawName|"baseModem"
08:20:02.2 (16593695)|HEAP_ALLOCATE|[256]|Bytes:5
08:20:02.2 (16598386)|STATEMENT_EXECUTE|[255]
08:20:02.2 (16614325)|STATEMENT_EXECUTE|[256]
08:20:02.2 (16616445)|STATEMENT_EXECUTE|[257]
08:20:02.2 (16623776)|HEAP_ALLOCATE|[257]|Bytes:9
08:20:02.2 (16633216)|VARIABLE_SCOPE_BEGIN|[257]|lower|String|false|false
08:20:02.2 (16641166)|VARIABLE_ASSIGNMENT|[257]|lower|"basemodem"
08:20:02.2 (16665257)|STATEMENT_EXECUTE|[258]
08:20:02.2 (16716037)|STATEMENT_EXECUTE|[259]
08:20:02.2 (16728008)|STATEMENT_EXECUTE|[260]
08:20:02.2 (16733629)|METHOD_EXIT|[166]|01pdL00000Up09Z|CpeAiAssistantController.normalizeProductName(String)
08:20:02.2 (16739048)|VARIABLE_SCOPE_BEGIN|[166]|normKey|String|false|false
08:20:02.2 (16747619)|VARIABLE_ASSIGNMENT|[166]|normKey|"Modem"
08:20:02.2 (16759189)|STATEMENT_EXECUTE|[167]
08:20:02.2 (16761139)|STATEMENT_EXECUTE|[168]
08:20:02.2 (16810711)|HEAP_ALLOCATE|[165]|Bytes:5
08:20:02.2 (16826560)|VARIABLE_ASSIGNMENT|[165]|key|null
08:20:02.2 (16832581)|HEAP_ALLOCATE|[171]|Bytes:6
08:20:02.2 (16861782)|STATEMENT_EXECUTE|[171]
08:20:02.2 (16876971)|HEAP_ALLOCATE|[171]|Bytes:4
08:20:02.2 (16897762)|HEAP_ALLOCATE|[EXTERNAL]|Bytes:-4
08:20:02.2 (16906242)|HEAP_ALLOCATE|[172]|Bytes:8
08:20:02.2 (16926162)|STATEMENT_EXECUTE|[172]
08:20:02.2 (16959243)|HEAP_ALLOCATE|[EXTERNAL]|Bytes:-4
08:20:02.2 (16971474)|HEAP_ALLOCATE|[173]|Bytes:9
08:20:02.2 (16996084)|STATEMENT_EXECUTE|[173]
08:20:02.2 (17028015)|HEAP_ALLOCATE|[EXTERNAL]|Bytes:-4
08:20:02.2 (17074616)|STATEMENT_EXECUTE|[177]
08:20:02.2 (17078566)|STATEMENT_EXECUTE|[178]
08:20:02.2 (17081467)|STATEMENT_EXECUTE|[178]
08:20:02.2 (17084477)|STATEMENT_EXECUTE|[179]
08:20:02.2 (17094246)|METHOD_ENTRY|[179]||System.JSON.deserializeUntyped(String)
08:20:02.2 (18468278)|METHOD_EXIT|[179]||System.JSON.deserializeUntyped(String)
08:20:02.2 (18481539)|VARIABLE_SCOPE_BEGIN|[179]|itemsMap|Map<String,ANY>|true|false
08:20:02.2 (18511060)|HEAP_ALLOCATE|[EXTERNAL]|Bytes:20
08:20:02.2 (18566271)|VARIABLE_ASSIGNMENT|[179]|itemsMap|{"CpeItems":["Map of size 6 too large to display",{"itemType":"childProduct","maxQuantity":15,"minQuantity":0,"defaultQuantity":0,"ProductCode":"O_RES_TV_PLUS_ADDL_S (2 more) ..."},"Map of size 6 too large to display",{"itemType":"childProduct","maxQuantity":99999,"minQuantity":0,"defaultQuantity":0,"ProductCode":"O_RES_HSI_WIFI_EXTEN (3 more) ..."}]}|0x4b2852d5
08:20:02.2 (18575601)|STATEMENT_EXECUTE|[180]
08:20:02.2 (18585792)|HEAP_ALLOCATE|[180]|Bytes:4
08:20:02.2 (18662133)|VARIABLE_SCOPE_BEGIN|[180]|items|List<ANY>|true|false
08:20:02.2 (18675674)|HEAP_ALLOCATE|[EXTERNAL]|Bytes:4
08:20:02.2 (18687184)|VARIABLE_ASSIGNMENT|[180]|items|[]|0x45bf8c63
08:20:02.2 (18693064)|HEAP_ALLOCATE|[181]|Bytes:8
08:20:02.2 (18728054)|STATEMENT_EXECUTE|[181]
08:20:02.2 (18730524)|STATEMENT_EXECUTE|[182]
08:20:02.2 (18776725)|VARIABLE_ASSIGNMENT|[182]|items|["Map of size 6 too large to display",{"itemType":"childProduct","maxQuantity":15,"minQuantity":0,"defaultQuantity":0,"ProductCode":"O_RES_TV_PLUS_ADDL_S (2 more) ..."},"Map of size 6 too large to display",{"itemType":"childProduct","maxQuantity":99999,"minQuantity":0,"defaultQuantity":0,"ProductCode":"O_RES_HSI_WIFI_EXTEN (3 more) ..."}]|0x5105148a
08:20:02.2 (18785676)|STATEMENT_EXECUTE|[185]
08:20:02.2 (18800086)|HEAP_ALLOCATE|[185]|Bytes:4
08:20:02.2 (18809816)|VARIABLE_SCOPE_BEGIN|[185]|limits|Map<String,Map<String,Integer>>|true|false
08:20:02.2 (18821816)|VARIABLE_ASSIGNMENT|[185]|limits|{}|0x6ee01f9a
08:20:02.2 (18825827)|STATEMENT_EXECUTE|[186]
08:20:02.2 (18833118)|HEAP_ALLOCATE|[186]|Bytes:4
08:20:02.2 (18841167)|HEAP_ALLOCATE|[186]|Bytes:6
08:20:02.2 (18867358)|HEAP_ALLOCATE|[186]|Bytes:4
08:20:02.2 (18877808)|HEAP_ALLOCATE|[186]|Bytes:6
08:20:02.2 (18887258)|HEAP_ALLOCATE|[186]|Bytes:4
08:20:02.2 (18898919)|HEAP_ALLOCATE|[186]|Bytes:4
08:20:02.2 (18915119)|HEAP_ALLOCATE|[EXTERNAL]|Bytes:-4
08:20:02.2 (18921569)|STATEMENT_EXECUTE|[187]
08:20:02.2 (18928510)|HEAP_ALLOCATE|[187]|Bytes:4
08:20:02.2 (18949680)|HEAP_ALLOCATE|[187]|Bytes:4
08:20:02.2 (18962161)|HEAP_ALLOCATE|[187]|Bytes:4
08:20:02.2 (18972690)|HEAP_ALLOCATE|[187]|Bytes:4
08:20:02.2 (18985100)|HEAP_ALLOCATE|[EXTERNAL]|Bytes:-4
08:20:02.2 (18991871)|STATEMENT_EXECUTE|[188]
08:20:02.2 (18998441)|HEAP_ALLOCATE|[188]|Bytes:4
08:20:02.2 (19020712)|HEAP_ALLOCATE|[188]|Bytes:4
08:20:02.2 (19034021)|HEAP_ALLOCATE|[188]|Bytes:4
08:20:02.2 (19046352)|HEAP_ALLOCATE|[EXTERNAL]|Bytes:-4
08:20:02.2 (19052532)|STATEMENT_EXECUTE|[190]
08:20:02.2 (19061683)|METHOD_ENTRY|[190]|01pdL00000Up09Z|CpeAiAssistantController.extractCodes(List<ANY>, Map<String,Map<String,Integer>>)
08:20:02.2 (19072532)|VARIABLE_SCOPE_BEGIN|[203]|items|List<ANY>|true|false
08:20:02.2 (19095514)|VARIABLE_ASSIGNMENT|[203]|items|["Map of size 6 too large to display",{"itemType":"childProduct","maxQuantity":15,"minQuantity":0,"defaultQuantity":0,"ProductCode":"O_RES_TV_PLUS_ADDL_S (2 more) ..."},"Map of size 6 too large to display",{"itemType":"childProduct","maxQuantity":99999,"minQuantity":0,"defaultQuantity":0,"ProductCode":"O_RES_HSI_WIFI_EXTEN (3 more) ..."}]|0x5105148a
08:20:02.2 (19102303)|VARIABLE_SCOPE_BEGIN|[203]|limits|Map<String,Map<String,Integer>>|true|false
08:20:02.2 (19116764)|VARIABLE_ASSIGNMENT|[203]|limits|{"tv":{"maxInc":3,"maxAdd":15,"min":1},"wifi":{"maxInc":1,"maxAdd":10,"min":1},"modem":{"max":1,"min":1}}|0x6ee01f9a
08:20:02.2 (19129453)|HEAP_ALLOCATE|[204]|Bytes:5
08:20:02.2 (19133845)|STATEMENT_EXECUTE|[203]
08:20:02.2 (19136744)|STATEMENT_EXECUTE|[204]
08:20:02.2 (19183926)|HEAP_ALLOCATE|[205]|Bytes:5
08:20:02.2 (19210185)|HEAP_ALLOCATE|[205]|Bytes:28
08:20:02.2 (19220157)|VARIABLE_SCOPE_BEGIN|[205]|obj|Object|false|false
08:20:02.2 (19232487)|VARIABLE_ASSIGNMENT|[205]|obj|"Map of size 6 too large to display"
08:20:02.2 (19237397)|STATEMENT_EXECUTE|[205]
08:20:02.2 (19239576)|STATEMENT_EXECUTE|[206]
08:20:02.2 (19243477)|VARIABLE_SCOPE_BEGIN|[206]|item|Map<String,ANY>|true|false
08:20:02.2 (19251877)|VARIABLE_ASSIGNMENT|[206]|item|"Map of size 6 too large to display"|0x67d74669
08:20:02.2 (19256237)|STATEMENT_EXECUTE|[207]
08:20:02.2 (19263337)|METHOD_ENTRY|[207]|01pdL00000Up09Z|CpeAiAssistantController.getProductCode(Map<String,ANY>)
08:20:02.2 (19274158)|VARIABLE_SCOPE_BEGIN|[236]|item|Map<String,ANY>|true|false
08:20:02.2 (19282417)|VARIABLE_ASSIGNMENT|[236]|item|"Map of size 6 too large to display"|0x67d74669
08:20:02.2 (19291318)|HEAP_ALLOCATE|[237]|Bytes:5
08:20:02.2 (19295657)|STATEMENT_EXECUTE|[236]
08:20:02.2 (19299137)|HEAP_ALLOCATE|[237]|Bytes:11
08:20:02.2 (19329508)|STATEMENT_EXECUTE|[237]
08:20:02.2 (19332578)|STATEMENT_EXECUTE|[238]
08:20:02.2 (19361480)|HEAP_ALLOCATE|[238]|Bytes:17
08:20:02.2 (19377509)|METHOD_EXIT|[207]|01pdL00000Up09Z|CpeAiAssistantController.getProductCode(Map<String,ANY>)
08:20:02.2 (19382509)|VARIABLE_SCOPE_BEGIN|[207]|code|String|false|false
08:20:02.2 (19391891)|VARIABLE_ASSIGNMENT|[207]|code|"O_RES_TV_PLUS_STB"
08:20:02.2 (19395491)|STATEMENT_EXECUTE|[208]
08:20:02.2 (19398571)|HEAP_ALLOCATE|[208]|Bytes:11
08:20:02.2 (19428211)|VARIABLE_SCOPE_BEGIN|[208]|maxQ|Integer|false|false
08:20:02.2 (19436781)|VARIABLE_ASSIGNMENT|[208]|maxQ|3
08:20:02.2 (19440381)|STATEMENT_EXECUTE|[209]
08:20:02.2 (19443181)|HEAP_ALLOCATE|[209]|Bytes:11
08:20:02.2 (19470172)|VARIABLE_SCOPE_BEGIN|[209]|minQ|Integer|false|false
08:20:02.2 (19479342)|VARIABLE_ASSIGNMENT|[209]|minQ|0
08:20:02.2 (19482832)|STATEMENT_EXECUTE|[210]
08:20:02.2 (19485542)|HEAP_ALLOCATE|[210]|Bytes:15
08:20:02.2 (19512203)|VARIABLE_SCOPE_BEGIN|[210]|defQ|Integer|false|false
08:20:02.2 (19521033)|VARIABLE_ASSIGNMENT|[210]|defQ|1
08:20:02.2 (19526524)|HEAP_ALLOCATE|[212]|Bytes:17
08:20:02.2 (19552273)|STATEMENT_EXECUTE|[212]
08:20:02.2 (19554503)|STATEMENT_EXECUTE|[213]
08:20:02.2 (19589165)|STATEMENT_EXECUTE|[214]
08:20:02.2 (19619086)|HEAP_ALLOCATE|[227]|Bytes:13
08:20:02.2 (19639256)|STATEMENT_EXECUTE|[227]
08:20:02.2 (19650746)|HEAP_ALLOCATE|[205]|Bytes:5
08:20:02.2 (19664817)|HEAP_ALLOCATE|[205]|Bytes:24
08:20:02.2 (19673337)|VARIABLE_SCOPE_BEGIN|[205]|obj|Object|false|false
08:20:02.2 (19692316)|VARIABLE_ASSIGNMENT|[205]|obj|{"itemType":"childProduct","maxQuantity":15,"minQuantity":0,"defaultQuantity":0,"ProductCode":"O_RES_TV_PLUS_ADDL_S (2 more) ..."}
08:20:02.2 (19697117)|STATEMENT_EXECUTE|[205]
08:20:02.2 (19699408)|STATEMENT_EXECUTE|[206]
08:20:02.2 (19702808)|VARIABLE_SCOPE_BEGIN|[206]|item|Map<String,ANY>|true|false
08:20:02.2 (19714547)|VARIABLE_ASSIGNMENT|[206]|item|{"itemType":"childProduct","maxQuantity":15,"minQuantity":0,"defaultQuantity":0,"ProductCode":"O_RES_TV_PLUS_ADDL_S (2 more) ..."}|0x5eb20264
08:20:02.2 (19719338)|STATEMENT_EXECUTE|[207]
08:20:02.2 (19723627)|METHOD_ENTRY|[207]|01pdL00000Up09Z|CpeAiAssistantController.getProductCode(Map<String,ANY>)
08:20:02.2 (19728298)|VARIABLE_SCOPE_BEGIN|[236]|item|Map<String,ANY>|true|false
08:20:02.2 (19739108)|VARIABLE_ASSIGNMENT|[236]|item|{"itemType":"childProduct","maxQuantity":15,"minQuantity":0,"defaultQuantity":0,"ProductCode":"O_RES_TV_PLUS_ADDL_S (2 more) ..."}|0x5eb20264
08:20:02.2 (19748518)|HEAP_ALLOCATE|[237]|Bytes:5
08:20:02.2 (19752708)|STATEMENT_EXECUTE|[236]
08:20:02.2 (19770289)|STATEMENT_EXECUTE|[237]
08:20:02.2 (19772379)|STATEMENT_EXECUTE|[238]
08:20:02.2 (19788580)|HEAP_ALLOCATE|[238]|Bytes:22
08:20:02.2 (19801850)|METHOD_EXIT|[207]|01pdL00000Up09Z|CpeAiAssistantController.getProductCode(Map<String,ANY>)
08:20:02.2 (19808220)|VARIABLE_SCOPE_BEGIN|[207]|code|String|false|false
08:20:02.2 (19816919)|VARIABLE_ASSIGNMENT|[207]|code|"O_RES_TV_PLUS_ADDL_S (2 more) ..."
08:20:02.2 (19820540)|STATEMENT_EXECUTE|[208]
08:20:02.2 (19837301)|VARIABLE_SCOPE_BEGIN|[208]|maxQ|Integer|false|false
08:20:02.2 (19845331)|VARIABLE_ASSIGNMENT|[208]|maxQ|15
08:20:02.2 (19848910)|STATEMENT_EXECUTE|[209]
08:20:02.2 (19864532)|VARIABLE_SCOPE_BEGIN|[209]|minQ|Integer|false|false
08:20:02.2 (19873471)|VARIABLE_ASSIGNMENT|[209]|minQ|0
08:20:02.2 (19877111)|STATEMENT_EXECUTE|[210]
08:20:02.2 (19893652)|VARIABLE_SCOPE_BEGIN|[210]|defQ|Integer|false|false
08:20:02.2 (19901391)|VARIABLE_ASSIGNMENT|[210]|defQ|0
08:20:02.2 (19919282)|HEAP_ALLOCATE|[215]|Bytes:22
08:20:02.2 (19926202)|STATEMENT_EXECUTE|[215]
08:20:02.2 (19928373)|STATEMENT_EXECUTE|[216]
08:20:02.2 (19968313)|STATEMENT_EXECUTE|[227]
08:20:02.2 (19977953)|HEAP_ALLOCATE|[205]|Bytes:5
08:20:02.2 (19991504)|HEAP_ALLOCATE|[205]|Bytes:28
08:20:02.2 (20000065)|VARIABLE_SCOPE_BEGIN|[205]|obj|Object|false|false
08:20:02.2 (20011775)|VARIABLE_ASSIGNMENT|[205]|obj|"Map of size 6 too large to display"
08:20:02.2 (20016095)|STATEMENT_EXECUTE|[205]
08:20:02.2 (20018095)|STATEMENT_EXECUTE|[206]
08:20:02.2 (20021754)|VARIABLE_SCOPE_BEGIN|[206]|item|Map<String,ANY>|true|false
08:20:02.2 (20032924)|VARIABLE_ASSIGNMENT|[206]|item|"Map of size 6 too large to display"|0x276afc7c
08:20:02.2 (20036835)|STATEMENT_EXECUTE|[207]
08:20:02.2 (20041075)|METHOD_ENTRY|[207]|01pdL00000Up09Z|CpeAiAssistantController.getProductCode(Map<String,ANY>)
08:20:02.2 (20045875)|VARIABLE_SCOPE_BEGIN|[236]|item|Map<String,ANY>|true|false
08:20:02.2 (20053075)|VARIABLE_ASSIGNMENT|[236]|item|"Map of size 6 too large to display"|0x276afc7c
08:20:02.2 (20061875)|HEAP_ALLOCATE|[237]|Bytes:5
08:20:02.2 (20066176)|STATEMENT_EXECUTE|[236]
08:20:02.2 (20084177)|STATEMENT_EXECUTE|[237]
08:20:02.2 (20086316)|STATEMENT_EXECUTE|[238]
08:20:02.2 (20102547)|HEAP_ALLOCATE|[238]|Bytes:15
08:20:02.2 (20114587)|METHOD_EXIT|[207]|01pdL00000Up09Z|CpeAiAssistantController.getProductCode(Map<String,ANY>)
08:20:02.2 (20120577)|VARIABLE_SCOPE_BEGIN|[207]|code|String|false|false
08:20:02.2 (20129258)|VARIABLE_ASSIGNMENT|[207]|code|"O_RES_HSI_MODEM"
08:20:02.2 (20133018)|STATEMENT_EXECUTE|[208]
08:20:02.2 (20150127)|VARIABLE_SCOPE_BEGIN|[208]|maxQ|Integer|false|false
08:20:02.2 (20162388)|VARIABLE_ASSIGNMENT|[208]|maxQ|99999
08:20:02.2 (20165998)|STATEMENT_EXECUTE|[209]
08:20:02.2 (20182328)|VARIABLE_SCOPE_BEGIN|[209]|minQ|Integer|false|false
08:20:02.2 (20191469)|VARIABLE_ASSIGNMENT|[209]|minQ|0
08:20:02.2 (20194709)|STATEMENT_EXECUTE|[210]
08:20:02.2 (20212289)|VARIABLE_SCOPE_BEGIN|[210]|defQ|Integer|false|false
08:20:02.2 (20221060)|VARIABLE_ASSIGNMENT|[210]|defQ|1
08:20:02.2 (20236529)|HEAP_ALLOCATE|[217]|Bytes:27
08:20:02.2 (20245900)|HEAP_ALLOCATE|[220]|Bytes:27
08:20:02.2 (20254560)|HEAP_ALLOCATE|[222]|Bytes:15
08:20:02.2 (20260760)|STATEMENT_EXECUTE|[222]
08:20:02.2 (20262840)|STATEMENT_EXECUTE|[223]
08:20:02.2 (20295672)|HEAP_ALLOCATE|[223]|Bytes:4
08:20:02.2 (20306102)|STATEMENT_EXECUTE|[224]
08:20:02.2 (20395243)|STATEMENT_EXECUTE|[227]
08:20:02.2 (20412624)|HEAP_ALLOCATE|[205]|Bytes:5
08:20:02.2 (20446675)|HEAP_ALLOCATE|[205]|Bytes:24
08:20:02.2 (20470495)|VARIABLE_SCOPE_BEGIN|[205]|obj|Object|false|false
08:20:02.2 (20500546)|VARIABLE_ASSIGNMENT|[205]|obj|{"itemType":"childProduct","maxQuantity":99999,"minQuantity":0,"defaultQuantity":0,"ProductCode":"O_RES_HSI_WIFI_EXTEN (3 more) ..."}
08:20:02.2 (20507925)|STATEMENT_EXECUTE|[205]
08:20:02.2 (20510627)|STATEMENT_EXECUTE|[206]
08:20:02.2 (20516486)|VARIABLE_SCOPE_BEGIN|[206]|item|Map<String,ANY>|true|false
08:20:02.2 (20533286)|VARIABLE_ASSIGNMENT|[206]|item|{"itemType":"childProduct","maxQuantity":99999,"minQuantity":0,"defaultQuantity":0,"ProductCode":"O_RES_HSI_WIFI_EXTEN (3 more) ..."}|0x49983bc4
08:20:02.2 (20539766)|STATEMENT_EXECUTE|[207]
08:20:02.2 (20545696)|METHOD_ENTRY|[207]|01pdL00000Up09Z|CpeAiAssistantController.getProductCode(Map<String,ANY>)
08:20:02.2 (20553647)|VARIABLE_SCOPE_BEGIN|[236]|item|Map<String,ANY>|true|false
08:20:02.2 (20568137)|VARIABLE_ASSIGNMENT|[236]|item|{"itemType":"childProduct","maxQuantity":99999,"minQuantity":0,"defaultQuantity":0,"ProductCode":"O_RES_HSI_WIFI_EXTEN (3 more) ..."}|0x49983bc4
08:20:02.2 (20580868)|HEAP_ALLOCATE|[237]|Bytes:5
08:20:02.2 (20586567)|STATEMENT_EXECUTE|[236]
08:20:02.2 (20609549)|STATEMENT_EXECUTE|[237]
08:20:02.2 (20612328)|STATEMENT_EXECUTE|[238]
08:20:02.2 (20635048)|HEAP_ALLOCATE|[238]|Bytes:23
08:20:02.2 (20658339)|METHOD_EXIT|[207]|01pdL00000Up09Z|CpeAiAssistantController.getProductCode(Map<String,ANY>)
08:20:02.2 (20668369)|VARIABLE_SCOPE_BEGIN|[207]|code|String|false|false
08:20:02.2 (20685241)|VARIABLE_ASSIGNMENT|[207]|code|"O_RES_HSI_WIFI_EXTEN (3 more) ..."
08:20:02.2 (20692041)|STATEMENT_EXECUTE|[208]
08:20:02.2 (20719201)|VARIABLE_SCOPE_BEGIN|[208]|maxQ|Integer|false|false
08:20:02.2 (20733362)|VARIABLE_ASSIGNMENT|[208]|maxQ|99999
08:20:02.2 (20739221)|STATEMENT_EXECUTE|[209]
08:20:02.2 (20760541)|VARIABLE_SCOPE_BEGIN|[209]|minQ|Integer|false|false
08:20:02.2 (20772043)|VARIABLE_ASSIGNMENT|[209]|minQ|0
08:20:02.2 (20776913)|STATEMENT_EXECUTE|[210]
08:20:02.2 (20819653)|VARIABLE_SCOPE_BEGIN|[210]|defQ|Integer|false|false
08:20:02.2 (20828554)|VARIABLE_ASSIGNMENT|[210]|defQ|0
08:20:02.2 (20857165)|STATEMENT_EXECUTE|[212]
08:20:02.2 (20866755)|STATEMENT_EXECUTE|[227]
08:20:02.2 (20878365)|HEAP_ALLOCATE|[205]|Bytes:5
08:20:02.2 (20897425)|VARIABLE_ASSIGNMENT|[205]|obj|null
08:20:02.2 (20910286)|METHOD_EXIT|[190]|01pdL00000Up09Z|CpeAiAssistantController.extractCodes(List<ANY>, Map<String,Map<String,Integer>>)
08:20:02.2 (20914846)|STATEMENT_EXECUTE|[192]
08:20:02.2 (21002518)|HEAP_ALLOCATE|[192]|Bytes:4
08:20:02.2 (21029708)|STATEMENT_EXECUTE|[193]
08:20:02.2 (21093720)|STATEMENT_EXECUTE|[194]
08:20:02.2 (21169431)|HEAP_ALLOCATE|[194]|Bytes:4
08:20:02.2 (21183741)|STATEMENT_EXECUTE|[195]
08:20:02.2 (21253473)|STATEMENT_EXECUTE|[196]
08:20:02.2 (21346086)|STATEMENT_EXECUTE|[197]
08:20:02.2 (21425317)|STATEMENT_EXECUTE|[200]
08:20:02.2 (21439858)|METHOD_EXIT|[74]|01pdL00000Up09Z|CpeAiAssistantController.buildRulePayload(String, String)
08:20:02.2 (21451267)|VARIABLE_SCOPE_BEGIN|[74]|rules|Map<String,Map<String,ANY>>|true|false
08:20:02.2 (21490179)|VARIABLE_ASSIGNMENT|[74]|rules|{"TV + Receiver":{"current":6,"min":0,"max":18,"base":6},"Modem":{"current":"Wi-Fi","min":1,"max":1,"base":"Wi-Fi"},"Wi-Fi Access Point":{"current":4,"min":1,"max":11,"base":4}}|0x7c984a42
08:20:02.2 (21499158)|STATEMENT_EXECUTE|[77]
08:20:02.2 (21504370)|HEAP_ALLOCATE|[77]|Bytes:150
08:20:02.2 (21520999)|METHOD_ENTRY|[79]||System.JSON.serialize(Object)
08:20:02.2 (22828050)|METHOD_EXIT|[79]||System.JSON.serialize(Object)
08:20:02.2 (22837350)|HEAP_ALLOCATE|[79]|Bytes:24
08:20:02.2 (22880612)|HEAP_ALLOCATE|[80]|Bytes:29
08:20:02.2 (22894551)|HEAP_ALLOCATE|[77]|Bytes:837
08:20:02.2 (22899661)|VARIABLE_SCOPE_BEGIN|[77]|fullMessage|String|false|false
08:20:02.2 (22913911)|VARIABLE_ASSIGNMENT|[77]|fullMessage|"System Context: You  (817 more) ..."
08:20:02.2 (22918893)|STATEMENT_EXECUTE|[83]
08:20:02.2 (22921672)|HEAP_ALLOCATE|[84]|Bytes:22
08:20:02.2 (22925693)|HEAP_ALLOCATE|[85]|Bytes:21
08:20:02.2 (22984223)|HEAP_ALLOCATE|[83]|Bytes:12
08:20:02.2 (22990844)|HEAP_ALLOCATE|[83]|Bytes:58
08:20:02.2 (23004965)|SYSTEM_METHOD_ENTRY|[14]|Action.Action()
08:20:02.2 (23008685)|STATEMENT_EXECUTE|[14]
08:20:02.2 (23017495)|SYSTEM_METHOD_EXIT|[14]|Action
08:20:02.2 (23027344)|METHOD_ENTRY|[83]||Invocable.Action.createCustomAction(String, String)
08:20:02.2 (23232479)|METHOD_EXIT|[83]||Invocable.Action.createCustomAction(String, String)
08:20:02.2 (23240999)|VARIABLE_SCOPE_BEGIN|[83]|action|Invocable.Action|true|false
08:20:02.2 (23320022)|VARIABLE_ASSIGNMENT|[83]|action|{"invocations":"0x4326d9f","invokeFromLightningComponent":false,"name":"CPE_Equipment_Manage (1 more) ...","type":"generatePromptRespon (2 more) ..."}|0x6a5a64e4
08:20:02.2 (23326601)|STATEMENT_EXECUTE|[88]
08:20:02.2 (23329791)|HEAP_ALLOCATE|[88]|Bytes:17
08:20:02.2 (23346622)|METHOD_ENTRY|[88]||Invocable.Action.setInvocationParameter(String, Object)
08:20:02.2 (23529937)|METHOD_EXIT|[88]||Invocable.Action.setInvocationParameter(String, Object)
08:20:02.2 (23536737)|STATEMENT_EXECUTE|[90]
08:20:02.2 (23543516)|METHOD_ENTRY|[90]||Invocable.Action.invoke()
08:20:05.107 (3107671153)|METHOD_EXIT|[90]||Invocable.Action.invoke()
08:20:05.107 (3107724595)|VARIABLE_SCOPE_BEGIN|[90]|results|List<Invocable.Action.Result>|true|false
08:20:05.107 (3107900389)|VARIABLE_ASSIGNMENT|[90]|results|[{"action":"0x6a5a64e4","errors":"0x4653be77","invocationParameters":"0x9f39f3f","outputParameters":"0x5cb978bd","success":true}]|0x5b6e9327
08:20:05.107 (3107956630)|STATEMENT_EXECUTE|[92]
08:20:05.107 (3107967550)|STATEMENT_EXECUTE|[96]
08:20:05.107 (3107982851)|HEAP_ALLOCATE|[96]|Bytes:24
08:20:05.107 (3107999381)|VARIABLE_SCOPE_BEGIN|[96]|result|Invocable.Action.Result|true|false
08:20:05.107 (3108031062)|VARIABLE_ASSIGNMENT|[96]|result|{"action":"0x6a5a64e4","errors":"0x4653be77","invocationParameters":"0x9f39f3f","outputParameters":"0x5cb978bd","success":true}|0x152e3b
08:20:05.107 (3108061523)|METHOD_ENTRY|[98]||Invocable.Action.Result.isSuccess()
08:20:05.107 (3108118544)|METHOD_EXIT|[98]||Invocable.Action.Result.isSuccess()
08:20:05.107 (3108125124)|STATEMENT_EXECUTE|[98]
08:20:05.107 (3108127744)|STATEMENT_EXECUTE|[104]
08:20:05.107 (3108135634)|METHOD_ENTRY|[104]||Invocable.Action.Result.getOutputParameters()
08:20:05.107 (3108174285)|METHOD_EXIT|[104]||Invocable.Action.Result.getOutputParameters()
08:20:05.107 (3108180005)|VARIABLE_SCOPE_BEGIN|[104]|outputs|Map<String,ANY>|true|false
08:20:05.107 (3108206766)|VARIABLE_ASSIGNMENT|[104]|outputs|{"promptResponse":"{\n  \"message\": \"Remo (170 more) ..."}|0x5cb978bd
08:20:05.107 (3108214356)|STATEMENT_EXECUTE|[105]
08:20:05.107 (3108217356)|STATEMENT_EXECUTE|[110]
08:20:05.107 (3108222196)|HEAP_ALLOCATE|[110]|Bytes:14
08:20:05.107 (3108265437)|VARIABLE_SCOPE_BEGIN|[110]|promptRespObj|Object|false|false
08:20:05.107 (3108284608)|VARIABLE_ASSIGNMENT|[110]|promptRespObj|"{\n  \"message\": \"Remo (170 more) ..."
08:20:05.107 (3108292078)|STATEMENT_EXECUTE|[111]
08:20:05.107 (3108302588)|VARIABLE_SCOPE_BEGIN|[111]|rawResponse|String|false|false
08:20:05.107 (3108313468)|VARIABLE_ASSIGNMENT|[111]|rawResponse|null
08:20:05.107 (3108319449)|STATEMENT_EXECUTE|[113]
08:20:05.107 (3108321879)|STATEMENT_EXECUTE|[114]
08:20:05.107 (3108416411)|HEAP_ALLOCATE|[114]|Bytes:190
08:20:05.107 (3108455662)|VARIABLE_ASSIGNMENT|[114]|rawResponse|"{\n  \"message\": \"Remo (170 more) ..."
08:20:05.107 (3108487053)|STATEMENT_EXECUTE|[119]
08:20:05.107 (3108489463)|STATEMENT_EXECUTE|[123]
08:20:05.107 (3108492533)|VARIABLE_SCOPE_BEGIN|[123]|cleanResponse|String|false|false
08:20:05.107 (3108501633)|VARIABLE_ASSIGNMENT|[123]|cleanResponse|null
08:20:05.107 (3108505553)|STATEMENT_EXECUTE|[124]
08:20:05.107 (3108507713)|STATEMENT_EXECUTE|[124]
08:20:05.107 (3108509783)|STATEMENT_EXECUTE|[125]
08:20:05.107 (3108519063)|METHOD_ENTRY|[125]||System.JSON.deserializeUntyped(String)
08:20:05.107 (3109081997)|METHOD_EXIT|[125]||System.JSON.deserializeUntyped(String)
08:20:05.107 (3109098407)|VARIABLE_SCOPE_BEGIN|[125]|parsed|Map<String,ANY>|true|false
08:20:05.107 (3109146088)|VARIABLE_ASSIGNMENT|[125]|parsed|{"message":"Removed 2 Wi-Fi Acce (56 more) ...","newState":{"TV + Receiver":4,"Modem":"Wi-Fi","Wi-Fi Access Point":2}}|0x5f03a2bd
08:20:05.107 (3109157238)|HEAP_ALLOCATE|[126]|Bytes:5
08:20:05.107 (3109199529)|STATEMENT_EXECUTE|[128]
08:20:05.107 (3109203059)|STATEMENT_EXECUTE|[129]
08:20:05.107 (3109213010)|VARIABLE_ASSIGNMENT|[129]|cleanResponse|"{\n  \"message\": \"Remo (170 more) ..."
08:20:05.107 (3109222310)|STATEMENT_EXECUTE|[135]
08:20:05.107 (3109225740)|STATEMENT_EXECUTE|[136]
08:20:05.107 (3109230380)|HEAP_ALLOCATE|[136]|Bytes:3
08:20:05.107 (3109236930)|HEAP_ALLOCATE|[136]|Bytes:1
08:20:05.107 (3109321442)|HEAP_ALLOCATE|[136]|Bytes:190
08:20:05.107 (3109347333)|VARIABLE_ASSIGNMENT|[136]|cleanResponse|"{\n  \"message\": \"Remo (170 more) ..."
08:20:05.107 (3109353693)|STATEMENT_EXECUTE|[137]
08:20:05.107 (3109358773)|HEAP_ALLOCATE|[137]|Bytes:2
08:20:05.107 (3109392334)|HEAP_ALLOCATE|[137]|Bytes:190
08:20:05.107 (3109410844)|VARIABLE_ASSIGNMENT|[137]|cleanResponse|"{\n  \"message\": \"Remo (170 more) ..."
08:20:05.107 (3109415364)|STATEMENT_EXECUTE|[138]
08:20:05.107 (3109418484)|HEAP_ALLOCATE|[138]|Bytes:3
08:20:05.107 (3109422445)|HEAP_ALLOCATE|[138]|Bytes:1
08:20:05.107 (3109576468)|HEAP_ALLOCATE|[138]|Bytes:190
08:20:05.107 (3109599309)|VARIABLE_ASSIGNMENT|[138]|cleanResponse|"{\n  \"message\": \"Remo (170 more) ..."
08:20:05.107 (3109604529)|STATEMENT_EXECUTE|[142]
08:20:05.107 (3109616219)|METHOD_ENTRY|[142]|01pdL00000Up09Z|CpeAiAssistantController.parseAndValidateAgentResponse(String, Map<String,Map<String,ANY>>)
08:20:05.107 (3109629829)|VARIABLE_SCOPE_BEGIN|[264]|rawResponse|String|false|false
08:20:05.107 (3109639150)|VARIABLE_ASSIGNMENT|[264]|rawResponse|"{\n  \"message\": \"Remo (170 more) ..."
08:20:05.107 (3109642720)|VARIABLE_SCOPE_BEGIN|[264]|rules|Map<String,Map<String,ANY>>|true|false
08:20:05.107 (3109666680)|VARIABLE_ASSIGNMENT|[264]|rules|{"TV + Receiver":{"current":6,"min":0,"max":18,"base":6},"Modem":{"current":"Wi-Fi","min":1,"max":1,"base":"Wi-Fi"},"Wi-Fi Access Point":{"current":4,"min":1,"max":11,"base":4}}|0x7c984a42
08:20:05.107 (3109684741)|HEAP_ALLOCATE|[265]|Bytes:5
08:20:05.107 (3109689591)|STATEMENT_EXECUTE|[264]
08:20:05.107 (3109691921)|STATEMENT_EXECUTE|[265]
08:20:05.107 (3109701311)|HEAP_ALLOCATE|[265]|Bytes:4
08:20:05.107 (3109714371)|VARIABLE_SCOPE_BEGIN|[265]|finalResponse|Map<String,ANY>|true|false
08:20:05.107 (3109732992)|VARIABLE_ASSIGNMENT|[265]|finalResponse|{}|0xc8af465
08:20:05.107 (3109737542)|STATEMENT_EXECUTE|[267]
08:20:05.107 (3109739642)|STATEMENT_EXECUTE|[267]
08:20:05.107 (3109741592)|STATEMENT_EXECUTE|[268]
08:20:05.107 (3109748212)|METHOD_ENTRY|[268]||System.JSON.deserializeUntyped(String)
08:20:05.107 (3110215663)|METHOD_EXIT|[268]||System.JSON.deserializeUntyped(String)
08:20:05.107 (3110229763)|VARIABLE_SCOPE_BEGIN|[268]|parsed|Map<String,ANY>|true|false
08:20:05.107 (3110261054)|VARIABLE_ASSIGNMENT|[268]|parsed|{"message":"Removed 2 Wi-Fi Acce (56 more) ...","newState":{"TV + Receiver":4,"Modem":"Wi-Fi","Wi-Fi Access Point":2}}|0x657e8600
08:20:05.107 (3110269374)|HEAP_ALLOCATE|[270]|Bytes:8
08:20:05.107 (3110305815)|STATEMENT_EXECUTE|[270]
08:20:05.107 (3110308875)|STATEMENT_EXECUTE|[271]
08:20:05.107 (3110336866)|VARIABLE_SCOPE_BEGIN|[271]|newStateRaw|Map<String,ANY>|true|false
08:20:05.107 (3110350806)|VARIABLE_ASSIGNMENT|[271]|newStateRaw|{"TV + Receiver":4,"Modem":"Wi-Fi","Wi-Fi Access Point":2}|0x3e8c6f16
08:20:05.107 (3110357086)|STATEMENT_EXECUTE|[272]
08:20:05.107 (3110363777)|HEAP_ALLOCATE|[272]|Bytes:4
08:20:05.107 (3110371137)|VARIABLE_SCOPE_BEGIN|[272]|normalizedState|Map<String,ANY>|true|false
08:20:05.107 (3110380977)|VARIABLE_ASSIGNMENT|[272]|normalizedState|{}|0x2c632e20
08:20:05.107 (3110385377)|STATEMENT_EXECUTE|[274]
08:20:05.107 (3110389037)|VARIABLE_SCOPE_BEGIN|[274]|changedCpeCount|Integer|false|false
08:20:05.107 (3110396777)|HEAP_ALLOCATE|[274]|Bytes:4
08:20:05.107 (3110403718)|VARIABLE_ASSIGNMENT|[274]|changedCpeCount|0
08:20:05.107 (3110487130)|HEAP_ALLOCATE|[276]|Bytes:52
08:20:05.107 (3110541731)|HEAP_ALLOCATE|[276]|Bytes:5
08:20:05.107 (3110568921)|VARIABLE_SCOPE_BEGIN|[276]|key|String|false|false
08:20:05.107 (3110580272)|VARIABLE_ASSIGNMENT|[276]|key|"TV + Receiver"
08:20:05.107 (3110586492)|STATEMENT_EXECUTE|[276]
08:20:05.107 (3110588892)|STATEMENT_EXECUTE|[277]
08:20:05.107 (3110595042)|METHOD_ENTRY|[277]|01pdL00000Up09Z|CpeAiAssistantController.normalizeProductName(String)
08:20:05.107 (3110605752)|VARIABLE_SCOPE_BEGIN|[255]|rawName|String|false|false
08:20:05.107 (3110615443)|VARIABLE_ASSIGNMENT|[255]|rawName|"TV + Receiver"
08:20:05.107 (3110624883)|HEAP_ALLOCATE|[256]|Bytes:5
08:20:05.107 (3110629593)|STATEMENT_EXECUTE|[255]
08:20:05.107 (3110649723)|STATEMENT_EXECUTE|[256]
08:20:05.107 (3110652063)|STATEMENT_EXECUTE|[257]
08:20:05.107 (3110671514)|HEAP_ALLOCATE|[257]|Bytes:13
08:20:05.107 (3110683534)|VARIABLE_SCOPE_BEGIN|[257]|lower|String|false|false
08:20:05.107 (3110692754)|VARIABLE_ASSIGNMENT|[257]|lower|"tv + receiver"
08:20:05.107 (3110712885)|STATEMENT_EXECUTE|[258]
08:20:05.107 (3110721945)|METHOD_EXIT|[277]|01pdL00000Up09Z|CpeAiAssistantController.normalizeProductName(String)
08:20:05.107 (3110727215)|VARIABLE_SCOPE_BEGIN|[277]|normKey|String|false|false
08:20:05.107 (3110736645)|VARIABLE_ASSIGNMENT|[277]|normKey|"TV + Receiver"
08:20:05.107 (3110761796)|HEAP_ALLOCATE|[279]|Bytes:17
08:20:05.107 (3110787247)|STATEMENT_EXECUTE|[279]
08:20:05.107 (3110789677)|STATEMENT_EXECUTE|[280]
08:20:05.107 (3110811157)|VARIABLE_SCOPE_BEGIN|[280]|qty|Integer|false|false
08:20:05.107 (3110855898)|VARIABLE_ASSIGNMENT|[280]|qty|4
08:20:05.107 (3110884039)|STATEMENT_EXECUTE|[282]
08:20:05.107 (3110886309)|STATEMENT_EXECUTE|[283]
08:20:05.107 (3110889499)|VARIABLE_SCOPE_BEGIN|[283]|current|Integer|false|false
08:20:05.107 (3110895879)|HEAP_ALLOCATE|[283]|Bytes:4
08:20:05.107 (3110904059)|VARIABLE_ASSIGNMENT|[283]|current|0
08:20:05.107 (3110947470)|STATEMENT_EXECUTE|[284]
08:20:05.107 (3110949860)|STATEMENT_EXECUTE|[285]
08:20:05.107 (3110988421)|VARIABLE_ASSIGNMENT|[285]|current|6
08:20:05.107 (3110995021)|STATEMENT_EXECUTE|[287]
08:20:05.107 (3110998032)|VARIABLE_SCOPE_BEGIN|[287]|baseQty|Integer|false|false
08:20:05.107 (3111048423)|VARIABLE_ASSIGNMENT|[287]|baseQty|6
08:20:05.107 (3111120154)|STATEMENT_EXECUTE|[288]
08:20:05.107 (3111123104)|STATEMENT_EXECUTE|[289]
08:20:05.107 (3111156385)|VARIABLE_ASSIGNMENT|[289]|baseQty|6
08:20:05.107 (3111163065)|STATEMENT_EXECUTE|[292]
08:20:05.107 (3111192756)|VARIABLE_SCOPE_BEGIN|[292]|max|Integer|false|false
08:20:05.107 (3111202876)|VARIABLE_ASSIGNMENT|[292]|max|18
08:20:05.107 (3111207686)|STATEMENT_EXECUTE|[293]
08:20:05.107 (3111236517)|VARIABLE_SCOPE_BEGIN|[293]|min|Integer|false|false
08:20:05.107 (3111245887)|VARIABLE_ASSIGNMENT|[293]|min|0
08:20:05.107 (3111255298)|STATEMENT_EXECUTE|[295]
08:20:05.107 (3111259588)|STATEMENT_EXECUTE|[303]
08:20:05.107 (3111261818)|STATEMENT_EXECUTE|[315]
08:20:05.107 (3111309269)|HEAP_ALLOCATE|[EXTERNAL]|Bytes:-4
08:20:05.107 (3111331729)|STATEMENT_EXECUTE|[317]
08:20:05.107 (3111334929)|STATEMENT_EXECUTE|[318]
08:20:05.107 (3111339520)|HEAP_ALLOCATE|[318]|Bytes:4
08:20:05.107 (3111350970)|VARIABLE_ASSIGNMENT|[318]|changedCpeCount|1
08:20:05.107 (3111372790)|HEAP_ALLOCATE|[276]|Bytes:5
08:20:05.107 (3111392401)|VARIABLE_SCOPE_BEGIN|[276]|key|String|false|false
08:20:05.107 (3111404231)|VARIABLE_ASSIGNMENT|[276]|key|"Modem"
08:20:05.107 (3111410051)|STATEMENT_EXECUTE|[276]
08:20:05.107 (3111412521)|STATEMENT_EXECUTE|[277]
08:20:05.107 (3111417721)|METHOD_ENTRY|[277]|01pdL00000Up09Z|CpeAiAssistantController.normalizeProductName(String)
08:20:05.107 (3111429582)|VARIABLE_SCOPE_BEGIN|[255]|rawName|String|false|false
08:20:05.107 (3111438942)|VARIABLE_ASSIGNMENT|[255]|rawName|"Modem"
08:20:05.107 (3111448322)|HEAP_ALLOCATE|[256]|Bytes:5
08:20:05.107 (3111452562)|STATEMENT_EXECUTE|[255]
08:20:05.107 (3111472093)|STATEMENT_EXECUTE|[256]
08:20:05.107 (3111474403)|STATEMENT_EXECUTE|[257]
08:20:05.107 (3111483173)|HEAP_ALLOCATE|[257]|Bytes:5
08:20:05.107 (3111492883)|VARIABLE_SCOPE_BEGIN|[257]|lower|String|false|false
08:20:05.107 (3111501473)|VARIABLE_ASSIGNMENT|[257]|lower|"modem"
08:20:05.107 (3111529114)|STATEMENT_EXECUTE|[258]
08:20:05.107 (3111584655)|STATEMENT_EXECUTE|[259]
08:20:05.107 (3111598386)|STATEMENT_EXECUTE|[260]
08:20:05.107 (3111606516)|METHOD_EXIT|[277]|01pdL00000Up09Z|CpeAiAssistantController.normalizeProductName(String)
08:20:05.107 (3111611876)|VARIABLE_SCOPE_BEGIN|[277]|normKey|String|false|false
08:20:05.107 (3111620496)|VARIABLE_ASSIGNMENT|[277]|normKey|"Modem"
08:20:05.107 (3111666627)|HEAP_ALLOCATE|[323]|Bytes:16
08:20:05.107 (3111679848)|STATEMENT_EXECUTE|[323]
08:20:05.107 (3111682358)|STATEMENT_EXECUTE|[325]
08:20:05.107 (3111709488)|HEAP_ALLOCATE|[EXTERNAL]|Bytes:-4
08:20:05.107 (3111717858)|STATEMENT_EXECUTE|[326]
08:20:05.107 (3111722089)|VARIABLE_SCOPE_BEGIN|[326]|currentStr|String|false|false
08:20:05.107 (3111732699)|VARIABLE_ASSIGNMENT|[326]|currentStr|""
08:20:05.107 (3111781570)|STATEMENT_EXECUTE|[327]
08:20:05.107 (3111784270)|STATEMENT_EXECUTE|[328]
08:20:05.107 (3111816161)|VARIABLE_ASSIGNMENT|[328]|currentStr|"Wi-Fi"
08:20:05.107 (3111854332)|HEAP_ALLOCATE|[330]|Bytes:5
08:20:05.107 (3111936294)|STATEMENT_EXECUTE|[330]
08:20:05.107 (3111949034)|HEAP_ALLOCATE|[276]|Bytes:5
08:20:05.107 (3111964514)|VARIABLE_SCOPE_BEGIN|[276]|key|String|false|false
08:20:05.107 (3111975494)|VARIABLE_ASSIGNMENT|[276]|key|"Wi-Fi Access Point"
08:20:05.107 (3111980285)|STATEMENT_EXECUTE|[276]
08:20:05.107 (3111982475)|STATEMENT_EXECUTE|[277]
08:20:05.107 (3111986945)|METHOD_ENTRY|[277]|01pdL00000Up09Z|CpeAiAssistantController.normalizeProductName(String)
08:20:05.107 (3111992095)|VARIABLE_SCOPE_BEGIN|[255]|rawName|String|false|false
08:20:05.107 (3111999935)|VARIABLE_ASSIGNMENT|[255]|rawName|"Wi-Fi Access Point"
08:20:05.107 (3112008915)|HEAP_ALLOCATE|[256]|Bytes:5
08:20:05.107 (3112022306)|STATEMENT_EXECUTE|[255]
08:20:05.107 (3112041616)|STATEMENT_EXECUTE|[256]
08:20:05.107 (3112043896)|STATEMENT_EXECUTE|[257]
08:20:05.107 (3112057116)|HEAP_ALLOCATE|[257]|Bytes:18
08:20:05.107 (3112067337)|VARIABLE_SCOPE_BEGIN|[257]|lower|String|false|false
08:20:05.107 (3112078207)|VARIABLE_ASSIGNMENT|[257]|lower|"wi-fi access point"
08:20:05.107 (3112104387)|STATEMENT_EXECUTE|[258]
08:20:05.107 (3112118928)|STATEMENT_EXECUTE|[259]
08:20:05.107 (3112125998)|METHOD_EXIT|[277]|01pdL00000Up09Z|CpeAiAssistantController.normalizeProductName(String)
08:20:05.107 (3112131498)|VARIABLE_SCOPE_BEGIN|[277]|normKey|String|false|false
08:20:05.107 (3112140918)|VARIABLE_ASSIGNMENT|[277]|normKey|"Wi-Fi Access Point"
08:20:05.107 (3112160749)|STATEMENT_EXECUTE|[279]
08:20:05.107 (3112163059)|STATEMENT_EXECUTE|[280]
08:20:05.107 (3112173319)|VARIABLE_SCOPE_BEGIN|[280]|qty|Integer|false|false
08:20:05.107 (3112183519)|VARIABLE_ASSIGNMENT|[280]|qty|2
08:20:05.107 (3112195080)|STATEMENT_EXECUTE|[282]
08:20:05.107 (3112197220)|STATEMENT_EXECUTE|[283]
08:20:05.107 (3112200390)|VARIABLE_SCOPE_BEGIN|[283]|current|Integer|false|false
08:20:05.107 (3112207190)|HEAP_ALLOCATE|[283]|Bytes:4
08:20:05.107 (3112213510)|VARIABLE_ASSIGNMENT|[283]|current|0
08:20:05.107 (3112247151)|STATEMENT_EXECUTE|[284]
08:20:05.107 (3112258561)|STATEMENT_EXECUTE|[285]
08:20:05.107 (3112280172)|VARIABLE_ASSIGNMENT|[285]|current|4
08:20:05.107 (3112286532)|STATEMENT_EXECUTE|[287]
08:20:05.107 (3112289042)|VARIABLE_SCOPE_BEGIN|[287]|baseQty|Integer|false|false
08:20:05.107 (3112297382)|VARIABLE_ASSIGNMENT|[287]|baseQty|4
08:20:05.107 (3112344223)|STATEMENT_EXECUTE|[288]
08:20:05.107 (3112346683)|STATEMENT_EXECUTE|[289]
08:20:05.107 (3112469116)|VARIABLE_ASSIGNMENT|[289]|baseQty|4
08:20:05.107 (3112477506)|STATEMENT_EXECUTE|[292]
08:20:05.107 (3112500977)|VARIABLE_SCOPE_BEGIN|[292]|max|Integer|false|false
08:20:05.107 (3112510377)|VARIABLE_ASSIGNMENT|[292]|max|11
08:20:05.107 (3112514047)|STATEMENT_EXECUTE|[293]
08:20:05.107 (3112541708)|VARIABLE_SCOPE_BEGIN|[293]|min|Integer|false|false
08:20:05.107 (3112551638)|VARIABLE_ASSIGNMENT|[293]|min|1
08:20:05.107 (3112559028)|STATEMENT_EXECUTE|[295]
08:20:05.107 (3112562928)|STATEMENT_EXECUTE|[303]
08:20:05.107 (3112564908)|STATEMENT_EXECUTE|[315]
08:20:05.107 (3112580189)|HEAP_ALLOCATE|[EXTERNAL]|Bytes:-4
08:20:05.107 (3112589419)|STATEMENT_EXECUTE|[317]
08:20:05.107 (3112591599)|STATEMENT_EXECUTE|[318]
08:20:05.107 (3112594589)|HEAP_ALLOCATE|[318]|Bytes:4
08:20:05.107 (3112601819)|VARIABLE_ASSIGNMENT|[318]|changedCpeCount|2
08:20:05.107 (3112617260)|HEAP_ALLOCATE|[276]|Bytes:5
08:20:05.107 (3112629810)|VARIABLE_ASSIGNMENT|[276]|key|null
08:20:05.107 (3112681471)|HEAP_ALLOCATE|[337]|Bytes:52
08:20:05.107 (3112710512)|HEAP_ALLOCATE|[337]|Bytes:5
08:20:05.107 (3112734812)|VARIABLE_SCOPE_BEGIN|[337]|ruleKey|String|false|false
08:20:05.107 (3112751193)|VARIABLE_ASSIGNMENT|[337]|ruleKey|"TV + Receiver"
08:20:05.107 (3112756783)|STATEMENT_EXECUTE|[337]
08:20:05.107 (3112788384)|STATEMENT_EXECUTE|[338]
08:20:05.107 (3112813984)|HEAP_ALLOCATE|[337]|Bytes:5
08:20:05.107 (3112828254)|VARIABLE_SCOPE_BEGIN|[337]|ruleKey|String|false|false
08:20:05.107 (3112837845)|VARIABLE_ASSIGNMENT|[337]|ruleKey|"Modem"
08:20:05.107 (3112842235)|STATEMENT_EXECUTE|[337]
08:20:05.107 (3112852605)|STATEMENT_EXECUTE|[338]
08:20:05.107 (3112859835)|HEAP_ALLOCATE|[337]|Bytes:5
08:20:05.107 (3112871035)|VARIABLE_SCOPE_BEGIN|[337]|ruleKey|String|false|false
08:20:05.107 (3112880086)|VARIABLE_ASSIGNMENT|[337]|ruleKey|"Wi-Fi Access Point"
08:20:05.107 (3112937247)|STATEMENT_EXECUTE|[337]
08:20:05.107 (3112957168)|STATEMENT_EXECUTE|[338]
08:20:05.107 (3112967358)|HEAP_ALLOCATE|[337]|Bytes:5
08:20:05.107 (3112980658)|VARIABLE_ASSIGNMENT|[337]|ruleKey|null
08:20:05.107 (3112985708)|STATEMENT_EXECUTE|[343]
08:20:05.107 (3113013579)|HEAP_ALLOCATE|[EXTERNAL]|Bytes:-4
08:20:05.107 (3113022219)|STATEMENT_EXECUTE|[346]
08:20:05.107 (3113037139)|HEAP_ALLOCATE|[346]|Bytes:4
08:20:05.107 (3113065790)|VARIABLE_SCOPE_BEGIN|[346]|stateChanges|List<Map<String,ANY>>|true|false
08:20:05.107 (3113094171)|HEAP_ALLOCATE|[EXTERNAL]|Bytes:4
08:20:05.107 (3113107951)|VARIABLE_ASSIGNMENT|[346]|stateChanges|[]|0x5dc82fe0
08:20:05.107 (3113175593)|HEAP_ALLOCATE|[347]|Bytes:52
08:20:05.107 (3113206013)|HEAP_ALLOCATE|[347]|Bytes:5
08:20:05.107 (3113218934)|VARIABLE_SCOPE_BEGIN|[347]|key|String|false|false
08:20:05.107 (3113228924)|VARIABLE_ASSIGNMENT|[347]|key|"TV + Receiver"
08:20:05.107 (3113244204)|STATEMENT_EXECUTE|[347]
08:20:05.107 (3113272955)|STATEMENT_EXECUTE|[348]
08:20:05.107 (3113275255)|STATEMENT_EXECUTE|[349]
08:20:05.107 (3113295695)|VARIABLE_SCOPE_BEGIN|[349]|newVal|Object|false|false
08:20:05.107 (3113308376)|VARIABLE_ASSIGNMENT|[349]|newVal|4
08:20:05.107 (3113312656)|STATEMENT_EXECUTE|[350]
08:20:05.107 (3113347847)|VARIABLE_SCOPE_BEGIN|[350]|curVal|Object|false|false
08:20:05.107 (3113359267)|VARIABLE_ASSIGNMENT|[350]|curVal|6
08:20:05.107 (3113455549)|STATEMENT_EXECUTE|[352]
08:20:05.107 (3113458089)|STATEMENT_EXECUTE|[353]
08:20:05.107 (3113466489)|HEAP_ALLOCATE|[353]|Bytes:4
08:20:05.107 (3113476730)|HEAP_ALLOCATE|[354]|Bytes:5
08:20:05.107 (3113506730)|HEAP_ALLOCATE|[354]|Bytes:13
08:20:05.107 (3113538471)|HEAP_ALLOCATE|[355]|Bytes:11
08:20:05.107 (3113562542)|HEAP_ALLOCATE|[356]|Bytes:8
08:20:05.107 (3113581042)|HEAP_ALLOCATE|[357]|Bytes:8
08:20:05.107 (3113594972)|HEAP_ALLOCATE|[358]|Bytes:5
08:20:05.107 (3113620663)|HEAP_ALLOCATE|[353]|Bytes:4
08:20:05.107 (3113676774)|VARIABLE_SCOPE_BEGIN|[353]|change|Map<String,ANY>|true|false
08:20:05.107 (3113707765)|VARIABLE_ASSIGNMENT|[353]|change|{"label":"TV + RECEIVER","productCode":"O_RES_TV_PLUS_STB","oldUnits":6,"newUnits":4,"units":-2}|0x4c97fcdf
08:20:05.107 (3113770387)|STATEMENT_EXECUTE|[361]
08:20:05.107 (3113773127)|STATEMENT_EXECUTE|[362]
08:20:05.107 (3113776937)|HEAP_ALLOCATE|[362]|Bytes:14
08:20:05.107 (3113838698)|HEAP_ALLOCATE|[362]|Bytes:4
08:20:05.107 (3113849948)|HEAP_ALLOCATE|[EXTERNAL]|Bytes:-4
08:20:05.107 (3113858559)|STATEMENT_EXECUTE|[365]
08:20:05.107 (3113868009)|VARIABLE_SCOPE_BEGIN|[365]|curQty|Integer|false|false
08:20:05.107 (3113878719)|VARIABLE_ASSIGNMENT|[365]|curQty|6
08:20:05.107 (3113882399)|STATEMENT_EXECUTE|[366]
08:20:05.107 (3113889969)|VARIABLE_SCOPE_BEGIN|[366]|newQty|Integer|false|false
08:20:05.107 (3113900100)|VARIABLE_ASSIGNMENT|[366]|newQty|4
08:20:05.107 (3113903610)|STATEMENT_EXECUTE|[367]
08:20:05.107 (3113907170)|VARIABLE_SCOPE_BEGIN|[367]|diff|Integer|false|false
08:20:05.107 (3113912690)|HEAP_ALLOCATE|[367]|Bytes:4
08:20:05.107 (3113918490)|VARIABLE_ASSIGNMENT|[367]|diff|-2
08:20:05.107 (3113929520)|STATEMENT_EXECUTE|[368]
08:20:05.107 (3114039413)|VARIABLE_SCOPE_BEGIN|[2]|System.Math.E|Double|false|true
08:20:05.107 (3114063073)|VARIABLE_SCOPE_BEGIN|[3]|System.Math.PI|Double|false|true
08:20:05.107 (3114112265)|HEAP_ALLOCATE|[368]|Bytes:206
08:20:05.107 (3114151626)|SYSTEM_METHOD_ENTRY|[1]|Math.Math()
08:20:05.107 (3114155636)|STATEMENT_EXECUTE|[1]
08:20:05.107 (3114277169)|SYSTEM_METHOD_EXIT|[1]|Math
08:20:05.107 (3114287309)|METHOD_ENTRY|[368]||System.Math.abs(Integer)
08:20:05.107 (3114355450)|METHOD_EXIT|[368]||System.Math.abs(Integer)
08:20:05.107 (3114362671)|VARIABLE_SCOPE_BEGIN|[368]|diffAbs|Integer|false|false
08:20:05.107 (3114368681)|HEAP_ALLOCATE|[368]|Bytes:4
08:20:05.107 (3114376971)|VARIABLE_ASSIGNMENT|[368]|diffAbs|2
08:20:05.107 (3114389821)|STATEMENT_EXECUTE|[370]
08:20:05.107 (3114392201)|STATEMENT_EXECUTE|[371]
08:20:05.107 (3114395281)|HEAP_ALLOCATE|[371]|Bytes:12
08:20:05.107 (3114401541)|HEAP_ALLOCATE|[371]|Bytes:2
08:20:05.107 (3114433662)|HEAP_ALLOCATE|[371]|Bytes:2
08:20:05.107 (3114445782)|HEAP_ALLOCATE|[371]|Bytes:3
08:20:05.107 (3114462913)|HEAP_ALLOCATE|[371]|Bytes:7
08:20:05.107 (3114474573)|HEAP_ALLOCATE|[EXTERNAL]|Bytes:-4
08:20:05.107 (3114482323)|STATEMENT_EXECUTE|[378]
08:20:05.107 (3114518384)|HEAP_ALLOCATE|[EXTERNAL]|Bytes:4
08:20:05.107 (3114552535)|HEAP_ALLOCATE|[347]|Bytes:5
08:20:05.107 (3114566505)|VARIABLE_SCOPE_BEGIN|[347]|key|String|false|false
08:20:05.107 (3114577146)|VARIABLE_ASSIGNMENT|[347]|key|"Modem"
08:20:05.107 (3114581636)|STATEMENT_EXECUTE|[347]
08:20:05.107 (3114592046)|STATEMENT_EXECUTE|[348]
08:20:05.107 (3114594476)|STATEMENT_EXECUTE|[349]
08:20:05.107 (3114608496)|VARIABLE_SCOPE_BEGIN|[349]|newVal|Object|false|false
08:20:05.107 (3114620197)|VARIABLE_ASSIGNMENT|[349]|newVal|"Wi-Fi"
08:20:05.107 (3114624127)|STATEMENT_EXECUTE|[350]
08:20:05.107 (3114649857)|VARIABLE_SCOPE_BEGIN|[350]|curVal|Object|false|false
08:20:05.107 (3114661028)|VARIABLE_ASSIGNMENT|[350]|curVal|"Wi-Fi"
08:20:05.107 (3114695408)|STATEMENT_EXECUTE|[352]
08:20:05.107 (3114705229)|HEAP_ALLOCATE|[347]|Bytes:5
08:20:05.107 (3114717699)|VARIABLE_SCOPE_BEGIN|[347]|key|String|false|false
08:20:05.107 (3114726839)|VARIABLE_ASSIGNMENT|[347]|key|"Wi-Fi Access Point"
08:20:05.107 (3114730759)|STATEMENT_EXECUTE|[347]
08:20:05.107 (3114740239)|STATEMENT_EXECUTE|[348]
08:20:05.107 (3114742659)|STATEMENT_EXECUTE|[349]
08:20:05.107 (3114755460)|VARIABLE_SCOPE_BEGIN|[349]|newVal|Object|false|false
08:20:05.107 (3114766280)|VARIABLE_ASSIGNMENT|[349]|newVal|2
08:20:05.107 (3114771150)|STATEMENT_EXECUTE|[350]
08:20:05.107 (3114792691)|VARIABLE_SCOPE_BEGIN|[350]|curVal|Object|false|false
08:20:05.107 (3114803021)|VARIABLE_ASSIGNMENT|[350]|curVal|4
08:20:05.107 (3114831182)|STATEMENT_EXECUTE|[352]
08:20:05.107 (3114833432)|STATEMENT_EXECUTE|[353]
08:20:05.107 (3114840442)|HEAP_ALLOCATE|[353]|Bytes:4
08:20:05.107 (3114857332)|HEAP_ALLOCATE|[354]|Bytes:18
08:20:05.107 (3114888483)|HEAP_ALLOCATE|[355]|Bytes:23
08:20:05.107 (3114936194)|HEAP_ALLOCATE|[353]|Bytes:4
08:20:05.107 (3114946664)|VARIABLE_SCOPE_BEGIN|[353]|change|Map<String,ANY>|true|false
08:20:05.107 (3114970775)|VARIABLE_ASSIGNMENT|[353]|change|{"label":"WI-FI ACCESS POINT","productCode":"O_RES_HSI_WIFI_EXTEN (3 more) ...","oldUnits":4,"newUnits":2,"units":-2}|0x2c1db330
08:20:05.107 (3115008286)|STATEMENT_EXECUTE|[361]
08:20:05.107 (3115011246)|STATEMENT_EXECUTE|[362]
08:20:05.107 (3115043417)|HEAP_ALLOCATE|[362]|Bytes:4
08:20:05.107 (3115054937)|HEAP_ALLOCATE|[EXTERNAL]|Bytes:-4
08:20:05.107 (3115061747)|STATEMENT_EXECUTE|[365]
08:20:05.107 (3115070017)|VARIABLE_SCOPE_BEGIN|[365]|curQty|Integer|false|false
08:20:05.107 (3115080347)|VARIABLE_ASSIGNMENT|[365]|curQty|4
08:20:05.107 (3115084017)|STATEMENT_EXECUTE|[366]
08:20:05.107 (3115091428)|VARIABLE_SCOPE_BEGIN|[366]|newQty|Integer|false|false
08:20:05.107 (3115099308)|VARIABLE_ASSIGNMENT|[366]|newQty|2
08:20:05.107 (3115102758)|STATEMENT_EXECUTE|[367]
08:20:05.107 (3115106838)|VARIABLE_SCOPE_BEGIN|[367]|diff|Integer|false|false
08:20:05.107 (3115112058)|HEAP_ALLOCATE|[367]|Bytes:4
08:20:05.107 (3115118108)|VARIABLE_ASSIGNMENT|[367]|diff|-2
08:20:05.107 (3115121838)|STATEMENT_EXECUTE|[368]
08:20:05.107 (3115126868)|METHOD_ENTRY|[368]||System.Math.abs(Integer)
08:20:05.107 (3115160789)|METHOD_EXIT|[368]||System.Math.abs(Integer)
08:20:05.107 (3115165709)|VARIABLE_SCOPE_BEGIN|[368]|diffAbs|Integer|false|false
08:20:05.107 (3115171079)|HEAP_ALLOCATE|[368]|Bytes:4
08:20:05.107 (3115178020)|VARIABLE_ASSIGNMENT|[368]|diffAbs|2
08:20:05.107 (3115192710)|STATEMENT_EXECUTE|[374]
08:20:05.107 (3115195070)|STATEMENT_EXECUTE|[375]
08:20:05.107 (3115227211)|HEAP_ALLOCATE|[375]|Bytes:2
08:20:05.107 (3115240961)|HEAP_ALLOCATE|[375]|Bytes:7
08:20:05.107 (3115251251)|HEAP_ALLOCATE|[EXTERNAL]|Bytes:-4
08:20:05.107 (3115257722)|STATEMENT_EXECUTE|[378]
08:20:05.107 (3115266112)|HEAP_ALLOCATE|[EXTERNAL]|Bytes:4
08:20:05.107 (3115282012)|HEAP_ALLOCATE|[347]|Bytes:5
08:20:05.107 (3115295122)|VARIABLE_ASSIGNMENT|[347]|key|null
08:20:05.107 (3115300513)|STATEMENT_EXECUTE|[382]
08:20:05.107 (3115303643)|HEAP_ALLOCATE|[382]|Bytes:12
08:20:05.107 (3115330293)|HEAP_ALLOCATE|[EXTERNAL]|Bytes:-4
08:20:05.107 (3115338683)|HEAP_ALLOCATE|[383]|Bytes:7
08:20:05.107 (3115367924)|STATEMENT_EXECUTE|[383]
08:20:05.107 (3115370324)|STATEMENT_EXECUTE|[384]
08:20:05.107 (3115393675)|HEAP_ALLOCATE|[EXTERNAL]|Bytes:-4
08:20:05.107 (3115413795)|STATEMENT_EXECUTE|[388]
08:20:05.107 (3115416425)|STATEMENT_EXECUTE|[389]
08:20:05.107 (3115419705)|HEAP_ALLOCATE|[389]|Bytes:21
08:20:05.107 (3115446116)|HEAP_ALLOCATE|[389]|Bytes:5
08:20:05.107 (3115452906)|HEAP_ALLOCATE|[EXTERNAL]|Bytes:-4
08:20:05.107 (3115461246)|STATEMENT_EXECUTE|[401]
08:20:05.107 (3115472557)|METHOD_EXIT|[142]|01pdL00000Up09Z|CpeAiAssistantController.parseAndValidateAgentResponse(String, Map<String,Map<String,ANY>>)
08:20:05.107 (3115478577)|VARIABLE_SCOPE_BEGIN|[142]|validatedResponse|Map<String,ANY>|true|false
08:20:05.107 (3115520378)|VARIABLE_ASSIGNMENT|[142]|validatedResponse|{"newState":{"TV + Receiver":4,"Modem":"Wi-Fi","Wi-Fi Access Point":2},"stateChanges":["Map of size 7 too large to display","Map of size 7 too large to display"],"message":"Removed 2 Wi-Fi Acce (56 more) ...","requireOtherCpePrompt":true}|0xc8af465
08:20:05.107 (3115527138)|STATEMENT_EXECUTE|[144]
08:20:05.107 (3115535548)|METHOD_ENTRY|[144]||System.JSON.serialize(Object)
08:20:05.107 (3117173657)|METHOD_EXIT|[144]||System.JSON.serialize(Object)
08:20:05.117 (3117274749)|CUMULATIVE_LIMIT_USAGE
08:20:05.117 (3117274749)|LIMIT_USAGE_FOR_NS|(default)|
  Number of SOQL queries: 0 out of 100
  Number of query rows: 0 out of 50000
  Number of SOSL queries: 0 out of 20
  Number of DML statements: 0 out of 150
  Number of Publish Immediate DML: 0 out of 150
  Number of DML rows: 0 out of 10000
  Maximum CPU time: 693 out of 10000
  Maximum heap size: 0 out of 6000000
  Number of callouts: 0 out of 100
  Number of Email Invocations: 0 out of 10
  Number of future calls: 0 out of 50
  Number of queueable jobs added to the queue: 0 out of 50
  Number of Mobile Apex push calls: 0 out of 10

08:20:05.117 (3117274749)|CUMULATIVE_LIMIT_USAGE_END

08:20:05.107 (3117357261)|CODE_UNIT_FINISHED|CpeAiAssistantController.sendMessageToAgent(String, String, String, String)
08:20:05.107 (3117627477)|CODE_UNIT_FINISHED|apex://CpeAiAssistantController/ACTION$sendMessageToAgent
08:20:05.107 (3117641098)|EXECUTION_FINISHED
