66.0 APEX_CODE,FINEST;APEX_PROFILING,INFO;CALLOUT,INFO;DATA_ACCESS,INFO;DB,INFO;NBA,INFO;SYSTEM,DEBUG;VALIDATION,INFO;VISUALFORCE,INFO;WAVE,INFO;WORKFLOW,INFO
08:10:39.1 (1622768)|USER_INFO|[EXTERNAL]|005dL00001kiJYb|abhijithshaibinu001.b869139f1496@agentforce.com|(GMT-07:00) Pacific Daylight Time (America/Los_Angeles)|GMT-07:00
08:10:39.1 (1693510)|EXECUTION_STARTED
08:10:39.1 (1720250)|CODE_UNIT_STARTED|[EXTERNAL]|apex://CpeAiAssistantController/ACTION$sendMessageToAgent
08:10:39.1 (4774201)|CODE_UNIT_STARTED|[EXTERNAL]|01pdL00000Up09Z|CpeAiAssistantController.sendMessageToAgent(String, String, String, String)
08:10:39.1 (5374675)|HEAP_ALLOCATE|[95]|Bytes:3
08:10:39.1 (5548899)|HEAP_ALLOCATE|[100]|Bytes:152
08:10:39.1 (5569279)|HEAP_ALLOCATE|[417]|Bytes:408
08:10:39.1 (5587930)|HEAP_ALLOCATE|[430]|Bytes:408
08:10:39.1 (5625050)|HEAP_ALLOCATE|[317]|Bytes:6
08:10:39.1 (5643521)|HEAP_ALLOCATE|[EXTERNAL]|Bytes:44
08:10:39.1 (5654641)|HEAP_ALLOCATE|[EXTERNAL]|Bytes:6
08:10:39.1 (5688551)|METHOD_ENTRY|[1]|01pdL00000Up09Z|CpeAiAssistantController.CpeAiAssistantController()
08:10:39.1 (5703772)|STATEMENT_EXECUTE|[1]
08:10:39.1 (5725432)|STATEMENT_EXECUTE|[1]
08:10:39.1 (5749223)|HEAP_ALLOCATE|[68]|Bytes:5
08:10:39.1 (5808745)|HEAP_ALLOCATE|[74]|Bytes:5
08:10:39.1 (5817745)|HEAP_ALLOCATE|[82]|Bytes:7
08:10:39.1 (6221454)|HEAP_ALLOCATE|[EXTERNAL]|Bytes:5
08:10:39.1 (6252935)|METHOD_EXIT|[1]|CpeAiAssistantController
08:10:39.1 (6258835)|HEAP_ALLOCATE|[EXTERNAL]|Bytes:18
08:10:39.1 (6262175)|HEAP_ALLOCATE|[EXTERNAL]|Bytes:734
08:10:39.1 (6265175)|HEAP_ALLOCATE|[EXTERNAL]|Bytes:102
08:10:39.1 (6268105)|HEAP_ALLOCATE|[EXTERNAL]|Bytes:431
08:10:39.1 (6282796)|VARIABLE_SCOPE_BEGIN|[71]|userMessage|String|false|false
08:10:39.1 (6360177)|VARIABLE_ASSIGNMENT|[71]|userMessage|"Add 6 TV Receivers"
08:10:39.1 (6366457)|VARIABLE_SCOPE_BEGIN|[71]|cpeItemsJson|String|false|false
08:10:39.1 (6376788)|VARIABLE_ASSIGNMENT|[71]|cpeItemsJson|"{\n  \"CpeItems\": [\n   (714 more) ..."
08:10:39.1 (6380727)|VARIABLE_SCOPE_BEGIN|[71]|currentCartJson|String|false|false
08:10:39.1 (6388678)|VARIABLE_ASSIGNMENT|[71]|currentCartJson|"{\"TV + Receiver\":6,\" (82 more) ..."
08:10:39.1 (6392258)|VARIABLE_SCOPE_BEGIN|[71]|chatHistory|String|false|false
08:10:39.1 (6399887)|VARIABLE_ASSIGNMENT|[71]|chatHistory|"Technician: Add Rece (411 more) ..."
08:10:39.1 (6413047)|HEAP_ALLOCATE|[72]|Bytes:5
08:10:39.1 (6418159)|STATEMENT_EXECUTE|[71]
08:10:39.1 (6420679)|STATEMENT_EXECUTE|[72]
08:10:39.1 (6422648)|STATEMENT_EXECUTE|[72]
08:10:39.1 (6424859)|STATEMENT_EXECUTE|[74]
08:10:39.1 (6449139)|METHOD_ENTRY|[74]|01pdL00000Up09Z|CpeAiAssistantController.buildRulePayload(String, String)
08:10:39.1 (6499569)|VARIABLE_SCOPE_BEGIN|[156]|cpeItemsJson|String|false|false
08:10:39.1 (6513921)|VARIABLE_ASSIGNMENT|[156]|cpeItemsJson|"{\n  \"CpeItems\": [\n   (714 more) ..."
08:10:39.1 (6517921)|VARIABLE_SCOPE_BEGIN|[156]|currentCartJson|String|false|false
08:10:39.1 (6525301)|VARIABLE_ASSIGNMENT|[156]|currentCartJson|"{\"TV + Receiver\":6,\" (82 more) ..."
08:10:39.1 (6534241)|HEAP_ALLOCATE|[157]|Bytes:5
08:10:39.1 (6538601)|STATEMENT_EXECUTE|[156]
08:10:39.1 (6541071)|STATEMENT_EXECUTE|[157]
08:10:39.1 (6557002)|HEAP_ALLOCATE|[157]|Bytes:4
08:10:39.1 (6572982)|VARIABLE_SCOPE_BEGIN|[157]|rules|Map<String,Map<String,ANY>>|true|false
08:10:39.1 (6599812)|VARIABLE_ASSIGNMENT|[157]|rules|{}|0x1bf95b45
08:10:39.1 (6604412)|STATEMENT_EXECUTE|[158]
08:10:39.1 (6607713)|HEAP_ALLOCATE|[158]|Bytes:13
08:10:39.1 (6616623)|HEAP_ALLOCATE|[158]|Bytes:4
08:10:39.1 (6623593)|HEAP_ALLOCATE|[158]|Bytes:7
08:10:39.1 (6684254)|HEAP_ALLOCATE|[158]|Bytes:4
08:10:39.1 (6758335)|HEAP_ALLOCATE|[158]|Bytes:3
08:10:39.1 (6767576)|HEAP_ALLOCATE|[158]|Bytes:4
08:10:39.1 (6777797)|HEAP_ALLOCATE|[158]|Bytes:3
08:10:39.1 (6785287)|HEAP_ALLOCATE|[158]|Bytes:4
08:10:39.1 (6815998)|HEAP_ALLOCATE|[EXTERNAL]|Bytes:-4
08:10:39.1 (6823417)|STATEMENT_EXECUTE|[159]
08:10:39.1 (6826728)|HEAP_ALLOCATE|[159]|Bytes:5
08:10:39.1 (6834537)|HEAP_ALLOCATE|[159]|Bytes:4
08:10:39.1 (6840048)|HEAP_ALLOCATE|[159]|Bytes:5
08:10:39.1 (6870618)|HEAP_ALLOCATE|[159]|Bytes:4
08:10:39.1 (6885618)|HEAP_ALLOCATE|[159]|Bytes:4
08:10:39.1 (6900379)|HEAP_ALLOCATE|[EXTERNAL]|Bytes:-4
08:10:39.1 (6906690)|STATEMENT_EXECUTE|[160]
08:10:39.1 (6909670)|HEAP_ALLOCATE|[160]|Bytes:18
08:10:39.1 (6917440)|HEAP_ALLOCATE|[160]|Bytes:4
08:10:39.1 (6937331)|HEAP_ALLOCATE|[160]|Bytes:4
08:10:39.1 (6952391)|HEAP_ALLOCATE|[160]|Bytes:4
08:10:39.1 (6965121)|HEAP_ALLOCATE|[160]|Bytes:4
08:10:39.1 (6979682)|HEAP_ALLOCATE|[EXTERNAL]|Bytes:-4
08:10:39.1 (7042662)|STATEMENT_EXECUTE|[162]
08:10:39.1 (7046403)|STATEMENT_EXECUTE|[163]
08:10:39.1 (7048422)|STATEMENT_EXECUTE|[163]
08:10:39.1 (7050793)|STATEMENT_EXECUTE|[164]
08:10:39.1 (7087954)|HEAP_ALLOCATE|[164]|Bytes:24
08:10:39.1 (7096914)|SYSTEM_METHOD_ENTRY|[1]|JSON.JSON()
08:10:39.1 (7100254)|STATEMENT_EXECUTE|[1]
08:10:39.1 (7111405)|SYSTEM_METHOD_EXIT|[1]|JSON
08:10:39.1 (7119125)|METHOD_ENTRY|[164]||System.JSON.deserializeUntyped(String)
08:10:39.1 (11376903)|METHOD_EXIT|[164]||System.JSON.deserializeUntyped(String)
08:10:39.1 (11405154)|VARIABLE_SCOPE_BEGIN|[164]|currentCart|Map<String,ANY>|true|false
08:10:39.1 (11447884)|VARIABLE_ASSIGNMENT|[164]|currentCart|"Map of size 6 too large to display"|0x53e2f336
08:10:39.1 (11699151)|HEAP_ALLOCATE|[165]|Bytes:87
08:10:39.1 (11877414)|HEAP_ALLOCATE|[165]|Bytes:5
08:10:39.1 (11934326)|VARIABLE_SCOPE_BEGIN|[165]|key|String|false|false
08:10:39.1 (11983747)|VARIABLE_ASSIGNMENT|[165]|key|"TV + Receiver"
08:10:39.1 (11991247)|STATEMENT_EXECUTE|[165]
08:10:39.1 (11993837)|STATEMENT_EXECUTE|[166]
08:10:39.1 (12020228)|METHOD_ENTRY|[166]|01pdL00000Up09Z|CpeAiAssistantController.normalizeProductName(String)
08:10:39.1 (12045138)|VARIABLE_SCOPE_BEGIN|[255]|rawName|String|false|false
08:10:39.1 (12060599)|VARIABLE_ASSIGNMENT|[255]|rawName|"TV + Receiver"
08:10:39.1 (12079989)|HEAP_ALLOCATE|[256]|Bytes:5
08:10:39.1 (12085329)|STATEMENT_EXECUTE|[255]
08:10:39.1 (12158491)|STATEMENT_EXECUTE|[256]
08:10:39.1 (12161260)|STATEMENT_EXECUTE|[257]
08:10:39.1 (12186661)|HEAP_ALLOCATE|[257]|Bytes:13
08:10:39.1 (12202922)|VARIABLE_SCOPE_BEGIN|[257]|lower|String|false|false
08:10:39.1 (12227933)|VARIABLE_ASSIGNMENT|[257]|lower|"tv + receiver"
08:10:39.1 (12236603)|HEAP_ALLOCATE|[258]|Bytes:2
08:10:39.1 (12289954)|STATEMENT_EXECUTE|[258]
08:10:39.1 (12303503)|METHOD_EXIT|[166]|01pdL00000Up09Z|CpeAiAssistantController.normalizeProductName(String)
08:10:39.1 (12310405)|VARIABLE_SCOPE_BEGIN|[166]|normKey|String|false|false
08:10:39.1 (12320095)|VARIABLE_ASSIGNMENT|[166]|normKey|"TV + Receiver"
08:10:39.1 (12355126)|STATEMENT_EXECUTE|[167]
08:10:39.1 (12370985)|STATEMENT_EXECUTE|[168]
08:10:39.1 (12478219)|HEAP_ALLOCATE|[165]|Bytes:5
08:10:39.1 (12533660)|VARIABLE_SCOPE_BEGIN|[165]|key|String|false|false
08:10:39.1 (12563829)|VARIABLE_ASSIGNMENT|[165]|key|"Modem"
08:10:39.1 (12568701)|STATEMENT_EXECUTE|[165]
08:10:39.1 (12570910)|STATEMENT_EXECUTE|[166]
08:10:39.1 (12578891)|METHOD_ENTRY|[166]|01pdL00000Up09Z|CpeAiAssistantController.normalizeProductName(String)
08:10:39.1 (12586990)|VARIABLE_SCOPE_BEGIN|[255]|rawName|String|false|false
08:10:39.1 (12604001)|VARIABLE_ASSIGNMENT|[255]|rawName|"Modem"
08:10:39.1 (12619852)|HEAP_ALLOCATE|[256]|Bytes:5
08:10:39.1 (12625012)|STATEMENT_EXECUTE|[255]
08:10:39.1 (12645042)|STATEMENT_EXECUTE|[256]
08:10:39.1 (12647122)|STATEMENT_EXECUTE|[257]
08:10:39.1 (12656773)|HEAP_ALLOCATE|[257]|Bytes:5
08:10:39.1 (12666453)|VARIABLE_SCOPE_BEGIN|[257]|lower|String|false|false
08:10:39.1 (12675213)|VARIABLE_ASSIGNMENT|[257]|lower|"modem"
08:10:39.1 (12691963)|HEAP_ALLOCATE|[258]|Bytes:8
08:10:39.1 (12709393)|STATEMENT_EXECUTE|[258]
08:10:39.1 (12712184)|HEAP_ALLOCATE|[259]|Bytes:5
08:10:39.1 (12741885)|HEAP_ALLOCATE|[259]|Bytes:4
08:10:39.1 (12757554)|HEAP_ALLOCATE|[259]|Bytes:2
08:10:39.1 (12772135)|HEAP_ALLOCATE|[259]|Bytes:12
08:10:39.1 (12786176)|HEAP_ALLOCATE|[259]|Bytes:6
08:10:39.1 (12802666)|STATEMENT_EXECUTE|[259]
08:10:39.1 (12805326)|HEAP_ALLOCATE|[260]|Bytes:5
08:10:39.1 (12858497)|STATEMENT_EXECUTE|[260]
08:10:39.1 (12868177)|METHOD_EXIT|[166]|01pdL00000Up09Z|CpeAiAssistantController.normalizeProductName(String)
08:10:39.1 (12875408)|VARIABLE_SCOPE_BEGIN|[166]|normKey|String|false|false
08:10:39.1 (12908018)|VARIABLE_ASSIGNMENT|[166]|normKey|"Modem"
08:10:39.1 (12923859)|STATEMENT_EXECUTE|[167]
08:10:39.1 (12926029)|STATEMENT_EXECUTE|[168]
08:10:39.1 (12973860)|HEAP_ALLOCATE|[165]|Bytes:5
08:10:39.1 (12993820)|VARIABLE_SCOPE_BEGIN|[165]|key|String|false|false
08:10:39.1 (13009771)|VARIABLE_ASSIGNMENT|[165]|key|"Wi-Fi Access Point"
08:10:39.1 (13016391)|STATEMENT_EXECUTE|[165]
08:10:39.1 (13018621)|STATEMENT_EXECUTE|[166]
08:10:39.1 (13025171)|METHOD_ENTRY|[166]|01pdL00000Up09Z|CpeAiAssistantController.normalizeProductName(String)
08:10:39.1 (13033280)|VARIABLE_SCOPE_BEGIN|[255]|rawName|String|false|false
08:10:39.1 (13091383)|VARIABLE_ASSIGNMENT|[255]|rawName|"Wi-Fi Access Point"
08:10:39.1 (13106543)|HEAP_ALLOCATE|[256]|Bytes:5
08:10:39.1 (13110893)|STATEMENT_EXECUTE|[255]
08:10:39.1 (13131494)|STATEMENT_EXECUTE|[256]
08:10:39.1 (13140434)|STATEMENT_EXECUTE|[257]
08:10:39.1 (13151354)|HEAP_ALLOCATE|[257]|Bytes:18
08:10:39.1 (13161344)|VARIABLE_SCOPE_BEGIN|[257]|lower|String|false|false
08:10:39.1 (13170694)|VARIABLE_ASSIGNMENT|[257]|lower|"wi-fi access point"
08:10:39.1 (13203955)|STATEMENT_EXECUTE|[258]
08:10:39.1 (13218336)|STATEMENT_EXECUTE|[259]
08:10:39.1 (13225696)|METHOD_EXIT|[166]|01pdL00000Up09Z|CpeAiAssistantController.normalizeProductName(String)
08:10:39.1 (13232066)|VARIABLE_SCOPE_BEGIN|[166]|normKey|String|false|false
08:10:39.1 (13240336)|VARIABLE_ASSIGNMENT|[166]|normKey|"Wi-Fi Access Point"
08:10:39.1 (13256525)|STATEMENT_EXECUTE|[167]
08:10:39.1 (13259316)|STATEMENT_EXECUTE|[168]
08:10:39.1 (13377119)|HEAP_ALLOCATE|[165]|Bytes:5
08:10:39.1 (13394449)|VARIABLE_SCOPE_BEGIN|[165]|key|String|false|false
08:10:39.1 (13404889)|VARIABLE_ASSIGNMENT|[165]|key|"baseTv"
08:10:39.1 (13409009)|STATEMENT_EXECUTE|[165]
08:10:39.1 (13411080)|STATEMENT_EXECUTE|[166]
08:10:39.1 (13416449)|METHOD_ENTRY|[166]|01pdL00000Up09Z|CpeAiAssistantController.normalizeProductName(String)
08:10:39.1 (13421470)|VARIABLE_SCOPE_BEGIN|[255]|rawName|String|false|false
08:10:39.1 (13429060)|VARIABLE_ASSIGNMENT|[255]|rawName|"baseTv"
08:10:39.1 (13439930)|HEAP_ALLOCATE|[256]|Bytes:5
08:10:39.1 (13445761)|STATEMENT_EXECUTE|[255]
08:10:39.1 (13469671)|STATEMENT_EXECUTE|[256]
08:10:39.1 (13472850)|STATEMENT_EXECUTE|[257]
08:10:39.1 (13486282)|HEAP_ALLOCATE|[257]|Bytes:6
08:10:39.1 (13501611)|VARIABLE_SCOPE_BEGIN|[257]|lower|String|false|false
08:10:39.1 (13515002)|VARIABLE_ASSIGNMENT|[257]|lower|"basetv"
08:10:39.1 (13536892)|STATEMENT_EXECUTE|[258]
08:10:39.1 (13546603)|METHOD_EXIT|[166]|01pdL00000Up09Z|CpeAiAssistantController.normalizeProductName(String)
08:10:39.1 (13553812)|VARIABLE_SCOPE_BEGIN|[166]|normKey|String|false|false
08:10:39.1 (13564954)|VARIABLE_ASSIGNMENT|[166]|normKey|"TV + Receiver"
08:10:39.1 (13579173)|STATEMENT_EXECUTE|[167]
08:10:39.1 (13581684)|STATEMENT_EXECUTE|[168]
08:10:39.1 (13631245)|HEAP_ALLOCATE|[165]|Bytes:5
08:10:39.1 (13646165)|VARIABLE_SCOPE_BEGIN|[165]|key|String|false|false
08:10:39.1 (13657975)|VARIABLE_ASSIGNMENT|[165]|key|"baseWifi"
08:10:39.1 (13663466)|STATEMENT_EXECUTE|[165]
08:10:39.1 (13666266)|STATEMENT_EXECUTE|[166]
08:10:39.1 (13672356)|METHOD_ENTRY|[166]|01pdL00000Up09Z|CpeAiAssistantController.normalizeProductName(String)
08:10:39.1 (13679126)|VARIABLE_SCOPE_BEGIN|[255]|rawName|String|false|false
08:10:39.1 (13720437)|VARIABLE_ASSIGNMENT|[255]|rawName|"baseWifi"
08:10:39.1 (13747868)|HEAP_ALLOCATE|[256]|Bytes:5
08:10:39.1 (13752857)|STATEMENT_EXECUTE|[255]
08:10:39.1 (13775708)|STATEMENT_EXECUTE|[256]
08:10:39.1 (13779148)|STATEMENT_EXECUTE|[257]
08:10:39.1 (13791919)|HEAP_ALLOCATE|[257]|Bytes:8
08:10:39.1 (13805649)|VARIABLE_SCOPE_BEGIN|[257]|lower|String|false|false
08:10:39.1 (13814479)|VARIABLE_ASSIGNMENT|[257]|lower|"basewifi"
08:10:39.1 (13840170)|STATEMENT_EXECUTE|[258]
08:10:39.1 (13886820)|STATEMENT_EXECUTE|[259]
08:10:39.1 (13894191)|METHOD_EXIT|[166]|01pdL00000Up09Z|CpeAiAssistantController.normalizeProductName(String)
08:10:39.1 (13899721)|VARIABLE_SCOPE_BEGIN|[166]|normKey|String|false|false
08:10:39.1 (13908111)|VARIABLE_ASSIGNMENT|[166]|normKey|"Wi-Fi Access Point"
08:10:39.1 (13920602)|STATEMENT_EXECUTE|[167]
08:10:39.1 (13922661)|STATEMENT_EXECUTE|[168]
08:10:39.1 (13961873)|HEAP_ALLOCATE|[165]|Bytes:5
08:10:39.1 (13974043)|VARIABLE_SCOPE_BEGIN|[165]|key|String|false|false
08:10:39.1 (13982542)|VARIABLE_ASSIGNMENT|[165]|key|"baseModem"
08:10:39.1 (13986163)|STATEMENT_EXECUTE|[165]
08:10:39.1 (13988243)|STATEMENT_EXECUTE|[166]
08:10:39.1 (13992073)|METHOD_ENTRY|[166]|01pdL00000Up09Z|CpeAiAssistantController.normalizeProductName(String)
08:10:39.1 (13996723)|VARIABLE_SCOPE_BEGIN|[255]|rawName|String|false|false
08:10:39.1 (14003764)|VARIABLE_ASSIGNMENT|[255]|rawName|"baseModem"
08:10:39.1 (14011564)|HEAP_ALLOCATE|[256]|Bytes:5
08:10:39.1 (14015054)|STATEMENT_EXECUTE|[255]
08:10:39.1 (14030354)|STATEMENT_EXECUTE|[256]
08:10:39.1 (14032434)|STATEMENT_EXECUTE|[257]
08:10:39.1 (14040324)|HEAP_ALLOCATE|[257]|Bytes:9
08:10:39.1 (14049504)|VARIABLE_SCOPE_BEGIN|[257]|lower|String|false|false
08:10:39.1 (14057635)|VARIABLE_ASSIGNMENT|[257]|lower|"basemodem"
08:10:39.1 (14088556)|STATEMENT_EXECUTE|[258]
08:10:39.1 (14165066)|STATEMENT_EXECUTE|[259]
08:10:39.1 (14184178)|STATEMENT_EXECUTE|[260]
08:10:39.1 (14191787)|METHOD_EXIT|[166]|01pdL00000Up09Z|CpeAiAssistantController.normalizeProductName(String)
08:10:39.1 (14199398)|VARIABLE_SCOPE_BEGIN|[166]|normKey|String|false|false
08:10:39.1 (14208187)|VARIABLE_ASSIGNMENT|[166]|normKey|"Modem"
08:10:39.1 (14219868)|STATEMENT_EXECUTE|[167]
08:10:39.1 (14222159)|STATEMENT_EXECUTE|[168]
08:10:39.1 (14254319)|HEAP_ALLOCATE|[165]|Bytes:5
08:10:39.1 (14279260)|VARIABLE_ASSIGNMENT|[165]|key|null
08:10:39.1 (14285890)|HEAP_ALLOCATE|[171]|Bytes:6
08:10:39.1 (14352562)|STATEMENT_EXECUTE|[171]
08:10:39.1 (14368911)|HEAP_ALLOCATE|[171]|Bytes:4
08:10:39.1 (14392543)|HEAP_ALLOCATE|[EXTERNAL]|Bytes:-4
08:10:39.1 (14401183)|HEAP_ALLOCATE|[172]|Bytes:8
08:10:39.1 (14424483)|STATEMENT_EXECUTE|[172]
08:10:39.1 (14451744)|HEAP_ALLOCATE|[EXTERNAL]|Bytes:-4
08:10:39.1 (14460054)|HEAP_ALLOCATE|[173]|Bytes:9
08:10:39.1 (14481865)|STATEMENT_EXECUTE|[173]
08:10:39.1 (14504725)|HEAP_ALLOCATE|[EXTERNAL]|Bytes:-4
08:10:39.1 (14538186)|STATEMENT_EXECUTE|[177]
08:10:39.1 (14540955)|STATEMENT_EXECUTE|[178]
08:10:39.1 (14542926)|STATEMENT_EXECUTE|[178]
08:10:39.1 (14544936)|STATEMENT_EXECUTE|[179]
08:10:39.1 (14551866)|METHOD_ENTRY|[179]||System.JSON.deserializeUntyped(String)
08:10:39.1 (16475951)|METHOD_EXIT|[179]||System.JSON.deserializeUntyped(String)
08:10:39.1 (16494880)|VARIABLE_SCOPE_BEGIN|[179]|itemsMap|Map<String,ANY>|true|false
08:10:39.1 (16525832)|HEAP_ALLOCATE|[EXTERNAL]|Bytes:20
08:10:39.1 (16596633)|VARIABLE_ASSIGNMENT|[179]|itemsMap|{"CpeItems":["Map of size 6 too large to display",{"itemType":"childProduct","maxQuantity":15,"minQuantity":0,"defaultQuantity":0,"ProductCode":"O_RES_TV_PLUS_ADDL_S (2 more) ..."},"Map of size 6 too large to display",{"itemType":"childProduct","maxQuantity":99999,"minQuantity":0,"defaultQuantity":0,"ProductCode":"O_RES_HSI_WIFI_EXTEN (3 more) ..."}]}|0x27e089a2
08:10:39.1 (16604984)|STATEMENT_EXECUTE|[180]
08:10:39.1 (16616403)|HEAP_ALLOCATE|[180]|Bytes:4
08:10:39.1 (16690615)|VARIABLE_SCOPE_BEGIN|[180]|items|List<ANY>|true|false
08:10:39.1 (16704836)|HEAP_ALLOCATE|[EXTERNAL]|Bytes:4
08:10:39.1 (16713576)|VARIABLE_ASSIGNMENT|[180]|items|[]|0x5c53088f
08:10:39.1 (16719696)|HEAP_ALLOCATE|[181]|Bytes:8
08:10:39.1 (16756147)|STATEMENT_EXECUTE|[181]
08:10:39.1 (16758597)|STATEMENT_EXECUTE|[182]
08:10:39.1 (16805338)|VARIABLE_ASSIGNMENT|[182]|items|["Map of size 6 too large to display",{"itemType":"childProduct","maxQuantity":15,"minQuantity":0,"defaultQuantity":0,"ProductCode":"O_RES_TV_PLUS_ADDL_S (2 more) ..."},"Map of size 6 too large to display",{"itemType":"childProduct","maxQuantity":99999,"minQuantity":0,"defaultQuantity":0,"ProductCode":"O_RES_HSI_WIFI_EXTEN (3 more) ..."}]|0xa831b76
08:10:39.1 (16813318)|STATEMENT_EXECUTE|[185]
08:10:39.1 (16825568)|HEAP_ALLOCATE|[185]|Bytes:4
08:10:39.1 (16835728)|VARIABLE_SCOPE_BEGIN|[185]|limits|Map<String,Map<String,Integer>>|true|false
08:10:39.1 (16846248)|VARIABLE_ASSIGNMENT|[185]|limits|{}|0xadd404a
08:10:39.1 (16850349)|STATEMENT_EXECUTE|[186]
08:10:39.1 (16857048)|HEAP_ALLOCATE|[186]|Bytes:4
08:10:39.1 (16864630)|HEAP_ALLOCATE|[186]|Bytes:6
08:10:39.1 (16890590)|HEAP_ALLOCATE|[186]|Bytes:4
08:10:39.1 (16899830)|HEAP_ALLOCATE|[186]|Bytes:6
08:10:39.1 (16909701)|HEAP_ALLOCATE|[186]|Bytes:4
08:10:39.1 (16920881)|HEAP_ALLOCATE|[186]|Bytes:4
08:10:39.1 (16937490)|HEAP_ALLOCATE|[EXTERNAL]|Bytes:-4
08:10:39.1 (16944381)|STATEMENT_EXECUTE|[187]
08:10:39.1 (16950131)|HEAP_ALLOCATE|[187]|Bytes:4
08:10:39.1 (16969112)|HEAP_ALLOCATE|[187]|Bytes:4
08:10:39.1 (16982051)|HEAP_ALLOCATE|[187]|Bytes:4
08:10:39.1 (16992682)|HEAP_ALLOCATE|[187]|Bytes:4
08:10:39.1 (17004743)|HEAP_ALLOCATE|[EXTERNAL]|Bytes:-4
08:10:39.1 (17011663)|STATEMENT_EXECUTE|[188]
08:10:39.1 (17017143)|HEAP_ALLOCATE|[188]|Bytes:4
08:10:39.1 (17037234)|HEAP_ALLOCATE|[188]|Bytes:4
08:10:39.1 (17048914)|HEAP_ALLOCATE|[188]|Bytes:4
08:10:39.1 (17061173)|HEAP_ALLOCATE|[EXTERNAL]|Bytes:-4
08:10:39.1 (17067764)|STATEMENT_EXECUTE|[190]
08:10:39.1 (17082254)|METHOD_ENTRY|[190]|01pdL00000Up09Z|CpeAiAssistantController.extractCodes(List<ANY>, Map<String,Map<String,Integer>>)
08:10:39.1 (17115715)|VARIABLE_SCOPE_BEGIN|[203]|items|List<ANY>|true|false
08:10:39.1 (17137506)|VARIABLE_ASSIGNMENT|[203]|items|["Map of size 6 too large to display",{"itemType":"childProduct","maxQuantity":15,"minQuantity":0,"defaultQuantity":0,"ProductCode":"O_RES_TV_PLUS_ADDL_S (2 more) ..."},"Map of size 6 too large to display",{"itemType":"childProduct","maxQuantity":99999,"minQuantity":0,"defaultQuantity":0,"ProductCode":"O_RES_HSI_WIFI_EXTEN (3 more) ..."}]|0xa831b76
08:10:39.1 (17144386)|VARIABLE_SCOPE_BEGIN|[203]|limits|Map<String,Map<String,Integer>>|true|false
08:10:39.1 (17158586)|VARIABLE_ASSIGNMENT|[203]|limits|{"tv":{"maxInc":3,"maxAdd":15,"min":1},"wifi":{"maxInc":1,"maxAdd":10,"min":1},"modem":{"max":1,"min":1}}|0xadd404a
08:10:39.1 (17175847)|HEAP_ALLOCATE|[204]|Bytes:5
08:10:39.1 (17180727)|STATEMENT_EXECUTE|[203]
08:10:39.1 (17183807)|STATEMENT_EXECUTE|[204]
08:10:39.1 (17224718)|HEAP_ALLOCATE|[205]|Bytes:5
08:10:39.1 (17249508)|HEAP_ALLOCATE|[205]|Bytes:28
08:10:39.1 (17258919)|VARIABLE_SCOPE_BEGIN|[205]|obj|Object|false|false
08:10:39.1 (17271389)|VARIABLE_ASSIGNMENT|[205]|obj|"Map of size 6 too large to display"
08:10:39.1 (17276599)|STATEMENT_EXECUTE|[205]
08:10:39.1 (17278609)|STATEMENT_EXECUTE|[206]
08:10:39.1 (17282509)|VARIABLE_SCOPE_BEGIN|[206]|item|Map<String,ANY>|true|false
08:10:39.1 (17290919)|VARIABLE_ASSIGNMENT|[206]|item|"Map of size 6 too large to display"|0x6d0007ef
08:10:39.1 (17295279)|STATEMENT_EXECUTE|[207]
08:10:39.1 (17306920)|METHOD_ENTRY|[207]|01pdL00000Up09Z|CpeAiAssistantController.getProductCode(Map<String,ANY>)
08:10:39.1 (17320390)|VARIABLE_SCOPE_BEGIN|[236]|item|Map<String,ANY>|true|false
08:10:39.1 (17328510)|VARIABLE_ASSIGNMENT|[236]|item|"Map of size 6 too large to display"|0x6d0007ef
08:10:39.1 (17337339)|HEAP_ALLOCATE|[237]|Bytes:5
08:10:39.1 (17341780)|STATEMENT_EXECUTE|[236]
08:10:39.1 (17344940)|HEAP_ALLOCATE|[237]|Bytes:11
08:10:39.1 (17378211)|STATEMENT_EXECUTE|[237]
08:10:39.1 (17380671)|STATEMENT_EXECUTE|[238]
08:10:39.1 (17452013)|HEAP_ALLOCATE|[238]|Bytes:17
08:10:39.1 (17510314)|METHOD_EXIT|[207]|01pdL00000Up09Z|CpeAiAssistantController.getProductCode(Map<String,ANY>)
08:10:39.1 (17520125)|VARIABLE_SCOPE_BEGIN|[207]|code|String|false|false
08:10:39.1 (17533965)|VARIABLE_ASSIGNMENT|[207]|code|"O_RES_TV_PLUS_STB"
08:10:39.1 (17539295)|STATEMENT_EXECUTE|[208]
08:10:39.1 (17543435)|HEAP_ALLOCATE|[208]|Bytes:11
08:10:39.1 (17587196)|VARIABLE_SCOPE_BEGIN|[208]|maxQ|Integer|false|false
08:10:39.1 (17613037)|VARIABLE_ASSIGNMENT|[208]|maxQ|3
08:10:39.1 (17622127)|STATEMENT_EXECUTE|[209]
08:10:39.1 (17626287)|HEAP_ALLOCATE|[209]|Bytes:11
08:10:39.1 (17664018)|VARIABLE_SCOPE_BEGIN|[209]|minQ|Integer|false|false
08:10:39.1 (17676758)|VARIABLE_ASSIGNMENT|[209]|minQ|0
08:10:39.1 (17681867)|STATEMENT_EXECUTE|[210]
08:10:39.1 (17685659)|HEAP_ALLOCATE|[210]|Bytes:15
08:10:39.1 (17718399)|VARIABLE_SCOPE_BEGIN|[210]|defQ|Integer|false|false
08:10:39.1 (17741600)|VARIABLE_ASSIGNMENT|[210]|defQ|1
08:10:39.1 (17749650)|HEAP_ALLOCATE|[212]|Bytes:17
08:10:39.1 (17790131)|STATEMENT_EXECUTE|[212]
08:10:39.1 (17793321)|STATEMENT_EXECUTE|[213]
08:10:39.1 (17841242)|STATEMENT_EXECUTE|[214]
08:10:39.1 (17882003)|HEAP_ALLOCATE|[227]|Bytes:13
08:10:39.1 (17913433)|STATEMENT_EXECUTE|[227]
08:10:39.1 (17933824)|HEAP_ALLOCATE|[205]|Bytes:5
08:10:39.1 (17954874)|HEAP_ALLOCATE|[205]|Bytes:24
08:10:39.1 (17965815)|VARIABLE_SCOPE_BEGIN|[205]|obj|Object|false|false
08:10:39.1 (17988446)|VARIABLE_ASSIGNMENT|[205]|obj|{"itemType":"childProduct","maxQuantity":15,"minQuantity":0,"defaultQuantity":0,"ProductCode":"O_RES_TV_PLUS_ADDL_S (2 more) ..."}
08:10:39.1 (17993706)|STATEMENT_EXECUTE|[205]
08:10:39.1 (17995906)|STATEMENT_EXECUTE|[206]
08:10:39.1 (18000195)|VARIABLE_SCOPE_BEGIN|[206]|item|Map<String,ANY>|true|false
08:10:39.1 (18013496)|VARIABLE_ASSIGNMENT|[206]|item|{"itemType":"childProduct","maxQuantity":15,"minQuantity":0,"defaultQuantity":0,"ProductCode":"O_RES_TV_PLUS_ADDL_S (2 more) ..."}|0x1ff53921
08:10:39.1 (18018136)|STATEMENT_EXECUTE|[207]
08:10:39.1 (18024226)|METHOD_ENTRY|[207]|01pdL00000Up09Z|CpeAiAssistantController.getProductCode(Map<String,ANY>)
08:10:39.1 (18030026)|VARIABLE_SCOPE_BEGIN|[236]|item|Map<String,ANY>|true|false
08:10:39.1 (18041327)|VARIABLE_ASSIGNMENT|[236]|item|{"itemType":"childProduct","maxQuantity":15,"minQuantity":0,"defaultQuantity":0,"ProductCode":"O_RES_TV_PLUS_ADDL_S (2 more) ..."}|0x1ff53921
08:10:39.1 (18052177)|HEAP_ALLOCATE|[237]|Bytes:5
08:10:39.1 (18056396)|STATEMENT_EXECUTE|[236]
08:10:39.1 (18075648)|STATEMENT_EXECUTE|[237]
08:10:39.1 (18077768)|STATEMENT_EXECUTE|[238]
08:10:39.1 (18095588)|HEAP_ALLOCATE|[238]|Bytes:22
08:10:39.1 (18110917)|METHOD_EXIT|[207]|01pdL00000Up09Z|CpeAiAssistantController.getProductCode(Map<String,ANY>)
08:10:39.1 (18116778)|VARIABLE_SCOPE_BEGIN|[207]|code|String|false|false
08:10:39.1 (18126329)|VARIABLE_ASSIGNMENT|[207]|code|"O_RES_TV_PLUS_ADDL_S (2 more) ..."
08:10:39.1 (18130019)|STATEMENT_EXECUTE|[208]
08:10:39.1 (18147598)|VARIABLE_SCOPE_BEGIN|[208]|maxQ|Integer|false|false
08:10:39.1 (18155969)|VARIABLE_ASSIGNMENT|[208]|maxQ|15
08:10:39.1 (18159449)|STATEMENT_EXECUTE|[209]
08:10:39.1 (18189850)|VARIABLE_SCOPE_BEGIN|[209]|minQ|Integer|false|false
08:10:39.1 (18198220)|VARIABLE_ASSIGNMENT|[209]|minQ|0
08:10:39.1 (18201759)|STATEMENT_EXECUTE|[210]
08:10:39.1 (18225671)|VARIABLE_SCOPE_BEGIN|[210]|defQ|Integer|false|false
08:10:39.1 (18235381)|VARIABLE_ASSIGNMENT|[210]|defQ|0
08:10:39.1 (18255241)|HEAP_ALLOCATE|[215]|Bytes:22
08:10:39.1 (18263972)|STATEMENT_EXECUTE|[215]
08:10:39.1 (18271812)|STATEMENT_EXECUTE|[216]
08:10:39.1 (18328013)|STATEMENT_EXECUTE|[227]
08:10:39.1 (18340394)|HEAP_ALLOCATE|[205]|Bytes:5
08:10:39.1 (18358163)|HEAP_ALLOCATE|[205]|Bytes:28
08:10:39.1 (18369974)|VARIABLE_SCOPE_BEGIN|[205]|obj|Object|false|false
08:10:39.1 (18385875)|VARIABLE_ASSIGNMENT|[205]|obj|"Map of size 6 too large to display"
08:10:39.1 (18391735)|STATEMENT_EXECUTE|[205]
08:10:39.1 (18394404)|STATEMENT_EXECUTE|[206]
08:10:39.1 (18398675)|VARIABLE_SCOPE_BEGIN|[206]|item|Map<String,ANY>|true|false
08:10:39.1 (18410025)|VARIABLE_ASSIGNMENT|[206]|item|"Map of size 6 too large to display"|0x2dbde5c0
08:10:39.1 (18415884)|STATEMENT_EXECUTE|[207]
08:10:39.1 (18421776)|METHOD_ENTRY|[207]|01pdL00000Up09Z|CpeAiAssistantController.getProductCode(Map<String,ANY>)
08:10:39.1 (18429725)|VARIABLE_SCOPE_BEGIN|[236]|item|Map<String,ANY>|true|false
08:10:39.1 (18440096)|VARIABLE_ASSIGNMENT|[236]|item|"Map of size 6 too large to display"|0x2dbde5c0
08:10:39.1 (18451396)|HEAP_ALLOCATE|[237]|Bytes:5
08:10:39.1 (18456736)|STATEMENT_EXECUTE|[236]
08:10:39.1 (18479966)|STATEMENT_EXECUTE|[237]
08:10:39.1 (18482667)|STATEMENT_EXECUTE|[238]
08:10:39.1 (18503307)|HEAP_ALLOCATE|[238]|Bytes:15
08:10:39.1 (18520238)|METHOD_EXIT|[207]|01pdL00000Up09Z|CpeAiAssistantController.getProductCode(Map<String,ANY>)
08:10:39.1 (18527308)|VARIABLE_SCOPE_BEGIN|[207]|code|String|false|false
08:10:39.1 (18554099)|VARIABLE_ASSIGNMENT|[207]|code|"O_RES_HSI_MODEM"
08:10:39.1 (18560939)|STATEMENT_EXECUTE|[208]
08:10:39.1 (18587869)|VARIABLE_SCOPE_BEGIN|[208]|maxQ|Integer|false|false
08:10:39.1 (18599729)|VARIABLE_ASSIGNMENT|[208]|maxQ|99999
08:10:39.1 (18603480)|STATEMENT_EXECUTE|[209]
08:10:39.1 (18619510)|VARIABLE_SCOPE_BEGIN|[209]|minQ|Integer|false|false
08:10:39.1 (18627329)|VARIABLE_ASSIGNMENT|[209]|minQ|0
08:10:39.1 (18630809)|STATEMENT_EXECUTE|[210]
08:10:39.1 (18645621)|VARIABLE_SCOPE_BEGIN|[210]|defQ|Integer|false|false
08:10:39.1 (18653231)|VARIABLE_ASSIGNMENT|[210]|defQ|1
08:10:39.1 (18670641)|HEAP_ALLOCATE|[217]|Bytes:27
08:10:39.1 (18681042)|HEAP_ALLOCATE|[220]|Bytes:27
08:10:39.1 (18689552)|HEAP_ALLOCATE|[222]|Bytes:15
08:10:39.1 (18695422)|STATEMENT_EXECUTE|[222]
08:10:39.1 (18697562)|STATEMENT_EXECUTE|[223]
08:10:39.1 (18737812)|HEAP_ALLOCATE|[223]|Bytes:4
08:10:39.1 (18746972)|STATEMENT_EXECUTE|[224]
08:10:39.1 (18782754)|STATEMENT_EXECUTE|[227]
08:10:39.1 (18838555)|HEAP_ALLOCATE|[205]|Bytes:5
08:10:39.1 (18861055)|HEAP_ALLOCATE|[205]|Bytes:24
08:10:39.1 (18872786)|VARIABLE_SCOPE_BEGIN|[205]|obj|Object|false|false
08:10:39.1 (18897387)|VARIABLE_ASSIGNMENT|[205]|obj|{"itemType":"childProduct","maxQuantity":99999,"minQuantity":0,"defaultQuantity":0,"ProductCode":"O_RES_HSI_WIFI_EXTEN (3 more) ..."}
08:10:39.1 (18905277)|STATEMENT_EXECUTE|[205]
08:10:39.1 (18908047)|STATEMENT_EXECUTE|[206]
08:10:39.1 (18913877)|VARIABLE_SCOPE_BEGIN|[206]|item|Map<String,ANY>|true|false
08:10:39.1 (18929477)|VARIABLE_ASSIGNMENT|[206]|item|{"itemType":"childProduct","maxQuantity":99999,"minQuantity":0,"defaultQuantity":0,"ProductCode":"O_RES_HSI_WIFI_EXTEN (3 more) ..."}|0x406fa0e7
08:10:39.1 (18934247)|STATEMENT_EXECUTE|[207]
08:10:39.1 (18940428)|METHOD_ENTRY|[207]|01pdL00000Up09Z|CpeAiAssistantController.getProductCode(Map<String,ANY>)
08:10:39.1 (18948017)|VARIABLE_SCOPE_BEGIN|[236]|item|Map<String,ANY>|true|false
08:10:39.1 (18963577)|VARIABLE_ASSIGNMENT|[236]|item|{"itemType":"childProduct","maxQuantity":99999,"minQuantity":0,"defaultQuantity":0,"ProductCode":"O_RES_HSI_WIFI_EXTEN (3 more) ..."}|0x406fa0e7
08:10:39.1 (18976808)|HEAP_ALLOCATE|[237]|Bytes:5
08:10:39.1 (18982337)|STATEMENT_EXECUTE|[236]
08:10:39.1 (19008498)|STATEMENT_EXECUTE|[237]
08:10:39.1 (19012378)|STATEMENT_EXECUTE|[238]
08:10:39.1 (19034560)|HEAP_ALLOCATE|[238]|Bytes:23
08:10:39.1 (19048390)|METHOD_EXIT|[207]|01pdL00000Up09Z|CpeAiAssistantController.getProductCode(Map<String,ANY>)
08:10:39.1 (19053770)|VARIABLE_SCOPE_BEGIN|[207]|code|String|false|false
08:10:39.1 (19062710)|VARIABLE_ASSIGNMENT|[207]|code|"O_RES_HSI_WIFI_EXTEN (3 more) ..."
08:10:39.1 (19067680)|STATEMENT_EXECUTE|[208]
08:10:39.1 (19106761)|VARIABLE_SCOPE_BEGIN|[208]|maxQ|Integer|false|false
08:10:39.1 (19120282)|VARIABLE_ASSIGNMENT|[208]|maxQ|99999
08:10:39.1 (19125781)|STATEMENT_EXECUTE|[209]
08:10:39.1 (19158862)|VARIABLE_SCOPE_BEGIN|[209]|minQ|Integer|false|false
08:10:39.1 (19171382)|VARIABLE_ASSIGNMENT|[209]|minQ|0
08:10:39.1 (19175213)|STATEMENT_EXECUTE|[210]
08:10:39.1 (19199474)|VARIABLE_SCOPE_BEGIN|[210]|defQ|Integer|false|false
08:10:39.1 (19212263)|VARIABLE_ASSIGNMENT|[210]|defQ|0
08:10:39.1 (19246315)|STATEMENT_EXECUTE|[212]
08:10:39.1 (19259335)|STATEMENT_EXECUTE|[227]
08:10:39.1 (19273165)|HEAP_ALLOCATE|[205]|Bytes:5
08:10:39.1 (19294576)|VARIABLE_ASSIGNMENT|[205]|obj|null
08:10:39.1 (19309366)|METHOD_EXIT|[190]|01pdL00000Up09Z|CpeAiAssistantController.extractCodes(List<ANY>, Map<String,Map<String,Integer>>)
08:10:39.1 (19316076)|STATEMENT_EXECUTE|[192]
08:10:39.1 (19477700)|HEAP_ALLOCATE|[192]|Bytes:4
08:10:39.1 (19524641)|STATEMENT_EXECUTE|[193]
08:10:39.1 (19646764)|STATEMENT_EXECUTE|[194]
08:10:39.1 (19752776)|HEAP_ALLOCATE|[194]|Bytes:4
08:10:39.1 (19774587)|STATEMENT_EXECUTE|[195]
08:10:39.1 (19843708)|STATEMENT_EXECUTE|[196]
08:10:39.1 (19906199)|STATEMENT_EXECUTE|[197]
08:10:39.1 (19972271)|STATEMENT_EXECUTE|[200]
08:10:39.1 (19982921)|METHOD_EXIT|[74]|01pdL00000Up09Z|CpeAiAssistantController.buildRulePayload(String, String)
08:10:39.1 (19991681)|VARIABLE_SCOPE_BEGIN|[74]|rules|Map<String,Map<String,ANY>>|true|false
08:10:39.1 (20017732)|VARIABLE_ASSIGNMENT|[74]|rules|{"TV + Receiver":{"current":1,"min":0,"max":18,"base":1},"Modem":{"current":"Wired","min":1,"max":1,"base":"Wired"},"Wi-Fi Access Point":{"current":1,"min":1,"max":11,"base":1}}|0x1bf95b45
08:10:39.1 (20024143)|STATEMENT_EXECUTE|[77]
08:10:39.1 (20027663)|HEAP_ALLOCATE|[77]|Bytes:150
08:10:39.1 (20041533)|METHOD_ENTRY|[79]||System.JSON.serialize(Object)
08:10:39.1 (21553957)|METHOD_EXIT|[79]||System.JSON.serialize(Object)
08:10:39.1 (21568288)|HEAP_ALLOCATE|[79]|Bytes:24
08:10:39.1 (21634359)|HEAP_ALLOCATE|[80]|Bytes:29
08:10:39.1 (21655970)|HEAP_ALLOCATE|[77]|Bytes:829
08:10:39.1 (21665291)|VARIABLE_SCOPE_BEGIN|[77]|fullMessage|String|false|false
08:10:39.1 (21729382)|VARIABLE_ASSIGNMENT|[77]|fullMessage|"System Context: You  (809 more) ..."
08:10:39.1 (21735481)|STATEMENT_EXECUTE|[83]
08:10:39.1 (21738872)|HEAP_ALLOCATE|[84]|Bytes:22
08:10:39.1 (21743001)|HEAP_ALLOCATE|[85]|Bytes:21
08:10:39.1 (21806203)|HEAP_ALLOCATE|[83]|Bytes:12
08:10:39.1 (21812523)|HEAP_ALLOCATE|[83]|Bytes:58
08:10:39.1 (21826694)|SYSTEM_METHOD_ENTRY|[14]|Action.Action()
08:10:39.1 (21830603)|STATEMENT_EXECUTE|[14]
08:10:39.1 (21840044)|SYSTEM_METHOD_EXIT|[14]|Action
08:10:39.1 (21850644)|METHOD_ENTRY|[83]||Invocable.Action.createCustomAction(String, String)
08:10:39.1 (22153262)|METHOD_EXIT|[83]||Invocable.Action.createCustomAction(String, String)
08:10:39.1 (22168152)|VARIABLE_SCOPE_BEGIN|[83]|action|Invocable.Action|true|false
08:10:39.1 (22291565)|VARIABLE_ASSIGNMENT|[83]|action|{"invocations":"0xe274881","invokeFromLightningComponent":false,"name":"CPE_Equipment_Manage (1 more) ...","type":"generatePromptRespon (2 more) ..."}|0x55fb5fcd
08:10:39.1 (22303755)|STATEMENT_EXECUTE|[88]
08:10:39.1 (22309025)|HEAP_ALLOCATE|[88]|Bytes:17
08:10:39.1 (22341466)|METHOD_ENTRY|[88]||Invocable.Action.setInvocationParameter(String, Object)
08:10:39.1 (22589792)|METHOD_EXIT|[88]||Invocable.Action.setInvocationParameter(String, Object)
08:10:39.1 (22597581)|STATEMENT_EXECUTE|[90]
08:10:39.1 (22609392)|METHOD_ENTRY|[90]||Invocable.Action.invoke()
08:10:42.152 (3152790213)|METHOD_EXIT|[90]||Invocable.Action.invoke()
08:10:42.152 (3152839544)|VARIABLE_SCOPE_BEGIN|[90]|results|List<Invocable.Action.Result>|true|false
08:10:42.152 (3152970327)|VARIABLE_ASSIGNMENT|[90]|results|[{"action":"0x55fb5fcd","errors":"0x4b135f4c","invocationParameters":"0x4225c1ba","outputParameters":"0x3f019a5d","success":true}]|0x14a46531
08:10:42.152 (3153041689)|STATEMENT_EXECUTE|[92]
08:10:42.152 (3153048309)|STATEMENT_EXECUTE|[96]
08:10:42.152 (3153075899)|HEAP_ALLOCATE|[96]|Bytes:24
08:10:42.152 (3153092940)|VARIABLE_SCOPE_BEGIN|[96]|result|Invocable.Action.Result|true|false
08:10:42.152 (3153148951)|VARIABLE_ASSIGNMENT|[96]|result|{"action":"0x55fb5fcd","errors":"0x4b135f4c","invocationParameters":"0x4225c1ba","outputParameters":"0x3f019a5d","success":true}|0x459cb1d6
08:10:42.152 (3153192362)|METHOD_ENTRY|[98]||Invocable.Action.Result.isSuccess()
08:10:42.152 (3153237243)|METHOD_EXIT|[98]||Invocable.Action.Result.isSuccess()
08:10:42.152 (3153247593)|STATEMENT_EXECUTE|[98]
08:10:42.152 (3153251003)|STATEMENT_EXECUTE|[104]
08:10:42.152 (3153262314)|METHOD_ENTRY|[104]||Invocable.Action.Result.getOutputParameters()
08:10:42.152 (3153385967)|METHOD_EXIT|[104]||Invocable.Action.Result.getOutputParameters()
08:10:42.152 (3153397287)|VARIABLE_SCOPE_BEGIN|[104]|outputs|Map<String,ANY>|true|false
08:10:42.152 (3153443968)|VARIABLE_ASSIGNMENT|[104]|outputs|{"promptResponse":"{\n  \"message\": \"Adde (186 more) ..."}|0x3f019a5d
08:10:42.152 (3153458778)|STATEMENT_EXECUTE|[105]
08:10:42.152 (3153462528)|STATEMENT_EXECUTE|[110]
08:10:42.152 (3153468978)|HEAP_ALLOCATE|[110]|Bytes:14
08:10:42.152 (3153524730)|VARIABLE_SCOPE_BEGIN|[110]|promptRespObj|Object|false|false
08:10:42.152 (3153551930)|VARIABLE_ASSIGNMENT|[110]|promptRespObj|"{\n  \"message\": \"Adde (186 more) ..."
08:10:42.152 (3153563511)|STATEMENT_EXECUTE|[111]
08:10:42.152 (3153569741)|VARIABLE_SCOPE_BEGIN|[111]|rawResponse|String|false|false
08:10:42.152 (3153591951)|VARIABLE_ASSIGNMENT|[111]|rawResponse|null
08:10:42.152 (3153602982)|STATEMENT_EXECUTE|[113]
08:10:42.152 (3153606912)|STATEMENT_EXECUTE|[114]
08:10:42.152 (3153663523)|HEAP_ALLOCATE|[114]|Bytes:206
08:10:42.152 (3153688294)|VARIABLE_ASSIGNMENT|[114]|rawResponse|"{\n  \"message\": \"Adde (186 more) ..."
08:10:42.152 (3153728264)|STATEMENT_EXECUTE|[119]
08:10:42.152 (3153732145)|STATEMENT_EXECUTE|[123]
08:10:42.152 (3153736065)|VARIABLE_SCOPE_BEGIN|[123]|cleanResponse|String|false|false
08:10:42.152 (3153749775)|VARIABLE_ASSIGNMENT|[123]|cleanResponse|null
08:10:42.152 (3153755995)|STATEMENT_EXECUTE|[124]
08:10:42.152 (3153758655)|STATEMENT_EXECUTE|[124]
08:10:42.152 (3153761545)|STATEMENT_EXECUTE|[125]
08:10:42.152 (3153777526)|METHOD_ENTRY|[125]||System.JSON.deserializeUntyped(String)
08:10:42.152 (3154497922)|METHOD_EXIT|[125]||System.JSON.deserializeUntyped(String)
08:10:42.152 (3154512053)|VARIABLE_SCOPE_BEGIN|[125]|parsed|Map<String,ANY>|true|false
08:10:42.152 (3154564704)|VARIABLE_ASSIGNMENT|[125]|parsed|{"message":"Added 6 TV + Receive (72 more) ...","newState":{"TV + Receiver":7,"Modem":"Wired","Wi-Fi Access Point":1}}|0x70fa5977
08:10:42.152 (3154581414)|HEAP_ALLOCATE|[126]|Bytes:5
08:10:42.152 (3154626625)|STATEMENT_EXECUTE|[128]
08:10:42.152 (3154629425)|STATEMENT_EXECUTE|[129]
08:10:42.152 (3154637296)|VARIABLE_ASSIGNMENT|[129]|cleanResponse|"{\n  \"message\": \"Adde (186 more) ..."
08:10:42.152 (3154648326)|STATEMENT_EXECUTE|[135]
08:10:42.152 (3154651126)|STATEMENT_EXECUTE|[136]
08:10:42.152 (3154656636)|HEAP_ALLOCATE|[136]|Bytes:3
08:10:42.152 (3154663996)|HEAP_ALLOCATE|[136]|Bytes:1
08:10:42.152 (3154758468)|HEAP_ALLOCATE|[136]|Bytes:206
08:10:42.152 (3154782429)|VARIABLE_ASSIGNMENT|[136]|cleanResponse|"{\n  \"message\": \"Adde (186 more) ..."
08:10:42.152 (3154792079)|STATEMENT_EXECUTE|[137]
08:10:42.152 (3154795909)|HEAP_ALLOCATE|[137]|Bytes:2
08:10:42.152 (3154825950)|HEAP_ALLOCATE|[137]|Bytes:206
08:10:42.152 (3154844260)|VARIABLE_ASSIGNMENT|[137]|cleanResponse|"{\n  \"message\": \"Adde (186 more) ..."
08:10:42.152 (3154852080)|STATEMENT_EXECUTE|[138]
08:10:42.152 (3154855591)|HEAP_ALLOCATE|[138]|Bytes:3
08:10:42.152 (3154861221)|HEAP_ALLOCATE|[138]|Bytes:1
08:10:42.152 (3154888811)|HEAP_ALLOCATE|[138]|Bytes:206
08:10:42.152 (3154905112)|VARIABLE_ASSIGNMENT|[138]|cleanResponse|"{\n  \"message\": \"Adde (186 more) ..."
08:10:42.152 (3154914262)|STATEMENT_EXECUTE|[142]
08:10:42.152 (3154933072)|METHOD_ENTRY|[142]|01pdL00000Up09Z|CpeAiAssistantController.parseAndValidateAgentResponse(String, Map<String,Map<String,ANY>>)
08:10:42.152 (3154956003)|VARIABLE_SCOPE_BEGIN|[264]|rawResponse|String|false|false
08:10:42.152 (3154975133)|VARIABLE_ASSIGNMENT|[264]|rawResponse|"{\n  \"message\": \"Adde (186 more) ..."
08:10:42.152 (3154981453)|VARIABLE_SCOPE_BEGIN|[264]|rules|Map<String,Map<String,ANY>>|true|false
08:10:42.152 (3155015644)|VARIABLE_ASSIGNMENT|[264]|rules|{"TV + Receiver":{"current":1,"min":0,"max":18,"base":1},"Modem":{"current":"Wired","min":1,"max":1,"base":"Wired"},"Wi-Fi Access Point":{"current":1,"min":1,"max":11,"base":1}}|0x1bf95b45
08:10:42.152 (3155042765)|HEAP_ALLOCATE|[265]|Bytes:5
08:10:42.152 (3155048895)|STATEMENT_EXECUTE|[264]
08:10:42.152 (3155051505)|STATEMENT_EXECUTE|[265]
08:10:42.152 (3155062615)|HEAP_ALLOCATE|[265]|Bytes:4
08:10:42.152 (3155070916)|VARIABLE_SCOPE_BEGIN|[265]|finalResponse|Map<String,ANY>|true|false
08:10:42.152 (3155084036)|VARIABLE_ASSIGNMENT|[265]|finalResponse|{}|0x707e0ca0
08:10:42.152 (3155090106)|STATEMENT_EXECUTE|[267]
08:10:42.152 (3155092396)|STATEMENT_EXECUTE|[267]
08:10:42.152 (3155094366)|STATEMENT_EXECUTE|[268]
08:10:42.152 (3155101476)|METHOD_ENTRY|[268]||System.JSON.deserializeUntyped(String)
08:10:42.152 (3155494225)|METHOD_EXIT|[268]||System.JSON.deserializeUntyped(String)
08:10:42.152 (3155506656)|VARIABLE_SCOPE_BEGIN|[268]|parsed|Map<String,ANY>|true|false
08:10:42.152 (3155555867)|VARIABLE_ASSIGNMENT|[268]|parsed|{"message":"Added 6 TV + Receive (72 more) ...","newState":{"TV + Receiver":7,"Modem":"Wired","Wi-Fi Access Point":1}}|0x25d43983
08:10:42.152 (3155564467)|HEAP_ALLOCATE|[270]|Bytes:8
08:10:42.152 (3155600918)|STATEMENT_EXECUTE|[270]
08:10:42.152 (3155605798)|STATEMENT_EXECUTE|[271]
08:10:42.152 (3155635089)|VARIABLE_SCOPE_BEGIN|[271]|newStateRaw|Map<String,ANY>|true|false
08:10:42.152 (3155653069)|VARIABLE_ASSIGNMENT|[271]|newStateRaw|{"TV + Receiver":7,"Modem":"Wired","Wi-Fi Access Point":1}|0x254f2a95
08:10:42.152 (3155659579)|STATEMENT_EXECUTE|[272]
08:10:42.152 (3155666309)|HEAP_ALLOCATE|[272]|Bytes:4
08:10:42.152 (3155675080)|VARIABLE_SCOPE_BEGIN|[272]|normalizedState|Map<String,ANY>|true|false
08:10:42.152 (3155687670)|VARIABLE_ASSIGNMENT|[272]|normalizedState|{}|0x33809bae
08:10:42.152 (3155694390)|STATEMENT_EXECUTE|[274]
08:10:42.152 (3155698470)|VARIABLE_SCOPE_BEGIN|[274]|changedCpeCount|Integer|false|false
08:10:42.152 (3155705500)|HEAP_ALLOCATE|[274]|Bytes:4
08:10:42.152 (3155712410)|VARIABLE_ASSIGNMENT|[274]|changedCpeCount|0
08:10:42.152 (3155765772)|HEAP_ALLOCATE|[276]|Bytes:52
08:10:42.152 (3155810803)|HEAP_ALLOCATE|[276]|Bytes:5
08:10:42.152 (3155829593)|VARIABLE_SCOPE_BEGIN|[276]|key|String|false|false
08:10:42.152 (3155841273)|VARIABLE_ASSIGNMENT|[276]|key|"TV + Receiver"
08:10:42.152 (3155846753)|STATEMENT_EXECUTE|[276]
08:10:42.152 (3155849124)|STATEMENT_EXECUTE|[277]
08:10:42.152 (3155856834)|METHOD_ENTRY|[277]|01pdL00000Up09Z|CpeAiAssistantController.normalizeProductName(String)
08:10:42.152 (3155871284)|VARIABLE_SCOPE_BEGIN|[255]|rawName|String|false|false
08:10:42.152 (3155886554)|VARIABLE_ASSIGNMENT|[255]|rawName|"TV + Receiver"
08:10:42.152 (3155900475)|HEAP_ALLOCATE|[256]|Bytes:5
08:10:42.152 (3155907095)|STATEMENT_EXECUTE|[255]
08:10:42.152 (3155929975)|STATEMENT_EXECUTE|[256]
08:10:42.152 (3155933015)|STATEMENT_EXECUTE|[257]
08:10:42.152 (3155945396)|HEAP_ALLOCATE|[257]|Bytes:13
08:10:42.152 (3155956576)|VARIABLE_SCOPE_BEGIN|[257]|lower|String|false|false
08:10:42.152 (3155971006)|VARIABLE_ASSIGNMENT|[257]|lower|"tv + receiver"
08:10:42.152 (3155995587)|STATEMENT_EXECUTE|[258]
08:10:42.152 (3156006997)|METHOD_EXIT|[277]|01pdL00000Up09Z|CpeAiAssistantController.normalizeProductName(String)
08:10:42.152 (3156013877)|VARIABLE_SCOPE_BEGIN|[277]|normKey|String|false|false
08:10:42.152 (3156024558)|VARIABLE_ASSIGNMENT|[277]|normKey|"TV + Receiver"
08:10:42.152 (3156052628)|HEAP_ALLOCATE|[279]|Bytes:17
08:10:42.152 (3156155041)|STATEMENT_EXECUTE|[279]
08:10:42.152 (3156158781)|STATEMENT_EXECUTE|[280]
08:10:42.152 (3156183881)|VARIABLE_SCOPE_BEGIN|[280]|qty|Integer|false|false
08:10:42.152 (3156197042)|VARIABLE_ASSIGNMENT|[280]|qty|7
08:10:42.152 (3156222382)|STATEMENT_EXECUTE|[282]
08:10:42.152 (3156224632)|STATEMENT_EXECUTE|[283]
08:10:42.152 (3156228542)|VARIABLE_SCOPE_BEGIN|[283]|current|Integer|false|false
08:10:42.152 (3156236773)|HEAP_ALLOCATE|[283]|Bytes:4
08:10:42.152 (3156244313)|VARIABLE_ASSIGNMENT|[283]|current|0
08:10:42.152 (3156287904)|STATEMENT_EXECUTE|[284]
08:10:42.152 (3156290304)|STATEMENT_EXECUTE|[285]
08:10:42.152 (3156325315)|VARIABLE_ASSIGNMENT|[285]|current|1
08:10:42.152 (3156331595)|STATEMENT_EXECUTE|[287]
08:10:42.152 (3156335165)|VARIABLE_SCOPE_BEGIN|[287]|baseQty|Integer|false|false
08:10:42.152 (3156344235)|VARIABLE_ASSIGNMENT|[287]|baseQty|1
08:10:42.152 (3156405666)|STATEMENT_EXECUTE|[288]
08:10:42.152 (3156408806)|STATEMENT_EXECUTE|[289]
08:10:42.152 (3156442947)|VARIABLE_ASSIGNMENT|[289]|baseQty|1
08:10:42.152 (3156448617)|STATEMENT_EXECUTE|[292]
08:10:42.152 (3156479318)|VARIABLE_SCOPE_BEGIN|[292]|max|Integer|false|false
08:10:42.152 (3156490518)|VARIABLE_ASSIGNMENT|[292]|max|18
08:10:42.152 (3156494938)|STATEMENT_EXECUTE|[293]
08:10:42.152 (3156528509)|VARIABLE_SCOPE_BEGIN|[293]|min|Integer|false|false
08:10:42.152 (3156557530)|VARIABLE_ASSIGNMENT|[293]|min|0
08:10:42.152 (3156569020)|STATEMENT_EXECUTE|[295]
08:10:42.152 (3156574000)|STATEMENT_EXECUTE|[303]
08:10:42.152 (3156576350)|STATEMENT_EXECUTE|[304]
08:10:42.152 (3156581070)|VARIABLE_SCOPE_BEGIN|[304]|required|Integer|false|false
08:10:42.152 (3156588611)|HEAP_ALLOCATE|[304]|Bytes:4
08:10:42.152 (3156595451)|VARIABLE_ASSIGNMENT|[304]|required|6
08:10:42.152 (3156600531)|STATEMENT_EXECUTE|[305]
08:10:42.152 (3156617341)|HEAP_ALLOCATE|[305]|Bytes:9
08:10:42.152 (3156623811)|VARIABLE_SCOPE_BEGIN|[305]|prodCode|String|false|false
08:10:42.152 (3156635632)|VARIABLE_ASSIGNMENT|[305]|prodCode|"REC-TV-01"
08:10:42.152 (3156641012)|STATEMENT_EXECUTE|[306]
08:10:42.152 (3156643342)|STATEMENT_EXECUTE|[307]
08:10:42.152 (3156657072)|METHOD_ENTRY|[307]|01pdL00000Up09Z|CpeAiAssistantController.getVanStock(String)
08:10:42.152 (3156674993)|VARIABLE_SCOPE_BEGIN|[404]|productCode|String|false|false
08:10:42.152 (3156686433)|VARIABLE_ASSIGNMENT|[404]|productCode|"REC-TV-01"
08:10:42.152 (3156701593)|HEAP_ALLOCATE|[405]|Bytes:5
08:10:42.152 (3156707033)|STATEMENT_EXECUTE|[404]
08:10:42.152 (3156709293)|STATEMENT_EXECUTE|[405]
08:10:42.152 (3156711553)|STATEMENT_EXECUTE|[405]
08:10:42.152 (3156713844)|STATEMENT_EXECUTE|[406]
08:10:42.152 (3156722834)|METHOD_ENTRY|[406]|01pdL00000Up09Z|CpeAiAssistantController.getMyServiceResource()
08:10:42.152 (3156896868)|HEAP_ALLOCATE|[591]|Bytes:5
08:10:42.152 (3156903348)|STATEMENT_EXECUTE|[590]
08:10:42.152 (3156905688)|STATEMENT_EXECUTE|[591]
08:10:42.152 (3156909448)|HEAP_ALLOCATE|[591]|Bytes:163
08:10:42.152 (3156918948)|HEAP_ALLOCATE|[591]|Bytes:4
08:10:42.152 (3156927098)|HEAP_ALLOCATE|[591]|Bytes:7
08:10:42.152 (3156975850)|HEAP_ALLOCATE|[594]|Bytes:105
08:10:42.152 (3156993090)|SYSTEM_METHOD_ENTRY|[1]|UserInfo.UserInfo()
08:10:42.152 (3156997410)|STATEMENT_EXECUTE|[1]
08:10:42.152 (3157007220)|SYSTEM_METHOD_EXIT|[1]|UserInfo
08:10:42.152 (3157016971)|METHOD_ENTRY|[594]||System.UserInfo.getUserId()
08:10:42.152 (3157060252)|METHOD_EXIT|[594]||System.UserInfo.getUserId()
08:10:42.152 (3160490641)|SOQL_EXECUTE_BEGIN|[591]|Aggregations:0|SELECT Id, LocationId, LastKnownLocation, LastKnownLatitude, LastKnownLongitude FROM ServiceResource WHERE (RelatedRecordId = :tmpVar1 AND IsActive = TRUE) LIMIT 1
08:10:42.152 (3176554641)|SOQL_EXECUTE_END|[591]|Rows:1
08:10:42.152 (3176647504)|HEAP_ALLOCATE|[591]|Bytes:8
08:10:42.152 (3176691505)|HEAP_ALLOCATE|[591]|Bytes:201
08:10:42.152 (3176872009)|HEAP_ALLOCATE|[591]|Bytes:8
08:10:42.152 (3176913490)|VARIABLE_SCOPE_BEGIN|[591]|srs|List<ServiceResource>|true|false
08:10:42.152 (3177232947)|VARIABLE_ASSIGNMENT|[591]|srs|[{"LocationId":"131dL000000OKGvQAO","Id":"0HndL000000MjRVSA0","LastKnownLocation":{"latitude":0.0,"longitude":0.0},"LastKnownLatitude":0E-15,"LastKnownLongitude":0E-15}]|0x2435b5c8
08:10:42.152 (3177249397)|STATEMENT_EXECUTE|[597]
08:10:42.152 (3177517674)|HEAP_ALLOCATE|[597]|Bytes:24
08:10:42.152 (3177557985)|METHOD_EXIT|[406]|01pdL00000Up09Z|CpeAiAssistantController.getMyServiceResource()
08:10:42.152 (3177574795)|VARIABLE_SCOPE_BEGIN|[406]|sr|ServiceResource|true|false
08:10:42.152 (3177669267)|VARIABLE_ASSIGNMENT|[406]|sr|{"LocationId":"131dL000000OKGvQAO","Id":"0HndL000000MjRVSA0","LastKnownLocation":{"latitude":0.0,"longitude":0.0},"LastKnownLatitude":0E-15,"LastKnownLongitude":0E-15}|0x376ce42b
08:10:42.152 (3177755739)|STATEMENT_EXECUTE|[407]
08:10:42.152 (3177758969)|STATEMENT_EXECUTE|[408]
08:10:42.152 (3177766069)|HEAP_ALLOCATE|[408]|Bytes:112
08:10:42.152 (3177821691)|HEAP_ALLOCATE|[408]|Bytes:4
08:10:42.152 (3177872082)|HEAP_ALLOCATE|[408]|Bytes:7
08:10:42.152 (3185674512)|SOQL_EXECUTE_BEGIN|[408]|Aggregations:0|SELECT QuantityOnHand FROM ProductItem WHERE (LocationId = :tmpVar1 AND Product2.ProductCode = :tmpVar2) LIMIT 1
08:10:42.152 (3215462929)|SOQL_EXECUTE_END|[408]|Rows:0
08:10:42.152 (3215608153)|HEAP_ALLOCATE|[408]|Bytes:4
08:10:42.152 (3215668234)|HEAP_ALLOCATE|[408]|Bytes:0
08:10:42.152 (3215951541)|HEAP_ALLOCATE|[408]|Bytes:4
08:10:42.152 (3216005172)|VARIABLE_SCOPE_BEGIN|[408]|items|List<ProductItem>|true|false
08:10:42.152 (3216058703)|VARIABLE_ASSIGNMENT|[408]|items|[]|0x79b47834
08:10:42.152 (3216412581)|STATEMENT_EXECUTE|[414]
08:10:42.152 (3216420951)|STATEMENT_EXECUTE|[420]
08:10:42.152 (3216434892)|HEAP_ALLOCATE|[420]|Bytes:125
08:10:42.152 (3216486793)|HEAP_ALLOCATE|[420]|Bytes:4
08:10:42.152 (3218216213)|SOQL_EXECUTE_BEGIN|[420]|Aggregations:0|SELECT QuantityOnHand FROM ProductItem WHERE Product2.ProductCode = :tmpVar1 ORDER BY QuantityOnHand DESC NULLS FIRST LIMIT 1
08:10:42.152 (3227791474)|SOQL_EXECUTE_END|[420]|Rows:1
08:10:42.152 (3227829155)|HEAP_ALLOCATE|[420]|Bytes:8
08:10:42.152 (3227852035)|HEAP_ALLOCATE|[420]|Bytes:115
08:10:42.152 (3227909227)|HEAP_ALLOCATE|[420]|Bytes:8
08:10:42.152 (3227933477)|VARIABLE_SCOPE_BEGIN|[420]|fallbackItems|List<ProductItem>|true|false
08:10:42.152 (3228065640)|VARIABLE_ASSIGNMENT|[420]|fallbackItems|[{"QuantityOnHand":5.00,"Product2Id":"01tdL00000cjw5BQAQ","Id":"0CodL00000DyKM9SAN"}]|0xbe11128
08:10:42.152 (3228208284)|HEAP_ALLOCATE|[427]|Bytes:16
08:10:42.152 (3228302566)|HEAP_ALLOCATE|[427]|Bytes:28
08:10:42.152 (3228308376)|HEAP_ALLOCATE|[427]|Bytes:28
08:10:42.152 (3228406478)|STATEMENT_EXECUTE|[427]
08:10:42.152 (3228409488)|STATEMENT_EXECUTE|[428]
08:10:42.152 (3228418378)|HEAP_ALLOCATE|[428]|Bytes:16
08:10:42.152 (3228448109)|HEAP_ALLOCATE|[428]|Bytes:8
08:10:42.152 (3228465670)|METHOD_EXIT|[307]|01pdL00000Up09Z|CpeAiAssistantController.getVanStock(String)
08:10:42.152 (3228476480)|VARIABLE_SCOPE_BEGIN|[307]|vanStock|Integer|false|false
08:10:42.152 (3228492490)|VARIABLE_ASSIGNMENT|[307]|vanStock|5
08:10:42.152 (3228500790)|STATEMENT_EXECUTE|[308]
08:10:42.152 (3228503460)|STATEMENT_EXECUTE|[309]
08:10:42.152 (3228508231)|HEAP_ALLOCATE|[309]|Bytes:4
08:10:42.152 (3228516181)|VARIABLE_ASSIGNMENT|[309]|qty|6
08:10:42.152 (3228522161)|STATEMENT_EXECUTE|[310]
08:10:42.152 (3228528641)|HEAP_ALLOCATE|[310]|Bytes:7
08:10:42.152 (3228534651)|HEAP_ALLOCATE|[310]|Bytes:14
08:10:42.152 (3228595773)|HEAP_ALLOCATE|[310]|Bytes:1
08:10:42.152 (3228612773)|HEAP_ALLOCATE|[310]|Bytes:1
08:10:42.152 (3228619673)|HEAP_ALLOCATE|[310]|Bytes:77
08:10:42.152 (3228638914)|HEAP_ALLOCATE|[310]|Bytes:106
08:10:42.152 (3228668224)|HEAP_ALLOCATE|[EXTERNAL]|Bytes:-4
08:10:42.152 (3228681645)|STATEMENT_EXECUTE|[315]
08:10:42.152 (3228711975)|HEAP_ALLOCATE|[315]|Bytes:4
08:10:42.152 (3228741796)|HEAP_ALLOCATE|[EXTERNAL]|Bytes:-4
08:10:42.152 (3228762636)|STATEMENT_EXECUTE|[317]
08:10:42.152 (3228765616)|STATEMENT_EXECUTE|[318]
08:10:42.152 (3228769527)|HEAP_ALLOCATE|[318]|Bytes:4
08:10:42.152 (3228781557)|VARIABLE_ASSIGNMENT|[318]|changedCpeCount|1
08:10:42.152 (3228811878)|HEAP_ALLOCATE|[276]|Bytes:5
08:10:42.152 (3228834718)|VARIABLE_SCOPE_BEGIN|[276]|key|String|false|false
08:10:42.152 (3228851358)|VARIABLE_ASSIGNMENT|[276]|key|"Modem"
08:10:42.152 (3228858359)|STATEMENT_EXECUTE|[276]
08:10:42.152 (3228861029)|STATEMENT_EXECUTE|[277]
08:10:42.152 (3228871279)|METHOD_ENTRY|[277]|01pdL00000Up09Z|CpeAiAssistantController.normalizeProductName(String)
08:10:42.152 (3228882149)|VARIABLE_SCOPE_BEGIN|[255]|rawName|String|false|false
08:10:42.152 (3228896570)|VARIABLE_ASSIGNMENT|[255]|rawName|"Modem"
08:10:42.152 (3228913600)|HEAP_ALLOCATE|[256]|Bytes:5
08:10:42.152 (3228920290)|STATEMENT_EXECUTE|[255]
08:10:42.152 (3228944691)|STATEMENT_EXECUTE|[256]
08:10:42.152 (3228948131)|STATEMENT_EXECUTE|[257]
08:10:42.152 (3228962871)|HEAP_ALLOCATE|[257]|Bytes:5
08:10:42.152 (3228981781)|VARIABLE_SCOPE_BEGIN|[257]|lower|String|false|false
08:10:42.152 (3228994822)|VARIABLE_ASSIGNMENT|[257]|lower|"modem"
08:10:42.152 (3229038673)|STATEMENT_EXECUTE|[258]
08:10:42.152 (3229117425)|STATEMENT_EXECUTE|[259]
08:10:42.152 (3229135965)|STATEMENT_EXECUTE|[260]
08:10:42.152 (3229147845)|METHOD_EXIT|[277]|01pdL00000Up09Z|CpeAiAssistantController.normalizeProductName(String)
08:10:42.152 (3229157046)|VARIABLE_SCOPE_BEGIN|[277]|normKey|String|false|false
08:10:42.152 (3229170316)|VARIABLE_ASSIGNMENT|[277]|normKey|"Modem"
08:10:42.152 (3229260948)|HEAP_ALLOCATE|[323]|Bytes:16
08:10:42.152 (3229285939)|STATEMENT_EXECUTE|[323]
08:10:42.152 (3229289359)|STATEMENT_EXECUTE|[325]
08:10:42.152 (3229325589)|HEAP_ALLOCATE|[EXTERNAL]|Bytes:-4
08:10:42.152 (3229334740)|STATEMENT_EXECUTE|[326]
08:10:42.152 (3229340270)|VARIABLE_SCOPE_BEGIN|[326]|currentStr|String|false|false
08:10:42.152 (3229354980)|VARIABLE_ASSIGNMENT|[326]|currentStr|""
08:10:42.152 (3229422712)|STATEMENT_EXECUTE|[327]
08:10:42.152 (3229425892)|STATEMENT_EXECUTE|[328]
08:10:42.152 (3229460943)|VARIABLE_ASSIGNMENT|[328]|currentStr|"Wired"
08:10:42.152 (3229493493)|HEAP_ALLOCATE|[330]|Bytes:5
08:10:42.152 (3229514364)|STATEMENT_EXECUTE|[330]
08:10:42.152 (3229528704)|HEAP_ALLOCATE|[276]|Bytes:5
08:10:42.152 (3229542614)|VARIABLE_SCOPE_BEGIN|[276]|key|String|false|false
08:10:42.152 (3229552855)|VARIABLE_ASSIGNMENT|[276]|key|"Wi-Fi Access Point"
08:10:42.152 (3229557995)|STATEMENT_EXECUTE|[276]
08:10:42.152 (3229560375)|STATEMENT_EXECUTE|[277]
08:10:42.152 (3229565395)|METHOD_ENTRY|[277]|01pdL00000Up09Z|CpeAiAssistantController.normalizeProductName(String)
08:10:42.152 (3229572165)|VARIABLE_SCOPE_BEGIN|[255]|rawName|String|false|false
08:10:42.152 (3229580505)|VARIABLE_ASSIGNMENT|[255]|rawName|"Wi-Fi Access Point"
08:10:42.152 (3229591286)|HEAP_ALLOCATE|[256]|Bytes:5
08:10:42.152 (3229596306)|STATEMENT_EXECUTE|[255]
08:10:42.152 (3229611306)|STATEMENT_EXECUTE|[256]
08:10:42.152 (3229613676)|STATEMENT_EXECUTE|[257]
08:10:42.152 (3229622236)|HEAP_ALLOCATE|[257]|Bytes:18
08:10:42.152 (3229631357)|VARIABLE_SCOPE_BEGIN|[257]|lower|String|false|false
08:10:42.152 (3229640577)|VARIABLE_ASSIGNMENT|[257]|lower|"wi-fi access point"
08:10:42.152 (3229668497)|STATEMENT_EXECUTE|[258]
08:10:42.152 (3229681908)|STATEMENT_EXECUTE|[259]
08:10:42.152 (3229689078)|METHOD_EXIT|[277]|01pdL00000Up09Z|CpeAiAssistantController.normalizeProductName(String)
08:10:42.152 (3229694628)|VARIABLE_SCOPE_BEGIN|[277]|normKey|String|false|false
08:10:42.152 (3229703318)|VARIABLE_ASSIGNMENT|[277]|normKey|"Wi-Fi Access Point"
08:10:42.152 (3229723919)|STATEMENT_EXECUTE|[279]
08:10:42.152 (3229727079)|STATEMENT_EXECUTE|[280]
08:10:42.152 (3229738709)|VARIABLE_SCOPE_BEGIN|[280]|qty|Integer|false|false
08:10:42.152 (3229748769)|VARIABLE_ASSIGNMENT|[280]|qty|1
08:10:42.152 (3229761400)|STATEMENT_EXECUTE|[282]
08:10:42.152 (3229763550)|STATEMENT_EXECUTE|[283]
08:10:42.152 (3229766900)|VARIABLE_SCOPE_BEGIN|[283]|current|Integer|false|false
08:10:42.152 (3229774600)|HEAP_ALLOCATE|[283]|Bytes:4
08:10:42.152 (3229781120)|VARIABLE_ASSIGNMENT|[283]|current|0
08:10:42.152 (3229808831)|STATEMENT_EXECUTE|[284]
08:10:42.152 (3229811511)|STATEMENT_EXECUTE|[285]
08:10:42.152 (3229833891)|VARIABLE_ASSIGNMENT|[285]|current|1
08:10:42.152 (3229839151)|STATEMENT_EXECUTE|[287]
08:10:42.152 (3229841931)|VARIABLE_SCOPE_BEGIN|[287]|baseQty|Integer|false|false
08:10:42.152 (3229850002)|VARIABLE_ASSIGNMENT|[287]|baseQty|1
08:10:42.152 (3229888942)|STATEMENT_EXECUTE|[288]
08:10:42.152 (3229891643)|STATEMENT_EXECUTE|[289]
08:10:42.152 (3229911953)|VARIABLE_ASSIGNMENT|[289]|baseQty|1
08:10:42.152 (3229916793)|STATEMENT_EXECUTE|[292]
08:10:42.152 (3229937114)|VARIABLE_SCOPE_BEGIN|[292]|max|Integer|false|false
08:10:42.152 (3229946504)|VARIABLE_ASSIGNMENT|[292]|max|11
08:10:42.152 (3229950344)|STATEMENT_EXECUTE|[293]
08:10:42.152 (3229969094)|VARIABLE_SCOPE_BEGIN|[293]|min|Integer|false|false
08:10:42.152 (3229978185)|VARIABLE_ASSIGNMENT|[293]|min|1
08:10:42.152 (3229987355)|STATEMENT_EXECUTE|[295]
08:10:42.152 (3229991215)|STATEMENT_EXECUTE|[303]
08:10:42.152 (3229993775)|STATEMENT_EXECUTE|[315]
08:10:42.152 (3230010715)|HEAP_ALLOCATE|[EXTERNAL]|Bytes:-4
08:10:42.152 (3230021386)|STATEMENT_EXECUTE|[317]
08:10:42.152 (3230032136)|HEAP_ALLOCATE|[276]|Bytes:5
08:10:42.152 (3230046486)|VARIABLE_ASSIGNMENT|[276]|key|null
08:10:42.152 (3230107168)|HEAP_ALLOCATE|[337]|Bytes:52
08:10:42.152 (3230152809)|HEAP_ALLOCATE|[337]|Bytes:5
08:10:42.152 (3230174249)|VARIABLE_SCOPE_BEGIN|[337]|ruleKey|String|false|false
08:10:42.152 (3230192959)|VARIABLE_ASSIGNMENT|[337]|ruleKey|"TV + Receiver"
08:10:42.152 (3230202080)|STATEMENT_EXECUTE|[337]
08:10:42.152 (3230239741)|STATEMENT_EXECUTE|[338]
08:10:42.152 (3230255641)|HEAP_ALLOCATE|[337]|Bytes:5
08:10:42.152 (3230277451)|VARIABLE_SCOPE_BEGIN|[337]|ruleKey|String|false|false
08:10:42.152 (3230293922)|VARIABLE_ASSIGNMENT|[337]|ruleKey|"Modem"
08:10:42.152 (3230300942)|STATEMENT_EXECUTE|[337]
08:10:42.152 (3230317742)|STATEMENT_EXECUTE|[338]
08:10:42.152 (3230329763)|HEAP_ALLOCATE|[337]|Bytes:5
08:10:42.152 (3230345693)|VARIABLE_SCOPE_BEGIN|[337]|ruleKey|String|false|false
08:10:42.152 (3230360533)|VARIABLE_ASSIGNMENT|[337]|ruleKey|"Wi-Fi Access Point"
08:10:42.152 (3230366143)|STATEMENT_EXECUTE|[337]
08:10:42.152 (3230378634)|STATEMENT_EXECUTE|[338]
08:10:42.152 (3230389034)|HEAP_ALLOCATE|[337]|Bytes:5
08:10:42.152 (3230405914)|VARIABLE_ASSIGNMENT|[337]|ruleKey|null
08:10:42.152 (3230414115)|STATEMENT_EXECUTE|[343]
08:10:42.152 (3230467856)|HEAP_ALLOCATE|[EXTERNAL]|Bytes:-4
08:10:42.152 (3230481406)|STATEMENT_EXECUTE|[346]
08:10:42.152 (3230502877)|HEAP_ALLOCATE|[346]|Bytes:4
08:10:42.152 (3230543478)|VARIABLE_SCOPE_BEGIN|[346]|stateChanges|List<Map<String,ANY>>|true|false
08:10:42.152 (3230586899)|HEAP_ALLOCATE|[EXTERNAL]|Bytes:4
08:10:42.152 (3230605249)|VARIABLE_ASSIGNMENT|[346]|stateChanges|[]|0x48b7f0c8
08:10:42.152 (3230658370)|HEAP_ALLOCATE|[347]|Bytes:52
08:10:42.152 (3230700571)|HEAP_ALLOCATE|[347]|Bytes:5
08:10:42.152 (3230721252)|VARIABLE_SCOPE_BEGIN|[347]|key|String|false|false
08:10:42.152 (3230737442)|VARIABLE_ASSIGNMENT|[347]|key|"TV + Receiver"
08:10:42.152 (3230746042)|STATEMENT_EXECUTE|[347]
08:10:42.152 (3230777913)|STATEMENT_EXECUTE|[348]
08:10:42.152 (3230781583)|STATEMENT_EXECUTE|[349]
08:10:42.152 (3230811714)|VARIABLE_SCOPE_BEGIN|[349]|newVal|Object|false|false
08:10:42.152 (3230831624)|VARIABLE_ASSIGNMENT|[349]|newVal|6
08:10:42.152 (3230838654)|STATEMENT_EXECUTE|[350]
08:10:42.152 (3230892616)|VARIABLE_SCOPE_BEGIN|[350]|curVal|Object|false|false
08:10:42.152 (3230915156)|VARIABLE_ASSIGNMENT|[350]|curVal|1
08:10:42.152 (3231077390)|STATEMENT_EXECUTE|[352]
08:10:42.152 (3231082280)|STATEMENT_EXECUTE|[353]
08:10:42.152 (3231095490)|HEAP_ALLOCATE|[353]|Bytes:4
08:10:42.152 (3231110801)|HEAP_ALLOCATE|[354]|Bytes:5
08:10:42.152 (3231160032)|HEAP_ALLOCATE|[354]|Bytes:13
08:10:42.152 (3231211763)|HEAP_ALLOCATE|[355]|Bytes:11
08:10:42.152 (3231248314)|HEAP_ALLOCATE|[356]|Bytes:8
08:10:42.152 (3231279105)|HEAP_ALLOCATE|[357]|Bytes:8
08:10:42.152 (3231298655)|HEAP_ALLOCATE|[358]|Bytes:5
08:10:42.152 (3231333496)|HEAP_ALLOCATE|[353]|Bytes:4
08:10:42.152 (3231351316)|VARIABLE_SCOPE_BEGIN|[353]|change|Map<String,ANY>|true|false
08:10:42.152 (3231396447)|VARIABLE_ASSIGNMENT|[353]|change|{"label":"TV + RECEIVER","productCode":"O_RES_TV_PLUS_STB","oldUnits":1,"newUnits":6,"units":5}|0x262e74b6
08:10:42.152 (3231477209)|STATEMENT_EXECUTE|[361]
08:10:42.152 (3231481529)|STATEMENT_EXECUTE|[362]
08:10:42.152 (3231487369)|HEAP_ALLOCATE|[362]|Bytes:14
08:10:42.152 (3231551111)|HEAP_ALLOCATE|[362]|Bytes:4
08:10:42.152 (3231568801)|HEAP_ALLOCATE|[EXTERNAL]|Bytes:-4
08:10:42.152 (3231582892)|STATEMENT_EXECUTE|[365]
08:10:42.152 (3231599552)|VARIABLE_SCOPE_BEGIN|[365]|curQty|Integer|false|false
08:10:42.152 (3231617282)|VARIABLE_ASSIGNMENT|[365]|curQty|1
08:10:42.152 (3231624673)|STATEMENT_EXECUTE|[366]
08:10:42.152 (3231639533)|VARIABLE_SCOPE_BEGIN|[366]|newQty|Integer|false|false
08:10:42.152 (3231654493)|VARIABLE_ASSIGNMENT|[366]|newQty|6
08:10:42.152 (3231660833)|STATEMENT_EXECUTE|[367]
08:10:42.152 (3231665694)|VARIABLE_SCOPE_BEGIN|[367]|diff|Integer|false|false
08:10:42.152 (3231676804)|HEAP_ALLOCATE|[367]|Bytes:4
08:10:42.152 (3231686084)|VARIABLE_ASSIGNMENT|[367]|diff|5
08:10:42.152 (3231691854)|STATEMENT_EXECUTE|[368]
08:10:42.152 (3231853788)|VARIABLE_SCOPE_BEGIN|[2]|System.Math.E|Double|false|true
08:10:42.152 (3231901969)|VARIABLE_SCOPE_BEGIN|[3]|System.Math.PI|Double|false|true
08:10:42.152 (3231927550)|HEAP_ALLOCATE|[368]|Bytes:206
08:10:42.152 (3231950760)|SYSTEM_METHOD_ENTRY|[1]|Math.Math()
08:10:42.152 (3231956660)|STATEMENT_EXECUTE|[1]
08:10:42.152 (3232062303)|SYSTEM_METHOD_EXIT|[1]|Math
08:10:42.152 (3232094493)|METHOD_ENTRY|[368]||System.Math.abs(Integer)
08:10:42.152 (3232209406)|METHOD_EXIT|[368]||System.Math.abs(Integer)
08:10:42.152 (3232219506)|VARIABLE_SCOPE_BEGIN|[368]|diffAbs|Integer|false|false
08:10:42.152 (3232231327)|HEAP_ALLOCATE|[368]|Bytes:4
08:10:42.152 (3232244797)|VARIABLE_ASSIGNMENT|[368]|diffAbs|5
08:10:42.152 (3232264497)|STATEMENT_EXECUTE|[370]
08:10:42.152 (3232267837)|STATEMENT_EXECUTE|[371]
08:10:42.152 (3232272118)|HEAP_ALLOCATE|[371]|Bytes:12
08:10:42.152 (3232282198)|HEAP_ALLOCATE|[371]|Bytes:2
08:10:42.152 (3232332109)|HEAP_ALLOCATE|[371]|Bytes:2
08:10:42.152 (3232350119)|HEAP_ALLOCATE|[371]|Bytes:3
08:10:42.152 (3232380180)|HEAP_ALLOCATE|[371]|Bytes:7
08:10:42.152 (3232397550)|HEAP_ALLOCATE|[EXTERNAL]|Bytes:-4
08:10:42.152 (3232407241)|STATEMENT_EXECUTE|[378]
08:10:42.152 (3232441641)|HEAP_ALLOCATE|[EXTERNAL]|Bytes:4
08:10:42.152 (3232467042)|HEAP_ALLOCATE|[347]|Bytes:5
08:10:42.152 (3232484942)|VARIABLE_SCOPE_BEGIN|[347]|key|String|false|false
08:10:42.152 (3232499613)|VARIABLE_ASSIGNMENT|[347]|key|"Modem"
08:10:42.152 (3232507163)|STATEMENT_EXECUTE|[347]
08:10:42.152 (3232521493)|STATEMENT_EXECUTE|[348]
08:10:42.152 (3232524743)|STATEMENT_EXECUTE|[349]
08:10:42.152 (3232556204)|VARIABLE_SCOPE_BEGIN|[349]|newVal|Object|false|false
08:10:42.152 (3232573404)|VARIABLE_ASSIGNMENT|[349]|newVal|"Wired"
08:10:42.152 (3232580225)|STATEMENT_EXECUTE|[350]
08:10:42.152 (3232613915)|VARIABLE_SCOPE_BEGIN|[350]|curVal|Object|false|false
08:10:42.152 (3232628446)|VARIABLE_ASSIGNMENT|[350]|curVal|"Wired"
08:10:42.152 (3232662207)|STATEMENT_EXECUTE|[352]
08:10:42.152 (3232673807)|HEAP_ALLOCATE|[347]|Bytes:5
08:10:42.152 (3232687957)|VARIABLE_SCOPE_BEGIN|[347]|key|String|false|false
08:10:42.152 (3232702217)|VARIABLE_ASSIGNMENT|[347]|key|"Wi-Fi Access Point"
08:10:42.152 (3232708658)|STATEMENT_EXECUTE|[347]
08:10:42.152 (3232721678)|STATEMENT_EXECUTE|[348]
08:10:42.152 (3232724568)|STATEMENT_EXECUTE|[349]
08:10:42.152 (3232739568)|VARIABLE_SCOPE_BEGIN|[349]|newVal|Object|false|false
08:10:42.152 (3232755399)|VARIABLE_ASSIGNMENT|[349]|newVal|1
08:10:42.152 (3232761979)|STATEMENT_EXECUTE|[350]
08:10:42.152 (3232792070)|VARIABLE_SCOPE_BEGIN|[350]|curVal|Object|false|false
08:10:42.152 (3232806350)|VARIABLE_ASSIGNMENT|[350]|curVal|1
08:10:42.152 (3232830390)|STATEMENT_EXECUTE|[352]
08:10:42.152 (3232844091)|HEAP_ALLOCATE|[347]|Bytes:5
08:10:42.152 (3232861451)|VARIABLE_ASSIGNMENT|[347]|key|null
08:10:42.152 (3232867761)|STATEMENT_EXECUTE|[382]
08:10:42.152 (3232871731)|HEAP_ALLOCATE|[382]|Bytes:12
08:10:42.152 (3232935393)|HEAP_ALLOCATE|[EXTERNAL]|Bytes:-4
08:10:42.152 (3232983814)|STATEMENT_EXECUTE|[383]
08:10:42.152 (3232989644)|STATEMENT_EXECUTE|[388]
08:10:42.152 (3232992784)|STATEMENT_EXECUTE|[389]
08:10:42.152 (3232997514)|HEAP_ALLOCATE|[389]|Bytes:21
08:10:42.152 (3233036015)|HEAP_ALLOCATE|[389]|Bytes:5
08:10:42.152 (3233046235)|HEAP_ALLOCATE|[EXTERNAL]|Bytes:-4
08:10:42.152 (3233059086)|STATEMENT_EXECUTE|[401]
08:10:42.152 (3233074736)|METHOD_EXIT|[142]|01pdL00000Up09Z|CpeAiAssistantController.parseAndValidateAgentResponse(String, Map<String,Map<String,ANY>>)
08:10:42.152 (3233082336)|VARIABLE_SCOPE_BEGIN|[142]|validatedResponse|Map<String,ANY>|true|false
08:10:42.152 (3233118537)|VARIABLE_ASSIGNMENT|[142]|validatedResponse|{"message":"You only have 5 TV + (86 more) ...","newState":{"TV + Receiver":6,"Modem":"Wired","Wi-Fi Access Point":1},"stateChanges":["Map of size 7 too large to display"],"requireOtherCpePrompt":true}|0x707e0ca0
08:10:42.152 (3233125637)|STATEMENT_EXECUTE|[144]
08:10:42.152 (3233134997)|METHOD_ENTRY|[144]||System.JSON.serialize(Object)
08:10:42.152 (3234282984)|METHOD_EXIT|[144]||System.JSON.serialize(Object)
08:10:42.234 (3234371756)|CUMULATIVE_LIMIT_USAGE
08:10:42.234 (3234371756)|LIMIT_USAGE_FOR_NS|(default)|
  Number of SOQL queries: 3 out of 100
  Number of query rows: 2 out of 50000
  Number of SOSL queries: 0 out of 20
  Number of DML statements: 0 out of 150
  Number of Publish Immediate DML: 0 out of 150
  Number of DML rows: 0 out of 10000
  Maximum CPU time: 747 out of 10000
  Maximum heap size: 0 out of 6000000
  Number of callouts: 0 out of 100
  Number of Email Invocations: 0 out of 10
  Number of future calls: 0 out of 50
  Number of queueable jobs added to the queue: 0 out of 50
  Number of Mobile Apex push calls: 0 out of 10

08:10:42.234 (3234371756)|CUMULATIVE_LIMIT_USAGE_END

08:10:42.152 (3234439467)|CODE_UNIT_FINISHED|CpeAiAssistantController.sendMessageToAgent(String, String, String, String)
08:10:42.152 (3234664883)|CODE_UNIT_FINISHED|apex://CpeAiAssistantController/ACTION$sendMessageToAgent
08:10:42.152 (3234678573)|EXECUTION_FINISHED
