66.0 APEX_CODE,FINEST;APEX_PROFILING,INFO;CALLOUT,INFO;DATA_ACCESS,INFO;DB,INFO;NBA,INFO;SYSTEM,DEBUG;VALIDATION,INFO;VISUALFORCE,INFO;WAVE,INFO;WORKFLOW,INFO
08:10:28.1 (1088341)|USER_INFO|[EXTERNAL]|005dL00001kiJYb|abhijithshaibinu001.b869139f1496@agentforce.com|(GMT-07:00) Pacific Daylight Time (America/Los_Angeles)|GMT-07:00
08:10:28.1 (1185027)|EXECUTION_STARTED
08:10:28.1 (1215418)|CODE_UNIT_STARTED|[EXTERNAL]|apex://CpeAiAssistantController/ACTION$sendMessageToAgent
08:10:28.1 (4073308)|CODE_UNIT_STARTED|[EXTERNAL]|01pdL00000Up09Z|CpeAiAssistantController.sendMessageToAgent(String, String, String, String)
08:10:28.1 (6208627)|HEAP_ALLOCATE|[95]|Bytes:3
08:10:28.1 (6382677)|HEAP_ALLOCATE|[100]|Bytes:152
08:10:28.1 (6406768)|HEAP_ALLOCATE|[417]|Bytes:408
08:10:28.1 (6425529)|HEAP_ALLOCATE|[430]|Bytes:408
08:10:28.1 (6456861)|HEAP_ALLOCATE|[317]|Bytes:6
08:10:28.1 (6477182)|HEAP_ALLOCATE|[EXTERNAL]|Bytes:44
08:10:28.1 (6483833)|HEAP_ALLOCATE|[EXTERNAL]|Bytes:6
08:10:28.1 (6525675)|METHOD_ENTRY|[1]|01pdL00000Up09Z|CpeAiAssistantController.CpeAiAssistantController()
08:10:28.1 (6560947)|STATEMENT_EXECUTE|[1]
08:10:28.1 (6574698)|STATEMENT_EXECUTE|[1]
08:10:28.1 (6600269)|HEAP_ALLOCATE|[68]|Bytes:5
08:10:28.1 (6651642)|HEAP_ALLOCATE|[74]|Bytes:5
08:10:28.1 (6662472)|HEAP_ALLOCATE|[82]|Bytes:7
08:10:28.1 (7187362)|HEAP_ALLOCATE|[EXTERNAL]|Bytes:5
08:10:28.1 (7226144)|METHOD_EXIT|[1]|CpeAiAssistantController
08:10:28.1 (7235495)|HEAP_ALLOCATE|[EXTERNAL]|Bytes:18
08:10:28.1 (7240925)|HEAP_ALLOCATE|[EXTERNAL]|Bytes:734
08:10:28.1 (7245096)|HEAP_ALLOCATE|[EXTERNAL]|Bytes:102
08:10:28.1 (7249336)|HEAP_ALLOCATE|[EXTERNAL]|Bytes:238
08:10:28.1 (7285507)|VARIABLE_SCOPE_BEGIN|[71]|userMessage|String|false|false
08:10:28.1 (7371642)|VARIABLE_ASSIGNMENT|[71]|userMessage|"Add 5 TV Receivers"
08:10:28.1 (7377012)|VARIABLE_SCOPE_BEGIN|[71]|cpeItemsJson|String|false|false
08:10:28.1 (7386384)|VARIABLE_ASSIGNMENT|[71]|cpeItemsJson|"{\n  \"CpeItems\": [\n   (714 more) ..."
08:10:28.1 (7390624)|VARIABLE_SCOPE_BEGIN|[71]|currentCartJson|String|false|false
08:10:28.1 (7398553)|VARIABLE_ASSIGNMENT|[71]|currentCartJson|"{\"TV + Receiver\":3,\" (82 more) ..."
08:10:28.1 (7402114)|VARIABLE_SCOPE_BEGIN|[71]|chatHistory|String|false|false
08:10:28.1 (7409185)|VARIABLE_ASSIGNMENT|[71]|chatHistory|"Technician: Add Rece (218 more) ..."
08:10:28.1 (7423195)|HEAP_ALLOCATE|[72]|Bytes:5
08:10:28.1 (7428586)|STATEMENT_EXECUTE|[71]
08:10:28.1 (7430986)|STATEMENT_EXECUTE|[72]
08:10:28.1 (7432946)|STATEMENT_EXECUTE|[72]
08:10:28.1 (7435186)|STATEMENT_EXECUTE|[74]
08:10:28.1 (7462007)|METHOD_ENTRY|[74]|01pdL00000Up09Z|CpeAiAssistantController.buildRulePayload(String, String)
08:10:28.1 (7494470)|VARIABLE_SCOPE_BEGIN|[156]|cpeItemsJson|String|false|false
08:10:28.1 (7503839)|VARIABLE_ASSIGNMENT|[156]|cpeItemsJson|"{\n  \"CpeItems\": [\n   (714 more) ..."
08:10:28.1 (7507550)|VARIABLE_SCOPE_BEGIN|[156]|currentCartJson|String|false|false
08:10:28.1 (7514330)|VARIABLE_ASSIGNMENT|[156]|currentCartJson|"{\"TV + Receiver\":3,\" (82 more) ..."
08:10:28.1 (7522450)|HEAP_ALLOCATE|[157]|Bytes:5
08:10:28.1 (7527261)|STATEMENT_EXECUTE|[156]
08:10:28.1 (7529761)|STATEMENT_EXECUTE|[157]
08:10:28.1 (7550562)|HEAP_ALLOCATE|[157]|Bytes:4
08:10:28.1 (7568474)|VARIABLE_SCOPE_BEGIN|[157]|rules|Map<String,Map<String,ANY>>|true|false
08:10:28.1 (7601086)|VARIABLE_ASSIGNMENT|[157]|rules|{}|0x19a78e7f
08:10:28.1 (7608476)|STATEMENT_EXECUTE|[158]
08:10:28.1 (7613286)|HEAP_ALLOCATE|[158]|Bytes:13
08:10:28.1 (7625807)|HEAP_ALLOCATE|[158]|Bytes:4
08:10:28.1 (7636017)|HEAP_ALLOCATE|[158]|Bytes:7
08:10:28.1 (7700171)|HEAP_ALLOCATE|[158]|Bytes:4
08:10:28.1 (7769224)|HEAP_ALLOCATE|[158]|Bytes:3
08:10:28.1 (7780366)|HEAP_ALLOCATE|[158]|Bytes:4
08:10:28.1 (7790825)|HEAP_ALLOCATE|[158]|Bytes:3
08:10:28.1 (7799567)|HEAP_ALLOCATE|[158]|Bytes:4
08:10:28.1 (7829037)|HEAP_ALLOCATE|[EXTERNAL]|Bytes:-4
08:10:28.1 (7841798)|STATEMENT_EXECUTE|[159]
08:10:28.1 (7846739)|HEAP_ALLOCATE|[159]|Bytes:5
08:10:28.1 (7860469)|HEAP_ALLOCATE|[159]|Bytes:4
08:10:28.1 (7869050)|HEAP_ALLOCATE|[159]|Bytes:5
08:10:28.1 (7906613)|HEAP_ALLOCATE|[159]|Bytes:4
08:10:28.1 (7923833)|HEAP_ALLOCATE|[159]|Bytes:4
08:10:28.1 (7938774)|HEAP_ALLOCATE|[EXTERNAL]|Bytes:-4
08:10:28.1 (7945935)|STATEMENT_EXECUTE|[160]
08:10:28.1 (7949004)|HEAP_ALLOCATE|[160]|Bytes:18
08:10:28.1 (7957804)|HEAP_ALLOCATE|[160]|Bytes:4
08:10:28.1 (7977195)|HEAP_ALLOCATE|[160]|Bytes:4
08:10:28.1 (7992667)|HEAP_ALLOCATE|[160]|Bytes:4
08:10:28.1 (8005967)|HEAP_ALLOCATE|[160]|Bytes:4
08:10:28.1 (8019968)|HEAP_ALLOCATE|[EXTERNAL]|Bytes:-4
08:10:28.1 (8093572)|STATEMENT_EXECUTE|[162]
08:10:28.1 (8096433)|STATEMENT_EXECUTE|[163]
08:10:28.1 (8098412)|STATEMENT_EXECUTE|[163]
08:10:28.1 (8100443)|STATEMENT_EXECUTE|[164]
08:10:28.1 (8145766)|HEAP_ALLOCATE|[164]|Bytes:24
08:10:28.1 (8156586)|SYSTEM_METHOD_ENTRY|[1]|JSON.JSON()
08:10:28.1 (8160016)|STATEMENT_EXECUTE|[1]
08:10:28.1 (8170216)|SYSTEM_METHOD_EXIT|[1]|JSON
08:10:28.1 (8179737)|METHOD_ENTRY|[164]||System.JSON.deserializeUntyped(String)
08:10:28.1 (12585663)|METHOD_EXIT|[164]||System.JSON.deserializeUntyped(String)
08:10:28.1 (12611054)|VARIABLE_SCOPE_BEGIN|[164]|currentCart|Map<String,ANY>|true|false
08:10:28.1 (12669658)|VARIABLE_ASSIGNMENT|[164]|currentCart|"Map of size 6 too large to display"|0x273efc6c
08:10:28.1 (12786774)|HEAP_ALLOCATE|[165]|Bytes:87
08:10:28.1 (12879450)|HEAP_ALLOCATE|[165]|Bytes:5
08:10:28.1 (12907991)|VARIABLE_SCOPE_BEGIN|[165]|key|String|false|false
08:10:28.1 (12922343)|VARIABLE_ASSIGNMENT|[165]|key|"TV + Receiver"
08:10:28.1 (12955124)|STATEMENT_EXECUTE|[165]
08:10:28.1 (12958055)|STATEMENT_EXECUTE|[166]
08:10:28.1 (12977786)|METHOD_ENTRY|[166]|01pdL00000Up09Z|CpeAiAssistantController.normalizeProductName(String)
08:10:28.1 (12996027)|VARIABLE_SCOPE_BEGIN|[255]|rawName|String|false|false
08:10:28.1 (13005356)|VARIABLE_ASSIGNMENT|[255]|rawName|"TV + Receiver"
08:10:28.1 (13019698)|HEAP_ALLOCATE|[256]|Bytes:5
08:10:28.1 (13024197)|STATEMENT_EXECUTE|[255]
08:10:28.1 (13071471)|STATEMENT_EXECUTE|[256]
08:10:28.1 (13074370)|STATEMENT_EXECUTE|[257]
08:10:28.1 (13094971)|HEAP_ALLOCATE|[257]|Bytes:13
08:10:28.1 (13106703)|VARIABLE_SCOPE_BEGIN|[257]|lower|String|false|false
08:10:28.1 (13116363)|VARIABLE_ASSIGNMENT|[257]|lower|"tv + receiver"
08:10:28.1 (13122384)|HEAP_ALLOCATE|[258]|Bytes:2
08:10:28.1 (13153716)|STATEMENT_EXECUTE|[258]
08:10:28.1 (13164066)|METHOD_EXIT|[166]|01pdL00000Up09Z|CpeAiAssistantController.normalizeProductName(String)
08:10:28.1 (13169626)|VARIABLE_SCOPE_BEGIN|[166]|normKey|String|false|false
08:10:28.1 (13179136)|VARIABLE_ASSIGNMENT|[166]|normKey|"TV + Receiver"
08:10:28.1 (13267112)|STATEMENT_EXECUTE|[167]
08:10:28.1 (13269851)|STATEMENT_EXECUTE|[168]
08:10:28.1 (13409140)|HEAP_ALLOCATE|[165]|Bytes:5
08:10:28.1 (13426641)|VARIABLE_SCOPE_BEGIN|[165]|key|String|false|false
08:10:28.1 (13448212)|VARIABLE_ASSIGNMENT|[165]|key|"Modem"
08:10:28.1 (13453452)|STATEMENT_EXECUTE|[165]
08:10:28.1 (13455711)|STATEMENT_EXECUTE|[166]
08:10:28.1 (13460983)|METHOD_ENTRY|[166]|01pdL00000Up09Z|CpeAiAssistantController.normalizeProductName(String)
08:10:28.1 (13466403)|VARIABLE_SCOPE_BEGIN|[255]|rawName|String|false|false
08:10:28.1 (13475112)|VARIABLE_ASSIGNMENT|[255]|rawName|"Modem"
08:10:28.1 (13484084)|HEAP_ALLOCATE|[256]|Bytes:5
08:10:28.1 (13488694)|STATEMENT_EXECUTE|[255]
08:10:28.1 (13511954)|STATEMENT_EXECUTE|[256]
08:10:28.1 (13515186)|STATEMENT_EXECUTE|[257]
08:10:28.1 (13527206)|HEAP_ALLOCATE|[257]|Bytes:5
08:10:28.1 (13543996)|VARIABLE_SCOPE_BEGIN|[257]|lower|String|false|false
08:10:28.1 (13557468)|VARIABLE_ASSIGNMENT|[257]|lower|"modem"
08:10:28.1 (13580789)|HEAP_ALLOCATE|[258]|Bytes:8
08:10:28.1 (13597830)|STATEMENT_EXECUTE|[258]
08:10:28.1 (13600870)|HEAP_ALLOCATE|[259]|Bytes:5
08:10:28.1 (13628241)|HEAP_ALLOCATE|[259]|Bytes:4
08:10:28.1 (13645162)|HEAP_ALLOCATE|[259]|Bytes:2
08:10:28.1 (13660563)|HEAP_ALLOCATE|[259]|Bytes:12
08:10:28.1 (13675385)|HEAP_ALLOCATE|[259]|Bytes:6
08:10:28.1 (13692084)|STATEMENT_EXECUTE|[259]
08:10:28.1 (13695026)|HEAP_ALLOCATE|[260]|Bytes:5
08:10:28.1 (13715797)|STATEMENT_EXECUTE|[260]
08:10:28.1 (13724027)|METHOD_EXIT|[166]|01pdL00000Up09Z|CpeAiAssistantController.normalizeProductName(String)
08:10:28.1 (13730647)|VARIABLE_SCOPE_BEGIN|[166]|normKey|String|false|false
08:10:28.1 (13739188)|VARIABLE_ASSIGNMENT|[166]|normKey|"Modem"
08:10:28.1 (13763079)|STATEMENT_EXECUTE|[167]
08:10:28.1 (13765390)|STATEMENT_EXECUTE|[168]
08:10:28.1 (13806592)|HEAP_ALLOCATE|[165]|Bytes:5
08:10:28.1 (13819743)|VARIABLE_SCOPE_BEGIN|[165]|key|String|false|false
08:10:28.1 (13829603)|VARIABLE_ASSIGNMENT|[165]|key|"Wi-Fi Access Point"
08:10:28.1 (13833833)|STATEMENT_EXECUTE|[165]
08:10:28.1 (13836203)|STATEMENT_EXECUTE|[166]
08:10:28.1 (13840493)|METHOD_ENTRY|[166]|01pdL00000Up09Z|CpeAiAssistantController.normalizeProductName(String)
08:10:28.1 (13845493)|VARIABLE_SCOPE_BEGIN|[255]|rawName|String|false|false
08:10:28.1 (13852684)|VARIABLE_ASSIGNMENT|[255]|rawName|"Wi-Fi Access Point"
08:10:28.1 (13860005)|HEAP_ALLOCATE|[256]|Bytes:5
08:10:28.1 (13864275)|STATEMENT_EXECUTE|[255]
08:10:28.1 (13879526)|STATEMENT_EXECUTE|[256]
08:10:28.1 (13881975)|STATEMENT_EXECUTE|[257]
08:10:28.1 (13890106)|HEAP_ALLOCATE|[257]|Bytes:18
08:10:28.1 (13899687)|VARIABLE_SCOPE_BEGIN|[257]|lower|String|false|false
08:10:28.1 (13908217)|VARIABLE_ASSIGNMENT|[257]|lower|"wi-fi access point"
08:10:28.1 (13932779)|STATEMENT_EXECUTE|[258]
08:10:28.1 (13945870)|STATEMENT_EXECUTE|[259]
08:10:28.1 (13952700)|METHOD_EXIT|[166]|01pdL00000Up09Z|CpeAiAssistantController.normalizeProductName(String)
08:10:28.1 (13964871)|VARIABLE_SCOPE_BEGIN|[166]|normKey|String|false|false
08:10:28.1 (13972951)|VARIABLE_ASSIGNMENT|[166]|normKey|"Wi-Fi Access Point"
08:10:28.1 (13985262)|STATEMENT_EXECUTE|[167]
08:10:28.1 (13987472)|STATEMENT_EXECUTE|[168]
08:10:28.1 (14044195)|HEAP_ALLOCATE|[165]|Bytes:5
08:10:28.1 (14056916)|VARIABLE_SCOPE_BEGIN|[165]|key|String|false|false
08:10:28.1 (14066656)|VARIABLE_ASSIGNMENT|[165]|key|"baseTv"
08:10:28.1 (14070847)|STATEMENT_EXECUTE|[165]
08:10:28.1 (14073037)|STATEMENT_EXECUTE|[166]
08:10:28.1 (14077147)|METHOD_ENTRY|[166]|01pdL00000Up09Z|CpeAiAssistantController.normalizeProductName(String)
08:10:28.1 (14081807)|VARIABLE_SCOPE_BEGIN|[255]|rawName|String|false|false
08:10:28.1 (14089108)|VARIABLE_ASSIGNMENT|[255]|rawName|"baseTv"
08:10:28.1 (14096328)|HEAP_ALLOCATE|[256]|Bytes:5
08:10:28.1 (14100278)|STATEMENT_EXECUTE|[255]
08:10:28.1 (14114559)|STATEMENT_EXECUTE|[256]
08:10:28.1 (14116939)|STATEMENT_EXECUTE|[257]
08:10:28.1 (14125140)|HEAP_ALLOCATE|[257]|Bytes:6
08:10:28.1 (14144081)|VARIABLE_SCOPE_BEGIN|[257]|lower|String|false|false
08:10:28.1 (14153881)|VARIABLE_ASSIGNMENT|[257]|lower|"basetv"
08:10:28.1 (14169352)|STATEMENT_EXECUTE|[258]
08:10:28.1 (14174932)|METHOD_EXIT|[166]|01pdL00000Up09Z|CpeAiAssistantController.normalizeProductName(String)
08:10:28.1 (14179973)|VARIABLE_SCOPE_BEGIN|[166]|normKey|String|false|false
08:10:28.1 (14188513)|VARIABLE_ASSIGNMENT|[166]|normKey|"TV + Receiver"
08:10:28.1 (14199854)|STATEMENT_EXECUTE|[167]
08:10:28.1 (14202954)|STATEMENT_EXECUTE|[168]
08:10:28.1 (14239416)|HEAP_ALLOCATE|[165]|Bytes:5
08:10:28.1 (14251987)|VARIABLE_SCOPE_BEGIN|[165]|key|String|false|false
08:10:28.1 (14261037)|VARIABLE_ASSIGNMENT|[165]|key|"baseWifi"
08:10:28.1 (14264847)|STATEMENT_EXECUTE|[165]
08:10:28.1 (14266927)|STATEMENT_EXECUTE|[166]
08:10:28.1 (14270678)|METHOD_ENTRY|[166]|01pdL00000Up09Z|CpeAiAssistantController.normalizeProductName(String)
08:10:28.1 (14275328)|VARIABLE_SCOPE_BEGIN|[255]|rawName|String|false|false
08:10:28.1 (14282218)|VARIABLE_ASSIGNMENT|[255]|rawName|"baseWifi"
08:10:28.1 (14289339)|HEAP_ALLOCATE|[256]|Bytes:5
08:10:28.1 (14292999)|STATEMENT_EXECUTE|[255]
08:10:28.1 (14306310)|STATEMENT_EXECUTE|[256]
08:10:28.1 (14308790)|STATEMENT_EXECUTE|[257]
08:10:28.1 (14316720)|HEAP_ALLOCATE|[257]|Bytes:8
08:10:28.1 (14326571)|VARIABLE_SCOPE_BEGIN|[257]|lower|String|false|false
08:10:28.1 (14334671)|VARIABLE_ASSIGNMENT|[257]|lower|"basewifi"
08:10:28.1 (14359223)|STATEMENT_EXECUTE|[258]
08:10:28.1 (14382724)|STATEMENT_EXECUTE|[259]
08:10:28.1 (14388794)|METHOD_EXIT|[166]|01pdL00000Up09Z|CpeAiAssistantController.normalizeProductName(String)
08:10:28.1 (14394164)|VARIABLE_SCOPE_BEGIN|[166]|normKey|String|false|false
08:10:28.1 (14402625)|VARIABLE_ASSIGNMENT|[166]|normKey|"Wi-Fi Access Point"
08:10:28.1 (14413656)|STATEMENT_EXECUTE|[167]
08:10:28.1 (14450728)|STATEMENT_EXECUTE|[168]
08:10:28.1 (14492190)|HEAP_ALLOCATE|[165]|Bytes:5
08:10:28.1 (14505671)|VARIABLE_SCOPE_BEGIN|[165]|key|String|false|false
08:10:28.1 (14515951)|VARIABLE_ASSIGNMENT|[165]|key|"baseModem"
08:10:28.1 (14519901)|STATEMENT_EXECUTE|[165]
08:10:28.1 (14522062)|STATEMENT_EXECUTE|[166]
08:10:28.1 (14527802)|METHOD_ENTRY|[166]|01pdL00000Up09Z|CpeAiAssistantController.normalizeProductName(String)
08:10:28.1 (14532832)|VARIABLE_SCOPE_BEGIN|[255]|rawName|String|false|false
08:10:28.1 (14540083)|VARIABLE_ASSIGNMENT|[255]|rawName|"baseModem"
08:10:28.1 (14548363)|HEAP_ALLOCATE|[256]|Bytes:5
08:10:28.1 (14552483)|STATEMENT_EXECUTE|[255]
08:10:28.1 (14610066)|STATEMENT_EXECUTE|[256]
08:10:28.1 (14613277)|STATEMENT_EXECUTE|[257]
08:10:28.1 (14659759)|HEAP_ALLOCATE|[257]|Bytes:9
08:10:28.1 (14679740)|VARIABLE_SCOPE_BEGIN|[257]|lower|String|false|false
08:10:28.1 (14694861)|VARIABLE_ASSIGNMENT|[257]|lower|"basemodem"
08:10:28.1 (14763355)|STATEMENT_EXECUTE|[258]
08:10:28.1 (14816038)|STATEMENT_EXECUTE|[259]
08:10:28.1 (14828939)|STATEMENT_EXECUTE|[260]
08:10:28.1 (14837469)|METHOD_EXIT|[166]|01pdL00000Up09Z|CpeAiAssistantController.normalizeProductName(String)
08:10:28.1 (14844370)|VARIABLE_SCOPE_BEGIN|[166]|normKey|String|false|false
08:10:28.1 (14853120)|VARIABLE_ASSIGNMENT|[166]|normKey|"Modem"
08:10:28.1 (14865561)|STATEMENT_EXECUTE|[167]
08:10:28.1 (14867771)|STATEMENT_EXECUTE|[168]
08:10:28.1 (14922594)|HEAP_ALLOCATE|[165]|Bytes:5
08:10:28.1 (14938195)|VARIABLE_ASSIGNMENT|[165]|key|null
08:10:28.1 (14945095)|HEAP_ALLOCATE|[171]|Bytes:6
08:10:28.1 (14982817)|STATEMENT_EXECUTE|[171]
08:10:28.1 (14997758)|HEAP_ALLOCATE|[171]|Bytes:4
08:10:28.1 (15076122)|HEAP_ALLOCATE|[EXTERNAL]|Bytes:-4
08:10:28.1 (15091334)|HEAP_ALLOCATE|[172]|Bytes:8
08:10:28.1 (15118515)|STATEMENT_EXECUTE|[172]
08:10:28.1 (15161047)|HEAP_ALLOCATE|[EXTERNAL]|Bytes:-4
08:10:28.1 (15173478)|HEAP_ALLOCATE|[173]|Bytes:9
08:10:28.1 (15200729)|STATEMENT_EXECUTE|[173]
08:10:28.1 (15230431)|HEAP_ALLOCATE|[EXTERNAL]|Bytes:-4
08:10:28.1 (15273953)|STATEMENT_EXECUTE|[177]
08:10:28.1 (15277374)|STATEMENT_EXECUTE|[178]
08:10:28.1 (15280274)|STATEMENT_EXECUTE|[178]
08:10:28.1 (15283545)|STATEMENT_EXECUTE|[179]
08:10:28.1 (15293274)|METHOD_ENTRY|[179]||System.JSON.deserializeUntyped(String)
08:10:28.1 (17131658)|METHOD_EXIT|[179]||System.JSON.deserializeUntyped(String)
08:10:28.1 (17151039)|VARIABLE_SCOPE_BEGIN|[179]|itemsMap|Map<String,ANY>|true|false
08:10:28.1 (17179590)|HEAP_ALLOCATE|[EXTERNAL]|Bytes:20
08:10:28.1 (17283926)|VARIABLE_ASSIGNMENT|[179]|itemsMap|{"CpeItems":["Map of size 6 too large to display",{"itemType":"childProduct","maxQuantity":15,"minQuantity":0,"defaultQuantity":0,"ProductCode":"O_RES_TV_PLUS_ADDL_S (2 more) ..."},"Map of size 6 too large to display",{"itemType":"childProduct","maxQuantity":99999,"minQuantity":0,"defaultQuantity":0,"ProductCode":"O_RES_HSI_WIFI_EXTEN (3 more) ..."}]}|0x5557f8d2
08:10:28.1 (17293617)|STATEMENT_EXECUTE|[180]
08:10:28.1 (17303587)|HEAP_ALLOCATE|[180]|Bytes:4
08:10:28.1 (17387992)|VARIABLE_SCOPE_BEGIN|[180]|items|List<ANY>|true|false
08:10:28.1 (17402183)|HEAP_ALLOCATE|[EXTERNAL]|Bytes:4
08:10:28.1 (17409183)|VARIABLE_ASSIGNMENT|[180]|items|[]|0x75188df7
08:10:28.1 (17415893)|HEAP_ALLOCATE|[181]|Bytes:8
08:10:28.1 (17446105)|STATEMENT_EXECUTE|[181]
08:10:28.1 (17448405)|STATEMENT_EXECUTE|[182]
08:10:28.1 (17502828)|VARIABLE_ASSIGNMENT|[182]|items|["Map of size 6 too large to display",{"itemType":"childProduct","maxQuantity":15,"minQuantity":0,"defaultQuantity":0,"ProductCode":"O_RES_TV_PLUS_ADDL_S (2 more) ..."},"Map of size 6 too large to display",{"itemType":"childProduct","maxQuantity":99999,"minQuantity":0,"defaultQuantity":0,"ProductCode":"O_RES_HSI_WIFI_EXTEN (3 more) ..."}]|0x17d23ee5
08:10:28.1 (17516979)|STATEMENT_EXECUTE|[185]
08:10:28.1 (17535580)|HEAP_ALLOCATE|[185]|Bytes:4
08:10:28.1 (17545901)|VARIABLE_SCOPE_BEGIN|[185]|limits|Map<String,Map<String,Integer>>|true|false
08:10:28.1 (17555261)|VARIABLE_ASSIGNMENT|[185]|limits|{}|0xf15e599
08:10:28.1 (17559471)|STATEMENT_EXECUTE|[186]
08:10:28.1 (17567302)|HEAP_ALLOCATE|[186]|Bytes:4
08:10:28.1 (17574962)|HEAP_ALLOCATE|[186]|Bytes:6
08:10:28.1 (17632065)|HEAP_ALLOCATE|[186]|Bytes:4
08:10:28.1 (17646626)|HEAP_ALLOCATE|[186]|Bytes:6
08:10:28.1 (17657257)|HEAP_ALLOCATE|[186]|Bytes:4
08:10:28.1 (17669577)|HEAP_ALLOCATE|[186]|Bytes:4
08:10:28.1 (17693760)|HEAP_ALLOCATE|[EXTERNAL]|Bytes:-4
08:10:28.1 (17701089)|STATEMENT_EXECUTE|[187]
08:10:28.1 (17708450)|HEAP_ALLOCATE|[187]|Bytes:4
08:10:28.1 (17728971)|HEAP_ALLOCATE|[187]|Bytes:4
08:10:28.1 (17741221)|HEAP_ALLOCATE|[187]|Bytes:4
08:10:28.1 (17752832)|HEAP_ALLOCATE|[187]|Bytes:4
08:10:28.1 (17765613)|HEAP_ALLOCATE|[EXTERNAL]|Bytes:-4
08:10:28.1 (17772253)|STATEMENT_EXECUTE|[188]
08:10:28.1 (17778633)|HEAP_ALLOCATE|[188]|Bytes:4
08:10:28.1 (17798595)|HEAP_ALLOCATE|[188]|Bytes:4
08:10:28.1 (17810515)|HEAP_ALLOCATE|[188]|Bytes:4
08:10:28.1 (17821927)|HEAP_ALLOCATE|[EXTERNAL]|Bytes:-4
08:10:28.1 (17828527)|STATEMENT_EXECUTE|[190]
08:10:28.1 (17844357)|METHOD_ENTRY|[190]|01pdL00000Up09Z|CpeAiAssistantController.extractCodes(List<ANY>, Map<String,Map<String,Integer>>)
08:10:28.1 (17865098)|VARIABLE_SCOPE_BEGIN|[203]|items|List<ANY>|true|false
08:10:28.1 (17886719)|VARIABLE_ASSIGNMENT|[203]|items|["Map of size 6 too large to display",{"itemType":"childProduct","maxQuantity":15,"minQuantity":0,"defaultQuantity":0,"ProductCode":"O_RES_TV_PLUS_ADDL_S (2 more) ..."},"Map of size 6 too large to display",{"itemType":"childProduct","maxQuantity":99999,"minQuantity":0,"defaultQuantity":0,"ProductCode":"O_RES_HSI_WIFI_EXTEN (3 more) ..."}]|0x17d23ee5
08:10:28.1 (17893860)|VARIABLE_SCOPE_BEGIN|[203]|limits|Map<String,Map<String,Integer>>|true|false
08:10:28.1 (17906721)|VARIABLE_ASSIGNMENT|[203]|limits|{"tv":{"maxInc":3,"maxAdd":15,"min":1},"wifi":{"maxInc":1,"maxAdd":10,"min":1},"modem":{"max":1,"min":1}}|0xf15e599
08:10:28.1 (17924752)|HEAP_ALLOCATE|[204]|Bytes:5
08:10:28.1 (17930632)|STATEMENT_EXECUTE|[203]
08:10:28.1 (17934482)|STATEMENT_EXECUTE|[204]
08:10:28.1 (18002366)|HEAP_ALLOCATE|[205]|Bytes:5
08:10:28.1 (18046708)|HEAP_ALLOCATE|[205]|Bytes:28
08:10:28.1 (18057809)|VARIABLE_SCOPE_BEGIN|[205]|obj|Object|false|false
08:10:28.1 (18070160)|VARIABLE_ASSIGNMENT|[205]|obj|"Map of size 6 too large to display"
08:10:28.1 (18075230)|STATEMENT_EXECUTE|[205]
08:10:28.1 (18077560)|STATEMENT_EXECUTE|[206]
08:10:28.1 (18081770)|VARIABLE_SCOPE_BEGIN|[206]|item|Map<String,ANY>|true|false
08:10:28.1 (18090841)|VARIABLE_ASSIGNMENT|[206]|item|"Map of size 6 too large to display"|0x542853be
08:10:28.1 (18095971)|STATEMENT_EXECUTE|[207]
08:10:28.1 (18108652)|METHOD_ENTRY|[207]|01pdL00000Up09Z|CpeAiAssistantController.getProductCode(Map<String,ANY>)
08:10:28.1 (18124833)|VARIABLE_SCOPE_BEGIN|[236]|item|Map<String,ANY>|true|false
08:10:28.1 (18136133)|VARIABLE_ASSIGNMENT|[236]|item|"Map of size 6 too large to display"|0x542853be
08:10:28.1 (18147834)|HEAP_ALLOCATE|[237]|Bytes:5
08:10:28.1 (18154394)|STATEMENT_EXECUTE|[236]
08:10:28.1 (18158615)|HEAP_ALLOCATE|[237]|Bytes:11
08:10:28.1 (18236870)|STATEMENT_EXECUTE|[237]
08:10:28.1 (18240590)|STATEMENT_EXECUTE|[238]
08:10:28.1 (18292763)|HEAP_ALLOCATE|[238]|Bytes:17
08:10:28.1 (18311733)|METHOD_EXIT|[207]|01pdL00000Up09Z|CpeAiAssistantController.getProductCode(Map<String,ANY>)
08:10:28.1 (18323694)|VARIABLE_SCOPE_BEGIN|[207]|code|String|false|false
08:10:28.1 (18334544)|VARIABLE_ASSIGNMENT|[207]|code|"O_RES_TV_PLUS_STB"
08:10:28.1 (18338745)|STATEMENT_EXECUTE|[208]
08:10:28.1 (18342326)|HEAP_ALLOCATE|[208]|Bytes:11
08:10:28.1 (18374248)|VARIABLE_SCOPE_BEGIN|[208]|maxQ|Integer|false|false
08:10:28.1 (18384137)|VARIABLE_ASSIGNMENT|[208]|maxQ|3
08:10:28.1 (18388198)|STATEMENT_EXECUTE|[209]
08:10:28.1 (18391279)|HEAP_ALLOCATE|[209]|Bytes:11
08:10:28.1 (18418690)|VARIABLE_SCOPE_BEGIN|[209]|minQ|Integer|false|false
08:10:28.1 (18429041)|VARIABLE_ASSIGNMENT|[209]|minQ|0
08:10:28.1 (18433081)|STATEMENT_EXECUTE|[210]
08:10:28.1 (18437011)|HEAP_ALLOCATE|[210]|Bytes:15
08:10:28.1 (18465792)|VARIABLE_SCOPE_BEGIN|[210]|defQ|Integer|false|false
08:10:28.1 (18475032)|VARIABLE_ASSIGNMENT|[210]|defQ|1
08:10:28.1 (18480333)|HEAP_ALLOCATE|[212]|Bytes:17
08:10:28.1 (18505485)|STATEMENT_EXECUTE|[212]
08:10:28.1 (18509034)|STATEMENT_EXECUTE|[213]
08:10:28.1 (18545916)|STATEMENT_EXECUTE|[214]
08:10:28.1 (18574779)|HEAP_ALLOCATE|[227]|Bytes:13
08:10:28.1 (18595100)|STATEMENT_EXECUTE|[227]
08:10:28.1 (18607790)|HEAP_ALLOCATE|[205]|Bytes:5
08:10:28.1 (18632591)|HEAP_ALLOCATE|[205]|Bytes:24
08:10:28.1 (18646423)|VARIABLE_SCOPE_BEGIN|[205]|obj|Object|false|false
08:10:28.1 (18672734)|VARIABLE_ASSIGNMENT|[205]|obj|{"itemType":"childProduct","maxQuantity":15,"minQuantity":0,"defaultQuantity":0,"ProductCode":"O_RES_TV_PLUS_ADDL_S (2 more) ..."}
08:10:28.1 (18680514)|STATEMENT_EXECUTE|[205]
08:10:28.1 (18683015)|STATEMENT_EXECUTE|[206]
08:10:28.1 (18688945)|VARIABLE_SCOPE_BEGIN|[206]|item|Map<String,ANY>|true|false
08:10:28.1 (18702325)|VARIABLE_ASSIGNMENT|[206]|item|{"itemType":"childProduct","maxQuantity":15,"minQuantity":0,"defaultQuantity":0,"ProductCode":"O_RES_TV_PLUS_ADDL_S (2 more) ..."}|0x7212743d
08:10:28.1 (18707496)|STATEMENT_EXECUTE|[207]
08:10:28.1 (18713596)|METHOD_ENTRY|[207]|01pdL00000Up09Z|CpeAiAssistantController.getProductCode(Map<String,ANY>)
08:10:28.1 (18718957)|VARIABLE_SCOPE_BEGIN|[236]|item|Map<String,ANY>|true|false
08:10:28.1 (18730166)|VARIABLE_ASSIGNMENT|[236]|item|{"itemType":"childProduct","maxQuantity":15,"minQuantity":0,"defaultQuantity":0,"ProductCode":"O_RES_TV_PLUS_ADDL_S (2 more) ..."}|0x7212743d
08:10:28.1 (18741407)|HEAP_ALLOCATE|[237]|Bytes:5
08:10:28.1 (18745927)|STATEMENT_EXECUTE|[236]
08:10:28.1 (18766848)|STATEMENT_EXECUTE|[237]
08:10:28.1 (18769489)|STATEMENT_EXECUTE|[238]
08:10:28.1 (18796961)|HEAP_ALLOCATE|[238]|Bytes:22
08:10:28.1 (18811762)|METHOD_EXIT|[207]|01pdL00000Up09Z|CpeAiAssistantController.getProductCode(Map<String,ANY>)
08:10:28.1 (18817232)|VARIABLE_SCOPE_BEGIN|[207]|code|String|false|false
08:10:28.1 (18826563)|VARIABLE_ASSIGNMENT|[207]|code|"O_RES_TV_PLUS_ADDL_S (2 more) ..."
08:10:28.1 (18830532)|STATEMENT_EXECUTE|[208]
08:10:28.1 (18849453)|VARIABLE_SCOPE_BEGIN|[208]|maxQ|Integer|false|false
08:10:28.1 (18858404)|VARIABLE_ASSIGNMENT|[208]|maxQ|15
08:10:28.1 (18862125)|STATEMENT_EXECUTE|[209]
08:10:28.1 (18880975)|VARIABLE_SCOPE_BEGIN|[209]|minQ|Integer|false|false
08:10:28.1 (18888916)|VARIABLE_ASSIGNMENT|[209]|minQ|0
08:10:28.1 (18893156)|STATEMENT_EXECUTE|[210]
08:10:28.1 (18909867)|VARIABLE_SCOPE_BEGIN|[210]|defQ|Integer|false|false
08:10:28.1 (18917788)|VARIABLE_ASSIGNMENT|[210]|defQ|0
08:10:28.1 (18934359)|HEAP_ALLOCATE|[215]|Bytes:22
08:10:28.1 (18943989)|STATEMENT_EXECUTE|[215]
08:10:28.1 (18946378)|STATEMENT_EXECUTE|[216]
08:10:28.1 (19001012)|STATEMENT_EXECUTE|[227]
08:10:28.1 (19010702)|HEAP_ALLOCATE|[205]|Bytes:5
08:10:28.1 (19025754)|HEAP_ALLOCATE|[205]|Bytes:28
08:10:28.1 (19033463)|VARIABLE_SCOPE_BEGIN|[205]|obj|Object|false|false
08:10:28.1 (19044464)|VARIABLE_ASSIGNMENT|[205]|obj|"Map of size 6 too large to display"
08:10:28.1 (19048495)|STATEMENT_EXECUTE|[205]
08:10:28.1 (19050784)|STATEMENT_EXECUTE|[206]
08:10:28.1 (19054015)|VARIABLE_SCOPE_BEGIN|[206]|item|Map<String,ANY>|true|false
08:10:28.1 (19062816)|VARIABLE_ASSIGNMENT|[206]|item|"Map of size 6 too large to display"|0x6707ffbb
08:10:28.1 (19066816)|STATEMENT_EXECUTE|[207]
08:10:28.1 (19071105)|METHOD_ENTRY|[207]|01pdL00000Up09Z|CpeAiAssistantController.getProductCode(Map<String,ANY>)
08:10:28.1 (19076186)|VARIABLE_SCOPE_BEGIN|[236]|item|Map<String,ANY>|true|false
08:10:28.1 (19083857)|VARIABLE_ASSIGNMENT|[236]|item|"Map of size 6 too large to display"|0x6707ffbb
08:10:28.1 (19092057)|HEAP_ALLOCATE|[237]|Bytes:5
08:10:28.1 (19095888)|STATEMENT_EXECUTE|[236]
08:10:28.1 (19113449)|STATEMENT_EXECUTE|[237]
08:10:28.1 (19115539)|STATEMENT_EXECUTE|[238]
08:10:28.1 (19131170)|HEAP_ALLOCATE|[238]|Bytes:15
08:10:28.1 (19142810)|METHOD_EXIT|[207]|01pdL00000Up09Z|CpeAiAssistantController.getProductCode(Map<String,ANY>)
08:10:28.1 (19148801)|VARIABLE_SCOPE_BEGIN|[207]|code|String|false|false
08:10:28.1 (19213514)|VARIABLE_ASSIGNMENT|[207]|code|"O_RES_HSI_MODEM"
08:10:28.1 (19218965)|STATEMENT_EXECUTE|[208]
08:10:28.1 (19240006)|VARIABLE_SCOPE_BEGIN|[208]|maxQ|Integer|false|false
08:10:28.1 (19249266)|VARIABLE_ASSIGNMENT|[208]|maxQ|99999
08:10:28.1 (19253116)|STATEMENT_EXECUTE|[209]
08:10:28.1 (19269277)|VARIABLE_SCOPE_BEGIN|[209]|minQ|Integer|false|false
08:10:28.1 (19277018)|VARIABLE_ASSIGNMENT|[209]|minQ|0
08:10:28.1 (19280628)|STATEMENT_EXECUTE|[210]
08:10:28.1 (19296469)|VARIABLE_SCOPE_BEGIN|[210]|defQ|Integer|false|false
08:10:28.1 (19313340)|VARIABLE_ASSIGNMENT|[210]|defQ|1
08:10:28.1 (19332811)|HEAP_ALLOCATE|[217]|Bytes:27
08:10:28.1 (19344631)|HEAP_ALLOCATE|[220]|Bytes:27
08:10:28.1 (19353912)|HEAP_ALLOCATE|[222]|Bytes:15
08:10:28.1 (19361342)|STATEMENT_EXECUTE|[222]
08:10:28.1 (19363483)|STATEMENT_EXECUTE|[223]
08:10:28.1 (19399155)|HEAP_ALLOCATE|[223]|Bytes:4
08:10:28.1 (19408125)|STATEMENT_EXECUTE|[224]
08:10:28.1 (19486299)|STATEMENT_EXECUTE|[227]
08:10:28.1 (19496380)|HEAP_ALLOCATE|[205]|Bytes:5
08:10:28.1 (19512831)|HEAP_ALLOCATE|[205]|Bytes:24
08:10:28.1 (19522901)|VARIABLE_SCOPE_BEGIN|[205]|obj|Object|false|false
08:10:28.1 (19540282)|VARIABLE_ASSIGNMENT|[205]|obj|{"itemType":"childProduct","maxQuantity":99999,"minQuantity":0,"defaultQuantity":0,"ProductCode":"O_RES_HSI_WIFI_EXTEN (3 more) ..."}
08:10:28.1 (19792336)|STATEMENT_EXECUTE|[205]
08:10:28.1 (19794666)|STATEMENT_EXECUTE|[206]
08:10:28.1 (19800367)|VARIABLE_SCOPE_BEGIN|[206]|item|Map<String,ANY>|true|false
08:10:28.1 (19814948)|VARIABLE_ASSIGNMENT|[206]|item|{"itemType":"childProduct","maxQuantity":99999,"minQuantity":0,"defaultQuantity":0,"ProductCode":"O_RES_HSI_WIFI_EXTEN (3 more) ..."}|0x71a4f546
08:10:28.1 (19820758)|STATEMENT_EXECUTE|[207]
08:10:28.1 (19826378)|METHOD_ENTRY|[207]|01pdL00000Up09Z|CpeAiAssistantController.getProductCode(Map<String,ANY>)
08:10:28.1 (19832369)|VARIABLE_SCOPE_BEGIN|[236]|item|Map<String,ANY>|true|false
08:10:28.1 (19842979)|VARIABLE_ASSIGNMENT|[236]|item|{"itemType":"childProduct","maxQuantity":99999,"minQuantity":0,"defaultQuantity":0,"ProductCode":"O_RES_HSI_WIFI_EXTEN (3 more) ..."}|0x71a4f546
08:10:28.1 (19853750)|HEAP_ALLOCATE|[237]|Bytes:5
08:10:28.1 (19869281)|STATEMENT_EXECUTE|[236]
08:10:28.1 (19891542)|STATEMENT_EXECUTE|[237]
08:10:28.1 (19894042)|STATEMENT_EXECUTE|[238]
08:10:28.1 (19912323)|HEAP_ALLOCATE|[238]|Bytes:23
08:10:28.1 (19926854)|METHOD_EXIT|[207]|01pdL00000Up09Z|CpeAiAssistantController.getProductCode(Map<String,ANY>)
08:10:28.1 (19932404)|VARIABLE_SCOPE_BEGIN|[207]|code|String|false|false
08:10:28.1 (19940685)|VARIABLE_ASSIGNMENT|[207]|code|"O_RES_HSI_WIFI_EXTEN (3 more) ..."
08:10:28.1 (19944395)|STATEMENT_EXECUTE|[208]
08:10:28.1 (19962166)|VARIABLE_SCOPE_BEGIN|[208]|maxQ|Integer|false|false
08:10:28.1 (19970276)|VARIABLE_ASSIGNMENT|[208]|maxQ|99999
08:10:28.1 (19975006)|STATEMENT_EXECUTE|[209]
08:10:28.1 (19990997)|VARIABLE_SCOPE_BEGIN|[209]|minQ|Integer|false|false
08:10:28.1 (19999618)|VARIABLE_ASSIGNMENT|[209]|minQ|0
08:10:28.1 (20003428)|STATEMENT_EXECUTE|[210]
08:10:28.1 (20019849)|VARIABLE_SCOPE_BEGIN|[210]|defQ|Integer|false|false
08:10:28.1 (20027679)|VARIABLE_ASSIGNMENT|[210]|defQ|0
08:10:28.1 (20053861)|STATEMENT_EXECUTE|[212]
08:10:28.1 (20074472)|STATEMENT_EXECUTE|[227]
08:10:28.1 (20084553)|HEAP_ALLOCATE|[205]|Bytes:5
08:10:28.1 (20100603)|VARIABLE_ASSIGNMENT|[205]|obj|null
08:10:28.1 (20113194)|METHOD_EXIT|[190]|01pdL00000Up09Z|CpeAiAssistantController.extractCodes(List<ANY>, Map<String,Map<String,Integer>>)
08:10:28.1 (20118164)|STATEMENT_EXECUTE|[192]
08:10:28.1 (20202049)|HEAP_ALLOCATE|[192]|Bytes:4
08:10:28.1 (20228010)|STATEMENT_EXECUTE|[193]
08:10:28.1 (20275843)|STATEMENT_EXECUTE|[194]
08:10:28.1 (20342697)|HEAP_ALLOCATE|[194]|Bytes:4
08:10:28.1 (20364118)|STATEMENT_EXECUTE|[195]
08:10:28.1 (20424481)|STATEMENT_EXECUTE|[196]
08:10:28.1 (20492196)|STATEMENT_EXECUTE|[197]
08:10:28.1 (20540698)|STATEMENT_EXECUTE|[200]
08:10:28.1 (20550098)|METHOD_EXIT|[74]|01pdL00000Up09Z|CpeAiAssistantController.buildRulePayload(String, String)
08:10:28.1 (20557579)|VARIABLE_SCOPE_BEGIN|[74]|rules|Map<String,Map<String,ANY>>|true|false
08:10:28.1 (20579940)|VARIABLE_ASSIGNMENT|[74]|rules|{"TV + Receiver":{"current":1,"min":0,"max":18,"base":1},"Modem":{"current":"Wired","min":1,"max":1,"base":"Wired"},"Wi-Fi Access Point":{"current":1,"min":1,"max":11,"base":1}}|0x19a78e7f
08:10:28.1 (20586761)|STATEMENT_EXECUTE|[77]
08:10:28.1 (20590451)|HEAP_ALLOCATE|[77]|Bytes:150
08:10:28.1 (20602901)|METHOD_ENTRY|[79]||System.JSON.serialize(Object)
08:10:28.1 (21837671)|METHOD_EXIT|[79]||System.JSON.serialize(Object)
08:10:28.1 (21852772)|HEAP_ALLOCATE|[79]|Bytes:24
08:10:28.1 (21932386)|HEAP_ALLOCATE|[80]|Bytes:29
08:10:28.1 (21949037)|HEAP_ALLOCATE|[77]|Bytes:636
08:10:28.1 (21955897)|VARIABLE_SCOPE_BEGIN|[77]|fullMessage|String|false|false
08:10:28.1 (21973468)|VARIABLE_ASSIGNMENT|[77]|fullMessage|"System Context: You  (616 more) ..."
08:10:28.1 (21980639)|STATEMENT_EXECUTE|[83]
08:10:28.1 (21984619)|HEAP_ALLOCATE|[84]|Bytes:22
08:10:28.1 (21990639)|HEAP_ALLOCATE|[85]|Bytes:21
08:10:28.1 (22072804)|HEAP_ALLOCATE|[83]|Bytes:12
08:10:28.1 (22079614)|HEAP_ALLOCATE|[83]|Bytes:58
08:10:28.1 (22093525)|SYSTEM_METHOD_ENTRY|[14]|Action.Action()
08:10:28.1 (22097385)|STATEMENT_EXECUTE|[14]
08:10:28.1 (22138557)|SYSTEM_METHOD_EXIT|[14]|Action
08:10:28.1 (22150748)|METHOD_ENTRY|[83]||Invocable.Action.createCustomAction(String, String)
08:10:28.1 (22394122)|METHOD_EXIT|[83]||Invocable.Action.createCustomAction(String, String)
08:10:28.1 (22401082)|VARIABLE_SCOPE_BEGIN|[83]|action|Invocable.Action|true|false
08:10:28.1 (23054228)|VARIABLE_ASSIGNMENT|[83]|action|{"invocations":"0x67ffb1ce","invokeFromLightningComponent":false,"name":"CPE_Equipment_Manage (1 more) ...","type":"generatePromptRespon (2 more) ..."}|0x2529e3fc
08:10:28.1 (23067900)|STATEMENT_EXECUTE|[88]
08:10:28.1 (23074369)|HEAP_ALLOCATE|[88]|Bytes:17
08:10:28.1 (23113942)|METHOD_ENTRY|[88]||Invocable.Action.setInvocationParameter(String, Object)
08:10:28.1 (23468731)|METHOD_EXIT|[88]||Invocable.Action.setInvocationParameter(String, Object)
08:10:28.1 (23476923)|STATEMENT_EXECUTE|[90]
08:10:28.1 (23487523)|METHOD_ENTRY|[90]||Invocable.Action.invoke()
08:10:31.581 (3581887354)|METHOD_EXIT|[90]||Invocable.Action.invoke()
08:10:31.581 (3581950648)|VARIABLE_SCOPE_BEGIN|[90]|results|List<Invocable.Action.Result>|true|false
08:10:31.581 (3582213862)|VARIABLE_ASSIGNMENT|[90]|results|[{"action":"0x2529e3fc","errors":"0x266d21ea","invocationParameters":"0xc2f4595","outputParameters":"0x7a942da3","success":true}]|0x106aea50
08:10:31.581 (3582303397)|STATEMENT_EXECUTE|[92]
08:10:31.581 (3582313139)|STATEMENT_EXECUTE|[96]
08:10:31.581 (3582339260)|HEAP_ALLOCATE|[96]|Bytes:24
08:10:31.581 (3582360981)|VARIABLE_SCOPE_BEGIN|[96]|result|Invocable.Action.Result|true|false
08:10:31.581 (3582395463)|VARIABLE_ASSIGNMENT|[96]|result|{"action":"0x2529e3fc","errors":"0x266d21ea","invocationParameters":"0xc2f4595","outputParameters":"0x7a942da3","success":true}|0x5f47fbc6
08:10:31.581 (3582481788)|METHOD_ENTRY|[98]||Invocable.Action.Result.isSuccess()
08:10:31.581 (3582544792)|METHOD_EXIT|[98]||Invocable.Action.Result.isSuccess()
08:10:31.581 (3582553401)|STATEMENT_EXECUTE|[98]
08:10:31.581 (3582556621)|STATEMENT_EXECUTE|[104]
08:10:31.581 (3582566162)|METHOD_ENTRY|[104]||Invocable.Action.Result.getOutputParameters()
08:10:31.581 (3582693749)|METHOD_EXIT|[104]||Invocable.Action.Result.getOutputParameters()
08:10:31.581 (3582703509)|VARIABLE_SCOPE_BEGIN|[104]|outputs|Map<String,ANY>|true|false
08:10:31.581 (3582734042)|VARIABLE_ASSIGNMENT|[104]|outputs|{"promptResponse":"{\n  \"message\": \"Adde (165 more) ..."}|0x7a942da3
08:10:31.581 (3582741112)|STATEMENT_EXECUTE|[105]
08:10:31.581 (3582744312)|STATEMENT_EXECUTE|[110]
08:10:31.581 (3582749283)|HEAP_ALLOCATE|[110]|Bytes:14
08:10:31.581 (3582798136)|VARIABLE_SCOPE_BEGIN|[110]|promptRespObj|Object|false|false
08:10:31.581 (3582812986)|VARIABLE_ASSIGNMENT|[110]|promptRespObj|"{\n  \"message\": \"Adde (165 more) ..."
08:10:31.581 (3582818337)|STATEMENT_EXECUTE|[111]
08:10:31.581 (3582830957)|VARIABLE_SCOPE_BEGIN|[111]|rawResponse|String|false|false
08:10:31.581 (3582841437)|VARIABLE_ASSIGNMENT|[111]|rawResponse|null
08:10:31.581 (3582847088)|STATEMENT_EXECUTE|[113]
08:10:31.581 (3582849769)|STATEMENT_EXECUTE|[114]
08:10:31.581 (3582959585)|HEAP_ALLOCATE|[114]|Bytes:185
08:10:31.581 (3582978906)|VARIABLE_ASSIGNMENT|[114]|rawResponse|"{\n  \"message\": \"Adde (165 more) ..."
08:10:31.581 (3583014447)|STATEMENT_EXECUTE|[119]
08:10:31.581 (3583018367)|STATEMENT_EXECUTE|[123]
08:10:31.581 (3583022188)|VARIABLE_SCOPE_BEGIN|[123]|cleanResponse|String|false|false
08:10:31.581 (3583032989)|VARIABLE_ASSIGNMENT|[123]|cleanResponse|null
08:10:31.581 (3583037779)|STATEMENT_EXECUTE|[124]
08:10:31.581 (3583040259)|STATEMENT_EXECUTE|[124]
08:10:31.581 (3583043469)|STATEMENT_EXECUTE|[125]
08:10:31.581 (3583063529)|METHOD_ENTRY|[125]||System.JSON.deserializeUntyped(String)
08:10:31.581 (3584245966)|METHOD_EXIT|[125]||System.JSON.deserializeUntyped(String)
08:10:31.581 (3584264957)|VARIABLE_SCOPE_BEGIN|[125]|parsed|Map<String,ANY>|true|false
08:10:31.581 (3584310620)|VARIABLE_ASSIGNMENT|[125]|parsed|{"message":"Added 5 TV + Receive (51 more) ...","newState":{"TV + Receiver":7,"Modem":"Wired","Wi-Fi Access Point":1}}|0x1c1b3f2e
08:10:31.581 (3584321630)|HEAP_ALLOCATE|[126]|Bytes:5
08:10:31.581 (3584379254)|STATEMENT_EXECUTE|[128]
08:10:31.581 (3584382534)|STATEMENT_EXECUTE|[129]
08:10:31.581 (3584392134)|VARIABLE_ASSIGNMENT|[129]|cleanResponse|"{\n  \"message\": \"Adde (165 more) ..."
08:10:31.581 (3584402665)|STATEMENT_EXECUTE|[135]
08:10:31.581 (3584405475)|STATEMENT_EXECUTE|[136]
08:10:31.581 (3584409255)|HEAP_ALLOCATE|[136]|Bytes:3
08:10:31.581 (3584415396)|HEAP_ALLOCATE|[136]|Bytes:1
08:10:31.581 (3584512211)|HEAP_ALLOCATE|[136]|Bytes:185
08:10:31.581 (3584533372)|VARIABLE_ASSIGNMENT|[136]|cleanResponse|"{\n  \"message\": \"Adde (165 more) ..."
08:10:31.581 (3584538602)|STATEMENT_EXECUTE|[137]
08:10:31.581 (3584542103)|HEAP_ALLOCATE|[137]|Bytes:2
08:10:31.581 (3584568904)|HEAP_ALLOCATE|[137]|Bytes:185
08:10:31.581 (3584584485)|VARIABLE_ASSIGNMENT|[137]|cleanResponse|"{\n  \"message\": \"Adde (165 more) ..."
08:10:31.581 (3584589095)|STATEMENT_EXECUTE|[138]
08:10:31.581 (3584592495)|HEAP_ALLOCATE|[138]|Bytes:3
08:10:31.581 (3584596426)|HEAP_ALLOCATE|[138]|Bytes:1
08:10:31.581 (3584617887)|HEAP_ALLOCATE|[138]|Bytes:185
08:10:31.581 (3584632298)|VARIABLE_ASSIGNMENT|[138]|cleanResponse|"{\n  \"message\": \"Adde (165 more) ..."
08:10:31.581 (3584636768)|STATEMENT_EXECUTE|[142]
08:10:31.581 (3584660749)|METHOD_ENTRY|[142]|01pdL00000Up09Z|CpeAiAssistantController.parseAndValidateAgentResponse(String, Map<String,Map<String,ANY>>)
08:10:31.581 (3584684041)|VARIABLE_SCOPE_BEGIN|[264]|rawResponse|String|false|false
08:10:31.581 (3584693291)|VARIABLE_ASSIGNMENT|[264]|rawResponse|"{\n  \"message\": \"Adde (165 more) ..."
08:10:31.581 (3584697441)|VARIABLE_SCOPE_BEGIN|[264]|rules|Map<String,Map<String,ANY>>|true|false
08:10:31.581 (3584718742)|VARIABLE_ASSIGNMENT|[264]|rules|{"TV + Receiver":{"current":1,"min":0,"max":18,"base":1},"Modem":{"current":"Wired","min":1,"max":1,"base":"Wired"},"Wi-Fi Access Point":{"current":1,"min":1,"max":11,"base":1}}|0x19a78e7f
08:10:31.581 (3584748674)|HEAP_ALLOCATE|[265]|Bytes:5
08:10:31.581 (3584754004)|STATEMENT_EXECUTE|[264]
08:10:31.581 (3584756435)|STATEMENT_EXECUTE|[265]
08:10:31.581 (3584777277)|HEAP_ALLOCATE|[265]|Bytes:4
08:10:31.581 (3584794367)|VARIABLE_SCOPE_BEGIN|[265]|finalResponse|Map<String,ANY>|true|false
08:10:31.581 (3584807887)|VARIABLE_ASSIGNMENT|[265]|finalResponse|{}|0x1dc76c84
08:10:31.581 (3584814308)|STATEMENT_EXECUTE|[267]
08:10:31.581 (3584816498)|STATEMENT_EXECUTE|[267]
08:10:31.581 (3584818578)|STATEMENT_EXECUTE|[268]
08:10:31.581 (3584825378)|METHOD_ENTRY|[268]||System.JSON.deserializeUntyped(String)
08:10:31.581 (3585369600)|METHOD_EXIT|[268]||System.JSON.deserializeUntyped(String)
08:10:31.581 (3585386161)|VARIABLE_SCOPE_BEGIN|[268]|parsed|Map<String,ANY>|true|false
08:10:31.581 (3585423582)|VARIABLE_ASSIGNMENT|[268]|parsed|{"message":"Added 5 TV + Receive (51 more) ...","newState":{"TV + Receiver":7,"Modem":"Wired","Wi-Fi Access Point":1}}|0x1018633f
08:10:31.581 (3585435062)|HEAP_ALLOCATE|[270]|Bytes:8
08:10:31.581 (3585478446)|STATEMENT_EXECUTE|[270]
08:10:31.581 (3585481495)|STATEMENT_EXECUTE|[271]
08:10:31.581 (3585520998)|VARIABLE_SCOPE_BEGIN|[271]|newStateRaw|Map<String,ANY>|true|false
08:10:31.581 (3585543729)|VARIABLE_ASSIGNMENT|[271]|newStateRaw|{"TV + Receiver":7,"Modem":"Wired","Wi-Fi Access Point":1}|0x369d8ef4
08:10:31.581 (3585552299)|STATEMENT_EXECUTE|[272]
08:10:31.581 (3585564280)|HEAP_ALLOCATE|[272]|Bytes:4
08:10:31.581 (3585575441)|VARIABLE_SCOPE_BEGIN|[272]|normalizedState|Map<String,ANY>|true|false
08:10:31.581 (3585591551)|VARIABLE_ASSIGNMENT|[272]|normalizedState|{}|0x580c59c7
08:10:31.581 (3585598381)|STATEMENT_EXECUTE|[274]
08:10:31.581 (3585604443)|VARIABLE_SCOPE_BEGIN|[274]|changedCpeCount|Integer|false|false
08:10:31.581 (3585614432)|HEAP_ALLOCATE|[274]|Bytes:4
08:10:31.581 (3585623444)|VARIABLE_ASSIGNMENT|[274]|changedCpeCount|0
08:10:31.581 (3585752301)|HEAP_ALLOCATE|[276]|Bytes:52
08:10:31.581 (3585850485)|HEAP_ALLOCATE|[276]|Bytes:5
08:10:31.581 (3585892669)|VARIABLE_SCOPE_BEGIN|[276]|key|String|false|false
08:10:31.581 (3585906368)|VARIABLE_ASSIGNMENT|[276]|key|"TV + Receiver"
08:10:31.581 (3585911649)|STATEMENT_EXECUTE|[276]
08:10:31.581 (3585914249)|STATEMENT_EXECUTE|[277]
08:10:31.581 (3585923400)|METHOD_ENTRY|[277]|01pdL00000Up09Z|CpeAiAssistantController.normalizeProductName(String)
08:10:31.581 (3585938781)|VARIABLE_SCOPE_BEGIN|[255]|rawName|String|false|false
08:10:31.581 (3585958891)|VARIABLE_ASSIGNMENT|[255]|rawName|"TV + Receiver"
08:10:31.581 (3585973523)|HEAP_ALLOCATE|[256]|Bytes:5
08:10:31.581 (3585979273)|STATEMENT_EXECUTE|[255]
08:10:31.581 (3586007814)|STATEMENT_EXECUTE|[256]
08:10:31.581 (3586011675)|STATEMENT_EXECUTE|[257]
08:10:31.581 (3586047327)|HEAP_ALLOCATE|[257]|Bytes:13
08:10:31.581 (3586064328)|VARIABLE_SCOPE_BEGIN|[257]|lower|String|false|false
08:10:31.581 (3586077969)|VARIABLE_ASSIGNMENT|[257]|lower|"tv + receiver"
08:10:31.581 (3586115500)|STATEMENT_EXECUTE|[258]
08:10:31.581 (3586140192)|METHOD_EXIT|[277]|01pdL00000Up09Z|CpeAiAssistantController.normalizeProductName(String)
08:10:31.581 (3586149333)|VARIABLE_SCOPE_BEGIN|[277]|normKey|String|false|false
08:10:31.581 (3586162534)|VARIABLE_ASSIGNMENT|[277]|normKey|"TV + Receiver"
08:10:31.581 (3586210036)|HEAP_ALLOCATE|[279]|Bytes:17
08:10:31.581 (3586284700)|STATEMENT_EXECUTE|[279]
08:10:31.581 (3586289301)|STATEMENT_EXECUTE|[280]
08:10:31.581 (3586325603)|VARIABLE_SCOPE_BEGIN|[280]|qty|Integer|false|false
08:10:31.581 (3586341344)|VARIABLE_ASSIGNMENT|[280]|qty|7
08:10:31.581 (3586374605)|STATEMENT_EXECUTE|[282]
08:10:31.581 (3586378986)|STATEMENT_EXECUTE|[283]
08:10:31.581 (3586383796)|VARIABLE_SCOPE_BEGIN|[283]|current|Integer|false|false
08:10:31.581 (3586399517)|HEAP_ALLOCATE|[283]|Bytes:4
08:10:31.581 (3586411537)|VARIABLE_ASSIGNMENT|[283]|current|0
08:10:31.581 (3586505983)|STATEMENT_EXECUTE|[284]
08:10:31.581 (3586509483)|STATEMENT_EXECUTE|[285]
08:10:31.581 (3586562976)|VARIABLE_ASSIGNMENT|[285]|current|1
08:10:31.581 (3586572736)|STATEMENT_EXECUTE|[287]
08:10:31.581 (3586577487)|VARIABLE_SCOPE_BEGIN|[287]|baseQty|Integer|false|false
08:10:31.581 (3586588757)|VARIABLE_ASSIGNMENT|[287]|baseQty|1
08:10:31.581 (3586693133)|STATEMENT_EXECUTE|[288]
08:10:31.581 (3586696493)|STATEMENT_EXECUTE|[289]
08:10:31.581 (3586745516)|VARIABLE_ASSIGNMENT|[289]|baseQty|1
08:10:31.581 (3586753906)|STATEMENT_EXECUTE|[292]
08:10:31.581 (3586797819)|VARIABLE_SCOPE_BEGIN|[292]|max|Integer|false|false
08:10:31.581 (3586811910)|VARIABLE_ASSIGNMENT|[292]|max|18
08:10:31.581 (3586818200)|STATEMENT_EXECUTE|[293]
08:10:31.581 (3586867553)|VARIABLE_SCOPE_BEGIN|[293]|min|Integer|false|false
08:10:31.581 (3586882474)|VARIABLE_ASSIGNMENT|[293]|min|0
08:10:31.581 (3586904565)|STATEMENT_EXECUTE|[295]
08:10:31.581 (3586910335)|STATEMENT_EXECUTE|[303]
08:10:31.581 (3586913675)|STATEMENT_EXECUTE|[304]
08:10:31.581 (3586924596)|VARIABLE_SCOPE_BEGIN|[304]|required|Integer|false|false
08:10:31.581 (3586933546)|HEAP_ALLOCATE|[304]|Bytes:4
08:10:31.581 (3586943647)|VARIABLE_ASSIGNMENT|[304]|required|6
08:10:31.581 (3586949207)|STATEMENT_EXECUTE|[305]
08:10:31.581 (3586990890)|HEAP_ALLOCATE|[305]|Bytes:9
08:10:31.581 (3586998870)|VARIABLE_SCOPE_BEGIN|[305]|prodCode|String|false|false
08:10:31.581 (3587014561)|VARIABLE_ASSIGNMENT|[305]|prodCode|"REC-TV-01"
08:10:31.581 (3587022391)|STATEMENT_EXECUTE|[306]
08:10:31.581 (3587025412)|STATEMENT_EXECUTE|[307]
08:10:31.581 (3587045383)|METHOD_ENTRY|[307]|01pdL00000Up09Z|CpeAiAssistantController.getVanStock(String)
08:10:31.581 (3587066514)|VARIABLE_SCOPE_BEGIN|[404]|productCode|String|false|false
08:10:31.581 (3587079155)|VARIABLE_ASSIGNMENT|[404]|productCode|"REC-TV-01"
08:10:31.581 (3587100716)|HEAP_ALLOCATE|[405]|Bytes:5
08:10:31.581 (3587108266)|STATEMENT_EXECUTE|[404]
08:10:31.581 (3587111566)|STATEMENT_EXECUTE|[405]
08:10:31.581 (3587114106)|STATEMENT_EXECUTE|[405]
08:10:31.581 (3587117777)|STATEMENT_EXECUTE|[406]
08:10:31.581 (3587127297)|METHOD_ENTRY|[406]|01pdL00000Up09Z|CpeAiAssistantController.getMyServiceResource()
08:10:31.581 (3587348610)|HEAP_ALLOCATE|[591]|Bytes:5
08:10:31.581 (3587359300)|STATEMENT_EXECUTE|[590]
08:10:31.581 (3587363480)|STATEMENT_EXECUTE|[591]
08:10:31.581 (3587367991)|HEAP_ALLOCATE|[591]|Bytes:163
08:10:31.581 (3587389292)|HEAP_ALLOCATE|[591]|Bytes:4
08:10:31.581 (3587402072)|HEAP_ALLOCATE|[591]|Bytes:7
08:10:31.581 (3587472516)|HEAP_ALLOCATE|[594]|Bytes:105
08:10:31.581 (3587546250)|SYSTEM_METHOD_ENTRY|[1]|UserInfo.UserInfo()
08:10:31.581 (3587560861)|STATEMENT_EXECUTE|[1]
08:10:31.581 (3587594163)|SYSTEM_METHOD_EXIT|[1]|UserInfo
08:10:31.581 (3587610924)|METHOD_ENTRY|[594]||System.UserInfo.getUserId()
08:10:31.581 (3587675698)|METHOD_EXIT|[594]||System.UserInfo.getUserId()
08:10:31.581 (3591288829)|SOQL_EXECUTE_BEGIN|[591]|Aggregations:0|SELECT Id, LocationId, LastKnownLocation, LastKnownLatitude, LastKnownLongitude FROM ServiceResource WHERE (RelatedRecordId = :tmpVar1 AND IsActive = TRUE) LIMIT 1
08:10:31.581 (3606254397)|SOQL_EXECUTE_END|[591]|Rows:1
08:10:31.581 (3606334241)|HEAP_ALLOCATE|[591]|Bytes:8
08:10:31.581 (3606392833)|HEAP_ALLOCATE|[591]|Bytes:201
08:10:31.581 (3606508790)|HEAP_ALLOCATE|[591]|Bytes:8
08:10:31.581 (3606531841)|VARIABLE_SCOPE_BEGIN|[591]|srs|List<ServiceResource>|true|false
08:10:31.581 (3606735642)|VARIABLE_ASSIGNMENT|[591]|srs|[{"LocationId":"131dL000000OKGvQAO","Id":"0HndL000000MjRVSA0","LastKnownLocation":{"latitude":0.0,"longitude":0.0},"LastKnownLatitude":0E-15,"LastKnownLongitude":0E-15}]|0x31cc3b1f
08:10:31.581 (3606746304)|STATEMENT_EXECUTE|[597]
08:10:31.581 (3606897141)|HEAP_ALLOCATE|[597]|Bytes:24
08:10:31.581 (3606924674)|METHOD_EXIT|[406]|01pdL00000Up09Z|CpeAiAssistantController.getMyServiceResource()
08:10:31.581 (3606932333)|VARIABLE_SCOPE_BEGIN|[406]|sr|ServiceResource|true|false
08:10:31.581 (3607005798)|VARIABLE_ASSIGNMENT|[406]|sr|{"LocationId":"131dL000000OKGvQAO","Id":"0HndL000000MjRVSA0","LastKnownLocation":{"latitude":0.0,"longitude":0.0},"LastKnownLatitude":0E-15,"LastKnownLongitude":0E-15}|0x790c241a
08:10:31.581 (3607125785)|STATEMENT_EXECUTE|[407]
08:10:31.581 (3607129185)|STATEMENT_EXECUTE|[408]
08:10:31.581 (3607135056)|HEAP_ALLOCATE|[408]|Bytes:112
08:10:31.581 (3607165387)|HEAP_ALLOCATE|[408]|Bytes:4
08:10:31.581 (3607202259)|HEAP_ALLOCATE|[408]|Bytes:7
08:10:31.581 (3609995135)|SOQL_EXECUTE_BEGIN|[408]|Aggregations:0|SELECT QuantityOnHand FROM ProductItem WHERE (LocationId = :tmpVar1 AND Product2.ProductCode = :tmpVar2) LIMIT 1
08:10:31.581 (3631537969)|SOQL_EXECUTE_END|[408]|Rows:0
08:10:31.581 (3631601322)|HEAP_ALLOCATE|[408]|Bytes:4
08:10:31.581 (3631628774)|HEAP_ALLOCATE|[408]|Bytes:0
08:10:31.581 (3631811124)|HEAP_ALLOCATE|[408]|Bytes:4
08:10:31.581 (3631844276)|VARIABLE_SCOPE_BEGIN|[408]|items|List<ProductItem>|true|false
08:10:31.581 (3631877418)|VARIABLE_ASSIGNMENT|[408]|items|[]|0x6d1b1069
08:10:31.581 (3632015475)|STATEMENT_EXECUTE|[414]
08:10:31.581 (3632021026)|STATEMENT_EXECUTE|[420]
08:10:31.581 (3632027976)|HEAP_ALLOCATE|[420]|Bytes:125
08:10:31.581 (3632067328)|HEAP_ALLOCATE|[420]|Bytes:4
08:10:31.581 (3632921896)|SOQL_EXECUTE_BEGIN|[420]|Aggregations:0|SELECT QuantityOnHand FROM ProductItem WHERE Product2.ProductCode = :tmpVar1 ORDER BY QuantityOnHand DESC NULLS FIRST LIMIT 1
08:10:31.581 (3647648578)|SOQL_EXECUTE_END|[420]|Rows:1
08:10:31.581 (3647700301)|HEAP_ALLOCATE|[420]|Bytes:8
08:10:31.581 (3647771465)|HEAP_ALLOCATE|[420]|Bytes:115
08:10:31.581 (3647844209)|HEAP_ALLOCATE|[420]|Bytes:8
08:10:31.581 (3647869711)|VARIABLE_SCOPE_BEGIN|[420]|fallbackItems|List<ProductItem>|true|false
08:10:31.581 (3648023469)|VARIABLE_ASSIGNMENT|[420]|fallbackItems|[{"QuantityOnHand":5.00,"Product2Id":"01tdL00000cjw5BQAQ","Id":"0CodL00000DyKM9SAN"}]|0xb68593b
08:10:31.581 (3648129145)|HEAP_ALLOCATE|[427]|Bytes:16
08:10:31.581 (3648312205)|HEAP_ALLOCATE|[427]|Bytes:28
08:10:31.581 (3648321216)|HEAP_ALLOCATE|[427]|Bytes:28
08:10:31.581 (3648421251)|STATEMENT_EXECUTE|[427]
08:10:31.581 (3648424312)|STATEMENT_EXECUTE|[428]
08:10:31.581 (3648431882)|HEAP_ALLOCATE|[428]|Bytes:16
08:10:31.581 (3648473444)|HEAP_ALLOCATE|[428]|Bytes:8
08:10:31.581 (3648491215)|METHOD_EXIT|[307]|01pdL00000Up09Z|CpeAiAssistantController.getVanStock(String)
08:10:31.581 (3648499856)|VARIABLE_SCOPE_BEGIN|[307]|vanStock|Integer|false|false
08:10:31.581 (3648511746)|VARIABLE_ASSIGNMENT|[307]|vanStock|5
08:10:31.581 (3648519747)|STATEMENT_EXECUTE|[308]
08:10:31.581 (3648522447)|STATEMENT_EXECUTE|[309]
08:10:31.581 (3648530427)|HEAP_ALLOCATE|[309]|Bytes:4
08:10:31.581 (3648537698)|VARIABLE_ASSIGNMENT|[309]|qty|6
08:10:31.581 (3648542359)|STATEMENT_EXECUTE|[310]
08:10:31.581 (3648548068)|HEAP_ALLOCATE|[310]|Bytes:7
08:10:31.581 (3648554080)|HEAP_ALLOCATE|[310]|Bytes:14
08:10:31.581 (3648591941)|HEAP_ALLOCATE|[310]|Bytes:1
08:10:31.581 (3648603421)|HEAP_ALLOCATE|[310]|Bytes:1
08:10:31.581 (3648608803)|HEAP_ALLOCATE|[310]|Bytes:77
08:10:31.581 (3648633924)|HEAP_ALLOCATE|[310]|Bytes:106
08:10:31.581 (3648672595)|HEAP_ALLOCATE|[EXTERNAL]|Bytes:-4
08:10:31.581 (3648684796)|STATEMENT_EXECUTE|[315]
08:10:31.581 (3648706067)|HEAP_ALLOCATE|[315]|Bytes:4
08:10:31.581 (3648732758)|HEAP_ALLOCATE|[EXTERNAL]|Bytes:-4
08:10:31.581 (3648745439)|STATEMENT_EXECUTE|[317]
08:10:31.581 (3648747730)|STATEMENT_EXECUTE|[318]
08:10:31.581 (3648751291)|HEAP_ALLOCATE|[318]|Bytes:4
08:10:31.581 (3648760980)|VARIABLE_ASSIGNMENT|[318]|changedCpeCount|1
08:10:31.581 (3648784001)|HEAP_ALLOCATE|[276]|Bytes:5
08:10:31.581 (3648802342)|VARIABLE_SCOPE_BEGIN|[276]|key|String|false|false
08:10:31.581 (3648812943)|VARIABLE_ASSIGNMENT|[276]|key|"Modem"
08:10:31.581 (3648818843)|STATEMENT_EXECUTE|[276]
08:10:31.581 (3648821633)|STATEMENT_EXECUTE|[277]
08:10:31.581 (3648828844)|METHOD_ENTRY|[277]|01pdL00000Up09Z|CpeAiAssistantController.normalizeProductName(String)
08:10:31.581 (3648837244)|VARIABLE_SCOPE_BEGIN|[255]|rawName|String|false|false
08:10:31.581 (3648845755)|VARIABLE_ASSIGNMENT|[255]|rawName|"Modem"
08:10:31.581 (3648858505)|HEAP_ALLOCATE|[256]|Bytes:5
08:10:31.581 (3648862806)|STATEMENT_EXECUTE|[255]
08:10:31.581 (3648880827)|STATEMENT_EXECUTE|[256]
08:10:31.581 (3648883327)|STATEMENT_EXECUTE|[257]
08:10:31.581 (3648893557)|HEAP_ALLOCATE|[257]|Bytes:5
08:10:31.581 (3648904228)|VARIABLE_SCOPE_BEGIN|[257]|lower|String|false|false
08:10:31.581 (3648913349)|VARIABLE_ASSIGNMENT|[257]|lower|"modem"
08:10:31.581 (3648944071)|STATEMENT_EXECUTE|[258]
08:10:31.581 (3649009875)|STATEMENT_EXECUTE|[259]
08:10:31.581 (3649124450)|STATEMENT_EXECUTE|[260]
08:10:31.581 (3649132491)|METHOD_EXIT|[277]|01pdL00000Up09Z|CpeAiAssistantController.normalizeProductName(String)
08:10:31.581 (3649141091)|VARIABLE_SCOPE_BEGIN|[277]|normKey|String|false|false
08:10:31.581 (3649150342)|VARIABLE_ASSIGNMENT|[277]|normKey|"Modem"
08:10:31.581 (3649220896)|HEAP_ALLOCATE|[323]|Bytes:16
08:10:31.581 (3649238968)|STATEMENT_EXECUTE|[323]
08:10:31.581 (3649241328)|STATEMENT_EXECUTE|[325]
08:10:31.581 (3649266279)|HEAP_ALLOCATE|[EXTERNAL]|Bytes:-4
08:10:31.581 (3649273840)|STATEMENT_EXECUTE|[326]
08:10:31.581 (3649277979)|VARIABLE_SCOPE_BEGIN|[326]|currentStr|String|false|false
08:10:31.581 (3649287970)|VARIABLE_ASSIGNMENT|[326]|currentStr|""
08:10:31.581 (3649344902)|STATEMENT_EXECUTE|[327]
08:10:31.581 (3649347513)|STATEMENT_EXECUTE|[328]
08:10:31.581 (3649382086)|VARIABLE_ASSIGNMENT|[328]|currentStr|"Wired"
08:10:31.581 (3649413647)|HEAP_ALLOCATE|[330]|Bytes:5
08:10:31.581 (3649432357)|STATEMENT_EXECUTE|[330]
08:10:31.581 (3649443349)|HEAP_ALLOCATE|[276]|Bytes:5
08:10:31.581 (3649456220)|VARIABLE_SCOPE_BEGIN|[276]|key|String|false|false
08:10:31.581 (3649466119)|VARIABLE_ASSIGNMENT|[276]|key|"Wi-Fi Access Point"
08:10:31.581 (3649472040)|STATEMENT_EXECUTE|[276]
08:10:31.581 (3649475101)|STATEMENT_EXECUTE|[277]
08:10:31.581 (3649480941)|METHOD_ENTRY|[277]|01pdL00000Up09Z|CpeAiAssistantController.normalizeProductName(String)
08:10:31.581 (3649488031)|VARIABLE_SCOPE_BEGIN|[255]|rawName|String|false|false
08:10:31.581 (3649498352)|VARIABLE_ASSIGNMENT|[255]|rawName|"Wi-Fi Access Point"
08:10:31.581 (3649508623)|HEAP_ALLOCATE|[256]|Bytes:5
08:10:31.581 (3649514053)|STATEMENT_EXECUTE|[255]
08:10:31.581 (3649529234)|STATEMENT_EXECUTE|[256]
08:10:31.581 (3649531464)|STATEMENT_EXECUTE|[257]
08:10:31.581 (3649539974)|HEAP_ALLOCATE|[257]|Bytes:18
08:10:31.581 (3649550675)|VARIABLE_SCOPE_BEGIN|[257]|lower|String|false|false
08:10:31.581 (3649559684)|VARIABLE_ASSIGNMENT|[257]|lower|"wi-fi access point"
08:10:31.581 (3649592787)|STATEMENT_EXECUTE|[258]
08:10:31.581 (3649605567)|STATEMENT_EXECUTE|[259]
08:10:31.581 (3649612607)|METHOD_EXIT|[277]|01pdL00000Up09Z|CpeAiAssistantController.normalizeProductName(String)
08:10:31.581 (3649618728)|VARIABLE_SCOPE_BEGIN|[277]|normKey|String|false|false
08:10:31.581 (3649627109)|VARIABLE_ASSIGNMENT|[277]|normKey|"Wi-Fi Access Point"
08:10:31.581 (3649647460)|STATEMENT_EXECUTE|[279]
08:10:31.581 (3649649910)|STATEMENT_EXECUTE|[280]
08:10:31.581 (3649660231)|VARIABLE_SCOPE_BEGIN|[280]|qty|Integer|false|false
08:10:31.581 (3649669242)|VARIABLE_ASSIGNMENT|[280]|qty|1
08:10:31.581 (3649682242)|STATEMENT_EXECUTE|[282]
08:10:31.581 (3649684651)|STATEMENT_EXECUTE|[283]
08:10:31.581 (3649687633)|VARIABLE_SCOPE_BEGIN|[283]|current|Integer|false|false
08:10:31.581 (3649693132)|HEAP_ALLOCATE|[283]|Bytes:4
08:10:31.581 (3649699593)|VARIABLE_ASSIGNMENT|[283]|current|0
08:10:31.581 (3649728385)|STATEMENT_EXECUTE|[284]
08:10:31.581 (3649730774)|STATEMENT_EXECUTE|[285]
08:10:31.581 (3649753055)|VARIABLE_ASSIGNMENT|[285]|current|1
08:10:31.581 (3649759117)|STATEMENT_EXECUTE|[287]
08:10:31.581 (3649762107)|VARIABLE_SCOPE_BEGIN|[287]|baseQty|Integer|false|false
08:10:31.581 (3649770127)|VARIABLE_ASSIGNMENT|[287]|baseQty|1
08:10:31.581 (3649813590)|STATEMENT_EXECUTE|[288]
08:10:31.581 (3649815880)|STATEMENT_EXECUTE|[289]
08:10:31.581 (3649836811)|VARIABLE_ASSIGNMENT|[289]|baseQty|1
08:10:31.581 (3649842731)|STATEMENT_EXECUTE|[292]
08:10:31.581 (3649861812)|VARIABLE_SCOPE_BEGIN|[292]|max|Integer|false|false
08:10:31.581 (3649870302)|VARIABLE_ASSIGNMENT|[292]|max|11
08:10:31.581 (3649874443)|STATEMENT_EXECUTE|[293]
08:10:31.581 (3649894463)|VARIABLE_SCOPE_BEGIN|[293]|min|Integer|false|false
08:10:31.581 (3649902903)|VARIABLE_ASSIGNMENT|[293]|min|1
08:10:31.581 (3649910535)|STATEMENT_EXECUTE|[295]
08:10:31.581 (3649913744)|STATEMENT_EXECUTE|[303]
08:10:31.581 (3649915864)|STATEMENT_EXECUTE|[315]
08:10:31.581 (3649928826)|HEAP_ALLOCATE|[EXTERNAL]|Bytes:-4
08:10:31.581 (3649937946)|STATEMENT_EXECUTE|[317]
08:10:31.581 (3649947397)|HEAP_ALLOCATE|[276]|Bytes:5
08:10:31.581 (3649961148)|VARIABLE_ASSIGNMENT|[276]|key|null
08:10:31.581 (3650032182)|HEAP_ALLOCATE|[337]|Bytes:52
08:10:31.581 (3650064083)|HEAP_ALLOCATE|[337]|Bytes:5
08:10:31.581 (3650076374)|VARIABLE_SCOPE_BEGIN|[337]|ruleKey|String|false|false
08:10:31.581 (3650086495)|VARIABLE_ASSIGNMENT|[337]|ruleKey|"TV + Receiver"
08:10:31.581 (3650091345)|STATEMENT_EXECUTE|[337]
08:10:31.581 (3650113266)|STATEMENT_EXECUTE|[338]
08:10:31.581 (3650122607)|HEAP_ALLOCATE|[337]|Bytes:5
08:10:31.581 (3650134967)|VARIABLE_SCOPE_BEGIN|[337]|ruleKey|String|false|false
08:10:31.581 (3650143818)|VARIABLE_ASSIGNMENT|[337]|ruleKey|"Modem"
08:10:31.581 (3650147808)|STATEMENT_EXECUTE|[337]
08:10:31.581 (3650157639)|STATEMENT_EXECUTE|[338]
08:10:31.581 (3650165379)|HEAP_ALLOCATE|[337]|Bytes:5
08:10:31.581 (3650176040)|VARIABLE_SCOPE_BEGIN|[337]|ruleKey|String|false|false
08:10:31.581 (3650185240)|VARIABLE_ASSIGNMENT|[337]|ruleKey|"Wi-Fi Access Point"
08:10:31.581 (3650189180)|STATEMENT_EXECUTE|[337]
08:10:31.581 (3650200201)|STATEMENT_EXECUTE|[338]
08:10:31.581 (3650207601)|HEAP_ALLOCATE|[337]|Bytes:5
08:10:31.581 (3650219232)|VARIABLE_ASSIGNMENT|[337]|ruleKey|null
08:10:31.581 (3650225282)|STATEMENT_EXECUTE|[343]
08:10:31.581 (3650252764)|HEAP_ALLOCATE|[EXTERNAL]|Bytes:-4
08:10:31.581 (3650260354)|STATEMENT_EXECUTE|[346]
08:10:31.581 (3650292626)|HEAP_ALLOCATE|[346]|Bytes:4
08:10:31.581 (3650321688)|VARIABLE_SCOPE_BEGIN|[346]|stateChanges|List<Map<String,ANY>>|true|false
08:10:31.581 (3650349079)|HEAP_ALLOCATE|[EXTERNAL]|Bytes:4
08:10:31.581 (3650362190)|VARIABLE_ASSIGNMENT|[346]|stateChanges|[]|0x5796130c
08:10:31.581 (3650389532)|HEAP_ALLOCATE|[347]|Bytes:52
08:10:31.581 (3650415553)|HEAP_ALLOCATE|[347]|Bytes:5
08:10:31.581 (3650434544)|VARIABLE_SCOPE_BEGIN|[347]|key|String|false|false
08:10:31.581 (3650444125)|VARIABLE_ASSIGNMENT|[347]|key|"TV + Receiver"
08:10:31.581 (3650448595)|STATEMENT_EXECUTE|[347]
08:10:31.581 (3650469406)|STATEMENT_EXECUTE|[348]
08:10:31.581 (3650471586)|STATEMENT_EXECUTE|[349]
08:10:31.581 (3650492347)|VARIABLE_SCOPE_BEGIN|[349]|newVal|Object|false|false
08:10:31.581 (3650503488)|VARIABLE_ASSIGNMENT|[349]|newVal|6
08:10:31.581 (3650508208)|STATEMENT_EXECUTE|[350]
08:10:31.581 (3650543430)|VARIABLE_SCOPE_BEGIN|[350]|curVal|Object|false|false
08:10:31.581 (3650555941)|VARIABLE_ASSIGNMENT|[350]|curVal|1
08:10:31.581 (3650672537)|STATEMENT_EXECUTE|[352]
08:10:31.581 (3650675227)|STATEMENT_EXECUTE|[353]
08:10:31.581 (3650685338)|HEAP_ALLOCATE|[353]|Bytes:4
08:10:31.581 (3650694778)|HEAP_ALLOCATE|[354]|Bytes:5
08:10:31.581 (3650722640)|HEAP_ALLOCATE|[354]|Bytes:13
08:10:31.581 (3650754742)|HEAP_ALLOCATE|[355]|Bytes:11
08:10:31.581 (3650776603)|HEAP_ALLOCATE|[356]|Bytes:8
08:10:31.581 (3650796044)|HEAP_ALLOCATE|[357]|Bytes:8
08:10:31.581 (3650811295)|HEAP_ALLOCATE|[358]|Bytes:5
08:10:31.581 (3650836056)|HEAP_ALLOCATE|[353]|Bytes:4
08:10:31.581 (3650847227)|VARIABLE_SCOPE_BEGIN|[353]|change|Map<String,ANY>|true|false
08:10:31.581 (3650887439)|VARIABLE_ASSIGNMENT|[353]|change|{"label":"TV + RECEIVER","productCode":"O_RES_TV_PLUS_STB","oldUnits":1,"newUnits":6,"units":5}|0x7e3162fd
08:10:31.581 (3650941412)|STATEMENT_EXECUTE|[361]
08:10:31.581 (3650944022)|STATEMENT_EXECUTE|[362]
08:10:31.581 (3650947413)|HEAP_ALLOCATE|[362]|Bytes:14
08:10:31.581 (3650988735)|HEAP_ALLOCATE|[362]|Bytes:4
08:10:31.581 (3650997865)|HEAP_ALLOCATE|[EXTERNAL]|Bytes:-4
08:10:31.581 (3651005326)|STATEMENT_EXECUTE|[365]
08:10:31.581 (3651016836)|VARIABLE_SCOPE_BEGIN|[365]|curQty|Integer|false|false
08:10:31.581 (3651026177)|VARIABLE_ASSIGNMENT|[365]|curQty|1
08:10:31.581 (3651030297)|STATEMENT_EXECUTE|[366]
08:10:31.581 (3651039368)|VARIABLE_SCOPE_BEGIN|[366]|newQty|Integer|false|false
08:10:31.581 (3651047708)|VARIABLE_ASSIGNMENT|[366]|newQty|6
08:10:31.581 (3651051378)|STATEMENT_EXECUTE|[367]
08:10:31.581 (3651054788)|VARIABLE_SCOPE_BEGIN|[367]|diff|Integer|false|false
08:10:31.581 (3651060219)|HEAP_ALLOCATE|[367]|Bytes:4
08:10:31.581 (3651066339)|VARIABLE_ASSIGNMENT|[367]|diff|5
08:10:31.581 (3651071239)|STATEMENT_EXECUTE|[368]
08:10:31.581 (3651175626)|VARIABLE_SCOPE_BEGIN|[2]|System.Math.E|Double|false|true
08:10:31.581 (3651187556)|VARIABLE_SCOPE_BEGIN|[3]|System.Math.PI|Double|false|true
08:10:31.581 (3651202428)|HEAP_ALLOCATE|[368]|Bytes:206
08:10:31.581 (3651221528)|SYSTEM_METHOD_ENTRY|[1]|Math.Math()
08:10:31.581 (3651225318)|STATEMENT_EXECUTE|[1]
08:10:31.581 (3651320954)|SYSTEM_METHOD_EXIT|[1]|Math
08:10:31.581 (3651331115)|METHOD_ENTRY|[368]||System.Math.abs(Integer)
08:10:31.581 (3651405938)|METHOD_EXIT|[368]||System.Math.abs(Integer)
08:10:31.581 (3651415329)|VARIABLE_SCOPE_BEGIN|[368]|diffAbs|Integer|false|false
08:10:31.581 (3651420819)|HEAP_ALLOCATE|[368]|Bytes:4
08:10:31.581 (3651430579)|VARIABLE_ASSIGNMENT|[368]|diffAbs|5
08:10:31.581 (3651453821)|STATEMENT_EXECUTE|[370]
08:10:31.581 (3651456402)|STATEMENT_EXECUTE|[371]
08:10:31.581 (3651460431)|HEAP_ALLOCATE|[371]|Bytes:12
08:10:31.581 (3651472532)|HEAP_ALLOCATE|[371]|Bytes:2
08:10:31.581 (3651503713)|HEAP_ALLOCATE|[371]|Bytes:2
08:10:31.581 (3651514904)|HEAP_ALLOCATE|[371]|Bytes:3
08:10:31.581 (3651533206)|HEAP_ALLOCATE|[371]|Bytes:7
08:10:31.581 (3651545807)|HEAP_ALLOCATE|[EXTERNAL]|Bytes:-4
08:10:31.581 (3651553436)|STATEMENT_EXECUTE|[378]
08:10:31.581 (3651572987)|HEAP_ALLOCATE|[EXTERNAL]|Bytes:4
08:10:31.581 (3651591419)|HEAP_ALLOCATE|[347]|Bytes:5
08:10:31.581 (3651605620)|VARIABLE_SCOPE_BEGIN|[347]|key|String|false|false
08:10:31.581 (3651615691)|VARIABLE_ASSIGNMENT|[347]|key|"Modem"
08:10:31.581 (3651619891)|STATEMENT_EXECUTE|[347]
08:10:31.581 (3651631401)|STATEMENT_EXECUTE|[348]
08:10:31.581 (3651633452)|STATEMENT_EXECUTE|[349]
08:10:31.581 (3651645212)|VARIABLE_SCOPE_BEGIN|[349]|newVal|Object|false|false
08:10:31.581 (3651654672)|VARIABLE_ASSIGNMENT|[349]|newVal|"Wired"
08:10:31.581 (3651659023)|STATEMENT_EXECUTE|[350]
08:10:31.581 (3651685385)|VARIABLE_SCOPE_BEGIN|[350]|curVal|Object|false|false
08:10:31.581 (3651695514)|VARIABLE_ASSIGNMENT|[350]|curVal|"Wired"
08:10:31.581 (3651760699)|STATEMENT_EXECUTE|[352]
08:10:31.581 (3651770149)|HEAP_ALLOCATE|[347]|Bytes:5
08:10:31.581 (3651783350)|VARIABLE_SCOPE_BEGIN|[347]|key|String|false|false
08:10:31.581 (3651792860)|VARIABLE_ASSIGNMENT|[347]|key|"Wi-Fi Access Point"
08:10:31.581 (3651797751)|STATEMENT_EXECUTE|[347]
08:10:31.581 (3651808181)|STATEMENT_EXECUTE|[348]
08:10:31.581 (3651810341)|STATEMENT_EXECUTE|[349]
08:10:31.581 (3651822691)|VARIABLE_SCOPE_BEGIN|[349]|newVal|Object|false|false
08:10:31.581 (3651832633)|VARIABLE_ASSIGNMENT|[349]|newVal|1
08:10:31.581 (3651836503)|STATEMENT_EXECUTE|[350]
08:10:31.581 (3651859274)|VARIABLE_SCOPE_BEGIN|[350]|curVal|Object|false|false
08:10:31.581 (3651868705)|VARIABLE_ASSIGNMENT|[350]|curVal|1
08:10:31.581 (3651891335)|STATEMENT_EXECUTE|[352]
08:10:31.581 (3651899826)|HEAP_ALLOCATE|[347]|Bytes:5
08:10:31.581 (3651911707)|VARIABLE_ASSIGNMENT|[347]|key|null
08:10:31.581 (3651916256)|STATEMENT_EXECUTE|[382]
08:10:31.581 (3651920407)|HEAP_ALLOCATE|[382]|Bytes:12
08:10:31.581 (3651947048)|HEAP_ALLOCATE|[EXTERNAL]|Bytes:-4
08:10:31.581 (3651980170)|STATEMENT_EXECUTE|[383]
08:10:31.581 (3651985351)|STATEMENT_EXECUTE|[388]
08:10:31.581 (3651987961)|STATEMENT_EXECUTE|[389]
08:10:31.581 (3651991201)|HEAP_ALLOCATE|[389]|Bytes:21
08:10:31.581 (3652009672)|HEAP_ALLOCATE|[389]|Bytes:5
08:10:31.581 (3652015742)|HEAP_ALLOCATE|[EXTERNAL]|Bytes:-4
08:10:31.581 (3652024843)|STATEMENT_EXECUTE|[401]
08:10:31.581 (3652035173)|METHOD_EXIT|[142]|01pdL00000Up09Z|CpeAiAssistantController.parseAndValidateAgentResponse(String, Map<String,Map<String,ANY>>)
08:10:31.581 (3652041244)|VARIABLE_SCOPE_BEGIN|[142]|validatedResponse|Map<String,ANY>|true|false
08:10:31.581 (3652071296)|VARIABLE_ASSIGNMENT|[142]|validatedResponse|{"message":"You only have 5 TV + (86 more) ...","newState":{"TV + Receiver":6,"Modem":"Wired","Wi-Fi Access Point":1},"stateChanges":["Map of size 7 too large to display"],"requireOtherCpePrompt":true}|0x1dc76c84
08:10:31.581 (3652077865)|STATEMENT_EXECUTE|[144]
08:10:31.581 (3652085127)|METHOD_ENTRY|[144]||System.JSON.serialize(Object)
08:10:31.581 (3653361117)|METHOD_EXIT|[144]||System.JSON.serialize(Object)
08:10:31.653 (3653494785)|CUMULATIVE_LIMIT_USAGE
08:10:31.653 (3653494785)|LIMIT_USAGE_FOR_NS|(default)|
  Number of SOQL queries: 3 out of 100
  Number of query rows: 2 out of 50000
  Number of SOSL queries: 0 out of 20
  Number of DML statements: 0 out of 150
  Number of Publish Immediate DML: 0 out of 150
  Number of DML rows: 0 out of 10000
  Maximum CPU time: 720 out of 10000
  Maximum heap size: 0 out of 6000000
  Number of callouts: 0 out of 100
  Number of Email Invocations: 0 out of 10
  Number of future calls: 0 out of 50
  Number of queueable jobs added to the queue: 0 out of 50
  Number of Mobile Apex push calls: 0 out of 10

08:10:31.653 (3653494785)|CUMULATIVE_LIMIT_USAGE_END

08:10:31.581 (3653610911)|CODE_UNIT_FINISHED|CpeAiAssistantController.sendMessageToAgent(String, String, String, String)
08:10:31.581 (3654007944)|CODE_UNIT_FINISHED|apex://CpeAiAssistantController/ACTION$sendMessageToAgent
08:10:31.581 (3654034026)|EXECUTION_FINISHED
