66.0 APEX_CODE,FINEST;APEX_PROFILING,INFO;CALLOUT,INFO;DATA_ACCESS,INFO;DB,INFO;NBA,INFO;SYSTEM,DEBUG;VALIDATION,INFO;VISUALFORCE,INFO;WAVE,INFO;WORKFLOW,INFO
07:09:53.6 (6593800)|USER_INFO|[EXTERNAL]|005dL00001kiJYb|abhijithshaibinu001.b869139f1496@agentforce.com|(GMT-07:00) Pacific Daylight Time (America/Los_Angeles)|GMT-07:00
07:09:53.6 (6699932)|EXECUTION_STARTED
07:09:53.6 (6745253)|CODE_UNIT_STARTED|[EXTERNAL]|apex://CpeAiAssistantController/ACTION$sendMessageToAgent
07:09:53.6 (10573734)|CODE_UNIT_STARTED|[EXTERNAL]|01pdL00000Up09Z|CpeAiAssistantController.sendMessageToAgent(String, String, String)
07:09:53.6 (11285630)|HEAP_ALLOCATE|[95]|Bytes:3
07:09:53.6 (11480634)|HEAP_ALLOCATE|[100]|Bytes:152
07:09:53.6 (11507764)|HEAP_ALLOCATE|[417]|Bytes:408
07:09:53.6 (11528245)|HEAP_ALLOCATE|[430]|Bytes:408
07:09:53.6 (11571836)|HEAP_ALLOCATE|[317]|Bytes:6
07:09:53.6 (11596766)|HEAP_ALLOCATE|[EXTERNAL]|Bytes:40
07:09:53.6 (11609106)|HEAP_ALLOCATE|[EXTERNAL]|Bytes:6
07:09:53.6 (11646177)|METHOD_ENTRY|[1]|01pdL00000Up09Z|CpeAiAssistantController.CpeAiAssistantController()
07:09:53.6 (11673708)|STATEMENT_EXECUTE|[1]
07:09:53.6 (11690128)|STATEMENT_EXECUTE|[1]
07:09:53.6 (11717529)|HEAP_ALLOCATE|[68]|Bytes:5
07:09:53.6 (11779240)|HEAP_ALLOCATE|[74]|Bytes:5
07:09:53.6 (11793410)|HEAP_ALLOCATE|[82]|Bytes:7
07:09:53.6 (12317371)|HEAP_ALLOCATE|[EXTERNAL]|Bytes:5
07:09:53.6 (12366532)|METHOD_EXIT|[1]|CpeAiAssistantController
07:09:53.6 (12376602)|HEAP_ALLOCATE|[EXTERNAL]|Bytes:18
07:09:53.6 (12381442)|HEAP_ALLOCATE|[EXTERNAL]|Bytes:734
07:09:53.6 (12385424)|HEAP_ALLOCATE|[EXTERNAL]|Bytes:58
07:09:53.6 (12411233)|VARIABLE_SCOPE_BEGIN|[72]|userMessage|String|false|false
07:09:53.6 (12524066)|VARIABLE_ASSIGNMENT|[72]|userMessage|"Add 2 TV Receivers"
07:09:53.6 (12533227)|VARIABLE_SCOPE_BEGIN|[72]|cpeItemsJson|String|false|false
07:09:53.6 (12549606)|VARIABLE_ASSIGNMENT|[72]|cpeItemsJson|"{\n  \"CpeItems\": [\n   (714 more) ..."
07:09:53.6 (12555717)|VARIABLE_SCOPE_BEGIN|[72]|currentCartJson|String|false|false
07:09:53.6 (12566246)|VARIABLE_ASSIGNMENT|[72]|currentCartJson|"{\"TV + Receiver\":1,\" (38 more) ..."
07:09:53.6 (12588007)|HEAP_ALLOCATE|[73]|Bytes:5
07:09:53.6 (12595777)|STATEMENT_EXECUTE|[72]
07:09:53.6 (12598817)|STATEMENT_EXECUTE|[73]
07:09:53.6 (12601348)|STATEMENT_EXECUTE|[73]
07:09:53.6 (12604118)|STATEMENT_EXECUTE|[75]
07:09:53.6 (12647848)|METHOD_ENTRY|[75]|01pdL00000Up09Z|CpeAiAssistantController.buildRulePayload(String, String)
07:09:53.6 (12687600)|VARIABLE_SCOPE_BEGIN|[156]|cpeItemsJson|String|false|false
07:09:53.6 (12698459)|VARIABLE_ASSIGNMENT|[156]|cpeItemsJson|"{\n  \"CpeItems\": [\n   (714 more) ..."
07:09:53.6 (12702339)|VARIABLE_SCOPE_BEGIN|[156]|currentCartJson|String|false|false
07:09:53.6 (12709590)|VARIABLE_ASSIGNMENT|[156]|currentCartJson|"{\"TV + Receiver\":1,\" (38 more) ..."
07:09:53.6 (12720271)|HEAP_ALLOCATE|[157]|Bytes:5
07:09:53.6 (12725631)|STATEMENT_EXECUTE|[156]
07:09:53.6 (12728071)|STATEMENT_EXECUTE|[157]
07:09:53.6 (12745921)|HEAP_ALLOCATE|[157]|Bytes:4
07:09:53.6 (12763940)|VARIABLE_SCOPE_BEGIN|[157]|rules|Map<String,Map<String,ANY>>|true|false
07:09:53.6 (12799322)|VARIABLE_ASSIGNMENT|[157]|rules|{}|0x5f9efb3e
07:09:53.6 (12804792)|STATEMENT_EXECUTE|[158]
07:09:53.6 (12809112)|HEAP_ALLOCATE|[158]|Bytes:13
07:09:53.6 (12819593)|HEAP_ALLOCATE|[158]|Bytes:4
07:09:53.6 (12827563)|HEAP_ALLOCATE|[158]|Bytes:7
07:09:53.6 (12926064)|HEAP_ALLOCATE|[158]|Bytes:4
07:09:53.6 (13007136)|HEAP_ALLOCATE|[158]|Bytes:3
07:09:53.6 (13021337)|HEAP_ALLOCATE|[158]|Bytes:4
07:09:53.6 (13122108)|HEAP_ALLOCATE|[158]|Bytes:3
07:09:53.6 (13187850)|HEAP_ALLOCATE|[158]|Bytes:4
07:09:53.6 (13281791)|HEAP_ALLOCATE|[EXTERNAL]|Bytes:-4
07:09:53.6 (13294462)|STATEMENT_EXECUTE|[159]
07:09:53.6 (13300712)|HEAP_ALLOCATE|[159]|Bytes:5
07:09:53.6 (13323463)|HEAP_ALLOCATE|[159]|Bytes:4
07:09:53.6 (13334203)|HEAP_ALLOCATE|[159]|Bytes:5
07:09:53.6 (13431925)|HEAP_ALLOCATE|[159]|Bytes:4
07:09:53.6 (13453556)|HEAP_ALLOCATE|[159]|Bytes:4
07:09:53.6 (13470756)|HEAP_ALLOCATE|[EXTERNAL]|Bytes:-4
07:09:53.6 (13478706)|STATEMENT_EXECUTE|[160]
07:09:53.6 (13482586)|HEAP_ALLOCATE|[160]|Bytes:18
07:09:53.6 (13493337)|HEAP_ALLOCATE|[160]|Bytes:4
07:09:53.6 (13530167)|HEAP_ALLOCATE|[160]|Bytes:4
07:09:53.6 (13551008)|HEAP_ALLOCATE|[160]|Bytes:4
07:09:53.6 (13564768)|HEAP_ALLOCATE|[160]|Bytes:4
07:09:53.6 (13579708)|HEAP_ALLOCATE|[EXTERNAL]|Bytes:-4
07:09:53.6 (13679590)|STATEMENT_EXECUTE|[162]
07:09:53.6 (13682170)|STATEMENT_EXECUTE|[163]
07:09:53.6 (13684160)|STATEMENT_EXECUTE|[163]
07:09:53.6 (13686181)|STATEMENT_EXECUTE|[164]
07:09:53.6 (13764372)|HEAP_ALLOCATE|[164]|Bytes:24
07:09:53.6 (13790963)|SYSTEM_METHOD_ENTRY|[1]|JSON.JSON()
07:09:53.6 (13798333)|STATEMENT_EXECUTE|[1]
07:09:53.6 (13816803)|SYSTEM_METHOD_EXIT|[1]|JSON
07:09:53.6 (13830934)|METHOD_ENTRY|[164]||System.JSON.deserializeUntyped(String)
07:09:53.6 (16900738)|METHOD_EXIT|[164]||System.JSON.deserializeUntyped(String)
07:09:53.6 (16930529)|VARIABLE_SCOPE_BEGIN|[164]|currentCart|Map<String,ANY>|true|false
07:09:53.6 (16974080)|VARIABLE_ASSIGNMENT|[164]|currentCart|{"TV + Receiver":1,"Modem":"Wired","Wi-Fi Access Point":1}|0x3be610d9
07:09:53.6 (17126463)|HEAP_ALLOCATE|[165]|Bytes:52
07:09:53.6 (17251167)|HEAP_ALLOCATE|[165]|Bytes:5
07:09:53.6 (17289237)|VARIABLE_SCOPE_BEGIN|[165]|key|String|false|false
07:09:53.6 (17300257)|VARIABLE_ASSIGNMENT|[165]|key|"TV + Receiver"
07:09:53.6 (17306347)|STATEMENT_EXECUTE|[165]
07:09:53.6 (17308897)|STATEMENT_EXECUTE|[166]
07:09:53.6 (17323637)|METHOD_ENTRY|[166]|01pdL00000Up09Z|CpeAiAssistantController.normalizeProductName(String)
07:09:53.6 (17337468)|VARIABLE_SCOPE_BEGIN|[252]|rawName|String|false|false
07:09:53.6 (17346409)|VARIABLE_ASSIGNMENT|[252]|rawName|"TV + Receiver"
07:09:53.6 (17359329)|HEAP_ALLOCATE|[253]|Bytes:5
07:09:53.6 (17364089)|STATEMENT_EXECUTE|[252]
07:09:53.6 (17423090)|STATEMENT_EXECUTE|[253]
07:09:53.6 (17425559)|STATEMENT_EXECUTE|[254]
07:09:53.6 (17445371)|HEAP_ALLOCATE|[254]|Bytes:13
07:09:53.6 (17456820)|VARIABLE_SCOPE_BEGIN|[254]|lower|String|false|false
07:09:53.6 (17465771)|VARIABLE_ASSIGNMENT|[254]|lower|"tv + receiver"
07:09:53.6 (17471150)|HEAP_ALLOCATE|[255]|Bytes:2
07:09:53.6 (17500852)|STATEMENT_EXECUTE|[255]
07:09:53.6 (17511101)|METHOD_EXIT|[166]|01pdL00000Up09Z|CpeAiAssistantController.normalizeProductName(String)
07:09:53.6 (17516391)|VARIABLE_SCOPE_BEGIN|[166]|normKey|String|false|false
07:09:53.6 (17524861)|VARIABLE_ASSIGNMENT|[166]|normKey|"TV + Receiver"
07:09:53.6 (17560013)|STATEMENT_EXECUTE|[167]
07:09:53.6 (17562322)|STATEMENT_EXECUTE|[168]
07:09:53.6 (17647234)|HEAP_ALLOCATE|[165]|Bytes:5
07:09:53.6 (17660624)|VARIABLE_SCOPE_BEGIN|[165]|key|String|false|false
07:09:53.6 (17669135)|VARIABLE_ASSIGNMENT|[165]|key|"Modem"
07:09:53.6 (17673205)|STATEMENT_EXECUTE|[165]
07:09:53.6 (17675405)|STATEMENT_EXECUTE|[166]
07:09:53.6 (17679525)|METHOD_ENTRY|[166]|01pdL00000Up09Z|CpeAiAssistantController.normalizeProductName(String)
07:09:53.6 (17684355)|VARIABLE_SCOPE_BEGIN|[252]|rawName|String|false|false
07:09:53.6 (17691355)|VARIABLE_ASSIGNMENT|[252]|rawName|"Modem"
07:09:53.6 (17699456)|HEAP_ALLOCATE|[253]|Bytes:5
07:09:53.6 (17703595)|STATEMENT_EXECUTE|[252]
07:09:53.6 (17718185)|STATEMENT_EXECUTE|[253]
07:09:53.6 (17720226)|STATEMENT_EXECUTE|[254]
07:09:53.6 (17728307)|HEAP_ALLOCATE|[254]|Bytes:5
07:09:53.6 (17737996)|VARIABLE_SCOPE_BEGIN|[254]|lower|String|false|false
07:09:53.6 (17746177)|VARIABLE_ASSIGNMENT|[254]|lower|"modem"
07:09:53.6 (17762617)|HEAP_ALLOCATE|[255]|Bytes:8
07:09:53.6 (17778277)|STATEMENT_EXECUTE|[255]
07:09:53.6 (17781228)|HEAP_ALLOCATE|[256]|Bytes:5
07:09:53.6 (17806468)|HEAP_ALLOCATE|[256]|Bytes:4
07:09:53.6 (17822728)|HEAP_ALLOCATE|[256]|Bytes:2
07:09:53.6 (17837779)|HEAP_ALLOCATE|[256]|Bytes:12
07:09:53.6 (17852659)|HEAP_ALLOCATE|[256]|Bytes:6
07:09:53.6 (17867540)|STATEMENT_EXECUTE|[256]
07:09:53.6 (17871369)|HEAP_ALLOCATE|[257]|Bytes:5
07:09:53.6 (17893089)|STATEMENT_EXECUTE|[257]
07:09:53.6 (17899849)|METHOD_EXIT|[166]|01pdL00000Up09Z|CpeAiAssistantController.normalizeProductName(String)
07:09:53.6 (17905079)|VARIABLE_SCOPE_BEGIN|[166]|normKey|String|false|false
07:09:53.6 (17913591)|VARIABLE_ASSIGNMENT|[166]|normKey|"Modem"
07:09:53.6 (17927231)|STATEMENT_EXECUTE|[167]
07:09:53.6 (17929341)|STATEMENT_EXECUTE|[168]
07:09:53.6 (17970571)|HEAP_ALLOCATE|[165]|Bytes:5
07:09:53.6 (17984961)|VARIABLE_SCOPE_BEGIN|[165]|key|String|false|false
07:09:53.6 (17996272)|VARIABLE_ASSIGNMENT|[165]|key|"Wi-Fi Access Point"
07:09:53.6 (18001201)|STATEMENT_EXECUTE|[165]
07:09:53.6 (18004441)|STATEMENT_EXECUTE|[166]
07:09:53.6 (18009513)|METHOD_ENTRY|[166]|01pdL00000Up09Z|CpeAiAssistantController.normalizeProductName(String)
07:09:53.6 (18015762)|VARIABLE_SCOPE_BEGIN|[252]|rawName|String|false|false
07:09:53.6 (18024673)|VARIABLE_ASSIGNMENT|[252]|rawName|"Wi-Fi Access Point"
07:09:53.6 (18033412)|HEAP_ALLOCATE|[253]|Bytes:5
07:09:53.6 (18038572)|STATEMENT_EXECUTE|[252]
07:09:53.6 (18058024)|STATEMENT_EXECUTE|[253]
07:09:53.6 (18060843)|STATEMENT_EXECUTE|[254]
07:09:53.6 (18070533)|HEAP_ALLOCATE|[254]|Bytes:18
07:09:53.6 (18082544)|VARIABLE_SCOPE_BEGIN|[254]|lower|String|false|false
07:09:53.6 (18093474)|VARIABLE_ASSIGNMENT|[254]|lower|"wi-fi access point"
07:09:53.6 (18124065)|STATEMENT_EXECUTE|[255]
07:09:53.6 (18139974)|STATEMENT_EXECUTE|[256]
07:09:53.6 (18147204)|METHOD_EXIT|[166]|01pdL00000Up09Z|CpeAiAssistantController.normalizeProductName(String)
07:09:53.6 (18154415)|VARIABLE_SCOPE_BEGIN|[166]|normKey|String|false|false
07:09:53.6 (18165066)|VARIABLE_ASSIGNMENT|[166]|normKey|"Wi-Fi Access Point"
07:09:53.6 (18179316)|STATEMENT_EXECUTE|[167]
07:09:53.6 (18182045)|STATEMENT_EXECUTE|[168]
07:09:53.6 (18226096)|HEAP_ALLOCATE|[165]|Bytes:5
07:09:53.6 (18242477)|VARIABLE_ASSIGNMENT|[165]|key|null
07:09:53.6 (18277998)|STATEMENT_EXECUTE|[174]
07:09:53.6 (18281057)|STATEMENT_EXECUTE|[175]
07:09:53.6 (18284208)|STATEMENT_EXECUTE|[175]
07:09:53.6 (18287278)|STATEMENT_EXECUTE|[176]
07:09:53.6 (18294737)|METHOD_ENTRY|[176]||System.JSON.deserializeUntyped(String)
07:09:53.6 (19388831)|METHOD_EXIT|[176]||System.JSON.deserializeUntyped(String)
07:09:53.6 (19402302)|VARIABLE_SCOPE_BEGIN|[176]|itemsMap|Map<String,ANY>|true|false
07:09:53.6 (19426932)|HEAP_ALLOCATE|[EXTERNAL]|Bytes:20
07:09:53.6 (19478323)|VARIABLE_ASSIGNMENT|[176]|itemsMap|{"CpeItems":["Map of size 6 too large to display",{"itemType":"childProduct","maxQuantity":15,"minQuantity":0,"defaultQuantity":0,"ProductCode":"O_RES_TV_PLUS_ADDL_S (2 more) ..."},"Map of size 6 too large to display",{"itemType":"childProduct","maxQuantity":99999,"minQuantity":0,"defaultQuantity":0,"ProductCode":"O_RES_HSI_WIFI_EXTEN (3 more) ..."}]}|0x4b58b477
07:09:53.6 (19486073)|STATEMENT_EXECUTE|[177]
07:09:53.6 (19496294)|HEAP_ALLOCATE|[177]|Bytes:4
07:09:53.6 (19565745)|VARIABLE_SCOPE_BEGIN|[177]|items|List<ANY>|true|false
07:09:53.6 (19578195)|HEAP_ALLOCATE|[EXTERNAL]|Bytes:4
07:09:53.6 (19587765)|VARIABLE_ASSIGNMENT|[177]|items|[]|0x244a659
07:09:53.6 (19600406)|HEAP_ALLOCATE|[178]|Bytes:8
07:09:53.6 (19629276)|STATEMENT_EXECUTE|[178]
07:09:53.6 (19631956)|STATEMENT_EXECUTE|[179]
07:09:53.6 (19680297)|VARIABLE_ASSIGNMENT|[179]|items|["Map of size 6 too large to display",{"itemType":"childProduct","maxQuantity":15,"minQuantity":0,"defaultQuantity":0,"ProductCode":"O_RES_TV_PLUS_ADDL_S (2 more) ..."},"Map of size 6 too large to display",{"itemType":"childProduct","maxQuantity":99999,"minQuantity":0,"defaultQuantity":0,"ProductCode":"O_RES_HSI_WIFI_EXTEN (3 more) ..."}]|0xc28bb9a
07:09:53.6 (19688098)|STATEMENT_EXECUTE|[182]
07:09:53.6 (19701648)|HEAP_ALLOCATE|[182]|Bytes:4
07:09:53.6 (19711508)|VARIABLE_SCOPE_BEGIN|[182]|limits|Map<String,Map<String,Integer>>|true|false
07:09:53.6 (19720708)|VARIABLE_ASSIGNMENT|[182]|limits|{}|0x25d5d64
07:09:53.6 (19725588)|STATEMENT_EXECUTE|[183]
07:09:53.6 (19732188)|HEAP_ALLOCATE|[183]|Bytes:4
07:09:53.6 (19740599)|HEAP_ALLOCATE|[183]|Bytes:6
07:09:53.6 (19765429)|HEAP_ALLOCATE|[183]|Bytes:4
07:09:53.6 (19774749)|HEAP_ALLOCATE|[183]|Bytes:6
07:09:53.6 (19783870)|HEAP_ALLOCATE|[183]|Bytes:4
07:09:53.6 (19795410)|HEAP_ALLOCATE|[183]|Bytes:4
07:09:53.6 (19811390)|HEAP_ALLOCATE|[EXTERNAL]|Bytes:-4
07:09:53.6 (19817900)|STATEMENT_EXECUTE|[184]
07:09:53.6 (19823500)|HEAP_ALLOCATE|[184]|Bytes:4
07:09:53.6 (19843561)|HEAP_ALLOCATE|[184]|Bytes:4
07:09:53.6 (19855601)|HEAP_ALLOCATE|[184]|Bytes:4
07:09:53.6 (19867031)|HEAP_ALLOCATE|[184]|Bytes:4
07:09:53.6 (19878302)|HEAP_ALLOCATE|[EXTERNAL]|Bytes:-4
07:09:53.6 (19884842)|STATEMENT_EXECUTE|[185]
07:09:53.6 (19890112)|HEAP_ALLOCATE|[185]|Bytes:4
07:09:53.6 (19909072)|HEAP_ALLOCATE|[185]|Bytes:4
07:09:53.6 (19921263)|HEAP_ALLOCATE|[185]|Bytes:4
07:09:53.6 (19933913)|HEAP_ALLOCATE|[EXTERNAL]|Bytes:-4
07:09:53.6 (19940323)|STATEMENT_EXECUTE|[187]
07:09:53.6 (19951153)|METHOD_ENTRY|[187]|01pdL00000Up09Z|CpeAiAssistantController.extractCodes(List<ANY>, Map<String,Map<String,Integer>>)
07:09:53.6 (19982865)|VARIABLE_SCOPE_BEGIN|[200]|items|List<ANY>|true|false
07:09:53.6 (20001954)|VARIABLE_ASSIGNMENT|[200]|items|["Map of size 6 too large to display",{"itemType":"childProduct","maxQuantity":15,"minQuantity":0,"defaultQuantity":0,"ProductCode":"O_RES_TV_PLUS_ADDL_S (2 more) ..."},"Map of size 6 too large to display",{"itemType":"childProduct","maxQuantity":99999,"minQuantity":0,"defaultQuantity":0,"ProductCode":"O_RES_HSI_WIFI_EXTEN (3 more) ..."}]|0xc28bb9a
07:09:53.6 (20009084)|VARIABLE_SCOPE_BEGIN|[200]|limits|Map<String,Map<String,Integer>>|true|false
07:09:53.6 (20021266)|VARIABLE_ASSIGNMENT|[200]|limits|{"tv":{"maxInc":3,"maxAdd":15,"min":1},"wifi":{"maxInc":1,"maxAdd":10,"min":1},"modem":{"max":1,"min":1}}|0x25d5d64
07:09:53.6 (20033735)|HEAP_ALLOCATE|[201]|Bytes:5
07:09:53.6 (20038485)|STATEMENT_EXECUTE|[200]
07:09:53.6 (20041735)|STATEMENT_EXECUTE|[201]
07:09:53.6 (20087696)|HEAP_ALLOCATE|[202]|Bytes:5
07:09:53.6 (20119677)|HEAP_ALLOCATE|[202]|Bytes:28
07:09:53.6 (20128548)|VARIABLE_SCOPE_BEGIN|[202]|obj|Object|false|false
07:09:53.6 (20140277)|VARIABLE_ASSIGNMENT|[202]|obj|"Map of size 6 too large to display"
07:09:53.6 (20145028)|STATEMENT_EXECUTE|[202]
07:09:53.6 (20147087)|STATEMENT_EXECUTE|[203]
07:09:53.6 (20150868)|VARIABLE_SCOPE_BEGIN|[203]|item|Map<String,ANY>|true|false
07:09:53.6 (20159137)|VARIABLE_ASSIGNMENT|[203]|item|"Map of size 6 too large to display"|0x5eb7b5ce
07:09:53.6 (20163287)|STATEMENT_EXECUTE|[204]
07:09:53.6 (20172429)|METHOD_ENTRY|[204]|01pdL00000Up09Z|CpeAiAssistantController.getProductCode(Map<String,ANY>)
07:09:53.6 (20183709)|VARIABLE_SCOPE_BEGIN|[233]|item|Map<String,ANY>|true|false
07:09:53.6 (20192078)|VARIABLE_ASSIGNMENT|[233]|item|"Map of size 6 too large to display"|0x5eb7b5ce
07:09:53.6 (20201958)|HEAP_ALLOCATE|[234]|Bytes:5
07:09:53.6 (20207178)|STATEMENT_EXECUTE|[233]
07:09:53.6 (20210488)|HEAP_ALLOCATE|[234]|Bytes:11
07:09:53.6 (20244230)|STATEMENT_EXECUTE|[234]
07:09:53.6 (20246439)|STATEMENT_EXECUTE|[235]
07:09:53.6 (20277831)|HEAP_ALLOCATE|[235]|Bytes:17
07:09:53.6 (20292890)|METHOD_EXIT|[204]|01pdL00000Up09Z|CpeAiAssistantController.getProductCode(Map<String,ANY>)
07:09:53.6 (20297840)|VARIABLE_SCOPE_BEGIN|[204]|code|String|false|false
07:09:53.6 (20307010)|VARIABLE_ASSIGNMENT|[204]|code|"O_RES_TV_PLUS_STB"
07:09:53.6 (20310851)|STATEMENT_EXECUTE|[205]
07:09:53.6 (20314101)|HEAP_ALLOCATE|[205]|Bytes:11
07:09:53.6 (20342661)|VARIABLE_SCOPE_BEGIN|[205]|maxQ|Integer|false|false
07:09:53.6 (20351152)|VARIABLE_ASSIGNMENT|[205]|maxQ|3
07:09:53.6 (20354752)|STATEMENT_EXECUTE|[206]
07:09:53.6 (20358822)|HEAP_ALLOCATE|[206]|Bytes:11
07:09:53.6 (20387123)|VARIABLE_SCOPE_BEGIN|[206]|minQ|Integer|false|false
07:09:53.6 (20396022)|VARIABLE_ASSIGNMENT|[206]|minQ|0
07:09:53.6 (20399692)|STATEMENT_EXECUTE|[207]
07:09:53.6 (20402713)|HEAP_ALLOCATE|[207]|Bytes:15
07:09:53.6 (20431044)|VARIABLE_SCOPE_BEGIN|[207]|defQ|Integer|false|false
07:09:53.6 (20439124)|VARIABLE_ASSIGNMENT|[207]|defQ|1
07:09:53.6 (20444223)|HEAP_ALLOCATE|[209]|Bytes:17
07:09:53.6 (20483694)|STATEMENT_EXECUTE|[209]
07:09:53.6 (20486005)|STATEMENT_EXECUTE|[210]
07:09:53.6 (20518246)|STATEMENT_EXECUTE|[211]
07:09:53.6 (20546575)|HEAP_ALLOCATE|[224]|Bytes:13
07:09:53.6 (20569136)|STATEMENT_EXECUTE|[224]
07:09:53.6 (20581287)|HEAP_ALLOCATE|[202]|Bytes:5
07:09:53.6 (20597718)|HEAP_ALLOCATE|[202]|Bytes:24
07:09:53.6 (20608448)|VARIABLE_SCOPE_BEGIN|[202]|obj|Object|false|false
07:09:53.6 (20631128)|VARIABLE_ASSIGNMENT|[202]|obj|{"itemType":"childProduct","maxQuantity":15,"minQuantity":0,"defaultQuantity":0,"ProductCode":"O_RES_TV_PLUS_ADDL_S (2 more) ..."}
07:09:53.6 (20639478)|STATEMENT_EXECUTE|[202]
07:09:53.6 (20642537)|STATEMENT_EXECUTE|[203]
07:09:53.6 (20648529)|VARIABLE_SCOPE_BEGIN|[203]|item|Map<String,ANY>|true|false
07:09:53.6 (20667529)|VARIABLE_ASSIGNMENT|[203]|item|{"itemType":"childProduct","maxQuantity":15,"minQuantity":0,"defaultQuantity":0,"ProductCode":"O_RES_TV_PLUS_ADDL_S (2 more) ..."}|0x4860bb01
07:09:53.6 (20675489)|STATEMENT_EXECUTE|[204]
07:09:53.6 (20682929)|METHOD_ENTRY|[204]|01pdL00000Up09Z|CpeAiAssistantController.getProductCode(Map<String,ANY>)
07:09:53.6 (20688868)|VARIABLE_SCOPE_BEGIN|[233]|item|Map<String,ANY>|true|false
07:09:53.6 (20701349)|VARIABLE_ASSIGNMENT|[233]|item|{"itemType":"childProduct","maxQuantity":15,"minQuantity":0,"defaultQuantity":0,"ProductCode":"O_RES_TV_PLUS_ADDL_S (2 more) ..."}|0x4860bb01
07:09:53.6 (20711850)|HEAP_ALLOCATE|[234]|Bytes:5
07:09:53.6 (20716000)|STATEMENT_EXECUTE|[233]
07:09:53.6 (20742380)|STATEMENT_EXECUTE|[234]
07:09:53.6 (20745990)|STATEMENT_EXECUTE|[235]
07:09:53.6 (20771310)|HEAP_ALLOCATE|[235]|Bytes:22
07:09:53.6 (20792362)|METHOD_EXIT|[204]|01pdL00000Up09Z|CpeAiAssistantController.getProductCode(Map<String,ANY>)
07:09:53.6 (20798261)|VARIABLE_SCOPE_BEGIN|[204]|code|String|false|false
07:09:53.6 (20807482)|VARIABLE_ASSIGNMENT|[204]|code|"O_RES_TV_PLUS_ADDL_S (2 more) ..."
07:09:53.6 (20811271)|STATEMENT_EXECUTE|[205]
07:09:53.6 (20829461)|VARIABLE_SCOPE_BEGIN|[205]|maxQ|Integer|false|false
07:09:53.6 (20837803)|VARIABLE_ASSIGNMENT|[205]|maxQ|15
07:09:53.6 (20841582)|STATEMENT_EXECUTE|[206]
07:09:53.6 (20859112)|VARIABLE_SCOPE_BEGIN|[206]|minQ|Integer|false|false
07:09:53.6 (20866622)|VARIABLE_ASSIGNMENT|[206]|minQ|0
07:09:53.6 (20870302)|STATEMENT_EXECUTE|[207]
07:09:53.6 (20886814)|VARIABLE_SCOPE_BEGIN|[207]|defQ|Integer|false|false
07:09:53.6 (20894094)|VARIABLE_ASSIGNMENT|[207]|defQ|0
07:09:53.6 (20909353)|HEAP_ALLOCATE|[212]|Bytes:22
07:09:53.6 (20917353)|STATEMENT_EXECUTE|[212]
07:09:53.6 (20919513)|STATEMENT_EXECUTE|[213]
07:09:53.6 (20964405)|STATEMENT_EXECUTE|[224]
07:09:53.6 (20974385)|HEAP_ALLOCATE|[202]|Bytes:5
07:09:53.6 (20988656)|HEAP_ALLOCATE|[202]|Bytes:28
07:09:53.6 (20996486)|VARIABLE_SCOPE_BEGIN|[202]|obj|Object|false|false
07:09:53.6 (21006555)|VARIABLE_ASSIGNMENT|[202]|obj|"Map of size 6 too large to display"
07:09:53.6 (21011366)|STATEMENT_EXECUTE|[202]
07:09:53.6 (21013426)|STATEMENT_EXECUTE|[203]
07:09:53.6 (21017475)|VARIABLE_SCOPE_BEGIN|[203]|item|Map<String,ANY>|true|false
07:09:53.6 (21026016)|VARIABLE_ASSIGNMENT|[203]|item|"Map of size 6 too large to display"|0xab903f4
07:09:53.6 (21029907)|STATEMENT_EXECUTE|[204]
07:09:53.6 (21034727)|METHOD_ENTRY|[204]|01pdL00000Up09Z|CpeAiAssistantController.getProductCode(Map<String,ANY>)
07:09:53.6 (21040687)|VARIABLE_SCOPE_BEGIN|[233]|item|Map<String,ANY>|true|false
07:09:53.6 (21048087)|VARIABLE_ASSIGNMENT|[233]|item|"Map of size 6 too large to display"|0xab903f4
07:09:53.6 (21056607)|HEAP_ALLOCATE|[234]|Bytes:5
07:09:53.6 (21060387)|STATEMENT_EXECUTE|[233]
07:09:53.6 (21079178)|STATEMENT_EXECUTE|[234]
07:09:53.6 (21081248)|STATEMENT_EXECUTE|[235]
07:09:53.6 (21096868)|HEAP_ALLOCATE|[235]|Bytes:15
07:09:53.6 (21110028)|METHOD_EXIT|[204]|01pdL00000Up09Z|CpeAiAssistantController.getProductCode(Map<String,ANY>)
07:09:53.6 (21114728)|VARIABLE_SCOPE_BEGIN|[204]|code|String|false|false
07:09:53.6 (21122538)|VARIABLE_ASSIGNMENT|[204]|code|"O_RES_HSI_MODEM"
07:09:53.6 (21126369)|STATEMENT_EXECUTE|[205]
07:09:53.6 (21143869)|VARIABLE_SCOPE_BEGIN|[205]|maxQ|Integer|false|false
07:09:53.6 (21151889)|VARIABLE_ASSIGNMENT|[205]|maxQ|99999
07:09:53.6 (21155329)|STATEMENT_EXECUTE|[206]
07:09:53.6 (21172300)|VARIABLE_SCOPE_BEGIN|[206]|minQ|Integer|false|false
07:09:53.6 (21179770)|VARIABLE_ASSIGNMENT|[206]|minQ|0
07:09:53.6 (21183230)|STATEMENT_EXECUTE|[207]
07:09:53.6 (21200079)|VARIABLE_SCOPE_BEGIN|[207]|defQ|Integer|false|false
07:09:53.6 (21208239)|VARIABLE_ASSIGNMENT|[207]|defQ|1
07:09:53.6 (21220581)|HEAP_ALLOCATE|[214]|Bytes:27
07:09:53.6 (21231951)|HEAP_ALLOCATE|[217]|Bytes:27
07:09:53.6 (21241261)|HEAP_ALLOCATE|[219]|Bytes:15
07:09:53.6 (21247671)|STATEMENT_EXECUTE|[219]
07:09:53.6 (21249991)|STATEMENT_EXECUTE|[220]
07:09:53.6 (21279702)|HEAP_ALLOCATE|[220]|Bytes:4
07:09:53.6 (21288102)|STATEMENT_EXECUTE|[221]
07:09:53.6 (21324273)|STATEMENT_EXECUTE|[224]
07:09:53.6 (21333623)|HEAP_ALLOCATE|[202]|Bytes:5
07:09:53.6 (21346353)|HEAP_ALLOCATE|[202]|Bytes:24
07:09:53.6 (21353593)|VARIABLE_SCOPE_BEGIN|[202]|obj|Object|false|false
07:09:53.6 (21386164)|VARIABLE_ASSIGNMENT|[202]|obj|{"itemType":"childProduct","maxQuantity":99999,"minQuantity":0,"defaultQuantity":0,"ProductCode":"O_RES_HSI_WIFI_EXTEN (3 more) ..."}
07:09:53.6 (21391824)|STATEMENT_EXECUTE|[202]
07:09:53.6 (21393944)|STATEMENT_EXECUTE|[203]
07:09:53.6 (21397684)|VARIABLE_SCOPE_BEGIN|[203]|item|Map<String,ANY>|true|false
07:09:53.6 (21411035)|VARIABLE_ASSIGNMENT|[203]|item|{"itemType":"childProduct","maxQuantity":99999,"minQuantity":0,"defaultQuantity":0,"ProductCode":"O_RES_HSI_WIFI_EXTEN (3 more) ..."}|0x5fcc9a96
07:09:53.6 (21416285)|STATEMENT_EXECUTE|[204]
07:09:53.6 (21420965)|METHOD_ENTRY|[204]|01pdL00000Up09Z|CpeAiAssistantController.getProductCode(Map<String,ANY>)
07:09:53.6 (21426385)|VARIABLE_SCOPE_BEGIN|[233]|item|Map<String,ANY>|true|false
07:09:53.6 (21438365)|VARIABLE_ASSIGNMENT|[233]|item|{"itemType":"childProduct","maxQuantity":99999,"minQuantity":0,"defaultQuantity":0,"ProductCode":"O_RES_HSI_WIFI_EXTEN (3 more) ..."}|0x5fcc9a96
07:09:53.6 (21447145)|HEAP_ALLOCATE|[234]|Bytes:5
07:09:53.6 (21451185)|STATEMENT_EXECUTE|[233]
07:09:53.6 (21469506)|STATEMENT_EXECUTE|[234]
07:09:53.6 (21471586)|STATEMENT_EXECUTE|[235]
07:09:53.6 (21486456)|HEAP_ALLOCATE|[235]|Bytes:23
07:09:53.6 (21500026)|METHOD_EXIT|[204]|01pdL00000Up09Z|CpeAiAssistantController.getProductCode(Map<String,ANY>)
07:09:53.6 (21505016)|VARIABLE_SCOPE_BEGIN|[204]|code|String|false|false
07:09:53.6 (21513267)|VARIABLE_ASSIGNMENT|[204]|code|"O_RES_HSI_WIFI_EXTEN (3 more) ..."
07:09:53.6 (21517227)|STATEMENT_EXECUTE|[205]
07:09:53.6 (21535047)|VARIABLE_SCOPE_BEGIN|[205]|maxQ|Integer|false|false
07:09:53.6 (21542747)|VARIABLE_ASSIGNMENT|[205]|maxQ|99999
07:09:53.6 (21546217)|STATEMENT_EXECUTE|[206]
07:09:53.6 (21563038)|VARIABLE_SCOPE_BEGIN|[206]|minQ|Integer|false|false
07:09:53.6 (21570378)|VARIABLE_ASSIGNMENT|[206]|minQ|0
07:09:53.6 (21573758)|STATEMENT_EXECUTE|[207]
07:09:53.6 (21590148)|VARIABLE_SCOPE_BEGIN|[207]|defQ|Integer|false|false
07:09:53.6 (21597558)|VARIABLE_ASSIGNMENT|[207]|defQ|0
07:09:53.6 (21618069)|STATEMENT_EXECUTE|[209]
07:09:53.6 (21627859)|STATEMENT_EXECUTE|[224]
07:09:53.6 (21635909)|HEAP_ALLOCATE|[202]|Bytes:5
07:09:53.6 (21651620)|VARIABLE_ASSIGNMENT|[202]|obj|null
07:09:53.6 (21663620)|METHOD_EXIT|[187]|01pdL00000Up09Z|CpeAiAssistantController.extractCodes(List<ANY>, Map<String,Map<String,Integer>>)
07:09:53.6 (21669420)|STATEMENT_EXECUTE|[189]
07:09:53.6 (21740121)|HEAP_ALLOCATE|[189]|Bytes:4
07:09:53.6 (21763242)|STATEMENT_EXECUTE|[190]
07:09:53.6 (21810393)|STATEMENT_EXECUTE|[191]
07:09:53.6 (21868504)|HEAP_ALLOCATE|[191]|Bytes:4
07:09:53.6 (21880494)|STATEMENT_EXECUTE|[192]
07:09:53.6 (21927655)|STATEMENT_EXECUTE|[193]
07:09:53.6 (21994197)|STATEMENT_EXECUTE|[194]
07:09:53.6 (22043718)|STATEMENT_EXECUTE|[197]
07:09:53.6 (22053438)|METHOD_EXIT|[75]|01pdL00000Up09Z|CpeAiAssistantController.buildRulePayload(String, String)
07:09:53.6 (22060818)|VARIABLE_SCOPE_BEGIN|[75]|rules|Map<String,Map<String,ANY>>|true|false
07:09:53.6 (22082299)|VARIABLE_ASSIGNMENT|[75]|rules|{"TV + Receiver":{"current":1,"min":0,"max":18},"Modem":{"current":"Wired","min":1,"max":1},"Wi-Fi Access Point":{"current":1,"min":1,"max":11}}|0x5f9efb3e
07:09:53.6 (22087469)|STATEMENT_EXECUTE|[78]
07:09:53.6 (22091299)|HEAP_ALLOCATE|[78]|Bytes:150
07:09:53.6 (22104839)|METHOD_ENTRY|[80]||System.JSON.serialize(Object)
07:09:53.6 (23162161)|METHOD_EXIT|[80]||System.JSON.serialize(Object)
07:09:53.6 (23176321)|HEAP_ALLOCATE|[80]|Bytes:22
07:09:53.6 (23195552)|HEAP_ALLOCATE|[78]|Bytes:334
07:09:53.6 (23230552)|VARIABLE_SCOPE_BEGIN|[78]|fullMessage|String|false|false
07:09:53.6 (23249873)|VARIABLE_ASSIGNMENT|[78]|fullMessage|"System Context: You  (314 more) ..."
07:09:53.6 (23255713)|STATEMENT_EXECUTE|[83]
07:09:53.6 (23259144)|HEAP_ALLOCATE|[84]|Bytes:22
07:09:53.6 (23263473)|HEAP_ALLOCATE|[85]|Bytes:21
07:09:53.6 (23354776)|HEAP_ALLOCATE|[83]|Bytes:12
07:09:53.6 (23361155)|HEAP_ALLOCATE|[83]|Bytes:58
07:09:53.6 (23379406)|SYSTEM_METHOD_ENTRY|[14]|Action.Action()
07:09:53.6 (23383556)|STATEMENT_EXECUTE|[14]
07:09:53.6 (23394017)|SYSTEM_METHOD_EXIT|[14]|Action
07:09:53.6 (23414366)|METHOD_ENTRY|[83]||Invocable.Action.createCustomAction(String, String)
07:09:53.6 (23696852)|METHOD_EXIT|[83]||Invocable.Action.createCustomAction(String, String)
07:09:53.6 (23703043)|VARIABLE_SCOPE_BEGIN|[83]|action|Invocable.Action|true|false
07:09:53.6 (23784025)|VARIABLE_ASSIGNMENT|[83]|action|{"invocations":"0x4501de8b","invokeFromLightningComponent":false,"name":"CPE_Equipment_Manage (1 more) ...","type":"generatePromptRespon (2 more) ..."}|0x73177179
07:09:53.6 (23790605)|STATEMENT_EXECUTE|[88]
07:09:53.6 (23794265)|HEAP_ALLOCATE|[88]|Bytes:17
07:09:53.6 (23860867)|METHOD_ENTRY|[88]||Invocable.Action.setInvocationParameter(String, Object)
07:09:53.6 (24059721)|METHOD_EXIT|[88]||Invocable.Action.setInvocationParameter(String, Object)
07:09:53.6 (24066111)|STATEMENT_EXECUTE|[90]
07:09:53.6 (24075651)|METHOD_ENTRY|[90]||Invocable.Action.invoke()
07:09:57.805 (4805470122)|METHOD_EXIT|[90]||Invocable.Action.invoke()
07:09:57.805 (4805505193)|VARIABLE_SCOPE_BEGIN|[90]|results|List<Invocable.Action.Result>|true|false
07:09:57.805 (4805599675)|VARIABLE_ASSIGNMENT|[90]|results|[{"action":"0x73177179","errors":"0x304bd0c3","invocationParameters":"0x269e870a","outputParameters":"0x38b68fdd","success":true}]|0x38714ff8
07:09:57.805 (4805649556)|STATEMENT_EXECUTE|[92]
07:09:57.805 (4805653346)|STATEMENT_EXECUTE|[96]
07:09:57.805 (4805674596)|HEAP_ALLOCATE|[96]|Bytes:24
07:09:57.805 (4805686106)|VARIABLE_SCOPE_BEGIN|[96]|result|Invocable.Action.Result|true|false
07:09:57.805 (4805718577)|VARIABLE_ASSIGNMENT|[96]|result|{"action":"0x73177179","errors":"0x304bd0c3","invocationParameters":"0x269e870a","outputParameters":"0x38b68fdd","success":true}|0x56d25dfd
07:09:57.805 (4805758688)|METHOD_ENTRY|[98]||Invocable.Action.Result.isSuccess()
07:09:57.805 (4805791119)|METHOD_EXIT|[98]||Invocable.Action.Result.isSuccess()
07:09:57.805 (4805799369)|STATEMENT_EXECUTE|[98]
07:09:57.805 (4805802749)|STATEMENT_EXECUTE|[104]
07:09:57.805 (4805814089)|METHOD_ENTRY|[104]||Invocable.Action.Result.getOutputParameters()
07:09:57.805 (4805839510)|METHOD_EXIT|[104]||Invocable.Action.Result.getOutputParameters()
07:09:57.805 (4805846730)|VARIABLE_SCOPE_BEGIN|[104]|outputs|Map<String,ANY>|true|false
07:09:57.805 (4805872800)|VARIABLE_ASSIGNMENT|[104]|outputs|{"promptResponse":"{\n  \"message\": \"Adde (166 more) ..."}|0x38b68fdd
07:09:57.805 (4805881830)|STATEMENT_EXECUTE|[105]
07:09:57.805 (4805885791)|STATEMENT_EXECUTE|[110]
07:09:57.805 (4805891091)|HEAP_ALLOCATE|[110]|Bytes:14
07:09:57.805 (4805934102)|VARIABLE_SCOPE_BEGIN|[110]|promptRespObj|Object|false|false
07:09:57.805 (4805951652)|VARIABLE_ASSIGNMENT|[110]|promptRespObj|"{\n  \"message\": \"Adde (166 more) ..."
07:09:57.805 (4805957992)|STATEMENT_EXECUTE|[111]
07:09:57.805 (4805963612)|VARIABLE_SCOPE_BEGIN|[111]|rawResponse|String|false|false
07:09:57.805 (4805975272)|VARIABLE_ASSIGNMENT|[111]|rawResponse|null
07:09:57.805 (4805981333)|STATEMENT_EXECUTE|[113]
07:09:57.805 (4805984813)|STATEMENT_EXECUTE|[114]
07:09:57.805 (4806024083)|HEAP_ALLOCATE|[114]|Bytes:186
07:09:57.805 (4806046634)|VARIABLE_ASSIGNMENT|[114]|rawResponse|"{\n  \"message\": \"Adde (166 more) ..."
07:09:57.805 (4806081895)|STATEMENT_EXECUTE|[119]
07:09:57.805 (4806085495)|STATEMENT_EXECUTE|[123]
07:09:57.805 (4806089705)|VARIABLE_SCOPE_BEGIN|[123]|cleanResponse|String|false|false
07:09:57.805 (4806101715)|VARIABLE_ASSIGNMENT|[123]|cleanResponse|null
07:09:57.805 (4806106825)|STATEMENT_EXECUTE|[124]
07:09:57.805 (4806109565)|STATEMENT_EXECUTE|[124]
07:09:57.805 (4806112485)|STATEMENT_EXECUTE|[125]
07:09:57.805 (4806123576)|METHOD_ENTRY|[125]||System.JSON.deserializeUntyped(String)
07:09:57.805 (4806603176)|METHOD_EXIT|[125]||System.JSON.deserializeUntyped(String)
07:09:57.805 (4806617936)|VARIABLE_SCOPE_BEGIN|[125]|parsed|Map<String,ANY>|true|false
07:09:57.805 (4806652097)|VARIABLE_ASSIGNMENT|[125]|parsed|{"message":"Added 2 TV + Receive (52 more) ...","newState":{"TV + Receiver":3,"Modem":"Wired","Wi-Fi Access Point":1}}|0xa41ff42
07:09:57.805 (4806662317)|HEAP_ALLOCATE|[126]|Bytes:5
07:09:57.805 (4806699208)|STATEMENT_EXECUTE|[128]
07:09:57.805 (4806702768)|STATEMENT_EXECUTE|[129]
07:09:57.805 (4806712268)|VARIABLE_ASSIGNMENT|[129]|cleanResponse|"{\n  \"message\": \"Adde (166 more) ..."
07:09:57.805 (4806720158)|STATEMENT_EXECUTE|[135]
07:09:57.805 (4806723198)|STATEMENT_EXECUTE|[136]
07:09:57.805 (4806728218)|HEAP_ALLOCATE|[136]|Bytes:3
07:09:57.805 (4806735228)|HEAP_ALLOCATE|[136]|Bytes:1
07:09:57.805 (4806797410)|HEAP_ALLOCATE|[136]|Bytes:186
07:09:57.805 (4806817880)|VARIABLE_ASSIGNMENT|[136]|cleanResponse|"{\n  \"message\": \"Adde (166 more) ..."
07:09:57.805 (4806823120)|STATEMENT_EXECUTE|[137]
07:09:57.805 (4806826950)|HEAP_ALLOCATE|[137]|Bytes:2
07:09:57.805 (4806852481)|HEAP_ALLOCATE|[137]|Bytes:186
07:09:57.805 (4806869161)|VARIABLE_ASSIGNMENT|[137]|cleanResponse|"{\n  \"message\": \"Adde (166 more) ..."
07:09:57.805 (4806874761)|STATEMENT_EXECUTE|[138]
07:09:57.805 (4806878721)|HEAP_ALLOCATE|[138]|Bytes:3
07:09:57.805 (4806885291)|HEAP_ALLOCATE|[138]|Bytes:1
07:09:57.805 (4806913983)|HEAP_ALLOCATE|[138]|Bytes:186
07:09:57.805 (4806932823)|VARIABLE_ASSIGNMENT|[138]|cleanResponse|"{\n  \"message\": \"Adde (166 more) ..."
07:09:57.805 (4806939104)|STATEMENT_EXECUTE|[142]
07:09:57.805 (4806952793)|METHOD_ENTRY|[142]|01pdL00000Up09Z|CpeAiAssistantController.parseAndValidateAgentResponse(String, Map<String,Map<String,ANY>>)
07:09:57.805 (4806967443)|VARIABLE_SCOPE_BEGIN|[261]|rawResponse|String|false|false
07:09:57.805 (4806980003)|VARIABLE_ASSIGNMENT|[261]|rawResponse|"{\n  \"message\": \"Adde (166 more) ..."
07:09:57.805 (4806986385)|VARIABLE_SCOPE_BEGIN|[261]|rules|Map<String,Map<String,ANY>>|true|false
07:09:57.805 (4807010694)|VARIABLE_ASSIGNMENT|[261]|rules|{"TV + Receiver":{"current":1,"min":0,"max":18},"Modem":{"current":"Wired","min":1,"max":1},"Wi-Fi Access Point":{"current":1,"min":1,"max":11}}|0x5f9efb3e
07:09:57.805 (4807033644)|HEAP_ALLOCATE|[262]|Bytes:5
07:09:57.805 (4807040466)|STATEMENT_EXECUTE|[261]
07:09:57.805 (4807043165)|STATEMENT_EXECUTE|[262]
07:09:57.805 (4807055466)|HEAP_ALLOCATE|[262]|Bytes:4
07:09:57.805 (4807066275)|VARIABLE_SCOPE_BEGIN|[262]|finalResponse|Map<String,ANY>|true|false
07:09:57.805 (4807079915)|VARIABLE_ASSIGNMENT|[262]|finalResponse|{}|0x7e33bc19
07:09:57.805 (4807086227)|STATEMENT_EXECUTE|[264]
07:09:57.805 (4807088907)|STATEMENT_EXECUTE|[264]
07:09:57.805 (4807091326)|STATEMENT_EXECUTE|[265]
07:09:57.805 (4807098307)|METHOD_ENTRY|[265]||System.JSON.deserializeUntyped(String)
07:09:57.805 (4807541335)|METHOD_EXIT|[265]||System.JSON.deserializeUntyped(String)
07:09:57.805 (4807554956)|VARIABLE_SCOPE_BEGIN|[265]|parsed|Map<String,ANY>|true|false
07:09:57.805 (4807587456)|VARIABLE_ASSIGNMENT|[265]|parsed|{"message":"Added 2 TV + Receive (52 more) ...","newState":{"TV + Receiver":3,"Modem":"Wired","Wi-Fi Access Point":1}}|0x1eeae511
07:09:57.805 (4807597447)|HEAP_ALLOCATE|[267]|Bytes:8
07:09:57.805 (4807635537)|STATEMENT_EXECUTE|[267]
07:09:57.805 (4807638438)|STATEMENT_EXECUTE|[268]
07:09:57.805 (4807666618)|VARIABLE_SCOPE_BEGIN|[268]|newStateRaw|Map<String,ANY>|true|false
07:09:57.805 (4807682239)|VARIABLE_ASSIGNMENT|[268]|newStateRaw|{"TV + Receiver":3,"Modem":"Wired","Wi-Fi Access Point":1}|0x49db0c00
07:09:57.805 (4807687159)|STATEMENT_EXECUTE|[269]
07:09:57.805 (4807693409)|HEAP_ALLOCATE|[269]|Bytes:4
07:09:57.805 (4807701298)|VARIABLE_SCOPE_BEGIN|[269]|normalizedState|Map<String,ANY>|true|false
07:09:57.805 (4807711419)|VARIABLE_ASSIGNMENT|[269]|normalizedState|{}|0xad2406d
07:09:57.805 (4807715819)|STATEMENT_EXECUTE|[271]
07:09:57.805 (4807719429)|VARIABLE_SCOPE_BEGIN|[271]|changedCpeCount|Integer|false|false
07:09:57.805 (4807724389)|HEAP_ALLOCATE|[271]|Bytes:4
07:09:57.805 (4807730930)|VARIABLE_ASSIGNMENT|[271]|changedCpeCount|0
07:09:57.805 (4807771301)|HEAP_ALLOCATE|[273]|Bytes:52
07:09:57.805 (4807808892)|HEAP_ALLOCATE|[273]|Bytes:5
07:09:57.805 (4807825791)|VARIABLE_SCOPE_BEGIN|[273]|key|String|false|false
07:09:57.805 (4807834231)|VARIABLE_ASSIGNMENT|[273]|key|"TV + Receiver"
07:09:57.805 (4807839871)|STATEMENT_EXECUTE|[273]
07:09:57.805 (4807842252)|STATEMENT_EXECUTE|[274]
07:09:57.805 (4807848791)|METHOD_ENTRY|[274]|01pdL00000Up09Z|CpeAiAssistantController.normalizeProductName(String)
07:09:57.805 (4807857552)|VARIABLE_SCOPE_BEGIN|[252]|rawName|String|false|false
07:09:57.805 (4807865472)|VARIABLE_ASSIGNMENT|[252]|rawName|"TV + Receiver"
07:09:57.805 (4807877773)|HEAP_ALLOCATE|[253]|Bytes:5
07:09:57.805 (4807884083)|STATEMENT_EXECUTE|[252]
07:09:57.805 (4807907593)|STATEMENT_EXECUTE|[253]
07:09:57.805 (4807910564)|STATEMENT_EXECUTE|[254]
07:09:57.805 (4807923244)|HEAP_ALLOCATE|[254]|Bytes:13
07:09:57.805 (4807935964)|VARIABLE_SCOPE_BEGIN|[254]|lower|String|false|false
07:09:57.805 (4807947845)|VARIABLE_ASSIGNMENT|[254]|lower|"tv + receiver"
07:09:57.805 (4807972565)|STATEMENT_EXECUTE|[255]
07:09:57.805 (4807984465)|METHOD_EXIT|[274]|01pdL00000Up09Z|CpeAiAssistantController.normalizeProductName(String)
07:09:57.805 (4807992205)|VARIABLE_SCOPE_BEGIN|[274]|normKey|String|false|false
07:09:57.805 (4808004096)|VARIABLE_ASSIGNMENT|[274]|normKey|"TV + Receiver"
07:09:57.805 (4808037306)|HEAP_ALLOCATE|[276]|Bytes:17
07:09:57.805 (4808098068)|STATEMENT_EXECUTE|[276]
07:09:57.805 (4808101978)|STATEMENT_EXECUTE|[277]
07:09:57.805 (4808131248)|VARIABLE_SCOPE_BEGIN|[277]|qty|Integer|false|false
07:09:57.805 (4808144449)|VARIABLE_ASSIGNMENT|[277]|qty|3
07:09:57.805 (4808172369)|STATEMENT_EXECUTE|[279]
07:09:57.805 (4808175259)|STATEMENT_EXECUTE|[280]
07:09:57.805 (4808179358)|VARIABLE_SCOPE_BEGIN|[280]|current|Integer|false|false
07:09:57.805 (4808187390)|HEAP_ALLOCATE|[280]|Bytes:4
07:09:57.805 (4808196239)|VARIABLE_ASSIGNMENT|[280]|current|0
07:09:57.805 (4808248821)|STATEMENT_EXECUTE|[281]
07:09:57.805 (4808252171)|STATEMENT_EXECUTE|[282]
07:09:57.805 (4808294132)|VARIABLE_ASSIGNMENT|[282]|current|1
07:09:57.805 (4808301302)|STATEMENT_EXECUTE|[284]
07:09:57.805 (4808338153)|VARIABLE_SCOPE_BEGIN|[284]|max|Integer|false|false
07:09:57.805 (4808349633)|VARIABLE_ASSIGNMENT|[284]|max|18
07:09:57.805 (4808355523)|STATEMENT_EXECUTE|[285]
07:09:57.805 (4808392184)|VARIABLE_SCOPE_BEGIN|[285]|min|Integer|false|false
07:09:57.805 (4808403244)|VARIABLE_ASSIGNMENT|[285]|min|0
07:09:57.805 (4808414624)|STATEMENT_EXECUTE|[287]
07:09:57.805 (4808417884)|STATEMENT_EXECUTE|[295]
07:09:57.805 (4808454285)|HEAP_ALLOCATE|[EXTERNAL]|Bytes:-4
07:09:57.805 (4808476416)|STATEMENT_EXECUTE|[297]
07:09:57.805 (4808479266)|STATEMENT_EXECUTE|[298]
07:09:57.805 (4808483536)|HEAP_ALLOCATE|[298]|Bytes:4
07:09:57.805 (4808494116)|VARIABLE_ASSIGNMENT|[298]|changedCpeCount|1
07:09:57.805 (4808513326)|HEAP_ALLOCATE|[273]|Bytes:5
07:09:57.805 (4808529737)|VARIABLE_SCOPE_BEGIN|[273]|key|String|false|false
07:09:57.805 (4808540547)|VARIABLE_ASSIGNMENT|[273]|key|"Modem"
07:09:57.805 (4808546537)|STATEMENT_EXECUTE|[273]
07:09:57.805 (4808549337)|STATEMENT_EXECUTE|[274]
07:09:57.805 (4808555747)|METHOD_ENTRY|[274]|01pdL00000Up09Z|CpeAiAssistantController.normalizeProductName(String)
07:09:57.805 (4808563257)|VARIABLE_SCOPE_BEGIN|[252]|rawName|String|false|false
07:09:57.805 (4808573258)|VARIABLE_ASSIGNMENT|[252]|rawName|"Modem"
07:09:57.805 (4808584368)|HEAP_ALLOCATE|[253]|Bytes:5
07:09:57.805 (4808589098)|STATEMENT_EXECUTE|[252]
07:09:57.805 (4808610238)|STATEMENT_EXECUTE|[253]
07:09:57.805 (4808612968)|STATEMENT_EXECUTE|[254]
07:09:57.805 (4808623699)|HEAP_ALLOCATE|[254]|Bytes:5
07:09:57.805 (4808636299)|VARIABLE_SCOPE_BEGIN|[254]|lower|String|false|false
07:09:57.805 (4808648499)|VARIABLE_ASSIGNMENT|[254]|lower|"modem"
07:09:57.805 (4808683400)|STATEMENT_EXECUTE|[255]
07:09:57.805 (4808750211)|STATEMENT_EXECUTE|[256]
07:09:57.805 (4808766622)|STATEMENT_EXECUTE|[257]
07:09:57.805 (4808775392)|METHOD_EXIT|[274]|01pdL00000Up09Z|CpeAiAssistantController.normalizeProductName(String)
07:09:57.805 (4808783422)|VARIABLE_SCOPE_BEGIN|[274]|normKey|String|false|false
07:09:57.805 (4808794222)|VARIABLE_ASSIGNMENT|[274]|normKey|"Modem"
07:09:57.805 (4808858544)|HEAP_ALLOCATE|[303]|Bytes:16
07:09:57.805 (4808876974)|STATEMENT_EXECUTE|[303]
07:09:57.805 (4808880044)|STATEMENT_EXECUTE|[305]
07:09:57.805 (4808937935)|HEAP_ALLOCATE|[EXTERNAL]|Bytes:-4
07:09:57.805 (4808948845)|STATEMENT_EXECUTE|[306]
07:09:57.805 (4808953616)|VARIABLE_SCOPE_BEGIN|[306]|currentStr|String|false|false
07:09:57.805 (4808965426)|VARIABLE_ASSIGNMENT|[306]|currentStr|""
07:09:57.805 (4809026907)|STATEMENT_EXECUTE|[307]
07:09:57.805 (4809031627)|STATEMENT_EXECUTE|[308]
07:09:57.805 (4809073208)|VARIABLE_ASSIGNMENT|[308]|currentStr|"Wired"
07:09:57.805 (4809113379)|HEAP_ALLOCATE|[310]|Bytes:5
07:09:57.805 (4809138129)|STATEMENT_EXECUTE|[310]
07:09:57.805 (4809153760)|HEAP_ALLOCATE|[273]|Bytes:5
07:09:57.805 (4809172260)|VARIABLE_SCOPE_BEGIN|[273]|key|String|false|false
07:09:57.805 (4809186750)|VARIABLE_ASSIGNMENT|[273]|key|"Wi-Fi Access Point"
07:09:57.805 (4809192561)|STATEMENT_EXECUTE|[273]
07:09:57.805 (4809195351)|STATEMENT_EXECUTE|[274]
07:09:57.805 (4809202131)|METHOD_ENTRY|[274]|01pdL00000Up09Z|CpeAiAssistantController.normalizeProductName(String)
07:09:57.805 (4809209791)|VARIABLE_SCOPE_BEGIN|[252]|rawName|String|false|false
07:09:57.805 (4809219831)|VARIABLE_ASSIGNMENT|[252]|rawName|"Wi-Fi Access Point"
07:09:57.805 (4809232891)|HEAP_ALLOCATE|[253]|Bytes:5
07:09:57.805 (4809239191)|STATEMENT_EXECUTE|[252]
07:09:57.805 (4809261652)|STATEMENT_EXECUTE|[253]
07:09:57.805 (4809264902)|STATEMENT_EXECUTE|[254]
07:09:57.805 (4809278002)|HEAP_ALLOCATE|[254]|Bytes:18
07:09:57.805 (4809292443)|VARIABLE_SCOPE_BEGIN|[254]|lower|String|false|false
07:09:57.805 (4809306793)|VARIABLE_ASSIGNMENT|[254]|lower|"wi-fi access point"
07:09:57.805 (4809341144)|STATEMENT_EXECUTE|[255]
07:09:57.805 (4809358914)|STATEMENT_EXECUTE|[256]
07:09:57.805 (4809367364)|METHOD_EXIT|[274]|01pdL00000Up09Z|CpeAiAssistantController.normalizeProductName(String)
07:09:57.805 (4809392795)|VARIABLE_SCOPE_BEGIN|[274]|normKey|String|false|false
07:09:57.805 (4809404245)|VARIABLE_ASSIGNMENT|[274]|normKey|"Wi-Fi Access Point"
07:09:57.805 (4809429505)|STATEMENT_EXECUTE|[276]
07:09:57.805 (4809432456)|STATEMENT_EXECUTE|[277]
07:09:57.805 (4809446206)|VARIABLE_SCOPE_BEGIN|[277]|qty|Integer|false|false
07:09:57.805 (4809459366)|VARIABLE_ASSIGNMENT|[277]|qty|1
07:09:57.805 (4809474006)|STATEMENT_EXECUTE|[279]
07:09:57.805 (4809476726)|STATEMENT_EXECUTE|[280]
07:09:57.805 (4809480358)|VARIABLE_SCOPE_BEGIN|[280]|current|Integer|false|false
07:09:57.805 (4809487387)|HEAP_ALLOCATE|[280]|Bytes:4
07:09:57.805 (4809495697)|VARIABLE_ASSIGNMENT|[280]|current|0
07:09:57.805 (4809533498)|STATEMENT_EXECUTE|[281]
07:09:57.805 (4809536519)|STATEMENT_EXECUTE|[282]
07:09:57.805 (4809563828)|VARIABLE_ASSIGNMENT|[282]|current|1
07:09:57.805 (4809570288)|STATEMENT_EXECUTE|[284]
07:09:57.805 (4809595920)|VARIABLE_SCOPE_BEGIN|[284]|max|Integer|false|false
07:09:57.805 (4809609960)|VARIABLE_ASSIGNMENT|[284]|max|11
07:09:57.805 (4809616179)|STATEMENT_EXECUTE|[285]
07:09:57.805 (4809645170)|VARIABLE_SCOPE_BEGIN|[285]|min|Integer|false|false
07:09:57.805 (4809656870)|VARIABLE_ASSIGNMENT|[285]|min|1
07:09:57.805 (4809665590)|STATEMENT_EXECUTE|[287]
07:09:57.805 (4809669150)|STATEMENT_EXECUTE|[295]
07:09:57.805 (4809690031)|HEAP_ALLOCATE|[EXTERNAL]|Bytes:-4
07:09:57.805 (4809704051)|STATEMENT_EXECUTE|[297]
07:09:57.805 (4809720612)|HEAP_ALLOCATE|[273]|Bytes:5
07:09:57.805 (4809738532)|VARIABLE_ASSIGNMENT|[273]|key|null
07:09:57.805 (4809805084)|HEAP_ALLOCATE|[317]|Bytes:52
07:09:57.805 (4809848414)|HEAP_ALLOCATE|[317]|Bytes:5
07:09:57.805 (4809867395)|VARIABLE_SCOPE_BEGIN|[317]|ruleKey|String|false|false
07:09:57.805 (4809880735)|VARIABLE_ASSIGNMENT|[317]|ruleKey|"TV + Receiver"
07:09:57.805 (4809886495)|STATEMENT_EXECUTE|[317]
07:09:57.805 (4809916727)|STATEMENT_EXECUTE|[318]
07:09:57.805 (4809929946)|HEAP_ALLOCATE|[317]|Bytes:5
07:09:57.805 (4809946447)|VARIABLE_SCOPE_BEGIN|[317]|ruleKey|String|false|false
07:09:57.805 (4809958097)|VARIABLE_ASSIGNMENT|[317]|ruleKey|"Modem"
07:09:57.805 (4809963987)|STATEMENT_EXECUTE|[317]
07:09:57.805 (4809977187)|STATEMENT_EXECUTE|[318]
07:09:57.805 (4809986637)|HEAP_ALLOCATE|[317]|Bytes:5
07:09:57.805 (4810000138)|VARIABLE_SCOPE_BEGIN|[317]|ruleKey|String|false|false
07:09:57.805 (4810012459)|VARIABLE_ASSIGNMENT|[317]|ruleKey|"Wi-Fi Access Point"
07:09:57.805 (4810018009)|STATEMENT_EXECUTE|[317]
07:09:57.805 (4810030628)|STATEMENT_EXECUTE|[318]
07:09:57.805 (4810040699)|HEAP_ALLOCATE|[317]|Bytes:5
07:09:57.805 (4810055069)|VARIABLE_ASSIGNMENT|[317]|ruleKey|null
07:09:57.805 (4810062039)|STATEMENT_EXECUTE|[323]
07:09:57.805 (4810089639)|HEAP_ALLOCATE|[EXTERNAL]|Bytes:-4
07:09:57.805 (4810100460)|STATEMENT_EXECUTE|[326]
07:09:57.805 (4810119520)|HEAP_ALLOCATE|[326]|Bytes:4
07:09:57.805 (4810156041)|VARIABLE_SCOPE_BEGIN|[326]|stateChanges|List<Map<String,ANY>>|true|false
07:09:57.805 (4810187521)|HEAP_ALLOCATE|[EXTERNAL]|Bytes:4
07:09:57.805 (4810205682)|VARIABLE_ASSIGNMENT|[326]|stateChanges|[]|0x6ca1f8c8
07:09:57.805 (4810240802)|HEAP_ALLOCATE|[327]|Bytes:52
07:09:57.805 (4810273953)|HEAP_ALLOCATE|[327]|Bytes:5
07:09:57.805 (4810289734)|VARIABLE_SCOPE_BEGIN|[327]|key|String|false|false
07:09:57.805 (4810301634)|VARIABLE_ASSIGNMENT|[327]|key|"TV + Receiver"
07:09:57.805 (4810307004)|STATEMENT_EXECUTE|[327]
07:09:57.805 (4810331335)|STATEMENT_EXECUTE|[328]
07:09:57.805 (4810334724)|STATEMENT_EXECUTE|[329]
07:09:57.805 (4810417187)|VARIABLE_SCOPE_BEGIN|[329]|newVal|Object|false|false
07:09:57.805 (4810433766)|VARIABLE_ASSIGNMENT|[329]|newVal|3
07:09:57.805 (4810439247)|STATEMENT_EXECUTE|[330]
07:09:57.805 (4810483207)|VARIABLE_SCOPE_BEGIN|[330]|curVal|Object|false|false
07:09:57.805 (4810497469)|VARIABLE_ASSIGNMENT|[330]|curVal|1
07:09:57.805 (4810641832)|STATEMENT_EXECUTE|[332]
07:09:57.805 (4810644982)|STATEMENT_EXECUTE|[333]
07:09:57.805 (4810655882)|HEAP_ALLOCATE|[333]|Bytes:4
07:09:57.805 (4810668762)|HEAP_ALLOCATE|[334]|Bytes:5
07:09:57.805 (4810710492)|HEAP_ALLOCATE|[334]|Bytes:13
07:09:57.805 (4810755733)|HEAP_ALLOCATE|[335]|Bytes:11
07:09:57.805 (4810788705)|HEAP_ALLOCATE|[336]|Bytes:8
07:09:57.805 (4810812685)|HEAP_ALLOCATE|[337]|Bytes:8
07:09:57.805 (4810831806)|HEAP_ALLOCATE|[338]|Bytes:5
07:09:57.805 (4810864906)|HEAP_ALLOCATE|[333]|Bytes:4
07:09:57.805 (4810878696)|VARIABLE_SCOPE_BEGIN|[333]|change|Map<String,ANY>|true|false
07:09:57.805 (4810917838)|VARIABLE_ASSIGNMENT|[333]|change|{"label":"TV + RECEIVER","productCode":"O_RES_TV_PLUS_STB","oldUnits":1,"newUnits":3,"units":2}|0x2ddf3d63
07:09:57.805 (4810985289)|STATEMENT_EXECUTE|[341]
07:09:57.805 (4810989209)|STATEMENT_EXECUTE|[342]
07:09:57.805 (4810994399)|HEAP_ALLOCATE|[342]|Bytes:14
07:09:57.805 (4811045510)|HEAP_ALLOCATE|[342]|Bytes:4
07:09:57.805 (4811060430)|HEAP_ALLOCATE|[EXTERNAL]|Bytes:-4
07:09:57.805 (4811078901)|STATEMENT_EXECUTE|[346]
07:09:57.805 (4811084001)|HEAP_ALLOCATE|[346]|Bytes:12
07:09:57.805 (4811090651)|HEAP_ALLOCATE|[346]|Bytes:7
07:09:57.805 (4811119882)|HEAP_ALLOCATE|[EXTERNAL]|Bytes:-4
07:09:57.805 (4811131732)|STATEMENT_EXECUTE|[350]
07:09:57.805 (4811163133)|HEAP_ALLOCATE|[EXTERNAL]|Bytes:4
07:09:57.805 (4811187693)|HEAP_ALLOCATE|[327]|Bytes:5
07:09:57.805 (4811237794)|VARIABLE_SCOPE_BEGIN|[327]|key|String|false|false
07:09:57.805 (4811253235)|VARIABLE_ASSIGNMENT|[327]|key|"Modem"
07:09:57.805 (4811260005)|STATEMENT_EXECUTE|[327]
07:09:57.805 (4811275855)|STATEMENT_EXECUTE|[328]
07:09:57.805 (4811279305)|STATEMENT_EXECUTE|[329]
07:09:57.805 (4811297015)|VARIABLE_SCOPE_BEGIN|[329]|newVal|Object|false|false
07:09:57.805 (4811313546)|VARIABLE_ASSIGNMENT|[329]|newVal|"Wired"
07:09:57.805 (4811318836)|STATEMENT_EXECUTE|[330]
07:09:57.805 (4811352137)|VARIABLE_SCOPE_BEGIN|[330]|curVal|Object|false|false
07:09:57.805 (4811366357)|VARIABLE_ASSIGNMENT|[330]|curVal|"Wired"
07:09:57.805 (4811386907)|STATEMENT_EXECUTE|[332]
07:09:57.805 (4811397768)|HEAP_ALLOCATE|[327]|Bytes:5
07:09:57.805 (4811413438)|VARIABLE_SCOPE_BEGIN|[327]|key|String|false|false
07:09:57.805 (4811426428)|VARIABLE_ASSIGNMENT|[327]|key|"Wi-Fi Access Point"
07:09:57.805 (4811432118)|STATEMENT_EXECUTE|[327]
07:09:57.805 (4811444978)|STATEMENT_EXECUTE|[328]
07:09:57.805 (4811447939)|STATEMENT_EXECUTE|[329]
07:09:57.805 (4811465349)|VARIABLE_SCOPE_BEGIN|[329]|newVal|Object|false|false
07:09:57.805 (4811481319)|VARIABLE_ASSIGNMENT|[329]|newVal|1
07:09:57.805 (4811486819)|STATEMENT_EXECUTE|[330]
07:09:57.805 (4811518280)|VARIABLE_SCOPE_BEGIN|[330]|curVal|Object|false|false
07:09:57.805 (4811534120)|VARIABLE_ASSIGNMENT|[330]|curVal|1
07:09:57.805 (4811556571)|STATEMENT_EXECUTE|[332]
07:09:57.805 (4811569081)|HEAP_ALLOCATE|[327]|Bytes:5
07:09:57.805 (4811587061)|VARIABLE_ASSIGNMENT|[327]|key|null
07:09:57.805 (4811593362)|STATEMENT_EXECUTE|[354]
07:09:57.805 (4811597832)|HEAP_ALLOCATE|[354]|Bytes:12
07:09:57.805 (4811631552)|HEAP_ALLOCATE|[EXTERNAL]|Bytes:-4
07:09:57.805 (4811644303)|HEAP_ALLOCATE|[355]|Bytes:7
07:09:57.805 (4811683883)|STATEMENT_EXECUTE|[355]
07:09:57.805 (4811686964)|STATEMENT_EXECUTE|[356]
07:09:57.805 (4811719384)|HEAP_ALLOCATE|[EXTERNAL]|Bytes:-4
07:09:57.805 (4811733524)|STATEMENT_EXECUTE|[360]
07:09:57.805 (4811737535)|STATEMENT_EXECUTE|[361]
07:09:57.805 (4811742005)|HEAP_ALLOCATE|[361]|Bytes:21
07:09:57.805 (4811781765)|HEAP_ALLOCATE|[361]|Bytes:5
07:09:57.805 (4811789556)|HEAP_ALLOCATE|[EXTERNAL]|Bytes:-4
07:09:57.805 (4811800966)|STATEMENT_EXECUTE|[373]
07:09:57.805 (4811816706)|METHOD_EXIT|[142]|01pdL00000Up09Z|CpeAiAssistantController.parseAndValidateAgentResponse(String, Map<String,Map<String,ANY>>)
07:09:57.805 (4811826296)|VARIABLE_SCOPE_BEGIN|[142]|validatedResponse|Map<String,ANY>|true|false
07:09:57.805 (4811861597)|VARIABLE_ASSIGNMENT|[142]|validatedResponse|{"newState":{"TV + Receiver":3,"Modem":"Wired","Wi-Fi Access Point":1},"stateChanges":["Map of size 7 too large to display"],"message":"Added 2 TV + Receive (52 more) ...","requireOtherCpePrompt":true}|0x7e33bc19
07:09:57.805 (4811870887)|STATEMENT_EXECUTE|[144]
07:09:57.805 (4811882128)|METHOD_ENTRY|[144]||System.JSON.serialize(Object)
07:09:57.805 (4813201926)|METHOD_EXIT|[144]||System.JSON.serialize(Object)
07:09:57.813 (4813318058)|CUMULATIVE_LIMIT_USAGE
07:09:57.813 (4813318058)|LIMIT_USAGE_FOR_NS|(default)|
  Number of SOQL queries: 0 out of 100
  Number of query rows: 0 out of 50000
  Number of SOSL queries: 0 out of 20
  Number of DML statements: 0 out of 150
  Number of Publish Immediate DML: 0 out of 150
  Number of DML rows: 0 out of 10000
  Maximum CPU time: 1674 out of 10000
  Maximum heap size: 0 out of 6000000
  Number of callouts: 0 out of 100
  Number of Email Invocations: 0 out of 10
  Number of future calls: 0 out of 50
  Number of queueable jobs added to the queue: 0 out of 50
  Number of Mobile Apex push calls: 0 out of 10

07:09:57.813 (4813318058)|CUMULATIVE_LIMIT_USAGE_END

07:09:57.805 (4813401810)|CODE_UNIT_FINISHED|CpeAiAssistantController.sendMessageToAgent(String, String, String)
07:09:57.805 (4813710986)|CODE_UNIT_FINISHED|apex://CpeAiAssistantController/ACTION$sendMessageToAgent
07:09:57.805 (4813727297)|EXECUTION_FINISHED
