66.0 APEX_CODE,FINEST;APEX_PROFILING,INFO;CALLOUT,INFO;DATA_ACCESS,INFO;DB,INFO;NBA,INFO;SYSTEM,DEBUG;VALIDATION,INFO;VISUALFORCE,INFO;WAVE,INFO;WORKFLOW,INFO
07:32:29.1 (1778760)|USER_INFO|[EXTERNAL]|005dL00001kiJYb|abhijithshaibinu001.b869139f1496@agentforce.com|(GMT-07:00) Pacific Daylight Time (America/Los_Angeles)|GMT-07:00
07:32:29.1 (1855302)|EXECUTION_STARTED
07:32:29.1 (1890143)|CODE_UNIT_STARTED|[EXTERNAL]|apex://CpeAiAssistantController/ACTION$sendMessageToAgent
07:32:29.1 (5702960)|CODE_UNIT_STARTED|[EXTERNAL]|01pdL00000Up09Z|CpeAiAssistantController.sendMessageToAgent(String, String, String, String)
07:32:29.1 (9045288)|HEAP_ALLOCATE|[95]|Bytes:3
07:32:29.1 (9243032)|HEAP_ALLOCATE|[100]|Bytes:152
07:32:29.1 (9267513)|HEAP_ALLOCATE|[417]|Bytes:408
07:32:29.1 (9290663)|HEAP_ALLOCATE|[430]|Bytes:408
07:32:29.1 (9333754)|HEAP_ALLOCATE|[317]|Bytes:6
07:32:29.1 (9358475)|HEAP_ALLOCATE|[EXTERNAL]|Bytes:44
07:32:29.1 (9373065)|HEAP_ALLOCATE|[EXTERNAL]|Bytes:6
07:32:29.1 (9422116)|METHOD_ENTRY|[1]|01pdL00000Up09Z|CpeAiAssistantController.CpeAiAssistantController()
07:32:29.1 (9445987)|STATEMENT_EXECUTE|[1]
07:32:29.1 (9470668)|STATEMENT_EXECUTE|[1]
07:32:29.1 (9498898)|HEAP_ALLOCATE|[68]|Bytes:5
07:32:29.1 (9556069)|HEAP_ALLOCATE|[74]|Bytes:5
07:32:29.1 (9568900)|HEAP_ALLOCATE|[82]|Bytes:7
07:32:29.1 (10187224)|HEAP_ALLOCATE|[EXTERNAL]|Bytes:5
07:32:29.1 (10230205)|METHOD_EXIT|[1]|CpeAiAssistantController
07:32:29.1 (10242545)|HEAP_ALLOCATE|[EXTERNAL]|Bytes:20
07:32:29.1 (10249276)|HEAP_ALLOCATE|[EXTERNAL]|Bytes:734
07:32:29.1 (10254125)|HEAP_ALLOCATE|[EXTERNAL]|Bytes:58
07:32:29.1 (10259015)|HEAP_ALLOCATE|[EXTERNAL]|Bytes:118
07:32:29.1 (10280226)|VARIABLE_SCOPE_BEGIN|[71]|userMessage|String|false|false
07:32:29.1 (10464410)|VARIABLE_ASSIGNMENT|[71]|userMessage|"Change modem to wifi"
07:32:29.1 (10477361)|VARIABLE_SCOPE_BEGIN|[71]|cpeItemsJson|String|false|false
07:32:29.1 (10493261)|VARIABLE_ASSIGNMENT|[71]|cpeItemsJson|"{\n  \"CpeItems\": [\n   (714 more) ..."
07:32:29.1 (10500011)|VARIABLE_SCOPE_BEGIN|[71]|currentCartJson|String|false|false
07:32:29.1 (10512191)|VARIABLE_ASSIGNMENT|[71]|currentCartJson|"{\"TV + Receiver\":1,\" (38 more) ..."
07:32:29.1 (10518602)|VARIABLE_SCOPE_BEGIN|[71]|chatHistory|String|false|false
07:32:29.1 (10530352)|VARIABLE_ASSIGNMENT|[71]|chatHistory|"Technician: Change M (98 more) ..."
07:32:29.1 (10549752)|HEAP_ALLOCATE|[72]|Bytes:5
07:32:29.1 (10557982)|STATEMENT_EXECUTE|[71]
07:32:29.1 (10561622)|STATEMENT_EXECUTE|[72]
07:32:29.1 (10564262)|STATEMENT_EXECUTE|[72]
07:32:29.1 (10567232)|STATEMENT_EXECUTE|[74]
07:32:29.1 (10616644)|METHOD_ENTRY|[74]|01pdL00000Up09Z|CpeAiAssistantController.buildRulePayload(String, String)
07:32:29.1 (10670686)|VARIABLE_SCOPE_BEGIN|[156]|cpeItemsJson|String|false|false
07:32:29.1 (10690835)|VARIABLE_ASSIGNMENT|[156]|cpeItemsJson|"{\n  \"CpeItems\": [\n   (714 more) ..."
07:32:29.1 (10700105)|VARIABLE_SCOPE_BEGIN|[156]|currentCartJson|String|false|false
07:32:29.1 (10713826)|VARIABLE_ASSIGNMENT|[156]|currentCartJson|"{\"TV + Receiver\":1,\" (38 more) ..."
07:32:29.1 (10732777)|HEAP_ALLOCATE|[157]|Bytes:5
07:32:29.1 (10740927)|STATEMENT_EXECUTE|[156]
07:32:29.1 (10744116)|STATEMENT_EXECUTE|[157]
07:32:29.1 (10772568)|HEAP_ALLOCATE|[157]|Bytes:4
07:32:29.1 (10801028)|VARIABLE_SCOPE_BEGIN|[157]|rules|Map<String,Map<String,ANY>>|true|false
07:32:29.1 (10843180)|VARIABLE_ASSIGNMENT|[157]|rules|{}|0x32713cbd
07:32:29.1 (10854890)|STATEMENT_EXECUTE|[158]
07:32:29.1 (10860570)|HEAP_ALLOCATE|[158]|Bytes:13
07:32:29.1 (10876469)|HEAP_ALLOCATE|[158]|Bytes:4
07:32:29.1 (10889670)|HEAP_ALLOCATE|[158]|Bytes:7
07:32:29.1 (10984783)|HEAP_ALLOCATE|[158]|Bytes:4
07:32:29.1 (11027824)|HEAP_ALLOCATE|[158]|Bytes:3
07:32:29.1 (11042314)|HEAP_ALLOCATE|[158]|Bytes:4
07:32:29.1 (11057874)|HEAP_ALLOCATE|[158]|Bytes:3
07:32:29.1 (11068745)|HEAP_ALLOCATE|[158]|Bytes:4
07:32:29.1 (11105796)|HEAP_ALLOCATE|[EXTERNAL]|Bytes:-4
07:32:29.1 (11118236)|STATEMENT_EXECUTE|[159]
07:32:29.1 (11123885)|HEAP_ALLOCATE|[159]|Bytes:5
07:32:29.1 (11135276)|HEAP_ALLOCATE|[159]|Bytes:4
07:32:29.1 (11144276)|HEAP_ALLOCATE|[159]|Bytes:5
07:32:29.1 (11193938)|HEAP_ALLOCATE|[159]|Bytes:4
07:32:29.1 (11224158)|HEAP_ALLOCATE|[159]|Bytes:4
07:32:29.1 (11251279)|HEAP_ALLOCATE|[EXTERNAL]|Bytes:-4
07:32:29.1 (11263259)|STATEMENT_EXECUTE|[160]
07:32:29.1 (11268319)|HEAP_ALLOCATE|[160]|Bytes:18
07:32:29.1 (11280960)|HEAP_ALLOCATE|[160]|Bytes:4
07:32:29.1 (11317950)|HEAP_ALLOCATE|[160]|Bytes:4
07:32:29.1 (11349431)|HEAP_ALLOCATE|[160]|Bytes:4
07:32:29.1 (11371691)|HEAP_ALLOCATE|[160]|Bytes:4
07:32:29.1 (11393712)|HEAP_ALLOCATE|[EXTERNAL]|Bytes:-4
07:32:29.1 (11490724)|STATEMENT_EXECUTE|[162]
07:32:29.1 (11494173)|STATEMENT_EXECUTE|[163]
07:32:29.1 (11497093)|STATEMENT_EXECUTE|[163]
07:32:29.1 (11500124)|STATEMENT_EXECUTE|[164]
07:32:29.1 (11558906)|HEAP_ALLOCATE|[164]|Bytes:24
07:32:29.1 (11575086)|SYSTEM_METHOD_ENTRY|[1]|JSON.JSON()
07:32:29.1 (11583026)|STATEMENT_EXECUTE|[1]
07:32:29.1 (11599947)|SYSTEM_METHOD_EXIT|[1]|JSON
07:32:29.1 (11614057)|METHOD_ENTRY|[164]||System.JSON.deserializeUntyped(String)
07:32:29.1 (14371841)|METHOD_EXIT|[164]||System.JSON.deserializeUntyped(String)
07:32:29.1 (14396451)|VARIABLE_SCOPE_BEGIN|[164]|currentCart|Map<String,ANY>|true|false
07:32:29.1 (14446482)|VARIABLE_ASSIGNMENT|[164]|currentCart|{"TV + Receiver":1,"Modem":"Wired","Wi-Fi Access Point":1}|0x156f1f1c
07:32:29.1 (14555355)|HEAP_ALLOCATE|[165]|Bytes:52
07:32:29.1 (14655637)|HEAP_ALLOCATE|[165]|Bytes:5
07:32:29.1 (14684138)|VARIABLE_SCOPE_BEGIN|[165]|key|String|false|false
07:32:29.1 (14698618)|VARIABLE_ASSIGNMENT|[165]|key|"TV + Receiver"
07:32:29.1 (14706748)|STATEMENT_EXECUTE|[165]
07:32:29.1 (14710888)|STATEMENT_EXECUTE|[166]
07:32:29.1 (14727009)|METHOD_ENTRY|[166]|01pdL00000Up09Z|CpeAiAssistantController.normalizeProductName(String)
07:32:29.1 (14745979)|VARIABLE_SCOPE_BEGIN|[252]|rawName|String|false|false
07:32:29.1 (14758349)|VARIABLE_ASSIGNMENT|[252]|rawName|"TV + Receiver"
07:32:29.1 (14771220)|HEAP_ALLOCATE|[253]|Bytes:5
07:32:29.1 (14777830)|STATEMENT_EXECUTE|[252]
07:32:29.1 (14823731)|STATEMENT_EXECUTE|[253]
07:32:29.1 (14827431)|STATEMENT_EXECUTE|[254]
07:32:29.1 (14847161)|HEAP_ALLOCATE|[254]|Bytes:13
07:32:29.1 (14861262)|VARIABLE_SCOPE_BEGIN|[254]|lower|String|false|false
07:32:29.1 (14874312)|VARIABLE_ASSIGNMENT|[254]|lower|"tv + receiver"
07:32:29.1 (14881352)|HEAP_ALLOCATE|[255]|Bytes:2
07:32:29.1 (14916883)|STATEMENT_EXECUTE|[255]
07:32:29.1 (14929763)|METHOD_EXIT|[166]|01pdL00000Up09Z|CpeAiAssistantController.normalizeProductName(String)
07:32:29.1 (14937303)|VARIABLE_SCOPE_BEGIN|[166]|normKey|String|false|false
07:32:29.1 (14949594)|VARIABLE_ASSIGNMENT|[166]|normKey|"TV + Receiver"
07:32:29.1 (14980094)|STATEMENT_EXECUTE|[167]
07:32:29.1 (14983694)|STATEMENT_EXECUTE|[168]
07:32:29.1 (15056756)|HEAP_ALLOCATE|[165]|Bytes:5
07:32:29.1 (15072156)|VARIABLE_SCOPE_BEGIN|[165]|key|String|false|false
07:32:29.1 (15084967)|VARIABLE_ASSIGNMENT|[165]|key|"Modem"
07:32:29.1 (15090997)|STATEMENT_EXECUTE|[165]
07:32:29.1 (15093997)|STATEMENT_EXECUTE|[166]
07:32:29.1 (15099377)|METHOD_ENTRY|[166]|01pdL00000Up09Z|CpeAiAssistantController.normalizeProductName(String)
07:32:29.1 (15106337)|VARIABLE_SCOPE_BEGIN|[252]|rawName|String|false|false
07:32:29.1 (15117717)|VARIABLE_ASSIGNMENT|[252]|rawName|"Modem"
07:32:29.1 (15127068)|HEAP_ALLOCATE|[253]|Bytes:5
07:32:29.1 (15132418)|STATEMENT_EXECUTE|[252]
07:32:29.1 (15152648)|STATEMENT_EXECUTE|[253]
07:32:29.1 (15155978)|STATEMENT_EXECUTE|[254]
07:32:29.1 (15167678)|HEAP_ALLOCATE|[254]|Bytes:5
07:32:29.1 (15181049)|VARIABLE_SCOPE_BEGIN|[254]|lower|String|false|false
07:32:29.1 (15193439)|VARIABLE_ASSIGNMENT|[254]|lower|"modem"
07:32:29.1 (15215920)|HEAP_ALLOCATE|[255]|Bytes:8
07:32:29.1 (15237460)|STATEMENT_EXECUTE|[255]
07:32:29.1 (15241620)|HEAP_ALLOCATE|[256]|Bytes:5
07:32:29.1 (15270921)|HEAP_ALLOCATE|[256]|Bytes:4
07:32:29.1 (15294031)|HEAP_ALLOCATE|[256]|Bytes:2
07:32:29.1 (15315702)|HEAP_ALLOCATE|[256]|Bytes:12
07:32:29.1 (15337012)|HEAP_ALLOCATE|[256]|Bytes:6
07:32:29.1 (15357173)|STATEMENT_EXECUTE|[256]
07:32:29.1 (15360834)|HEAP_ALLOCATE|[257]|Bytes:5
07:32:29.1 (15386183)|STATEMENT_EXECUTE|[257]
07:32:29.1 (15393704)|METHOD_EXIT|[166]|01pdL00000Up09Z|CpeAiAssistantController.normalizeProductName(String)
07:32:29.1 (15400574)|VARIABLE_SCOPE_BEGIN|[166]|normKey|String|false|false
07:32:29.1 (15411734)|VARIABLE_ASSIGNMENT|[166]|normKey|"Modem"
07:32:29.1 (15427104)|STATEMENT_EXECUTE|[167]
07:32:29.1 (15430134)|STATEMENT_EXECUTE|[168]
07:32:29.1 (15472076)|HEAP_ALLOCATE|[165]|Bytes:5
07:32:29.1 (15486126)|VARIABLE_SCOPE_BEGIN|[165]|key|String|false|false
07:32:29.1 (15498056)|VARIABLE_ASSIGNMENT|[165]|key|"Wi-Fi Access Point"
07:32:29.1 (15503566)|STATEMENT_EXECUTE|[165]
07:32:29.1 (15506386)|STATEMENT_EXECUTE|[166]
07:32:29.1 (15511197)|METHOD_ENTRY|[166]|01pdL00000Up09Z|CpeAiAssistantController.normalizeProductName(String)
07:32:29.1 (15517317)|VARIABLE_SCOPE_BEGIN|[252]|rawName|String|false|false
07:32:29.1 (15527398)|VARIABLE_ASSIGNMENT|[252]|rawName|"Wi-Fi Access Point"
07:32:29.1 (15535847)|HEAP_ALLOCATE|[253]|Bytes:5
07:32:29.1 (15540767)|STATEMENT_EXECUTE|[252]
07:32:29.1 (15559377)|STATEMENT_EXECUTE|[253]
07:32:29.1 (15562297)|STATEMENT_EXECUTE|[254]
07:32:29.1 (15573248)|HEAP_ALLOCATE|[254]|Bytes:18
07:32:29.1 (15585268)|VARIABLE_SCOPE_BEGIN|[254]|lower|String|false|false
07:32:29.1 (15597628)|VARIABLE_ASSIGNMENT|[254]|lower|"wi-fi access point"
07:32:29.1 (15632449)|STATEMENT_EXECUTE|[255]
07:32:29.1 (15650059)|STATEMENT_EXECUTE|[256]
07:32:29.1 (15656419)|METHOD_EXIT|[166]|01pdL00000Up09Z|CpeAiAssistantController.normalizeProductName(String)
07:32:29.1 (15663110)|VARIABLE_SCOPE_BEGIN|[166]|normKey|String|false|false
07:32:29.1 (15674070)|VARIABLE_ASSIGNMENT|[166]|normKey|"Wi-Fi Access Point"
07:32:29.1 (15688580)|STATEMENT_EXECUTE|[167]
07:32:29.1 (15691410)|STATEMENT_EXECUTE|[168]
07:32:29.1 (15733442)|HEAP_ALLOCATE|[165]|Bytes:5
07:32:29.1 (15749462)|VARIABLE_ASSIGNMENT|[165]|key|null
07:32:29.1 (15784102)|STATEMENT_EXECUTE|[174]
07:32:29.1 (15787342)|STATEMENT_EXECUTE|[175]
07:32:29.1 (15790092)|STATEMENT_EXECUTE|[175]
07:32:29.1 (15792884)|STATEMENT_EXECUTE|[176]
07:32:29.1 (15799413)|METHOD_ENTRY|[176]||System.JSON.deserializeUntyped(String)
07:32:29.1 (17085813)|METHOD_EXIT|[176]||System.JSON.deserializeUntyped(String)
07:32:29.1 (17098333)|VARIABLE_SCOPE_BEGIN|[176]|itemsMap|Map<String,ANY>|true|false
07:32:29.1 (17130934)|HEAP_ALLOCATE|[EXTERNAL]|Bytes:20
07:32:29.1 (17188685)|VARIABLE_ASSIGNMENT|[176]|itemsMap|{"CpeItems":["Map of size 6 too large to display",{"itemType":"childProduct","maxQuantity":15,"minQuantity":0,"defaultQuantity":0,"ProductCode":"O_RES_TV_PLUS_ADDL_S (2 more) ..."},"Map of size 6 too large to display",{"itemType":"childProduct","maxQuantity":99999,"minQuantity":0,"defaultQuantity":0,"ProductCode":"O_RES_HSI_WIFI_EXTEN (3 more) ..."}]}|0x767ca265
07:32:29.1 (17200295)|STATEMENT_EXECUTE|[177]
07:32:29.1 (17212716)|HEAP_ALLOCATE|[177]|Bytes:4
07:32:29.1 (17297657)|VARIABLE_SCOPE_BEGIN|[177]|items|List<ANY>|true|false
07:32:29.1 (17314258)|HEAP_ALLOCATE|[EXTERNAL]|Bytes:4
07:32:29.1 (17326618)|VARIABLE_ASSIGNMENT|[177]|items|[]|0x3c300482
07:32:29.1 (17334308)|HEAP_ALLOCATE|[178]|Bytes:8
07:32:29.1 (17365399)|STATEMENT_EXECUTE|[178]
07:32:29.1 (17368849)|STATEMENT_EXECUTE|[179]
07:32:29.1 (17421250)|VARIABLE_ASSIGNMENT|[179]|items|["Map of size 6 too large to display",{"itemType":"childProduct","maxQuantity":15,"minQuantity":0,"defaultQuantity":0,"ProductCode":"O_RES_TV_PLUS_ADDL_S (2 more) ..."},"Map of size 6 too large to display",{"itemType":"childProduct","maxQuantity":99999,"minQuantity":0,"defaultQuantity":0,"ProductCode":"O_RES_HSI_WIFI_EXTEN (3 more) ..."}]|0x11232c0b
07:32:29.1 (17432210)|STATEMENT_EXECUTE|[182]
07:32:29.1 (17449541)|HEAP_ALLOCATE|[182]|Bytes:4
07:32:29.1 (17461471)|VARIABLE_SCOPE_BEGIN|[182]|limits|Map<String,Map<String,Integer>>|true|false
07:32:29.1 (17475161)|VARIABLE_ASSIGNMENT|[182]|limits|{}|0x25fdbc0
07:32:29.1 (17481642)|STATEMENT_EXECUTE|[183]
07:32:29.1 (17489752)|HEAP_ALLOCATE|[183]|Bytes:4
07:32:29.1 (17499662)|HEAP_ALLOCATE|[183]|Bytes:6
07:32:29.1 (17529153)|HEAP_ALLOCATE|[183]|Bytes:4
07:32:29.1 (17541203)|HEAP_ALLOCATE|[183]|Bytes:6
07:32:29.1 (17552443)|HEAP_ALLOCATE|[183]|Bytes:4
07:32:29.1 (17567144)|HEAP_ALLOCATE|[183]|Bytes:4
07:32:29.1 (17585714)|HEAP_ALLOCATE|[EXTERNAL]|Bytes:-4
07:32:29.1 (17595004)|STATEMENT_EXECUTE|[184]
07:32:29.1 (17602724)|HEAP_ALLOCATE|[184]|Bytes:4
07:32:29.1 (17625875)|HEAP_ALLOCATE|[184]|Bytes:4
07:32:29.1 (17640855)|HEAP_ALLOCATE|[184]|Bytes:4
07:32:29.1 (17654565)|HEAP_ALLOCATE|[184]|Bytes:4
07:32:29.1 (17669586)|HEAP_ALLOCATE|[EXTERNAL]|Bytes:-4
07:32:29.1 (17678156)|STATEMENT_EXECUTE|[185]
07:32:29.1 (17685366)|HEAP_ALLOCATE|[185]|Bytes:4
07:32:29.1 (17708977)|HEAP_ALLOCATE|[185]|Bytes:4
07:32:29.1 (17724477)|HEAP_ALLOCATE|[185]|Bytes:4
07:32:29.1 (17739087)|HEAP_ALLOCATE|[EXTERNAL]|Bytes:-4
07:32:29.1 (17747658)|STATEMENT_EXECUTE|[187]
07:32:29.1 (17761418)|METHOD_ENTRY|[187]|01pdL00000Up09Z|CpeAiAssistantController.extractCodes(List<ANY>, Map<String,Map<String,Integer>>)
07:32:29.1 (17803169)|VARIABLE_SCOPE_BEGIN|[200]|items|List<ANY>|true|false
07:32:29.1 (17829629)|VARIABLE_ASSIGNMENT|[200]|items|["Map of size 6 too large to display",{"itemType":"childProduct","maxQuantity":15,"minQuantity":0,"defaultQuantity":0,"ProductCode":"O_RES_TV_PLUS_ADDL_S (2 more) ..."},"Map of size 6 too large to display",{"itemType":"childProduct","maxQuantity":99999,"minQuantity":0,"defaultQuantity":0,"ProductCode":"O_RES_HSI_WIFI_EXTEN (3 more) ..."}]|0x11232c0b
07:32:29.1 (17839570)|VARIABLE_SCOPE_BEGIN|[200]|limits|Map<String,Map<String,Integer>>|true|false
07:32:29.1 (17856070)|VARIABLE_ASSIGNMENT|[200]|limits|{"tv":{"maxInc":3,"maxAdd":15,"min":1},"wifi":{"maxInc":1,"maxAdd":10,"min":1},"modem":{"max":1,"min":1}}|0x25fdbc0
07:32:29.1 (17871640)|HEAP_ALLOCATE|[201]|Bytes:5
07:32:29.1 (17877291)|STATEMENT_EXECUTE|[200]
07:32:29.1 (17881321)|STATEMENT_EXECUTE|[201]
07:32:29.1 (17931222)|HEAP_ALLOCATE|[202]|Bytes:5
07:32:29.1 (17958912)|HEAP_ALLOCATE|[202]|Bytes:28
07:32:29.1 (17970733)|VARIABLE_SCOPE_BEGIN|[202]|obj|Object|false|false
07:32:29.1 (17984923)|VARIABLE_ASSIGNMENT|[202]|obj|"Map of size 6 too large to display"
07:32:29.1 (17991483)|STATEMENT_EXECUTE|[202]
07:32:29.1 (17994254)|STATEMENT_EXECUTE|[203]
07:32:29.1 (17998743)|VARIABLE_SCOPE_BEGIN|[203]|item|Map<String,ANY>|true|false
07:32:29.1 (18010744)|VARIABLE_ASSIGNMENT|[203]|item|"Map of size 6 too large to display"|0xa4a2e5d
07:32:29.1 (18017244)|STATEMENT_EXECUTE|[204]
07:32:29.1 (18027615)|METHOD_ENTRY|[204]|01pdL00000Up09Z|CpeAiAssistantController.getProductCode(Map<String,ANY>)
07:32:29.1 (18041615)|VARIABLE_SCOPE_BEGIN|[233]|item|Map<String,ANY>|true|false
07:32:29.1 (18052634)|VARIABLE_ASSIGNMENT|[233]|item|"Map of size 6 too large to display"|0xa4a2e5d
07:32:29.1 (18063585)|HEAP_ALLOCATE|[234]|Bytes:5
07:32:29.1 (18069365)|STATEMENT_EXECUTE|[233]
07:32:29.1 (18073656)|HEAP_ALLOCATE|[234]|Bytes:11
07:32:29.1 (18112066)|STATEMENT_EXECUTE|[234]
07:32:29.1 (18115406)|STATEMENT_EXECUTE|[235]
07:32:29.1 (18152847)|HEAP_ALLOCATE|[235]|Bytes:17
07:32:29.1 (18171397)|METHOD_EXIT|[204]|01pdL00000Up09Z|CpeAiAssistantController.getProductCode(Map<String,ANY>)
07:32:29.1 (18178437)|VARIABLE_SCOPE_BEGIN|[204]|code|String|false|false
07:32:29.1 (18191408)|VARIABLE_ASSIGNMENT|[204]|code|"O_RES_TV_PLUS_STB"
07:32:29.1 (18197148)|STATEMENT_EXECUTE|[205]
07:32:29.1 (18201688)|HEAP_ALLOCATE|[205]|Bytes:11
07:32:29.1 (18237269)|VARIABLE_SCOPE_BEGIN|[205]|maxQ|Integer|false|false
07:32:29.1 (18249279)|VARIABLE_ASSIGNMENT|[205]|maxQ|3
07:32:29.1 (18254940)|STATEMENT_EXECUTE|[206]
07:32:29.1 (18259180)|HEAP_ALLOCATE|[206]|Bytes:11
07:32:29.1 (18300221)|VARIABLE_SCOPE_BEGIN|[206]|minQ|Integer|false|false
07:32:29.1 (18313070)|VARIABLE_ASSIGNMENT|[206]|minQ|0
07:32:29.1 (18364882)|STATEMENT_EXECUTE|[207]
07:32:29.1 (18370962)|HEAP_ALLOCATE|[207]|Bytes:15
07:32:29.1 (18416344)|VARIABLE_SCOPE_BEGIN|[207]|defQ|Integer|false|false
07:32:29.1 (18429553)|VARIABLE_ASSIGNMENT|[207]|defQ|1
07:32:29.1 (18436464)|HEAP_ALLOCATE|[209]|Bytes:17
07:32:29.1 (18467484)|STATEMENT_EXECUTE|[209]
07:32:29.1 (18470754)|STATEMENT_EXECUTE|[210]
07:32:29.1 (18513335)|STATEMENT_EXECUTE|[211]
07:32:29.1 (18549597)|HEAP_ALLOCATE|[224]|Bytes:13
07:32:29.1 (18574656)|STATEMENT_EXECUTE|[224]
07:32:29.1 (18587918)|HEAP_ALLOCATE|[202]|Bytes:5
07:32:29.1 (18604358)|HEAP_ALLOCATE|[202]|Bytes:24
07:32:29.1 (18614508)|VARIABLE_SCOPE_BEGIN|[202]|obj|Object|false|false
07:32:29.1 (18637528)|VARIABLE_ASSIGNMENT|[202]|obj|{"itemType":"childProduct","maxQuantity":15,"minQuantity":0,"defaultQuantity":0,"ProductCode":"O_RES_TV_PLUS_ADDL_S (2 more) ..."}
07:32:29.1 (18644618)|STATEMENT_EXECUTE|[202]
07:32:29.1 (18647479)|STATEMENT_EXECUTE|[203]
07:32:29.1 (18652879)|VARIABLE_SCOPE_BEGIN|[203]|item|Map<String,ANY>|true|false
07:32:29.1 (18669589)|VARIABLE_ASSIGNMENT|[203]|item|{"itemType":"childProduct","maxQuantity":15,"minQuantity":0,"defaultQuantity":0,"ProductCode":"O_RES_TV_PLUS_ADDL_S (2 more) ..."}|0x77b62f98
07:32:29.1 (18675920)|STATEMENT_EXECUTE|[204]
07:32:29.1 (18683230)|METHOD_ENTRY|[204]|01pdL00000Up09Z|CpeAiAssistantController.getProductCode(Map<String,ANY>)
07:32:29.1 (18690539)|VARIABLE_SCOPE_BEGIN|[233]|item|Map<String,ANY>|true|false
07:32:29.1 (18705720)|VARIABLE_ASSIGNMENT|[233]|item|{"itemType":"childProduct","maxQuantity":15,"minQuantity":0,"defaultQuantity":0,"ProductCode":"O_RES_TV_PLUS_ADDL_S (2 more) ..."}|0x77b62f98
07:32:29.1 (18717249)|HEAP_ALLOCATE|[234]|Bytes:5
07:32:29.1 (18723450)|STATEMENT_EXECUTE|[233]
07:32:29.1 (18747410)|STATEMENT_EXECUTE|[234]
07:32:29.1 (18750361)|STATEMENT_EXECUTE|[235]
07:32:29.1 (18776491)|HEAP_ALLOCATE|[235]|Bytes:22
07:32:29.1 (18792752)|METHOD_EXIT|[204]|01pdL00000Up09Z|CpeAiAssistantController.getProductCode(Map<String,ANY>)
07:32:29.1 (18799941)|VARIABLE_SCOPE_BEGIN|[204]|code|String|false|false
07:32:29.1 (18812222)|VARIABLE_ASSIGNMENT|[204]|code|"O_RES_TV_PLUS_ADDL_S (2 more) ..."
07:32:29.1 (18817732)|STATEMENT_EXECUTE|[205]
07:32:29.1 (18839643)|VARIABLE_SCOPE_BEGIN|[205]|maxQ|Integer|false|false
07:32:29.1 (18850462)|VARIABLE_ASSIGNMENT|[205]|maxQ|15
07:32:29.1 (18855703)|STATEMENT_EXECUTE|[206]
07:32:29.1 (18876914)|VARIABLE_SCOPE_BEGIN|[206]|minQ|Integer|false|false
07:32:29.1 (18887594)|VARIABLE_ASSIGNMENT|[206]|minQ|0
07:32:29.1 (18892844)|STATEMENT_EXECUTE|[207]
07:32:29.1 (18913774)|VARIABLE_SCOPE_BEGIN|[207]|defQ|Integer|false|false
07:32:29.1 (18924214)|VARIABLE_ASSIGNMENT|[207]|defQ|0
07:32:29.1 (18944145)|HEAP_ALLOCATE|[212]|Bytes:22
07:32:29.1 (18953326)|STATEMENT_EXECUTE|[212]
07:32:29.1 (18956316)|STATEMENT_EXECUTE|[213]
07:32:29.1 (19008487)|STATEMENT_EXECUTE|[224]
07:32:29.1 (19020077)|HEAP_ALLOCATE|[202]|Bytes:5
07:32:29.1 (19036298)|HEAP_ALLOCATE|[202]|Bytes:28
07:32:29.1 (19045968)|VARIABLE_SCOPE_BEGIN|[202]|obj|Object|false|false
07:32:29.1 (19060147)|VARIABLE_ASSIGNMENT|[202]|obj|"Map of size 6 too large to display"
07:32:29.1 (19065918)|STATEMENT_EXECUTE|[202]
07:32:29.1 (19068858)|STATEMENT_EXECUTE|[203]
07:32:29.1 (19073068)|VARIABLE_SCOPE_BEGIN|[203]|item|Map<String,ANY>|true|false
07:32:29.1 (19093108)|VARIABLE_ASSIGNMENT|[203]|item|"Map of size 6 too large to display"|0x2dd31242
07:32:29.1 (19099279)|STATEMENT_EXECUTE|[204]
07:32:29.1 (19105339)|METHOD_ENTRY|[204]|01pdL00000Up09Z|CpeAiAssistantController.getProductCode(Map<String,ANY>)
07:32:29.1 (19111719)|VARIABLE_SCOPE_BEGIN|[233]|item|Map<String,ANY>|true|false
07:32:29.1 (19122360)|VARIABLE_ASSIGNMENT|[233]|item|"Map of size 6 too large to display"|0x2dd31242
07:32:29.1 (19132460)|HEAP_ALLOCATE|[234]|Bytes:5
07:32:29.1 (19137789)|STATEMENT_EXECUTE|[233]
07:32:29.1 (19159931)|STATEMENT_EXECUTE|[234]
07:32:29.1 (19162881)|STATEMENT_EXECUTE|[235]
07:32:29.1 (19182581)|HEAP_ALLOCATE|[235]|Bytes:15
07:32:29.1 (19197941)|METHOD_EXIT|[204]|01pdL00000Up09Z|CpeAiAssistantController.getProductCode(Map<String,ANY>)
07:32:29.1 (19204782)|VARIABLE_SCOPE_BEGIN|[204]|code|String|false|false
07:32:29.1 (19215902)|VARIABLE_ASSIGNMENT|[204]|code|"O_RES_HSI_MODEM"
07:32:29.1 (19221511)|STATEMENT_EXECUTE|[205]
07:32:29.1 (19244162)|VARIABLE_SCOPE_BEGIN|[205]|maxQ|Integer|false|false
07:32:29.1 (19255083)|VARIABLE_ASSIGNMENT|[205]|maxQ|99999
07:32:29.1 (19260253)|STATEMENT_EXECUTE|[206]
07:32:29.1 (19281583)|VARIABLE_SCOPE_BEGIN|[206]|minQ|Integer|false|false
07:32:29.1 (19292164)|VARIABLE_ASSIGNMENT|[206]|minQ|0
07:32:29.1 (19297473)|STATEMENT_EXECUTE|[207]
07:32:29.1 (19318864)|VARIABLE_SCOPE_BEGIN|[207]|defQ|Integer|false|false
07:32:29.1 (19329584)|VARIABLE_ASSIGNMENT|[207]|defQ|1
07:32:29.1 (19348634)|HEAP_ALLOCATE|[214]|Bytes:27
07:32:29.1 (19361394)|HEAP_ALLOCATE|[217]|Bytes:27
07:32:29.1 (19373215)|HEAP_ALLOCATE|[219]|Bytes:15
07:32:29.1 (19380696)|STATEMENT_EXECUTE|[219]
07:32:29.1 (19383806)|STATEMENT_EXECUTE|[220]
07:32:29.1 (19424296)|HEAP_ALLOCATE|[220]|Bytes:4
07:32:29.1 (19436497)|STATEMENT_EXECUTE|[221]
07:32:29.1 (19484188)|STATEMENT_EXECUTE|[224]
07:32:29.1 (19496028)|HEAP_ALLOCATE|[202]|Bytes:5
07:32:29.1 (19511368)|HEAP_ALLOCATE|[202]|Bytes:24
07:32:29.1 (19521079)|VARIABLE_SCOPE_BEGIN|[202]|obj|Object|false|false
07:32:29.1 (19543529)|VARIABLE_ASSIGNMENT|[202]|obj|{"itemType":"childProduct","maxQuantity":99999,"minQuantity":0,"defaultQuantity":0,"ProductCode":"O_RES_HSI_WIFI_EXTEN (3 more) ..."}
07:32:29.1 (19549909)|STATEMENT_EXECUTE|[202]
07:32:29.1 (19552879)|STATEMENT_EXECUTE|[203]
07:32:29.1 (19557600)|VARIABLE_SCOPE_BEGIN|[203]|item|Map<String,ANY>|true|false
07:32:29.1 (19574060)|VARIABLE_ASSIGNMENT|[203]|item|{"itemType":"childProduct","maxQuantity":99999,"minQuantity":0,"defaultQuantity":0,"ProductCode":"O_RES_HSI_WIFI_EXTEN (3 more) ..."}|0x582483
07:32:29.1 (19580860)|STATEMENT_EXECUTE|[204]
07:32:29.1 (19586400)|METHOD_ENTRY|[204]|01pdL00000Up09Z|CpeAiAssistantController.getProductCode(Map<String,ANY>)
07:32:29.1 (19592950)|VARIABLE_SCOPE_BEGIN|[233]|item|Map<String,ANY>|true|false
07:32:29.1 (19607911)|VARIABLE_ASSIGNMENT|[233]|item|{"itemType":"childProduct","maxQuantity":99999,"minQuantity":0,"defaultQuantity":0,"ProductCode":"O_RES_HSI_WIFI_EXTEN (3 more) ..."}|0x582483
07:32:29.1 (19618211)|HEAP_ALLOCATE|[234]|Bytes:5
07:32:29.1 (19623751)|STATEMENT_EXECUTE|[233]
07:32:29.1 (19646062)|STATEMENT_EXECUTE|[234]
07:32:29.1 (19649052)|STATEMENT_EXECUTE|[235]
07:32:29.1 (19669442)|HEAP_ALLOCATE|[235]|Bytes:23
07:32:29.1 (19684872)|METHOD_EXIT|[204]|01pdL00000Up09Z|CpeAiAssistantController.getProductCode(Map<String,ANY>)
07:32:29.1 (19691423)|VARIABLE_SCOPE_BEGIN|[204]|code|String|false|false
07:32:29.1 (19703133)|VARIABLE_ASSIGNMENT|[204]|code|"O_RES_HSI_WIFI_EXTEN (3 more) ..."
07:32:29.1 (19708683)|STATEMENT_EXECUTE|[205]
07:32:29.1 (19731733)|VARIABLE_SCOPE_BEGIN|[205]|maxQ|Integer|false|false
07:32:29.1 (19742594)|VARIABLE_ASSIGNMENT|[205]|maxQ|99999
07:32:29.1 (19747734)|STATEMENT_EXECUTE|[206]
07:32:29.1 (19768534)|VARIABLE_SCOPE_BEGIN|[206]|minQ|Integer|false|false
07:32:29.1 (19779135)|VARIABLE_ASSIGNMENT|[206]|minQ|0
07:32:29.1 (19784475)|STATEMENT_EXECUTE|[207]
07:32:29.1 (19805565)|VARIABLE_SCOPE_BEGIN|[207]|defQ|Integer|false|false
07:32:29.1 (19817345)|VARIABLE_ASSIGNMENT|[207]|defQ|0
07:32:29.1 (19850526)|STATEMENT_EXECUTE|[209]
07:32:29.1 (19864216)|STATEMENT_EXECUTE|[224]
07:32:29.1 (19876867)|HEAP_ALLOCATE|[202]|Bytes:5
07:32:29.1 (19900517)|VARIABLE_ASSIGNMENT|[202]|obj|null
07:32:29.1 (19913228)|METHOD_EXIT|[187]|01pdL00000Up09Z|CpeAiAssistantController.extractCodes(List<ANY>, Map<String,Map<String,Integer>>)
07:32:29.1 (19919768)|STATEMENT_EXECUTE|[189]
07:32:29.1 (20025530)|HEAP_ALLOCATE|[189]|Bytes:4
07:32:29.1 (20049211)|STATEMENT_EXECUTE|[190]
07:32:29.1 (20115502)|STATEMENT_EXECUTE|[191]
07:32:29.1 (20187254)|HEAP_ALLOCATE|[191]|Bytes:4
07:32:29.1 (20200824)|STATEMENT_EXECUTE|[192]
07:32:29.1 (20260265)|STATEMENT_EXECUTE|[193]
07:32:29.1 (20320087)|STATEMENT_EXECUTE|[194]
07:32:29.1 (20377598)|STATEMENT_EXECUTE|[197]
07:32:29.1 (20386898)|METHOD_EXIT|[74]|01pdL00000Up09Z|CpeAiAssistantController.buildRulePayload(String, String)
07:32:29.1 (20396099)|VARIABLE_SCOPE_BEGIN|[74]|rules|Map<String,Map<String,ANY>>|true|false
07:32:29.1 (20421379)|VARIABLE_ASSIGNMENT|[74]|rules|{"TV + Receiver":{"current":1,"min":0,"max":18},"Modem":{"current":"Wired","min":1,"max":1},"Wi-Fi Access Point":{"current":1,"min":1,"max":11}}|0x32713cbd
07:32:29.1 (20429229)|STATEMENT_EXECUTE|[77]
07:32:29.1 (20434339)|HEAP_ALLOCATE|[77]|Bytes:150
07:32:29.1 (20447890)|METHOD_ENTRY|[79]||System.JSON.serialize(Object)
07:32:29.1 (21674478)|METHOD_EXIT|[79]||System.JSON.serialize(Object)
07:32:29.1 (21685229)|HEAP_ALLOCATE|[79]|Bytes:24
07:32:29.1 (21731180)|HEAP_ALLOCATE|[80]|Bytes:29
07:32:29.1 (21747180)|HEAP_ALLOCATE|[77]|Bytes:485
07:32:29.1 (21753550)|VARIABLE_SCOPE_BEGIN|[77]|fullMessage|String|false|false
07:32:29.1 (21771141)|VARIABLE_ASSIGNMENT|[77]|fullMessage|"System Context: You  (465 more) ..."
07:32:29.1 (21777970)|STATEMENT_EXECUTE|[83]
07:32:29.1 (21782250)|HEAP_ALLOCATE|[84]|Bytes:22
07:32:29.1 (21788081)|HEAP_ALLOCATE|[85]|Bytes:21
07:32:29.1 (21862193)|HEAP_ALLOCATE|[83]|Bytes:12
07:32:29.1 (21877843)|HEAP_ALLOCATE|[83]|Bytes:58
07:32:29.1 (21895843)|SYSTEM_METHOD_ENTRY|[14]|Action.Action()
07:32:29.1 (21901154)|STATEMENT_EXECUTE|[14]
07:32:29.1 (21913714)|SYSTEM_METHOD_EXIT|[14]|Action
07:32:29.1 (21943795)|METHOD_ENTRY|[83]||Invocable.Action.createCustomAction(String, String)
07:32:29.1 (22230481)|METHOD_EXIT|[83]||Invocable.Action.createCustomAction(String, String)
07:32:29.1 (22238921)|VARIABLE_SCOPE_BEGIN|[83]|action|Invocable.Action|true|false
07:32:29.1 (22367984)|VARIABLE_ASSIGNMENT|[83]|action|{"invocations":"0x789c645d","invokeFromLightningComponent":false,"name":"CPE_Equipment_Manage (1 more) ...","type":"generatePromptRespon (2 more) ..."}|0xa94cef6
07:32:29.1 (22379864)|STATEMENT_EXECUTE|[88]
07:32:29.1 (22386615)|HEAP_ALLOCATE|[88]|Bytes:17
07:32:29.1 (22421425)|METHOD_ENTRY|[88]||Invocable.Action.setInvocationParameter(String, Object)
07:32:29.1 (22708492)|METHOD_EXIT|[88]||Invocable.Action.setInvocationParameter(String, Object)
07:32:29.1 (22720042)|STATEMENT_EXECUTE|[90]
07:32:29.1 (22733772)|METHOD_ENTRY|[90]||Invocable.Action.invoke()
07:32:32.882 (3882600130)|METHOD_EXIT|[90]||Invocable.Action.invoke()
07:32:32.882 (3882625731)|VARIABLE_SCOPE_BEGIN|[90]|results|List<Invocable.Action.Result>|true|false
07:32:32.882 (3882710663)|VARIABLE_ASSIGNMENT|[90]|results|[{"action":"0xa94cef6","errors":"0x1548a54","invocationParameters":"0x37de61a8","outputParameters":"0x655800f6","success":true}]|0x1d12992
07:32:32.882 (3882754254)|STATEMENT_EXECUTE|[92]
07:32:32.882 (3882758574)|STATEMENT_EXECUTE|[96]
07:32:32.882 (3882776534)|HEAP_ALLOCATE|[96]|Bytes:24
07:32:32.882 (3882786975)|VARIABLE_SCOPE_BEGIN|[96]|result|Invocable.Action.Result|true|false
07:32:32.882 (3882818945)|VARIABLE_ASSIGNMENT|[96]|result|{"action":"0xa94cef6","errors":"0x1548a54","invocationParameters":"0x37de61a8","outputParameters":"0x655800f6","success":true}|0x24f215d6
07:32:32.882 (3882845235)|METHOD_ENTRY|[98]||Invocable.Action.Result.isSuccess()
07:32:32.882 (3882875147)|METHOD_EXIT|[98]||Invocable.Action.Result.isSuccess()
07:32:32.882 (3882882356)|STATEMENT_EXECUTE|[98]
07:32:32.882 (3882885356)|STATEMENT_EXECUTE|[104]
07:32:32.882 (3882893667)|METHOD_ENTRY|[104]||Invocable.Action.Result.getOutputParameters()
07:32:32.882 (3882914517)|METHOD_EXIT|[104]||Invocable.Action.Result.getOutputParameters()
07:32:32.882 (3882921338)|VARIABLE_SCOPE_BEGIN|[104]|outputs|Map<String,ANY>|true|false
07:32:32.882 (3882945407)|VARIABLE_ASSIGNMENT|[104]|outputs|{"promptResponse":"{\n  \"message\": \"Mode (135 more) ..."}|0x655800f6
07:32:32.882 (3882952717)|STATEMENT_EXECUTE|[105]
07:32:32.882 (3882956029)|STATEMENT_EXECUTE|[110]
07:32:32.882 (3882961039)|HEAP_ALLOCATE|[110]|Bytes:14
07:32:32.882 (3882996909)|VARIABLE_SCOPE_BEGIN|[110]|promptRespObj|Object|false|false
07:32:32.882 (3883014100)|VARIABLE_ASSIGNMENT|[110]|promptRespObj|"{\n  \"message\": \"Mode (135 more) ..."
07:32:32.882 (3883021390)|STATEMENT_EXECUTE|[111]
07:32:32.882 (3883026470)|VARIABLE_SCOPE_BEGIN|[111]|rawResponse|String|false|false
07:32:32.882 (3883036680)|VARIABLE_ASSIGNMENT|[111]|rawResponse|null
07:32:32.882 (3883042391)|STATEMENT_EXECUTE|[113]
07:32:32.882 (3883045231)|STATEMENT_EXECUTE|[114]
07:32:32.882 (3883080521)|HEAP_ALLOCATE|[114]|Bytes:155
07:32:32.882 (3883099102)|VARIABLE_ASSIGNMENT|[114]|rawResponse|"{\n  \"message\": \"Mode (135 more) ..."
07:32:32.882 (3883130171)|STATEMENT_EXECUTE|[119]
07:32:32.882 (3883133983)|STATEMENT_EXECUTE|[123]
07:32:32.882 (3883137972)|VARIABLE_SCOPE_BEGIN|[123]|cleanResponse|String|false|false
07:32:32.882 (3883149563)|VARIABLE_ASSIGNMENT|[123]|cleanResponse|null
07:32:32.882 (3883155263)|STATEMENT_EXECUTE|[124]
07:32:32.882 (3883158212)|STATEMENT_EXECUTE|[124]
07:32:32.882 (3883161452)|STATEMENT_EXECUTE|[125]
07:32:32.882 (3883171243)|METHOD_ENTRY|[125]||System.JSON.deserializeUntyped(String)
07:32:32.882 (3883624494)|METHOD_EXIT|[125]||System.JSON.deserializeUntyped(String)
07:32:32.882 (3883636004)|VARIABLE_SCOPE_BEGIN|[125]|parsed|Map<String,ANY>|true|false
07:32:32.882 (3883670145)|VARIABLE_ASSIGNMENT|[125]|parsed|{"message":"Modem type changed t (21 more) ...","newState":{"TV + Receiver":1,"Modem":"Wi-Fi","Wi-Fi Access Point":1}}|0x52072964
07:32:32.882 (3883678995)|HEAP_ALLOCATE|[126]|Bytes:5
07:32:32.882 (3883715206)|STATEMENT_EXECUTE|[128]
07:32:32.882 (3883718776)|STATEMENT_EXECUTE|[129]
07:32:32.882 (3883728556)|VARIABLE_ASSIGNMENT|[129]|cleanResponse|"{\n  \"message\": \"Mode (135 more) ..."
07:32:32.882 (3883735806)|STATEMENT_EXECUTE|[135]
07:32:32.882 (3883739116)|STATEMENT_EXECUTE|[136]
07:32:32.882 (3883743186)|HEAP_ALLOCATE|[136]|Bytes:3
07:32:32.882 (3883755687)|HEAP_ALLOCATE|[136]|Bytes:1
07:32:32.882 (3883814398)|HEAP_ALLOCATE|[136]|Bytes:155
07:32:32.882 (3883835888)|VARIABLE_ASSIGNMENT|[136]|cleanResponse|"{\n  \"message\": \"Mode (135 more) ..."
07:32:32.882 (3883842399)|STATEMENT_EXECUTE|[137]
07:32:32.882 (3883846619)|HEAP_ALLOCATE|[137]|Bytes:2
07:32:32.882 (3883875829)|HEAP_ALLOCATE|[137]|Bytes:155
07:32:32.882 (3883895240)|VARIABLE_ASSIGNMENT|[137]|cleanResponse|"{\n  \"message\": \"Mode (135 more) ..."
07:32:32.882 (3883901010)|STATEMENT_EXECUTE|[138]
07:32:32.882 (3883905500)|HEAP_ALLOCATE|[138]|Bytes:3
07:32:32.882 (3883910760)|HEAP_ALLOCATE|[138]|Bytes:1
07:32:32.882 (3883955501)|HEAP_ALLOCATE|[138]|Bytes:155
07:32:32.882 (3883975602)|VARIABLE_ASSIGNMENT|[138]|cleanResponse|"{\n  \"message\": \"Mode (135 more) ..."
07:32:32.882 (3883982492)|STATEMENT_EXECUTE|[142]
07:32:32.882 (3883997402)|METHOD_ENTRY|[142]|01pdL00000Up09Z|CpeAiAssistantController.parseAndValidateAgentResponse(String, Map<String,Map<String,ANY>>)
07:32:32.882 (3884013613)|VARIABLE_SCOPE_BEGIN|[261]|rawResponse|String|false|false
07:32:32.882 (3884026643)|VARIABLE_ASSIGNMENT|[261]|rawResponse|"{\n  \"message\": \"Mode (135 more) ..."
07:32:32.882 (3884032903)|VARIABLE_SCOPE_BEGIN|[261]|rules|Map<String,Map<String,ANY>>|true|false
07:32:32.882 (3884057223)|VARIABLE_ASSIGNMENT|[261]|rules|{"TV + Receiver":{"current":1,"min":0,"max":18},"Modem":{"current":"Wired","min":1,"max":1},"Wi-Fi Access Point":{"current":1,"min":1,"max":11}}|0x32713cbd
07:32:32.882 (3884074974)|HEAP_ALLOCATE|[262]|Bytes:5
07:32:32.882 (3884081624)|STATEMENT_EXECUTE|[261]
07:32:32.882 (3884085184)|STATEMENT_EXECUTE|[262]
07:32:32.882 (3884097254)|HEAP_ALLOCATE|[262]|Bytes:4
07:32:32.882 (3884107715)|VARIABLE_SCOPE_BEGIN|[262]|finalResponse|Map<String,ANY>|true|false
07:32:32.882 (3884121735)|VARIABLE_ASSIGNMENT|[262]|finalResponse|{}|0x33cba2e5
07:32:32.882 (3884128235)|STATEMENT_EXECUTE|[264]
07:32:32.882 (3884131455)|STATEMENT_EXECUTE|[264]
07:32:32.882 (3884134565)|STATEMENT_EXECUTE|[265]
07:32:32.882 (3884141475)|METHOD_ENTRY|[265]||System.JSON.deserializeUntyped(String)
07:32:32.882 (3884481163)|METHOD_EXIT|[265]||System.JSON.deserializeUntyped(String)
07:32:32.882 (3884491913)|VARIABLE_SCOPE_BEGIN|[265]|parsed|Map<String,ANY>|true|false
07:32:32.882 (3884518954)|VARIABLE_ASSIGNMENT|[265]|parsed|{"message":"Modem type changed t (21 more) ...","newState":{"TV + Receiver":1,"Modem":"Wi-Fi","Wi-Fi Access Point":1}}|0x21e99621
07:32:32.882 (3884527774)|HEAP_ALLOCATE|[267]|Bytes:8
07:32:32.882 (3884559255)|STATEMENT_EXECUTE|[267]
07:32:32.882 (3884562905)|STATEMENT_EXECUTE|[268]
07:32:32.882 (3884595306)|VARIABLE_SCOPE_BEGIN|[268]|newStateRaw|Map<String,ANY>|true|false
07:32:32.882 (3884613796)|VARIABLE_ASSIGNMENT|[268]|newStateRaw|{"TV + Receiver":1,"Modem":"Wi-Fi","Wi-Fi Access Point":1}|0x55ca31f8
07:32:32.882 (3884621076)|STATEMENT_EXECUTE|[269]
07:32:32.882 (3884630177)|HEAP_ALLOCATE|[269]|Bytes:4
07:32:32.882 (3884638757)|VARIABLE_SCOPE_BEGIN|[269]|normalizedState|Map<String,ANY>|true|false
07:32:32.882 (3884651458)|VARIABLE_ASSIGNMENT|[269]|normalizedState|{}|0x1e82128f
07:32:32.882 (3884657767)|STATEMENT_EXECUTE|[271]
07:32:32.882 (3884662258)|VARIABLE_SCOPE_BEGIN|[271]|changedCpeCount|Integer|false|false
07:32:32.882 (3884670147)|HEAP_ALLOCATE|[271]|Bytes:4
07:32:32.882 (3884678638)|VARIABLE_ASSIGNMENT|[271]|changedCpeCount|0
07:32:32.882 (3884722700)|HEAP_ALLOCATE|[273]|Bytes:52
07:32:32.882 (3884980414)|HEAP_ALLOCATE|[273]|Bytes:5
07:32:32.882 (3885002005)|VARIABLE_SCOPE_BEGIN|[273]|key|String|false|false
07:32:32.882 (3885016986)|VARIABLE_ASSIGNMENT|[273]|key|"TV + Receiver"
07:32:32.882 (3885023335)|STATEMENT_EXECUTE|[273]
07:32:32.882 (3885026575)|STATEMENT_EXECUTE|[274]
07:32:32.882 (3885034206)|METHOD_ENTRY|[274]|01pdL00000Up09Z|CpeAiAssistantController.normalizeProductName(String)
07:32:32.882 (3885048747)|VARIABLE_SCOPE_BEGIN|[252]|rawName|String|false|false
07:32:32.882 (3885060076)|VARIABLE_ASSIGNMENT|[252]|rawName|"TV + Receiver"
07:32:32.882 (3885071616)|HEAP_ALLOCATE|[253]|Bytes:5
07:32:32.882 (3885077717)|STATEMENT_EXECUTE|[252]
07:32:32.882 (3885101367)|STATEMENT_EXECUTE|[253]
07:32:32.882 (3885104687)|STATEMENT_EXECUTE|[254]
07:32:32.882 (3885117418)|HEAP_ALLOCATE|[254]|Bytes:13
07:32:32.882 (3885130488)|VARIABLE_SCOPE_BEGIN|[254]|lower|String|false|false
07:32:32.882 (3885142519)|VARIABLE_ASSIGNMENT|[254]|lower|"tv + receiver"
07:32:32.882 (3885165630)|STATEMENT_EXECUTE|[255]
07:32:32.882 (3885175870)|METHOD_EXIT|[274]|01pdL00000Up09Z|CpeAiAssistantController.normalizeProductName(String)
07:32:32.882 (3885182870)|VARIABLE_SCOPE_BEGIN|[274]|normKey|String|false|false
07:32:32.882 (3885195160)|VARIABLE_ASSIGNMENT|[274]|normKey|"TV + Receiver"
07:32:32.882 (3885226180)|HEAP_ALLOCATE|[276]|Bytes:17
07:32:32.882 (3885256002)|STATEMENT_EXECUTE|[276]
07:32:32.882 (3885259512)|STATEMENT_EXECUTE|[277]
07:32:32.882 (3885286672)|VARIABLE_SCOPE_BEGIN|[277]|qty|Integer|false|false
07:32:32.882 (3885299603)|VARIABLE_ASSIGNMENT|[277]|qty|1
07:32:32.882 (3885325883)|STATEMENT_EXECUTE|[279]
07:32:32.882 (3885329403)|STATEMENT_EXECUTE|[280]
07:32:32.882 (3885333673)|VARIABLE_SCOPE_BEGIN|[280]|current|Integer|false|false
07:32:32.882 (3885342234)|HEAP_ALLOCATE|[280]|Bytes:4
07:32:32.882 (3885351084)|VARIABLE_ASSIGNMENT|[280]|current|0
07:32:32.882 (3885402915)|STATEMENT_EXECUTE|[281]
07:32:32.882 (3885406024)|STATEMENT_EXECUTE|[282]
07:32:32.882 (3885447566)|VARIABLE_ASSIGNMENT|[282]|current|1
07:32:32.882 (3885454815)|STATEMENT_EXECUTE|[284]
07:32:32.882 (3885492146)|VARIABLE_SCOPE_BEGIN|[284]|max|Integer|false|false
07:32:32.882 (3885504856)|VARIABLE_ASSIGNMENT|[284]|max|18
07:32:32.882 (3885510327)|STATEMENT_EXECUTE|[285]
07:32:32.882 (3885547718)|VARIABLE_SCOPE_BEGIN|[285]|min|Integer|false|false
07:32:32.882 (3885560338)|VARIABLE_ASSIGNMENT|[285]|min|0
07:32:32.882 (3885569668)|STATEMENT_EXECUTE|[287]
07:32:32.882 (3885574039)|STATEMENT_EXECUTE|[295]
07:32:32.882 (3885577218)|STATEMENT_EXECUTE|[307]
07:32:32.882 (3885607829)|HEAP_ALLOCATE|[EXTERNAL]|Bytes:-4
07:32:32.882 (3885628650)|STATEMENT_EXECUTE|[309]
07:32:32.882 (3885644709)|HEAP_ALLOCATE|[273]|Bytes:5
07:32:32.882 (3885661341)|VARIABLE_SCOPE_BEGIN|[273]|key|String|false|false
07:32:32.882 (3885674061)|VARIABLE_ASSIGNMENT|[273]|key|"Modem"
07:32:32.882 (3885679811)|STATEMENT_EXECUTE|[273]
07:32:32.882 (3885683141)|STATEMENT_EXECUTE|[274]
07:32:32.882 (3885689541)|METHOD_ENTRY|[274]|01pdL00000Up09Z|CpeAiAssistantController.normalizeProductName(String)
07:32:32.882 (3885696551)|VARIABLE_SCOPE_BEGIN|[252]|rawName|String|false|false
07:32:32.882 (3885707151)|VARIABLE_ASSIGNMENT|[252]|rawName|"Modem"
07:32:32.882 (3885717132)|HEAP_ALLOCATE|[253]|Bytes:5
07:32:32.882 (3885723172)|STATEMENT_EXECUTE|[252]
07:32:32.882 (3885746483)|STATEMENT_EXECUTE|[253]
07:32:32.882 (3885749843)|STATEMENT_EXECUTE|[254]
07:32:32.882 (3885760912)|HEAP_ALLOCATE|[254]|Bytes:5
07:32:32.882 (3885773843)|VARIABLE_SCOPE_BEGIN|[254]|lower|String|false|false
07:32:32.882 (3885785944)|VARIABLE_ASSIGNMENT|[254]|lower|"modem"
07:32:32.882 (3885825575)|STATEMENT_EXECUTE|[255]
07:32:32.882 (3885900946)|STATEMENT_EXECUTE|[256]
07:32:32.882 (3885917887)|STATEMENT_EXECUTE|[257]
07:32:32.882 (3885927027)|METHOD_EXIT|[274]|01pdL00000Up09Z|CpeAiAssistantController.normalizeProductName(String)
07:32:32.882 (3885935156)|VARIABLE_SCOPE_BEGIN|[274]|normKey|String|false|false
07:32:32.882 (3885947396)|VARIABLE_ASSIGNMENT|[274]|normKey|"Modem"
07:32:32.882 (3886000558)|HEAP_ALLOCATE|[315]|Bytes:16
07:32:32.882 (3886048970)|STATEMENT_EXECUTE|[315]
07:32:32.882 (3886052450)|STATEMENT_EXECUTE|[317]
07:32:32.882 (3886088250)|HEAP_ALLOCATE|[EXTERNAL]|Bytes:-4
07:32:32.882 (3886099101)|STATEMENT_EXECUTE|[318]
07:32:32.882 (3886104151)|VARIABLE_SCOPE_BEGIN|[318]|currentStr|String|false|false
07:32:32.882 (3886117891)|VARIABLE_ASSIGNMENT|[318]|currentStr|""
07:32:32.882 (3886180873)|STATEMENT_EXECUTE|[319]
07:32:32.882 (3886184573)|STATEMENT_EXECUTE|[320]
07:32:32.882 (3886227014)|VARIABLE_ASSIGNMENT|[320]|currentStr|"Wired"
07:32:32.882 (3886264354)|HEAP_ALLOCATE|[322]|Bytes:5
07:32:32.882 (3886292655)|STATEMENT_EXECUTE|[322]
07:32:32.882 (3886296075)|STATEMENT_EXECUTE|[323]
07:32:32.882 (3886300115)|HEAP_ALLOCATE|[323]|Bytes:4
07:32:32.882 (3886310236)|VARIABLE_ASSIGNMENT|[323]|changedCpeCount|1
07:32:32.882 (3886356777)|HEAP_ALLOCATE|[273]|Bytes:5
07:32:32.882 (3886374097)|VARIABLE_SCOPE_BEGIN|[273]|key|String|false|false
07:32:32.882 (3886387277)|VARIABLE_ASSIGNMENT|[273]|key|"Wi-Fi Access Point"
07:32:32.882 (3886393437)|STATEMENT_EXECUTE|[273]
07:32:32.882 (3886396507)|STATEMENT_EXECUTE|[274]
07:32:32.882 (3886402818)|METHOD_ENTRY|[274]|01pdL00000Up09Z|CpeAiAssistantController.normalizeProductName(String)
07:32:32.882 (3886409698)|VARIABLE_SCOPE_BEGIN|[252]|rawName|String|false|false
07:32:32.882 (3886421418)|VARIABLE_ASSIGNMENT|[252]|rawName|"Wi-Fi Access Point"
07:32:32.882 (3886431988)|HEAP_ALLOCATE|[253]|Bytes:5
07:32:32.882 (3886437188)|STATEMENT_EXECUTE|[252]
07:32:32.882 (3886458539)|STATEMENT_EXECUTE|[253]
07:32:32.882 (3886461749)|STATEMENT_EXECUTE|[254]
07:32:32.882 (3886472529)|HEAP_ALLOCATE|[254]|Bytes:18
07:32:32.882 (3886484999)|VARIABLE_SCOPE_BEGIN|[254]|lower|String|false|false
07:32:32.882 (3886497320)|VARIABLE_ASSIGNMENT|[254]|lower|"wi-fi access point"
07:32:32.882 (3886533381)|STATEMENT_EXECUTE|[255]
07:32:32.882 (3886551541)|STATEMENT_EXECUTE|[256]
07:32:32.882 (3886558961)|METHOD_EXIT|[274]|01pdL00000Up09Z|CpeAiAssistantController.normalizeProductName(String)
07:32:32.882 (3886566211)|VARIABLE_SCOPE_BEGIN|[274]|normKey|String|false|false
07:32:32.882 (3886577882)|VARIABLE_ASSIGNMENT|[274]|normKey|"Wi-Fi Access Point"
07:32:32.882 (3886601732)|STATEMENT_EXECUTE|[276]
07:32:32.882 (3886605012)|STATEMENT_EXECUTE|[277]
07:32:32.882 (3886617982)|VARIABLE_SCOPE_BEGIN|[277]|qty|Integer|false|false
07:32:32.882 (3886630003)|VARIABLE_ASSIGNMENT|[277]|qty|1
07:32:32.882 (3886644543)|STATEMENT_EXECUTE|[279]
07:32:32.882 (3886647693)|STATEMENT_EXECUTE|[280]
07:32:32.882 (3886651353)|VARIABLE_SCOPE_BEGIN|[280]|current|Integer|false|false
07:32:32.882 (3886659123)|HEAP_ALLOCATE|[280]|Bytes:4
07:32:32.882 (3886668054)|VARIABLE_ASSIGNMENT|[280]|current|0
07:32:32.882 (3886704614)|STATEMENT_EXECUTE|[281]
07:32:32.882 (3886707744)|STATEMENT_EXECUTE|[282]
07:32:32.882 (3886736285)|VARIABLE_ASSIGNMENT|[282]|current|1
07:32:32.882 (3886743145)|STATEMENT_EXECUTE|[284]
07:32:32.882 (3886769566)|VARIABLE_SCOPE_BEGIN|[284]|max|Integer|false|false
07:32:32.882 (3886781556)|VARIABLE_ASSIGNMENT|[284]|max|11
07:32:32.882 (3886786826)|STATEMENT_EXECUTE|[285]
07:32:32.882 (3886812177)|VARIABLE_SCOPE_BEGIN|[285]|min|Integer|false|false
07:32:32.882 (3886823377)|VARIABLE_ASSIGNMENT|[285]|min|1
07:32:32.882 (3886831377)|STATEMENT_EXECUTE|[287]
07:32:32.882 (3886835527)|STATEMENT_EXECUTE|[295]
07:32:32.882 (3886838777)|STATEMENT_EXECUTE|[307]
07:32:32.882 (3886853638)|HEAP_ALLOCATE|[EXTERNAL]|Bytes:-4
07:32:32.882 (3886864768)|STATEMENT_EXECUTE|[309]
07:32:32.882 (3886876718)|HEAP_ALLOCATE|[273]|Bytes:5
07:32:32.882 (3886890729)|VARIABLE_ASSIGNMENT|[273]|key|null
07:32:32.882 (3886931020)|HEAP_ALLOCATE|[329]|Bytes:52
07:32:32.882 (3886962330)|HEAP_ALLOCATE|[329]|Bytes:5
07:32:32.882 (3886977831)|VARIABLE_SCOPE_BEGIN|[329]|ruleKey|String|false|false
07:32:32.882 (3886990801)|VARIABLE_ASSIGNMENT|[329]|ruleKey|"TV + Receiver"
07:32:32.882 (3886997061)|STATEMENT_EXECUTE|[329]
07:32:32.882 (3887024092)|STATEMENT_EXECUTE|[330]
07:32:32.882 (3887036102)|HEAP_ALLOCATE|[329]|Bytes:5
07:32:32.882 (3887050032)|VARIABLE_SCOPE_BEGIN|[329]|ruleKey|String|false|false
07:32:32.882 (3887062152)|VARIABLE_ASSIGNMENT|[329]|ruleKey|"Modem"
07:32:32.882 (3887067663)|STATEMENT_EXECUTE|[329]
07:32:32.882 (3887080823)|STATEMENT_EXECUTE|[330]
07:32:32.882 (3887090353)|HEAP_ALLOCATE|[329]|Bytes:5
07:32:32.882 (3887103473)|VARIABLE_SCOPE_BEGIN|[329]|ruleKey|String|false|false
07:32:32.882 (3887114924)|VARIABLE_ASSIGNMENT|[329]|ruleKey|"Wi-Fi Access Point"
07:32:32.882 (3887120584)|STATEMENT_EXECUTE|[329]
07:32:32.882 (3887133724)|STATEMENT_EXECUTE|[330]
07:32:32.882 (3887143494)|HEAP_ALLOCATE|[329]|Bytes:5
07:32:32.882 (3887157655)|VARIABLE_ASSIGNMENT|[329]|ruleKey|null
07:32:32.882 (3887163975)|STATEMENT_EXECUTE|[335]
07:32:32.882 (3887188885)|HEAP_ALLOCATE|[EXTERNAL]|Bytes:-4
07:32:32.882 (3887198976)|STATEMENT_EXECUTE|[338]
07:32:32.882 (3887213436)|HEAP_ALLOCATE|[338]|Bytes:4
07:32:32.882 (3887240466)|VARIABLE_SCOPE_BEGIN|[338]|stateChanges|List<Map<String,ANY>>|true|false
07:32:32.882 (3887264457)|HEAP_ALLOCATE|[EXTERNAL]|Bytes:4
07:32:32.882 (3887278318)|VARIABLE_ASSIGNMENT|[338]|stateChanges|[]|0x62defdb9
07:32:32.882 (3887311439)|HEAP_ALLOCATE|[339]|Bytes:52
07:32:32.882 (3887342309)|HEAP_ALLOCATE|[339]|Bytes:5
07:32:32.882 (3887357269)|VARIABLE_SCOPE_BEGIN|[339]|key|String|false|false
07:32:32.882 (3887370269)|VARIABLE_ASSIGNMENT|[339]|key|"TV + Receiver"
07:32:32.882 (3887376110)|STATEMENT_EXECUTE|[339]
07:32:32.882 (3887400580)|STATEMENT_EXECUTE|[340]
07:32:32.882 (3887403790)|STATEMENT_EXECUTE|[341]
07:32:32.882 (3887429511)|VARIABLE_SCOPE_BEGIN|[341]|newVal|Object|false|false
07:32:32.882 (3887445331)|VARIABLE_ASSIGNMENT|[341]|newVal|1
07:32:32.882 (3887451482)|STATEMENT_EXECUTE|[342]
07:32:32.882 (3887494232)|VARIABLE_SCOPE_BEGIN|[342]|curVal|Object|false|false
07:32:32.882 (3887510004)|VARIABLE_ASSIGNMENT|[342]|curVal|1
07:32:32.882 (3887574174)|STATEMENT_EXECUTE|[344]
07:32:32.882 (3887586714)|HEAP_ALLOCATE|[339]|Bytes:5
07:32:32.882 (3887602246)|VARIABLE_SCOPE_BEGIN|[339]|key|String|false|false
07:32:32.882 (3887614886)|VARIABLE_ASSIGNMENT|[339]|key|"Modem"
07:32:32.882 (3887620995)|STATEMENT_EXECUTE|[339]
07:32:32.882 (3887634126)|STATEMENT_EXECUTE|[340]
07:32:32.882 (3887637246)|STATEMENT_EXECUTE|[341]
07:32:32.882 (3887653346)|VARIABLE_SCOPE_BEGIN|[341]|newVal|Object|false|false
07:32:32.882 (3887668527)|VARIABLE_ASSIGNMENT|[341]|newVal|"Wi-Fi"
07:32:32.882 (3887673916)|STATEMENT_EXECUTE|[342]
07:32:32.882 (3887704437)|VARIABLE_SCOPE_BEGIN|[342]|curVal|Object|false|false
07:32:32.882 (3887718717)|VARIABLE_ASSIGNMENT|[342]|curVal|"Wired"
07:32:32.882 (3887741889)|STATEMENT_EXECUTE|[344]
07:32:32.882 (3887745418)|STATEMENT_EXECUTE|[345]
07:32:32.882 (3887753868)|HEAP_ALLOCATE|[345]|Bytes:4
07:32:32.882 (3887763169)|HEAP_ALLOCATE|[346]|Bytes:5
07:32:32.882 (3887792890)|HEAP_ALLOCATE|[346]|Bytes:5
07:32:32.882 (3887830971)|HEAP_ALLOCATE|[347]|Bytes:11
07:32:32.882 (3887862350)|HEAP_ALLOCATE|[348]|Bytes:8
07:32:32.882 (3887879142)|HEAP_ALLOCATE|[349]|Bytes:8
07:32:32.882 (3887894822)|HEAP_ALLOCATE|[350]|Bytes:5
07:32:32.882 (3887917312)|HEAP_ALLOCATE|[345]|Bytes:4
07:32:32.882 (3887950343)|VARIABLE_SCOPE_BEGIN|[345]|change|Map<String,ANY>|true|false
07:32:32.882 (3887977374)|VARIABLE_ASSIGNMENT|[345]|change|{"label":"MODEM","productCode":"O_RES_HSI_MODEM","oldUnits":"Wired","newUnits":"Wi-Fi","units":1}|0x2542f7fa
07:32:32.882 (3888036455)|STATEMENT_EXECUTE|[353]
07:32:32.882 (3888040416)|STATEMENT_EXECUTE|[357]
07:32:32.882 (3888049875)|VARIABLE_SCOPE_BEGIN|[357]|curQty|Integer|false|false
07:32:32.882 (3888059165)|HEAP_ALLOCATE|[357]|Bytes:4
07:32:32.882 (3888067986)|VARIABLE_ASSIGNMENT|[357]|curQty|0
07:32:32.882 (3888073725)|STATEMENT_EXECUTE|[358]
07:32:32.882 (3888083256)|VARIABLE_SCOPE_BEGIN|[358]|newQty|Integer|false|false
07:32:32.882 (3888090427)|HEAP_ALLOCATE|[358]|Bytes:4
07:32:32.882 (3888098286)|VARIABLE_ASSIGNMENT|[358]|newQty|0
07:32:32.882 (3888103636)|STATEMENT_EXECUTE|[359]
07:32:32.882 (3888108956)|VARIABLE_SCOPE_BEGIN|[359]|diff|Integer|false|false
07:32:32.882 (3888116177)|HEAP_ALLOCATE|[359]|Bytes:4
07:32:32.882 (3888124017)|VARIABLE_ASSIGNMENT|[359]|diff|0
07:32:32.882 (3888129197)|STATEMENT_EXECUTE|[360]
07:32:32.882 (3888198469)|VARIABLE_SCOPE_BEGIN|[2]|System.Math.E|Double|false|true
07:32:32.882 (3888212109)|VARIABLE_SCOPE_BEGIN|[3]|System.Math.PI|Double|false|true
07:32:32.882 (3888231849)|HEAP_ALLOCATE|[360]|Bytes:206
07:32:32.882 (3888248660)|SYSTEM_METHOD_ENTRY|[1]|Math.Math()
07:32:32.882 (3888254180)|STATEMENT_EXECUTE|[1]
07:32:32.882 (3888354073)|SYSTEM_METHOD_EXIT|[1]|Math
07:32:32.882 (3888364903)|METHOD_ENTRY|[360]||System.Math.abs(Integer)
07:32:32.882 (3888425904)|METHOD_EXIT|[360]||System.Math.abs(Integer)
07:32:32.882 (3888432984)|VARIABLE_SCOPE_BEGIN|[360]|diffAbs|Integer|false|false
07:32:32.882 (3888440715)|HEAP_ALLOCATE|[360]|Bytes:4
07:32:32.882 (3888450995)|VARIABLE_ASSIGNMENT|[360]|diffAbs|0
07:32:32.882 (3888468285)|STATEMENT_EXECUTE|[364]
07:32:32.882 (3888471654)|STATEMENT_EXECUTE|[365]
07:32:32.882 (3888476265)|HEAP_ALLOCATE|[365]|Bytes:12
07:32:32.882 (3888482334)|HEAP_ALLOCATE|[365]|Bytes:7
07:32:32.882 (3888511836)|HEAP_ALLOCATE|[EXTERNAL]|Bytes:-4
07:32:32.882 (3888523786)|STATEMENT_EXECUTE|[370]
07:32:32.882 (3888548376)|HEAP_ALLOCATE|[EXTERNAL]|Bytes:4
07:32:32.882 (3888567917)|HEAP_ALLOCATE|[339]|Bytes:5
07:32:32.882 (3888583808)|VARIABLE_SCOPE_BEGIN|[339]|key|String|false|false
07:32:32.882 (3888597128)|VARIABLE_ASSIGNMENT|[339]|key|"Wi-Fi Access Point"
07:32:32.882 (3888602948)|STATEMENT_EXECUTE|[339]
07:32:32.882 (3888616628)|STATEMENT_EXECUTE|[340]
07:32:32.882 (3888619769)|STATEMENT_EXECUTE|[341]
07:32:32.882 (3888636749)|VARIABLE_SCOPE_BEGIN|[341]|newVal|Object|false|false
07:32:32.882 (3888650309)|VARIABLE_ASSIGNMENT|[341]|newVal|1
07:32:32.882 (3888655989)|STATEMENT_EXECUTE|[342]
07:32:32.882 (3888687379)|VARIABLE_SCOPE_BEGIN|[342]|curVal|Object|false|false
07:32:32.882 (3888701570)|VARIABLE_ASSIGNMENT|[342]|curVal|1
07:32:32.882 (3888725851)|STATEMENT_EXECUTE|[344]
07:32:32.882 (3888736460)|HEAP_ALLOCATE|[339]|Bytes:5
07:32:32.882 (3888752061)|VARIABLE_ASSIGNMENT|[339]|key|null
07:32:32.882 (3888758562)|STATEMENT_EXECUTE|[374]
07:32:32.882 (3888763172)|HEAP_ALLOCATE|[374]|Bytes:12
07:32:32.882 (3888790202)|HEAP_ALLOCATE|[EXTERNAL]|Bytes:-4
07:32:32.882 (3888801333)|HEAP_ALLOCATE|[375]|Bytes:7
07:32:32.882 (3888837683)|STATEMENT_EXECUTE|[375]
07:32:32.882 (3888841104)|STATEMENT_EXECUTE|[376]
07:32:32.882 (3888875404)|HEAP_ALLOCATE|[EXTERNAL]|Bytes:-4
07:32:32.882 (3888886475)|STATEMENT_EXECUTE|[380]
07:32:32.882 (3888889845)|STATEMENT_EXECUTE|[381]
07:32:32.882 (3888893905)|HEAP_ALLOCATE|[381]|Bytes:21
07:32:32.882 (3888917795)|HEAP_ALLOCATE|[381]|Bytes:5
07:32:32.882 (3888924185)|HEAP_ALLOCATE|[EXTERNAL]|Bytes:-4
07:32:32.882 (3888934706)|STATEMENT_EXECUTE|[393]
07:32:32.882 (3888945246)|METHOD_EXIT|[142]|01pdL00000Up09Z|CpeAiAssistantController.parseAndValidateAgentResponse(String, Map<String,Map<String,ANY>>)
07:32:32.882 (3888952716)|VARIABLE_SCOPE_BEGIN|[142]|validatedResponse|Map<String,ANY>|true|false
07:32:32.882 (3888983827)|VARIABLE_ASSIGNMENT|[142]|validatedResponse|{"newState":{"TV + Receiver":1,"Modem":"Wi-Fi","Wi-Fi Access Point":1},"stateChanges":["Map of size 6 too large to display"],"message":"Modem type changed t (21 more) ...","requireOtherCpePrompt":true}|0x33cba2e5
07:32:32.882 (3888997427)|STATEMENT_EXECUTE|[144]
07:32:32.882 (3889006657)|METHOD_ENTRY|[144]||System.JSON.serialize(Object)
07:32:32.882 (3890116332)|METHOD_EXIT|[144]||System.JSON.serialize(Object)
07:32:32.890 (3890209074)|CUMULATIVE_LIMIT_USAGE
07:32:32.890 (3890209074)|LIMIT_USAGE_FOR_NS|(default)|
  Number of SOQL queries: 0 out of 100
  Number of query rows: 0 out of 50000
  Number of SOSL queries: 0 out of 20
  Number of DML statements: 0 out of 150
  Number of Publish Immediate DML: 0 out of 150
  Number of DML rows: 0 out of 10000
  Maximum CPU time: 687 out of 10000
  Maximum heap size: 0 out of 6000000
  Number of callouts: 0 out of 100
  Number of Email Invocations: 0 out of 10
  Number of future calls: 0 out of 50
  Number of queueable jobs added to the queue: 0 out of 50
  Number of Mobile Apex push calls: 0 out of 10

07:32:32.890 (3890209074)|CUMULATIVE_LIMIT_USAGE_END

07:32:32.882 (3890283336)|CODE_UNIT_FINISHED|CpeAiAssistantController.sendMessageToAgent(String, String, String, String)
07:32:32.882 (3890577863)|CODE_UNIT_FINISHED|apex://CpeAiAssistantController/ACTION$sendMessageToAgent
07:32:32.882 (3890592404)|EXECUTION_FINISHED
