66.0 APEX_CODE,FINEST;APEX_PROFILING,INFO;CALLOUT,INFO;DATA_ACCESS,INFO;DB,INFO;NBA,INFO;SYSTEM,DEBUG;VALIDATION,INFO;VISUALFORCE,INFO;WAVE,INFO;WORKFLOW,INFO
08:19:24.1 (1552057)|USER_INFO|[EXTERNAL]|005dL00001kiJYb|abhijithshaibinu001.b869139f1496@agentforce.com|(GMT-07:00) Pacific Daylight Time (America/Los_Angeles)|GMT-07:00
08:19:24.1 (1626482)|EXECUTION_STARTED
08:19:24.1 (1652434)|CODE_UNIT_STARTED|[EXTERNAL]|apex://CpeAiAssistantController/ACTION$sendMessageToAgent
08:19:24.1 (3684330)|CODE_UNIT_STARTED|[EXTERNAL]|01pdL00000Up09Z|CpeAiAssistantController.sendMessageToAgent(String, String, String, String)
08:19:24.1 (6308764)|HEAP_ALLOCATE|[95]|Bytes:3
08:19:24.1 (6448013)|HEAP_ALLOCATE|[100]|Bytes:152
08:19:24.1 (6469923)|HEAP_ALLOCATE|[417]|Bytes:408
08:19:24.1 (6485364)|HEAP_ALLOCATE|[430]|Bytes:408
08:19:24.1 (6512017)|HEAP_ALLOCATE|[317]|Bytes:6
08:19:24.1 (6526877)|HEAP_ALLOCATE|[EXTERNAL]|Bytes:44
08:19:24.1 (6534968)|HEAP_ALLOCATE|[EXTERNAL]|Bytes:6
08:19:24.1 (6567560)|METHOD_ENTRY|[1]|01pdL00000Up09Z|CpeAiAssistantController.CpeAiAssistantController()
08:19:24.1 (6581781)|STATEMENT_EXECUTE|[1]
08:19:24.1 (6600492)|STATEMENT_EXECUTE|[1]
08:19:24.1 (6629153)|HEAP_ALLOCATE|[68]|Bytes:5
08:19:24.1 (6683757)|HEAP_ALLOCATE|[74]|Bytes:5
08:19:24.1 (6696658)|HEAP_ALLOCATE|[82]|Bytes:7
08:19:24.1 (6908571)|HEAP_ALLOCATE|[EXTERNAL]|Bytes:5
08:19:24.1 (6935872)|METHOD_EXIT|[1]|CpeAiAssistantController
08:19:24.1 (6951393)|HEAP_ALLOCATE|[EXTERNAL]|Bytes:20
08:19:24.1 (6954954)|HEAP_ALLOCATE|[EXTERNAL]|Bytes:734
08:19:24.1 (6957734)|HEAP_ALLOCATE|[EXTERNAL]|Bytes:102
08:19:24.1 (6960664)|HEAP_ALLOCATE|[EXTERNAL]|Bytes:173
08:19:24.1 (6981075)|VARIABLE_SCOPE_BEGIN|[71]|userMessage|String|false|false
08:19:24.1 (7063731)|VARIABLE_ASSIGNMENT|[71]|userMessage|"Remove 2 tv receiver"
08:19:24.1 (7071151)|VARIABLE_SCOPE_BEGIN|[71]|cpeItemsJson|String|false|false
08:19:24.1 (7080852)|VARIABLE_ASSIGNMENT|[71]|cpeItemsJson|"{\n  \"CpeItems\": [\n   (714 more) ..."
08:19:24.1 (7085742)|VARIABLE_SCOPE_BEGIN|[71]|currentCartJson|String|false|false
08:19:24.1 (7093082)|VARIABLE_ASSIGNMENT|[71]|currentCartJson|"{\"TV + Receiver\":6,\" (82 more) ..."
08:19:24.1 (7096942)|VARIABLE_SCOPE_BEGIN|[71]|chatHistory|String|false|false
08:19:24.1 (7104103)|VARIABLE_ASSIGNMENT|[71]|chatHistory|"Technician: Remove D (153 more) ..."
08:19:24.1 (7116084)|HEAP_ALLOCATE|[72]|Bytes:5
08:19:24.1 (7120904)|STATEMENT_EXECUTE|[71]
08:19:24.1 (7123464)|STATEMENT_EXECUTE|[72]
08:19:24.1 (7125504)|STATEMENT_EXECUTE|[72]
08:19:24.1 (7127864)|STATEMENT_EXECUTE|[74]
08:19:24.1 (7156426)|METHOD_ENTRY|[74]|01pdL00000Up09Z|CpeAiAssistantController.buildRulePayload(String, String)
08:19:24.1 (7181558)|VARIABLE_SCOPE_BEGIN|[156]|cpeItemsJson|String|false|false
08:19:24.1 (7190968)|VARIABLE_ASSIGNMENT|[156]|cpeItemsJson|"{\n  \"CpeItems\": [\n   (714 more) ..."
08:19:24.1 (7194789)|VARIABLE_SCOPE_BEGIN|[156]|currentCartJson|String|false|false
08:19:24.1 (7201809)|VARIABLE_ASSIGNMENT|[156]|currentCartJson|"{\"TV + Receiver\":6,\" (82 more) ..."
08:19:24.1 (7210560)|HEAP_ALLOCATE|[157]|Bytes:5
08:19:24.1 (7215170)|STATEMENT_EXECUTE|[156]
08:19:24.1 (7217370)|STATEMENT_EXECUTE|[157]
08:19:24.1 (7238142)|HEAP_ALLOCATE|[157]|Bytes:4
08:19:24.1 (7258113)|VARIABLE_SCOPE_BEGIN|[157]|rules|Map<String,Map<String,ANY>>|true|false
08:19:24.1 (7293506)|VARIABLE_ASSIGNMENT|[157]|rules|{}|0x1ef0acbe
08:19:24.1 (7302195)|STATEMENT_EXECUTE|[158]
08:19:24.1 (7306006)|HEAP_ALLOCATE|[158]|Bytes:13
08:19:24.1 (7316867)|HEAP_ALLOCATE|[158]|Bytes:4
08:19:24.1 (7325028)|HEAP_ALLOCATE|[158]|Bytes:7
08:19:24.1 (7380911)|HEAP_ALLOCATE|[158]|Bytes:4
08:19:24.1 (7460815)|HEAP_ALLOCATE|[158]|Bytes:3
08:19:24.1 (7472786)|HEAP_ALLOCATE|[158]|Bytes:4
08:19:24.1 (7484497)|HEAP_ALLOCATE|[158]|Bytes:3
08:19:24.1 (7494787)|HEAP_ALLOCATE|[158]|Bytes:4
08:19:24.1 (7531230)|HEAP_ALLOCATE|[EXTERNAL]|Bytes:-4
08:19:24.1 (7539830)|STATEMENT_EXECUTE|[159]
08:19:24.1 (7543660)|HEAP_ALLOCATE|[159]|Bytes:5
08:19:24.1 (7552951)|HEAP_ALLOCATE|[159]|Bytes:4
08:19:24.1 (7559341)|HEAP_ALLOCATE|[159]|Bytes:5
08:19:24.1 (7591524)|HEAP_ALLOCATE|[159]|Bytes:4
08:19:24.1 (7607614)|HEAP_ALLOCATE|[159]|Bytes:4
08:19:24.1 (7624375)|HEAP_ALLOCATE|[EXTERNAL]|Bytes:-4
08:19:24.1 (7631556)|STATEMENT_EXECUTE|[160]
08:19:24.1 (7634616)|HEAP_ALLOCATE|[160]|Bytes:18
08:19:24.1 (7641967)|HEAP_ALLOCATE|[160]|Bytes:4
08:19:24.1 (7662238)|HEAP_ALLOCATE|[160]|Bytes:4
08:19:24.1 (7677999)|HEAP_ALLOCATE|[160]|Bytes:4
08:19:24.1 (7692920)|HEAP_ALLOCATE|[160]|Bytes:4
08:19:24.1 (7713901)|HEAP_ALLOCATE|[EXTERNAL]|Bytes:-4
08:19:24.1 (7782985)|STATEMENT_EXECUTE|[162]
08:19:24.1 (7785736)|STATEMENT_EXECUTE|[163]
08:19:24.1 (7787656)|STATEMENT_EXECUTE|[163]
08:19:24.1 (7789666)|STATEMENT_EXECUTE|[164]
08:19:24.1 (7819327)|HEAP_ALLOCATE|[164]|Bytes:24
08:19:24.1 (7829739)|SYSTEM_METHOD_ENTRY|[1]|JSON.JSON()
08:19:24.1 (7833939)|STATEMENT_EXECUTE|[1]
08:19:24.1 (7844660)|SYSTEM_METHOD_EXIT|[1]|JSON
08:19:24.1 (7854630)|METHOD_ENTRY|[164]||System.JSON.deserializeUntyped(String)
08:19:24.1 (10687136)|METHOD_EXIT|[164]||System.JSON.deserializeUntyped(String)
08:19:24.1 (10700587)|VARIABLE_SCOPE_BEGIN|[164]|currentCart|Map<String,ANY>|true|false
08:19:24.1 (10727428)|VARIABLE_ASSIGNMENT|[164]|currentCart|"Map of size 6 too large to display"|0x1705273
08:19:24.1 (10830665)|HEAP_ALLOCATE|[165]|Bytes:87
08:19:24.1 (10938042)|HEAP_ALLOCATE|[165]|Bytes:5
08:19:24.1 (10961183)|VARIABLE_SCOPE_BEGIN|[165]|key|String|false|false
08:19:24.1 (10971744)|VARIABLE_ASSIGNMENT|[165]|key|"TV + Receiver"
08:19:24.1 (10976764)|STATEMENT_EXECUTE|[165]
08:19:24.1 (10979264)|STATEMENT_EXECUTE|[166]
08:19:24.1 (10994045)|METHOD_ENTRY|[166]|01pdL00000Up09Z|CpeAiAssistantController.normalizeProductName(String)
08:19:24.1 (11007386)|VARIABLE_SCOPE_BEGIN|[255]|rawName|String|false|false
08:19:24.1 (11016618)|VARIABLE_ASSIGNMENT|[255]|rawName|"TV + Receiver"
08:19:24.1 (11025827)|HEAP_ALLOCATE|[256]|Bytes:5
08:19:24.1 (11030298)|STATEMENT_EXECUTE|[255]
08:19:24.1 (11065901)|STATEMENT_EXECUTE|[256]
08:19:24.1 (11068110)|STATEMENT_EXECUTE|[257]
08:19:24.1 (11088791)|HEAP_ALLOCATE|[257]|Bytes:13
08:19:24.1 (11100952)|VARIABLE_SCOPE_BEGIN|[257]|lower|String|false|false
08:19:24.1 (11110672)|VARIABLE_ASSIGNMENT|[257]|lower|"tv + receiver"
08:19:24.1 (11116893)|HEAP_ALLOCATE|[258]|Bytes:2
08:19:24.1 (11145955)|STATEMENT_EXECUTE|[258]
08:19:24.1 (11154695)|METHOD_EXIT|[166]|01pdL00000Up09Z|CpeAiAssistantController.normalizeProductName(String)
08:19:24.1 (11161576)|VARIABLE_SCOPE_BEGIN|[166]|normKey|String|false|false
08:19:24.1 (11170096)|VARIABLE_ASSIGNMENT|[166]|normKey|"TV + Receiver"
08:19:24.1 (11197008)|STATEMENT_EXECUTE|[167]
08:19:24.1 (11199488)|STATEMENT_EXECUTE|[168]
08:19:24.1 (11266302)|HEAP_ALLOCATE|[165]|Bytes:5
08:19:24.1 (11280663)|VARIABLE_SCOPE_BEGIN|[165]|key|String|false|false
08:19:24.1 (11289684)|VARIABLE_ASSIGNMENT|[165]|key|"Modem"
08:19:24.1 (11293884)|STATEMENT_EXECUTE|[165]
08:19:24.1 (11296054)|STATEMENT_EXECUTE|[166]
08:19:24.1 (11300604)|METHOD_ENTRY|[166]|01pdL00000Up09Z|CpeAiAssistantController.normalizeProductName(String)
08:19:24.1 (11305636)|VARIABLE_SCOPE_BEGIN|[255]|rawName|String|false|false
08:19:24.1 (11313415)|VARIABLE_ASSIGNMENT|[255]|rawName|"Modem"
08:19:24.1 (11321826)|HEAP_ALLOCATE|[256]|Bytes:5
08:19:24.1 (11325576)|STATEMENT_EXECUTE|[255]
08:19:24.1 (11341937)|STATEMENT_EXECUTE|[256]
08:19:24.1 (11344038)|STATEMENT_EXECUTE|[257]
08:19:24.1 (11352187)|HEAP_ALLOCATE|[257]|Bytes:5
08:19:24.1 (11363439)|VARIABLE_SCOPE_BEGIN|[257]|lower|String|false|false
08:19:24.1 (11377129)|VARIABLE_ASSIGNMENT|[257]|lower|"modem"
08:19:24.1 (11402451)|HEAP_ALLOCATE|[258]|Bytes:8
08:19:24.1 (11428043)|STATEMENT_EXECUTE|[258]
08:19:24.1 (11432212)|HEAP_ALLOCATE|[259]|Bytes:5
08:19:24.1 (11463414)|HEAP_ALLOCATE|[259]|Bytes:4
08:19:24.1 (11480926)|HEAP_ALLOCATE|[259]|Bytes:2
08:19:24.1 (11496567)|HEAP_ALLOCATE|[259]|Bytes:12
08:19:24.1 (11513868)|HEAP_ALLOCATE|[259]|Bytes:6
08:19:24.1 (11529458)|STATEMENT_EXECUTE|[259]
08:19:24.1 (11532439)|HEAP_ALLOCATE|[260]|Bytes:5
08:19:24.1 (11555220)|STATEMENT_EXECUTE|[260]
08:19:24.1 (11562111)|METHOD_EXIT|[166]|01pdL00000Up09Z|CpeAiAssistantController.normalizeProductName(String)
08:19:24.1 (11569241)|VARIABLE_SCOPE_BEGIN|[166]|normKey|String|false|false
08:19:24.1 (11577992)|VARIABLE_ASSIGNMENT|[166]|normKey|"Modem"
08:19:24.1 (11591842)|STATEMENT_EXECUTE|[167]
08:19:24.1 (11593922)|STATEMENT_EXECUTE|[168]
08:19:24.1 (11629995)|HEAP_ALLOCATE|[165]|Bytes:5
08:19:24.1 (11642876)|VARIABLE_SCOPE_BEGIN|[165]|key|String|false|false
08:19:24.1 (11652006)|VARIABLE_ASSIGNMENT|[165]|key|"Wi-Fi Access Point"
08:19:24.1 (11655946)|STATEMENT_EXECUTE|[165]
08:19:24.1 (11658277)|STATEMENT_EXECUTE|[166]
08:19:24.1 (11662427)|METHOD_ENTRY|[166]|01pdL00000Up09Z|CpeAiAssistantController.normalizeProductName(String)
08:19:24.1 (11667987)|VARIABLE_SCOPE_BEGIN|[255]|rawName|String|false|false
08:19:24.1 (11679259)|VARIABLE_ASSIGNMENT|[255]|rawName|"Wi-Fi Access Point"
08:19:24.1 (11688588)|HEAP_ALLOCATE|[256]|Bytes:5
08:19:24.1 (11693679)|STATEMENT_EXECUTE|[255]
08:19:24.1 (11714240)|STATEMENT_EXECUTE|[256]
08:19:24.1 (11717240)|STATEMENT_EXECUTE|[257]
08:19:24.1 (11728622)|HEAP_ALLOCATE|[257]|Bytes:18
08:19:24.1 (11743492)|VARIABLE_SCOPE_BEGIN|[257]|lower|String|false|false
08:19:24.1 (11755003)|VARIABLE_ASSIGNMENT|[257]|lower|"wi-fi access point"
08:19:24.1 (11788875)|STATEMENT_EXECUTE|[258]
08:19:24.1 (11803907)|STATEMENT_EXECUTE|[259]
08:19:24.1 (11810336)|METHOD_EXIT|[166]|01pdL00000Up09Z|CpeAiAssistantController.normalizeProductName(String)
08:19:24.1 (11816686)|VARIABLE_SCOPE_BEGIN|[166]|normKey|String|false|false
08:19:24.1 (11824757)|VARIABLE_ASSIGNMENT|[166]|normKey|"Wi-Fi Access Point"
08:19:24.1 (11838029)|STATEMENT_EXECUTE|[167]
08:19:24.1 (11840458)|STATEMENT_EXECUTE|[168]
08:19:24.1 (11880650)|HEAP_ALLOCATE|[165]|Bytes:5
08:19:24.1 (11892851)|VARIABLE_SCOPE_BEGIN|[165]|key|String|false|false
08:19:24.1 (11901842)|VARIABLE_ASSIGNMENT|[165]|key|"baseTv"
08:19:24.1 (11905732)|STATEMENT_EXECUTE|[165]
08:19:24.1 (11907812)|STATEMENT_EXECUTE|[166]
08:19:24.1 (11912162)|METHOD_ENTRY|[166]|01pdL00000Up09Z|CpeAiAssistantController.normalizeProductName(String)
08:19:24.1 (11917133)|VARIABLE_SCOPE_BEGIN|[255]|rawName|String|false|false
08:19:24.1 (11924213)|VARIABLE_ASSIGNMENT|[255]|rawName|"baseTv"
08:19:24.1 (11931544)|HEAP_ALLOCATE|[256]|Bytes:5
08:19:24.1 (11935344)|STATEMENT_EXECUTE|[255]
08:19:24.1 (11951685)|STATEMENT_EXECUTE|[256]
08:19:24.1 (11953745)|STATEMENT_EXECUTE|[257]
08:19:24.1 (11961916)|HEAP_ALLOCATE|[257]|Bytes:6
08:19:24.1 (11972936)|VARIABLE_SCOPE_BEGIN|[257]|lower|String|false|false
08:19:24.1 (11980878)|VARIABLE_ASSIGNMENT|[257]|lower|"basetv"
08:19:24.1 (11997108)|STATEMENT_EXECUTE|[258]
08:19:24.1 (12002498)|METHOD_EXIT|[166]|01pdL00000Up09Z|CpeAiAssistantController.normalizeProductName(String)
08:19:24.1 (12008068)|VARIABLE_SCOPE_BEGIN|[166]|normKey|String|false|false
08:19:24.1 (12016289)|VARIABLE_ASSIGNMENT|[166]|normKey|"TV + Receiver"
08:19:24.1 (12029201)|STATEMENT_EXECUTE|[167]
08:19:24.1 (12031610)|STATEMENT_EXECUTE|[168]
08:19:24.1 (12066372)|HEAP_ALLOCATE|[165]|Bytes:5
08:19:24.1 (12079524)|VARIABLE_SCOPE_BEGIN|[165]|key|String|false|false
08:19:24.1 (12088333)|VARIABLE_ASSIGNMENT|[165]|key|"baseWifi"
08:19:24.1 (12091954)|STATEMENT_EXECUTE|[165]
08:19:24.1 (12094214)|STATEMENT_EXECUTE|[166]
08:19:24.1 (12098434)|METHOD_ENTRY|[166]|01pdL00000Up09Z|CpeAiAssistantController.normalizeProductName(String)
08:19:24.1 (12103334)|VARIABLE_SCOPE_BEGIN|[255]|rawName|String|false|false
08:19:24.1 (12111435)|VARIABLE_ASSIGNMENT|[255]|rawName|"baseWifi"
08:19:24.1 (12118315)|HEAP_ALLOCATE|[256]|Bytes:5
08:19:24.1 (12122035)|STATEMENT_EXECUTE|[255]
08:19:24.1 (12137936)|STATEMENT_EXECUTE|[256]
08:19:24.1 (12140208)|STATEMENT_EXECUTE|[257]
08:19:24.1 (12149128)|HEAP_ALLOCATE|[257]|Bytes:8
08:19:24.1 (12158828)|VARIABLE_SCOPE_BEGIN|[257]|lower|String|false|false
08:19:24.1 (12167518)|VARIABLE_ASSIGNMENT|[257]|lower|"basewifi"
08:19:24.1 (12194171)|STATEMENT_EXECUTE|[258]
08:19:24.1 (12219562)|STATEMENT_EXECUTE|[259]
08:19:24.1 (12226182)|METHOD_EXIT|[166]|01pdL00000Up09Z|CpeAiAssistantController.normalizeProductName(String)
08:19:24.1 (12232262)|VARIABLE_SCOPE_BEGIN|[166]|normKey|String|false|false
08:19:24.1 (12239873)|VARIABLE_ASSIGNMENT|[166]|normKey|"Wi-Fi Access Point"
08:19:24.1 (12251534)|STATEMENT_EXECUTE|[167]
08:19:24.1 (12253775)|STATEMENT_EXECUTE|[168]
08:19:24.1 (12290796)|HEAP_ALLOCATE|[165]|Bytes:5
08:19:24.1 (12303938)|VARIABLE_SCOPE_BEGIN|[165]|key|String|false|false
08:19:24.1 (12313197)|VARIABLE_ASSIGNMENT|[165]|key|"baseModem"
08:19:24.1 (12317099)|STATEMENT_EXECUTE|[165]
08:19:24.1 (12319358)|STATEMENT_EXECUTE|[166]
08:19:24.1 (12323268)|METHOD_ENTRY|[166]|01pdL00000Up09Z|CpeAiAssistantController.normalizeProductName(String)
08:19:24.1 (12327798)|VARIABLE_SCOPE_BEGIN|[255]|rawName|String|false|false
08:19:24.1 (12334559)|VARIABLE_ASSIGNMENT|[255]|rawName|"baseModem"
08:19:24.1 (12341159)|HEAP_ALLOCATE|[256]|Bytes:5
08:19:24.1 (12345759)|STATEMENT_EXECUTE|[255]
08:19:24.1 (12360690)|STATEMENT_EXECUTE|[256]
08:19:24.1 (12362710)|STATEMENT_EXECUTE|[257]
08:19:24.1 (12371481)|HEAP_ALLOCATE|[257]|Bytes:9
08:19:24.1 (12381552)|VARIABLE_SCOPE_BEGIN|[257]|lower|String|false|false
08:19:24.1 (12389943)|VARIABLE_ASSIGNMENT|[257]|lower|"basemodem"
08:19:24.1 (12416754)|STATEMENT_EXECUTE|[258]
08:19:24.1 (12473937)|STATEMENT_EXECUTE|[259]
08:19:24.1 (12488429)|STATEMENT_EXECUTE|[260]
08:19:24.1 (12494609)|METHOD_EXIT|[166]|01pdL00000Up09Z|CpeAiAssistantController.normalizeProductName(String)
08:19:24.1 (12500639)|VARIABLE_SCOPE_BEGIN|[166]|normKey|String|false|false
08:19:24.1 (12508270)|VARIABLE_ASSIGNMENT|[166]|normKey|"Modem"
08:19:24.1 (12521800)|STATEMENT_EXECUTE|[167]
08:19:24.1 (12525021)|STATEMENT_EXECUTE|[168]
08:19:24.1 (12570903)|HEAP_ALLOCATE|[165]|Bytes:5
08:19:24.1 (12591045)|VARIABLE_ASSIGNMENT|[165]|key|null
08:19:24.1 (12600135)|HEAP_ALLOCATE|[171]|Bytes:6
08:19:24.1 (12627857)|STATEMENT_EXECUTE|[171]
08:19:24.1 (12643368)|HEAP_ALLOCATE|[171]|Bytes:4
08:19:24.1 (12666289)|HEAP_ALLOCATE|[EXTERNAL]|Bytes:-4
08:19:24.1 (12676770)|HEAP_ALLOCATE|[172]|Bytes:8
08:19:24.1 (12697082)|STATEMENT_EXECUTE|[172]
08:19:24.1 (12723164)|HEAP_ALLOCATE|[EXTERNAL]|Bytes:-4
08:19:24.1 (12731693)|HEAP_ALLOCATE|[173]|Bytes:9
08:19:24.1 (12753465)|STATEMENT_EXECUTE|[173]
08:19:24.1 (12778546)|HEAP_ALLOCATE|[EXTERNAL]|Bytes:-4
08:19:24.1 (12808188)|STATEMENT_EXECUTE|[177]
08:19:24.1 (12811498)|STATEMENT_EXECUTE|[178]
08:19:24.1 (12813450)|STATEMENT_EXECUTE|[178]
08:19:24.1 (12815659)|STATEMENT_EXECUTE|[179]
08:19:24.1 (12821119)|METHOD_ENTRY|[179]||System.JSON.deserializeUntyped(String)
08:19:24.1 (13907118)|METHOD_EXIT|[179]||System.JSON.deserializeUntyped(String)
08:19:24.1 (13918447)|VARIABLE_SCOPE_BEGIN|[179]|itemsMap|Map<String,ANY>|true|false
08:19:24.1 (13943640)|HEAP_ALLOCATE|[EXTERNAL]|Bytes:20
08:19:24.1 (13994072)|VARIABLE_ASSIGNMENT|[179]|itemsMap|{"CpeItems":["Map of size 6 too large to display",{"itemType":"childProduct","maxQuantity":15,"minQuantity":0,"defaultQuantity":0,"ProductCode":"O_RES_TV_PLUS_ADDL_S (2 more) ..."},"Map of size 6 too large to display",{"itemType":"childProduct","maxQuantity":99999,"minQuantity":0,"defaultQuantity":0,"ProductCode":"O_RES_HSI_WIFI_EXTEN (3 more) ..."}]}|0x236cdb19
08:19:24.1 (14001964)|STATEMENT_EXECUTE|[180]
08:19:24.1 (14010633)|HEAP_ALLOCATE|[180]|Bytes:4
08:19:24.1 (14103719)|VARIABLE_SCOPE_BEGIN|[180]|items|List<ANY>|true|false
08:19:24.1 (14118891)|HEAP_ALLOCATE|[EXTERNAL]|Bytes:4
08:19:24.1 (14127230)|VARIABLE_ASSIGNMENT|[180]|items|[]|0x34923562
08:19:24.1 (14133172)|HEAP_ALLOCATE|[181]|Bytes:8
08:19:24.1 (14161583)|STATEMENT_EXECUTE|[181]
08:19:24.1 (14164223)|STATEMENT_EXECUTE|[182]
08:19:24.1 (14205925)|VARIABLE_ASSIGNMENT|[182]|items|["Map of size 6 too large to display",{"itemType":"childProduct","maxQuantity":15,"minQuantity":0,"defaultQuantity":0,"ProductCode":"O_RES_TV_PLUS_ADDL_S (2 more) ..."},"Map of size 6 too large to display",{"itemType":"childProduct","maxQuantity":99999,"minQuantity":0,"defaultQuantity":0,"ProductCode":"O_RES_HSI_WIFI_EXTEN (3 more) ..."}]|0x21de6d7d
08:19:24.1 (14214926)|STATEMENT_EXECUTE|[185]
08:19:24.1 (14226927)|HEAP_ALLOCATE|[185]|Bytes:4
08:19:24.1 (14237007)|VARIABLE_SCOPE_BEGIN|[185]|limits|Map<String,Map<String,Integer>>|true|false
08:19:24.1 (14247139)|VARIABLE_ASSIGNMENT|[185]|limits|{}|0x64afce4c
08:19:24.1 (14251398)|STATEMENT_EXECUTE|[186]
08:19:24.1 (14258809)|HEAP_ALLOCATE|[186]|Bytes:4
08:19:24.1 (14266069)|HEAP_ALLOCATE|[186]|Bytes:6
08:19:24.1 (14290382)|HEAP_ALLOCATE|[186]|Bytes:4
08:19:24.1 (14300361)|HEAP_ALLOCATE|[186]|Bytes:6
08:19:24.1 (14310772)|HEAP_ALLOCATE|[186]|Bytes:4
08:19:24.1 (14324033)|HEAP_ALLOCATE|[186]|Bytes:4
08:19:24.1 (14339044)|HEAP_ALLOCATE|[EXTERNAL]|Bytes:-4
08:19:24.1 (14347254)|STATEMENT_EXECUTE|[187]
08:19:24.1 (14353054)|HEAP_ALLOCATE|[187]|Bytes:4
08:19:24.1 (14373656)|HEAP_ALLOCATE|[187]|Bytes:4
08:19:24.1 (14388028)|HEAP_ALLOCATE|[187]|Bytes:4
08:19:24.1 (14399327)|HEAP_ALLOCATE|[187]|Bytes:4
08:19:24.1 (14412618)|HEAP_ALLOCATE|[EXTERNAL]|Bytes:-4
08:19:24.1 (14419679)|STATEMENT_EXECUTE|[188]
08:19:24.1 (14425319)|HEAP_ALLOCATE|[188]|Bytes:4
08:19:24.1 (14445631)|HEAP_ALLOCATE|[188]|Bytes:4
08:19:24.1 (14459141)|HEAP_ALLOCATE|[188]|Bytes:4
08:19:24.1 (14471162)|HEAP_ALLOCATE|[EXTERNAL]|Bytes:-4
08:19:24.1 (14477753)|STATEMENT_EXECUTE|[190]
08:19:24.1 (14487394)|METHOD_ENTRY|[190]|01pdL00000Up09Z|CpeAiAssistantController.extractCodes(List<ANY>, Map<String,Map<String,Integer>>)
08:19:24.1 (14518495)|VARIABLE_SCOPE_BEGIN|[203]|items|List<ANY>|true|false
08:19:24.1 (14538197)|VARIABLE_ASSIGNMENT|[203]|items|["Map of size 6 too large to display",{"itemType":"childProduct","maxQuantity":15,"minQuantity":0,"defaultQuantity":0,"ProductCode":"O_RES_TV_PLUS_ADDL_S (2 more) ..."},"Map of size 6 too large to display",{"itemType":"childProduct","maxQuantity":99999,"minQuantity":0,"defaultQuantity":0,"ProductCode":"O_RES_HSI_WIFI_EXTEN (3 more) ..."}]|0x21de6d7d
08:19:24.1 (14545826)|VARIABLE_SCOPE_BEGIN|[203]|limits|Map<String,Map<String,Integer>>|true|false
08:19:24.1 (14558838)|VARIABLE_ASSIGNMENT|[203]|limits|{"tv":{"maxInc":3,"maxAdd":15,"min":1},"wifi":{"maxInc":1,"maxAdd":10,"min":1},"modem":{"max":1,"min":1}}|0x64afce4c
08:19:24.1 (14570728)|HEAP_ALLOCATE|[204]|Bytes:5
08:19:24.1 (14575348)|STATEMENT_EXECUTE|[203]
08:19:24.1 (14578448)|STATEMENT_EXECUTE|[204]
08:19:24.1 (14615971)|HEAP_ALLOCATE|[205]|Bytes:5
08:19:24.1 (14636872)|HEAP_ALLOCATE|[205]|Bytes:28
08:19:24.1 (14647713)|VARIABLE_SCOPE_BEGIN|[205]|obj|Object|false|false
08:19:24.1 (14658364)|VARIABLE_ASSIGNMENT|[205]|obj|"Map of size 6 too large to display"
08:19:24.1 (14663224)|STATEMENT_EXECUTE|[205]
08:19:24.1 (14665325)|STATEMENT_EXECUTE|[206]
08:19:24.1 (14669144)|VARIABLE_SCOPE_BEGIN|[206]|item|Map<String,ANY>|true|false
08:19:24.1 (14678785)|VARIABLE_ASSIGNMENT|[206]|item|"Map of size 6 too large to display"|0x771845f5
08:19:24.1 (14683055)|STATEMENT_EXECUTE|[207]
08:19:24.1 (14691196)|METHOD_ENTRY|[207]|01pdL00000Up09Z|CpeAiAssistantController.getProductCode(Map<String,ANY>)
08:19:24.1 (14703346)|VARIABLE_SCOPE_BEGIN|[236]|item|Map<String,ANY>|true|false
08:19:24.1 (14898968)|VARIABLE_ASSIGNMENT|[236]|item|"Map of size 6 too large to display"|0x771845f5
08:19:24.1 (14909060)|HEAP_ALLOCATE|[237]|Bytes:5
08:19:24.1 (14913519)|STATEMENT_EXECUTE|[236]
08:19:24.1 (14916670)|HEAP_ALLOCATE|[237]|Bytes:11
08:19:24.1 (14950692)|STATEMENT_EXECUTE|[237]
08:19:24.1 (14952863)|STATEMENT_EXECUTE|[238]
08:19:24.1 (14984834)|HEAP_ALLOCATE|[238]|Bytes:17
08:19:24.1 (15001346)|METHOD_EXIT|[207]|01pdL00000Up09Z|CpeAiAssistantController.getProductCode(Map<String,ANY>)
08:19:24.1 (15007565)|VARIABLE_SCOPE_BEGIN|[207]|code|String|false|false
08:19:24.1 (15016516)|VARIABLE_ASSIGNMENT|[207]|code|"O_RES_TV_PLUS_STB"
08:19:24.1 (15020856)|STATEMENT_EXECUTE|[208]
08:19:24.1 (15024916)|HEAP_ALLOCATE|[208]|Bytes:11
08:19:24.1 (15057509)|VARIABLE_SCOPE_BEGIN|[208]|maxQ|Integer|false|false
08:19:24.1 (15066459)|VARIABLE_ASSIGNMENT|[208]|maxQ|3
08:19:24.1 (15073089)|STATEMENT_EXECUTE|[209]
08:19:24.1 (15076279)|HEAP_ALLOCATE|[209]|Bytes:11
08:19:24.1 (15108081)|VARIABLE_SCOPE_BEGIN|[209]|minQ|Integer|false|false
08:19:24.1 (15116812)|VARIABLE_ASSIGNMENT|[209]|minQ|0
08:19:24.1 (15120782)|STATEMENT_EXECUTE|[210]
08:19:24.1 (15123913)|HEAP_ALLOCATE|[210]|Bytes:15
08:19:24.1 (15152824)|VARIABLE_SCOPE_BEGIN|[210]|defQ|Integer|false|false
08:19:24.1 (15161305)|VARIABLE_ASSIGNMENT|[210]|defQ|1
08:19:24.1 (15166185)|HEAP_ALLOCATE|[212]|Bytes:17
08:19:24.1 (15190507)|STATEMENT_EXECUTE|[212]
08:19:24.1 (15193177)|STATEMENT_EXECUTE|[213]
08:19:24.1 (15231629)|STATEMENT_EXECUTE|[214]
08:19:24.1 (15261831)|HEAP_ALLOCATE|[227]|Bytes:13
08:19:24.1 (15284232)|STATEMENT_EXECUTE|[227]
08:19:24.1 (15295703)|HEAP_ALLOCATE|[205]|Bytes:5
08:19:24.1 (15312245)|HEAP_ALLOCATE|[205]|Bytes:24
08:19:24.1 (15321615)|VARIABLE_SCOPE_BEGIN|[205]|obj|Object|false|false
08:19:24.1 (15338226)|VARIABLE_ASSIGNMENT|[205]|obj|{"itemType":"childProduct","maxQuantity":15,"minQuantity":0,"defaultQuantity":0,"ProductCode":"O_RES_TV_PLUS_ADDL_S (2 more) ..."}
08:19:24.1 (15343207)|STATEMENT_EXECUTE|[205]
08:19:24.1 (15345487)|STATEMENT_EXECUTE|[206]
08:19:24.1 (15349687)|VARIABLE_SCOPE_BEGIN|[206]|item|Map<String,ANY>|true|false
08:19:24.1 (15362137)|VARIABLE_ASSIGNMENT|[206]|item|{"itemType":"childProduct","maxQuantity":15,"minQuantity":0,"defaultQuantity":0,"ProductCode":"O_RES_TV_PLUS_ADDL_S (2 more) ..."}|0x5b0e669e
08:19:24.1 (15367058)|STATEMENT_EXECUTE|[207]
08:19:24.1 (15371918)|METHOD_ENTRY|[207]|01pdL00000Up09Z|CpeAiAssistantController.getProductCode(Map<String,ANY>)
08:19:24.1 (15377138)|VARIABLE_SCOPE_BEGIN|[236]|item|Map<String,ANY>|true|false
08:19:24.1 (15387999)|VARIABLE_ASSIGNMENT|[236]|item|{"itemType":"childProduct","maxQuantity":15,"minQuantity":0,"defaultQuantity":0,"ProductCode":"O_RES_TV_PLUS_ADDL_S (2 more) ..."}|0x5b0e669e
08:19:24.1 (15397090)|HEAP_ALLOCATE|[237]|Bytes:5
08:19:24.1 (15400940)|STATEMENT_EXECUTE|[236]
08:19:24.1 (15420911)|STATEMENT_EXECUTE|[237]
08:19:24.1 (15423111)|STATEMENT_EXECUTE|[238]
08:19:24.1 (15439933)|HEAP_ALLOCATE|[238]|Bytes:22
08:19:24.1 (15453583)|METHOD_EXIT|[207]|01pdL00000Up09Z|CpeAiAssistantController.getProductCode(Map<String,ANY>)
08:19:24.1 (15459003)|VARIABLE_SCOPE_BEGIN|[207]|code|String|false|false
08:19:24.1 (15467154)|VARIABLE_ASSIGNMENT|[207]|code|"O_RES_TV_PLUS_ADDL_S (2 more) ..."
08:19:24.1 (15471344)|STATEMENT_EXECUTE|[208]
08:19:24.1 (15491056)|VARIABLE_SCOPE_BEGIN|[208]|maxQ|Integer|false|false
08:19:24.1 (15500657)|VARIABLE_ASSIGNMENT|[208]|maxQ|15
08:19:24.1 (15504316)|STATEMENT_EXECUTE|[209]
08:19:24.1 (15595642)|VARIABLE_SCOPE_BEGIN|[209]|minQ|Integer|false|false
08:19:24.1 (15605852)|VARIABLE_ASSIGNMENT|[209]|minQ|0
08:19:24.1 (15609773)|STATEMENT_EXECUTE|[210]
08:19:24.1 (15628265)|VARIABLE_SCOPE_BEGIN|[210]|defQ|Integer|false|false
08:19:24.1 (15635914)|VARIABLE_ASSIGNMENT|[210]|defQ|0
08:19:24.1 (15651175)|HEAP_ALLOCATE|[215]|Bytes:22
08:19:24.1 (15659846)|STATEMENT_EXECUTE|[215]
08:19:24.1 (15662136)|STATEMENT_EXECUTE|[216]
08:19:24.1 (15705139)|STATEMENT_EXECUTE|[227]
08:19:24.1 (15715459)|HEAP_ALLOCATE|[205]|Bytes:5
08:19:24.1 (15731671)|HEAP_ALLOCATE|[205]|Bytes:28
08:19:24.1 (15740611)|VARIABLE_SCOPE_BEGIN|[205]|obj|Object|false|false
08:19:24.1 (15750601)|VARIABLE_ASSIGNMENT|[205]|obj|"Map of size 6 too large to display"
08:19:24.1 (15755522)|STATEMENT_EXECUTE|[205]
08:19:24.1 (15757962)|STATEMENT_EXECUTE|[206]
08:19:24.1 (15761862)|VARIABLE_SCOPE_BEGIN|[206]|item|Map<String,ANY>|true|false
08:19:24.1 (15771383)|VARIABLE_ASSIGNMENT|[206]|item|"Map of size 6 too large to display"|0x79263f54
08:19:24.1 (15775434)|STATEMENT_EXECUTE|[207]
08:19:24.1 (15780133)|METHOD_ENTRY|[207]|01pdL00000Up09Z|CpeAiAssistantController.getProductCode(Map<String,ANY>)
08:19:24.1 (15785334)|VARIABLE_SCOPE_BEGIN|[236]|item|Map<String,ANY>|true|false
08:19:24.1 (15792894)|VARIABLE_ASSIGNMENT|[236]|item|"Map of size 6 too large to display"|0x79263f54
08:19:24.1 (15801615)|HEAP_ALLOCATE|[237]|Bytes:5
08:19:24.1 (15805485)|STATEMENT_EXECUTE|[236]
08:19:24.1 (15824917)|STATEMENT_EXECUTE|[237]
08:19:24.1 (15827136)|STATEMENT_EXECUTE|[238]
08:19:24.1 (15843847)|HEAP_ALLOCATE|[238]|Bytes:15
08:19:24.1 (15857199)|METHOD_EXIT|[207]|01pdL00000Up09Z|CpeAiAssistantController.getProductCode(Map<String,ANY>)
08:19:24.1 (15862498)|VARIABLE_SCOPE_BEGIN|[207]|code|String|false|false
08:19:24.1 (15870549)|VARIABLE_ASSIGNMENT|[207]|code|"O_RES_HSI_MODEM"
08:19:24.1 (15874320)|STATEMENT_EXECUTE|[208]
08:19:24.1 (15893641)|VARIABLE_SCOPE_BEGIN|[208]|maxQ|Integer|false|false
08:19:24.1 (15901762)|VARIABLE_ASSIGNMENT|[208]|maxQ|99999
08:19:24.1 (15905381)|STATEMENT_EXECUTE|[209]
08:19:24.1 (15921982)|VARIABLE_SCOPE_BEGIN|[209]|minQ|Integer|false|false
08:19:24.1 (15930413)|VARIABLE_ASSIGNMENT|[209]|minQ|0
08:19:24.1 (15933823)|STATEMENT_EXECUTE|[210]
08:19:24.1 (15951104)|VARIABLE_SCOPE_BEGIN|[210]|defQ|Integer|false|false
08:19:24.1 (15958544)|VARIABLE_ASSIGNMENT|[210]|defQ|1
08:19:24.1 (15971195)|HEAP_ALLOCATE|[217]|Bytes:27
08:19:24.1 (15982127)|HEAP_ALLOCATE|[220]|Bytes:27
08:19:24.1 (15991066)|HEAP_ALLOCATE|[222]|Bytes:15
08:19:24.1 (15997848)|STATEMENT_EXECUTE|[222]
08:19:24.1 (16000297)|STATEMENT_EXECUTE|[223]
08:19:24.1 (16031250)|HEAP_ALLOCATE|[223]|Bytes:4
08:19:24.1 (16040439)|STATEMENT_EXECUTE|[224]
08:19:24.1 (16078853)|STATEMENT_EXECUTE|[227]
08:19:24.1 (16088322)|HEAP_ALLOCATE|[205]|Bytes:5
08:19:24.1 (16102313)|HEAP_ALLOCATE|[205]|Bytes:24
08:19:24.1 (16111304)|VARIABLE_SCOPE_BEGIN|[205]|obj|Object|false|false
08:19:24.1 (16127496)|VARIABLE_ASSIGNMENT|[205]|obj|{"itemType":"childProduct","maxQuantity":99999,"minQuantity":0,"defaultQuantity":0,"ProductCode":"O_RES_HSI_WIFI_EXTEN (3 more) ..."}
08:19:24.1 (16132185)|STATEMENT_EXECUTE|[205]
08:19:24.1 (16134325)|STATEMENT_EXECUTE|[206]
08:19:24.1 (16137937)|VARIABLE_SCOPE_BEGIN|[206]|item|Map<String,ANY>|true|false
08:19:24.1 (16149266)|VARIABLE_ASSIGNMENT|[206]|item|{"itemType":"childProduct","maxQuantity":99999,"minQuantity":0,"defaultQuantity":0,"ProductCode":"O_RES_HSI_WIFI_EXTEN (3 more) ..."}|0x5a1d875
08:19:24.1 (16154087)|STATEMENT_EXECUTE|[207]
08:19:24.1 (16158578)|METHOD_ENTRY|[207]|01pdL00000Up09Z|CpeAiAssistantController.getProductCode(Map<String,ANY>)
08:19:24.1 (16163407)|VARIABLE_SCOPE_BEGIN|[236]|item|Map<String,ANY>|true|false
08:19:24.1 (16174299)|VARIABLE_ASSIGNMENT|[236]|item|{"itemType":"childProduct","maxQuantity":99999,"minQuantity":0,"defaultQuantity":0,"ProductCode":"O_RES_HSI_WIFI_EXTEN (3 more) ..."}|0x5a1d875
08:19:24.1 (16183979)|HEAP_ALLOCATE|[237]|Bytes:5
08:19:24.1 (16187769)|STATEMENT_EXECUTE|[236]
08:19:24.1 (16206341)|STATEMENT_EXECUTE|[237]
08:19:24.1 (16208790)|STATEMENT_EXECUTE|[238]
08:19:24.1 (16225211)|HEAP_ALLOCATE|[238]|Bytes:23
08:19:24.1 (16238412)|METHOD_EXIT|[207]|01pdL00000Up09Z|CpeAiAssistantController.getProductCode(Map<String,ANY>)
08:19:24.1 (16243532)|VARIABLE_SCOPE_BEGIN|[207]|code|String|false|false
08:19:24.1 (16251973)|VARIABLE_ASSIGNMENT|[207]|code|"O_RES_HSI_WIFI_EXTEN (3 more) ..."
08:19:24.1 (16255784)|STATEMENT_EXECUTE|[208]
08:19:24.1 (16274774)|VARIABLE_SCOPE_BEGIN|[208]|maxQ|Integer|false|false
08:19:24.1 (16283935)|VARIABLE_ASSIGNMENT|[208]|maxQ|99999
08:19:24.1 (16287525)|STATEMENT_EXECUTE|[209]
08:19:24.1 (16305707)|VARIABLE_SCOPE_BEGIN|[209]|minQ|Integer|false|false
08:19:24.1 (16313467)|VARIABLE_ASSIGNMENT|[209]|minQ|0
08:19:24.1 (16316917)|STATEMENT_EXECUTE|[210]
08:19:24.1 (16333509)|VARIABLE_SCOPE_BEGIN|[210]|defQ|Integer|false|false
08:19:24.1 (16341989)|VARIABLE_ASSIGNMENT|[210]|defQ|0
08:19:24.1 (16364751)|STATEMENT_EXECUTE|[212]
08:19:24.1 (16374740)|STATEMENT_EXECUTE|[227]
08:19:24.1 (16383752)|HEAP_ALLOCATE|[205]|Bytes:5
08:19:24.1 (16398972)|VARIABLE_ASSIGNMENT|[205]|obj|null
08:19:24.1 (16410073)|METHOD_EXIT|[190]|01pdL00000Up09Z|CpeAiAssistantController.extractCodes(List<ANY>, Map<String,Map<String,Integer>>)
08:19:24.1 (16414994)|STATEMENT_EXECUTE|[192]
08:19:24.1 (16480927)|HEAP_ALLOCATE|[192]|Bytes:4
08:19:24.1 (16498799)|STATEMENT_EXECUTE|[193]
08:19:24.1 (16546091)|STATEMENT_EXECUTE|[194]
08:19:24.1 (16604486)|HEAP_ALLOCATE|[194]|Bytes:4
08:19:24.1 (16620367)|STATEMENT_EXECUTE|[195]
08:19:24.1 (16684620)|STATEMENT_EXECUTE|[196]
08:19:24.1 (16735334)|STATEMENT_EXECUTE|[197]
08:19:24.1 (16783286)|STATEMENT_EXECUTE|[200]
08:19:24.1 (16791386)|METHOD_EXIT|[74]|01pdL00000Up09Z|CpeAiAssistantController.buildRulePayload(String, String)
08:19:24.1 (16798587)|VARIABLE_SCOPE_BEGIN|[74]|rules|Map<String,Map<String,ANY>>|true|false
08:19:24.1 (16820059)|VARIABLE_ASSIGNMENT|[74]|rules|{"TV + Receiver":{"current":6,"min":0,"max":18,"base":6},"Modem":{"current":"Wi-Fi","min":1,"max":1,"base":"Wi-Fi"},"Wi-Fi Access Point":{"current":4,"min":1,"max":11,"base":4}}|0x1ef0acbe
08:19:24.1 (16825638)|STATEMENT_EXECUTE|[77]
08:19:24.1 (16829629)|HEAP_ALLOCATE|[77]|Bytes:150
08:19:24.1 (16839959)|METHOD_ENTRY|[79]||System.JSON.serialize(Object)
08:19:24.1 (18008242)|METHOD_EXIT|[79]||System.JSON.serialize(Object)
08:19:24.1 (18018923)|HEAP_ALLOCATE|[79]|Bytes:24
08:19:24.1 (18058645)|HEAP_ALLOCATE|[80]|Bytes:29
08:19:24.1 (18109848)|HEAP_ALLOCATE|[77]|Bytes:573
08:19:24.1 (18118220)|VARIABLE_SCOPE_BEGIN|[77]|fullMessage|String|false|false
08:19:24.1 (18131120)|VARIABLE_ASSIGNMENT|[77]|fullMessage|"System Context: You  (553 more) ..."
08:19:24.1 (18135701)|STATEMENT_EXECUTE|[83]
08:19:24.1 (18138920)|HEAP_ALLOCATE|[84]|Bytes:22
08:19:24.1 (18144040)|HEAP_ALLOCATE|[85]|Bytes:21
08:19:24.1 (18193973)|HEAP_ALLOCATE|[83]|Bytes:12
08:19:24.1 (18203454)|HEAP_ALLOCATE|[83]|Bytes:58
08:19:24.1 (18220835)|SYSTEM_METHOD_ENTRY|[14]|Action.Action()
08:19:24.1 (18227587)|STATEMENT_EXECUTE|[14]
08:19:24.1 (18237107)|SYSTEM_METHOD_EXIT|[14]|Action
08:19:24.1 (18265438)|METHOD_ENTRY|[83]||Invocable.Action.createCustomAction(String, String)
08:19:24.1 (18494752)|METHOD_EXIT|[83]||Invocable.Action.createCustomAction(String, String)
08:19:24.1 (18501993)|VARIABLE_SCOPE_BEGIN|[83]|action|Invocable.Action|true|false
08:19:24.1 (18624700)|VARIABLE_ASSIGNMENT|[83]|action|{"invocations":"0x4cf8b21f","invokeFromLightningComponent":false,"name":"CPE_Equipment_Manage (1 more) ...","type":"generatePromptRespon (2 more) ..."}|0x56582105
08:19:24.1 (18637001)|STATEMENT_EXECUTE|[88]
08:19:24.1 (18642151)|HEAP_ALLOCATE|[88]|Bytes:17
08:19:24.1 (18664043)|METHOD_ENTRY|[88]||Invocable.Action.setInvocationParameter(String, Object)
08:19:24.1 (18858005)|METHOD_EXIT|[88]||Invocable.Action.setInvocationParameter(String, Object)
08:19:24.1 (18864045)|STATEMENT_EXECUTE|[90]
08:19:24.1 (18873536)|METHOD_ENTRY|[90]||Invocable.Action.invoke()
08:19:27.603 (3603745525)|METHOD_EXIT|[90]||Invocable.Action.invoke()
08:19:27.603 (3603767277)|VARIABLE_SCOPE_BEGIN|[90]|results|List<Invocable.Action.Result>|true|false
08:19:27.603 (3603846032)|VARIABLE_ASSIGNMENT|[90]|results|[{"action":"0x56582105","errors":"0x3064049d","invocationParameters":"0x3c5b9630","outputParameters":"0x68e25d85","success":true}]|0x23a6a86e
08:19:27.603 (3603882213)|STATEMENT_EXECUTE|[92]
08:19:27.603 (3603885543)|STATEMENT_EXECUTE|[96]
08:19:27.603 (3603901704)|HEAP_ALLOCATE|[96]|Bytes:24
08:19:27.603 (3603909695)|VARIABLE_SCOPE_BEGIN|[96]|result|Invocable.Action.Result|true|false
08:19:27.603 (3603932016)|VARIABLE_ASSIGNMENT|[96]|result|{"action":"0x56582105","errors":"0x3064049d","invocationParameters":"0x3c5b9630","outputParameters":"0x68e25d85","success":true}|0x3376006b
08:19:27.603 (3603954679)|METHOD_ENTRY|[98]||Invocable.Action.Result.isSuccess()
08:19:27.603 (3603979939)|METHOD_EXIT|[98]||Invocable.Action.Result.isSuccess()
08:19:27.603 (3603986260)|STATEMENT_EXECUTE|[98]
08:19:27.603 (3603988521)|STATEMENT_EXECUTE|[104]
08:19:27.603 (3603995531)|METHOD_ENTRY|[104]||Invocable.Action.Result.getOutputParameters()
08:19:27.603 (3604045673)|METHOD_EXIT|[104]||Invocable.Action.Result.getOutputParameters()
08:19:27.603 (3604051634)|VARIABLE_SCOPE_BEGIN|[104]|outputs|Map<String,ANY>|true|false
08:19:27.603 (3604070686)|VARIABLE_ASSIGNMENT|[104]|outputs|{"promptResponse":"{\n  \"message\": \"Remo (165 more) ..."}|0x68e25d85
08:19:27.603 (3604076296)|STATEMENT_EXECUTE|[105]
08:19:27.603 (3604078675)|STATEMENT_EXECUTE|[110]
08:19:27.603 (3604082306)|HEAP_ALLOCATE|[110]|Bytes:14
08:19:27.603 (3604114769)|VARIABLE_SCOPE_BEGIN|[110]|promptRespObj|Object|false|false
08:19:27.603 (3604126299)|VARIABLE_ASSIGNMENT|[110]|promptRespObj|"{\n  \"message\": \"Remo (165 more) ..."
08:19:27.603 (3604131109)|STATEMENT_EXECUTE|[111]
08:19:27.603 (3604135479)|VARIABLE_SCOPE_BEGIN|[111]|rawResponse|String|false|false
08:19:27.603 (3604143340)|VARIABLE_ASSIGNMENT|[111]|rawResponse|null
08:19:27.603 (3604147301)|STATEMENT_EXECUTE|[113]
08:19:27.603 (3604149451)|STATEMENT_EXECUTE|[114]
08:19:27.603 (3604181943)|HEAP_ALLOCATE|[114]|Bytes:185
08:19:27.603 (3604204214)|VARIABLE_ASSIGNMENT|[114]|rawResponse|"{\n  \"message\": \"Remo (165 more) ..."
08:19:27.603 (3604239546)|STATEMENT_EXECUTE|[119]
08:19:27.603 (3604243177)|STATEMENT_EXECUTE|[123]
08:19:27.603 (3604247777)|VARIABLE_SCOPE_BEGIN|[123]|cleanResponse|String|false|false
08:19:27.603 (3604261327)|VARIABLE_ASSIGNMENT|[123]|cleanResponse|null
08:19:27.603 (3604267858)|STATEMENT_EXECUTE|[124]
08:19:27.603 (3604270948)|STATEMENT_EXECUTE|[124]
08:19:27.603 (3604274028)|STATEMENT_EXECUTE|[125]
08:19:27.603 (3604283979)|METHOD_ENTRY|[125]||System.JSON.deserializeUntyped(String)
08:19:27.603 (3604706965)|METHOD_EXIT|[125]||System.JSON.deserializeUntyped(String)
08:19:27.603 (3604716835)|VARIABLE_SCOPE_BEGIN|[125]|parsed|Map<String,ANY>|true|false
08:19:27.603 (3604742557)|VARIABLE_ASSIGNMENT|[125]|parsed|{"message":"Removed 2 TV + Recei (51 more) ...","newState":{"TV + Receiver":4,"Modem":"Wi-Fi","Wi-Fi Access Point":4}}|0x7bd44c20
08:19:27.603 (3604749717)|HEAP_ALLOCATE|[126]|Bytes:5
08:19:27.603 (3604809881)|STATEMENT_EXECUTE|[128]
08:19:27.603 (3604812681)|STATEMENT_EXECUTE|[129]
08:19:27.603 (3604820342)|VARIABLE_ASSIGNMENT|[129]|cleanResponse|"{\n  \"message\": \"Remo (165 more) ..."
08:19:27.603 (3604826992)|STATEMENT_EXECUTE|[135]
08:19:27.603 (3604829112)|STATEMENT_EXECUTE|[136]
08:19:27.603 (3604833162)|HEAP_ALLOCATE|[136]|Bytes:3
08:19:27.603 (3604838073)|HEAP_ALLOCATE|[136]|Bytes:1
08:19:27.603 (3604884435)|HEAP_ALLOCATE|[136]|Bytes:185
08:19:27.603 (3604901487)|VARIABLE_ASSIGNMENT|[136]|cleanResponse|"{\n  \"message\": \"Remo (165 more) ..."
08:19:27.603 (3604906277)|STATEMENT_EXECUTE|[137]
08:19:27.603 (3604909597)|HEAP_ALLOCATE|[137]|Bytes:2
08:19:27.603 (3604930619)|HEAP_ALLOCATE|[137]|Bytes:185
08:19:27.603 (3604945009)|VARIABLE_ASSIGNMENT|[137]|cleanResponse|"{\n  \"message\": \"Remo (165 more) ..."
08:19:27.603 (3604950021)|STATEMENT_EXECUTE|[138]
08:19:27.603 (3604953330)|HEAP_ALLOCATE|[138]|Bytes:3
08:19:27.603 (3604958440)|HEAP_ALLOCATE|[138]|Bytes:1
08:19:27.603 (3604978121)|HEAP_ALLOCATE|[138]|Bytes:185
08:19:27.603 (3604992092)|VARIABLE_ASSIGNMENT|[138]|cleanResponse|"{\n  \"message\": \"Remo (165 more) ..."
08:19:27.603 (3604997153)|STATEMENT_EXECUTE|[142]
08:19:27.603 (3605008973)|METHOD_ENTRY|[142]|01pdL00000Up09Z|CpeAiAssistantController.parseAndValidateAgentResponse(String, Map<String,Map<String,ANY>>)
08:19:27.603 (3605021865)|VARIABLE_SCOPE_BEGIN|[264]|rawResponse|String|false|false
08:19:27.603 (3605030255)|VARIABLE_ASSIGNMENT|[264]|rawResponse|"{\n  \"message\": \"Remo (165 more) ..."
08:19:27.603 (3605034266)|VARIABLE_SCOPE_BEGIN|[264]|rules|Map<String,Map<String,ANY>>|true|false
08:19:27.603 (3605053147)|VARIABLE_ASSIGNMENT|[264]|rules|{"TV + Receiver":{"current":6,"min":0,"max":18,"base":6},"Modem":{"current":"Wi-Fi","min":1,"max":1,"base":"Wi-Fi"},"Wi-Fi Access Point":{"current":4,"min":1,"max":11,"base":4}}|0x1ef0acbe
08:19:27.603 (3605068518)|HEAP_ALLOCATE|[265]|Bytes:5
08:19:27.603 (3605075838)|STATEMENT_EXECUTE|[264]
08:19:27.603 (3605079248)|STATEMENT_EXECUTE|[265]
08:19:27.603 (3605090429)|HEAP_ALLOCATE|[265]|Bytes:4
08:19:27.603 (3605101990)|VARIABLE_SCOPE_BEGIN|[265]|finalResponse|Map<String,ANY>|true|false
08:19:27.603 (3605115871)|VARIABLE_ASSIGNMENT|[265]|finalResponse|{}|0x3c1c246a
08:19:27.603 (3605122890)|STATEMENT_EXECUTE|[267]
08:19:27.603 (3605125481)|STATEMENT_EXECUTE|[267]
08:19:27.603 (3605128242)|STATEMENT_EXECUTE|[268]
08:19:27.603 (3605134912)|METHOD_ENTRY|[268]||System.JSON.deserializeUntyped(String)
08:19:27.603 (3605520376)|METHOD_EXIT|[268]||System.JSON.deserializeUntyped(String)
08:19:27.603 (3605532777)|VARIABLE_SCOPE_BEGIN|[268]|parsed|Map<String,ANY>|true|false
08:19:27.603 (3605561379)|VARIABLE_ASSIGNMENT|[268]|parsed|{"message":"Removed 2 TV + Recei (51 more) ...","newState":{"TV + Receiver":4,"Modem":"Wi-Fi","Wi-Fi Access Point":4}}|0x4b070221
08:19:27.603 (3605570589)|HEAP_ALLOCATE|[270]|Bytes:8
08:19:27.603 (3605605570)|STATEMENT_EXECUTE|[270]
08:19:27.603 (3605609491)|STATEMENT_EXECUTE|[271]
08:19:27.603 (3605643643)|VARIABLE_SCOPE_BEGIN|[271]|newStateRaw|Map<String,ANY>|true|false
08:19:27.603 (3605662134)|VARIABLE_ASSIGNMENT|[271]|newStateRaw|{"TV + Receiver":4,"Modem":"Wi-Fi","Wi-Fi Access Point":4}|0x25c2163d
08:19:27.603 (3605670484)|STATEMENT_EXECUTE|[272]
08:19:27.603 (3605678165)|HEAP_ALLOCATE|[272]|Bytes:4
08:19:27.603 (3605687855)|VARIABLE_SCOPE_BEGIN|[272]|normalizedState|Map<String,ANY>|true|false
08:19:27.603 (3605701667)|VARIABLE_ASSIGNMENT|[272]|normalizedState|{}|0x2856c789
08:19:27.603 (3605708447)|STATEMENT_EXECUTE|[274]
08:19:27.603 (3605713318)|VARIABLE_SCOPE_BEGIN|[274]|changedCpeCount|Integer|false|false
08:19:27.603 (3605720737)|HEAP_ALLOCATE|[274]|Bytes:4
08:19:27.603 (3605730309)|VARIABLE_ASSIGNMENT|[274]|changedCpeCount|0
08:19:27.603 (3605780131)|HEAP_ALLOCATE|[276]|Bytes:52
08:19:27.603 (3605825614)|HEAP_ALLOCATE|[276]|Bytes:5
08:19:27.603 (3605846695)|VARIABLE_SCOPE_BEGIN|[276]|key|String|false|false
08:19:27.603 (3605859576)|VARIABLE_ASSIGNMENT|[276]|key|"TV + Receiver"
08:19:27.603 (3605866937)|STATEMENT_EXECUTE|[276]
08:19:27.603 (3605870497)|STATEMENT_EXECUTE|[277]
08:19:27.603 (3605879128)|METHOD_ENTRY|[277]|01pdL00000Up09Z|CpeAiAssistantController.normalizeProductName(String)
08:19:27.603 (3605892609)|VARIABLE_SCOPE_BEGIN|[255]|rawName|String|false|false
08:19:27.603 (3605905139)|VARIABLE_ASSIGNMENT|[255]|rawName|"TV + Receiver"
08:19:27.603 (3605916990)|HEAP_ALLOCATE|[256]|Bytes:5
08:19:27.603 (3605923721)|STATEMENT_EXECUTE|[255]
08:19:27.603 (3605947262)|STATEMENT_EXECUTE|[256]
08:19:27.603 (3605950382)|STATEMENT_EXECUTE|[257]
08:19:27.603 (3605963903)|HEAP_ALLOCATE|[257]|Bytes:13
08:19:27.603 (3605978034)|VARIABLE_SCOPE_BEGIN|[257]|lower|String|false|false
08:19:27.603 (3605991104)|VARIABLE_ASSIGNMENT|[257]|lower|"tv + receiver"
08:19:27.603 (3606016626)|STATEMENT_EXECUTE|[258]
08:19:27.603 (3606029797)|METHOD_EXIT|[277]|01pdL00000Up09Z|CpeAiAssistantController.normalizeProductName(String)
08:19:27.603 (3606038818)|VARIABLE_SCOPE_BEGIN|[277]|normKey|String|false|false
08:19:27.603 (3606052558)|VARIABLE_ASSIGNMENT|[277]|normKey|"TV + Receiver"
08:19:27.603 (3606184307)|HEAP_ALLOCATE|[279]|Bytes:17
08:19:27.603 (3606234129)|STATEMENT_EXECUTE|[279]
08:19:27.603 (3606237200)|STATEMENT_EXECUTE|[280]
08:19:27.603 (3606268593)|VARIABLE_SCOPE_BEGIN|[280]|qty|Integer|false|false
08:19:27.603 (3606280823)|VARIABLE_ASSIGNMENT|[280]|qty|4
08:19:27.603 (3606302155)|STATEMENT_EXECUTE|[282]
08:19:27.603 (3606304505)|STATEMENT_EXECUTE|[283]
08:19:27.603 (3606307665)|VARIABLE_SCOPE_BEGIN|[283]|current|Integer|false|false
08:19:27.603 (3606314075)|HEAP_ALLOCATE|[283]|Bytes:4
08:19:27.603 (3606321116)|VARIABLE_ASSIGNMENT|[283]|current|0
08:19:27.603 (3606363137)|STATEMENT_EXECUTE|[284]
08:19:27.603 (3606365688)|STATEMENT_EXECUTE|[285]
08:19:27.603 (3606398540)|VARIABLE_ASSIGNMENT|[285]|current|6
08:19:27.603 (3606403780)|STATEMENT_EXECUTE|[287]
08:19:27.603 (3606406730)|VARIABLE_SCOPE_BEGIN|[287]|baseQty|Integer|false|false
08:19:27.603 (3606413752)|VARIABLE_ASSIGNMENT|[287]|baseQty|6
08:19:27.603 (3606468595)|STATEMENT_EXECUTE|[288]
08:19:27.603 (3606471325)|STATEMENT_EXECUTE|[289]
08:19:27.603 (3606502266)|VARIABLE_ASSIGNMENT|[289]|baseQty|6
08:19:27.603 (3606507346)|STATEMENT_EXECUTE|[292]
08:19:27.603 (3606537178)|VARIABLE_SCOPE_BEGIN|[292]|max|Integer|false|false
08:19:27.603 (3606546029)|VARIABLE_ASSIGNMENT|[292]|max|18
08:19:27.603 (3606549840)|STATEMENT_EXECUTE|[293]
08:19:27.603 (3606579301)|VARIABLE_SCOPE_BEGIN|[293]|min|Integer|false|false
08:19:27.603 (3606588112)|VARIABLE_ASSIGNMENT|[293]|min|0
08:19:27.603 (3606596773)|STATEMENT_EXECUTE|[295]
08:19:27.603 (3606599992)|STATEMENT_EXECUTE|[303]
08:19:27.603 (3606602133)|STATEMENT_EXECUTE|[315]
08:19:27.603 (3606626735)|HEAP_ALLOCATE|[EXTERNAL]|Bytes:-4
08:19:27.603 (3606642376)|STATEMENT_EXECUTE|[317]
08:19:27.603 (3606644865)|STATEMENT_EXECUTE|[318]
08:19:27.603 (3606647625)|HEAP_ALLOCATE|[318]|Bytes:4
08:19:27.603 (3606655146)|VARIABLE_ASSIGNMENT|[318]|changedCpeCount|1
08:19:27.603 (3606670168)|HEAP_ALLOCATE|[276]|Bytes:5
08:19:27.603 (3606683128)|VARIABLE_SCOPE_BEGIN|[276]|key|String|false|false
08:19:27.603 (3606692089)|VARIABLE_ASSIGNMENT|[276]|key|"Modem"
08:19:27.603 (3606696038)|STATEMENT_EXECUTE|[276]
08:19:27.603 (3606699009)|STATEMENT_EXECUTE|[277]
08:19:27.603 (3606704189)|METHOD_ENTRY|[277]|01pdL00000Up09Z|CpeAiAssistantController.normalizeProductName(String)
08:19:27.603 (3606709439)|VARIABLE_SCOPE_BEGIN|[255]|rawName|String|false|false
08:19:27.603 (3606717181)|VARIABLE_ASSIGNMENT|[255]|rawName|"Modem"
08:19:27.603 (3606725040)|HEAP_ALLOCATE|[256]|Bytes:5
08:19:27.603 (3606729920)|STATEMENT_EXECUTE|[255]
08:19:27.603 (3606747452)|STATEMENT_EXECUTE|[256]
08:19:27.603 (3606749503)|STATEMENT_EXECUTE|[257]
08:19:27.603 (3606757853)|HEAP_ALLOCATE|[257]|Bytes:5
08:19:27.603 (3606768593)|VARIABLE_SCOPE_BEGIN|[257]|lower|String|false|false
08:19:27.603 (3606778313)|VARIABLE_ASSIGNMENT|[257]|lower|"modem"
08:19:27.603 (3606806805)|STATEMENT_EXECUTE|[258]
08:19:27.603 (3606868390)|STATEMENT_EXECUTE|[259]
08:19:27.603 (3606882920)|STATEMENT_EXECUTE|[260]
08:19:27.603 (3606890311)|METHOD_EXIT|[277]|01pdL00000Up09Z|CpeAiAssistantController.normalizeProductName(String)
08:19:27.603 (3606895912)|VARIABLE_SCOPE_BEGIN|[277]|normKey|String|false|false
08:19:27.603 (3606903752)|VARIABLE_ASSIGNMENT|[277]|normKey|"Modem"
08:19:27.603 (3606942534)|HEAP_ALLOCATE|[323]|Bytes:16
08:19:27.603 (3606953425)|STATEMENT_EXECUTE|[323]
08:19:27.603 (3606956124)|STATEMENT_EXECUTE|[325]
08:19:27.603 (3606981656)|HEAP_ALLOCATE|[EXTERNAL]|Bytes:-4
08:19:27.603 (3606988838)|STATEMENT_EXECUTE|[326]
08:19:27.603 (3606992887)|VARIABLE_SCOPE_BEGIN|[326]|currentStr|String|false|false
08:19:27.603 (3607002948)|VARIABLE_ASSIGNMENT|[326]|currentStr|""
08:19:27.603 (3607049431)|STATEMENT_EXECUTE|[327]
08:19:27.603 (3607051930)|STATEMENT_EXECUTE|[328]
08:19:27.603 (3607084643)|VARIABLE_ASSIGNMENT|[328]|currentStr|"Wi-Fi"
08:19:27.603 (3607115075)|HEAP_ALLOCATE|[330]|Bytes:5
08:19:27.603 (3607135056)|STATEMENT_EXECUTE|[330]
08:19:27.603 (3607145557)|HEAP_ALLOCATE|[276]|Bytes:5
08:19:27.603 (3607161878)|VARIABLE_SCOPE_BEGIN|[276]|key|String|false|false
08:19:27.603 (3607175569)|VARIABLE_ASSIGNMENT|[276]|key|"Wi-Fi Access Point"
08:19:27.603 (3607181920)|STATEMENT_EXECUTE|[276]
08:19:27.603 (3607185139)|STATEMENT_EXECUTE|[277]
08:19:27.603 (3607191259)|METHOD_ENTRY|[277]|01pdL00000Up09Z|CpeAiAssistantController.normalizeProductName(String)
08:19:27.603 (3607199241)|VARIABLE_SCOPE_BEGIN|[255]|rawName|String|false|false
08:19:27.603 (3607211060)|VARIABLE_ASSIGNMENT|[255]|rawName|"Wi-Fi Access Point"
08:19:27.603 (3607221511)|HEAP_ALLOCATE|[256]|Bytes:5
08:19:27.603 (3607226642)|STATEMENT_EXECUTE|[255]
08:19:27.603 (3607246753)|STATEMENT_EXECUTE|[256]
08:19:27.603 (3607249724)|STATEMENT_EXECUTE|[257]
08:19:27.603 (3607260284)|HEAP_ALLOCATE|[257]|Bytes:18
08:19:27.603 (3607272695)|VARIABLE_SCOPE_BEGIN|[257]|lower|String|false|false
08:19:27.603 (3607284755)|VARIABLE_ASSIGNMENT|[257]|lower|"wi-fi access point"
08:19:27.603 (3607318547)|STATEMENT_EXECUTE|[258]
08:19:27.603 (3607336819)|STATEMENT_EXECUTE|[259]
08:19:27.603 (3607345330)|METHOD_EXIT|[277]|01pdL00000Up09Z|CpeAiAssistantController.normalizeProductName(String)
08:19:27.603 (3607353770)|VARIABLE_SCOPE_BEGIN|[277]|normKey|String|false|false
08:19:27.603 (3607366171)|VARIABLE_ASSIGNMENT|[277]|normKey|"Wi-Fi Access Point"
08:19:27.603 (3607392213)|STATEMENT_EXECUTE|[279]
08:19:27.603 (3607395143)|STATEMENT_EXECUTE|[280]
08:19:27.603 (3607407574)|VARIABLE_SCOPE_BEGIN|[280]|qty|Integer|false|false
08:19:27.603 (3607418934)|VARIABLE_ASSIGNMENT|[280]|qty|4
08:19:27.603 (3607432375)|STATEMENT_EXECUTE|[282]
08:19:27.603 (3607434844)|STATEMENT_EXECUTE|[283]
08:19:27.603 (3607439035)|VARIABLE_SCOPE_BEGIN|[283]|current|Integer|false|false
08:19:27.603 (3607446776)|HEAP_ALLOCATE|[283]|Bytes:4
08:19:27.603 (3607455977)|VARIABLE_ASSIGNMENT|[283]|current|0
08:19:27.603 (3607494709)|STATEMENT_EXECUTE|[284]
08:19:27.603 (3607498088)|STATEMENT_EXECUTE|[285]
08:19:27.603 (3607528840)|VARIABLE_ASSIGNMENT|[285]|current|4
08:19:27.603 (3607535881)|STATEMENT_EXECUTE|[287]
08:19:27.603 (3607540211)|VARIABLE_SCOPE_BEGIN|[287]|baseQty|Integer|false|false
08:19:27.603 (3607551873)|VARIABLE_ASSIGNMENT|[287]|baseQty|4
08:19:27.603 (3607610516)|STATEMENT_EXECUTE|[288]
08:19:27.603 (3607613965)|STATEMENT_EXECUTE|[289]
08:19:27.603 (3607646538)|VARIABLE_ASSIGNMENT|[289]|baseQty|4
08:19:27.603 (3607655008)|STATEMENT_EXECUTE|[292]
08:19:27.603 (3607682900)|VARIABLE_SCOPE_BEGIN|[292]|max|Integer|false|false
08:19:27.603 (3607695522)|VARIABLE_ASSIGNMENT|[292]|max|11
08:19:27.603 (3607701082)|STATEMENT_EXECUTE|[293]
08:19:27.603 (3607727074)|VARIABLE_SCOPE_BEGIN|[293]|min|Integer|false|false
08:19:27.603 (3607736653)|VARIABLE_ASSIGNMENT|[293]|min|1
08:19:27.603 (3607742995)|STATEMENT_EXECUTE|[295]
08:19:27.603 (3607745885)|STATEMENT_EXECUTE|[303]
08:19:27.603 (3607747934)|STATEMENT_EXECUTE|[315]
08:19:27.603 (3607761295)|HEAP_ALLOCATE|[EXTERNAL]|Bytes:-4
08:19:27.603 (3607770316)|STATEMENT_EXECUTE|[317]
08:19:27.603 (3607782896)|HEAP_ALLOCATE|[276]|Bytes:5
08:19:27.603 (3607796368)|VARIABLE_ASSIGNMENT|[276]|key|null
08:19:27.603 (3607836560)|HEAP_ALLOCATE|[337]|Bytes:52
08:19:27.603 (3607863821)|HEAP_ALLOCATE|[337]|Bytes:5
08:19:27.603 (3607877093)|VARIABLE_SCOPE_BEGIN|[337]|ruleKey|String|false|false
08:19:27.603 (3607886102)|VARIABLE_ASSIGNMENT|[337]|ruleKey|"TV + Receiver"
08:19:27.603 (3607891263)|STATEMENT_EXECUTE|[337]
08:19:27.603 (3607912885)|STATEMENT_EXECUTE|[338]
08:19:27.603 (3607922486)|HEAP_ALLOCATE|[337]|Bytes:5
08:19:27.603 (3607935516)|VARIABLE_SCOPE_BEGIN|[337]|ruleKey|String|false|false
08:19:27.603 (3607944057)|VARIABLE_ASSIGNMENT|[337]|ruleKey|"Modem"
08:19:27.603 (3607947746)|STATEMENT_EXECUTE|[337]
08:19:27.603 (3607958538)|STATEMENT_EXECUTE|[338]
08:19:27.603 (3607966538)|HEAP_ALLOCATE|[337]|Bytes:5
08:19:27.603 (3607978548)|VARIABLE_SCOPE_BEGIN|[337]|ruleKey|String|false|false
08:19:27.603 (3607986780)|VARIABLE_ASSIGNMENT|[337]|ruleKey|"Wi-Fi Access Point"
08:19:27.603 (3607990540)|STATEMENT_EXECUTE|[337]
08:19:27.603 (3608001520)|STATEMENT_EXECUTE|[338]
08:19:27.603 (3608009651)|HEAP_ALLOCATE|[337]|Bytes:5
08:19:27.603 (3608020852)|VARIABLE_ASSIGNMENT|[337]|ruleKey|null
08:19:27.603 (3608025612)|STATEMENT_EXECUTE|[343]
08:19:27.603 (3608044773)|HEAP_ALLOCATE|[EXTERNAL]|Bytes:-4
08:19:27.603 (3608052374)|STATEMENT_EXECUTE|[346]
08:19:27.603 (3608063874)|HEAP_ALLOCATE|[346]|Bytes:4
08:19:27.603 (3608086186)|VARIABLE_SCOPE_BEGIN|[346]|stateChanges|List<Map<String,ANY>>|true|false
08:19:27.603 (3608104356)|HEAP_ALLOCATE|[EXTERNAL]|Bytes:4
08:19:27.603 (3608115967)|VARIABLE_ASSIGNMENT|[346]|stateChanges|[]|0x67e80a29
08:19:27.603 (3608140789)|HEAP_ALLOCATE|[347]|Bytes:52
08:19:27.603 (3608164570)|HEAP_ALLOCATE|[347]|Bytes:5
08:19:27.603 (3608178462)|VARIABLE_SCOPE_BEGIN|[347]|key|String|false|false
08:19:27.603 (3608188352)|VARIABLE_ASSIGNMENT|[347]|key|"TV + Receiver"
08:19:27.603 (3608193393)|STATEMENT_EXECUTE|[347]
08:19:27.603 (3608220594)|STATEMENT_EXECUTE|[348]
08:19:27.603 (3608224254)|STATEMENT_EXECUTE|[349]
08:19:27.603 (3608252746)|VARIABLE_SCOPE_BEGIN|[349]|newVal|Object|false|false
08:19:27.603 (3608270416)|VARIABLE_ASSIGNMENT|[349]|newVal|4
08:19:27.603 (3608277038)|STATEMENT_EXECUTE|[350]
08:19:27.603 (3608325231)|VARIABLE_SCOPE_BEGIN|[350]|curVal|Object|false|false
08:19:27.603 (3608337962)|VARIABLE_ASSIGNMENT|[350]|curVal|6
08:19:27.603 (3608439067)|STATEMENT_EXECUTE|[352]
08:19:27.603 (3608442817)|STATEMENT_EXECUTE|[353]
08:19:27.603 (3608449289)|HEAP_ALLOCATE|[353]|Bytes:4
08:19:27.603 (3608457298)|HEAP_ALLOCATE|[354]|Bytes:5
08:19:27.603 (3608486140)|HEAP_ALLOCATE|[354]|Bytes:13
08:19:27.603 (3608516603)|HEAP_ALLOCATE|[355]|Bytes:11
08:19:27.603 (3608540174)|HEAP_ALLOCATE|[356]|Bytes:8
08:19:27.603 (3608556474)|HEAP_ALLOCATE|[357]|Bytes:8
08:19:27.603 (3608572496)|HEAP_ALLOCATE|[358]|Bytes:5
08:19:27.603 (3608596538)|HEAP_ALLOCATE|[353]|Bytes:4
08:19:27.603 (3608608258)|VARIABLE_SCOPE_BEGIN|[353]|change|Map<String,ANY>|true|false
08:19:27.603 (3608628930)|VARIABLE_ASSIGNMENT|[353]|change|{"label":"TV + RECEIVER","productCode":"O_RES_TV_PLUS_STB","oldUnits":6,"newUnits":4,"units":-2}|0x2e47cfa9
08:19:27.603 (3608676672)|STATEMENT_EXECUTE|[361]
08:19:27.603 (3608679703)|STATEMENT_EXECUTE|[362]
08:19:27.603 (3608682992)|HEAP_ALLOCATE|[362]|Bytes:14
08:19:27.603 (3608729106)|HEAP_ALLOCATE|[362]|Bytes:4
08:19:27.603 (3608737005)|HEAP_ALLOCATE|[EXTERNAL]|Bytes:-4
08:19:27.603 (3608746206)|STATEMENT_EXECUTE|[365]
08:19:27.603 (3608760218)|VARIABLE_SCOPE_BEGIN|[365]|curQty|Integer|false|false
08:19:27.603 (3608773829)|VARIABLE_ASSIGNMENT|[365]|curQty|6
08:19:27.603 (3608779408)|STATEMENT_EXECUTE|[366]
08:19:27.603 (3608792060)|VARIABLE_SCOPE_BEGIN|[366]|newQty|Integer|false|false
08:19:27.603 (3608803170)|VARIABLE_ASSIGNMENT|[366]|newQty|4
08:19:27.603 (3608808421)|STATEMENT_EXECUTE|[367]
08:19:27.603 (3608813661)|VARIABLE_SCOPE_BEGIN|[367]|diff|Integer|false|false
08:19:27.603 (3608821112)|HEAP_ALLOCATE|[367]|Bytes:4
08:19:27.603 (3608829611)|VARIABLE_ASSIGNMENT|[367]|diff|-2
08:19:27.603 (3608834402)|STATEMENT_EXECUTE|[368]
08:19:27.603 (3608881845)|VARIABLE_SCOPE_BEGIN|[2]|System.Math.E|Double|false|true
08:19:27.603 (3608892965)|VARIABLE_SCOPE_BEGIN|[3]|System.Math.PI|Double|false|true
08:19:27.603 (3608910037)|HEAP_ALLOCATE|[368]|Bytes:206
08:19:27.603 (3608927457)|SYSTEM_METHOD_ENTRY|[1]|Math.Math()
08:19:27.603 (3608933378)|STATEMENT_EXECUTE|[1]
08:19:27.603 (3609027094)|SYSTEM_METHOD_EXIT|[1]|Math
08:19:27.603 (3609042785)|METHOD_ENTRY|[368]||System.Math.abs(Integer)
08:19:27.603 (3609107269)|METHOD_EXIT|[368]||System.Math.abs(Integer)
08:19:27.603 (3609114779)|VARIABLE_SCOPE_BEGIN|[368]|diffAbs|Integer|false|false
08:19:27.603 (3609122230)|HEAP_ALLOCATE|[368]|Bytes:4
08:19:27.603 (3609132830)|VARIABLE_ASSIGNMENT|[368]|diffAbs|2
08:19:27.603 (3609146532)|STATEMENT_EXECUTE|[370]
08:19:27.603 (3609149892)|STATEMENT_EXECUTE|[371]
08:19:27.603 (3609153802)|HEAP_ALLOCATE|[371]|Bytes:12
08:19:27.603 (3609164622)|HEAP_ALLOCATE|[371]|Bytes:2
08:19:27.603 (3609197855)|HEAP_ALLOCATE|[371]|Bytes:2
08:19:27.603 (3609211635)|HEAP_ALLOCATE|[371]|Bytes:3
08:19:27.603 (3609222897)|HEAP_ALLOCATE|[371]|Bytes:7
08:19:27.603 (3609237328)|HEAP_ALLOCATE|[EXTERNAL]|Bytes:-4
08:19:27.603 (3609247317)|STATEMENT_EXECUTE|[378]
08:19:27.603 (3609270370)|HEAP_ALLOCATE|[EXTERNAL]|Bytes:4
08:19:27.603 (3609289651)|HEAP_ALLOCATE|[347]|Bytes:5
08:19:27.603 (3609307311)|VARIABLE_SCOPE_BEGIN|[347]|key|String|false|false
08:19:27.603 (3609322373)|VARIABLE_ASSIGNMENT|[347]|key|"Modem"
08:19:27.603 (3609327952)|STATEMENT_EXECUTE|[347]
08:19:27.603 (3609341864)|STATEMENT_EXECUTE|[348]
08:19:27.603 (3609344673)|STATEMENT_EXECUTE|[349]
08:19:27.603 (3609377346)|VARIABLE_SCOPE_BEGIN|[349]|newVal|Object|false|false
08:19:27.603 (3609470632)|VARIABLE_ASSIGNMENT|[349]|newVal|"Wi-Fi"
08:19:27.603 (3609477433)|STATEMENT_EXECUTE|[350]
08:19:27.603 (3609511675)|VARIABLE_SCOPE_BEGIN|[350]|curVal|Object|false|false
08:19:27.603 (3609526565)|VARIABLE_ASSIGNMENT|[350]|curVal|"Wi-Fi"
08:19:27.603 (3609547867)|STATEMENT_EXECUTE|[352]
08:19:27.603 (3609560417)|HEAP_ALLOCATE|[347]|Bytes:5
08:19:27.603 (3609578418)|VARIABLE_SCOPE_BEGIN|[347]|key|String|false|false
08:19:27.603 (3609592280)|VARIABLE_ASSIGNMENT|[347]|key|"Wi-Fi Access Point"
08:19:27.603 (3609598529)|STATEMENT_EXECUTE|[347]
08:19:27.603 (3609612500)|STATEMENT_EXECUTE|[348]
08:19:27.603 (3609615521)|STATEMENT_EXECUTE|[349]
08:19:27.603 (3609633131)|VARIABLE_SCOPE_BEGIN|[349]|newVal|Object|false|false
08:19:27.603 (3609649233)|VARIABLE_ASSIGNMENT|[349]|newVal|4
08:19:27.603 (3609655383)|STATEMENT_EXECUTE|[350]
08:19:27.603 (3609688175)|VARIABLE_SCOPE_BEGIN|[350]|curVal|Object|false|false
08:19:27.603 (3609704306)|VARIABLE_ASSIGNMENT|[350]|curVal|4
08:19:27.603 (3609735618)|STATEMENT_EXECUTE|[352]
08:19:27.603 (3609748520)|HEAP_ALLOCATE|[347]|Bytes:5
08:19:27.603 (3609766910)|VARIABLE_ASSIGNMENT|[347]|key|null
08:19:27.603 (3609774660)|STATEMENT_EXECUTE|[382]
08:19:27.603 (3609779100)|HEAP_ALLOCATE|[382]|Bytes:12
08:19:27.603 (3609813753)|HEAP_ALLOCATE|[EXTERNAL]|Bytes:-4
08:19:27.603 (3609827313)|HEAP_ALLOCATE|[383]|Bytes:7
08:19:27.603 (3609871327)|STATEMENT_EXECUTE|[383]
08:19:27.603 (3609874847)|STATEMENT_EXECUTE|[384]
08:19:27.603 (3609907398)|HEAP_ALLOCATE|[EXTERNAL]|Bytes:-4
08:19:27.603 (3609919700)|STATEMENT_EXECUTE|[388]
08:19:27.603 (3609922490)|STATEMENT_EXECUTE|[389]
08:19:27.603 (3609926280)|HEAP_ALLOCATE|[389]|Bytes:21
08:19:27.603 (3609958552)|HEAP_ALLOCATE|[389]|Bytes:5
08:19:27.603 (3609966743)|HEAP_ALLOCATE|[EXTERNAL]|Bytes:-4
08:19:27.603 (3609978704)|STATEMENT_EXECUTE|[401]
08:19:27.603 (3609991185)|METHOD_EXIT|[142]|01pdL00000Up09Z|CpeAiAssistantController.parseAndValidateAgentResponse(String, Map<String,Map<String,ANY>>)
08:19:27.603 (3610000015)|VARIABLE_SCOPE_BEGIN|[142]|validatedResponse|Map<String,ANY>|true|false
08:19:27.603 (3610034156)|VARIABLE_ASSIGNMENT|[142]|validatedResponse|{"newState":{"TV + Receiver":4,"Modem":"Wi-Fi","Wi-Fi Access Point":4},"stateChanges":["Map of size 7 too large to display"],"message":"Removed 2 TV + Recei (51 more) ...","requireOtherCpePrompt":true}|0x3c1c246a
08:19:27.603 (3610043687)|STATEMENT_EXECUTE|[144]
08:19:27.603 (3610052958)|METHOD_ENTRY|[144]||System.JSON.serialize(Object)
08:19:27.603 (3611258224)|METHOD_EXIT|[144]||System.JSON.serialize(Object)
08:19:27.611 (3611350019)|CUMULATIVE_LIMIT_USAGE
08:19:27.611 (3611350019)|LIMIT_USAGE_FOR_NS|(default)|
  Number of SOQL queries: 0 out of 100
  Number of query rows: 0 out of 50000
  Number of SOSL queries: 0 out of 20
  Number of DML statements: 0 out of 150
  Number of Publish Immediate DML: 0 out of 150
  Number of DML rows: 0 out of 10000
  Maximum CPU time: 660 out of 10000
  Maximum heap size: 0 out of 6000000
  Number of callouts: 0 out of 100
  Number of Email Invocations: 0 out of 10
  Number of future calls: 0 out of 50
  Number of queueable jobs added to the queue: 0 out of 50
  Number of Mobile Apex push calls: 0 out of 10

08:19:27.611 (3611350019)|CUMULATIVE_LIMIT_USAGE_END

08:19:27.603 (3611426344)|CODE_UNIT_FINISHED|CpeAiAssistantController.sendMessageToAgent(String, String, String, String)
08:19:27.603 (3611725512)|CODE_UNIT_FINISHED|apex://CpeAiAssistantController/ACTION$sendMessageToAgent
08:19:27.603 (3611736742)|EXECUTION_FINISHED
