66.0 APEX_CODE,FINEST;APEX_PROFILING,INFO;CALLOUT,INFO;DATA_ACCESS,INFO;DB,INFO;NBA,INFO;SYSTEM,DEBUG;VALIDATION,INFO;VISUALFORCE,INFO;WAVE,INFO;WORKFLOW,INFO
08:12:51.1 (1129679)|USER_INFO|[EXTERNAL]|005dL00001kiJYb|abhijithshaibinu001.b869139f1496@agentforce.com|(GMT-07:00) Pacific Daylight Time (America/Los_Angeles)|GMT-07:00
08:12:51.1 (1204581)|EXECUTION_STARTED
08:12:51.1 (1233241)|CODE_UNIT_STARTED|[EXTERNAL]|apex://CpeAiAssistantController/ACTION$sendMessageToAgent
08:12:51.1 (4225247)|CODE_UNIT_STARTED|[EXTERNAL]|01pdL00000Up09Z|CpeAiAssistantController.sendMessageToAgent(String, String, String, String)
08:12:51.1 (6524785)|HEAP_ALLOCATE|[95]|Bytes:3
08:12:51.1 (6674328)|HEAP_ALLOCATE|[100]|Bytes:152
08:12:51.1 (6691119)|HEAP_ALLOCATE|[417]|Bytes:408
08:12:51.1 (6702629)|HEAP_ALLOCATE|[430]|Bytes:408
08:12:51.1 (6725960)|HEAP_ALLOCATE|[317]|Bytes:6
08:12:51.1 (6741670)|HEAP_ALLOCATE|[EXTERNAL]|Bytes:44
08:12:51.1 (6750299)|HEAP_ALLOCATE|[EXTERNAL]|Bytes:6
08:12:51.1 (6778191)|METHOD_ENTRY|[1]|01pdL00000Up09Z|CpeAiAssistantController.CpeAiAssistantController()
08:12:51.1 (6801672)|STATEMENT_EXECUTE|[1]
08:12:51.1 (6811602)|STATEMENT_EXECUTE|[1]
08:12:51.1 (6831171)|HEAP_ALLOCATE|[68]|Bytes:5
08:12:51.1 (6875924)|HEAP_ALLOCATE|[74]|Bytes:5
08:12:51.1 (6886114)|HEAP_ALLOCATE|[82]|Bytes:7
08:12:51.1 (7351526)|HEAP_ALLOCATE|[EXTERNAL]|Bytes:5
08:12:51.1 (7379585)|METHOD_EXIT|[1]|CpeAiAssistantController
08:12:51.1 (7385846)|HEAP_ALLOCATE|[EXTERNAL]|Bytes:20
08:12:51.1 (7389136)|HEAP_ALLOCATE|[EXTERNAL]|Bytes:734
08:12:51.1 (7391967)|HEAP_ALLOCATE|[EXTERNAL]|Bytes:102
08:12:51.1 (7394746)|HEAP_ALLOCATE|[EXTERNAL]|Bytes:1371
08:12:51.1 (7412017)|VARIABLE_SCOPE_BEGIN|[71]|userMessage|String|false|false
08:12:51.1 (7487838)|VARIABLE_ASSIGNMENT|[71]|userMessage|"Change modem to wifi"
08:12:51.1 (7493988)|VARIABLE_SCOPE_BEGIN|[71]|cpeItemsJson|String|false|false
08:12:51.1 (7503548)|VARIABLE_ASSIGNMENT|[71]|cpeItemsJson|"{\n  \"CpeItems\": [\n   (714 more) ..."
08:12:51.1 (7507419)|VARIABLE_SCOPE_BEGIN|[71]|currentCartJson|String|false|false
08:12:51.1 (7515519)|VARIABLE_ASSIGNMENT|[71]|currentCartJson|"{\"TV + Receiver\":0,\" (82 more) ..."
08:12:51.1 (7519100)|VARIABLE_SCOPE_BEGIN|[71]|chatHistory|String|false|false
08:12:51.1 (7525999)|VARIABLE_ASSIGNMENT|[71]|chatHistory|"Technician: Add Rece (1351 more) ..."
08:12:51.1 (7538410)|HEAP_ALLOCATE|[72]|Bytes:5
08:12:51.1 (7543509)|STATEMENT_EXECUTE|[71]
08:12:51.1 (7545690)|STATEMENT_EXECUTE|[72]
08:12:51.1 (7547620)|STATEMENT_EXECUTE|[72]
08:12:51.1 (7549730)|STATEMENT_EXECUTE|[74]
08:12:51.1 (7576851)|METHOD_ENTRY|[74]|01pdL00000Up09Z|CpeAiAssistantController.buildRulePayload(String, String)
08:12:51.1 (7615881)|VARIABLE_SCOPE_BEGIN|[156]|cpeItemsJson|String|false|false
08:12:51.1 (7630001)|VARIABLE_ASSIGNMENT|[156]|cpeItemsJson|"{\n  \"CpeItems\": [\n   (714 more) ..."
08:12:51.1 (7635983)|VARIABLE_SCOPE_BEGIN|[156]|currentCartJson|String|false|false
08:12:51.1 (7645973)|VARIABLE_ASSIGNMENT|[156]|currentCartJson|"{\"TV + Receiver\":0,\" (82 more) ..."
08:12:51.1 (7658042)|HEAP_ALLOCATE|[157]|Bytes:5
08:12:51.1 (7664983)|STATEMENT_EXECUTE|[156]
08:12:51.1 (7668293)|STATEMENT_EXECUTE|[157]
08:12:51.1 (7693993)|HEAP_ALLOCATE|[157]|Bytes:4
08:12:51.1 (7714914)|VARIABLE_SCOPE_BEGIN|[157]|rules|Map<String,Map<String,ANY>>|true|false
08:12:51.1 (7750786)|VARIABLE_ASSIGNMENT|[157]|rules|{}|0x3fb0c1d5
08:12:51.1 (7758216)|STATEMENT_EXECUTE|[158]
08:12:51.1 (7762635)|HEAP_ALLOCATE|[158]|Bytes:13
08:12:51.1 (7776555)|HEAP_ALLOCATE|[158]|Bytes:4
08:12:51.1 (7786045)|HEAP_ALLOCATE|[158]|Bytes:7
08:12:51.1 (7912809)|HEAP_ALLOCATE|[158]|Bytes:4
08:12:51.1 (7951991)|HEAP_ALLOCATE|[158]|Bytes:3
08:12:51.1 (7962200)|HEAP_ALLOCATE|[158]|Bytes:4
08:12:51.1 (7973191)|HEAP_ALLOCATE|[158]|Bytes:3
08:12:51.1 (7980861)|HEAP_ALLOCATE|[158]|Bytes:4
08:12:51.1 (8000152)|HEAP_ALLOCATE|[EXTERNAL]|Bytes:-4
08:12:51.1 (8008552)|STATEMENT_EXECUTE|[159]
08:12:51.1 (8011822)|HEAP_ALLOCATE|[159]|Bytes:5
08:12:51.1 (8021291)|HEAP_ALLOCATE|[159]|Bytes:4
08:12:51.1 (8027022)|HEAP_ALLOCATE|[159]|Bytes:5
08:12:51.1 (8056812)|HEAP_ALLOCATE|[159]|Bytes:4
08:12:51.1 (8072243)|HEAP_ALLOCATE|[159]|Bytes:4
08:12:51.1 (8087794)|HEAP_ALLOCATE|[EXTERNAL]|Bytes:-4
08:12:51.1 (8094253)|STATEMENT_EXECUTE|[160]
08:12:51.1 (8097493)|HEAP_ALLOCATE|[160]|Bytes:18
08:12:51.1 (8106453)|HEAP_ALLOCATE|[160]|Bytes:4
08:12:51.1 (8126124)|HEAP_ALLOCATE|[160]|Bytes:4
08:12:51.1 (8141265)|HEAP_ALLOCATE|[160]|Bytes:4
08:12:51.1 (8155535)|HEAP_ALLOCATE|[160]|Bytes:4
08:12:51.1 (8171245)|HEAP_ALLOCATE|[EXTERNAL]|Bytes:-4
08:12:51.1 (8237327)|STATEMENT_EXECUTE|[162]
08:12:51.1 (8239977)|STATEMENT_EXECUTE|[163]
08:12:51.1 (8242127)|STATEMENT_EXECUTE|[163]
08:12:51.1 (8244268)|STATEMENT_EXECUTE|[164]
08:12:51.1 (8284269)|HEAP_ALLOCATE|[164]|Bytes:24
08:12:51.1 (8294479)|SYSTEM_METHOD_ENTRY|[1]|JSON.JSON()
08:12:51.1 (8298728)|STATEMENT_EXECUTE|[1]
08:12:51.1 (8309839)|SYSTEM_METHOD_EXIT|[1]|JSON
08:12:51.1 (8320200)|METHOD_ENTRY|[164]||System.JSON.deserializeUntyped(String)
08:12:51.1 (11598171)|METHOD_EXIT|[164]||System.JSON.deserializeUntyped(String)
08:12:51.1 (11612392)|VARIABLE_SCOPE_BEGIN|[164]|currentCart|Map<String,ANY>|true|false
08:12:51.1 (11639822)|VARIABLE_ASSIGNMENT|[164]|currentCart|"Map of size 6 too large to display"|0x41b9a089
08:12:51.1 (11719475)|HEAP_ALLOCATE|[165]|Bytes:87
08:12:51.1 (11797066)|HEAP_ALLOCATE|[165]|Bytes:5
08:12:51.1 (11820506)|VARIABLE_SCOPE_BEGIN|[165]|key|String|false|false
08:12:51.1 (11832537)|VARIABLE_ASSIGNMENT|[165]|key|"TV + Receiver"
08:12:51.1 (11837648)|STATEMENT_EXECUTE|[165]
08:12:51.1 (11840128)|STATEMENT_EXECUTE|[166]
08:12:51.1 (11852718)|METHOD_ENTRY|[166]|01pdL00000Up09Z|CpeAiAssistantController.normalizeProductName(String)
08:12:51.1 (11865708)|VARIABLE_SCOPE_BEGIN|[255]|rawName|String|false|false
08:12:51.1 (11874409)|VARIABLE_ASSIGNMENT|[255]|rawName|"TV + Receiver"
08:12:51.1 (11885009)|HEAP_ALLOCATE|[256]|Bytes:5
08:12:51.1 (11889569)|STATEMENT_EXECUTE|[255]
08:12:51.1 (11922149)|STATEMENT_EXECUTE|[256]
08:12:51.1 (11924680)|STATEMENT_EXECUTE|[257]
08:12:51.1 (11941280)|HEAP_ALLOCATE|[257]|Bytes:13
08:12:51.1 (11951801)|VARIABLE_SCOPE_BEGIN|[257]|lower|String|false|false
08:12:51.1 (11961611)|VARIABLE_ASSIGNMENT|[257]|lower|"tv + receiver"
08:12:51.1 (11966140)|HEAP_ALLOCATE|[258]|Bytes:2
08:12:51.1 (11995002)|STATEMENT_EXECUTE|[258]
08:12:51.1 (12004932)|METHOD_EXIT|[166]|01pdL00000Up09Z|CpeAiAssistantController.normalizeProductName(String)
08:12:51.1 (12010492)|VARIABLE_SCOPE_BEGIN|[166]|normKey|String|false|false
08:12:51.1 (12018391)|VARIABLE_ASSIGNMENT|[166]|normKey|"TV + Receiver"
08:12:51.1 (12044813)|STATEMENT_EXECUTE|[167]
08:12:51.1 (12047243)|STATEMENT_EXECUTE|[168]
08:12:51.1 (12115645)|HEAP_ALLOCATE|[165]|Bytes:5
08:12:51.1 (12129264)|VARIABLE_SCOPE_BEGIN|[165]|key|String|false|false
08:12:51.1 (12137885)|VARIABLE_ASSIGNMENT|[165]|key|"Modem"
08:12:51.1 (12141685)|STATEMENT_EXECUTE|[165]
08:12:51.1 (12143744)|STATEMENT_EXECUTE|[166]
08:12:51.1 (12148265)|METHOD_ENTRY|[166]|01pdL00000Up09Z|CpeAiAssistantController.normalizeProductName(String)
08:12:51.1 (12153136)|VARIABLE_SCOPE_BEGIN|[255]|rawName|String|false|false
08:12:51.1 (12160035)|VARIABLE_ASSIGNMENT|[255]|rawName|"Modem"
08:12:51.1 (12167326)|HEAP_ALLOCATE|[256]|Bytes:5
08:12:51.1 (12171905)|STATEMENT_EXECUTE|[255]
08:12:51.1 (12186217)|STATEMENT_EXECUTE|[256]
08:12:51.1 (12188306)|STATEMENT_EXECUTE|[257]
08:12:51.1 (12197257)|HEAP_ALLOCATE|[257]|Bytes:5
08:12:51.1 (12207767)|VARIABLE_SCOPE_BEGIN|[257]|lower|String|false|false
08:12:51.1 (12215836)|VARIABLE_ASSIGNMENT|[257]|lower|"modem"
08:12:51.1 (12230387)|HEAP_ALLOCATE|[258]|Bytes:8
08:12:51.1 (12244608)|STATEMENT_EXECUTE|[258]
08:12:51.1 (12247507)|HEAP_ALLOCATE|[259]|Bytes:5
08:12:51.1 (12272428)|HEAP_ALLOCATE|[259]|Bytes:4
08:12:51.1 (12289038)|HEAP_ALLOCATE|[259]|Bytes:2
08:12:51.1 (12307570)|HEAP_ALLOCATE|[259]|Bytes:12
08:12:51.1 (12325119)|HEAP_ALLOCATE|[259]|Bytes:6
08:12:51.1 (12339429)|STATEMENT_EXECUTE|[259]
08:12:51.1 (12342660)|HEAP_ALLOCATE|[260]|Bytes:5
08:12:51.1 (12364630)|STATEMENT_EXECUTE|[260]
08:12:51.1 (12371080)|METHOD_EXIT|[166]|01pdL00000Up09Z|CpeAiAssistantController.normalizeProductName(String)
08:12:51.1 (12377021)|VARIABLE_SCOPE_BEGIN|[166]|normKey|String|false|false
08:12:51.1 (12386311)|VARIABLE_ASSIGNMENT|[166]|normKey|"Modem"
08:12:51.1 (12397751)|STATEMENT_EXECUTE|[167]
08:12:51.1 (12399862)|STATEMENT_EXECUTE|[168]
08:12:51.1 (12431872)|HEAP_ALLOCATE|[165]|Bytes:5
08:12:51.1 (12444493)|VARIABLE_SCOPE_BEGIN|[165]|key|String|false|false
08:12:51.1 (12453583)|VARIABLE_ASSIGNMENT|[165]|key|"Wi-Fi Access Point"
08:12:51.1 (12457253)|STATEMENT_EXECUTE|[165]
08:12:51.1 (12459562)|STATEMENT_EXECUTE|[166]
08:12:51.1 (12463562)|METHOD_ENTRY|[166]|01pdL00000Up09Z|CpeAiAssistantController.normalizeProductName(String)
08:12:51.1 (12469003)|VARIABLE_SCOPE_BEGIN|[255]|rawName|String|false|false
08:12:51.1 (12476243)|VARIABLE_ASSIGNMENT|[255]|rawName|"Wi-Fi Access Point"
08:12:51.1 (12482934)|HEAP_ALLOCATE|[256]|Bytes:5
08:12:51.1 (12486713)|STATEMENT_EXECUTE|[255]
08:12:51.1 (12501763)|STATEMENT_EXECUTE|[256]
08:12:51.1 (12503984)|STATEMENT_EXECUTE|[257]
08:12:51.1 (12511604)|HEAP_ALLOCATE|[257]|Bytes:18
08:12:51.1 (12520914)|VARIABLE_SCOPE_BEGIN|[257]|lower|String|false|false
08:12:51.1 (12528884)|VARIABLE_ASSIGNMENT|[257]|lower|"wi-fi access point"
08:12:51.1 (12553925)|STATEMENT_EXECUTE|[258]
08:12:51.1 (12566355)|STATEMENT_EXECUTE|[259]
08:12:51.1 (12572005)|METHOD_EXIT|[166]|01pdL00000Up09Z|CpeAiAssistantController.normalizeProductName(String)
08:12:51.1 (12577595)|VARIABLE_SCOPE_BEGIN|[166]|normKey|String|false|false
08:12:51.1 (12585196)|VARIABLE_ASSIGNMENT|[166]|normKey|"Wi-Fi Access Point"
08:12:51.1 (12596017)|STATEMENT_EXECUTE|[167]
08:12:51.1 (12597947)|STATEMENT_EXECUTE|[168]
08:12:51.1 (12630927)|HEAP_ALLOCATE|[165]|Bytes:5
08:12:51.1 (12642948)|VARIABLE_SCOPE_BEGIN|[165]|key|String|false|false
08:12:51.1 (12651298)|VARIABLE_ASSIGNMENT|[165]|key|"baseTv"
08:12:51.1 (12654797)|STATEMENT_EXECUTE|[165]
08:12:51.1 (12656788)|STATEMENT_EXECUTE|[166]
08:12:51.1 (12660567)|METHOD_ENTRY|[166]|01pdL00000Up09Z|CpeAiAssistantController.normalizeProductName(String)
08:12:51.1 (12665139)|VARIABLE_SCOPE_BEGIN|[255]|rawName|String|false|false
08:12:51.1 (12672789)|VARIABLE_ASSIGNMENT|[255]|rawName|"baseTv"
08:12:51.1 (12679259)|HEAP_ALLOCATE|[256]|Bytes:5
08:12:51.1 (12683099)|STATEMENT_EXECUTE|[255]
08:12:51.1 (12696749)|STATEMENT_EXECUTE|[256]
08:12:51.1 (12698888)|STATEMENT_EXECUTE|[257]
08:12:51.1 (12707270)|HEAP_ALLOCATE|[257]|Bytes:6
08:12:51.1 (12718049)|VARIABLE_SCOPE_BEGIN|[257]|lower|String|false|false
08:12:51.1 (12725809)|VARIABLE_ASSIGNMENT|[257]|lower|"basetv"
08:12:51.1 (12739529)|STATEMENT_EXECUTE|[258]
08:12:51.1 (12745440)|METHOD_EXIT|[166]|01pdL00000Up09Z|CpeAiAssistantController.normalizeProductName(String)
08:12:51.1 (12750450)|VARIABLE_SCOPE_BEGIN|[166]|normKey|String|false|false
08:12:51.1 (12758050)|VARIABLE_ASSIGNMENT|[166]|normKey|"TV + Receiver"
08:12:51.1 (12769450)|STATEMENT_EXECUTE|[167]
08:12:51.1 (12771541)|STATEMENT_EXECUTE|[168]
08:12:51.1 (12803312)|HEAP_ALLOCATE|[165]|Bytes:5
08:12:51.1 (12815632)|VARIABLE_SCOPE_BEGIN|[165]|key|String|false|false
08:12:51.1 (12824023)|VARIABLE_ASSIGNMENT|[165]|key|"baseWifi"
08:12:51.1 (12827433)|STATEMENT_EXECUTE|[165]
08:12:51.1 (12829442)|STATEMENT_EXECUTE|[166]
08:12:51.1 (12833113)|METHOD_ENTRY|[166]|01pdL00000Up09Z|CpeAiAssistantController.normalizeProductName(String)
08:12:51.1 (12838562)|VARIABLE_SCOPE_BEGIN|[255]|rawName|String|false|false
08:12:51.1 (12845313)|VARIABLE_ASSIGNMENT|[255]|rawName|"baseWifi"
08:12:51.1 (12851922)|HEAP_ALLOCATE|[256]|Bytes:5
08:12:51.1 (12855743)|STATEMENT_EXECUTE|[255]
08:12:51.1 (12870234)|STATEMENT_EXECUTE|[256]
08:12:51.1 (12872354)|STATEMENT_EXECUTE|[257]
08:12:51.1 (12883733)|HEAP_ALLOCATE|[257]|Bytes:8
08:12:51.1 (12898323)|VARIABLE_SCOPE_BEGIN|[257]|lower|String|false|false
08:12:51.1 (12911185)|VARIABLE_ASSIGNMENT|[257]|lower|"basewifi"
08:12:51.1 (12942564)|STATEMENT_EXECUTE|[258]
08:12:51.1 (12965015)|STATEMENT_EXECUTE|[259]
08:12:51.1 (12970885)|METHOD_EXIT|[166]|01pdL00000Up09Z|CpeAiAssistantController.normalizeProductName(String)
08:12:51.1 (12976426)|VARIABLE_SCOPE_BEGIN|[166]|normKey|String|false|false
08:12:51.1 (12984296)|VARIABLE_ASSIGNMENT|[166]|normKey|"Wi-Fi Access Point"
08:12:51.1 (12995947)|STATEMENT_EXECUTE|[167]
08:12:51.1 (12997907)|STATEMENT_EXECUTE|[168]
08:12:51.1 (13032487)|HEAP_ALLOCATE|[165]|Bytes:5
08:12:51.1 (13045558)|VARIABLE_SCOPE_BEGIN|[165]|key|String|false|false
08:12:51.1 (13053758)|VARIABLE_ASSIGNMENT|[165]|key|"baseModem"
08:12:51.1 (13057407)|STATEMENT_EXECUTE|[165]
08:12:51.1 (13059527)|STATEMENT_EXECUTE|[166]
08:12:51.1 (13063297)|METHOD_ENTRY|[166]|01pdL00000Up09Z|CpeAiAssistantController.normalizeProductName(String)
08:12:51.1 (13067978)|VARIABLE_SCOPE_BEGIN|[255]|rawName|String|false|false
08:12:51.1 (13074938)|VARIABLE_ASSIGNMENT|[255]|rawName|"baseModem"
08:12:51.1 (13081858)|HEAP_ALLOCATE|[256]|Bytes:5
08:12:51.1 (13085888)|STATEMENT_EXECUTE|[255]
08:12:51.1 (13101048)|STATEMENT_EXECUTE|[256]
08:12:51.1 (13103178)|STATEMENT_EXECUTE|[257]
08:12:51.1 (13110670)|HEAP_ALLOCATE|[257]|Bytes:9
08:12:51.1 (13119640)|VARIABLE_SCOPE_BEGIN|[257]|lower|String|false|false
08:12:51.1 (13127400)|VARIABLE_ASSIGNMENT|[257]|lower|"basemodem"
08:12:51.1 (13151260)|STATEMENT_EXECUTE|[258]
08:12:51.1 (13200741)|STATEMENT_EXECUTE|[259]
08:12:51.1 (13212501)|STATEMENT_EXECUTE|[260]
08:12:51.1 (13221701)|METHOD_EXIT|[166]|01pdL00000Up09Z|CpeAiAssistantController.normalizeProductName(String)
08:12:51.1 (13227222)|VARIABLE_SCOPE_BEGIN|[166]|normKey|String|false|false
08:12:51.1 (13234873)|VARIABLE_ASSIGNMENT|[166]|normKey|"Modem"
08:12:51.1 (13246033)|STATEMENT_EXECUTE|[167]
08:12:51.1 (13248052)|STATEMENT_EXECUTE|[168]
08:12:51.1 (13277884)|HEAP_ALLOCATE|[165]|Bytes:5
08:12:51.1 (13291823)|VARIABLE_ASSIGNMENT|[165]|key|null
08:12:51.1 (13297543)|HEAP_ALLOCATE|[171]|Bytes:6
08:12:51.1 (13321845)|STATEMENT_EXECUTE|[171]
08:12:51.1 (13335755)|HEAP_ALLOCATE|[171]|Bytes:4
08:12:51.1 (13354905)|HEAP_ALLOCATE|[EXTERNAL]|Bytes:-4
08:12:51.1 (13362876)|HEAP_ALLOCATE|[172]|Bytes:8
08:12:51.1 (13383746)|STATEMENT_EXECUTE|[172]
08:12:51.1 (13408797)|HEAP_ALLOCATE|[EXTERNAL]|Bytes:-4
08:12:51.1 (13416896)|HEAP_ALLOCATE|[173]|Bytes:9
08:12:51.1 (13438358)|STATEMENT_EXECUTE|[173]
08:12:51.1 (13461137)|HEAP_ALLOCATE|[EXTERNAL]|Bytes:-4
08:12:51.1 (13489828)|STATEMENT_EXECUTE|[177]
08:12:51.1 (13492209)|STATEMENT_EXECUTE|[178]
08:12:51.1 (13494119)|STATEMENT_EXECUTE|[178]
08:12:51.1 (13496138)|STATEMENT_EXECUTE|[179]
08:12:51.1 (13501479)|METHOD_ENTRY|[179]||System.JSON.deserializeUntyped(String)
08:12:51.1 (14654758)|METHOD_EXIT|[179]||System.JSON.deserializeUntyped(String)
08:12:51.1 (14665839)|VARIABLE_SCOPE_BEGIN|[179]|itemsMap|Map<String,ANY>|true|false
08:12:51.1 (14690538)|HEAP_ALLOCATE|[EXTERNAL]|Bytes:20
08:12:51.1 (14740179)|VARIABLE_ASSIGNMENT|[179]|itemsMap|{"CpeItems":["Map of size 6 too large to display",{"itemType":"childProduct","maxQuantity":15,"minQuantity":0,"defaultQuantity":0,"ProductCode":"O_RES_TV_PLUS_ADDL_S (2 more) ..."},"Map of size 6 too large to display",{"itemType":"childProduct","maxQuantity":99999,"minQuantity":0,"defaultQuantity":0,"ProductCode":"O_RES_HSI_WIFI_EXTEN (3 more) ..."}]}|0x9707c02
08:12:51.1 (14749010)|STATEMENT_EXECUTE|[180]
08:12:51.1 (14757330)|HEAP_ALLOCATE|[180]|Bytes:4
08:12:51.1 (14826643)|VARIABLE_SCOPE_BEGIN|[180]|items|List<ANY>|true|false
08:12:51.1 (14839283)|HEAP_ALLOCATE|[EXTERNAL]|Bytes:4
08:12:51.1 (14849193)|VARIABLE_ASSIGNMENT|[180]|items|[]|0xe3e5c1c
08:12:51.1 (14855292)|HEAP_ALLOCATE|[181]|Bytes:8
08:12:51.1 (14881914)|STATEMENT_EXECUTE|[181]
08:12:51.1 (14884244)|STATEMENT_EXECUTE|[182]
08:12:51.1 (14925614)|VARIABLE_ASSIGNMENT|[182]|items|["Map of size 6 too large to display",{"itemType":"childProduct","maxQuantity":15,"minQuantity":0,"defaultQuantity":0,"ProductCode":"O_RES_TV_PLUS_ADDL_S (2 more) ..."},"Map of size 6 too large to display",{"itemType":"childProduct","maxQuantity":99999,"minQuantity":0,"defaultQuantity":0,"ProductCode":"O_RES_HSI_WIFI_EXTEN (3 more) ..."}]|0x4abbc2da
08:12:51.1 (14945566)|STATEMENT_EXECUTE|[185]
08:12:51.1 (14960705)|HEAP_ALLOCATE|[185]|Bytes:4
08:12:51.1 (14970055)|VARIABLE_SCOPE_BEGIN|[185]|limits|Map<String,Map<String,Integer>>|true|false
08:12:51.1 (14980255)|VARIABLE_ASSIGNMENT|[185]|limits|{}|0x871fc56
08:12:51.1 (14984226)|STATEMENT_EXECUTE|[186]
08:12:51.1 (14991047)|HEAP_ALLOCATE|[186]|Bytes:4
08:12:51.1 (14997986)|HEAP_ALLOCATE|[186]|Bytes:6
08:12:51.1 (15055267)|HEAP_ALLOCATE|[186]|Bytes:4
08:12:51.1 (15069938)|HEAP_ALLOCATE|[186]|Bytes:6
08:12:51.1 (15081649)|HEAP_ALLOCATE|[186]|Bytes:4
08:12:51.1 (15097018)|HEAP_ALLOCATE|[186]|Bytes:4
08:12:51.1 (15116629)|HEAP_ALLOCATE|[EXTERNAL]|Bytes:-4
08:12:51.1 (15126250)|STATEMENT_EXECUTE|[187]
08:12:51.1 (15135739)|HEAP_ALLOCATE|[187]|Bytes:4
08:12:51.1 (15162971)|HEAP_ALLOCATE|[187]|Bytes:4
08:12:51.1 (15177470)|HEAP_ALLOCATE|[187]|Bytes:4
08:12:51.1 (15188261)|HEAP_ALLOCATE|[187]|Bytes:4
08:12:51.1 (15201621)|HEAP_ALLOCATE|[EXTERNAL]|Bytes:-4
08:12:51.1 (15209252)|STATEMENT_EXECUTE|[188]
08:12:51.1 (15215652)|HEAP_ALLOCATE|[188]|Bytes:4
08:12:51.1 (15241123)|HEAP_ALLOCATE|[188]|Bytes:4
08:12:51.1 (15254733)|HEAP_ALLOCATE|[188]|Bytes:4
08:12:51.1 (15266953)|HEAP_ALLOCATE|[EXTERNAL]|Bytes:-4
08:12:51.1 (15273734)|STATEMENT_EXECUTE|[190]
08:12:51.1 (15285814)|METHOD_ENTRY|[190]|01pdL00000Up09Z|CpeAiAssistantController.extractCodes(List<ANY>, Map<String,Map<String,Integer>>)
08:12:51.1 (15316504)|VARIABLE_SCOPE_BEGIN|[203]|items|List<ANY>|true|false
08:12:51.1 (15337184)|VARIABLE_ASSIGNMENT|[203]|items|["Map of size 6 too large to display",{"itemType":"childProduct","maxQuantity":15,"minQuantity":0,"defaultQuantity":0,"ProductCode":"O_RES_TV_PLUS_ADDL_S (2 more) ..."},"Map of size 6 too large to display",{"itemType":"childProduct","maxQuantity":99999,"minQuantity":0,"defaultQuantity":0,"ProductCode":"O_RES_HSI_WIFI_EXTEN (3 more) ..."}]|0x4abbc2da
08:12:51.1 (15344315)|VARIABLE_SCOPE_BEGIN|[203]|limits|Map<String,Map<String,Integer>>|true|false
08:12:51.1 (15357646)|VARIABLE_ASSIGNMENT|[203]|limits|{"tv":{"maxInc":3,"maxAdd":15,"min":1},"wifi":{"maxInc":1,"maxAdd":10,"min":1},"modem":{"max":1,"min":1}}|0x871fc56
08:12:51.1 (15369385)|HEAP_ALLOCATE|[204]|Bytes:5
08:12:51.1 (15373896)|STATEMENT_EXECUTE|[203]
08:12:51.1 (15376825)|STATEMENT_EXECUTE|[204]
08:12:51.1 (15418026)|HEAP_ALLOCATE|[205]|Bytes:5
08:12:51.1 (15441688)|HEAP_ALLOCATE|[205]|Bytes:28
08:12:51.1 (15451818)|VARIABLE_SCOPE_BEGIN|[205]|obj|Object|false|false
08:12:51.1 (15463718)|VARIABLE_ASSIGNMENT|[205]|obj|"Map of size 6 too large to display"
08:12:51.1 (15468449)|STATEMENT_EXECUTE|[205]
08:12:51.1 (15470708)|STATEMENT_EXECUTE|[206]
08:12:51.1 (15474619)|VARIABLE_SCOPE_BEGIN|[206]|item|Map<String,ANY>|true|false
08:12:51.1 (15483569)|VARIABLE_ASSIGNMENT|[206]|item|"Map of size 6 too large to display"|0x7e4973db
08:12:51.1 (15487889)|STATEMENT_EXECUTE|[207]
08:12:51.1 (15497908)|METHOD_ENTRY|[207]|01pdL00000Up09Z|CpeAiAssistantController.getProductCode(Map<String,ANY>)
08:12:51.1 (15508580)|VARIABLE_SCOPE_BEGIN|[236]|item|Map<String,ANY>|true|false
08:12:51.1 (15516479)|VARIABLE_ASSIGNMENT|[236]|item|"Map of size 6 too large to display"|0x7e4973db
08:12:51.1 (15525069)|HEAP_ALLOCATE|[237]|Bytes:5
08:12:51.1 (15529709)|STATEMENT_EXECUTE|[236]
08:12:51.1 (15532850)|HEAP_ALLOCATE|[237]|Bytes:11
08:12:51.1 (15562160)|STATEMENT_EXECUTE|[237]
08:12:51.1 (15564451)|STATEMENT_EXECUTE|[238]
08:12:51.1 (15593102)|HEAP_ALLOCATE|[238]|Bytes:17
08:12:51.1 (15608332)|METHOD_EXIT|[207]|01pdL00000Up09Z|CpeAiAssistantController.getProductCode(Map<String,ANY>)
08:12:51.1 (15613431)|VARIABLE_SCOPE_BEGIN|[207]|code|String|false|false
08:12:51.1 (15622642)|VARIABLE_ASSIGNMENT|[207]|code|"O_RES_TV_PLUS_STB"
08:12:51.1 (15629013)|STATEMENT_EXECUTE|[208]
08:12:51.1 (15633453)|HEAP_ALLOCATE|[208]|Bytes:11
08:12:51.1 (15670833)|VARIABLE_SCOPE_BEGIN|[208]|maxQ|Integer|false|false
08:12:51.1 (15680403)|VARIABLE_ASSIGNMENT|[208]|maxQ|3
08:12:51.1 (15684043)|STATEMENT_EXECUTE|[209]
08:12:51.1 (15687024)|HEAP_ALLOCATE|[209]|Bytes:11
08:12:51.1 (15715244)|VARIABLE_SCOPE_BEGIN|[209]|minQ|Integer|false|false
08:12:51.1 (15723585)|VARIABLE_ASSIGNMENT|[209]|minQ|0
08:12:51.1 (15728284)|STATEMENT_EXECUTE|[210]
08:12:51.1 (15731234)|HEAP_ALLOCATE|[210]|Bytes:15
08:12:51.1 (15758275)|VARIABLE_SCOPE_BEGIN|[210]|defQ|Integer|false|false
08:12:51.1 (15767456)|VARIABLE_ASSIGNMENT|[210]|defQ|1
08:12:51.1 (15775136)|HEAP_ALLOCATE|[212]|Bytes:17
08:12:51.1 (15797636)|STATEMENT_EXECUTE|[212]
08:12:51.1 (15799926)|STATEMENT_EXECUTE|[213]
08:12:51.1 (15835178)|STATEMENT_EXECUTE|[214]
08:12:51.1 (15865368)|HEAP_ALLOCATE|[227]|Bytes:13
08:12:51.1 (15885419)|STATEMENT_EXECUTE|[227]
08:12:51.1 (15895739)|HEAP_ALLOCATE|[205]|Bytes:5
08:12:51.1 (15909470)|HEAP_ALLOCATE|[205]|Bytes:24
08:12:51.1 (15917540)|VARIABLE_SCOPE_BEGIN|[205]|obj|Object|false|false
08:12:51.1 (15934500)|VARIABLE_ASSIGNMENT|[205]|obj|{"itemType":"childProduct","maxQuantity":15,"minQuantity":0,"defaultQuantity":0,"ProductCode":"O_RES_TV_PLUS_ADDL_S (2 more) ..."}
08:12:51.1 (15939159)|STATEMENT_EXECUTE|[205]
08:12:51.1 (15941440)|STATEMENT_EXECUTE|[206]
08:12:51.1 (15945231)|VARIABLE_SCOPE_BEGIN|[206]|item|Map<String,ANY>|true|false
08:12:51.1 (15957951)|VARIABLE_ASSIGNMENT|[206]|item|{"itemType":"childProduct","maxQuantity":15,"minQuantity":0,"defaultQuantity":0,"ProductCode":"O_RES_TV_PLUS_ADDL_S (2 more) ..."}|0x6de4018e
08:12:51.1 (15962530)|STATEMENT_EXECUTE|[207]
08:12:51.1 (15968671)|METHOD_ENTRY|[207]|01pdL00000Up09Z|CpeAiAssistantController.getProductCode(Map<String,ANY>)
08:12:51.1 (15976671)|VARIABLE_SCOPE_BEGIN|[236]|item|Map<String,ANY>|true|false
08:12:51.1 (15993811)|VARIABLE_ASSIGNMENT|[236]|item|{"itemType":"childProduct","maxQuantity":15,"minQuantity":0,"defaultQuantity":0,"ProductCode":"O_RES_TV_PLUS_ADDL_S (2 more) ..."}|0x6de4018e
08:12:51.1 (16006091)|HEAP_ALLOCATE|[237]|Bytes:5
08:12:51.1 (16010672)|STATEMENT_EXECUTE|[236]
08:12:51.1 (16028522)|STATEMENT_EXECUTE|[237]
08:12:51.1 (16030482)|STATEMENT_EXECUTE|[238]
08:12:51.1 (16045303)|HEAP_ALLOCATE|[238]|Bytes:22
08:12:51.1 (16058423)|METHOD_EXIT|[207]|01pdL00000Up09Z|CpeAiAssistantController.getProductCode(Map<String,ANY>)
08:12:51.1 (16063813)|VARIABLE_SCOPE_BEGIN|[207]|code|String|false|false
08:12:51.1 (16072763)|VARIABLE_ASSIGNMENT|[207]|code|"O_RES_TV_PLUS_ADDL_S (2 more) ..."
08:12:51.1 (16076304)|STATEMENT_EXECUTE|[208]
08:12:51.1 (16093643)|VARIABLE_SCOPE_BEGIN|[208]|maxQ|Integer|false|false
08:12:51.1 (16101324)|VARIABLE_ASSIGNMENT|[208]|maxQ|15
08:12:51.1 (16104675)|STATEMENT_EXECUTE|[209]
08:12:51.1 (16119795)|VARIABLE_SCOPE_BEGIN|[209]|minQ|Integer|false|false
08:12:51.1 (16127155)|VARIABLE_ASSIGNMENT|[209]|minQ|0
08:12:51.1 (16130385)|STATEMENT_EXECUTE|[210]
08:12:51.1 (16150916)|VARIABLE_SCOPE_BEGIN|[210]|defQ|Integer|false|false
08:12:51.1 (16161226)|VARIABLE_ASSIGNMENT|[210]|defQ|0
08:12:51.1 (16180246)|HEAP_ALLOCATE|[215]|Bytes:22
08:12:51.1 (16188726)|STATEMENT_EXECUTE|[215]
08:12:51.1 (16191296)|STATEMENT_EXECUTE|[216]
08:12:51.1 (16235958)|STATEMENT_EXECUTE|[227]
08:12:51.1 (16244847)|HEAP_ALLOCATE|[205]|Bytes:5
08:12:51.1 (16259578)|HEAP_ALLOCATE|[205]|Bytes:28
08:12:51.1 (16267629)|VARIABLE_SCOPE_BEGIN|[205]|obj|Object|false|false
08:12:51.1 (16279309)|VARIABLE_ASSIGNMENT|[205]|obj|"Map of size 6 too large to display"
08:12:51.1 (16283258)|STATEMENT_EXECUTE|[205]
08:12:51.1 (16285418)|STATEMENT_EXECUTE|[206]
08:12:51.1 (16288978)|VARIABLE_SCOPE_BEGIN|[206]|item|Map<String,ANY>|true|false
08:12:51.1 (16296669)|VARIABLE_ASSIGNMENT|[206]|item|"Map of size 6 too large to display"|0x375c4fa5
08:12:51.1 (16300579)|STATEMENT_EXECUTE|[207]
08:12:51.1 (16304819)|METHOD_ENTRY|[207]|01pdL00000Up09Z|CpeAiAssistantController.getProductCode(Map<String,ANY>)
08:12:51.1 (16309569)|VARIABLE_SCOPE_BEGIN|[236]|item|Map<String,ANY>|true|false
08:12:51.1 (16317110)|VARIABLE_ASSIGNMENT|[236]|item|"Map of size 6 too large to display"|0x375c4fa5
08:12:51.1 (16325910)|HEAP_ALLOCATE|[237]|Bytes:5
08:12:51.1 (16330320)|STATEMENT_EXECUTE|[236]
08:12:51.1 (16346311)|STATEMENT_EXECUTE|[237]
08:12:51.1 (16348260)|STATEMENT_EXECUTE|[238]
08:12:51.1 (16363351)|HEAP_ALLOCATE|[238]|Bytes:15
08:12:51.1 (16376671)|METHOD_EXIT|[207]|01pdL00000Up09Z|CpeAiAssistantController.getProductCode(Map<String,ANY>)
08:12:51.1 (16381632)|VARIABLE_SCOPE_BEGIN|[207]|code|String|false|false
08:12:51.1 (16389381)|VARIABLE_ASSIGNMENT|[207]|code|"O_RES_HSI_MODEM"
08:12:51.1 (16392851)|STATEMENT_EXECUTE|[208]
08:12:51.1 (16408362)|VARIABLE_SCOPE_BEGIN|[208]|maxQ|Integer|false|false
08:12:51.1 (16416112)|VARIABLE_ASSIGNMENT|[208]|maxQ|99999
08:12:51.1 (16419622)|STATEMENT_EXECUTE|[209]
08:12:51.1 (16434572)|VARIABLE_SCOPE_BEGIN|[209]|minQ|Integer|false|false
08:12:51.1 (16443243)|VARIABLE_ASSIGNMENT|[209]|minQ|0
08:12:51.1 (16446553)|STATEMENT_EXECUTE|[210]
08:12:51.1 (16462573)|VARIABLE_SCOPE_BEGIN|[210]|defQ|Integer|false|false
08:12:51.1 (16470084)|VARIABLE_ASSIGNMENT|[210]|defQ|1
08:12:51.1 (16482724)|HEAP_ALLOCATE|[217]|Bytes:27
08:12:51.1 (16492284)|HEAP_ALLOCATE|[220]|Bytes:27
08:12:51.1 (16501005)|HEAP_ALLOCATE|[222]|Bytes:15
08:12:51.1 (16507024)|STATEMENT_EXECUTE|[222]
08:12:51.1 (16509334)|STATEMENT_EXECUTE|[223]
08:12:51.1 (16539455)|HEAP_ALLOCATE|[223]|Bytes:4
08:12:51.1 (16552916)|STATEMENT_EXECUTE|[224]
08:12:51.1 (16602447)|STATEMENT_EXECUTE|[227]
08:12:51.1 (16612447)|HEAP_ALLOCATE|[205]|Bytes:5
08:12:51.1 (16629008)|HEAP_ALLOCATE|[205]|Bytes:24
08:12:51.1 (16637448)|VARIABLE_SCOPE_BEGIN|[205]|obj|Object|false|false
08:12:51.1 (16654328)|VARIABLE_ASSIGNMENT|[205]|obj|{"itemType":"childProduct","maxQuantity":99999,"minQuantity":0,"defaultQuantity":0,"ProductCode":"O_RES_HSI_WIFI_EXTEN (3 more) ..."}
08:12:51.1 (16659039)|STATEMENT_EXECUTE|[205]
08:12:51.1 (16661108)|STATEMENT_EXECUTE|[206]
08:12:51.1 (16664879)|VARIABLE_SCOPE_BEGIN|[206]|item|Map<String,ANY>|true|false
08:12:51.1 (16677599)|VARIABLE_ASSIGNMENT|[206]|item|{"itemType":"childProduct","maxQuantity":99999,"minQuantity":0,"defaultQuantity":0,"ProductCode":"O_RES_HSI_WIFI_EXTEN (3 more) ..."}|0x23e353e
08:12:51.1 (16682098)|STATEMENT_EXECUTE|[207]
08:12:51.1 (16686559)|METHOD_ENTRY|[207]|01pdL00000Up09Z|CpeAiAssistantController.getProductCode(Map<String,ANY>)
08:12:51.1 (16691239)|VARIABLE_SCOPE_BEGIN|[236]|item|Map<String,ANY>|true|false
08:12:51.1 (16701680)|VARIABLE_ASSIGNMENT|[236]|item|{"itemType":"childProduct","maxQuantity":99999,"minQuantity":0,"defaultQuantity":0,"ProductCode":"O_RES_HSI_WIFI_EXTEN (3 more) ..."}|0x23e353e
08:12:51.1 (16709979)|HEAP_ALLOCATE|[237]|Bytes:5
08:12:51.1 (16713939)|STATEMENT_EXECUTE|[236]
08:12:51.1 (16729579)|STATEMENT_EXECUTE|[237]
08:12:51.1 (16731779)|STATEMENT_EXECUTE|[238]
08:12:51.1 (16746380)|HEAP_ALLOCATE|[238]|Bytes:23
08:12:51.1 (16758630)|METHOD_EXIT|[207]|01pdL00000Up09Z|CpeAiAssistantController.getProductCode(Map<String,ANY>)
08:12:51.1 (16763580)|VARIABLE_SCOPE_BEGIN|[207]|code|String|false|false
08:12:51.1 (16771601)|VARIABLE_ASSIGNMENT|[207]|code|"O_RES_HSI_WIFI_EXTEN (3 more) ..."
08:12:51.1 (16775870)|STATEMENT_EXECUTE|[208]
08:12:51.1 (16791052)|VARIABLE_SCOPE_BEGIN|[208]|maxQ|Integer|false|false
08:12:51.1 (16799932)|VARIABLE_ASSIGNMENT|[208]|maxQ|99999
08:12:51.1 (16803261)|STATEMENT_EXECUTE|[209]
08:12:51.1 (16817941)|VARIABLE_SCOPE_BEGIN|[209]|minQ|Integer|false|false
08:12:51.1 (16828982)|VARIABLE_ASSIGNMENT|[209]|minQ|0
08:12:51.1 (16832333)|STATEMENT_EXECUTE|[210]
08:12:51.1 (16848003)|VARIABLE_SCOPE_BEGIN|[210]|defQ|Integer|false|false
08:12:51.1 (16855472)|VARIABLE_ASSIGNMENT|[210]|defQ|0
08:12:51.1 (16875284)|STATEMENT_EXECUTE|[212]
08:12:51.1 (16884844)|STATEMENT_EXECUTE|[227]
08:12:51.1 (16892844)|HEAP_ALLOCATE|[205]|Bytes:5
08:12:51.1 (16908034)|VARIABLE_ASSIGNMENT|[205]|obj|null
08:12:51.1 (16916754)|METHOD_EXIT|[190]|01pdL00000Up09Z|CpeAiAssistantController.extractCodes(List<ANY>, Map<String,Map<String,Integer>>)
08:12:51.1 (16922165)|STATEMENT_EXECUTE|[192]
08:12:51.1 (16985497)|HEAP_ALLOCATE|[192]|Bytes:4
08:12:51.1 (17001626)|STATEMENT_EXECUTE|[193]
08:12:51.1 (17048328)|STATEMENT_EXECUTE|[194]
08:12:51.1 (17106629)|HEAP_ALLOCATE|[194]|Bytes:4
08:12:51.1 (17119690)|STATEMENT_EXECUTE|[195]
08:12:51.1 (17165771)|STATEMENT_EXECUTE|[196]
08:12:51.1 (17210142)|STATEMENT_EXECUTE|[197]
08:12:51.1 (17256373)|STATEMENT_EXECUTE|[200]
08:12:51.1 (17263643)|METHOD_EXIT|[74]|01pdL00000Up09Z|CpeAiAssistantController.buildRulePayload(String, String)
08:12:51.1 (17269534)|VARIABLE_SCOPE_BEGIN|[74]|rules|Map<String,Map<String,ANY>>|true|false
08:12:51.1 (17291953)|VARIABLE_ASSIGNMENT|[74]|rules|{"TV + Receiver":{"current":1,"min":0,"max":18,"base":1},"Modem":{"current":"Wired","min":1,"max":1,"base":"Wired"},"Wi-Fi Access Point":{"current":1,"min":1,"max":11,"base":1}}|0x3fb0c1d5
08:12:51.1 (17297563)|STATEMENT_EXECUTE|[77]
08:12:51.1 (17300834)|HEAP_ALLOCATE|[77]|Bytes:150
08:12:51.1 (17311215)|METHOD_ENTRY|[79]||System.JSON.serialize(Object)
08:12:51.1 (18381071)|METHOD_EXIT|[79]||System.JSON.serialize(Object)
08:12:51.1 (18392511)|HEAP_ALLOCATE|[79]|Bytes:24
08:12:51.1 (18440112)|HEAP_ALLOCATE|[80]|Bytes:29
08:12:51.1 (18457513)|HEAP_ALLOCATE|[77]|Bytes:1771
08:12:51.1 (18466263)|VARIABLE_SCOPE_BEGIN|[77]|fullMessage|String|false|false
08:12:51.1 (18483343)|VARIABLE_ASSIGNMENT|[77]|fullMessage|"System Context: You  (1751 more) ..."
08:12:51.1 (18488774)|STATEMENT_EXECUTE|[83]
08:12:51.1 (18491943)|HEAP_ALLOCATE|[84]|Bytes:22
08:12:51.1 (18496073)|HEAP_ALLOCATE|[85]|Bytes:21
08:12:51.1 (18542705)|HEAP_ALLOCATE|[83]|Bytes:12
08:12:51.1 (18549086)|HEAP_ALLOCATE|[83]|Bytes:58
08:12:51.1 (18560496)|SYSTEM_METHOD_ENTRY|[14]|Action.Action()
08:12:51.1 (18564296)|STATEMENT_EXECUTE|[14]
08:12:51.1 (18571505)|SYSTEM_METHOD_EXIT|[14]|Action
08:12:51.1 (18581746)|METHOD_ENTRY|[83]||Invocable.Action.createCustomAction(String, String)
08:12:51.1 (18781201)|METHOD_EXIT|[83]||Invocable.Action.createCustomAction(String, String)
08:12:51.1 (18787812)|VARIABLE_SCOPE_BEGIN|[83]|action|Invocable.Action|true|false
08:12:51.1 (18949546)|VARIABLE_ASSIGNMENT|[83]|action|{"invocations":"0x7aeec58f","invokeFromLightningComponent":false,"name":"CPE_Equipment_Manage (1 more) ...","type":"generatePromptRespon (2 more) ..."}|0x35387967
08:12:51.1 (18959456)|STATEMENT_EXECUTE|[88]
08:12:51.1 (18964256)|HEAP_ALLOCATE|[88]|Bytes:17
08:12:51.1 (18987547)|METHOD_ENTRY|[88]||Invocable.Action.setInvocationParameter(String, Object)
08:12:51.1 (19210811)|METHOD_EXIT|[88]||Invocable.Action.setInvocationParameter(String, Object)
08:12:51.1 (19217562)|STATEMENT_EXECUTE|[90]
08:12:51.1 (19225292)|METHOD_ENTRY|[90]||Invocable.Action.invoke()
08:12:54.931 (3931651382)|METHOD_EXIT|[90]||Invocable.Action.invoke()
08:12:54.931 (3931675602)|VARIABLE_SCOPE_BEGIN|[90]|results|List<Invocable.Action.Result>|true|false
08:12:54.931 (3931747175)|VARIABLE_ASSIGNMENT|[90]|results|[{"action":"0x35387967","errors":"0x6291f37f","invocationParameters":"0x1a319f83","outputParameters":"0x13715758","success":true}]|0x25a72b71
08:12:54.931 (3931793236)|STATEMENT_EXECUTE|[92]
08:12:54.931 (3931797796)|STATEMENT_EXECUTE|[96]
08:12:54.931 (3931815005)|HEAP_ALLOCATE|[96]|Bytes:24
08:12:54.931 (3931827537)|VARIABLE_SCOPE_BEGIN|[96]|result|Invocable.Action.Result|true|false
08:12:54.931 (3931862228)|VARIABLE_ASSIGNMENT|[96]|result|{"action":"0x35387967","errors":"0x6291f37f","invocationParameters":"0x1a319f83","outputParameters":"0x13715758","success":true}|0x48c03eb1
08:12:54.931 (3931888458)|METHOD_ENTRY|[98]||Invocable.Action.Result.isSuccess()
08:12:54.931 (3931919139)|METHOD_EXIT|[98]||Invocable.Action.Result.isSuccess()
08:12:54.931 (3931927349)|STATEMENT_EXECUTE|[98]
08:12:54.931 (3931931059)|STATEMENT_EXECUTE|[104]
08:12:54.931 (3931940660)|METHOD_ENTRY|[104]||Invocable.Action.Result.getOutputParameters()
08:12:54.931 (3931998121)|METHOD_EXIT|[104]||Invocable.Action.Result.getOutputParameters()
08:12:54.931 (3932007530)|VARIABLE_SCOPE_BEGIN|[104]|outputs|Map<String,ANY>|true|false
08:12:54.931 (3932034882)|VARIABLE_ASSIGNMENT|[104]|outputs|{"promptResponse":"{\n  \"message\": \"Mode (155 more) ..."}|0x13715758
08:12:54.931 (3932043691)|STATEMENT_EXECUTE|[105]
08:12:54.931 (3932047051)|STATEMENT_EXECUTE|[110]
08:12:54.931 (3932052342)|HEAP_ALLOCATE|[110]|Bytes:14
08:12:54.931 (3932095772)|VARIABLE_SCOPE_BEGIN|[110]|promptRespObj|Object|false|false
08:12:54.931 (3932115114)|VARIABLE_ASSIGNMENT|[110]|promptRespObj|"{\n  \"message\": \"Mode (155 more) ..."
08:12:54.931 (3932122084)|STATEMENT_EXECUTE|[111]
08:12:54.931 (3932127624)|VARIABLE_SCOPE_BEGIN|[111]|rawResponse|String|false|false
08:12:54.931 (3932140625)|VARIABLE_ASSIGNMENT|[111]|rawResponse|null
08:12:54.931 (3932146805)|STATEMENT_EXECUTE|[113]
08:12:54.931 (3932149334)|STATEMENT_EXECUTE|[114]
08:12:54.931 (3932184916)|HEAP_ALLOCATE|[114]|Bytes:175
08:12:54.931 (3932204735)|VARIABLE_ASSIGNMENT|[114]|rawResponse|"{\n  \"message\": \"Mode (155 more) ..."
08:12:54.931 (3932236467)|STATEMENT_EXECUTE|[119]
08:12:54.931 (3932239607)|STATEMENT_EXECUTE|[123]
08:12:54.931 (3932243317)|VARIABLE_SCOPE_BEGIN|[123]|cleanResponse|String|false|false
08:12:54.931 (3932254936)|VARIABLE_ASSIGNMENT|[123]|cleanResponse|null
08:12:54.931 (3932260428)|STATEMENT_EXECUTE|[124]
08:12:54.931 (3932263398)|STATEMENT_EXECUTE|[124]
08:12:54.931 (3932266718)|STATEMENT_EXECUTE|[125]
08:12:54.931 (3932278038)|METHOD_ENTRY|[125]||System.JSON.deserializeUntyped(String)
08:12:54.931 (3932783661)|METHOD_EXIT|[125]||System.JSON.deserializeUntyped(String)
08:12:54.931 (3932795630)|VARIABLE_SCOPE_BEGIN|[125]|parsed|Map<String,ANY>|true|false
08:12:54.931 (3932828372)|VARIABLE_ASSIGNMENT|[125]|parsed|{"message":"Modem changed to Wi- (41 more) ...","newState":{"TV + Receiver":6,"Modem":"Wi-Fi","Wi-Fi Access Point":4}}|0x1307d957
08:12:54.931 (3932839102)|HEAP_ALLOCATE|[126]|Bytes:5
08:12:54.931 (3932878343)|STATEMENT_EXECUTE|[128]
08:12:54.931 (3932882112)|STATEMENT_EXECUTE|[129]
08:12:54.931 (3932893152)|VARIABLE_ASSIGNMENT|[129]|cleanResponse|"{\n  \"message\": \"Mode (155 more) ..."
08:12:54.931 (3932901374)|STATEMENT_EXECUTE|[135]
08:12:54.931 (3932904644)|STATEMENT_EXECUTE|[136]
08:12:54.931 (3932909244)|HEAP_ALLOCATE|[136]|Bytes:3
08:12:54.931 (3932915484)|HEAP_ALLOCATE|[136]|Bytes:1
08:12:54.931 (3932960105)|HEAP_ALLOCATE|[136]|Bytes:175
08:12:54.931 (3932982896)|VARIABLE_ASSIGNMENT|[136]|cleanResponse|"{\n  \"message\": \"Mode (155 more) ..."
08:12:54.931 (3932989526)|STATEMENT_EXECUTE|[137]
08:12:54.931 (3932994235)|HEAP_ALLOCATE|[137]|Bytes:2
08:12:54.931 (3933023057)|HEAP_ALLOCATE|[137]|Bytes:175
08:12:54.931 (3933042217)|VARIABLE_ASSIGNMENT|[137]|cleanResponse|"{\n  \"message\": \"Mode (155 more) ..."
08:12:54.931 (3933048076)|STATEMENT_EXECUTE|[138]
08:12:54.931 (3933052007)|HEAP_ALLOCATE|[138]|Bytes:3
08:12:54.931 (3933057788)|HEAP_ALLOCATE|[138]|Bytes:1
08:12:54.931 (3933083588)|HEAP_ALLOCATE|[138]|Bytes:175
08:12:54.931 (3933101638)|VARIABLE_ASSIGNMENT|[138]|cleanResponse|"{\n  \"message\": \"Mode (155 more) ..."
08:12:54.931 (3933108389)|STATEMENT_EXECUTE|[142]
08:12:54.931 (3933123998)|METHOD_ENTRY|[142]|01pdL00000Up09Z|CpeAiAssistantController.parseAndValidateAgentResponse(String, Map<String,Map<String,ANY>>)
08:12:54.931 (3933138300)|VARIABLE_SCOPE_BEGIN|[264]|rawResponse|String|false|false
08:12:54.931 (3933150210)|VARIABLE_ASSIGNMENT|[264]|rawResponse|"{\n  \"message\": \"Mode (155 more) ..."
08:12:54.931 (3933155950)|VARIABLE_SCOPE_BEGIN|[264]|rules|Map<String,Map<String,ANY>>|true|false
08:12:54.931 (3933179431)|VARIABLE_ASSIGNMENT|[264]|rules|{"TV + Receiver":{"current":1,"min":0,"max":18,"base":1},"Modem":{"current":"Wired","min":1,"max":1,"base":"Wired"},"Wi-Fi Access Point":{"current":1,"min":1,"max":11,"base":1}}|0x3fb0c1d5
08:12:54.931 (3933198861)|HEAP_ALLOCATE|[265]|Bytes:5
08:12:54.931 (3933204971)|STATEMENT_EXECUTE|[264]
08:12:54.931 (3933208391)|STATEMENT_EXECUTE|[265]
08:12:54.931 (3933219102)|HEAP_ALLOCATE|[265]|Bytes:4
08:12:54.931 (3933227392)|VARIABLE_SCOPE_BEGIN|[265]|finalResponse|Map<String,ANY>|true|false
08:12:54.931 (3933240372)|VARIABLE_ASSIGNMENT|[265]|finalResponse|{}|0x28b5b43c
08:12:54.931 (3933246521)|STATEMENT_EXECUTE|[267]
08:12:54.931 (3933249292)|STATEMENT_EXECUTE|[267]
08:12:54.931 (3933252212)|STATEMENT_EXECUTE|[268]
08:12:54.931 (3933258202)|METHOD_ENTRY|[268]||System.JSON.deserializeUntyped(String)
08:12:54.931 (3933580831)|METHOD_EXIT|[268]||System.JSON.deserializeUntyped(String)
08:12:54.931 (3933590401)|VARIABLE_SCOPE_BEGIN|[268]|parsed|Map<String,ANY>|true|false
08:12:54.931 (3933615610)|VARIABLE_ASSIGNMENT|[268]|parsed|{"message":"Modem changed to Wi- (41 more) ...","newState":{"TV + Receiver":6,"Modem":"Wi-Fi","Wi-Fi Access Point":4}}|0x4d5b836a
08:12:54.931 (3933624392)|HEAP_ALLOCATE|[270]|Bytes:8
08:12:54.931 (3933655531)|STATEMENT_EXECUTE|[270]
08:12:54.931 (3933659203)|STATEMENT_EXECUTE|[271]
08:12:54.931 (3933688492)|VARIABLE_SCOPE_BEGIN|[271]|newStateRaw|Map<String,ANY>|true|false
08:12:54.931 (3933704813)|VARIABLE_ASSIGNMENT|[271]|newStateRaw|{"TV + Receiver":6,"Modem":"Wi-Fi","Wi-Fi Access Point":4}|0x48cadaa9
08:12:54.931 (3933711394)|STATEMENT_EXECUTE|[272]
08:12:54.931 (3933720104)|HEAP_ALLOCATE|[272]|Bytes:4
08:12:54.931 (3933727733)|VARIABLE_SCOPE_BEGIN|[272]|normalizedState|Map<String,ANY>|true|false
08:12:54.931 (3933740325)|VARIABLE_ASSIGNMENT|[272]|normalizedState|{}|0x381360e8
08:12:54.931 (3933746614)|STATEMENT_EXECUTE|[274]
08:12:54.931 (3933750675)|VARIABLE_SCOPE_BEGIN|[274]|changedCpeCount|Integer|false|false
08:12:54.931 (3933757945)|HEAP_ALLOCATE|[274]|Bytes:4
08:12:54.931 (3933766614)|VARIABLE_ASSIGNMENT|[274]|changedCpeCount|0
08:12:54.931 (3933803306)|HEAP_ALLOCATE|[276]|Bytes:52
08:12:54.931 (3933838957)|HEAP_ALLOCATE|[276]|Bytes:5
08:12:54.931 (3933855927)|VARIABLE_SCOPE_BEGIN|[276]|key|String|false|false
08:12:54.931 (3933867457)|VARIABLE_ASSIGNMENT|[276]|key|"TV + Receiver"
08:12:54.931 (3933873417)|STATEMENT_EXECUTE|[276]
08:12:54.931 (3933876497)|STATEMENT_EXECUTE|[277]
08:12:54.931 (3933884168)|METHOD_ENTRY|[277]|01pdL00000Up09Z|CpeAiAssistantController.normalizeProductName(String)
08:12:54.931 (3933896309)|VARIABLE_SCOPE_BEGIN|[255]|rawName|String|false|false
08:12:54.931 (3933909289)|VARIABLE_ASSIGNMENT|[255]|rawName|"TV + Receiver"
08:12:54.931 (3933921609)|HEAP_ALLOCATE|[256]|Bytes:5
08:12:54.931 (3933928098)|STATEMENT_EXECUTE|[255]
08:12:54.931 (3933949419)|STATEMENT_EXECUTE|[256]
08:12:54.931 (3933952440)|STATEMENT_EXECUTE|[257]
08:12:54.931 (3933964310)|HEAP_ALLOCATE|[257]|Bytes:13
08:12:54.931 (3933976500)|VARIABLE_SCOPE_BEGIN|[257]|lower|String|false|false
08:12:54.931 (3933988311)|VARIABLE_ASSIGNMENT|[257]|lower|"tv + receiver"
08:12:54.931 (3934009871)|STATEMENT_EXECUTE|[258]
08:12:54.931 (3934020132)|METHOD_EXIT|[277]|01pdL00000Up09Z|CpeAiAssistantController.normalizeProductName(String)
08:12:54.931 (3934026732)|VARIABLE_SCOPE_BEGIN|[277]|normKey|String|false|false
08:12:54.931 (3934037692)|VARIABLE_ASSIGNMENT|[277]|normKey|"TV + Receiver"
08:12:54.931 (3934064413)|HEAP_ALLOCATE|[279]|Bytes:17
08:12:54.931 (3934089953)|STATEMENT_EXECUTE|[279]
08:12:54.931 (3934093262)|STATEMENT_EXECUTE|[280]
08:12:54.931 (3934116484)|VARIABLE_SCOPE_BEGIN|[280]|qty|Integer|false|false
08:12:54.931 (3934128614)|VARIABLE_ASSIGNMENT|[280]|qty|6
08:12:54.931 (3934153045)|STATEMENT_EXECUTE|[282]
08:12:54.931 (3934156024)|STATEMENT_EXECUTE|[283]
08:12:54.931 (3934159925)|VARIABLE_SCOPE_BEGIN|[283]|current|Integer|false|false
08:12:54.931 (3934167584)|HEAP_ALLOCATE|[283]|Bytes:4
08:12:54.931 (3934176076)|VARIABLE_ASSIGNMENT|[283]|current|0
08:12:54.931 (3934221397)|STATEMENT_EXECUTE|[284]
08:12:54.931 (3934224537)|STATEMENT_EXECUTE|[285]
08:12:54.931 (3934262798)|VARIABLE_ASSIGNMENT|[285]|current|1
08:12:54.931 (3934269538)|STATEMENT_EXECUTE|[287]
08:12:54.931 (3934273147)|VARIABLE_SCOPE_BEGIN|[287]|baseQty|Integer|false|false
08:12:54.931 (3934283318)|VARIABLE_ASSIGNMENT|[287]|baseQty|1
08:12:54.931 (3934347490)|STATEMENT_EXECUTE|[288]
08:12:54.931 (3934350989)|STATEMENT_EXECUTE|[289]
08:12:54.931 (3934389590)|VARIABLE_ASSIGNMENT|[289]|baseQty|1
08:12:54.931 (3934396990)|STATEMENT_EXECUTE|[292]
08:12:54.931 (3934438532)|VARIABLE_SCOPE_BEGIN|[292]|max|Integer|false|false
08:12:54.931 (3934451562)|VARIABLE_ASSIGNMENT|[292]|max|18
08:12:54.931 (3934457323)|STATEMENT_EXECUTE|[293]
08:12:54.931 (3934493912)|VARIABLE_SCOPE_BEGIN|[293]|min|Integer|false|false
08:12:54.931 (3934505633)|VARIABLE_ASSIGNMENT|[293]|min|0
08:12:54.931 (3934515214)|STATEMENT_EXECUTE|[295]
08:12:54.931 (3934519564)|STATEMENT_EXECUTE|[303]
08:12:54.931 (3934522734)|STATEMENT_EXECUTE|[304]
08:12:54.931 (3934528484)|VARIABLE_SCOPE_BEGIN|[304]|required|Integer|false|false
08:12:54.931 (3934536015)|HEAP_ALLOCATE|[304]|Bytes:4
08:12:54.931 (3934544365)|VARIABLE_ASSIGNMENT|[304]|required|5
08:12:54.931 (3934549725)|STATEMENT_EXECUTE|[305]
08:12:54.931 (3934564245)|HEAP_ALLOCATE|[305]|Bytes:9
08:12:54.931 (3934570865)|VARIABLE_SCOPE_BEGIN|[305]|prodCode|String|false|false
08:12:54.931 (3934582656)|VARIABLE_ASSIGNMENT|[305]|prodCode|"REC-TV-01"
08:12:54.931 (3934588456)|STATEMENT_EXECUTE|[306]
08:12:54.931 (3934591786)|STATEMENT_EXECUTE|[307]
08:12:54.931 (3934602416)|METHOD_ENTRY|[307]|01pdL00000Up09Z|CpeAiAssistantController.getVanStock(String)
08:12:54.931 (3934616667)|VARIABLE_SCOPE_BEGIN|[404]|productCode|String|false|false
08:12:54.931 (3934627547)|VARIABLE_ASSIGNMENT|[404]|productCode|"REC-TV-01"
08:12:54.931 (3934638177)|HEAP_ALLOCATE|[405]|Bytes:5
08:12:54.931 (3934643617)|STATEMENT_EXECUTE|[404]
08:12:54.931 (3934646457)|STATEMENT_EXECUTE|[405]
08:12:54.931 (3934649187)|STATEMENT_EXECUTE|[405]
08:12:54.931 (3934652067)|STATEMENT_EXECUTE|[406]
08:12:54.931 (3934659628)|METHOD_ENTRY|[406]|01pdL00000Up09Z|CpeAiAssistantController.getMyServiceResource()
08:12:54.931 (3934780760)|HEAP_ALLOCATE|[591]|Bytes:5
08:12:54.931 (3934788040)|STATEMENT_EXECUTE|[590]
08:12:54.931 (3934791160)|STATEMENT_EXECUTE|[591]
08:12:54.931 (3934795071)|HEAP_ALLOCATE|[591]|Bytes:163
08:12:54.931 (3934806551)|HEAP_ALLOCATE|[591]|Bytes:4
08:12:54.931 (3934813581)|HEAP_ALLOCATE|[591]|Bytes:7
08:12:54.931 (3934845052)|HEAP_ALLOCATE|[594]|Bytes:105
08:12:54.931 (3934859442)|SYSTEM_METHOD_ENTRY|[1]|UserInfo.UserInfo()
08:12:54.931 (3934864293)|STATEMENT_EXECUTE|[1]
08:12:54.931 (3934871903)|SYSTEM_METHOD_EXIT|[1]|UserInfo
08:12:54.931 (3934881703)|METHOD_ENTRY|[594]||System.UserInfo.getUserId()
08:12:54.931 (3934915203)|METHOD_EXIT|[594]||System.UserInfo.getUserId()
08:12:54.931 (3937419706)|SOQL_EXECUTE_BEGIN|[591]|Aggregations:0|SELECT Id, LocationId, LastKnownLocation, LastKnownLatitude, LastKnownLongitude FROM ServiceResource WHERE (RelatedRecordId = :tmpVar1 AND IsActive = TRUE) LIMIT 1
08:12:54.931 (3946830152)|SOQL_EXECUTE_END|[591]|Rows:1
08:12:54.931 (3946880034)|HEAP_ALLOCATE|[591]|Bytes:8
08:12:54.931 (3946920765)|HEAP_ALLOCATE|[591]|Bytes:201
08:12:54.931 (3947053858)|HEAP_ALLOCATE|[591]|Bytes:8
08:12:54.931 (3947075178)|VARIABLE_SCOPE_BEGIN|[591]|srs|List<ServiceResource>|true|false
08:12:54.931 (3947231151)|VARIABLE_ASSIGNMENT|[591]|srs|[{"LocationId":"131dL000000OKGvQAO","Id":"0HndL000000MjRVSA0","LastKnownLocation":{"latitude":0.0,"longitude":0.0},"LastKnownLatitude":0E-15,"LastKnownLongitude":0E-15}]|0x11b8c403
08:12:54.931 (3947240573)|STATEMENT_EXECUTE|[597]
08:12:54.931 (3947346645)|HEAP_ALLOCATE|[597]|Bytes:24
08:12:54.931 (3947364776)|METHOD_EXIT|[406]|01pdL00000Up09Z|CpeAiAssistantController.getMyServiceResource()
08:12:54.931 (3947371296)|VARIABLE_SCOPE_BEGIN|[406]|sr|ServiceResource|true|false
08:12:54.931 (3947437187)|VARIABLE_ASSIGNMENT|[406]|sr|{"LocationId":"131dL000000OKGvQAO","Id":"0HndL000000MjRVSA0","LastKnownLocation":{"latitude":0.0,"longitude":0.0},"LastKnownLatitude":0E-15,"LastKnownLongitude":0E-15}|0x3e8a78b
08:12:54.931 (3947489649)|STATEMENT_EXECUTE|[407]
08:12:54.931 (3947493478)|STATEMENT_EXECUTE|[408]
08:12:54.931 (3947499369)|HEAP_ALLOCATE|[408]|Bytes:112
08:12:54.931 (3947521290)|HEAP_ALLOCATE|[408]|Bytes:4
08:12:54.931 (3947545519)|HEAP_ALLOCATE|[408]|Bytes:7
08:12:54.931 (3950849223)|SOQL_EXECUTE_BEGIN|[408]|Aggregations:0|SELECT QuantityOnHand FROM ProductItem WHERE (LocationId = :tmpVar1 AND Product2.ProductCode = :tmpVar2) LIMIT 1
08:12:54.931 (3964031063)|SOQL_EXECUTE_END|[408]|Rows:0
08:12:54.931 (3964082104)|HEAP_ALLOCATE|[408]|Bytes:4
08:12:54.931 (3964112475)|HEAP_ALLOCATE|[408]|Bytes:0
08:12:54.931 (3964247628)|HEAP_ALLOCATE|[408]|Bytes:4
08:12:54.931 (3964274218)|VARIABLE_SCOPE_BEGIN|[408]|items|List<ProductItem>|true|false
08:12:54.931 (3964305990)|VARIABLE_ASSIGNMENT|[408]|items|[]|0x18aea88b
08:12:54.931 (3964427163)|STATEMENT_EXECUTE|[414]
08:12:54.931 (3964432213)|STATEMENT_EXECUTE|[420]
08:12:54.931 (3964439233)|HEAP_ALLOCATE|[420]|Bytes:125
08:12:54.931 (3964464094)|HEAP_ALLOCATE|[420]|Bytes:4
08:12:54.931 (3965532089)|SOQL_EXECUTE_BEGIN|[420]|Aggregations:0|SELECT QuantityOnHand FROM ProductItem WHERE Product2.ProductCode = :tmpVar1 ORDER BY QuantityOnHand DESC NULLS FIRST LIMIT 1
08:12:54.931 (3973094020)|SOQL_EXECUTE_END|[420]|Rows:1
08:12:54.931 (3973119330)|HEAP_ALLOCATE|[420]|Bytes:8
08:12:54.931 (3973142291)|HEAP_ALLOCATE|[420]|Bytes:115
08:12:54.931 (3973184012)|HEAP_ALLOCATE|[420]|Bytes:8
08:12:54.931 (3973199212)|VARIABLE_SCOPE_BEGIN|[420]|fallbackItems|List<ProductItem>|true|false
08:12:54.931 (3973321705)|VARIABLE_ASSIGNMENT|[420]|fallbackItems|[{"QuantityOnHand":5.00,"Product2Id":"01tdL00000cjw5BQAQ","Id":"0CodL00000DyKM9SAN"}]|0x2de58401
08:12:54.931 (3973406868)|HEAP_ALLOCATE|[427]|Bytes:16
08:12:54.931 (3973527181)|HEAP_ALLOCATE|[427]|Bytes:28
08:12:54.931 (3973532341)|HEAP_ALLOCATE|[427]|Bytes:28
08:12:54.931 (3973611183)|STATEMENT_EXECUTE|[427]
08:12:54.931 (3973613972)|STATEMENT_EXECUTE|[428]
08:12:54.931 (3973619972)|HEAP_ALLOCATE|[428]|Bytes:16
08:12:54.931 (3973645584)|HEAP_ALLOCATE|[428]|Bytes:8
08:12:54.931 (3973662924)|METHOD_EXIT|[307]|01pdL00000Up09Z|CpeAiAssistantController.getVanStock(String)
08:12:54.931 (3973669844)|VARIABLE_SCOPE_BEGIN|[307]|vanStock|Integer|false|false
08:12:54.931 (3973680204)|VARIABLE_ASSIGNMENT|[307]|vanStock|5
08:12:54.931 (3973686865)|STATEMENT_EXECUTE|[308]
08:12:54.931 (3973689814)|STATEMENT_EXECUTE|[315]
08:12:54.931 (3973738106)|HEAP_ALLOCATE|[EXTERNAL]|Bytes:-4
08:12:54.931 (3973753726)|STATEMENT_EXECUTE|[317]
08:12:54.931 (3973756786)|STATEMENT_EXECUTE|[318]
08:12:54.931 (3973759846)|HEAP_ALLOCATE|[318]|Bytes:4
08:12:54.931 (3973767687)|VARIABLE_ASSIGNMENT|[318]|changedCpeCount|1
08:12:54.931 (3973787447)|HEAP_ALLOCATE|[276]|Bytes:5
08:12:54.931 (3973804948)|VARIABLE_SCOPE_BEGIN|[276]|key|String|false|false
08:12:54.931 (3973814038)|VARIABLE_ASSIGNMENT|[276]|key|"Modem"
08:12:54.931 (3973818408)|STATEMENT_EXECUTE|[276]
08:12:54.931 (3973821097)|STATEMENT_EXECUTE|[277]
08:12:54.931 (3973828348)|METHOD_ENTRY|[277]|01pdL00000Up09Z|CpeAiAssistantController.normalizeProductName(String)
08:12:54.931 (3973835068)|VARIABLE_SCOPE_BEGIN|[255]|rawName|String|false|false
08:12:54.931 (3973842839)|VARIABLE_ASSIGNMENT|[255]|rawName|"Modem"
08:12:54.931 (3973853959)|HEAP_ALLOCATE|[256]|Bytes:5
08:12:54.931 (3973858378)|STATEMENT_EXECUTE|[255]
08:12:54.931 (3973877869)|STATEMENT_EXECUTE|[256]
08:12:54.931 (3973879949)|STATEMENT_EXECUTE|[257]
08:12:54.931 (3973890579)|HEAP_ALLOCATE|[257]|Bytes:5
08:12:54.931 (3973900070)|VARIABLE_SCOPE_BEGIN|[257]|lower|String|false|false
08:12:54.931 (3973907950)|VARIABLE_ASSIGNMENT|[257]|lower|"modem"
08:12:54.931 (3973937281)|STATEMENT_EXECUTE|[258]
08:12:54.931 (3973998202)|STATEMENT_EXECUTE|[259]
08:12:54.931 (3974012993)|STATEMENT_EXECUTE|[260]
08:12:54.931 (3974019893)|METHOD_EXIT|[277]|01pdL00000Up09Z|CpeAiAssistantController.normalizeProductName(String)
08:12:54.931 (3974025073)|VARIABLE_SCOPE_BEGIN|[277]|normKey|String|false|false
08:12:54.931 (3974033373)|VARIABLE_ASSIGNMENT|[277]|normKey|"Modem"
08:12:54.931 (3974082735)|HEAP_ALLOCATE|[323]|Bytes:16
08:12:54.931 (3974097205)|STATEMENT_EXECUTE|[323]
08:12:54.931 (3974100195)|STATEMENT_EXECUTE|[325]
08:12:54.931 (3974124096)|HEAP_ALLOCATE|[EXTERNAL]|Bytes:-4
08:12:54.931 (3974130625)|STATEMENT_EXECUTE|[326]
08:12:54.931 (3974134376)|VARIABLE_SCOPE_BEGIN|[326]|currentStr|String|false|false
08:12:54.931 (3974142656)|VARIABLE_ASSIGNMENT|[326]|currentStr|""
08:12:54.931 (3974195586)|STATEMENT_EXECUTE|[327]
08:12:54.931 (3974197877)|STATEMENT_EXECUTE|[328]
08:12:54.931 (3974229867)|VARIABLE_ASSIGNMENT|[328]|currentStr|"Wired"
08:12:54.931 (3974257939)|HEAP_ALLOCATE|[330]|Bytes:5
08:12:54.931 (3974278428)|STATEMENT_EXECUTE|[330]
08:12:54.931 (3974280799)|STATEMENT_EXECUTE|[331]
08:12:54.931 (3974283060)|HEAP_ALLOCATE|[331]|Bytes:4
08:12:54.931 (3974290290)|VARIABLE_ASSIGNMENT|[331]|changedCpeCount|2
08:12:54.931 (3974301669)|HEAP_ALLOCATE|[276]|Bytes:5
08:12:54.931 (3974312629)|VARIABLE_SCOPE_BEGIN|[276]|key|String|false|false
08:12:54.931 (3974321420)|VARIABLE_ASSIGNMENT|[276]|key|"Wi-Fi Access Point"
08:12:54.931 (3974324971)|STATEMENT_EXECUTE|[276]
08:12:54.931 (3974326931)|STATEMENT_EXECUTE|[277]
08:12:54.931 (3974331181)|METHOD_ENTRY|[277]|01pdL00000Up09Z|CpeAiAssistantController.normalizeProductName(String)
08:12:54.931 (3974337011)|VARIABLE_SCOPE_BEGIN|[255]|rawName|String|false|false
08:12:54.931 (3974344011)|VARIABLE_ASSIGNMENT|[255]|rawName|"Wi-Fi Access Point"
08:12:54.931 (3974350701)|HEAP_ALLOCATE|[256]|Bytes:5
08:12:54.931 (3974354790)|STATEMENT_EXECUTE|[255]
08:12:54.931 (3974368802)|STATEMENT_EXECUTE|[256]
08:12:54.931 (3974370711)|STATEMENT_EXECUTE|[257]
08:12:54.931 (3974379092)|HEAP_ALLOCATE|[257]|Bytes:18
08:12:54.931 (3974389231)|VARIABLE_SCOPE_BEGIN|[257]|lower|String|false|false
08:12:54.931 (3974397391)|VARIABLE_ASSIGNMENT|[257]|lower|"wi-fi access point"
08:12:54.931 (3974423592)|STATEMENT_EXECUTE|[258]
08:12:54.931 (3974436152)|STATEMENT_EXECUTE|[259]
08:12:54.931 (3974441944)|METHOD_EXIT|[277]|01pdL00000Up09Z|CpeAiAssistantController.normalizeProductName(String)
08:12:54.931 (3974448324)|VARIABLE_SCOPE_BEGIN|[277]|normKey|String|false|false
08:12:54.931 (3974456033)|VARIABLE_ASSIGNMENT|[277]|normKey|"Wi-Fi Access Point"
08:12:54.931 (3974472793)|STATEMENT_EXECUTE|[279]
08:12:54.931 (3974474924)|STATEMENT_EXECUTE|[280]
08:12:54.931 (3974484305)|VARIABLE_SCOPE_BEGIN|[280]|qty|Integer|false|false
08:12:54.931 (3974492055)|VARIABLE_ASSIGNMENT|[280]|qty|4
08:12:54.931 (3974502594)|STATEMENT_EXECUTE|[282]
08:12:54.931 (3974504645)|STATEMENT_EXECUTE|[283]
08:12:54.931 (3974507554)|VARIABLE_SCOPE_BEGIN|[283]|current|Integer|false|false
08:12:54.931 (3974512305)|HEAP_ALLOCATE|[283]|Bytes:4
08:12:54.931 (3974518514)|VARIABLE_ASSIGNMENT|[283]|current|0
08:12:54.931 (3974543136)|STATEMENT_EXECUTE|[284]
08:12:54.931 (3974545146)|STATEMENT_EXECUTE|[285]
08:12:54.931 (3974564916)|VARIABLE_ASSIGNMENT|[285]|current|1
08:12:54.931 (3974569556)|STATEMENT_EXECUTE|[287]
08:12:54.931 (3974572307)|VARIABLE_SCOPE_BEGIN|[287]|baseQty|Integer|false|false
08:12:54.931 (3974579347)|VARIABLE_ASSIGNMENT|[287]|baseQty|1
08:12:54.931 (3974619077)|STATEMENT_EXECUTE|[288]
08:12:54.931 (3974621428)|STATEMENT_EXECUTE|[289]
08:12:54.931 (3974641188)|VARIABLE_ASSIGNMENT|[289]|baseQty|1
08:12:54.931 (3974645689)|STATEMENT_EXECUTE|[292]
08:12:54.931 (3974663398)|VARIABLE_SCOPE_BEGIN|[292]|max|Integer|false|false
08:12:54.931 (3974670958)|VARIABLE_ASSIGNMENT|[292]|max|11
08:12:54.931 (3974674389)|STATEMENT_EXECUTE|[293]
08:12:54.931 (3974692039)|VARIABLE_SCOPE_BEGIN|[293]|min|Integer|false|false
08:12:54.931 (3974699500)|VARIABLE_ASSIGNMENT|[293]|min|1
08:12:54.931 (3974705980)|STATEMENT_EXECUTE|[295]
08:12:54.931 (3974709010)|STATEMENT_EXECUTE|[303]
08:12:54.931 (3974711439)|STATEMENT_EXECUTE|[304]
08:12:54.931 (3974715390)|VARIABLE_SCOPE_BEGIN|[304]|required|Integer|false|false
08:12:54.931 (3974720220)|HEAP_ALLOCATE|[304]|Bytes:4
08:12:54.931 (3974726551)|VARIABLE_ASSIGNMENT|[304]|required|3
08:12:54.931 (3974730171)|STATEMENT_EXECUTE|[305]
08:12:54.931 (3974741611)|HEAP_ALLOCATE|[305]|Bytes:10
08:12:54.931 (3974746461)|VARIABLE_SCOPE_BEGIN|[305]|prodCode|String|false|false
08:12:54.931 (3974754581)|VARIABLE_ASSIGNMENT|[305]|prodCode|"WIFI-AP-02"
08:12:54.931 (3974759600)|STATEMENT_EXECUTE|[306]
08:12:54.931 (3974762532)|STATEMENT_EXECUTE|[307]
08:12:54.931 (3974767121)|METHOD_ENTRY|[307]|01pdL00000Up09Z|CpeAiAssistantController.getVanStock(String)
08:12:54.931 (3974772102)|VARIABLE_SCOPE_BEGIN|[404]|productCode|String|false|false
08:12:54.931 (3974778932)|VARIABLE_ASSIGNMENT|[404]|productCode|"WIFI-AP-02"
08:12:54.931 (3974785761)|HEAP_ALLOCATE|[405]|Bytes:5
08:12:54.931 (3974789712)|STATEMENT_EXECUTE|[404]
08:12:54.931 (3974791672)|STATEMENT_EXECUTE|[405]
08:12:54.931 (3974793592)|STATEMENT_EXECUTE|[405]
08:12:54.931 (3974795612)|STATEMENT_EXECUTE|[406]
08:12:54.931 (3974799972)|METHOD_ENTRY|[406]|01pdL00000Up09Z|CpeAiAssistantController.getMyServiceResource()
08:12:54.931 (3974806673)|HEAP_ALLOCATE|[591]|Bytes:5
08:12:54.931 (3974810343)|STATEMENT_EXECUTE|[590]
08:12:54.931 (3974812343)|STATEMENT_EXECUTE|[591]
08:12:54.931 (3974820693)|HEAP_ALLOCATE|[591]|Bytes:4
08:12:54.931 (3974829813)|METHOD_ENTRY|[594]||System.UserInfo.getUserId()
08:12:54.931 (3974844763)|METHOD_EXIT|[594]||System.UserInfo.getUserId()
08:12:54.931 (3975290385)|SOQL_EXECUTE_BEGIN|[591]|Aggregations:0|SELECT Id, LocationId, LastKnownLocation, LastKnownLatitude, LastKnownLongitude FROM ServiceResource WHERE (RelatedRecordId = :tmpVar1 AND IsActive = TRUE) LIMIT 1
08:12:54.931 (3979289285)|SOQL_EXECUTE_END|[591]|Rows:1
08:12:54.931 (3979313674)|HEAP_ALLOCATE|[591]|Bytes:8
08:12:54.931 (3979333926)|HEAP_ALLOCATE|[591]|Bytes:201
08:12:54.931 (3979372916)|HEAP_ALLOCATE|[591]|Bytes:8
08:12:54.931 (3979387047)|VARIABLE_SCOPE_BEGIN|[591]|srs|List<ServiceResource>|true|false
08:12:54.931 (3979484910)|VARIABLE_ASSIGNMENT|[591]|srs|[{"LocationId":"131dL000000OKGvQAO","Id":"0HndL000000MjRVSA0","LastKnownLocation":{"latitude":0.0,"longitude":0.0},"LastKnownLatitude":0E-15,"LastKnownLongitude":0E-15}]|0x3e088ca8
08:12:54.931 (3979492910)|STATEMENT_EXECUTE|[597]
08:12:54.931 (3979517551)|HEAP_ALLOCATE|[597]|Bytes:24
08:12:54.931 (3979530941)|METHOD_EXIT|[406]|01pdL00000Up09Z|CpeAiAssistantController.getMyServiceResource()
08:12:54.931 (3979538531)|VARIABLE_SCOPE_BEGIN|[406]|sr|ServiceResource|true|false
08:12:54.931 (3979591822)|VARIABLE_ASSIGNMENT|[406]|sr|{"LocationId":"131dL000000OKGvQAO","Id":"0HndL000000MjRVSA0","LastKnownLocation":{"latitude":0.0,"longitude":0.0},"LastKnownLatitude":0E-15,"LastKnownLongitude":0E-15}|0x6802b437
08:12:54.931 (3979617402)|STATEMENT_EXECUTE|[407]
08:12:54.931 (3979620233)|STATEMENT_EXECUTE|[408]
08:12:54.931 (3979634633)|HEAP_ALLOCATE|[408]|Bytes:4
08:12:54.931 (3980035413)|SOQL_EXECUTE_BEGIN|[408]|Aggregations:0|SELECT QuantityOnHand FROM ProductItem WHERE (LocationId = :tmpVar1 AND Product2.ProductCode = :tmpVar2) LIMIT 1
08:12:54.931 (3986519786)|SOQL_EXECUTE_END|[408]|Rows:0
08:12:54.931 (3986550007)|HEAP_ALLOCATE|[408]|Bytes:4
08:12:54.931 (3986569567)|HEAP_ALLOCATE|[408]|Bytes:0
08:12:54.931 (3986618828)|HEAP_ALLOCATE|[408]|Bytes:4
08:12:54.931 (3986636189)|VARIABLE_SCOPE_BEGIN|[408]|items|List<ProductItem>|true|false
08:12:54.931 (3986657349)|VARIABLE_ASSIGNMENT|[408]|items|[]|0x11cf74db
08:12:54.931 (3986684390)|STATEMENT_EXECUTE|[414]
08:12:54.931 (3986687619)|STATEMENT_EXECUTE|[420]
08:12:54.931 (3986702090)|HEAP_ALLOCATE|[420]|Bytes:4
08:12:54.931 (3987183242)|SOQL_EXECUTE_BEGIN|[420]|Aggregations:0|SELECT QuantityOnHand FROM ProductItem WHERE Product2.ProductCode = :tmpVar1 ORDER BY QuantityOnHand DESC NULLS FIRST LIMIT 1
08:12:54.931 (3992870005)|SOQL_EXECUTE_END|[420]|Rows:1
08:12:54.931 (3992898055)|HEAP_ALLOCATE|[420]|Bytes:8
08:12:54.931 (3992923846)|HEAP_ALLOCATE|[420]|Bytes:115
08:12:54.931 (3992969187)|HEAP_ALLOCATE|[420]|Bytes:8
08:12:54.931 (3992986177)|VARIABLE_SCOPE_BEGIN|[420]|fallbackItems|List<ProductItem>|true|false
08:12:54.931 (3993075450)|VARIABLE_ASSIGNMENT|[420]|fallbackItems|[{"QuantityOnHand":3.00,"Product2Id":"01tdL00000cjw5CQAQ","Id":"0CodL00000DyKMASA3"}]|0xd5f4b0a
08:12:54.931 (3993114031)|HEAP_ALLOCATE|[427]|Bytes:16
08:12:54.931 (3993159372)|HEAP_ALLOCATE|[427]|Bytes:28
08:12:54.931 (3993164072)|HEAP_ALLOCATE|[427]|Bytes:28
08:12:54.931 (3993198053)|STATEMENT_EXECUTE|[427]
08:12:54.931 (3993200942)|STATEMENT_EXECUTE|[428]
08:12:54.931 (3993206262)|HEAP_ALLOCATE|[428]|Bytes:16
08:12:54.931 (3993219194)|HEAP_ALLOCATE|[428]|Bytes:8
08:12:54.931 (3993236383)|METHOD_EXIT|[307]|01pdL00000Up09Z|CpeAiAssistantController.getVanStock(String)
08:12:54.931 (3993243634)|VARIABLE_SCOPE_BEGIN|[307]|vanStock|Integer|false|false
08:12:54.931 (3993253694)|VARIABLE_ASSIGNMENT|[307]|vanStock|3
08:12:54.931 (3993261704)|STATEMENT_EXECUTE|[308]
08:12:54.931 (3993264875)|STATEMENT_EXECUTE|[315]
08:12:54.931 (3993294215)|HEAP_ALLOCATE|[EXTERNAL]|Bytes:-4
08:12:54.931 (3993306096)|STATEMENT_EXECUTE|[317]
08:12:54.931 (3993309236)|STATEMENT_EXECUTE|[318]
08:12:54.931 (3993312585)|HEAP_ALLOCATE|[318]|Bytes:4
08:12:54.931 (3993319945)|VARIABLE_ASSIGNMENT|[318]|changedCpeCount|3
08:12:54.931 (3993343257)|HEAP_ALLOCATE|[276]|Bytes:5
08:12:54.931 (3993364087)|VARIABLE_ASSIGNMENT|[276]|key|null
08:12:54.931 (3993434508)|HEAP_ALLOCATE|[337]|Bytes:52
08:12:54.931 (3993465820)|HEAP_ALLOCATE|[337]|Bytes:5
08:12:54.931 (3993481770)|VARIABLE_SCOPE_BEGIN|[337]|ruleKey|String|false|false
08:12:54.931 (3993493130)|VARIABLE_ASSIGNMENT|[337]|ruleKey|"TV + Receiver"
08:12:54.931 (3993497521)|STATEMENT_EXECUTE|[337]
08:12:54.931 (3993523350)|STATEMENT_EXECUTE|[338]
08:12:54.931 (3993532331)|HEAP_ALLOCATE|[337]|Bytes:5
08:12:54.931 (3993545062)|VARIABLE_SCOPE_BEGIN|[337]|ruleKey|String|false|false
08:12:54.931 (3993553271)|VARIABLE_ASSIGNMENT|[337]|ruleKey|"Modem"
08:12:54.931 (3993557692)|STATEMENT_EXECUTE|[337]
08:12:54.931 (3993568362)|STATEMENT_EXECUTE|[338]
08:12:54.931 (3993576463)|HEAP_ALLOCATE|[337]|Bytes:5
08:12:54.931 (3993587183)|VARIABLE_SCOPE_BEGIN|[337]|ruleKey|String|false|false
08:12:54.931 (3993595623)|VARIABLE_ASSIGNMENT|[337]|ruleKey|"Wi-Fi Access Point"
08:12:54.931 (3993599103)|STATEMENT_EXECUTE|[337]
08:12:54.931 (3993608303)|STATEMENT_EXECUTE|[338]
08:12:54.931 (3993616624)|HEAP_ALLOCATE|[337]|Bytes:5
08:12:54.931 (3993627934)|VARIABLE_ASSIGNMENT|[337]|ruleKey|null
08:12:54.931 (3993632324)|STATEMENT_EXECUTE|[343]
08:12:54.931 (3993652264)|HEAP_ALLOCATE|[EXTERNAL]|Bytes:-4
08:12:54.931 (3993659714)|STATEMENT_EXECUTE|[346]
08:12:54.931 (3993676825)|HEAP_ALLOCATE|[346]|Bytes:4
08:12:54.931 (3993707896)|VARIABLE_SCOPE_BEGIN|[346]|stateChanges|List<Map<String,ANY>>|true|false
08:12:54.931 (3993727326)|HEAP_ALLOCATE|[EXTERNAL]|Bytes:4
08:12:54.931 (3993737036)|VARIABLE_ASSIGNMENT|[346]|stateChanges|[]|0x428c93e1
08:12:54.931 (3993760817)|HEAP_ALLOCATE|[347]|Bytes:52
08:12:54.931 (3993783978)|HEAP_ALLOCATE|[347]|Bytes:5
08:12:54.931 (3993797128)|VARIABLE_SCOPE_BEGIN|[347]|key|String|false|false
08:12:54.931 (3993805677)|VARIABLE_ASSIGNMENT|[347]|key|"TV + Receiver"
08:12:54.931 (3993810088)|STATEMENT_EXECUTE|[347]
08:12:54.931 (3993829269)|STATEMENT_EXECUTE|[348]
08:12:54.931 (3993831489)|STATEMENT_EXECUTE|[349]
08:12:54.931 (3993854958)|VARIABLE_SCOPE_BEGIN|[349]|newVal|Object|false|false
08:12:54.931 (3993865370)|VARIABLE_ASSIGNMENT|[349]|newVal|6
08:12:54.931 (3993869500)|STATEMENT_EXECUTE|[350]
08:12:54.931 (3993903880)|VARIABLE_SCOPE_BEGIN|[350]|curVal|Object|false|false
08:12:54.931 (3993914381)|VARIABLE_ASSIGNMENT|[350]|curVal|1
08:12:54.931 (3993976503)|STATEMENT_EXECUTE|[352]
08:12:54.931 (3993978962)|STATEMENT_EXECUTE|[353]
08:12:54.931 (3993987983)|HEAP_ALLOCATE|[353]|Bytes:4
08:12:54.931 (3993996653)|HEAP_ALLOCATE|[354]|Bytes:5
08:12:54.931 (3994024563)|HEAP_ALLOCATE|[354]|Bytes:13
08:12:54.931 (3994063175)|HEAP_ALLOCATE|[355]|Bytes:11
08:12:54.931 (3994099476)|HEAP_ALLOCATE|[356]|Bytes:8
08:12:54.931 (3994124196)|HEAP_ALLOCATE|[357]|Bytes:8
08:12:54.931 (3994139537)|HEAP_ALLOCATE|[358]|Bytes:5
08:12:54.931 (3994170337)|HEAP_ALLOCATE|[353]|Bytes:4
08:12:54.931 (3994180948)|VARIABLE_SCOPE_BEGIN|[353]|change|Map<String,ANY>|true|false
08:12:54.931 (3994207678)|VARIABLE_ASSIGNMENT|[353]|change|{"label":"TV + RECEIVER","productCode":"O_RES_TV_PLUS_STB","oldUnits":1,"newUnits":6,"units":5}|0x17f4906f
08:12:54.931 (3994278009)|STATEMENT_EXECUTE|[361]
08:12:54.931 (3994281929)|STATEMENT_EXECUTE|[362]
08:12:54.931 (3994286280)|HEAP_ALLOCATE|[362]|Bytes:14
08:12:54.931 (3994340522)|HEAP_ALLOCATE|[362]|Bytes:4
08:12:54.931 (3994354002)|HEAP_ALLOCATE|[EXTERNAL]|Bytes:-4
08:12:54.931 (3994363272)|STATEMENT_EXECUTE|[365]
08:12:54.931 (3994376572)|VARIABLE_SCOPE_BEGIN|[365]|curQty|Integer|false|false
08:12:54.931 (3994391073)|VARIABLE_ASSIGNMENT|[365]|curQty|1
08:12:54.931 (3994397503)|STATEMENT_EXECUTE|[366]
08:12:54.931 (3994408143)|VARIABLE_SCOPE_BEGIN|[366]|newQty|Integer|false|false
08:12:54.931 (3994417024)|VARIABLE_ASSIGNMENT|[366]|newQty|6
08:12:54.931 (3994420573)|STATEMENT_EXECUTE|[367]
08:12:54.931 (3994424013)|VARIABLE_SCOPE_BEGIN|[367]|diff|Integer|false|false
08:12:54.931 (3994429064)|HEAP_ALLOCATE|[367]|Bytes:4
08:12:54.931 (3994435664)|VARIABLE_ASSIGNMENT|[367]|diff|5
08:12:54.931 (3994439544)|STATEMENT_EXECUTE|[368]
08:12:54.931 (3994509415)|VARIABLE_SCOPE_BEGIN|[2]|System.Math.E|Double|false|true
08:12:54.931 (3994517346)|VARIABLE_SCOPE_BEGIN|[3]|System.Math.PI|Double|false|true
08:12:54.931 (3994531906)|HEAP_ALLOCATE|[368]|Bytes:206
08:12:54.931 (3994545527)|SYSTEM_METHOD_ENTRY|[1]|Math.Math()
08:12:54.931 (3994549317)|STATEMENT_EXECUTE|[1]
08:12:54.931 (3994626249)|SYSTEM_METHOD_EXIT|[1]|Math
08:12:54.931 (3994638029)|METHOD_ENTRY|[368]||System.Math.abs(Integer)
08:12:54.931 (3994696161)|METHOD_EXIT|[368]||System.Math.abs(Integer)
08:12:54.931 (3994702351)|VARIABLE_SCOPE_BEGIN|[368]|diffAbs|Integer|false|false
08:12:54.931 (3994707540)|HEAP_ALLOCATE|[368]|Bytes:4
08:12:54.931 (3994714851)|VARIABLE_ASSIGNMENT|[368]|diffAbs|5
08:12:54.931 (3994724811)|STATEMENT_EXECUTE|[370]
08:12:54.931 (3994727281)|STATEMENT_EXECUTE|[371]
08:12:54.931 (3994730401)|HEAP_ALLOCATE|[371]|Bytes:12
08:12:54.931 (3994736672)|HEAP_ALLOCATE|[371]|Bytes:2
08:12:54.931 (3994763492)|HEAP_ALLOCATE|[371]|Bytes:2
08:12:54.931 (3994774602)|HEAP_ALLOCATE|[371]|Bytes:3
08:12:54.931 (3994785422)|HEAP_ALLOCATE|[371]|Bytes:7
08:12:54.931 (3994796273)|HEAP_ALLOCATE|[EXTERNAL]|Bytes:-4
08:12:54.931 (3994803302)|STATEMENT_EXECUTE|[378]
08:12:54.931 (3994824894)|HEAP_ALLOCATE|[EXTERNAL]|Bytes:4
08:12:54.931 (3994845894)|HEAP_ALLOCATE|[347]|Bytes:5
08:12:54.931 (3994863395)|VARIABLE_SCOPE_BEGIN|[347]|key|String|false|false
08:12:54.931 (3994876355)|VARIABLE_ASSIGNMENT|[347]|key|"Modem"
08:12:54.931 (3994881605)|STATEMENT_EXECUTE|[347]
08:12:54.931 (3994894344)|STATEMENT_EXECUTE|[348]
08:12:54.931 (3994897286)|STATEMENT_EXECUTE|[349]
08:12:54.931 (3994915196)|VARIABLE_SCOPE_BEGIN|[349]|newVal|Object|false|false
08:12:54.931 (3994925945)|VARIABLE_ASSIGNMENT|[349]|newVal|"Wi-Fi"
08:12:54.931 (3994929696)|STATEMENT_EXECUTE|[350]
08:12:54.931 (3994968117)|VARIABLE_SCOPE_BEGIN|[350]|curVal|Object|false|false
08:12:54.931 (3994978248)|VARIABLE_ASSIGNMENT|[350]|curVal|"Wired"
08:12:54.931 (3994997528)|STATEMENT_EXECUTE|[352]
08:12:54.931 (3994999698)|STATEMENT_EXECUTE|[353]
08:12:54.931 (3995006088)|HEAP_ALLOCATE|[353]|Bytes:4
08:12:54.931 (3995051428)|HEAP_ALLOCATE|[354]|Bytes:5
08:12:54.931 (3995109561)|HEAP_ALLOCATE|[353]|Bytes:4
08:12:54.931 (3995122581)|VARIABLE_SCOPE_BEGIN|[353]|change|Map<String,ANY>|true|false
08:12:54.931 (3995138822)|VARIABLE_ASSIGNMENT|[353]|change|{"label":"MODEM","productCode":"O_RES_HSI_MODEM","oldUnits":"Wired","newUnits":"Wi-Fi","units":1}|0x4537490d
08:12:54.931 (3995169751)|STATEMENT_EXECUTE|[361]
08:12:54.931 (3995172942)|STATEMENT_EXECUTE|[365]
08:12:54.931 (3995178383)|VARIABLE_SCOPE_BEGIN|[365]|curQty|Integer|false|false
08:12:54.931 (3995183613)|HEAP_ALLOCATE|[365]|Bytes:4
08:12:54.931 (3995190003)|VARIABLE_ASSIGNMENT|[365]|curQty|0
08:12:54.931 (3995193423)|STATEMENT_EXECUTE|[366]
08:12:54.931 (3995199423)|VARIABLE_SCOPE_BEGIN|[366]|newQty|Integer|false|false
08:12:54.931 (3995204173)|HEAP_ALLOCATE|[366]|Bytes:4
08:12:54.931 (3995210223)|VARIABLE_ASSIGNMENT|[366]|newQty|0
08:12:54.931 (3995213563)|STATEMENT_EXECUTE|[367]
08:12:54.931 (3995216713)|VARIABLE_SCOPE_BEGIN|[367]|diff|Integer|false|false
08:12:54.931 (3995221294)|HEAP_ALLOCATE|[367]|Bytes:4
08:12:54.931 (3995226934)|VARIABLE_ASSIGNMENT|[367]|diff|0
08:12:54.931 (3995230304)|STATEMENT_EXECUTE|[368]
08:12:54.931 (3995235484)|METHOD_ENTRY|[368]||System.Math.abs(Integer)
08:12:54.931 (3995258605)|METHOD_EXIT|[368]||System.Math.abs(Integer)
08:12:54.931 (3995263105)|VARIABLE_SCOPE_BEGIN|[368]|diffAbs|Integer|false|false
08:12:54.931 (3995267705)|HEAP_ALLOCATE|[368]|Bytes:4
08:12:54.931 (3995273994)|VARIABLE_ASSIGNMENT|[368]|diffAbs|0
08:12:54.931 (3995286565)|STATEMENT_EXECUTE|[372]
08:12:54.931 (3995288754)|STATEMENT_EXECUTE|[373]
08:12:54.931 (3995292325)|HEAP_ALLOCATE|[373]|Bytes:7
08:12:54.931 (3995322635)|HEAP_ALLOCATE|[EXTERNAL]|Bytes:-4
08:12:54.931 (3995330606)|STATEMENT_EXECUTE|[378]
08:12:54.931 (3995338627)|HEAP_ALLOCATE|[EXTERNAL]|Bytes:4
08:12:54.931 (3995353647)|HEAP_ALLOCATE|[347]|Bytes:5
08:12:54.931 (3995365196)|VARIABLE_SCOPE_BEGIN|[347]|key|String|false|false
08:12:54.931 (3995375068)|VARIABLE_ASSIGNMENT|[347]|key|"Wi-Fi Access Point"
08:12:54.931 (3995378717)|STATEMENT_EXECUTE|[347]
08:12:54.931 (3995388997)|STATEMENT_EXECUTE|[348]
08:12:54.931 (3995390978)|STATEMENT_EXECUTE|[349]
08:12:54.931 (3995402898)|VARIABLE_SCOPE_BEGIN|[349]|newVal|Object|false|false
08:12:54.931 (3995412548)|VARIABLE_ASSIGNMENT|[349]|newVal|4
08:12:54.931 (3995416329)|STATEMENT_EXECUTE|[350]
08:12:54.931 (3995438819)|VARIABLE_SCOPE_BEGIN|[350]|curVal|Object|false|false
08:12:54.931 (3995448739)|VARIABLE_ASSIGNMENT|[350]|curVal|1
08:12:54.931 (3995463150)|STATEMENT_EXECUTE|[352]
08:12:54.931 (3995465210)|STATEMENT_EXECUTE|[353]
08:12:54.931 (3995471530)|HEAP_ALLOCATE|[353]|Bytes:4
08:12:54.931 (3995484380)|HEAP_ALLOCATE|[354]|Bytes:18
08:12:54.931 (3995508491)|HEAP_ALLOCATE|[355]|Bytes:23
08:12:54.931 (3995547552)|HEAP_ALLOCATE|[353]|Bytes:4
08:12:54.931 (3995557052)|VARIABLE_SCOPE_BEGIN|[353]|change|Map<String,ANY>|true|false
08:12:54.931 (3995573382)|VARIABLE_ASSIGNMENT|[353]|change|{"label":"WI-FI ACCESS POINT","productCode":"O_RES_HSI_WIFI_EXTEN (3 more) ...","oldUnits":1,"newUnits":4,"units":3}|0x64b432c9
08:12:54.931 (3995602773)|STATEMENT_EXECUTE|[361]
08:12:54.931 (3995604922)|STATEMENT_EXECUTE|[362]
08:12:54.931 (3995626544)|HEAP_ALLOCATE|[362]|Bytes:4
08:12:54.931 (3995634824)|HEAP_ALLOCATE|[EXTERNAL]|Bytes:-4
08:12:54.931 (3995641363)|STATEMENT_EXECUTE|[365]
08:12:54.931 (3995648283)|VARIABLE_SCOPE_BEGIN|[365]|curQty|Integer|false|false
08:12:54.931 (3995655924)|VARIABLE_ASSIGNMENT|[365]|curQty|1
08:12:54.931 (3995659235)|STATEMENT_EXECUTE|[366]
08:12:54.931 (3995665255)|VARIABLE_SCOPE_BEGIN|[366]|newQty|Integer|false|false
08:12:54.931 (3995672875)|VARIABLE_ASSIGNMENT|[366]|newQty|4
08:12:54.931 (3995676265)|STATEMENT_EXECUTE|[367]
08:12:54.931 (3995679435)|VARIABLE_SCOPE_BEGIN|[367]|diff|Integer|false|false
08:12:54.931 (3995683895)|HEAP_ALLOCATE|[367]|Bytes:4
08:12:54.931 (3995689705)|VARIABLE_ASSIGNMENT|[367]|diff|3
08:12:54.931 (3995693185)|STATEMENT_EXECUTE|[368]
08:12:54.931 (3995697685)|METHOD_ENTRY|[368]||System.Math.abs(Integer)
08:12:54.931 (3995718016)|METHOD_EXIT|[368]||System.Math.abs(Integer)
08:12:54.931 (3995722036)|VARIABLE_SCOPE_BEGIN|[368]|diffAbs|Integer|false|false
08:12:54.931 (3995726636)|HEAP_ALLOCATE|[368]|Bytes:4
08:12:54.931 (3995732716)|VARIABLE_ASSIGNMENT|[368]|diffAbs|3
08:12:54.931 (3995743187)|STATEMENT_EXECUTE|[374]
08:12:54.931 (3995745406)|STATEMENT_EXECUTE|[375]
08:12:54.931 (3995769677)|HEAP_ALLOCATE|[375]|Bytes:2
08:12:54.931 (3995782068)|HEAP_ALLOCATE|[375]|Bytes:7
08:12:54.931 (3995792967)|HEAP_ALLOCATE|[EXTERNAL]|Bytes:-4
08:12:54.931 (3995798967)|STATEMENT_EXECUTE|[378]
08:12:54.931 (3995806268)|HEAP_ALLOCATE|[EXTERNAL]|Bytes:4
08:12:54.931 (3995819189)|HEAP_ALLOCATE|[347]|Bytes:5
08:12:54.931 (3995830599)|VARIABLE_ASSIGNMENT|[347]|key|null
08:12:54.931 (3995835119)|STATEMENT_EXECUTE|[382]
08:12:54.931 (3995838219)|HEAP_ALLOCATE|[382]|Bytes:12
08:12:54.931 (3995858040)|HEAP_ALLOCATE|[EXTERNAL]|Bytes:-4
08:12:54.931 (3995865929)|HEAP_ALLOCATE|[383]|Bytes:7
08:12:54.931 (3995894391)|STATEMENT_EXECUTE|[383]
08:12:54.931 (3995896661)|STATEMENT_EXECUTE|[384]
08:12:54.931 (3995918801)|HEAP_ALLOCATE|[EXTERNAL]|Bytes:-4
08:12:54.931 (3995927631)|STATEMENT_EXECUTE|[388]
08:12:54.931 (3995930511)|STATEMENT_EXECUTE|[389]
08:12:54.931 (3995933210)|HEAP_ALLOCATE|[389]|Bytes:21
08:12:54.931 (3995952792)|HEAP_ALLOCATE|[389]|Bytes:5
08:12:54.931 (3995957771)|HEAP_ALLOCATE|[EXTERNAL]|Bytes:-4
08:12:54.931 (3995965411)|STATEMENT_EXECUTE|[401]
08:12:54.931 (3995973713)|METHOD_EXIT|[142]|01pdL00000Up09Z|CpeAiAssistantController.parseAndValidateAgentResponse(String, Map<String,Map<String,ANY>>)
08:12:54.931 (3995979163)|VARIABLE_SCOPE_BEGIN|[142]|validatedResponse|Map<String,ANY>|true|false
08:12:54.931 (3996000713)|VARIABLE_ASSIGNMENT|[142]|validatedResponse|{"newState":{"TV + Receiver":6,"Modem":"Wi-Fi","Wi-Fi Access Point":4},"stateChanges":["Map of size 7 too large to display","Map of size 6 too large to display","Map of size 7 too large to display"],"message":"Modem changed to Wi- (41 more) ...","requireOtherCpePrompt":true}|0x28b5b43c
08:12:54.931 (3996007073)|STATEMENT_EXECUTE|[144]
08:12:54.931 (3996014373)|METHOD_ENTRY|[144]||System.JSON.serialize(Object)
08:12:54.931 (3997518641)|METHOD_EXIT|[144]||System.JSON.serialize(Object)
08:12:54.997 (3997621704)|CUMULATIVE_LIMIT_USAGE
08:12:54.997 (3997621704)|LIMIT_USAGE_FOR_NS|(default)|
  Number of SOQL queries: 6 out of 100
  Number of query rows: 4 out of 50000
  Number of SOSL queries: 0 out of 20
  Number of DML statements: 0 out of 150
  Number of Publish Immediate DML: 0 out of 150
  Number of DML rows: 0 out of 10000
  Maximum CPU time: 496 out of 10000
  Maximum heap size: 0 out of 6000000
  Number of callouts: 0 out of 100
  Number of Email Invocations: 0 out of 10
  Number of future calls: 0 out of 50
  Number of queueable jobs added to the queue: 0 out of 50
  Number of Mobile Apex push calls: 0 out of 10

08:12:54.997 (3997621704)|CUMULATIVE_LIMIT_USAGE_END

08:12:54.931 (3997674854)|CODE_UNIT_FINISHED|CpeAiAssistantController.sendMessageToAgent(String, String, String, String)
08:12:54.931 (3997909580)|CODE_UNIT_FINISHED|apex://CpeAiAssistantController/ACTION$sendMessageToAgent
08:12:54.931 (3997921340)|EXECUTION_FINISHED
