66.0 APEX_CODE,FINEST;APEX_PROFILING,INFO;CALLOUT,INFO;DATA_ACCESS,INFO;DB,INFO;NBA,INFO;SYSTEM,DEBUG;VALIDATION,INFO;VISUALFORCE,INFO;WAVE,INFO;WORKFLOW,INFO
07:45:34.1 (1581159)|USER_INFO|[EXTERNAL]|005dL00001kiJYb|abhijithshaibinu001.b869139f1496@agentforce.com|(GMT-07:00) Pacific Daylight Time (America/Los_Angeles)|GMT-07:00
07:45:34.1 (1665873)|EXECUTION_STARTED
07:45:34.1 (1694485)|CODE_UNIT_STARTED|[EXTERNAL]|apex://CpeAiAssistantController/ACTION$sendMessageToAgent
07:45:34.1 (4306711)|CODE_UNIT_STARTED|[EXTERNAL]|01pdL00000Up09Z|CpeAiAssistantController.sendMessageToAgent(String, String, String, String)
07:45:34.1 (6056989)|HEAP_ALLOCATE|[95]|Bytes:3
07:45:34.1 (6194666)|HEAP_ALLOCATE|[100]|Bytes:152
07:45:34.1 (6213718)|HEAP_ALLOCATE|[417]|Bytes:408
07:45:34.1 (6227267)|HEAP_ALLOCATE|[430]|Bytes:408
07:45:34.1 (6254770)|HEAP_ALLOCATE|[317]|Bytes:6
07:45:34.1 (6271061)|HEAP_ALLOCATE|[EXTERNAL]|Bytes:44
07:45:34.1 (6279881)|HEAP_ALLOCATE|[EXTERNAL]|Bytes:6
07:45:34.1 (6316323)|METHOD_ENTRY|[1]|01pdL00000Up09Z|CpeAiAssistantController.CpeAiAssistantController()
07:45:34.1 (6344954)|STATEMENT_EXECUTE|[1]
07:45:34.1 (6357136)|STATEMENT_EXECUTE|[1]
07:45:34.1 (6377737)|HEAP_ALLOCATE|[68]|Bytes:5
07:45:34.1 (6414409)|HEAP_ALLOCATE|[74]|Bytes:5
07:45:34.1 (6425078)|HEAP_ALLOCATE|[82]|Bytes:7
07:45:34.1 (6611160)|HEAP_ALLOCATE|[EXTERNAL]|Bytes:5
07:45:34.1 (6638201)|METHOD_EXIT|[1]|CpeAiAssistantController
07:45:34.1 (6643681)|HEAP_ALLOCATE|[EXTERNAL]|Bytes:18
07:45:34.1 (6647092)|HEAP_ALLOCATE|[EXTERNAL]|Bytes:734
07:45:34.1 (6650092)|HEAP_ALLOCATE|[EXTERNAL]|Bytes:58
07:45:34.1 (6653052)|HEAP_ALLOCATE|[EXTERNAL]|Bytes:396
07:45:34.1 (6678863)|VARIABLE_SCOPE_BEGIN|[71]|userMessage|String|false|false
07:45:34.1 (6755968)|VARIABLE_ASSIGNMENT|[71]|userMessage|"Add 2 TV Receivers"
07:45:34.1 (6762468)|VARIABLE_SCOPE_BEGIN|[71]|cpeItemsJson|String|false|false
07:45:34.1 (6772149)|VARIABLE_ASSIGNMENT|[71]|cpeItemsJson|"{\n  \"CpeItems\": [\n   (714 more) ..."
07:45:34.1 (6775939)|VARIABLE_SCOPE_BEGIN|[71]|currentCartJson|String|false|false
07:45:34.1 (6783589)|VARIABLE_ASSIGNMENT|[71]|currentCartJson|"{\"TV + Receiver\":6,\" (38 more) ..."
07:45:34.1 (6787109)|VARIABLE_SCOPE_BEGIN|[71]|chatHistory|String|false|false
07:45:34.1 (6793970)|VARIABLE_ASSIGNMENT|[71]|chatHistory|"Technician: Add Rece (376 more) ..."
07:45:34.1 (6807911)|HEAP_ALLOCATE|[72]|Bytes:5
07:45:34.1 (6814591)|STATEMENT_EXECUTE|[71]
07:45:34.1 (6816911)|STATEMENT_EXECUTE|[72]
07:45:34.1 (6818901)|STATEMENT_EXECUTE|[72]
07:45:34.1 (6821071)|STATEMENT_EXECUTE|[74]
07:45:34.1 (6843232)|METHOD_ENTRY|[74]|01pdL00000Up09Z|CpeAiAssistantController.buildRulePayload(String, String)
07:45:34.1 (6871104)|VARIABLE_SCOPE_BEGIN|[156]|cpeItemsJson|String|false|false
07:45:34.1 (6886245)|VARIABLE_ASSIGNMENT|[156]|cpeItemsJson|"{\n  \"CpeItems\": [\n   (714 more) ..."
07:45:34.1 (6889975)|VARIABLE_SCOPE_BEGIN|[156]|currentCartJson|String|false|false
07:45:34.1 (6896875)|VARIABLE_ASSIGNMENT|[156]|currentCartJson|"{\"TV + Receiver\":6,\" (38 more) ..."
07:45:34.1 (6906196)|HEAP_ALLOCATE|[157]|Bytes:5
07:45:34.1 (6912316)|STATEMENT_EXECUTE|[156]
07:45:34.1 (6914766)|STATEMENT_EXECUTE|[157]
07:45:34.1 (6935138)|HEAP_ALLOCATE|[157]|Bytes:4
07:45:34.1 (6952579)|VARIABLE_SCOPE_BEGIN|[157]|rules|Map<String,Map<String,ANY>>|true|false
07:45:34.1 (6983210)|VARIABLE_ASSIGNMENT|[157]|rules|{}|0x40700782
07:45:34.1 (6987971)|STATEMENT_EXECUTE|[158]
07:45:34.1 (6991641)|HEAP_ALLOCATE|[158]|Bytes:13
07:45:34.1 (7002161)|HEAP_ALLOCATE|[158]|Bytes:4
07:45:34.1 (7010872)|HEAP_ALLOCATE|[158]|Bytes:7
07:45:34.1 (7075995)|HEAP_ALLOCATE|[158]|Bytes:4
07:45:34.1 (7110247)|HEAP_ALLOCATE|[158]|Bytes:3
07:45:34.1 (7119588)|HEAP_ALLOCATE|[158]|Bytes:4
07:45:34.1 (7131318)|HEAP_ALLOCATE|[158]|Bytes:3
07:45:34.1 (7140119)|HEAP_ALLOCATE|[158]|Bytes:4
07:45:34.1 (7160650)|HEAP_ALLOCATE|[EXTERNAL]|Bytes:-4
07:45:34.1 (7168491)|STATEMENT_EXECUTE|[159]
07:45:34.1 (7171971)|HEAP_ALLOCATE|[159]|Bytes:5
07:45:34.1 (7180591)|HEAP_ALLOCATE|[159]|Bytes:4
07:45:34.1 (7186862)|HEAP_ALLOCATE|[159]|Bytes:5
07:45:34.1 (7216383)|HEAP_ALLOCATE|[159]|Bytes:4
07:45:34.1 (7232654)|HEAP_ALLOCATE|[159]|Bytes:4
07:45:34.1 (7248335)|HEAP_ALLOCATE|[EXTERNAL]|Bytes:-4
07:45:34.1 (7256615)|STATEMENT_EXECUTE|[160]
07:45:34.1 (7259706)|HEAP_ALLOCATE|[160]|Bytes:18
07:45:34.1 (7267846)|HEAP_ALLOCATE|[160]|Bytes:4
07:45:34.1 (7288447)|HEAP_ALLOCATE|[160]|Bytes:4
07:45:34.1 (7352941)|HEAP_ALLOCATE|[160]|Bytes:4
07:45:34.1 (7367012)|HEAP_ALLOCATE|[160]|Bytes:4
07:45:34.1 (7382492)|HEAP_ALLOCATE|[EXTERNAL]|Bytes:-4
07:45:34.1 (7448836)|STATEMENT_EXECUTE|[162]
07:45:34.1 (7451466)|STATEMENT_EXECUTE|[163]
07:45:34.1 (7453396)|STATEMENT_EXECUTE|[163]
07:45:34.1 (7455426)|STATEMENT_EXECUTE|[164]
07:45:34.1 (7492849)|HEAP_ALLOCATE|[164]|Bytes:24
07:45:34.1 (7502169)|SYSTEM_METHOD_ENTRY|[1]|JSON.JSON()
07:45:34.1 (7505919)|STATEMENT_EXECUTE|[1]
07:45:34.1 (7517030)|SYSTEM_METHOD_EXIT|[1]|JSON
07:45:34.1 (7527840)|METHOD_ENTRY|[164]||System.JSON.deserializeUntyped(String)
07:45:34.1 (11166884)|METHOD_EXIT|[164]||System.JSON.deserializeUntyped(String)
07:45:34.1 (11179165)|VARIABLE_SCOPE_BEGIN|[164]|currentCart|Map<String,ANY>|true|false
07:45:34.1 (11211447)|VARIABLE_ASSIGNMENT|[164]|currentCart|{"TV + Receiver":6,"Modem":"Wired","Wi-Fi Access Point":1}|0x6e023af8
07:45:34.1 (11283341)|HEAP_ALLOCATE|[165]|Bytes:52
07:45:34.1 (11408068)|HEAP_ALLOCATE|[165]|Bytes:5
07:45:34.1 (11429589)|VARIABLE_SCOPE_BEGIN|[165]|key|String|false|false
07:45:34.1 (11440089)|VARIABLE_ASSIGNMENT|[165]|key|"TV + Receiver"
07:45:34.1 (11445319)|STATEMENT_EXECUTE|[165]
07:45:34.1 (11448150)|STATEMENT_EXECUTE|[166]
07:45:34.1 (11461650)|METHOD_ENTRY|[166]|01pdL00000Up09Z|CpeAiAssistantController.normalizeProductName(String)
07:45:34.1 (11474571)|VARIABLE_SCOPE_BEGIN|[252]|rawName|String|false|false
07:45:34.1 (11484321)|VARIABLE_ASSIGNMENT|[252]|rawName|"TV + Receiver"
07:45:34.1 (11495001)|HEAP_ALLOCATE|[253]|Bytes:5
07:45:34.1 (11499733)|STATEMENT_EXECUTE|[252]
07:45:34.1 (11531424)|STATEMENT_EXECUTE|[253]
07:45:34.1 (11534025)|STATEMENT_EXECUTE|[254]
07:45:34.1 (11550804)|HEAP_ALLOCATE|[254]|Bytes:13
07:45:34.1 (11561396)|VARIABLE_SCOPE_BEGIN|[254]|lower|String|false|false
07:45:34.1 (11570157)|VARIABLE_ASSIGNMENT|[254]|lower|"tv + receiver"
07:45:34.1 (11575037)|HEAP_ALLOCATE|[255]|Bytes:2
07:45:34.1 (11604247)|STATEMENT_EXECUTE|[255]
07:45:34.1 (11614128)|METHOD_EXIT|[166]|01pdL00000Up09Z|CpeAiAssistantController.normalizeProductName(String)
07:45:34.1 (11619699)|VARIABLE_SCOPE_BEGIN|[166]|normKey|String|false|false
07:45:34.1 (11627830)|VARIABLE_ASSIGNMENT|[166]|normKey|"TV + Receiver"
07:45:34.1 (11653290)|STATEMENT_EXECUTE|[167]
07:45:34.1 (11655690)|STATEMENT_EXECUTE|[168]
07:45:34.1 (11724785)|HEAP_ALLOCATE|[165]|Bytes:5
07:45:34.1 (11738486)|VARIABLE_SCOPE_BEGIN|[165]|key|String|false|false
07:45:34.1 (11747146)|VARIABLE_ASSIGNMENT|[165]|key|"Modem"
07:45:34.1 (11751007)|STATEMENT_EXECUTE|[165]
07:45:34.1 (11753216)|STATEMENT_EXECUTE|[166]
07:45:34.1 (11757447)|METHOD_ENTRY|[166]|01pdL00000Up09Z|CpeAiAssistantController.normalizeProductName(String)
07:45:34.1 (11762896)|VARIABLE_SCOPE_BEGIN|[252]|rawName|String|false|false
07:45:34.1 (11770298)|VARIABLE_ASSIGNMENT|[252]|rawName|"Modem"
07:45:34.1 (11776818)|HEAP_ALLOCATE|[253]|Bytes:5
07:45:34.1 (11780688)|STATEMENT_EXECUTE|[252]
07:45:34.1 (11796459)|STATEMENT_EXECUTE|[253]
07:45:34.1 (11798669)|STATEMENT_EXECUTE|[254]
07:45:34.1 (11807730)|HEAP_ALLOCATE|[254]|Bytes:5
07:45:34.1 (11817360)|VARIABLE_SCOPE_BEGIN|[254]|lower|String|false|false
07:45:34.1 (11825431)|VARIABLE_ASSIGNMENT|[254]|lower|"modem"
07:45:34.1 (11840952)|HEAP_ALLOCATE|[255]|Bytes:8
07:45:34.1 (11856592)|STATEMENT_EXECUTE|[255]
07:45:34.1 (11860313)|HEAP_ALLOCATE|[256]|Bytes:5
07:45:34.1 (11883604)|HEAP_ALLOCATE|[256]|Bytes:4
07:45:34.1 (11900625)|HEAP_ALLOCATE|[256]|Bytes:2
07:45:34.1 (11916026)|HEAP_ALLOCATE|[256]|Bytes:12
07:45:34.1 (11930596)|HEAP_ALLOCATE|[256]|Bytes:6
07:45:34.1 (11945937)|STATEMENT_EXECUTE|[256]
07:45:34.1 (11948747)|HEAP_ALLOCATE|[257]|Bytes:5
07:45:34.1 (11970759)|STATEMENT_EXECUTE|[257]
07:45:34.1 (11977789)|METHOD_EXIT|[166]|01pdL00000Up09Z|CpeAiAssistantController.normalizeProductName(String)
07:45:34.1 (11983109)|VARIABLE_SCOPE_BEGIN|[166]|normKey|String|false|false
07:45:34.1 (11992290)|VARIABLE_ASSIGNMENT|[166]|normKey|"Modem"
07:45:34.1 (12004361)|STATEMENT_EXECUTE|[167]
07:45:34.1 (12006921)|STATEMENT_EXECUTE|[168]
07:45:34.1 (12042273)|HEAP_ALLOCATE|[165]|Bytes:5
07:45:34.1 (12055053)|VARIABLE_SCOPE_BEGIN|[165]|key|String|false|false
07:45:34.1 (12063594)|VARIABLE_ASSIGNMENT|[165]|key|"Wi-Fi Access Point"
07:45:34.1 (12068234)|STATEMENT_EXECUTE|[165]
07:45:34.1 (12070404)|STATEMENT_EXECUTE|[166]
07:45:34.1 (12074284)|METHOD_ENTRY|[166]|01pdL00000Up09Z|CpeAiAssistantController.normalizeProductName(String)
07:45:34.1 (12078885)|VARIABLE_SCOPE_BEGIN|[252]|rawName|String|false|false
07:45:34.1 (12091755)|VARIABLE_ASSIGNMENT|[252]|rawName|"Wi-Fi Access Point"
07:45:34.1 (12099426)|HEAP_ALLOCATE|[253]|Bytes:5
07:45:34.1 (12103316)|STATEMENT_EXECUTE|[252]
07:45:34.1 (12118537)|STATEMENT_EXECUTE|[253]
07:45:34.1 (12120657)|STATEMENT_EXECUTE|[254]
07:45:34.1 (12128397)|HEAP_ALLOCATE|[254]|Bytes:18
07:45:34.1 (12137468)|VARIABLE_SCOPE_BEGIN|[254]|lower|String|false|false
07:45:34.1 (12145888)|VARIABLE_ASSIGNMENT|[254]|lower|"wi-fi access point"
07:45:34.1 (12171010)|STATEMENT_EXECUTE|[255]
07:45:34.1 (12184041)|STATEMENT_EXECUTE|[256]
07:45:34.1 (12190401)|METHOD_EXIT|[166]|01pdL00000Up09Z|CpeAiAssistantController.normalizeProductName(String)
07:45:34.1 (12195711)|VARIABLE_SCOPE_BEGIN|[166]|normKey|String|false|false
07:45:34.1 (12203782)|VARIABLE_ASSIGNMENT|[166]|normKey|"Wi-Fi Access Point"
07:45:34.1 (12215092)|STATEMENT_EXECUTE|[167]
07:45:34.1 (12217232)|STATEMENT_EXECUTE|[168]
07:45:34.1 (12255905)|HEAP_ALLOCATE|[165]|Bytes:5
07:45:34.1 (12270085)|VARIABLE_ASSIGNMENT|[165]|key|null
07:45:34.1 (12298717)|STATEMENT_EXECUTE|[174]
07:45:34.1 (12301197)|STATEMENT_EXECUTE|[175]
07:45:34.1 (12304087)|STATEMENT_EXECUTE|[175]
07:45:34.1 (12306397)|STATEMENT_EXECUTE|[176]
07:45:34.1 (12311328)|METHOD_ENTRY|[176]||System.JSON.deserializeUntyped(String)
07:45:34.1 (13416979)|METHOD_EXIT|[176]||System.JSON.deserializeUntyped(String)
07:45:34.1 (13428950)|VARIABLE_SCOPE_BEGIN|[176]|itemsMap|Map<String,ANY>|true|false
07:45:34.1 (13453612)|HEAP_ALLOCATE|[EXTERNAL]|Bytes:20
07:45:34.1 (13497953)|VARIABLE_ASSIGNMENT|[176]|itemsMap|{"CpeItems":["Map of size 6 too large to display",{"itemType":"childProduct","maxQuantity":15,"minQuantity":0,"defaultQuantity":0,"ProductCode":"O_RES_TV_PLUS_ADDL_S (2 more) ..."},"Map of size 6 too large to display",{"itemType":"childProduct","maxQuantity":99999,"minQuantity":0,"defaultQuantity":0,"ProductCode":"O_RES_HSI_WIFI_EXTEN (3 more) ..."}]}|0x648c9fa9
07:45:34.1 (13505805)|STATEMENT_EXECUTE|[177]
07:45:34.1 (13514304)|HEAP_ALLOCATE|[177]|Bytes:4
07:45:34.1 (13580609)|VARIABLE_SCOPE_BEGIN|[177]|items|List<ANY>|true|false
07:45:34.1 (13593869)|HEAP_ALLOCATE|[EXTERNAL]|Bytes:4
07:45:34.1 (13603429)|VARIABLE_ASSIGNMENT|[177]|items|[]|0xc7790cb
07:45:34.1 (13609390)|HEAP_ALLOCATE|[178]|Bytes:8
07:45:34.1 (13648943)|STATEMENT_EXECUTE|[178]
07:45:34.1 (13652202)|STATEMENT_EXECUTE|[179]
07:45:34.1 (13696844)|VARIABLE_ASSIGNMENT|[179]|items|["Map of size 6 too large to display",{"itemType":"childProduct","maxQuantity":15,"minQuantity":0,"defaultQuantity":0,"ProductCode":"O_RES_TV_PLUS_ADDL_S (2 more) ..."},"Map of size 6 too large to display",{"itemType":"childProduct","maxQuantity":99999,"minQuantity":0,"defaultQuantity":0,"ProductCode":"O_RES_HSI_WIFI_EXTEN (3 more) ..."}]|0x5eab0d96
07:45:34.1 (13705325)|STATEMENT_EXECUTE|[182]
07:45:34.1 (13718926)|HEAP_ALLOCATE|[182]|Bytes:4
07:45:34.1 (13728707)|VARIABLE_SCOPE_BEGIN|[182]|limits|Map<String,Map<String,Integer>>|true|false
07:45:34.1 (13738268)|VARIABLE_ASSIGNMENT|[182]|limits|{}|0x2219afac
07:45:34.1 (13742538)|STATEMENT_EXECUTE|[183]
07:45:34.1 (13750247)|HEAP_ALLOCATE|[183]|Bytes:4
07:45:34.1 (13757339)|HEAP_ALLOCATE|[183]|Bytes:6
07:45:34.1 (13779350)|HEAP_ALLOCATE|[183]|Bytes:4
07:45:34.1 (13788940)|HEAP_ALLOCATE|[183]|Bytes:6
07:45:34.1 (13799381)|HEAP_ALLOCATE|[183]|Bytes:4
07:45:34.1 (13812201)|HEAP_ALLOCATE|[183]|Bytes:4
07:45:34.1 (13826463)|HEAP_ALLOCATE|[EXTERNAL]|Bytes:-4
07:45:34.1 (13833922)|STATEMENT_EXECUTE|[184]
07:45:34.1 (13840313)|HEAP_ALLOCATE|[184]|Bytes:4
07:45:34.1 (13859944)|HEAP_ALLOCATE|[184]|Bytes:4
07:45:34.1 (13873444)|HEAP_ALLOCATE|[184]|Bytes:4
07:45:34.1 (13884175)|HEAP_ALLOCATE|[184]|Bytes:4
07:45:34.1 (13896325)|HEAP_ALLOCATE|[EXTERNAL]|Bytes:-4
07:45:34.1 (13902787)|STATEMENT_EXECUTE|[185]
07:45:34.1 (13910027)|HEAP_ALLOCATE|[185]|Bytes:4
07:45:34.1 (13928968)|HEAP_ALLOCATE|[185]|Bytes:4
07:45:34.1 (13941989)|HEAP_ALLOCATE|[185]|Bytes:4
07:45:34.1 (13954619)|HEAP_ALLOCATE|[EXTERNAL]|Bytes:-4
07:45:34.1 (13960910)|STATEMENT_EXECUTE|[187]
07:45:34.1 (13972251)|METHOD_ENTRY|[187]|01pdL00000Up09Z|CpeAiAssistantController.extractCodes(List<ANY>, Map<String,Map<String,Integer>>)
07:45:34.1 (14002202)|VARIABLE_SCOPE_BEGIN|[200]|items|List<ANY>|true|false
07:45:34.1 (14022102)|VARIABLE_ASSIGNMENT|[200]|items|["Map of size 6 too large to display",{"itemType":"childProduct","maxQuantity":15,"minQuantity":0,"defaultQuantity":0,"ProductCode":"O_RES_TV_PLUS_ADDL_S (2 more) ..."},"Map of size 6 too large to display",{"itemType":"childProduct","maxQuantity":99999,"minQuantity":0,"defaultQuantity":0,"ProductCode":"O_RES_HSI_WIFI_EXTEN (3 more) ..."}]|0x5eab0d96
07:45:34.1 (14029164)|VARIABLE_SCOPE_BEGIN|[200]|limits|Map<String,Map<String,Integer>>|true|false
07:45:34.1 (14041394)|VARIABLE_ASSIGNMENT|[200]|limits|{"tv":{"maxInc":3,"maxAdd":15,"min":1},"wifi":{"maxInc":1,"maxAdd":10,"min":1},"modem":{"max":1,"min":1}}|0x2219afac
07:45:34.1 (14052175)|HEAP_ALLOCATE|[201]|Bytes:5
07:45:34.1 (14057135)|STATEMENT_EXECUTE|[200]
07:45:34.1 (14060526)|STATEMENT_EXECUTE|[201]
07:45:34.1 (14102398)|HEAP_ALLOCATE|[202]|Bytes:5
07:45:34.1 (14125319)|HEAP_ALLOCATE|[202]|Bytes:28
07:45:34.1 (14135880)|VARIABLE_SCOPE_BEGIN|[202]|obj|Object|false|false
07:45:34.1 (14146749)|VARIABLE_ASSIGNMENT|[202]|obj|"Map of size 6 too large to display"
07:45:34.1 (14151670)|STATEMENT_EXECUTE|[202]
07:45:34.1 (14154261)|STATEMENT_EXECUTE|[203]
07:45:34.1 (14158101)|VARIABLE_SCOPE_BEGIN|[203]|item|Map<String,ANY>|true|false
07:45:34.1 (14166611)|VARIABLE_ASSIGNMENT|[203]|item|"Map of size 6 too large to display"|0x146858b1
07:45:34.1 (14170782)|STATEMENT_EXECUTE|[204]
07:45:34.1 (14179951)|METHOD_ENTRY|[204]|01pdL00000Up09Z|CpeAiAssistantController.getProductCode(Map<String,ANY>)
07:45:34.1 (14192483)|VARIABLE_SCOPE_BEGIN|[233]|item|Map<String,ANY>|true|false
07:45:34.1 (14204873)|VARIABLE_ASSIGNMENT|[233]|item|"Map of size 6 too large to display"|0x146858b1
07:45:34.1 (14216464)|HEAP_ALLOCATE|[234]|Bytes:5
07:45:34.1 (14222385)|STATEMENT_EXECUTE|[233]
07:45:34.1 (14226385)|HEAP_ALLOCATE|[234]|Bytes:11
07:45:34.1 (14270727)|STATEMENT_EXECUTE|[234]
07:45:34.1 (14273996)|STATEMENT_EXECUTE|[235]
07:45:34.1 (14313740)|HEAP_ALLOCATE|[235]|Bytes:17
07:45:34.1 (14330020)|METHOD_EXIT|[204]|01pdL00000Up09Z|CpeAiAssistantController.getProductCode(Map<String,ANY>)
07:45:34.1 (14335551)|VARIABLE_SCOPE_BEGIN|[204]|code|String|false|false
07:45:34.1 (14349142)|VARIABLE_ASSIGNMENT|[204]|code|"O_RES_TV_PLUS_STB"
07:45:34.1 (14353241)|STATEMENT_EXECUTE|[205]
07:45:34.1 (14357532)|HEAP_ALLOCATE|[205]|Bytes:11
07:45:34.1 (14405684)|VARIABLE_SCOPE_BEGIN|[205]|maxQ|Integer|false|false
07:45:34.1 (14415044)|VARIABLE_ASSIGNMENT|[205]|maxQ|3
07:45:34.1 (14418875)|STATEMENT_EXECUTE|[206]
07:45:34.1 (14421786)|HEAP_ALLOCATE|[206]|Bytes:11
07:45:34.1 (14449727)|VARIABLE_SCOPE_BEGIN|[206]|minQ|Integer|false|false
07:45:34.1 (14458318)|VARIABLE_ASSIGNMENT|[206]|minQ|0
07:45:34.1 (14462148)|STATEMENT_EXECUTE|[207]
07:45:34.1 (14465568)|HEAP_ALLOCATE|[207]|Bytes:15
07:45:34.1 (14492780)|VARIABLE_SCOPE_BEGIN|[207]|defQ|Integer|false|false
07:45:34.1 (14501520)|VARIABLE_ASSIGNMENT|[207]|defQ|1
07:45:34.1 (14506480)|HEAP_ALLOCATE|[209]|Bytes:17
07:45:34.1 (14528741)|STATEMENT_EXECUTE|[209]
07:45:34.1 (14531362)|STATEMENT_EXECUTE|[210]
07:45:34.1 (14566154)|STATEMENT_EXECUTE|[211]
07:45:34.1 (14596585)|HEAP_ALLOCATE|[224]|Bytes:13
07:45:34.1 (14616796)|STATEMENT_EXECUTE|[224]
07:45:34.1 (14628337)|HEAP_ALLOCATE|[202]|Bytes:5
07:45:34.1 (14642628)|HEAP_ALLOCATE|[202]|Bytes:24
07:45:34.1 (14650838)|VARIABLE_SCOPE_BEGIN|[202]|obj|Object|false|false
07:45:34.1 (14669379)|VARIABLE_ASSIGNMENT|[202]|obj|{"itemType":"childProduct","maxQuantity":15,"minQuantity":0,"defaultQuantity":0,"ProductCode":"O_RES_TV_PLUS_ADDL_S (2 more) ..."}
07:45:34.1 (14674580)|STATEMENT_EXECUTE|[202]
07:45:34.1 (14676760)|STATEMENT_EXECUTE|[203]
07:45:34.1 (14680850)|VARIABLE_SCOPE_BEGIN|[203]|item|Map<String,ANY>|true|false
07:45:34.1 (14692991)|VARIABLE_ASSIGNMENT|[203]|item|{"itemType":"childProduct","maxQuantity":15,"minQuantity":0,"defaultQuantity":0,"ProductCode":"O_RES_TV_PLUS_ADDL_S (2 more) ..."}|0x1985ef37
07:45:34.1 (14697721)|STATEMENT_EXECUTE|[204]
07:45:34.1 (14702271)|METHOD_ENTRY|[204]|01pdL00000Up09Z|CpeAiAssistantController.getProductCode(Map<String,ANY>)
07:45:34.1 (14707211)|VARIABLE_SCOPE_BEGIN|[233]|item|Map<String,ANY>|true|false
07:45:34.1 (14719162)|VARIABLE_ASSIGNMENT|[233]|item|{"itemType":"childProduct","maxQuantity":15,"minQuantity":0,"defaultQuantity":0,"ProductCode":"O_RES_TV_PLUS_ADDL_S (2 more) ..."}|0x1985ef37
07:45:34.1 (14727953)|HEAP_ALLOCATE|[234]|Bytes:5
07:45:34.1 (14731853)|STATEMENT_EXECUTE|[233]
07:45:34.1 (14749054)|STATEMENT_EXECUTE|[234]
07:45:34.1 (14751274)|STATEMENT_EXECUTE|[235]
07:45:34.1 (14767385)|HEAP_ALLOCATE|[235]|Bytes:22
07:45:34.1 (14779585)|METHOD_EXIT|[204]|01pdL00000Up09Z|CpeAiAssistantController.getProductCode(Map<String,ANY>)
07:45:34.1 (14785786)|VARIABLE_SCOPE_BEGIN|[204]|code|String|false|false
07:45:34.1 (14794136)|VARIABLE_ASSIGNMENT|[204]|code|"O_RES_TV_PLUS_ADDL_S (2 more) ..."
07:45:34.1 (14798146)|STATEMENT_EXECUTE|[205]
07:45:34.1 (14815697)|VARIABLE_SCOPE_BEGIN|[205]|maxQ|Integer|false|false
07:45:34.1 (14823958)|VARIABLE_ASSIGNMENT|[205]|maxQ|15
07:45:34.1 (14827618)|STATEMENT_EXECUTE|[206]
07:45:34.1 (14843499)|VARIABLE_SCOPE_BEGIN|[206]|minQ|Integer|false|false
07:45:34.1 (14851139)|VARIABLE_ASSIGNMENT|[206]|minQ|0
07:45:34.1 (14855050)|STATEMENT_EXECUTE|[207]
07:45:34.1 (14871651)|VARIABLE_SCOPE_BEGIN|[207]|defQ|Integer|false|false
07:45:34.1 (14879691)|VARIABLE_ASSIGNMENT|[207]|defQ|0
07:45:34.1 (14894042)|HEAP_ALLOCATE|[212]|Bytes:22
07:45:34.1 (14901922)|STATEMENT_EXECUTE|[212]
07:45:34.1 (14904492)|STATEMENT_EXECUTE|[213]
07:45:34.1 (14945415)|STATEMENT_EXECUTE|[224]
07:45:34.1 (14954345)|HEAP_ALLOCATE|[202]|Bytes:5
07:45:34.1 (14968086)|HEAP_ALLOCATE|[202]|Bytes:28
07:45:34.1 (14976036)|VARIABLE_SCOPE_BEGIN|[202]|obj|Object|false|false
07:45:34.1 (14987497)|VARIABLE_ASSIGNMENT|[202]|obj|"Map of size 6 too large to display"
07:45:34.1 (14991427)|STATEMENT_EXECUTE|[202]
07:45:34.1 (14993547)|STATEMENT_EXECUTE|[203]
07:45:34.1 (14997137)|VARIABLE_SCOPE_BEGIN|[203]|item|Map<String,ANY>|true|false
07:45:34.1 (15005148)|VARIABLE_ASSIGNMENT|[203]|item|"Map of size 6 too large to display"|0x42711b90
07:45:34.1 (15009608)|STATEMENT_EXECUTE|[204]
07:45:34.1 (15013828)|METHOD_ENTRY|[204]|01pdL00000Up09Z|CpeAiAssistantController.getProductCode(Map<String,ANY>)
07:45:34.1 (15019899)|VARIABLE_SCOPE_BEGIN|[233]|item|Map<String,ANY>|true|false
07:45:34.1 (15027029)|VARIABLE_ASSIGNMENT|[233]|item|"Map of size 6 too large to display"|0x42711b90
07:45:34.1 (15033929)|HEAP_ALLOCATE|[234]|Bytes:5
07:45:34.1 (15037760)|STATEMENT_EXECUTE|[233]
07:45:34.1 (15054631)|STATEMENT_EXECUTE|[234]
07:45:34.1 (15056741)|STATEMENT_EXECUTE|[235]
07:45:34.1 (15073652)|HEAP_ALLOCATE|[235]|Bytes:15
07:45:34.1 (15085782)|METHOD_EXIT|[204]|01pdL00000Up09Z|CpeAiAssistantController.getProductCode(Map<String,ANY>)
07:45:34.1 (15090943)|VARIABLE_SCOPE_BEGIN|[204]|code|String|false|false
07:45:34.1 (15100983)|VARIABLE_ASSIGNMENT|[204]|code|"O_RES_HSI_MODEM"
07:45:34.1 (15104683)|STATEMENT_EXECUTE|[205]
07:45:34.1 (15122694)|VARIABLE_SCOPE_BEGIN|[205]|maxQ|Integer|false|false
07:45:34.1 (15131685)|VARIABLE_ASSIGNMENT|[205]|maxQ|99999
07:45:34.1 (15135475)|STATEMENT_EXECUTE|[206]
07:45:34.1 (15152636)|VARIABLE_SCOPE_BEGIN|[206]|minQ|Integer|false|false
07:45:34.1 (15160287)|VARIABLE_ASSIGNMENT|[206]|minQ|0
07:45:34.1 (15163967)|STATEMENT_EXECUTE|[207]
07:45:34.1 (15180178)|VARIABLE_SCOPE_BEGIN|[207]|defQ|Integer|false|false
07:45:34.1 (15188058)|VARIABLE_ASSIGNMENT|[207]|defQ|1
07:45:34.1 (15201529)|HEAP_ALLOCATE|[214]|Bytes:27
07:45:34.1 (15212719)|HEAP_ALLOCATE|[217]|Bytes:27
07:45:34.1 (15221280)|HEAP_ALLOCATE|[219]|Bytes:15
07:45:34.1 (15227420)|STATEMENT_EXECUTE|[219]
07:45:34.1 (15229580)|STATEMENT_EXECUTE|[220]
07:45:34.1 (15259202)|HEAP_ALLOCATE|[220]|Bytes:4
07:45:34.1 (15268753)|STATEMENT_EXECUTE|[221]
07:45:34.1 (15339386)|STATEMENT_EXECUTE|[224]
07:45:34.1 (15348667)|HEAP_ALLOCATE|[202]|Bytes:5
07:45:34.1 (15364678)|HEAP_ALLOCATE|[202]|Bytes:24
07:45:34.1 (15373048)|VARIABLE_SCOPE_BEGIN|[202]|obj|Object|false|false
07:45:34.1 (15389559)|VARIABLE_ASSIGNMENT|[202]|obj|{"itemType":"childProduct","maxQuantity":99999,"minQuantity":0,"defaultQuantity":0,"ProductCode":"O_RES_HSI_WIFI_EXTEN (3 more) ..."}
07:45:34.1 (15394429)|STATEMENT_EXECUTE|[202]
07:45:34.1 (15396720)|STATEMENT_EXECUTE|[203]
07:45:34.1 (15400860)|VARIABLE_SCOPE_BEGIN|[203]|item|Map<String,ANY>|true|false
07:45:34.1 (15412300)|VARIABLE_ASSIGNMENT|[203]|item|{"itemType":"childProduct","maxQuantity":99999,"minQuantity":0,"defaultQuantity":0,"ProductCode":"O_RES_HSI_WIFI_EXTEN (3 more) ..."}|0x148a6ebf
07:45:34.1 (15417191)|STATEMENT_EXECUTE|[204]
07:45:34.1 (15421871)|METHOD_ENTRY|[204]|01pdL00000Up09Z|CpeAiAssistantController.getProductCode(Map<String,ANY>)
07:45:34.1 (15427631)|VARIABLE_SCOPE_BEGIN|[233]|item|Map<String,ANY>|true|false
07:45:34.1 (15438452)|VARIABLE_ASSIGNMENT|[233]|item|{"itemType":"childProduct","maxQuantity":99999,"minQuantity":0,"defaultQuantity":0,"ProductCode":"O_RES_HSI_WIFI_EXTEN (3 more) ..."}|0x148a6ebf
07:45:34.1 (15448262)|HEAP_ALLOCATE|[234]|Bytes:5
07:45:34.1 (15454073)|STATEMENT_EXECUTE|[233]
07:45:34.1 (15479264)|STATEMENT_EXECUTE|[234]
07:45:34.1 (15483034)|STATEMENT_EXECUTE|[235]
07:45:34.1 (15507116)|HEAP_ALLOCATE|[235]|Bytes:23
07:45:34.1 (15525367)|METHOD_EXIT|[204]|01pdL00000Up09Z|CpeAiAssistantController.getProductCode(Map<String,ANY>)
07:45:34.1 (15530687)|VARIABLE_SCOPE_BEGIN|[204]|code|String|false|false
07:45:34.1 (15539848)|VARIABLE_ASSIGNMENT|[204]|code|"O_RES_HSI_WIFI_EXTEN (3 more) ..."
07:45:34.1 (15543718)|STATEMENT_EXECUTE|[205]
07:45:34.1 (15562729)|VARIABLE_SCOPE_BEGIN|[205]|maxQ|Integer|false|false
07:45:34.1 (15570859)|VARIABLE_ASSIGNMENT|[205]|maxQ|99999
07:45:34.1 (15574449)|STATEMENT_EXECUTE|[206]
07:45:34.1 (15591730)|VARIABLE_SCOPE_BEGIN|[206]|minQ|Integer|false|false
07:45:34.1 (15599591)|VARIABLE_ASSIGNMENT|[206]|minQ|0
07:45:34.1 (15603511)|STATEMENT_EXECUTE|[207]
07:45:34.1 (15619963)|VARIABLE_SCOPE_BEGIN|[207]|defQ|Integer|false|false
07:45:34.1 (15629262)|VARIABLE_ASSIGNMENT|[207]|defQ|0
07:45:34.1 (15652234)|STATEMENT_EXECUTE|[209]
07:45:34.1 (15662325)|STATEMENT_EXECUTE|[224]
07:45:34.1 (15672395)|HEAP_ALLOCATE|[202]|Bytes:5
07:45:34.1 (15688306)|VARIABLE_ASSIGNMENT|[202]|obj|null
07:45:34.1 (15698736)|METHOD_EXIT|[187]|01pdL00000Up09Z|CpeAiAssistantController.extractCodes(List<ANY>, Map<String,Map<String,Integer>>)
07:45:34.1 (15703197)|STATEMENT_EXECUTE|[189]
07:45:34.1 (15772900)|HEAP_ALLOCATE|[189]|Bytes:4
07:45:34.1 (15789581)|STATEMENT_EXECUTE|[190]
07:45:34.1 (15837004)|STATEMENT_EXECUTE|[191]
07:45:34.1 (15897747)|HEAP_ALLOCATE|[191]|Bytes:4
07:45:34.1 (15910088)|STATEMENT_EXECUTE|[192]
07:45:34.1 (15958721)|STATEMENT_EXECUTE|[193]
07:45:34.1 (16004784)|STATEMENT_EXECUTE|[194]
07:45:34.1 (16052747)|STATEMENT_EXECUTE|[197]
07:45:34.1 (16060667)|METHOD_EXIT|[74]|01pdL00000Up09Z|CpeAiAssistantController.buildRulePayload(String, String)
07:45:34.1 (16066908)|VARIABLE_SCOPE_BEGIN|[74]|rules|Map<String,Map<String,ANY>>|true|false
07:45:34.1 (16084639)|VARIABLE_ASSIGNMENT|[74]|rules|{"TV + Receiver":{"current":6,"min":0,"max":18},"Modem":{"current":"Wired","min":1,"max":1},"Wi-Fi Access Point":{"current":1,"min":1,"max":11}}|0x40700782
07:45:34.1 (16094138)|STATEMENT_EXECUTE|[77]
07:45:34.1 (16097269)|HEAP_ALLOCATE|[77]|Bytes:150
07:45:34.1 (16120410)|METHOD_ENTRY|[79]||System.JSON.serialize(Object)
07:45:34.1 (17002060)|METHOD_EXIT|[79]||System.JSON.serialize(Object)
07:45:34.1 (17010380)|HEAP_ALLOCATE|[79]|Bytes:24
07:45:34.1 (17040151)|HEAP_ALLOCATE|[80]|Bytes:29
07:45:34.1 (17052862)|HEAP_ALLOCATE|[77]|Bytes:761
07:45:34.1 (17057853)|VARIABLE_SCOPE_BEGIN|[77]|fullMessage|String|false|false
07:45:34.1 (17069213)|VARIABLE_ASSIGNMENT|[77]|fullMessage|"System Context: You  (741 more) ..."
07:45:34.1 (17074184)|STATEMENT_EXECUTE|[83]
07:45:34.1 (17077114)|HEAP_ALLOCATE|[84]|Bytes:22
07:45:34.1 (17081134)|HEAP_ALLOCATE|[85]|Bytes:21
07:45:34.1 (17119386)|HEAP_ALLOCATE|[83]|Bytes:12
07:45:34.1 (17130917)|HEAP_ALLOCATE|[83]|Bytes:58
07:45:34.1 (17143307)|SYSTEM_METHOD_ENTRY|[14]|Action.Action()
07:45:34.1 (17147088)|STATEMENT_EXECUTE|[14]
07:45:34.1 (17154978)|SYSTEM_METHOD_EXIT|[14]|Action
07:45:34.1 (17167539)|METHOD_ENTRY|[83]||Invocable.Action.createCustomAction(String, String)
07:45:34.1 (17355809)|METHOD_EXIT|[83]||Invocable.Action.createCustomAction(String, String)
07:45:34.1 (17363400)|VARIABLE_SCOPE_BEGIN|[83]|action|Invocable.Action|true|false
07:45:34.1 (17431583)|VARIABLE_ASSIGNMENT|[83]|action|{"invocations":"0x747f5066","invokeFromLightningComponent":false,"name":"CPE_Equipment_Manage (1 more) ...","type":"generatePromptRespon (2 more) ..."}|0x63910b7c
07:45:34.1 (17437604)|STATEMENT_EXECUTE|[88]
07:45:34.1 (17441764)|HEAP_ALLOCATE|[88]|Bytes:17
07:45:34.1 (17466455)|METHOD_ENTRY|[88]||Invocable.Action.setInvocationParameter(String, Object)
07:45:34.1 (17744891)|METHOD_EXIT|[88]||Invocable.Action.setInvocationParameter(String, Object)
07:45:34.1 (17750871)|STATEMENT_EXECUTE|[90]
07:45:34.1 (17760032)|METHOD_ENTRY|[90]||Invocable.Action.invoke()
07:45:37.123 (3123824516)|METHOD_EXIT|[90]||Invocable.Action.invoke()
07:45:37.123 (3123851868)|VARIABLE_SCOPE_BEGIN|[90]|results|List<Invocable.Action.Result>|true|false
07:45:37.123 (3123929732)|VARIABLE_ASSIGNMENT|[90]|results|[{"action":"0x63910b7c","errors":"0xbc148cc","invocationParameters":"0x1a222460","outputParameters":"0x50dcef82","success":true}]|0x3e8002a9
07:45:37.123 (3123967364)|STATEMENT_EXECUTE|[92]
07:45:37.123 (3123971914)|STATEMENT_EXECUTE|[96]
07:45:37.123 (3123983885)|HEAP_ALLOCATE|[96]|Bytes:24
07:45:37.123 (3123993186)|VARIABLE_SCOPE_BEGIN|[96]|result|Invocable.Action.Result|true|false
07:45:37.123 (3124014108)|VARIABLE_ASSIGNMENT|[96]|result|{"action":"0x63910b7c","errors":"0xbc148cc","invocationParameters":"0x1a222460","outputParameters":"0x50dcef82","success":true}|0x3f06aa9d
07:45:37.123 (3124038949)|METHOD_ENTRY|[98]||Invocable.Action.Result.isSuccess()
07:45:37.123 (3124063499)|METHOD_EXIT|[98]||Invocable.Action.Result.isSuccess()
07:45:37.123 (3124070040)|STATEMENT_EXECUTE|[98]
07:45:37.123 (3124072880)|STATEMENT_EXECUTE|[104]
07:45:37.123 (3124080191)|METHOD_ENTRY|[104]||Invocable.Action.Result.getOutputParameters()
07:45:37.123 (3124098592)|METHOD_EXIT|[104]||Invocable.Action.Result.getOutputParameters()
07:45:37.123 (3124104652)|VARIABLE_SCOPE_BEGIN|[104]|outputs|Map<String,ANY>|true|false
07:45:37.123 (3124124243)|VARIABLE_ASSIGNMENT|[104]|outputs|{"promptResponse":"{\n  \"message\": \"Adde (187 more) ..."}|0x50dcef82
07:45:37.123 (3124130223)|STATEMENT_EXECUTE|[105]
07:45:37.123 (3124132903)|STATEMENT_EXECUTE|[110]
07:45:37.123 (3124136474)|HEAP_ALLOCATE|[110]|Bytes:14
07:45:37.123 (3124167385)|VARIABLE_SCOPE_BEGIN|[110]|promptRespObj|Object|false|false
07:45:37.123 (3124178957)|VARIABLE_ASSIGNMENT|[110]|promptRespObj|"{\n  \"message\": \"Adde (187 more) ..."
07:45:37.123 (3124183117)|STATEMENT_EXECUTE|[111]
07:45:37.123 (3124188157)|VARIABLE_SCOPE_BEGIN|[111]|rawResponse|String|false|false
07:45:37.123 (3124196547)|VARIABLE_ASSIGNMENT|[111]|rawResponse|null
07:45:37.123 (3124201267)|STATEMENT_EXECUTE|[113]
07:45:37.123 (3124203527)|STATEMENT_EXECUTE|[114]
07:45:37.123 (3124233049)|HEAP_ALLOCATE|[114]|Bytes:207
07:45:37.123 (3124248730)|VARIABLE_ASSIGNMENT|[114]|rawResponse|"{\n  \"message\": \"Adde (187 more) ..."
07:45:37.123 (3124273242)|STATEMENT_EXECUTE|[119]
07:45:37.123 (3124275922)|STATEMENT_EXECUTE|[123]
07:45:37.123 (3124278981)|VARIABLE_SCOPE_BEGIN|[123]|cleanResponse|String|false|false
07:45:37.123 (3124287742)|VARIABLE_ASSIGNMENT|[123]|cleanResponse|null
07:45:37.123 (3124291592)|STATEMENT_EXECUTE|[124]
07:45:37.123 (3124293662)|STATEMENT_EXECUTE|[124]
07:45:37.123 (3124295643)|STATEMENT_EXECUTE|[125]
07:45:37.123 (3124304764)|METHOD_ENTRY|[125]||System.JSON.deserializeUntyped(String)
07:45:37.123 (3124712076)|METHOD_EXIT|[125]||System.JSON.deserializeUntyped(String)
07:45:37.123 (3124723296)|VARIABLE_SCOPE_BEGIN|[125]|parsed|Map<String,ANY>|true|false
07:45:37.123 (3124749697)|VARIABLE_ASSIGNMENT|[125]|parsed|{"message":"Added 2 TV + Receive (73 more) ...","newState":{"TV + Receiver":8,"Modem":"Wired","Wi-Fi Access Point":1}}|0x6ec07a34
07:45:37.123 (3124757079)|HEAP_ALLOCATE|[126]|Bytes:5
07:45:37.123 (3124787860)|STATEMENT_EXECUTE|[128]
07:45:37.123 (3124790900)|STATEMENT_EXECUTE|[129]
07:45:37.123 (3124797991)|VARIABLE_ASSIGNMENT|[129]|cleanResponse|"{\n  \"message\": \"Adde (187 more) ..."
07:45:37.123 (3124804361)|STATEMENT_EXECUTE|[135]
07:45:37.123 (3124806562)|STATEMENT_EXECUTE|[136]
07:45:37.123 (3124810792)|HEAP_ALLOCATE|[136]|Bytes:3
07:45:37.123 (3124820861)|HEAP_ALLOCATE|[136]|Bytes:1
07:45:37.123 (3124876855)|HEAP_ALLOCATE|[136]|Bytes:207
07:45:37.123 (3124893436)|VARIABLE_ASSIGNMENT|[136]|cleanResponse|"{\n  \"message\": \"Adde (187 more) ..."
07:45:37.123 (3124898127)|STATEMENT_EXECUTE|[137]
07:45:37.123 (3124901297)|HEAP_ALLOCATE|[137]|Bytes:2
07:45:37.123 (3124924307)|HEAP_ALLOCATE|[137]|Bytes:207
07:45:37.123 (3124938388)|VARIABLE_ASSIGNMENT|[137]|cleanResponse|"{\n  \"message\": \"Adde (187 more) ..."
07:45:37.123 (3124942889)|STATEMENT_EXECUTE|[138]
07:45:37.123 (3124946009)|HEAP_ALLOCATE|[138]|Bytes:3
07:45:37.123 (3124950090)|HEAP_ALLOCATE|[138]|Bytes:1
07:45:37.123 (3124969841)|HEAP_ALLOCATE|[138]|Bytes:207
07:45:37.123 (3124983621)|VARIABLE_ASSIGNMENT|[138]|cleanResponse|"{\n  \"message\": \"Adde (187 more) ..."
07:45:37.123 (3124988082)|STATEMENT_EXECUTE|[142]
07:45:37.123 (3125001332)|METHOD_ENTRY|[142]|01pdL00000Up09Z|CpeAiAssistantController.parseAndValidateAgentResponse(String, Map<String,Map<String,ANY>>)
07:45:37.123 (3125014343)|VARIABLE_SCOPE_BEGIN|[261]|rawResponse|String|false|false
07:45:37.123 (3125022953)|VARIABLE_ASSIGNMENT|[261]|rawResponse|"{\n  \"message\": \"Adde (187 more) ..."
07:45:37.123 (3125027054)|VARIABLE_SCOPE_BEGIN|[261]|rules|Map<String,Map<String,ANY>>|true|false
07:45:37.123 (3125044194)|VARIABLE_ASSIGNMENT|[261]|rules|{"TV + Receiver":{"current":6,"min":0,"max":18},"Modem":{"current":"Wired","min":1,"max":1},"Wi-Fi Access Point":{"current":1,"min":1,"max":11}}|0x40700782
07:45:37.123 (3125058826)|HEAP_ALLOCATE|[262]|Bytes:5
07:45:37.123 (3125064016)|STATEMENT_EXECUTE|[261]
07:45:37.123 (3125067166)|STATEMENT_EXECUTE|[262]
07:45:37.123 (3125077697)|HEAP_ALLOCATE|[262]|Bytes:4
07:45:37.123 (3125086617)|VARIABLE_SCOPE_BEGIN|[262]|finalResponse|Map<String,ANY>|true|false
07:45:37.123 (3125096608)|VARIABLE_ASSIGNMENT|[262]|finalResponse|{}|0x2b92cfc2
07:45:37.123 (3125101538)|STATEMENT_EXECUTE|[264]
07:45:37.123 (3125103757)|STATEMENT_EXECUTE|[264]
07:45:37.123 (3125105828)|STATEMENT_EXECUTE|[265]
07:45:37.123 (3125111938)|METHOD_ENTRY|[265]||System.JSON.deserializeUntyped(String)
07:45:37.123 (3125378483)|METHOD_EXIT|[265]||System.JSON.deserializeUntyped(String)
07:45:37.123 (3125387884)|VARIABLE_SCOPE_BEGIN|[265]|parsed|Map<String,ANY>|true|false
07:45:37.123 (3125406625)|VARIABLE_ASSIGNMENT|[265]|parsed|{"message":"Added 2 TV + Receive (73 more) ...","newState":{"TV + Receiver":8,"Modem":"Wired","Wi-Fi Access Point":1}}|0x25730952
07:45:37.123 (3125412935)|HEAP_ALLOCATE|[267]|Bytes:8
07:45:37.123 (3125438927)|STATEMENT_EXECUTE|[267]
07:45:37.123 (3125441627)|STATEMENT_EXECUTE|[268]
07:45:37.123 (3125468968)|VARIABLE_SCOPE_BEGIN|[268]|newStateRaw|Map<String,ANY>|true|false
07:45:37.123 (3125482779)|VARIABLE_ASSIGNMENT|[268]|newStateRaw|{"TV + Receiver":8,"Modem":"Wired","Wi-Fi Access Point":1}|0x18a22ee1
07:45:37.123 (3125488329)|STATEMENT_EXECUTE|[269]
07:45:37.123 (3125494960)|HEAP_ALLOCATE|[269]|Bytes:4
07:45:37.123 (3125502300)|VARIABLE_SCOPE_BEGIN|[269]|normalizedState|Map<String,ANY>|true|false
07:45:37.123 (3125511501)|VARIABLE_ASSIGNMENT|[269]|normalizedState|{}|0x588398b7
07:45:37.123 (3125516171)|STATEMENT_EXECUTE|[271]
07:45:37.123 (3125520041)|VARIABLE_SCOPE_BEGIN|[271]|changedCpeCount|Integer|false|false
07:45:37.123 (3125527091)|HEAP_ALLOCATE|[271]|Bytes:4
07:45:37.123 (3125533432)|VARIABLE_ASSIGNMENT|[271]|changedCpeCount|0
07:45:37.123 (3125569834)|HEAP_ALLOCATE|[273]|Bytes:52
07:45:37.123 (3125609286)|HEAP_ALLOCATE|[273]|Bytes:5
07:45:37.123 (3125646558)|VARIABLE_SCOPE_BEGIN|[273]|key|String|false|false
07:45:37.123 (3125656319)|VARIABLE_ASSIGNMENT|[273]|key|"TV + Receiver"
07:45:37.123 (3125661749)|STATEMENT_EXECUTE|[273]
07:45:37.123 (3125664279)|STATEMENT_EXECUTE|[274]
07:45:37.123 (3125671680)|METHOD_ENTRY|[274]|01pdL00000Up09Z|CpeAiAssistantController.normalizeProductName(String)
07:45:37.123 (3125680820)|VARIABLE_SCOPE_BEGIN|[252]|rawName|String|false|false
07:45:37.123 (3125689070)|VARIABLE_ASSIGNMENT|[252]|rawName|"TV + Receiver"
07:45:37.123 (3125698611)|HEAP_ALLOCATE|[253]|Bytes:5
07:45:37.123 (3125703281)|STATEMENT_EXECUTE|[252]
07:45:37.123 (3125721512)|STATEMENT_EXECUTE|[253]
07:45:37.123 (3125723712)|STATEMENT_EXECUTE|[254]
07:45:37.123 (3125734473)|HEAP_ALLOCATE|[254]|Bytes:13
07:45:37.123 (3125744184)|VARIABLE_SCOPE_BEGIN|[254]|lower|String|false|false
07:45:37.123 (3125753944)|VARIABLE_ASSIGNMENT|[254]|lower|"tv + receiver"
07:45:37.123 (3125772235)|STATEMENT_EXECUTE|[255]
07:45:37.123 (3125781446)|METHOD_EXIT|[274]|01pdL00000Up09Z|CpeAiAssistantController.normalizeProductName(String)
07:45:37.123 (3125787126)|VARIABLE_SCOPE_BEGIN|[274]|normKey|String|false|false
07:45:37.123 (3125795296)|VARIABLE_ASSIGNMENT|[274]|normKey|"TV + Receiver"
07:45:37.123 (3125818098)|HEAP_ALLOCATE|[276]|Bytes:17
07:45:37.123 (3125845059)|STATEMENT_EXECUTE|[276]
07:45:37.123 (3125847739)|STATEMENT_EXECUTE|[277]
07:45:37.123 (3125869090)|VARIABLE_SCOPE_BEGIN|[277]|qty|Integer|false|false
07:45:37.123 (3125878491)|VARIABLE_ASSIGNMENT|[277]|qty|8
07:45:37.123 (3125899472)|STATEMENT_EXECUTE|[279]
07:45:37.123 (3125902062)|STATEMENT_EXECUTE|[280]
07:45:37.123 (3125905762)|VARIABLE_SCOPE_BEGIN|[280]|current|Integer|false|false
07:45:37.123 (3125911703)|HEAP_ALLOCATE|[280]|Bytes:4
07:45:37.123 (3125918233)|VARIABLE_ASSIGNMENT|[280]|current|0
07:45:37.123 (3125958745)|STATEMENT_EXECUTE|[281]
07:45:37.123 (3125961726)|STATEMENT_EXECUTE|[282]
07:45:37.123 (3125993737)|VARIABLE_ASSIGNMENT|[282]|current|6
07:45:37.123 (3126000038)|STATEMENT_EXECUTE|[284]
07:45:37.123 (3126036240)|VARIABLE_SCOPE_BEGIN|[284]|max|Integer|false|false
07:45:37.123 (3126045530)|VARIABLE_ASSIGNMENT|[284]|max|18
07:45:37.123 (3126052071)|STATEMENT_EXECUTE|[285]
07:45:37.123 (3126095643)|VARIABLE_SCOPE_BEGIN|[285]|min|Integer|false|false
07:45:37.123 (3126110564)|VARIABLE_ASSIGNMENT|[285]|min|0
07:45:37.123 (3126122875)|STATEMENT_EXECUTE|[287]
07:45:37.123 (3126127125)|STATEMENT_EXECUTE|[295]
07:45:37.123 (3126130035)|STATEMENT_EXECUTE|[296]
07:45:37.123 (3126135665)|VARIABLE_SCOPE_BEGIN|[296]|required|Integer|false|false
07:45:37.123 (3126143076)|HEAP_ALLOCATE|[296]|Bytes:4
07:45:37.123 (3126151206)|VARIABLE_ASSIGNMENT|[296]|required|2
07:45:37.123 (3126156576)|STATEMENT_EXECUTE|[297]
07:45:37.123 (3126175727)|HEAP_ALLOCATE|[297]|Bytes:9
07:45:37.123 (3126183458)|VARIABLE_SCOPE_BEGIN|[297]|prodCode|String|false|false
07:45:37.123 (3126195879)|VARIABLE_ASSIGNMENT|[297]|prodCode|"REC-TV-01"
07:45:37.123 (3126202219)|STATEMENT_EXECUTE|[298]
07:45:37.123 (3126205209)|STATEMENT_EXECUTE|[299]
07:45:37.123 (3126220060)|METHOD_ENTRY|[299]|01pdL00000Up09Z|CpeAiAssistantController.getVanStock(String)
07:45:37.123 (3126239261)|VARIABLE_SCOPE_BEGIN|[396]|productCode|String|false|false
07:45:37.123 (3126251392)|VARIABLE_ASSIGNMENT|[396]|productCode|"REC-TV-01"
07:45:37.123 (3126264392)|HEAP_ALLOCATE|[397]|Bytes:5
07:45:37.123 (3126270283)|STATEMENT_EXECUTE|[396]
07:45:37.123 (3126273573)|STATEMENT_EXECUTE|[397]
07:45:37.123 (3126276353)|STATEMENT_EXECUTE|[397]
07:45:37.123 (3126279323)|STATEMENT_EXECUTE|[398]
07:45:37.123 (3126289144)|METHOD_ENTRY|[398]|01pdL00000Up09Z|CpeAiAssistantController.getMyServiceResource()
07:45:37.123 (3126457453)|HEAP_ALLOCATE|[552]|Bytes:5
07:45:37.123 (3126465854)|STATEMENT_EXECUTE|[551]
07:45:37.123 (3126468794)|STATEMENT_EXECUTE|[552]
07:45:37.123 (3126472054)|HEAP_ALLOCATE|[552]|Bytes:163
07:45:37.123 (3126484395)|HEAP_ALLOCATE|[552]|Bytes:4
07:45:37.123 (3126491435)|HEAP_ALLOCATE|[552]|Bytes:7
07:45:37.123 (3126543918)|HEAP_ALLOCATE|[555]|Bytes:105
07:45:37.123 (3126558879)|SYSTEM_METHOD_ENTRY|[1]|UserInfo.UserInfo()
07:45:37.123 (3126562639)|STATEMENT_EXECUTE|[1]
07:45:37.123 (3126573050)|SYSTEM_METHOD_EXIT|[1]|UserInfo
07:45:37.123 (3126582960)|METHOD_ENTRY|[555]||System.UserInfo.getUserId()
07:45:37.123 (3126616422)|METHOD_EXIT|[555]||System.UserInfo.getUserId()
07:45:37.123 (3129874354)|SOQL_EXECUTE_BEGIN|[552]|Aggregations:0|SELECT Id, LocationId, LastKnownLocation, LastKnownLatitude, LastKnownLongitude FROM ServiceResource WHERE (RelatedRecordId = :tmpVar1 AND IsActive = TRUE) LIMIT 1
07:45:37.123 (3143063840)|SOQL_EXECUTE_END|[552]|Rows:1
07:45:37.123 (3143109442)|HEAP_ALLOCATE|[552]|Bytes:8
07:45:37.123 (3143143484)|HEAP_ALLOCATE|[552]|Bytes:201
07:45:37.123 (3143240289)|HEAP_ALLOCATE|[552]|Bytes:8
07:45:37.123 (3143263702)|VARIABLE_SCOPE_BEGIN|[552]|srs|List<ServiceResource>|true|false
07:45:37.123 (3143472033)|VARIABLE_ASSIGNMENT|[552]|srs|[{"LocationId":"131dL000000OKGvQAO","Id":"0HndL000000MjRVSA0","LastKnownLocation":{"latitude":0.0,"longitude":0.0},"LastKnownLatitude":0E-15,"LastKnownLongitude":0E-15}]|0x51cb5b13
07:45:37.123 (3143481454)|STATEMENT_EXECUTE|[558]
07:45:37.123 (3143657583)|HEAP_ALLOCATE|[558]|Bytes:24
07:45:37.123 (3143676885)|METHOD_EXIT|[398]|01pdL00000Up09Z|CpeAiAssistantController.getMyServiceResource()
07:45:37.123 (3143684105)|VARIABLE_SCOPE_BEGIN|[398]|sr|ServiceResource|true|false
07:45:37.123 (3143738428)|VARIABLE_ASSIGNMENT|[398]|sr|{"LocationId":"131dL000000OKGvQAO","Id":"0HndL000000MjRVSA0","LastKnownLocation":{"latitude":0.0,"longitude":0.0},"LastKnownLatitude":0E-15,"LastKnownLongitude":0E-15}|0x61389919
07:45:37.123 (3143777399)|STATEMENT_EXECUTE|[399]
07:45:37.123 (3143780310)|STATEMENT_EXECUTE|[400]
07:45:37.123 (3143785320)|HEAP_ALLOCATE|[400]|Bytes:112
07:45:37.123 (3143805881)|HEAP_ALLOCATE|[400]|Bytes:4
07:45:37.123 (3143827103)|HEAP_ALLOCATE|[400]|Bytes:7
07:45:37.123 (3146466680)|SOQL_EXECUTE_BEGIN|[400]|Aggregations:0|SELECT QuantityOnHand FROM ProductItem WHERE (LocationId = :tmpVar1 AND Product2.ProductCode = :tmpVar2) LIMIT 1
07:45:37.123 (3159572612)|SOQL_EXECUTE_END|[400]|Rows:0
07:45:37.123 (3159623535)|HEAP_ALLOCATE|[400]|Bytes:4
07:45:37.123 (3159645925)|HEAP_ALLOCATE|[400]|Bytes:0
07:45:37.123 (3159772923)|HEAP_ALLOCATE|[400]|Bytes:4
07:45:37.123 (3159795784)|VARIABLE_SCOPE_BEGIN|[400]|items|List<ProductItem>|true|false
07:45:37.123 (3159822076)|VARIABLE_ASSIGNMENT|[400]|items|[]|0x97a0376
07:45:37.123 (3159935192)|STATEMENT_EXECUTE|[406]
07:45:37.123 (3159964544)|STATEMENT_EXECUTE|[412]
07:45:37.123 (3159969654)|HEAP_ALLOCATE|[412]|Bytes:4
07:45:37.123 (3159989695)|METHOD_EXIT|[299]|01pdL00000Up09Z|CpeAiAssistantController.getVanStock(String)
07:45:37.123 (3159998856)|VARIABLE_SCOPE_BEGIN|[299]|vanStock|Integer|false|false
07:45:37.123 (3160007616)|HEAP_ALLOCATE|[299]|Bytes:4
07:45:37.123 (3160019277)|VARIABLE_ASSIGNMENT|[299]|vanStock|5
07:45:37.123 (3160032108)|STATEMENT_EXECUTE|[300]
07:45:37.123 (3160035728)|STATEMENT_EXECUTE|[307]
07:45:37.123 (3160097051)|HEAP_ALLOCATE|[EXTERNAL]|Bytes:-4
07:45:37.123 (3160143614)|STATEMENT_EXECUTE|[309]
07:45:37.123 (3160145864)|STATEMENT_EXECUTE|[310]
07:45:37.123 (3160149004)|HEAP_ALLOCATE|[310]|Bytes:4
07:45:37.123 (3160157254)|VARIABLE_ASSIGNMENT|[310]|changedCpeCount|1
07:45:37.123 (3160187436)|HEAP_ALLOCATE|[273]|Bytes:5
07:45:37.123 (3160207647)|VARIABLE_SCOPE_BEGIN|[273]|key|String|false|false
07:45:37.123 (3160220988)|VARIABLE_ASSIGNMENT|[273]|key|"Modem"
07:45:37.123 (3160225818)|STATEMENT_EXECUTE|[273]
07:45:37.123 (3160228128)|STATEMENT_EXECUTE|[274]
07:45:37.123 (3160235319)|METHOD_ENTRY|[274]|01pdL00000Up09Z|CpeAiAssistantController.normalizeProductName(String)
07:45:37.123 (3160241819)|VARIABLE_SCOPE_BEGIN|[252]|rawName|String|false|false
07:45:37.123 (3160249510)|VARIABLE_ASSIGNMENT|[252]|rawName|"Modem"
07:45:37.123 (3160262460)|HEAP_ALLOCATE|[253]|Bytes:5
07:45:37.123 (3160267121)|STATEMENT_EXECUTE|[252]
07:45:37.123 (3160290892)|STATEMENT_EXECUTE|[253]
07:45:37.123 (3160293242)|STATEMENT_EXECUTE|[254]
07:45:37.123 (3160304033)|HEAP_ALLOCATE|[254]|Bytes:5
07:45:37.123 (3160313563)|VARIABLE_SCOPE_BEGIN|[254]|lower|String|false|false
07:45:37.123 (3160321874)|VARIABLE_ASSIGNMENT|[254]|lower|"modem"
07:45:37.123 (3160349775)|STATEMENT_EXECUTE|[255]
07:45:37.123 (3160409848)|STATEMENT_EXECUTE|[256]
07:45:37.123 (3160423739)|STATEMENT_EXECUTE|[257]
07:45:37.123 (3160430740)|METHOD_EXIT|[274]|01pdL00000Up09Z|CpeAiAssistantController.normalizeProductName(String)
07:45:37.123 (3160436600)|VARIABLE_SCOPE_BEGIN|[274]|normKey|String|false|false
07:45:37.123 (3160444950)|VARIABLE_ASSIGNMENT|[274]|normKey|"Modem"
07:45:37.123 (3160499123)|HEAP_ALLOCATE|[315]|Bytes:16
07:45:37.123 (3160514064)|STATEMENT_EXECUTE|[315]
07:45:37.123 (3160516574)|STATEMENT_EXECUTE|[317]
07:45:37.123 (3160542416)|HEAP_ALLOCATE|[EXTERNAL]|Bytes:-4
07:45:37.123 (3160549566)|STATEMENT_EXECUTE|[318]
07:45:37.123 (3160554086)|VARIABLE_SCOPE_BEGIN|[318]|currentStr|String|false|false
07:45:37.123 (3160563017)|VARIABLE_ASSIGNMENT|[318]|currentStr|""
07:45:37.123 (3160618980)|STATEMENT_EXECUTE|[319]
07:45:37.123 (3160621940)|STATEMENT_EXECUTE|[320]
07:45:37.123 (3160656222)|VARIABLE_ASSIGNMENT|[320]|currentStr|"Wired"
07:45:37.123 (3160686744)|HEAP_ALLOCATE|[322]|Bytes:5
07:45:37.123 (3160701725)|STATEMENT_EXECUTE|[322]
07:45:37.123 (3160711965)|HEAP_ALLOCATE|[273]|Bytes:5
07:45:37.123 (3160724146)|VARIABLE_SCOPE_BEGIN|[273]|key|String|false|false
07:45:37.123 (3160733076)|VARIABLE_ASSIGNMENT|[273]|key|"Wi-Fi Access Point"
07:45:37.123 (3160737077)|STATEMENT_EXECUTE|[273]
07:45:37.123 (3160739367)|STATEMENT_EXECUTE|[274]
07:45:37.123 (3160743567)|METHOD_ENTRY|[274]|01pdL00000Up09Z|CpeAiAssistantController.normalizeProductName(String)
07:45:37.123 (3160748487)|VARIABLE_SCOPE_BEGIN|[252]|rawName|String|false|false
07:45:37.123 (3160755588)|VARIABLE_ASSIGNMENT|[252]|rawName|"Wi-Fi Access Point"
07:45:37.123 (3160763948)|HEAP_ALLOCATE|[253]|Bytes:5
07:45:37.123 (3160767748)|STATEMENT_EXECUTE|[252]
07:45:37.123 (3160781639)|STATEMENT_EXECUTE|[253]
07:45:37.123 (3160783779)|STATEMENT_EXECUTE|[254]
07:45:37.123 (3160791630)|HEAP_ALLOCATE|[254]|Bytes:18
07:45:37.123 (3160801500)|VARIABLE_SCOPE_BEGIN|[254]|lower|String|false|false
07:45:37.123 (3160810871)|VARIABLE_ASSIGNMENT|[254]|lower|"wi-fi access point"
07:45:37.123 (3160835712)|STATEMENT_EXECUTE|[255]
07:45:37.123 (3160848243)|STATEMENT_EXECUTE|[256]
07:45:37.123 (3160853883)|METHOD_EXIT|[274]|01pdL00000Up09Z|CpeAiAssistantController.normalizeProductName(String)
07:45:37.123 (3160859223)|VARIABLE_SCOPE_BEGIN|[274]|normKey|String|false|false
07:45:37.123 (3160866994)|VARIABLE_ASSIGNMENT|[274]|normKey|"Wi-Fi Access Point"
07:45:37.123 (3160884575)|STATEMENT_EXECUTE|[276]
07:45:37.123 (3160886995)|STATEMENT_EXECUTE|[277]
07:45:37.123 (3160897616)|VARIABLE_SCOPE_BEGIN|[277]|qty|Integer|false|false
07:45:37.123 (3160906116)|VARIABLE_ASSIGNMENT|[277]|qty|1
07:45:37.123 (3160919307)|STATEMENT_EXECUTE|[279]
07:45:37.123 (3160921747)|STATEMENT_EXECUTE|[280]
07:45:37.123 (3160924807)|VARIABLE_SCOPE_BEGIN|[280]|current|Integer|false|false
07:45:37.123 (3160929907)|HEAP_ALLOCATE|[280]|Bytes:4
07:45:37.123 (3160936238)|VARIABLE_ASSIGNMENT|[280]|current|0
07:45:37.123 (3160965850)|STATEMENT_EXECUTE|[281]
07:45:37.123 (3160968229)|STATEMENT_EXECUTE|[282]
07:45:37.123 (3160990151)|VARIABLE_ASSIGNMENT|[282]|current|1
07:45:37.123 (3160994652)|STATEMENT_EXECUTE|[284]
07:45:37.123 (3161013832)|VARIABLE_SCOPE_BEGIN|[284]|max|Integer|false|false
07:45:37.123 (3161022382)|VARIABLE_ASSIGNMENT|[284]|max|11
07:45:37.123 (3161026193)|STATEMENT_EXECUTE|[285]
07:45:37.123 (3161045655)|VARIABLE_SCOPE_BEGIN|[285]|min|Integer|false|false
07:45:37.123 (3161054954)|VARIABLE_ASSIGNMENT|[285]|min|1
07:45:37.123 (3161062285)|STATEMENT_EXECUTE|[287]
07:45:37.123 (3161065645)|STATEMENT_EXECUTE|[295]
07:45:37.123 (3161067845)|STATEMENT_EXECUTE|[307]
07:45:37.123 (3161078857)|HEAP_ALLOCATE|[EXTERNAL]|Bytes:-4
07:45:37.123 (3161086866)|STATEMENT_EXECUTE|[309]
07:45:37.123 (3161096167)|HEAP_ALLOCATE|[273]|Bytes:5
07:45:37.123 (3161109027)|VARIABLE_ASSIGNMENT|[273]|key|null
07:45:37.123 (3161152450)|HEAP_ALLOCATE|[329]|Bytes:52
07:45:37.123 (3161183241)|HEAP_ALLOCATE|[329]|Bytes:5
07:45:37.123 (3161196492)|VARIABLE_SCOPE_BEGIN|[329]|ruleKey|String|false|false
07:45:37.123 (3161206024)|VARIABLE_ASSIGNMENT|[329]|ruleKey|"TV + Receiver"
07:45:37.123 (3161210243)|STATEMENT_EXECUTE|[329]
07:45:37.123 (3161230404)|STATEMENT_EXECUTE|[330]
07:45:37.123 (3161238524)|HEAP_ALLOCATE|[329]|Bytes:5
07:45:37.123 (3161250765)|VARIABLE_SCOPE_BEGIN|[329]|ruleKey|String|false|false
07:45:37.123 (3161259156)|VARIABLE_ASSIGNMENT|[329]|ruleKey|"Modem"
07:45:37.123 (3161262827)|STATEMENT_EXECUTE|[329]
07:45:37.123 (3161273067)|STATEMENT_EXECUTE|[330]
07:45:37.123 (3161280437)|HEAP_ALLOCATE|[329]|Bytes:5
07:45:37.123 (3161291047)|VARIABLE_SCOPE_BEGIN|[329]|ruleKey|String|false|false
07:45:37.123 (3161299088)|VARIABLE_ASSIGNMENT|[329]|ruleKey|"Wi-Fi Access Point"
07:45:37.123 (3161302618)|STATEMENT_EXECUTE|[329]
07:45:37.123 (3161312099)|STATEMENT_EXECUTE|[330]
07:45:37.123 (3161319310)|HEAP_ALLOCATE|[329]|Bytes:5
07:45:37.123 (3161330220)|VARIABLE_ASSIGNMENT|[329]|ruleKey|null
07:45:37.123 (3161334740)|STATEMENT_EXECUTE|[335]
07:45:37.123 (3161354941)|HEAP_ALLOCATE|[EXTERNAL]|Bytes:-4
07:45:37.123 (3161362321)|STATEMENT_EXECUTE|[338]
07:45:37.123 (3161377362)|HEAP_ALLOCATE|[338]|Bytes:4
07:45:37.123 (3161402955)|VARIABLE_SCOPE_BEGIN|[338]|stateChanges|List<Map<String,ANY>>|true|false
07:45:37.123 (3161422956)|HEAP_ALLOCATE|[EXTERNAL]|Bytes:4
07:45:37.123 (3161434945)|VARIABLE_ASSIGNMENT|[338]|stateChanges|[]|0x39e2b327
07:45:37.123 (3161459647)|HEAP_ALLOCATE|[339]|Bytes:52
07:45:37.123 (3161482108)|HEAP_ALLOCATE|[339]|Bytes:5
07:45:37.123 (3161494109)|VARIABLE_SCOPE_BEGIN|[339]|key|String|false|false
07:45:37.123 (3161504019)|VARIABLE_ASSIGNMENT|[339]|key|"TV + Receiver"
07:45:37.123 (3161508530)|STATEMENT_EXECUTE|[339]
07:45:37.123 (3161527481)|STATEMENT_EXECUTE|[340]
07:45:37.123 (3161530012)|STATEMENT_EXECUTE|[341]
07:45:37.123 (3161550662)|VARIABLE_SCOPE_BEGIN|[341]|newVal|Object|false|false
07:45:37.123 (3161560622)|VARIABLE_ASSIGNMENT|[341]|newVal|8
07:45:37.123 (3161564764)|STATEMENT_EXECUTE|[342]
07:45:37.123 (3161598365)|VARIABLE_SCOPE_BEGIN|[342]|curVal|Object|false|false
07:45:37.123 (3161608816)|VARIABLE_ASSIGNMENT|[342]|curVal|6
07:45:37.123 (3161678610)|STATEMENT_EXECUTE|[344]
07:45:37.123 (3161681660)|STATEMENT_EXECUTE|[345]
07:45:37.123 (3161690210)|HEAP_ALLOCATE|[345]|Bytes:4
07:45:37.123 (3161699131)|HEAP_ALLOCATE|[346]|Bytes:5
07:45:37.123 (3161725751)|HEAP_ALLOCATE|[346]|Bytes:13
07:45:37.123 (3161761163)|HEAP_ALLOCATE|[347]|Bytes:11
07:45:37.123 (3161782416)|HEAP_ALLOCATE|[348]|Bytes:8
07:45:37.123 (3161800966)|HEAP_ALLOCATE|[349]|Bytes:8
07:45:37.123 (3161815846)|HEAP_ALLOCATE|[350]|Bytes:5
07:45:37.123 (3161842069)|HEAP_ALLOCATE|[345]|Bytes:4
07:45:37.123 (3161854110)|VARIABLE_SCOPE_BEGIN|[345]|change|Map<String,ANY>|true|false
07:45:37.123 (3161886040)|VARIABLE_ASSIGNMENT|[345]|change|{"label":"TV + RECEIVER","productCode":"O_RES_TV_PLUS_STB","oldUnits":6,"newUnits":8,"units":2}|0x4b53a5e9
07:45:37.123 (3161939803)|STATEMENT_EXECUTE|[353]
07:45:37.123 (3161942384)|STATEMENT_EXECUTE|[354]
07:45:37.123 (3161945345)|HEAP_ALLOCATE|[354]|Bytes:14
07:45:37.123 (3161984007)|HEAP_ALLOCATE|[354]|Bytes:4
07:45:37.123 (3161991736)|HEAP_ALLOCATE|[EXTERNAL]|Bytes:-4
07:45:37.123 (3161998628)|STATEMENT_EXECUTE|[357]
07:45:37.123 (3162009148)|VARIABLE_SCOPE_BEGIN|[357]|curQty|Integer|false|false
07:45:37.123 (3162018338)|VARIABLE_ASSIGNMENT|[357]|curQty|6
07:45:37.123 (3162022089)|STATEMENT_EXECUTE|[358]
07:45:37.123 (3162031669)|VARIABLE_SCOPE_BEGIN|[358]|newQty|Integer|false|false
07:45:37.123 (3162039520)|VARIABLE_ASSIGNMENT|[358]|newQty|8
07:45:37.123 (3162043339)|STATEMENT_EXECUTE|[359]
07:45:37.123 (3162046550)|VARIABLE_SCOPE_BEGIN|[359]|diff|Integer|false|false
07:45:37.123 (3162051740)|HEAP_ALLOCATE|[359]|Bytes:4
07:45:37.123 (3162057951)|VARIABLE_ASSIGNMENT|[359]|diff|2
07:45:37.123 (3162061921)|STATEMENT_EXECUTE|[360]
07:45:37.123 (3162235301)|VARIABLE_SCOPE_BEGIN|[2]|System.Math.E|Double|false|true
07:45:37.123 (3162247750)|VARIABLE_SCOPE_BEGIN|[3]|System.Math.PI|Double|false|true
07:45:37.123 (3162263902)|HEAP_ALLOCATE|[360]|Bytes:206
07:45:37.123 (3162284213)|SYSTEM_METHOD_ENTRY|[1]|Math.Math()
07:45:37.123 (3162287953)|STATEMENT_EXECUTE|[1]
07:45:37.123 (3162367028)|SYSTEM_METHOD_EXIT|[1]|Math
07:45:37.123 (3162383998)|METHOD_ENTRY|[360]||System.Math.abs(Integer)
07:45:37.123 (3162436241)|METHOD_EXIT|[360]||System.Math.abs(Integer)
07:45:37.123 (3162442572)|VARIABLE_SCOPE_BEGIN|[360]|diffAbs|Integer|false|false
07:45:37.123 (3162447552)|HEAP_ALLOCATE|[360]|Bytes:4
07:45:37.123 (3162455333)|VARIABLE_ASSIGNMENT|[360]|diffAbs|2
07:45:37.123 (3162467044)|STATEMENT_EXECUTE|[362]
07:45:37.123 (3162469444)|STATEMENT_EXECUTE|[363]
07:45:37.123 (3162472894)|HEAP_ALLOCATE|[363]|Bytes:12
07:45:37.123 (3162480494)|HEAP_ALLOCATE|[363]|Bytes:2
07:45:37.123 (3162504596)|HEAP_ALLOCATE|[363]|Bytes:2
07:45:37.123 (3162515306)|HEAP_ALLOCATE|[363]|Bytes:3
07:45:37.123 (3162525957)|HEAP_ALLOCATE|[363]|Bytes:7
07:45:37.123 (3162537507)|HEAP_ALLOCATE|[EXTERNAL]|Bytes:-4
07:45:37.123 (3162546158)|STATEMENT_EXECUTE|[370]
07:45:37.123 (3162565279)|HEAP_ALLOCATE|[EXTERNAL]|Bytes:4
07:45:37.123 (3162584720)|HEAP_ALLOCATE|[339]|Bytes:5
07:45:37.123 (3162597611)|VARIABLE_SCOPE_BEGIN|[339]|key|String|false|false
07:45:37.123 (3162606651)|VARIABLE_ASSIGNMENT|[339]|key|"Modem"
07:45:37.123 (3162611112)|STATEMENT_EXECUTE|[339]
07:45:37.123 (3162623022)|STATEMENT_EXECUTE|[340]
07:45:37.123 (3162625332)|STATEMENT_EXECUTE|[341]
07:45:37.123 (3162637623)|VARIABLE_SCOPE_BEGIN|[341]|newVal|Object|false|false
07:45:37.123 (3162646693)|VARIABLE_ASSIGNMENT|[341]|newVal|"Wired"
07:45:37.123 (3162650284)|STATEMENT_EXECUTE|[342]
07:45:37.123 (3162673825)|VARIABLE_SCOPE_BEGIN|[342]|curVal|Object|false|false
07:45:37.123 (3162684316)|VARIABLE_ASSIGNMENT|[342]|curVal|"Wired"
07:45:37.123 (3162700136)|STATEMENT_EXECUTE|[344]
07:45:37.123 (3162708747)|HEAP_ALLOCATE|[339]|Bytes:5
07:45:37.123 (3162720458)|VARIABLE_SCOPE_BEGIN|[339]|key|String|false|false
07:45:37.123 (3162730068)|VARIABLE_ASSIGNMENT|[339]|key|"Wi-Fi Access Point"
07:45:37.123 (3162733918)|STATEMENT_EXECUTE|[339]
07:45:37.123 (3162743119)|STATEMENT_EXECUTE|[340]
07:45:37.123 (3162745229)|STATEMENT_EXECUTE|[341]
07:45:37.123 (3162756680)|VARIABLE_SCOPE_BEGIN|[341]|newVal|Object|false|false
07:45:37.123 (3162766390)|VARIABLE_ASSIGNMENT|[341]|newVal|1
07:45:37.123 (3162770290)|STATEMENT_EXECUTE|[342]
07:45:37.123 (3162791632)|VARIABLE_SCOPE_BEGIN|[342]|curVal|Object|false|false
07:45:37.123 (3162802202)|VARIABLE_ASSIGNMENT|[342]|curVal|1
07:45:37.123 (3162818183)|STATEMENT_EXECUTE|[344]
07:45:37.123 (3162826373)|HEAP_ALLOCATE|[339]|Bytes:5
07:45:37.123 (3162838874)|VARIABLE_ASSIGNMENT|[339]|key|null
07:45:37.123 (3162843494)|STATEMENT_EXECUTE|[374]
07:45:37.123 (3162847095)|HEAP_ALLOCATE|[374]|Bytes:12
07:45:37.123 (3162867936)|HEAP_ALLOCATE|[EXTERNAL]|Bytes:-4
07:45:37.123 (3162876226)|HEAP_ALLOCATE|[375]|Bytes:7
07:45:37.123 (3162905268)|STATEMENT_EXECUTE|[375]
07:45:37.123 (3162908688)|STATEMENT_EXECUTE|[376]
07:45:37.123 (3162930439)|HEAP_ALLOCATE|[EXTERNAL]|Bytes:-4
07:45:37.123 (3162939740)|STATEMENT_EXECUTE|[380]
07:45:37.123 (3162942010)|STATEMENT_EXECUTE|[381]
07:45:37.123 (3162945120)|HEAP_ALLOCATE|[381]|Bytes:21
07:45:37.123 (3162963651)|HEAP_ALLOCATE|[381]|Bytes:5
07:45:37.123 (3162968211)|HEAP_ALLOCATE|[EXTERNAL]|Bytes:-4
07:45:37.123 (3162975782)|STATEMENT_EXECUTE|[393]
07:45:37.123 (3162984042)|METHOD_EXIT|[142]|01pdL00000Up09Z|CpeAiAssistantController.parseAndValidateAgentResponse(String, Map<String,Map<String,ANY>>)
07:45:37.123 (3162989642)|VARIABLE_SCOPE_BEGIN|[142]|validatedResponse|Map<String,ANY>|true|false
07:45:37.123 (3163014084)|VARIABLE_ASSIGNMENT|[142]|validatedResponse|{"newState":{"TV + Receiver":8,"Modem":"Wired","Wi-Fi Access Point":1},"stateChanges":["Map of size 7 too large to display"],"message":"Added 2 TV + Receive (73 more) ...","requireOtherCpePrompt":true}|0x2b92cfc2
07:45:37.123 (3163022004)|STATEMENT_EXECUTE|[144]
07:45:37.123 (3163029285)|METHOD_ENTRY|[144]||System.JSON.serialize(Object)
07:45:37.123 (3164100964)|METHOD_EXIT|[144]||System.JSON.serialize(Object)
07:45:37.164 (3164202690)|CUMULATIVE_LIMIT_USAGE
07:45:37.164 (3164202690)|LIMIT_USAGE_FOR_NS|(default)|
  Number of SOQL queries: 2 out of 100
  Number of query rows: 1 out of 50000
  Number of SOSL queries: 0 out of 20
  Number of DML statements: 0 out of 150
  Number of Publish Immediate DML: 0 out of 150
  Number of DML rows: 0 out of 10000
  Maximum CPU time: 689 out of 10000
  Maximum heap size: 0 out of 6000000
  Number of callouts: 0 out of 100
  Number of Email Invocations: 0 out of 10
  Number of future calls: 0 out of 50
  Number of queueable jobs added to the queue: 0 out of 50
  Number of Mobile Apex push calls: 0 out of 10

07:45:37.164 (3164202690)|CUMULATIVE_LIMIT_USAGE_END

07:45:37.123 (3164242673)|CODE_UNIT_FINISHED|CpeAiAssistantController.sendMessageToAgent(String, String, String, String)
07:45:37.123 (3164493956)|CODE_UNIT_FINISHED|apex://CpeAiAssistantController/ACTION$sendMessageToAgent
07:45:37.123 (3164504266)|EXECUTION_FINISHED
