66.0 APEX_CODE,FINEST;APEX_PROFILING,INFO;CALLOUT,INFO;DATA_ACCESS,INFO;DB,INFO;NBA,INFO;SYSTEM,DEBUG;VALIDATION,INFO;VISUALFORCE,INFO;WAVE,INFO;WORKFLOW,INFO
07:47:06.1 (1455611)|USER_INFO|[EXTERNAL]|005dL00001kiJYb|abhijithshaibinu001.b869139f1496@agentforce.com|(GMT-07:00) Pacific Daylight Time (America/Los_Angeles)|GMT-07:00
07:47:06.1 (1557463)|EXECUTION_STARTED
07:47:06.1 (1591804)|CODE_UNIT_STARTED|[EXTERNAL]|apex://CpeAiAssistantController/ACTION$sendMessageToAgent
07:47:06.1 (4705480)|CODE_UNIT_STARTED|[EXTERNAL]|01pdL00000Up09Z|CpeAiAssistantController.sendMessageToAgent(String, String, String, String)
07:47:06.1 (6670273)|HEAP_ALLOCATE|[95]|Bytes:3
07:47:06.1 (6855957)|HEAP_ALLOCATE|[100]|Bytes:152
07:47:06.1 (6873867)|HEAP_ALLOCATE|[417]|Bytes:408
07:47:06.1 (6887637)|HEAP_ALLOCATE|[430]|Bytes:408
07:47:06.1 (6915428)|HEAP_ALLOCATE|[317]|Bytes:6
07:47:06.1 (6933668)|HEAP_ALLOCATE|[EXTERNAL]|Bytes:44
07:47:06.1 (6938788)|HEAP_ALLOCATE|[EXTERNAL]|Bytes:6
07:47:06.1 (6971169)|METHOD_ENTRY|[1]|01pdL00000Up09Z|CpeAiAssistantController.CpeAiAssistantController()
07:47:06.1 (6987249)|STATEMENT_EXECUTE|[1]
07:47:06.1 (6998190)|STATEMENT_EXECUTE|[1]
07:47:06.1 (7018821)|HEAP_ALLOCATE|[68]|Bytes:5
07:47:06.1 (7057691)|HEAP_ALLOCATE|[74]|Bytes:5
07:47:06.1 (7066611)|HEAP_ALLOCATE|[82]|Bytes:7
07:47:06.1 (7509740)|HEAP_ALLOCATE|[EXTERNAL]|Bytes:5
07:47:06.1 (7540501)|METHOD_EXIT|[1]|CpeAiAssistantController
07:47:06.1 (7547301)|HEAP_ALLOCATE|[EXTERNAL]|Bytes:26
07:47:06.1 (7550752)|HEAP_ALLOCATE|[EXTERNAL]|Bytes:734
07:47:06.1 (7553941)|HEAP_ALLOCATE|[EXTERNAL]|Bytes:59
07:47:06.1 (7556731)|HEAP_ALLOCATE|[EXTERNAL]|Bytes:1029
07:47:06.1 (7581483)|VARIABLE_SCOPE_BEGIN|[71]|userMessage|String|false|false
07:47:06.1 (7672835)|VARIABLE_ASSIGNMENT|[71]|userMessage|"Remove 1 wifi access (6 more) ..."
07:47:06.1 (7678854)|VARIABLE_SCOPE_BEGIN|[71]|cpeItemsJson|String|false|false
07:47:06.1 (7687795)|VARIABLE_ASSIGNMENT|[71]|cpeItemsJson|"{\n  \"CpeItems\": [\n   (714 more) ..."
07:47:06.1 (7691605)|VARIABLE_SCOPE_BEGIN|[71]|currentCartJson|String|false|false
07:47:06.1 (7698835)|VARIABLE_ASSIGNMENT|[71]|currentCartJson|"{\"TV + Receiver\":13, (39 more) ..."
07:47:06.1 (7702254)|VARIABLE_SCOPE_BEGIN|[71]|chatHistory|String|false|false
07:47:06.1 (7710345)|VARIABLE_ASSIGNMENT|[71]|chatHistory|"Technician: Add Rece (1009 more) ..."
07:47:06.1 (7727425)|HEAP_ALLOCATE|[72]|Bytes:5
07:47:06.1 (7734566)|STATEMENT_EXECUTE|[71]
07:47:06.1 (7737606)|STATEMENT_EXECUTE|[72]
07:47:06.1 (7739996)|STATEMENT_EXECUTE|[72]
07:47:06.1 (7742705)|STATEMENT_EXECUTE|[74]
07:47:06.1 (7783866)|METHOD_ENTRY|[74]|01pdL00000Up09Z|CpeAiAssistantController.buildRulePayload(String, String)
07:47:06.1 (7824897)|VARIABLE_SCOPE_BEGIN|[156]|cpeItemsJson|String|false|false
07:47:06.1 (7842678)|VARIABLE_ASSIGNMENT|[156]|cpeItemsJson|"{\n  \"CpeItems\": [\n   (714 more) ..."
07:47:06.1 (7849919)|VARIABLE_SCOPE_BEGIN|[156]|currentCartJson|String|false|false
07:47:06.1 (7861679)|VARIABLE_ASSIGNMENT|[156]|currentCartJson|"{\"TV + Receiver\":13, (39 more) ..."
07:47:06.1 (7873028)|HEAP_ALLOCATE|[157]|Bytes:5
07:47:06.1 (7878089)|STATEMENT_EXECUTE|[156]
07:47:06.1 (7880348)|STATEMENT_EXECUTE|[157]
07:47:06.1 (7898810)|HEAP_ALLOCATE|[157]|Bytes:4
07:47:06.1 (7917480)|VARIABLE_SCOPE_BEGIN|[157]|rules|Map<String,Map<String,ANY>>|true|false
07:47:06.1 (7948651)|VARIABLE_ASSIGNMENT|[157]|rules|{}|0x72dcf1a7
07:47:06.1 (7953211)|STATEMENT_EXECUTE|[158]
07:47:06.1 (7956881)|HEAP_ALLOCATE|[158]|Bytes:13
07:47:06.1 (7965561)|HEAP_ALLOCATE|[158]|Bytes:4
07:47:06.1 (7972741)|HEAP_ALLOCATE|[158]|Bytes:7
07:47:06.1 (8036022)|HEAP_ALLOCATE|[158]|Bytes:4
07:47:06.1 (8075823)|HEAP_ALLOCATE|[158]|Bytes:3
07:47:06.1 (8085924)|HEAP_ALLOCATE|[158]|Bytes:4
07:47:06.1 (8096673)|HEAP_ALLOCATE|[158]|Bytes:3
07:47:06.1 (8104204)|HEAP_ALLOCATE|[158]|Bytes:4
07:47:06.1 (8134815)|HEAP_ALLOCATE|[EXTERNAL]|Bytes:-4
07:47:06.1 (8142965)|STATEMENT_EXECUTE|[159]
07:47:06.1 (8146305)|HEAP_ALLOCATE|[159]|Bytes:5
07:47:06.1 (8153725)|HEAP_ALLOCATE|[159]|Bytes:4
07:47:06.1 (8159985)|HEAP_ALLOCATE|[159]|Bytes:5
07:47:06.1 (8195336)|HEAP_ALLOCATE|[159]|Bytes:4
07:47:06.1 (8210386)|HEAP_ALLOCATE|[159]|Bytes:4
07:47:06.1 (8225336)|HEAP_ALLOCATE|[EXTERNAL]|Bytes:-4
07:47:06.1 (8232076)|STATEMENT_EXECUTE|[160]
07:47:06.1 (8235297)|HEAP_ALLOCATE|[160]|Bytes:18
07:47:06.1 (8242187)|HEAP_ALLOCATE|[160]|Bytes:4
07:47:06.1 (8261257)|HEAP_ALLOCATE|[160]|Bytes:4
07:47:06.1 (8274898)|HEAP_ALLOCATE|[160]|Bytes:4
07:47:06.1 (8286968)|HEAP_ALLOCATE|[160]|Bytes:4
07:47:06.1 (8300068)|HEAP_ALLOCATE|[EXTERNAL]|Bytes:-4
07:47:06.1 (8358829)|STATEMENT_EXECUTE|[162]
07:47:06.1 (8361659)|STATEMENT_EXECUTE|[163]
07:47:06.1 (8363718)|STATEMENT_EXECUTE|[163]
07:47:06.1 (8365909)|STATEMENT_EXECUTE|[164]
07:47:06.1 (8408239)|HEAP_ALLOCATE|[164]|Bytes:24
07:47:06.1 (8419341)|SYSTEM_METHOD_ENTRY|[1]|JSON.JSON()
07:47:06.1 (8423171)|STATEMENT_EXECUTE|[1]
07:47:06.1 (8434560)|SYSTEM_METHOD_EXIT|[1]|JSON
07:47:06.1 (8444781)|METHOD_ENTRY|[164]||System.JSON.deserializeUntyped(String)
07:47:06.1 (11746821)|METHOD_EXIT|[164]||System.JSON.deserializeUntyped(String)
07:47:06.1 (11770302)|VARIABLE_SCOPE_BEGIN|[164]|currentCart|Map<String,ANY>|true|false
07:47:06.1 (11820053)|VARIABLE_ASSIGNMENT|[164]|currentCart|{"TV + Receiver":13,"Modem":"Wired","Wi-Fi Access Point":4}|0x35f4c743
07:47:06.1 (11924065)|HEAP_ALLOCATE|[165]|Bytes:52
07:47:06.1 (12023617)|HEAP_ALLOCATE|[165]|Bytes:5
07:47:06.1 (12058108)|VARIABLE_SCOPE_BEGIN|[165]|key|String|false|false
07:47:06.1 (12073608)|VARIABLE_ASSIGNMENT|[165]|key|"TV + Receiver"
07:47:06.1 (12081268)|STATEMENT_EXECUTE|[165]
07:47:06.1 (12084668)|STATEMENT_EXECUTE|[166]
07:47:06.1 (12104029)|METHOD_ENTRY|[166]|01pdL00000Up09Z|CpeAiAssistantController.normalizeProductName(String)
07:47:06.1 (12125429)|VARIABLE_SCOPE_BEGIN|[252]|rawName|String|false|false
07:47:06.1 (12136860)|VARIABLE_ASSIGNMENT|[252]|rawName|"TV + Receiver"
07:47:06.1 (12151360)|HEAP_ALLOCATE|[253]|Bytes:5
07:47:06.1 (12156350)|STATEMENT_EXECUTE|[252]
07:47:06.1 (12204961)|STATEMENT_EXECUTE|[253]
07:47:06.1 (12207581)|STATEMENT_EXECUTE|[254]
07:47:06.1 (12234662)|HEAP_ALLOCATE|[254]|Bytes:13
07:47:06.1 (12245742)|VARIABLE_SCOPE_BEGIN|[254]|lower|String|false|false
07:47:06.1 (12255752)|VARIABLE_ASSIGNMENT|[254]|lower|"tv + receiver"
07:47:06.1 (12261402)|HEAP_ALLOCATE|[255]|Bytes:2
07:47:06.1 (12294603)|STATEMENT_EXECUTE|[255]
07:47:06.1 (12305294)|METHOD_EXIT|[166]|01pdL00000Up09Z|CpeAiAssistantController.normalizeProductName(String)
07:47:06.1 (12311383)|VARIABLE_SCOPE_BEGIN|[166]|normKey|String|false|false
07:47:06.1 (12319934)|VARIABLE_ASSIGNMENT|[166]|normKey|"TV + Receiver"
07:47:06.1 (12351104)|STATEMENT_EXECUTE|[167]
07:47:06.1 (12353484)|STATEMENT_EXECUTE|[168]
07:47:06.1 (12436686)|HEAP_ALLOCATE|[165]|Bytes:5
07:47:06.1 (12452166)|VARIABLE_SCOPE_BEGIN|[165]|key|String|false|false
07:47:06.1 (12461266)|VARIABLE_ASSIGNMENT|[165]|key|"Modem"
07:47:06.1 (12465526)|STATEMENT_EXECUTE|[165]
07:47:06.1 (12467846)|STATEMENT_EXECUTE|[166]
07:47:06.1 (12472637)|METHOD_ENTRY|[166]|01pdL00000Up09Z|CpeAiAssistantController.normalizeProductName(String)
07:47:06.1 (12477607)|VARIABLE_SCOPE_BEGIN|[252]|rawName|String|false|false
07:47:06.1 (12484218)|VARIABLE_ASSIGNMENT|[252]|rawName|"Modem"
07:47:06.1 (12493607)|HEAP_ALLOCATE|[253]|Bytes:5
07:47:06.1 (12497487)|STATEMENT_EXECUTE|[252]
07:47:06.1 (12513378)|STATEMENT_EXECUTE|[253]
07:47:06.1 (12515498)|STATEMENT_EXECUTE|[254]
07:47:06.1 (12524548)|HEAP_ALLOCATE|[254]|Bytes:5
07:47:06.1 (12535518)|VARIABLE_SCOPE_BEGIN|[254]|lower|String|false|false
07:47:06.1 (12543248)|VARIABLE_ASSIGNMENT|[254]|lower|"modem"
07:47:06.1 (12558968)|HEAP_ALLOCATE|[255]|Bytes:8
07:47:06.1 (12576689)|STATEMENT_EXECUTE|[255]
07:47:06.1 (12579559)|HEAP_ALLOCATE|[256]|Bytes:5
07:47:06.1 (12605900)|HEAP_ALLOCATE|[256]|Bytes:4
07:47:06.1 (12624330)|HEAP_ALLOCATE|[256]|Bytes:2
07:47:06.1 (12648101)|HEAP_ALLOCATE|[256]|Bytes:12
07:47:06.1 (12672102)|HEAP_ALLOCATE|[256]|Bytes:6
07:47:06.1 (12696911)|STATEMENT_EXECUTE|[256]
07:47:06.1 (12701991)|HEAP_ALLOCATE|[257]|Bytes:5
07:47:06.1 (12738872)|STATEMENT_EXECUTE|[257]
07:47:06.1 (12750423)|METHOD_EXIT|[166]|01pdL00000Up09Z|CpeAiAssistantController.normalizeProductName(String)
07:47:06.1 (12760053)|VARIABLE_SCOPE_BEGIN|[166]|normKey|String|false|false
07:47:06.1 (12771424)|VARIABLE_ASSIGNMENT|[166]|normKey|"Modem"
07:47:06.1 (12785114)|STATEMENT_EXECUTE|[167]
07:47:06.1 (12787314)|STATEMENT_EXECUTE|[168]
07:47:06.1 (12825595)|HEAP_ALLOCATE|[165]|Bytes:5
07:47:06.1 (12839164)|VARIABLE_SCOPE_BEGIN|[165]|key|String|false|false
07:47:06.1 (12848364)|VARIABLE_ASSIGNMENT|[165]|key|"Wi-Fi Access Point"
07:47:06.1 (12852525)|STATEMENT_EXECUTE|[165]
07:47:06.1 (12854666)|STATEMENT_EXECUTE|[166]
07:47:06.1 (12859106)|METHOD_ENTRY|[166]|01pdL00000Up09Z|CpeAiAssistantController.normalizeProductName(String)
07:47:06.1 (12864045)|VARIABLE_SCOPE_BEGIN|[252]|rawName|String|false|false
07:47:06.1 (12871066)|VARIABLE_ASSIGNMENT|[252]|rawName|"Wi-Fi Access Point"
07:47:06.1 (12879295)|HEAP_ALLOCATE|[253]|Bytes:5
07:47:06.1 (12885965)|STATEMENT_EXECUTE|[252]
07:47:06.1 (12904877)|STATEMENT_EXECUTE|[253]
07:47:06.1 (12907176)|STATEMENT_EXECUTE|[254]
07:47:06.1 (12915707)|HEAP_ALLOCATE|[254]|Bytes:18
07:47:06.1 (12925536)|VARIABLE_SCOPE_BEGIN|[254]|lower|String|false|false
07:47:06.1 (12934126)|VARIABLE_ASSIGNMENT|[254]|lower|"wi-fi access point"
07:47:06.1 (12959497)|STATEMENT_EXECUTE|[255]
07:47:06.1 (12973657)|STATEMENT_EXECUTE|[256]
07:47:06.1 (12979708)|METHOD_EXIT|[166]|01pdL00000Up09Z|CpeAiAssistantController.normalizeProductName(String)
07:47:06.1 (12984807)|VARIABLE_SCOPE_BEGIN|[166]|normKey|String|false|false
07:47:06.1 (12992647)|VARIABLE_ASSIGNMENT|[166]|normKey|"Wi-Fi Access Point"
07:47:06.1 (13004469)|STATEMENT_EXECUTE|[167]
07:47:06.1 (13007469)|STATEMENT_EXECUTE|[168]
07:47:06.1 (13044200)|HEAP_ALLOCATE|[165]|Bytes:5
07:47:06.1 (13057590)|VARIABLE_ASSIGNMENT|[165]|key|null
07:47:06.1 (13111250)|STATEMENT_EXECUTE|[174]
07:47:06.1 (13114010)|STATEMENT_EXECUTE|[175]
07:47:06.1 (13115961)|STATEMENT_EXECUTE|[175]
07:47:06.1 (13118250)|STATEMENT_EXECUTE|[176]
07:47:06.1 (13124940)|METHOD_ENTRY|[176]||System.JSON.deserializeUntyped(String)
07:47:06.1 (14708694)|METHOD_EXIT|[176]||System.JSON.deserializeUntyped(String)
07:47:06.1 (14730885)|VARIABLE_SCOPE_BEGIN|[176]|itemsMap|Map<String,ANY>|true|false
07:47:06.1 (14765196)|HEAP_ALLOCATE|[EXTERNAL]|Bytes:20
07:47:06.1 (14822577)|VARIABLE_ASSIGNMENT|[176]|itemsMap|{"CpeItems":["Map of size 6 too large to display",{"itemType":"childProduct","maxQuantity":15,"minQuantity":0,"defaultQuantity":0,"ProductCode":"O_RES_TV_PLUS_ADDL_S (2 more) ..."},"Map of size 6 too large to display",{"itemType":"childProduct","maxQuantity":99999,"minQuantity":0,"defaultQuantity":0,"ProductCode":"O_RES_HSI_WIFI_EXTEN (3 more) ..."}]}|0x2405aee9
07:47:06.1 (14830167)|STATEMENT_EXECUTE|[177]
07:47:06.1 (14840687)|HEAP_ALLOCATE|[177]|Bytes:4
07:47:06.1 (14914529)|VARIABLE_SCOPE_BEGIN|[177]|items|List<ANY>|true|false
07:47:06.1 (14925999)|HEAP_ALLOCATE|[EXTERNAL]|Bytes:4
07:47:06.1 (14933209)|VARIABLE_ASSIGNMENT|[177]|items|[]|0x2fee1085
07:47:06.1 (14939889)|HEAP_ALLOCATE|[178]|Bytes:8
07:47:06.1 (14971090)|STATEMENT_EXECUTE|[178]
07:47:06.1 (14973610)|STATEMENT_EXECUTE|[179]
07:47:06.1 (15017461)|VARIABLE_ASSIGNMENT|[179]|items|["Map of size 6 too large to display",{"itemType":"childProduct","maxQuantity":15,"minQuantity":0,"defaultQuantity":0,"ProductCode":"O_RES_TV_PLUS_ADDL_S (2 more) ..."},"Map of size 6 too large to display",{"itemType":"childProduct","maxQuantity":99999,"minQuantity":0,"defaultQuantity":0,"ProductCode":"O_RES_HSI_WIFI_EXTEN (3 more) ..."}]|0x577f072f
07:47:06.1 (15025971)|STATEMENT_EXECUTE|[182]
07:47:06.1 (15038821)|HEAP_ALLOCATE|[182]|Bytes:4
07:47:06.1 (15050262)|VARIABLE_SCOPE_BEGIN|[182]|limits|Map<String,Map<String,Integer>>|true|false
07:47:06.1 (15059972)|VARIABLE_ASSIGNMENT|[182]|limits|{}|0x5e0489cf
07:47:06.1 (15064812)|STATEMENT_EXECUTE|[183]
07:47:06.1 (15071662)|HEAP_ALLOCATE|[183]|Bytes:4
07:47:06.1 (15079602)|HEAP_ALLOCATE|[183]|Bytes:6
07:47:06.1 (15105954)|HEAP_ALLOCATE|[183]|Bytes:4
07:47:06.1 (15117813)|HEAP_ALLOCATE|[183]|Bytes:6
07:47:06.1 (15126683)|HEAP_ALLOCATE|[183]|Bytes:4
07:47:06.1 (15138414)|HEAP_ALLOCATE|[183]|Bytes:4
07:47:06.1 (15152624)|HEAP_ALLOCATE|[EXTERNAL]|Bytes:-4
07:47:06.1 (15159104)|STATEMENT_EXECUTE|[184]
07:47:06.1 (15165294)|HEAP_ALLOCATE|[184]|Bytes:4
07:47:06.1 (15183685)|HEAP_ALLOCATE|[184]|Bytes:4
07:47:06.1 (15196145)|HEAP_ALLOCATE|[184]|Bytes:4
07:47:06.1 (15207535)|HEAP_ALLOCATE|[184]|Bytes:4
07:47:06.1 (15219225)|HEAP_ALLOCATE|[EXTERNAL]|Bytes:-4
07:47:06.1 (15225345)|STATEMENT_EXECUTE|[185]
07:47:06.1 (15230946)|HEAP_ALLOCATE|[185]|Bytes:4
07:47:06.1 (15248286)|HEAP_ALLOCATE|[185]|Bytes:4
07:47:06.1 (15259616)|HEAP_ALLOCATE|[185]|Bytes:4
07:47:06.1 (15271957)|HEAP_ALLOCATE|[EXTERNAL]|Bytes:-4
07:47:06.1 (15278027)|STATEMENT_EXECUTE|[187]
07:47:06.1 (15290847)|METHOD_ENTRY|[187]|01pdL00000Up09Z|CpeAiAssistantController.extractCodes(List<ANY>, Map<String,Map<String,Integer>>)
07:47:06.1 (15321947)|VARIABLE_SCOPE_BEGIN|[200]|items|List<ANY>|true|false
07:47:06.1 (15343639)|VARIABLE_ASSIGNMENT|[200]|items|["Map of size 6 too large to display",{"itemType":"childProduct","maxQuantity":15,"minQuantity":0,"defaultQuantity":0,"ProductCode":"O_RES_TV_PLUS_ADDL_S (2 more) ..."},"Map of size 6 too large to display",{"itemType":"childProduct","maxQuantity":99999,"minQuantity":0,"defaultQuantity":0,"ProductCode":"O_RES_HSI_WIFI_EXTEN (3 more) ..."}]|0x577f072f
07:47:06.1 (15350298)|VARIABLE_SCOPE_BEGIN|[200]|limits|Map<String,Map<String,Integer>>|true|false
07:47:06.1 (15363178)|VARIABLE_ASSIGNMENT|[200]|limits|{"tv":{"maxInc":3,"maxAdd":15,"min":1},"wifi":{"maxInc":1,"maxAdd":10,"min":1},"modem":{"max":1,"min":1}}|0x5e0489cf
07:47:06.1 (15377949)|HEAP_ALLOCATE|[201]|Bytes:5
07:47:06.1 (15382909)|STATEMENT_EXECUTE|[200]
07:47:06.1 (15386209)|STATEMENT_EXECUTE|[201]
07:47:06.1 (15424270)|HEAP_ALLOCATE|[202]|Bytes:5
07:47:06.1 (15448611)|HEAP_ALLOCATE|[202]|Bytes:28
07:47:06.1 (15457721)|VARIABLE_SCOPE_BEGIN|[202]|obj|Object|false|false
07:47:06.1 (15469522)|VARIABLE_ASSIGNMENT|[202]|obj|"Map of size 6 too large to display"
07:47:06.1 (15477012)|STATEMENT_EXECUTE|[202]
07:47:06.1 (15480461)|STATEMENT_EXECUTE|[203]
07:47:06.1 (15486082)|VARIABLE_SCOPE_BEGIN|[203]|item|Map<String,ANY>|true|false
07:47:06.1 (15500122)|VARIABLE_ASSIGNMENT|[203]|item|"Map of size 6 too large to display"|0x67710d61
07:47:06.1 (15505911)|STATEMENT_EXECUTE|[204]
07:47:06.1 (15516262)|METHOD_ENTRY|[204]|01pdL00000Up09Z|CpeAiAssistantController.getProductCode(Map<String,ANY>)
07:47:06.1 (15531582)|VARIABLE_SCOPE_BEGIN|[233]|item|Map<String,ANY>|true|false
07:47:06.1 (15544093)|VARIABLE_ASSIGNMENT|[233]|item|"Map of size 6 too large to display"|0x67710d61
07:47:06.1 (15556832)|HEAP_ALLOCATE|[234]|Bytes:5
07:47:06.1 (15563894)|STATEMENT_EXECUTE|[233]
07:47:06.1 (15568334)|HEAP_ALLOCATE|[234]|Bytes:11
07:47:06.1 (15689696)|STATEMENT_EXECUTE|[234]
07:47:06.1 (15693606)|STATEMENT_EXECUTE|[235]
07:47:06.1 (15745636)|HEAP_ALLOCATE|[235]|Bytes:17
07:47:06.1 (15770378)|METHOD_EXIT|[204]|01pdL00000Up09Z|CpeAiAssistantController.getProductCode(Map<String,ANY>)
07:47:06.1 (15778698)|VARIABLE_SCOPE_BEGIN|[204]|code|String|false|false
07:47:06.1 (15792128)|VARIABLE_ASSIGNMENT|[204]|code|"O_RES_TV_PLUS_STB"
07:47:06.1 (15798088)|STATEMENT_EXECUTE|[205]
07:47:06.1 (15802558)|HEAP_ALLOCATE|[205]|Bytes:11
07:47:06.1 (15843049)|VARIABLE_SCOPE_BEGIN|[205]|maxQ|Integer|false|false
07:47:06.1 (15855100)|VARIABLE_ASSIGNMENT|[205]|maxQ|3
07:47:06.1 (15860300)|STATEMENT_EXECUTE|[206]
07:47:06.1 (15864220)|HEAP_ALLOCATE|[206]|Bytes:11
07:47:06.1 (15897941)|VARIABLE_SCOPE_BEGIN|[206]|minQ|Integer|false|false
07:47:06.1 (15909461)|VARIABLE_ASSIGNMENT|[206]|minQ|0
07:47:06.1 (15914251)|STATEMENT_EXECUTE|[207]
07:47:06.1 (15918341)|HEAP_ALLOCATE|[207]|Bytes:15
07:47:06.1 (15956772)|VARIABLE_SCOPE_BEGIN|[207]|defQ|Integer|false|false
07:47:06.1 (15970622)|VARIABLE_ASSIGNMENT|[207]|defQ|1
07:47:06.1 (15978062)|HEAP_ALLOCATE|[209]|Bytes:17
07:47:06.1 (16011362)|STATEMENT_EXECUTE|[209]
07:47:06.1 (16015253)|STATEMENT_EXECUTE|[210]
07:47:06.1 (16064854)|STATEMENT_EXECUTE|[211]
07:47:06.1 (16103515)|HEAP_ALLOCATE|[224]|Bytes:13
07:47:06.1 (16131725)|STATEMENT_EXECUTE|[224]
07:47:06.1 (16148536)|HEAP_ALLOCATE|[202]|Bytes:5
07:47:06.1 (16167325)|HEAP_ALLOCATE|[202]|Bytes:24
07:47:06.1 (16178026)|VARIABLE_SCOPE_BEGIN|[202]|obj|Object|false|false
07:47:06.1 (16207637)|VARIABLE_ASSIGNMENT|[202]|obj|{"itemType":"childProduct","maxQuantity":15,"minQuantity":0,"defaultQuantity":0,"ProductCode":"O_RES_TV_PLUS_ADDL_S (2 more) ..."}
07:47:06.1 (16214597)|STATEMENT_EXECUTE|[202]
07:47:06.1 (16217457)|STATEMENT_EXECUTE|[203]
07:47:06.1 (16222947)|VARIABLE_SCOPE_BEGIN|[203]|item|Map<String,ANY>|true|false
07:47:06.1 (16239807)|VARIABLE_ASSIGNMENT|[203]|item|{"itemType":"childProduct","maxQuantity":15,"minQuantity":0,"defaultQuantity":0,"ProductCode":"O_RES_TV_PLUS_ADDL_S (2 more) ..."}|0x5e1603d4
07:47:06.1 (16247498)|STATEMENT_EXECUTE|[204]
07:47:06.1 (16255788)|METHOD_ENTRY|[204]|01pdL00000Up09Z|CpeAiAssistantController.getProductCode(Map<String,ANY>)
07:47:06.1 (16264178)|VARIABLE_SCOPE_BEGIN|[233]|item|Map<String,ANY>|true|false
07:47:06.1 (16281208)|VARIABLE_ASSIGNMENT|[233]|item|{"itemType":"childProduct","maxQuantity":15,"minQuantity":0,"defaultQuantity":0,"ProductCode":"O_RES_TV_PLUS_ADDL_S (2 more) ..."}|0x5e1603d4
07:47:06.1 (16294439)|HEAP_ALLOCATE|[234]|Bytes:5
07:47:06.1 (16300029)|STATEMENT_EXECUTE|[233]
07:47:06.1 (16326150)|STATEMENT_EXECUTE|[234]
07:47:06.1 (16329230)|STATEMENT_EXECUTE|[235]
07:47:06.1 (16352860)|HEAP_ALLOCATE|[235]|Bytes:22
07:47:06.1 (16370781)|METHOD_EXIT|[204]|01pdL00000Up09Z|CpeAiAssistantController.getProductCode(Map<String,ANY>)
07:47:06.1 (16377970)|VARIABLE_SCOPE_BEGIN|[204]|code|String|false|false
07:47:06.1 (16389901)|VARIABLE_ASSIGNMENT|[204]|code|"O_RES_TV_PLUS_ADDL_S (2 more) ..."
07:47:06.1 (16395490)|STATEMENT_EXECUTE|[205]
07:47:06.1 (16418842)|VARIABLE_SCOPE_BEGIN|[205]|maxQ|Integer|false|false
07:47:06.1 (16429482)|VARIABLE_ASSIGNMENT|[205]|maxQ|15
07:47:06.1 (16434752)|STATEMENT_EXECUTE|[206]
07:47:06.1 (16456582)|VARIABLE_SCOPE_BEGIN|[206]|minQ|Integer|false|false
07:47:06.1 (16468513)|VARIABLE_ASSIGNMENT|[206]|minQ|0
07:47:06.1 (16474133)|STATEMENT_EXECUTE|[207]
07:47:06.1 (16498423)|VARIABLE_SCOPE_BEGIN|[207]|defQ|Integer|false|false
07:47:06.1 (16511604)|VARIABLE_ASSIGNMENT|[207]|defQ|0
07:47:06.1 (16532234)|HEAP_ALLOCATE|[212]|Bytes:22
07:47:06.1 (16542314)|STATEMENT_EXECUTE|[212]
07:47:06.1 (16545504)|STATEMENT_EXECUTE|[213]
07:47:06.1 (16605866)|STATEMENT_EXECUTE|[224]
07:47:06.1 (16619356)|HEAP_ALLOCATE|[202]|Bytes:5
07:47:06.1 (16638496)|HEAP_ALLOCATE|[202]|Bytes:28
07:47:06.1 (16650376)|VARIABLE_SCOPE_BEGIN|[202]|obj|Object|false|false
07:47:06.1 (16667097)|VARIABLE_ASSIGNMENT|[202]|obj|"Map of size 6 too large to display"
07:47:06.1 (16672887)|STATEMENT_EXECUTE|[202]
07:47:06.1 (16675877)|STATEMENT_EXECUTE|[203]
07:47:06.1 (16681277)|VARIABLE_SCOPE_BEGIN|[203]|item|Map<String,ANY>|true|false
07:47:06.1 (16693097)|VARIABLE_ASSIGNMENT|[203]|item|"Map of size 6 too large to display"|0x3d8e18d3
07:47:06.1 (16698987)|STATEMENT_EXECUTE|[204]
07:47:06.1 (16705018)|METHOD_ENTRY|[204]|01pdL00000Up09Z|CpeAiAssistantController.getProductCode(Map<String,ANY>)
07:47:06.1 (16711288)|VARIABLE_SCOPE_BEGIN|[233]|item|Map<String,ANY>|true|false
07:47:06.1 (16720778)|VARIABLE_ASSIGNMENT|[233]|item|"Map of size 6 too large to display"|0x3d8e18d3
07:47:06.1 (16731158)|HEAP_ALLOCATE|[234]|Bytes:5
07:47:06.1 (16736438)|STATEMENT_EXECUTE|[233]
07:47:06.1 (16756939)|STATEMENT_EXECUTE|[234]
07:47:06.1 (16759659)|STATEMENT_EXECUTE|[235]
07:47:06.1 (16777969)|HEAP_ALLOCATE|[235]|Bytes:15
07:47:06.1 (16793919)|METHOD_EXIT|[204]|01pdL00000Up09Z|CpeAiAssistantController.getProductCode(Map<String,ANY>)
07:47:06.1 (16800210)|VARIABLE_SCOPE_BEGIN|[204]|code|String|false|false
07:47:06.1 (16811320)|VARIABLE_ASSIGNMENT|[204]|code|"O_RES_HSI_MODEM"
07:47:06.1 (16815750)|STATEMENT_EXECUTE|[205]
07:47:06.1 (16835970)|VARIABLE_SCOPE_BEGIN|[205]|maxQ|Integer|false|false
07:47:06.1 (16845881)|VARIABLE_ASSIGNMENT|[205]|maxQ|99999
07:47:06.1 (16850611)|STATEMENT_EXECUTE|[206]
07:47:06.1 (16868991)|VARIABLE_SCOPE_BEGIN|[206]|minQ|Integer|false|false
07:47:06.1 (16878791)|VARIABLE_ASSIGNMENT|[206]|minQ|0
07:47:06.1 (16884301)|STATEMENT_EXECUTE|[207]
07:47:06.1 (16905202)|VARIABLE_SCOPE_BEGIN|[207]|defQ|Integer|false|false
07:47:06.1 (16917092)|VARIABLE_ASSIGNMENT|[207]|defQ|1
07:47:06.1 (16935172)|HEAP_ALLOCATE|[214]|Bytes:27
07:47:06.1 (16949893)|HEAP_ALLOCATE|[217]|Bytes:27
07:47:06.1 (16963623)|HEAP_ALLOCATE|[219]|Bytes:15
07:47:06.1 (16973313)|STATEMENT_EXECUTE|[219]
07:47:06.1 (16976623)|STATEMENT_EXECUTE|[220]
07:47:06.1 (17025624)|HEAP_ALLOCATE|[220]|Bytes:4
07:47:06.1 (17038755)|STATEMENT_EXECUTE|[221]
07:47:06.1 (17112456)|STATEMENT_EXECUTE|[224]
07:47:06.1 (17127157)|HEAP_ALLOCATE|[202]|Bytes:5
07:47:06.1 (17145877)|HEAP_ALLOCATE|[202]|Bytes:24
07:47:06.1 (17157597)|VARIABLE_SCOPE_BEGIN|[202]|obj|Object|false|false
07:47:06.1 (17181678)|VARIABLE_ASSIGNMENT|[202]|obj|{"itemType":"childProduct","maxQuantity":99999,"minQuantity":0,"defaultQuantity":0,"ProductCode":"O_RES_HSI_WIFI_EXTEN (3 more) ..."}
07:47:06.1 (17188738)|STATEMENT_EXECUTE|[202]
07:47:06.1 (17191538)|STATEMENT_EXECUTE|[203]
07:47:06.1 (17197468)|VARIABLE_SCOPE_BEGIN|[203]|item|Map<String,ANY>|true|false
07:47:06.1 (17213958)|VARIABLE_ASSIGNMENT|[203]|item|{"itemType":"childProduct","maxQuantity":99999,"minQuantity":0,"defaultQuantity":0,"ProductCode":"O_RES_HSI_WIFI_EXTEN (3 more) ..."}|0x1a759af3
07:47:06.1 (17220378)|STATEMENT_EXECUTE|[204]
07:47:06.1 (17227039)|METHOD_ENTRY|[204]|01pdL00000Up09Z|CpeAiAssistantController.getProductCode(Map<String,ANY>)
07:47:06.1 (17234149)|VARIABLE_SCOPE_BEGIN|[233]|item|Map<String,ANY>|true|false
07:47:06.1 (17249299)|VARIABLE_ASSIGNMENT|[233]|item|{"itemType":"childProduct","maxQuantity":99999,"minQuantity":0,"defaultQuantity":0,"ProductCode":"O_RES_HSI_WIFI_EXTEN (3 more) ..."}|0x1a759af3
07:47:06.1 (17261809)|HEAP_ALLOCATE|[234]|Bytes:5
07:47:06.1 (17267609)|STATEMENT_EXECUTE|[233]
07:47:06.1 (17291590)|STATEMENT_EXECUTE|[234]
07:47:06.1 (17294670)|STATEMENT_EXECUTE|[235]
07:47:06.1 (17318331)|HEAP_ALLOCATE|[235]|Bytes:23
07:47:06.1 (17336661)|METHOD_EXIT|[204]|01pdL00000Up09Z|CpeAiAssistantController.getProductCode(Map<String,ANY>)
07:47:06.1 (17344381)|VARIABLE_SCOPE_BEGIN|[204]|code|String|false|false
07:47:06.1 (17357971)|VARIABLE_ASSIGNMENT|[204]|code|"O_RES_HSI_WIFI_EXTEN (3 more) ..."
07:47:06.1 (17364292)|STATEMENT_EXECUTE|[205]
07:47:06.1 (17387622)|VARIABLE_SCOPE_BEGIN|[205]|maxQ|Integer|false|false
07:47:06.1 (17399832)|VARIABLE_ASSIGNMENT|[205]|maxQ|99999
07:47:06.1 (17404952)|STATEMENT_EXECUTE|[206]
07:47:06.1 (17427793)|VARIABLE_SCOPE_BEGIN|[206]|minQ|Integer|false|false
07:47:06.1 (17440503)|VARIABLE_ASSIGNMENT|[206]|minQ|0
07:47:06.1 (17446673)|STATEMENT_EXECUTE|[207]
07:47:06.1 (17469604)|VARIABLE_SCOPE_BEGIN|[207]|defQ|Integer|false|false
07:47:06.1 (17481514)|VARIABLE_ASSIGNMENT|[207]|defQ|0
07:47:06.1 (17516955)|STATEMENT_EXECUTE|[209]
07:47:06.1 (17531535)|STATEMENT_EXECUTE|[224]
07:47:06.1 (17543755)|HEAP_ALLOCATE|[202]|Bytes:5
07:47:06.1 (17565527)|VARIABLE_ASSIGNMENT|[202]|obj|null
07:47:06.1 (17580896)|METHOD_EXIT|[187]|01pdL00000Up09Z|CpeAiAssistantController.extractCodes(List<ANY>, Map<String,Map<String,Integer>>)
07:47:06.1 (17587567)|STATEMENT_EXECUTE|[189]
07:47:06.1 (17683308)|HEAP_ALLOCATE|[189]|Bytes:4
07:47:06.1 (17712450)|STATEMENT_EXECUTE|[190]
07:47:06.1 (17775620)|STATEMENT_EXECUTE|[191]
07:47:06.1 (17848653)|HEAP_ALLOCATE|[191]|Bytes:4
07:47:06.1 (17864293)|STATEMENT_EXECUTE|[192]
07:47:06.1 (17927683)|STATEMENT_EXECUTE|[193]
07:47:06.1 (17990315)|STATEMENT_EXECUTE|[194]
07:47:06.1 (18050577)|STATEMENT_EXECUTE|[197]
07:47:06.1 (18062116)|METHOD_EXIT|[74]|01pdL00000Up09Z|CpeAiAssistantController.buildRulePayload(String, String)
07:47:06.1 (18071907)|VARIABLE_SCOPE_BEGIN|[74]|rules|Map<String,Map<String,ANY>>|true|false
07:47:06.1 (18098388)|VARIABLE_ASSIGNMENT|[74]|rules|{"TV + Receiver":{"current":13,"min":0,"max":18},"Modem":{"current":"Wired","min":1,"max":1},"Wi-Fi Access Point":{"current":4,"min":1,"max":11}}|0x72dcf1a7
07:47:06.1 (18106127)|STATEMENT_EXECUTE|[77]
07:47:06.1 (18111108)|HEAP_ALLOCATE|[77]|Bytes:150
07:47:06.1 (18126029)|METHOD_ENTRY|[79]||System.JSON.serialize(Object)
07:47:06.1 (19465997)|METHOD_EXIT|[79]||System.JSON.serialize(Object)
07:47:06.1 (19479157)|HEAP_ALLOCATE|[79]|Bytes:24
07:47:06.1 (19538048)|HEAP_ALLOCATE|[80]|Bytes:29
07:47:06.1 (19556109)|HEAP_ALLOCATE|[77]|Bytes:1403
07:47:06.1 (19564549)|VARIABLE_SCOPE_BEGIN|[77]|fullMessage|String|false|false
07:47:06.1 (19583409)|VARIABLE_ASSIGNMENT|[77]|fullMessage|"System Context: You  (1383 more) ..."
07:47:06.1 (19590589)|STATEMENT_EXECUTE|[83]
07:47:06.1 (19594909)|HEAP_ALLOCATE|[84]|Bytes:22
07:47:06.1 (19600180)|HEAP_ALLOCATE|[85]|Bytes:21
07:47:06.1 (19668061)|HEAP_ALLOCATE|[83]|Bytes:12
07:47:06.1 (19678531)|HEAP_ALLOCATE|[83]|Bytes:58
07:47:06.1 (19695052)|SYSTEM_METHOD_ENTRY|[14]|Action.Action()
07:47:06.1 (19700492)|STATEMENT_EXECUTE|[14]
07:47:06.1 (19709702)|SYSTEM_METHOD_EXIT|[14]|Action
07:47:06.1 (19723152)|METHOD_ENTRY|[83]||Invocable.Action.createCustomAction(String, String)
07:47:06.1 (19962917)|METHOD_EXIT|[83]||Invocable.Action.createCustomAction(String, String)
07:47:06.1 (19970047)|VARIABLE_SCOPE_BEGIN|[83]|action|Invocable.Action|true|false
07:47:06.1 (20035239)|VARIABLE_ASSIGNMENT|[83]|action|{"invocations":"0x5688a325","invokeFromLightningComponent":false,"name":"CPE_Equipment_Manage (1 more) ...","type":"generatePromptRespon (2 more) ..."}|0x3564d4de
07:47:06.1 (20043029)|STATEMENT_EXECUTE|[88]
07:47:06.1 (20046399)|HEAP_ALLOCATE|[88]|Bytes:17
07:47:06.1 (20062299)|METHOD_ENTRY|[88]||Invocable.Action.setInvocationParameter(String, Object)
07:47:06.1 (20233243)|METHOD_EXIT|[88]||Invocable.Action.setInvocationParameter(String, Object)
07:47:06.1 (20239273)|STATEMENT_EXECUTE|[90]
07:47:06.1 (20247733)|METHOD_ENTRY|[90]||Invocable.Action.invoke()
07:47:09.225 (3225166135)|METHOD_EXIT|[90]||Invocable.Action.invoke()
07:47:09.225 (3225241897)|VARIABLE_SCOPE_BEGIN|[90]|results|List<Invocable.Action.Result>|true|false
07:47:09.225 (3225489042)|VARIABLE_ASSIGNMENT|[90]|results|[{"action":"0x3564d4de","errors":"0x35139f4","invocationParameters":"0x3fabfb90","outputParameters":"0xa788d2f","success":true}]|0x29085eaf
07:47:09.225 (3225574594)|STATEMENT_EXECUTE|[92]
07:47:09.225 (3225585144)|STATEMENT_EXECUTE|[96]
07:47:09.225 (3225611855)|HEAP_ALLOCATE|[96]|Bytes:24
07:47:09.225 (3225635085)|VARIABLE_SCOPE_BEGIN|[96]|result|Invocable.Action.Result|true|false
07:47:09.225 (3225675306)|VARIABLE_ASSIGNMENT|[96]|result|{"action":"0x3564d4de","errors":"0x35139f4","invocationParameters":"0x3fabfb90","outputParameters":"0xa788d2f","success":true}|0x239c4ce3
07:47:09.225 (3225747017)|METHOD_ENTRY|[98]||Invocable.Action.Result.isSuccess()
07:47:09.225 (3225827989)|METHOD_EXIT|[98]||Invocable.Action.Result.isSuccess()
07:47:09.225 (3225838379)|STATEMENT_EXECUTE|[98]
07:47:09.225 (3225842149)|STATEMENT_EXECUTE|[104]
07:47:09.225 (3225852280)|METHOD_ENTRY|[104]||Invocable.Action.Result.getOutputParameters()
07:47:09.225 (3225881000)|METHOD_EXIT|[104]||Invocable.Action.Result.getOutputParameters()
07:47:09.225 (3225889790)|VARIABLE_SCOPE_BEGIN|[104]|outputs|Map<String,ANY>|true|false
07:47:09.225 (3225925081)|VARIABLE_ASSIGNMENT|[104]|outputs|{"promptResponse":"{\n  \"message\": \"Remo (180 more) ..."}|0xa788d2f
07:47:09.225 (3225934701)|STATEMENT_EXECUTE|[105]
07:47:09.225 (3225937811)|STATEMENT_EXECUTE|[110]
07:47:09.225 (3225943592)|HEAP_ALLOCATE|[110]|Bytes:14
07:47:09.225 (3225992953)|VARIABLE_SCOPE_BEGIN|[110]|promptRespObj|Object|false|false
07:47:09.225 (3226012533)|VARIABLE_ASSIGNMENT|[110]|promptRespObj|"{\n  \"message\": \"Remo (180 more) ..."
07:47:09.225 (3226020073)|STATEMENT_EXECUTE|[111]
07:47:09.225 (3226034973)|VARIABLE_SCOPE_BEGIN|[111]|rawResponse|String|false|false
07:47:09.225 (3226048354)|VARIABLE_ASSIGNMENT|[111]|rawResponse|null
07:47:09.225 (3226055664)|STATEMENT_EXECUTE|[113]
07:47:09.225 (3226059004)|STATEMENT_EXECUTE|[114]
07:47:09.225 (3226170616)|HEAP_ALLOCATE|[114]|Bytes:200
07:47:09.225 (3226199827)|VARIABLE_ASSIGNMENT|[114]|rawResponse|"{\n  \"message\": \"Remo (180 more) ..."
07:47:09.225 (3226247118)|STATEMENT_EXECUTE|[119]
07:47:09.225 (3226250578)|STATEMENT_EXECUTE|[123]
07:47:09.225 (3226255088)|VARIABLE_SCOPE_BEGIN|[123]|cleanResponse|String|false|false
07:47:09.225 (3226268578)|VARIABLE_ASSIGNMENT|[123]|cleanResponse|null
07:47:09.225 (3226274178)|STATEMENT_EXECUTE|[124]
07:47:09.225 (3226277389)|STATEMENT_EXECUTE|[124]
07:47:09.225 (3226280439)|STATEMENT_EXECUTE|[125]
07:47:09.225 (3226299209)|METHOD_ENTRY|[125]||System.JSON.deserializeUntyped(String)
07:47:09.225 (3227496975)|METHOD_EXIT|[125]||System.JSON.deserializeUntyped(String)
07:47:09.225 (3227510895)|VARIABLE_SCOPE_BEGIN|[125]|parsed|Map<String,ANY>|true|false
07:47:09.225 (3227554026)|VARIABLE_ASSIGNMENT|[125]|parsed|{"message":"Removed 1 Wi-Fi Acce (66 more) ...","newState":{"TV + Receiver":8,"Modem":"Wired","Wi-Fi Access Point":3}}|0x74cf2f9
07:47:09.225 (3227565177)|HEAP_ALLOCATE|[126]|Bytes:5
07:47:09.225 (3227624078)|STATEMENT_EXECUTE|[128]
07:47:09.225 (3227627678)|STATEMENT_EXECUTE|[129]
07:47:09.225 (3227638598)|VARIABLE_ASSIGNMENT|[129]|cleanResponse|"{\n  \"message\": \"Remo (180 more) ..."
07:47:09.225 (3227647818)|STATEMENT_EXECUTE|[135]
07:47:09.225 (3227651228)|STATEMENT_EXECUTE|[136]
07:47:09.225 (3227655759)|HEAP_ALLOCATE|[136]|Bytes:3
07:47:09.225 (3227668739)|HEAP_ALLOCATE|[136]|Bytes:1
07:47:09.225 (3227776161)|HEAP_ALLOCATE|[136]|Bytes:200
07:47:09.225 (3227804352)|VARIABLE_ASSIGNMENT|[136]|cleanResponse|"{\n  \"message\": \"Remo (180 more) ..."
07:47:09.225 (3227812082)|STATEMENT_EXECUTE|[137]
07:47:09.225 (3227816771)|HEAP_ALLOCATE|[137]|Bytes:2
07:47:09.225 (3227855473)|HEAP_ALLOCATE|[137]|Bytes:200
07:47:09.225 (3227877503)|VARIABLE_ASSIGNMENT|[137]|cleanResponse|"{\n  \"message\": \"Remo (180 more) ..."
07:47:09.225 (3227885353)|STATEMENT_EXECUTE|[138]
07:47:09.225 (3227889692)|HEAP_ALLOCATE|[138]|Bytes:3
07:47:09.225 (3227896013)|HEAP_ALLOCATE|[138]|Bytes:1
07:47:09.225 (3227930653)|HEAP_ALLOCATE|[138]|Bytes:200
07:47:09.225 (3227954045)|VARIABLE_ASSIGNMENT|[138]|cleanResponse|"{\n  \"message\": \"Remo (180 more) ..."
07:47:09.225 (3227961654)|STATEMENT_EXECUTE|[142]
07:47:09.225 (3227985556)|METHOD_ENTRY|[142]|01pdL00000Up09Z|CpeAiAssistantController.parseAndValidateAgentResponse(String, Map<String,Map<String,ANY>>)
07:47:09.225 (3228013306)|VARIABLE_SCOPE_BEGIN|[261]|rawResponse|String|false|false
07:47:09.225 (3228028786)|VARIABLE_ASSIGNMENT|[261]|rawResponse|"{\n  \"message\": \"Remo (180 more) ..."
07:47:09.225 (3228035627)|VARIABLE_SCOPE_BEGIN|[261]|rules|Map<String,Map<String,ANY>>|true|false
07:47:09.225 (3228063117)|VARIABLE_ASSIGNMENT|[261]|rules|{"TV + Receiver":{"current":13,"min":0,"max":18},"Modem":{"current":"Wired","min":1,"max":1},"Wi-Fi Access Point":{"current":4,"min":1,"max":11}}|0x72dcf1a7
07:47:09.225 (3228110328)|HEAP_ALLOCATE|[262]|Bytes:5
07:47:09.225 (3228117298)|STATEMENT_EXECUTE|[261]
07:47:09.225 (3228120028)|STATEMENT_EXECUTE|[262]
07:47:09.225 (3228137619)|HEAP_ALLOCATE|[262]|Bytes:4
07:47:09.225 (3228156869)|VARIABLE_SCOPE_BEGIN|[262]|finalResponse|Map<String,ANY>|true|false
07:47:09.225 (3228174569)|VARIABLE_ASSIGNMENT|[262]|finalResponse|{}|0x722908fe
07:47:09.225 (3228181840)|STATEMENT_EXECUTE|[264]
07:47:09.225 (3228184690)|STATEMENT_EXECUTE|[264]
07:47:09.225 (3228187400)|STATEMENT_EXECUTE|[265]
07:47:09.225 (3228196290)|METHOD_ENTRY|[265]||System.JSON.deserializeUntyped(String)
07:47:09.225 (3228643919)|METHOD_EXIT|[265]||System.JSON.deserializeUntyped(String)
07:47:09.225 (3228656940)|VARIABLE_SCOPE_BEGIN|[265]|parsed|Map<String,ANY>|true|false
07:47:09.225 (3228688740)|VARIABLE_ASSIGNMENT|[265]|parsed|{"message":"Removed 1 Wi-Fi Acce (66 more) ...","newState":{"TV + Receiver":8,"Modem":"Wired","Wi-Fi Access Point":3}}|0x5841c3ec
07:47:09.225 (3228698971)|HEAP_ALLOCATE|[267]|Bytes:8
07:47:09.225 (3228736741)|STATEMENT_EXECUTE|[267]
07:47:09.225 (3228740671)|STATEMENT_EXECUTE|[268]
07:47:09.225 (3228780092)|VARIABLE_SCOPE_BEGIN|[268]|newStateRaw|Map<String,ANY>|true|false
07:47:09.225 (3228801573)|VARIABLE_ASSIGNMENT|[268]|newStateRaw|{"TV + Receiver":8,"Modem":"Wired","Wi-Fi Access Point":3}|0x4dd41e46
07:47:09.225 (3228809893)|STATEMENT_EXECUTE|[269]
07:47:09.225 (3228819313)|HEAP_ALLOCATE|[269]|Bytes:4
07:47:09.225 (3228828933)|VARIABLE_SCOPE_BEGIN|[269]|normalizedState|Map<String,ANY>|true|false
07:47:09.225 (3228844174)|VARIABLE_ASSIGNMENT|[269]|normalizedState|{}|0x5dd4ad2e
07:47:09.225 (3228851864)|STATEMENT_EXECUTE|[271]
07:47:09.225 (3228856944)|VARIABLE_SCOPE_BEGIN|[271]|changedCpeCount|Integer|false|false
07:47:09.225 (3228865674)|HEAP_ALLOCATE|[271]|Bytes:4
07:47:09.225 (3228875874)|VARIABLE_ASSIGNMENT|[271]|changedCpeCount|0
07:47:09.225 (3228989257)|HEAP_ALLOCATE|[273]|Bytes:52
07:47:09.225 (3229098039)|HEAP_ALLOCATE|[273]|Bytes:5
07:47:09.225 (3229146780)|VARIABLE_SCOPE_BEGIN|[273]|key|String|false|false
07:47:09.225 (3229163331)|VARIABLE_ASSIGNMENT|[273]|key|"TV + Receiver"
07:47:09.225 (3229170120)|STATEMENT_EXECUTE|[273]
07:47:09.225 (3229173241)|STATEMENT_EXECUTE|[274]
07:47:09.225 (3229181031)|METHOD_ENTRY|[274]|01pdL00000Up09Z|CpeAiAssistantController.normalizeProductName(String)
07:47:09.225 (3229197941)|VARIABLE_SCOPE_BEGIN|[252]|rawName|String|false|false
07:47:09.225 (3229210241)|VARIABLE_ASSIGNMENT|[252]|rawName|"TV + Receiver"
07:47:09.225 (3229222982)|HEAP_ALLOCATE|[253]|Bytes:5
07:47:09.225 (3229229213)|STATEMENT_EXECUTE|[252]
07:47:09.225 (3229259112)|STATEMENT_EXECUTE|[253]
07:47:09.225 (3229262773)|STATEMENT_EXECUTE|[254]
07:47:09.225 (3229282334)|HEAP_ALLOCATE|[254]|Bytes:13
07:47:09.225 (3229298823)|VARIABLE_SCOPE_BEGIN|[254]|lower|String|false|false
07:47:09.225 (3229313804)|VARIABLE_ASSIGNMENT|[254]|lower|"tv + receiver"
07:47:09.225 (3229352604)|STATEMENT_EXECUTE|[255]
07:47:09.225 (3229374395)|METHOD_EXIT|[274]|01pdL00000Up09Z|CpeAiAssistantController.normalizeProductName(String)
07:47:09.225 (3229383675)|VARIABLE_SCOPE_BEGIN|[274]|normKey|String|false|false
07:47:09.225 (3229397185)|VARIABLE_ASSIGNMENT|[274]|normKey|"TV + Receiver"
07:47:09.225 (3229438857)|HEAP_ALLOCATE|[276]|Bytes:17
07:47:09.225 (3229500058)|STATEMENT_EXECUTE|[276]
07:47:09.225 (3229504128)|STATEMENT_EXECUTE|[277]
07:47:09.225 (3229536139)|VARIABLE_SCOPE_BEGIN|[277]|qty|Integer|false|false
07:47:09.225 (3229558980)|VARIABLE_ASSIGNMENT|[277]|qty|8
07:47:09.225 (3229591629)|STATEMENT_EXECUTE|[279]
07:47:09.225 (3229595479)|STATEMENT_EXECUTE|[280]
07:47:09.225 (3229600250)|VARIABLE_SCOPE_BEGIN|[280]|current|Integer|false|false
07:47:09.225 (3229610270)|HEAP_ALLOCATE|[280]|Bytes:4
07:47:09.225 (3229620130)|VARIABLE_ASSIGNMENT|[280]|current|0
07:47:09.225 (3229690811)|STATEMENT_EXECUTE|[281]
07:47:09.225 (3229694892)|STATEMENT_EXECUTE|[282]
07:47:09.225 (3229748363)|VARIABLE_ASSIGNMENT|[282]|current|13
07:47:09.225 (3229757594)|STATEMENT_EXECUTE|[284]
07:47:09.225 (3229798955)|VARIABLE_SCOPE_BEGIN|[284]|max|Integer|false|false
07:47:09.225 (3229814004)|VARIABLE_ASSIGNMENT|[284]|max|18
07:47:09.225 (3229820475)|STATEMENT_EXECUTE|[285]
07:47:09.225 (3229866636)|VARIABLE_SCOPE_BEGIN|[285]|min|Integer|false|false
07:47:09.225 (3229881196)|VARIABLE_ASSIGNMENT|[285]|min|0
07:47:09.225 (3229903016)|STATEMENT_EXECUTE|[287]
07:47:09.225 (3229908387)|STATEMENT_EXECUTE|[295]
07:47:09.225 (3229911776)|STATEMENT_EXECUTE|[307]
07:47:09.225 (3229974967)|HEAP_ALLOCATE|[EXTERNAL]|Bytes:-4
07:47:09.225 (3230001469)|STATEMENT_EXECUTE|[309]
07:47:09.225 (3230005528)|STATEMENT_EXECUTE|[310]
07:47:09.225 (3230009909)|HEAP_ALLOCATE|[310]|Bytes:4
07:47:09.225 (3230023029)|VARIABLE_ASSIGNMENT|[310]|changedCpeCount|1
07:47:09.225 (3230044440)|HEAP_ALLOCATE|[273]|Bytes:5
07:47:09.225 (3230064070)|VARIABLE_SCOPE_BEGIN|[273]|key|String|false|false
07:47:09.225 (3230079850)|VARIABLE_ASSIGNMENT|[273]|key|"Modem"
07:47:09.225 (3230086471)|STATEMENT_EXECUTE|[273]
07:47:09.225 (3230089431)|STATEMENT_EXECUTE|[274]
07:47:09.225 (3230096031)|METHOD_ENTRY|[274]|01pdL00000Up09Z|CpeAiAssistantController.normalizeProductName(String)
07:47:09.225 (3230103311)|VARIABLE_SCOPE_BEGIN|[252]|rawName|String|false|false
07:47:09.225 (3230114001)|VARIABLE_ASSIGNMENT|[252]|rawName|"Modem"
07:47:09.225 (3230125752)|HEAP_ALLOCATE|[253]|Bytes:5
07:47:09.225 (3230131712)|STATEMENT_EXECUTE|[252]
07:47:09.225 (3230155941)|STATEMENT_EXECUTE|[253]
07:47:09.225 (3230158972)|STATEMENT_EXECUTE|[254]
07:47:09.225 (3230170313)|HEAP_ALLOCATE|[254]|Bytes:5
07:47:09.225 (3230184313)|VARIABLE_SCOPE_BEGIN|[254]|lower|String|false|false
07:47:09.225 (3230197043)|VARIABLE_ASSIGNMENT|[254]|lower|"modem"
07:47:09.225 (3230233244)|STATEMENT_EXECUTE|[255]
07:47:09.225 (3230325836)|STATEMENT_EXECUTE|[256]
07:47:09.225 (3230344566)|STATEMENT_EXECUTE|[257]
07:47:09.225 (3230353646)|METHOD_EXIT|[274]|01pdL00000Up09Z|CpeAiAssistantController.normalizeProductName(String)
07:47:09.225 (3230363786)|VARIABLE_SCOPE_BEGIN|[274]|normKey|String|false|false
07:47:09.225 (3230378047)|VARIABLE_ASSIGNMENT|[274]|normKey|"Modem"
07:47:09.225 (3230450739)|HEAP_ALLOCATE|[315]|Bytes:16
07:47:09.225 (3230547841)|STATEMENT_EXECUTE|[315]
07:47:09.225 (3230551481)|STATEMENT_EXECUTE|[317]
07:47:09.225 (3230597492)|HEAP_ALLOCATE|[EXTERNAL]|Bytes:-4
07:47:09.225 (3230609142)|STATEMENT_EXECUTE|[318]
07:47:09.225 (3230615652)|VARIABLE_SCOPE_BEGIN|[318]|currentStr|String|false|false
07:47:09.225 (3230630572)|VARIABLE_ASSIGNMENT|[318]|currentStr|""
07:47:09.225 (3230724904)|STATEMENT_EXECUTE|[319]
07:47:09.225 (3230728894)|STATEMENT_EXECUTE|[320]
07:47:09.225 (3230776575)|VARIABLE_ASSIGNMENT|[320]|currentStr|"Wired"
07:47:09.225 (3230821296)|HEAP_ALLOCATE|[322]|Bytes:5
07:47:09.225 (3230864827)|STATEMENT_EXECUTE|[322]
07:47:09.225 (3230878778)|HEAP_ALLOCATE|[273]|Bytes:5
07:47:09.225 (3230893878)|VARIABLE_SCOPE_BEGIN|[273]|key|String|false|false
07:47:09.225 (3230906768)|VARIABLE_ASSIGNMENT|[273]|key|"Wi-Fi Access Point"
07:47:09.225 (3230911958)|STATEMENT_EXECUTE|[273]
07:47:09.225 (3230914668)|STATEMENT_EXECUTE|[274]
07:47:09.225 (3230920218)|METHOD_ENTRY|[274]|01pdL00000Up09Z|CpeAiAssistantController.normalizeProductName(String)
07:47:09.225 (3230926879)|VARIABLE_SCOPE_BEGIN|[252]|rawName|String|false|false
07:47:09.225 (3230936879)|VARIABLE_ASSIGNMENT|[252]|rawName|"Wi-Fi Access Point"
07:47:09.225 (3230946489)|HEAP_ALLOCATE|[253]|Bytes:5
07:47:09.225 (3230951719)|STATEMENT_EXECUTE|[252]
07:47:09.225 (3230981640)|STATEMENT_EXECUTE|[253]
07:47:09.225 (3230985370)|STATEMENT_EXECUTE|[254]
07:47:09.225 (3230999870)|HEAP_ALLOCATE|[254]|Bytes:18
07:47:09.225 (3231014670)|VARIABLE_SCOPE_BEGIN|[254]|lower|String|false|false
07:47:09.225 (3231030061)|VARIABLE_ASSIGNMENT|[254]|lower|"wi-fi access point"
07:47:09.225 (3231068772)|STATEMENT_EXECUTE|[255]
07:47:09.225 (3231089372)|STATEMENT_EXECUTE|[256]
07:47:09.225 (3231099542)|METHOD_EXIT|[274]|01pdL00000Up09Z|CpeAiAssistantController.normalizeProductName(String)
07:47:09.225 (3231109392)|VARIABLE_SCOPE_BEGIN|[274]|normKey|String|false|false
07:47:09.225 (3231121503)|VARIABLE_ASSIGNMENT|[274]|normKey|"Wi-Fi Access Point"
07:47:09.225 (3231147793)|STATEMENT_EXECUTE|[276]
07:47:09.225 (3231151413)|STATEMENT_EXECUTE|[277]
07:47:09.225 (3231166404)|VARIABLE_SCOPE_BEGIN|[277]|qty|Integer|false|false
07:47:09.225 (3231181304)|VARIABLE_ASSIGNMENT|[277]|qty|3
07:47:09.225 (3231197154)|STATEMENT_EXECUTE|[279]
07:47:09.225 (3231200144)|STATEMENT_EXECUTE|[280]
07:47:09.225 (3231204604)|VARIABLE_SCOPE_BEGIN|[280]|current|Integer|false|false
07:47:09.225 (3231213065)|HEAP_ALLOCATE|[280]|Bytes:4
07:47:09.225 (3231222145)|VARIABLE_ASSIGNMENT|[280]|current|0
07:47:09.225 (3231261386)|STATEMENT_EXECUTE|[281]
07:47:09.225 (3231264956)|STATEMENT_EXECUTE|[282]
07:47:09.225 (3231294106)|VARIABLE_ASSIGNMENT|[282]|current|4
07:47:09.225 (3231302346)|STATEMENT_EXECUTE|[284]
07:47:09.225 (3231329927)|VARIABLE_SCOPE_BEGIN|[284]|max|Integer|false|false
07:47:09.225 (3231344567)|VARIABLE_ASSIGNMENT|[284]|max|11
07:47:09.225 (3231350727)|STATEMENT_EXECUTE|[285]
07:47:09.225 (3231379818)|VARIABLE_SCOPE_BEGIN|[285]|min|Integer|false|false
07:47:09.225 (3231393778)|VARIABLE_ASSIGNMENT|[285]|min|1
07:47:09.225 (3231403019)|STATEMENT_EXECUTE|[287]
07:47:09.225 (3231407569)|STATEMENT_EXECUTE|[295]
07:47:09.225 (3231410809)|STATEMENT_EXECUTE|[307]
07:47:09.225 (3231429069)|HEAP_ALLOCATE|[EXTERNAL]|Bytes:-4
07:47:09.225 (3231442809)|STATEMENT_EXECUTE|[309]
07:47:09.225 (3231446229)|STATEMENT_EXECUTE|[310]
07:47:09.225 (3231450330)|HEAP_ALLOCATE|[310]|Bytes:4
07:47:09.225 (3231461920)|VARIABLE_ASSIGNMENT|[310]|changedCpeCount|2
07:47:09.225 (3231479710)|HEAP_ALLOCATE|[273]|Bytes:5
07:47:09.225 (3231497421)|VARIABLE_ASSIGNMENT|[273]|key|null
07:47:09.225 (3231559972)|HEAP_ALLOCATE|[329]|Bytes:52
07:47:09.225 (3231600853)|HEAP_ALLOCATE|[329]|Bytes:5
07:47:09.225 (3231619093)|VARIABLE_SCOPE_BEGIN|[329]|ruleKey|String|false|false
07:47:09.225 (3231633983)|VARIABLE_ASSIGNMENT|[329]|ruleKey|"TV + Receiver"
07:47:09.225 (3231640714)|STATEMENT_EXECUTE|[329]
07:47:09.225 (3231674744)|STATEMENT_EXECUTE|[330]
07:47:09.225 (3231686914)|HEAP_ALLOCATE|[329]|Bytes:5
07:47:09.225 (3231703235)|VARIABLE_SCOPE_BEGIN|[329]|ruleKey|String|false|false
07:47:09.225 (3231716505)|VARIABLE_ASSIGNMENT|[329]|ruleKey|"Modem"
07:47:09.225 (3231722735)|STATEMENT_EXECUTE|[329]
07:47:09.225 (3231736866)|STATEMENT_EXECUTE|[330]
07:47:09.225 (3231747476)|HEAP_ALLOCATE|[329]|Bytes:5
07:47:09.225 (3231761386)|VARIABLE_SCOPE_BEGIN|[329]|ruleKey|String|false|false
07:47:09.225 (3231775506)|VARIABLE_ASSIGNMENT|[329]|ruleKey|"Wi-Fi Access Point"
07:47:09.225 (3231782096)|STATEMENT_EXECUTE|[329]
07:47:09.225 (3231797228)|STATEMENT_EXECUTE|[330]
07:47:09.225 (3231808757)|HEAP_ALLOCATE|[329]|Bytes:5
07:47:09.225 (3231827428)|VARIABLE_ASSIGNMENT|[329]|ruleKey|null
07:47:09.225 (3231835128)|STATEMENT_EXECUTE|[335]
07:47:09.225 (3231865368)|HEAP_ALLOCATE|[EXTERNAL]|Bytes:-4
07:47:09.225 (3231875448)|STATEMENT_EXECUTE|[338]
07:47:09.225 (3231892319)|HEAP_ALLOCATE|[338]|Bytes:4
07:47:09.225 (3231920059)|VARIABLE_SCOPE_BEGIN|[338]|stateChanges|List<Map<String,ANY>>|true|false
07:47:09.225 (3231954631)|HEAP_ALLOCATE|[EXTERNAL]|Bytes:4
07:47:09.225 (3231969850)|VARIABLE_ASSIGNMENT|[338]|stateChanges|[]|0x4376f60c
07:47:09.225 (3232008411)|HEAP_ALLOCATE|[339]|Bytes:52
07:47:09.225 (3232044422)|HEAP_ALLOCATE|[339]|Bytes:5
07:47:09.225 (3232063962)|VARIABLE_SCOPE_BEGIN|[339]|key|String|false|false
07:47:09.225 (3232080243)|VARIABLE_ASSIGNMENT|[339]|key|"TV + Receiver"
07:47:09.225 (3232087133)|STATEMENT_EXECUTE|[339]
07:47:09.225 (3232117254)|STATEMENT_EXECUTE|[340]
07:47:09.225 (3232120475)|STATEMENT_EXECUTE|[341]
07:47:09.225 (3232156084)|VARIABLE_SCOPE_BEGIN|[341]|newVal|Object|false|false
07:47:09.225 (3232172255)|VARIABLE_ASSIGNMENT|[341]|newVal|8
07:47:09.225 (3232178025)|STATEMENT_EXECUTE|[342]
07:47:09.225 (3232217766)|VARIABLE_SCOPE_BEGIN|[342]|curVal|Object|false|false
07:47:09.225 (3232233357)|VARIABLE_ASSIGNMENT|[342]|curVal|13
07:47:09.225 (3232360400)|STATEMENT_EXECUTE|[344]
07:47:09.225 (3232363789)|STATEMENT_EXECUTE|[345]
07:47:09.225 (3232373029)|HEAP_ALLOCATE|[345]|Bytes:4
07:47:09.225 (3232383770)|HEAP_ALLOCATE|[346]|Bytes:5
07:47:09.225 (3232423201)|HEAP_ALLOCATE|[346]|Bytes:13
07:47:09.225 (3232465082)|HEAP_ALLOCATE|[347]|Bytes:11
07:47:09.225 (3232492002)|HEAP_ALLOCATE|[348]|Bytes:8
07:47:09.225 (3232515672)|HEAP_ALLOCATE|[349]|Bytes:8
07:47:09.225 (3232534952)|HEAP_ALLOCATE|[350]|Bytes:5
07:47:09.225 (3232569134)|HEAP_ALLOCATE|[345]|Bytes:4
07:47:09.225 (3232584183)|VARIABLE_SCOPE_BEGIN|[345]|change|Map<String,ANY>|true|false
07:47:09.225 (3232616154)|VARIABLE_ASSIGNMENT|[345]|change|{"label":"TV + RECEIVER","productCode":"O_RES_TV_PLUS_STB","oldUnits":13,"newUnits":8,"units":-5}|0x3f9388a9
07:47:09.225 (3232682915)|STATEMENT_EXECUTE|[353]
07:47:09.225 (3232686726)|STATEMENT_EXECUTE|[354]
07:47:09.225 (3232691927)|HEAP_ALLOCATE|[354]|Bytes:14
07:47:09.225 (3232755597)|HEAP_ALLOCATE|[354]|Bytes:4
07:47:09.225 (3232767307)|HEAP_ALLOCATE|[EXTERNAL]|Bytes:-4
07:47:09.225 (3232776818)|STATEMENT_EXECUTE|[357]
07:47:09.225 (3232790339)|VARIABLE_SCOPE_BEGIN|[357]|curQty|Integer|false|false
07:47:09.225 (3232803529)|VARIABLE_ASSIGNMENT|[357]|curQty|13
07:47:09.225 (3232809139)|STATEMENT_EXECUTE|[358]
07:47:09.225 (3232820459)|VARIABLE_SCOPE_BEGIN|[358]|newQty|Integer|false|false
07:47:09.225 (3232832030)|VARIABLE_ASSIGNMENT|[358]|newQty|8
07:47:09.225 (3232837990)|STATEMENT_EXECUTE|[359]
07:47:09.225 (3232842590)|VARIABLE_SCOPE_BEGIN|[359]|diff|Integer|false|false
07:47:09.225 (3232850820)|HEAP_ALLOCATE|[359]|Bytes:4
07:47:09.225 (3232859679)|VARIABLE_ASSIGNMENT|[359]|diff|-5
07:47:09.225 (3232864610)|STATEMENT_EXECUTE|[360]
07:47:09.225 (3232925181)|VARIABLE_SCOPE_BEGIN|[2]|System.Math.E|Double|false|true
07:47:09.225 (3232934912)|VARIABLE_SCOPE_BEGIN|[3]|System.Math.PI|Double|false|true
07:47:09.225 (3232953262)|HEAP_ALLOCATE|[360]|Bytes:206
07:47:09.225 (3233020503)|SYSTEM_METHOD_ENTRY|[1]|Math.Math()
07:47:09.225 (3233031104)|STATEMENT_EXECUTE|[1]
07:47:09.225 (3233240508)|SYSTEM_METHOD_EXIT|[1]|Math
07:47:09.225 (3233261459)|METHOD_ENTRY|[360]||System.Math.abs(Integer)
07:47:09.225 (3233352230)|METHOD_EXIT|[360]||System.Math.abs(Integer)
07:47:09.225 (3233359951)|VARIABLE_SCOPE_BEGIN|[360]|diffAbs|Integer|false|false
07:47:09.225 (3233367811)|HEAP_ALLOCATE|[360]|Bytes:4
07:47:09.225 (3233378881)|VARIABLE_ASSIGNMENT|[360]|diffAbs|5
07:47:09.225 (3233404772)|STATEMENT_EXECUTE|[362]
07:47:09.225 (3233408192)|STATEMENT_EXECUTE|[363]
07:47:09.225 (3233413192)|HEAP_ALLOCATE|[363]|Bytes:12
07:47:09.225 (3233425432)|HEAP_ALLOCATE|[363]|Bytes:2
07:47:09.225 (3233468213)|HEAP_ALLOCATE|[363]|Bytes:2
07:47:09.225 (3233484003)|HEAP_ALLOCATE|[363]|Bytes:3
07:47:09.225 (3233511894)|HEAP_ALLOCATE|[363]|Bytes:7
07:47:09.225 (3233528214)|HEAP_ALLOCATE|[EXTERNAL]|Bytes:-4
07:47:09.225 (3233538834)|STATEMENT_EXECUTE|[370]
07:47:09.225 (3233569065)|HEAP_ALLOCATE|[EXTERNAL]|Bytes:4
07:47:09.225 (3233591655)|HEAP_ALLOCATE|[339]|Bytes:5
07:47:09.225 (3233607236)|VARIABLE_SCOPE_BEGIN|[339]|key|String|false|false
07:47:09.225 (3233620496)|VARIABLE_ASSIGNMENT|[339]|key|"Modem"
07:47:09.225 (3233626336)|STATEMENT_EXECUTE|[339]
07:47:09.225 (3233641416)|STATEMENT_EXECUTE|[340]
07:47:09.225 (3233644577)|STATEMENT_EXECUTE|[341]
07:47:09.225 (3233660697)|VARIABLE_SCOPE_BEGIN|[341]|newVal|Object|false|false
07:47:09.225 (3233674987)|VARIABLE_ASSIGNMENT|[341]|newVal|"Wired"
07:47:09.225 (3233680787)|STATEMENT_EXECUTE|[342]
07:47:09.225 (3233712218)|VARIABLE_SCOPE_BEGIN|[342]|curVal|Object|false|false
07:47:09.225 (3233725968)|VARIABLE_ASSIGNMENT|[342]|curVal|"Wired"
07:47:09.225 (3233767189)|STATEMENT_EXECUTE|[344]
07:47:09.225 (3233778299)|HEAP_ALLOCATE|[339]|Bytes:5
07:47:09.225 (3233793220)|VARIABLE_SCOPE_BEGIN|[339]|key|String|false|false
07:47:09.225 (3233806660)|VARIABLE_ASSIGNMENT|[339]|key|"Wi-Fi Access Point"
07:47:09.225 (3233812910)|STATEMENT_EXECUTE|[339]
07:47:09.225 (3233825490)|STATEMENT_EXECUTE|[340]
07:47:09.225 (3233828280)|STATEMENT_EXECUTE|[341]
07:47:09.225 (3233844121)|VARIABLE_SCOPE_BEGIN|[341]|newVal|Object|false|false
07:47:09.225 (3233859821)|VARIABLE_ASSIGNMENT|[341]|newVal|3
07:47:09.225 (3233865481)|STATEMENT_EXECUTE|[342]
07:47:09.225 (3233893742)|VARIABLE_SCOPE_BEGIN|[342]|curVal|Object|false|false
07:47:09.225 (3233908532)|VARIABLE_ASSIGNMENT|[342]|curVal|4
07:47:09.225 (3233937203)|STATEMENT_EXECUTE|[344]
07:47:09.225 (3233940933)|STATEMENT_EXECUTE|[345]
07:47:09.225 (3233950353)|HEAP_ALLOCATE|[345]|Bytes:4
07:47:09.225 (3233968623)|HEAP_ALLOCATE|[346]|Bytes:18
07:47:09.225 (3234008674)|HEAP_ALLOCATE|[347]|Bytes:23
07:47:09.225 (3234071426)|HEAP_ALLOCATE|[345]|Bytes:4
07:47:09.225 (3234084326)|VARIABLE_SCOPE_BEGIN|[345]|change|Map<String,ANY>|true|false
07:47:09.225 (3234111546)|VARIABLE_ASSIGNMENT|[345]|change|{"label":"WI-FI ACCESS POINT","productCode":"O_RES_HSI_WIFI_EXTEN (3 more) ...","oldUnits":4,"newUnits":3,"units":-1}|0x10444db5
07:47:09.225 (3234156147)|STATEMENT_EXECUTE|[353]
07:47:09.225 (3234159637)|STATEMENT_EXECUTE|[354]
07:47:09.225 (3234189648)|HEAP_ALLOCATE|[354]|Bytes:4
07:47:09.225 (3234200448)|HEAP_ALLOCATE|[EXTERNAL]|Bytes:-4
07:47:09.225 (3234209378)|STATEMENT_EXECUTE|[357]
07:47:09.225 (3234221449)|VARIABLE_SCOPE_BEGIN|[357]|curQty|Integer|false|false
07:47:09.225 (3234234489)|VARIABLE_ASSIGNMENT|[357]|curQty|4
07:47:09.225 (3234240489)|STATEMENT_EXECUTE|[358]
07:47:09.225 (3234249859)|VARIABLE_SCOPE_BEGIN|[358]|newQty|Integer|false|false
07:47:09.225 (3234260879)|VARIABLE_ASSIGNMENT|[358]|newQty|3
07:47:09.225 (3234266740)|STATEMENT_EXECUTE|[359]
07:47:09.225 (3234271560)|VARIABLE_SCOPE_BEGIN|[359]|diff|Integer|false|false
07:47:09.225 (3234279840)|HEAP_ALLOCATE|[359]|Bytes:4
07:47:09.225 (3234289750)|VARIABLE_ASSIGNMENT|[359]|diff|-1
07:47:09.225 (3234295950)|STATEMENT_EXECUTE|[360]
07:47:09.225 (3234303830)|METHOD_ENTRY|[360]||System.Math.abs(Integer)
07:47:09.225 (3234336651)|METHOD_EXIT|[360]||System.Math.abs(Integer)
07:47:09.225 (3234344101)|VARIABLE_SCOPE_BEGIN|[360]|diffAbs|Integer|false|false
07:47:09.225 (3234352451)|HEAP_ALLOCATE|[360]|Bytes:4
07:47:09.225 (3234362662)|VARIABLE_ASSIGNMENT|[360]|diffAbs|1
07:47:09.225 (3234381452)|STATEMENT_EXECUTE|[366]
07:47:09.225 (3234384782)|STATEMENT_EXECUTE|[367]
07:47:09.225 (3234430553)|HEAP_ALLOCATE|[367]|Bytes:2
07:47:09.225 (3234449223)|HEAP_ALLOCATE|[367]|Bytes:7
07:47:09.225 (3234464234)|HEAP_ALLOCATE|[EXTERNAL]|Bytes:-4
07:47:09.225 (3234474394)|STATEMENT_EXECUTE|[370]
07:47:09.225 (3234484264)|HEAP_ALLOCATE|[EXTERNAL]|Bytes:4
07:47:09.225 (3234503695)|HEAP_ALLOCATE|[339]|Bytes:5
07:47:09.225 (3234520926)|VARIABLE_ASSIGNMENT|[339]|key|null
07:47:09.225 (3234527705)|STATEMENT_EXECUTE|[374]
07:47:09.225 (3234532065)|HEAP_ALLOCATE|[374]|Bytes:12
07:47:09.225 (3234568076)|HEAP_ALLOCATE|[EXTERNAL]|Bytes:-4
07:47:09.225 (3234580786)|HEAP_ALLOCATE|[375]|Bytes:7
07:47:09.225 (3234618587)|STATEMENT_EXECUTE|[375]
07:47:09.225 (3234622267)|STATEMENT_EXECUTE|[376]
07:47:09.225 (3234651828)|HEAP_ALLOCATE|[EXTERNAL]|Bytes:-4
07:47:09.225 (3234664889)|STATEMENT_EXECUTE|[380]
07:47:09.225 (3234668849)|STATEMENT_EXECUTE|[381]
07:47:09.225 (3234673508)|HEAP_ALLOCATE|[381]|Bytes:21
07:47:09.225 (3234739651)|HEAP_ALLOCATE|[381]|Bytes:5
07:47:09.225 (3234748420)|HEAP_ALLOCATE|[EXTERNAL]|Bytes:-4
07:47:09.225 (3234759171)|STATEMENT_EXECUTE|[393]
07:47:09.225 (3234771000)|METHOD_EXIT|[142]|01pdL00000Up09Z|CpeAiAssistantController.parseAndValidateAgentResponse(String, Map<String,Map<String,ANY>>)
07:47:09.225 (3234777540)|VARIABLE_SCOPE_BEGIN|[142]|validatedResponse|Map<String,ANY>|true|false
07:47:09.225 (3234813412)|VARIABLE_ASSIGNMENT|[142]|validatedResponse|{"newState":{"TV + Receiver":8,"Modem":"Wired","Wi-Fi Access Point":3},"stateChanges":["Map of size 7 too large to display","Map of size 7 too large to display"],"message":"Removed 1 Wi-Fi Acce (66 more) ...","requireOtherCpePrompt":true}|0x722908fe
07:47:09.225 (3234820071)|STATEMENT_EXECUTE|[144]
07:47:09.225 (3234827321)|METHOD_ENTRY|[144]||System.JSON.serialize(Object)
07:47:09.225 (3236472407)|METHOD_EXIT|[144]||System.JSON.serialize(Object)
07:47:09.236 (3236593449)|CUMULATIVE_LIMIT_USAGE
07:47:09.236 (3236593449)|LIMIT_USAGE_FOR_NS|(default)|
  Number of SOQL queries: 0 out of 100
  Number of query rows: 0 out of 50000
  Number of SOSL queries: 0 out of 20
  Number of DML statements: 0 out of 150
  Number of Publish Immediate DML: 0 out of 150
  Number of DML rows: 0 out of 10000
  Maximum CPU time: 652 out of 10000
  Maximum heap size: 0 out of 6000000
  Number of callouts: 0 out of 100
  Number of Email Invocations: 0 out of 10
  Number of future calls: 0 out of 50
  Number of queueable jobs added to the queue: 0 out of 50
  Number of Mobile Apex push calls: 0 out of 10

07:47:09.236 (3236593449)|CUMULATIVE_LIMIT_USAGE_END

07:47:09.225 (3236671141)|CODE_UNIT_FINISHED|CpeAiAssistantController.sendMessageToAgent(String, String, String, String)
07:47:09.225 (3237040059)|CODE_UNIT_FINISHED|apex://CpeAiAssistantController/ACTION$sendMessageToAgent
07:47:09.225 (3237051349)|EXECUTION_FINISHED
