66.0 APEX_CODE,FINEST;APEX_PROFILING,INFO;CALLOUT,INFO;DATA_ACCESS,INFO;DB,INFO;NBA,INFO;SYSTEM,DEBUG;VALIDATION,INFO;VISUALFORCE,INFO;WAVE,INFO;WORKFLOW,INFO
08:16:45.1 (1275968)|USER_INFO|[EXTERNAL]|005dL00001kiJYb|abhijithshaibinu001.b869139f1496@agentforce.com|(GMT-07:00) Pacific Daylight Time (America/Los_Angeles)|GMT-07:00
08:16:45.1 (1355201)|EXECUTION_STARTED
08:16:45.1 (1383340)|CODE_UNIT_STARTED|[EXTERNAL]|apex://CpeAiAssistantController/ACTION$checkMyInventory
08:16:45.1 (4549269)|CODE_UNIT_STARTED|[EXTERNAL]|01pdL00000Up09Z|CpeAiAssistantController.checkMyInventory(String)
08:16:45.1 (6578872)|HEAP_ALLOCATE|[95]|Bytes:3
08:16:45.1 (6712244)|HEAP_ALLOCATE|[100]|Bytes:152
08:16:45.1 (6729694)|HEAP_ALLOCATE|[417]|Bytes:408
08:16:45.1 (6743135)|HEAP_ALLOCATE|[430]|Bytes:408
08:16:45.1 (6769025)|HEAP_ALLOCATE|[317]|Bytes:6
08:16:45.1 (6785335)|HEAP_ALLOCATE|[EXTERNAL]|Bytes:44
08:16:45.1 (6820026)|HEAP_ALLOCATE|[EXTERNAL]|Bytes:6
08:16:45.1 (6853007)|METHOD_ENTRY|[1]|01pdL00000Up09Z|CpeAiAssistantController.CpeAiAssistantController()
08:16:45.1 (6869247)|STATEMENT_EXECUTE|[1]
08:16:45.1 (6918388)|STATEMENT_EXECUTE|[1]
08:16:45.1 (6940379)|HEAP_ALLOCATE|[68]|Bytes:5
08:16:45.1 (6985201)|HEAP_ALLOCATE|[74]|Bytes:5
08:16:45.1 (6995361)|HEAP_ALLOCATE|[82]|Bytes:7
08:16:45.1 (7453100)|HEAP_ALLOCATE|[EXTERNAL]|Bytes:5
08:16:45.1 (7482611)|METHOD_EXIT|[1]|CpeAiAssistantController
08:16:45.1 (7489590)|HEAP_ALLOCATE|[EXTERNAL]|Bytes:5
08:16:45.1 (7515241)|VARIABLE_SCOPE_BEGIN|[444]|productSearchTerm|String|false|false
08:16:45.1 (7604824)|VARIABLE_ASSIGNMENT|[444]|productSearchTerm|"Modem"
08:16:45.1 (7676145)|HEAP_ALLOCATE|[445]|Bytes:5
08:16:45.1 (7682655)|STATEMENT_EXECUTE|[444]
08:16:45.1 (7685215)|STATEMENT_EXECUTE|[445]
08:16:45.1 (7687135)|STATEMENT_EXECUTE|[445]
08:16:45.1 (7689524)|STATEMENT_EXECUTE|[446]
08:16:45.1 (7725616)|METHOD_ENTRY|[446]|01pdL00000Up09Z|CpeAiAssistantController.findProductId(String)
08:16:45.1 (7751707)|VARIABLE_SCOPE_BEGIN|[578]|searchTerm|String|false|false
08:16:45.1 (7761566)|VARIABLE_ASSIGNMENT|[578]|searchTerm|"Modem"
08:16:45.1 (7772206)|HEAP_ALLOCATE|[579]|Bytes:5
08:16:45.1 (7778777)|STATEMENT_EXECUTE|[578]
08:16:45.1 (7866789)|STATEMENT_EXECUTE|[579]
08:16:45.1 (7869768)|STATEMENT_EXECUTE|[580]
08:16:45.1 (7873029)|HEAP_ALLOCATE|[580]|Bytes:1
08:16:45.1 (7907480)|HEAP_ALLOCATE|[580]|Bytes:5
08:16:45.1 (7928569)|HEAP_ALLOCATE|[580]|Bytes:7
08:16:45.1 (7935231)|VARIABLE_SCOPE_BEGIN|[580]|term|String|false|false
08:16:45.1 (7946981)|VARIABLE_ASSIGNMENT|[580]|term|"%Modem%"
08:16:45.1 (7951810)|STATEMENT_EXECUTE|[581]
08:16:45.1 (7954991)|HEAP_ALLOCATE|[581]|Bytes:87
08:16:45.1 (7978392)|HEAP_ALLOCATE|[581]|Bytes:4
08:16:45.1 (8039893)|HEAP_ALLOCATE|[581]|Bytes:7
08:16:45.1 (8066583)|HEAP_ALLOCATE|[581]|Bytes:7
08:16:45.1 (10347252)|SOQL_EXECUTE_BEGIN|[581]|Aggregations:0|SELECT Id FROM Product2 WHERE (Name LIKE :tmpVar1 OR ProductCode LIKE :tmpVar2) LIMIT 1
08:16:45.1 (43364707)|SOQL_EXECUTE_END|[581]|Rows:1
08:16:45.1 (43409208)|HEAP_ALLOCATE|[581]|Bytes:8
08:16:45.1 (43430539)|HEAP_ALLOCATE|[581]|Bytes:29
08:16:45.1 (43578182)|HEAP_ALLOCATE|[581]|Bytes:8
08:16:45.1 (43599592)|VARIABLE_SCOPE_BEGIN|[581]|products|List<Product2>|true|false
08:16:45.1 (43698634)|VARIABLE_ASSIGNMENT|[581]|products|[{"Id":"01tdL00000cgw05QAA"}]|0x354ede18
08:16:45.1 (43706454)|STATEMENT_EXECUTE|[587]
08:16:45.1 (43848097)|HEAP_ALLOCATE|[587]|Bytes:8
08:16:45.1 (43899999)|METHOD_EXIT|[446]|01pdL00000Up09Z|CpeAiAssistantController.findProductId(String)
08:16:45.1 (43909449)|VARIABLE_SCOPE_BEGIN|[446]|productId|Id|false|false
08:16:45.1 (44106314)|VARIABLE_ASSIGNMENT|[446]|productId|"01tdL00000cgw05QAA"
08:16:45.1 (44114023)|STATEMENT_EXECUTE|[448]
08:16:45.1 (44130573)|METHOD_ENTRY|[448]|01pdL00000Up09Z|CpeAiAssistantController.getMyServiceResource()
08:16:45.1 (44240717)|HEAP_ALLOCATE|[591]|Bytes:5
08:16:45.1 (44248226)|STATEMENT_EXECUTE|[590]
08:16:45.1 (44250717)|STATEMENT_EXECUTE|[591]
08:16:45.1 (44255037)|HEAP_ALLOCATE|[591]|Bytes:163
08:16:45.1 (44271386)|HEAP_ALLOCATE|[591]|Bytes:4
08:16:45.1 (44317718)|HEAP_ALLOCATE|[594]|Bytes:105
08:16:45.1 (44333169)|SYSTEM_METHOD_ENTRY|[1]|UserInfo.UserInfo()
08:16:45.1 (44337898)|STATEMENT_EXECUTE|[1]
08:16:45.1 (44351719)|SYSTEM_METHOD_EXIT|[1]|UserInfo
08:16:45.1 (44361868)|METHOD_ENTRY|[594]||System.UserInfo.getUserId()
08:16:45.1 (46063135)|METHOD_EXIT|[594]||System.UserInfo.getUserId()
08:16:45.1 (48304573)|SOQL_EXECUTE_BEGIN|[591]|Aggregations:0|SELECT Id, LocationId, LastKnownLocation, LastKnownLatitude, LastKnownLongitude FROM ServiceResource WHERE (RelatedRecordId = :tmpVar1 AND IsActive = TRUE) LIMIT 1
08:16:45.1 (58578403)|SOQL_EXECUTE_END|[591]|Rows:1
08:16:45.1 (58619353)|HEAP_ALLOCATE|[591]|Bytes:8
08:16:45.1 (58652784)|HEAP_ALLOCATE|[591]|Bytes:201
08:16:45.1 (59078983)|HEAP_ALLOCATE|[591]|Bytes:8
08:16:45.1 (59120854)|VARIABLE_SCOPE_BEGIN|[591]|srs|List<ServiceResource>|true|false
08:16:45.1 (59345579)|VARIABLE_ASSIGNMENT|[591]|srs|[{"LocationId":"131dL000000OKGvQAO","Id":"0HndL000000MjRVSA0","LastKnownLocation":{"latitude":0.0,"longitude":0.0},"LastKnownLatitude":0E-15,"LastKnownLongitude":0E-15}]|0x308887ac
08:16:45.1 (59354119)|STATEMENT_EXECUTE|[597]
08:16:45.1 (59479572)|HEAP_ALLOCATE|[597]|Bytes:24
08:16:45.1 (59499402)|METHOD_EXIT|[448]|01pdL00000Up09Z|CpeAiAssistantController.getMyServiceResource()
08:16:45.1 (59507362)|VARIABLE_SCOPE_BEGIN|[448]|sr|ServiceResource|true|false
08:16:45.1 (59561463)|VARIABLE_ASSIGNMENT|[448]|sr|{"LocationId":"131dL000000OKGvQAO","Id":"0HndL000000MjRVSA0","LastKnownLocation":{"latitude":0.0,"longitude":0.0},"LastKnownLatitude":0E-15,"LastKnownLongitude":0E-15}|0x42f35f39
08:16:45.1 (59604885)|STATEMENT_EXECUTE|[449]
08:16:45.1 (59607374)|STATEMENT_EXECUTE|[450]
08:16:45.1 (59612704)|HEAP_ALLOCATE|[450]|Bytes:102
08:16:45.1 (59632385)|HEAP_ALLOCATE|[450]|Bytes:4
08:16:45.1 (61507585)|SOQL_EXECUTE_BEGIN|[450]|Aggregations:0|SELECT QuantityOnHand FROM ProductItem WHERE (LocationId = :tmpVar1 AND Product2Id = :tmpVar2) LIMIT 1
08:16:45.1 (80407399)|SOQL_EXECUTE_END|[450]|Rows:1
08:16:45.1 (80450409)|HEAP_ALLOCATE|[450]|Bytes:8
08:16:45.1 (80517161)|HEAP_ALLOCATE|[450]|Bytes:83
08:16:45.1 (80635403)|HEAP_ALLOCATE|[450]|Bytes:8
08:16:45.1 (80658744)|VARIABLE_SCOPE_BEGIN|[450]|items|List<ProductItem>|true|false
08:16:45.1 (80764596)|VARIABLE_ASSIGNMENT|[450]|items|[{"QuantityOnHand":5.00,"Id":"0CodL00000DwfrJSAR"}]|0x3716286d
08:16:45.1 (80902860)|HEAP_ALLOCATE|[456]|Bytes:12
08:16:45.1 (81033632)|HEAP_ALLOCATE|[456]|Bytes:28
08:16:45.1 (81048112)|HEAP_ALLOCATE|[456]|Bytes:28
08:16:45.1 (81142825)|STATEMENT_EXECUTE|[456]
08:16:45.1 (81147404)|STATEMENT_EXECUTE|[457]
08:16:45.1 (81171395)|HEAP_ALLOCATE|[457]|Bytes:4
08:16:45.1 (81191015)|HEAP_ALLOCATE|[458]|Bytes:6
08:16:45.1 (81198245)|HEAP_ALLOCATE|[458]|Bytes:7
08:16:45.1 (81274918)|HEAP_ALLOCATE|[459]|Bytes:8
08:16:45.1 (81298478)|HEAP_ALLOCATE|[459]|Bytes:12
08:16:45.1 (81363120)|HEAP_ALLOCATE|[457]|Bytes:28
08:16:45.1 (81379419)|HEAP_ALLOCATE|[460]|Bytes:7
08:16:45.1 (81386630)|HEAP_ALLOCATE|[460]|Bytes:9
08:16:45.1 (81399409)|HEAP_ALLOCATE|[460]|Bytes:12
08:16:45.1 (81477112)|HEAP_ALLOCATE|[460]|Bytes:4
08:16:45.1 (81494811)|HEAP_ALLOCATE|[460]|Bytes:4
08:16:45.1 (81501673)|HEAP_ALLOCATE|[460]|Bytes:13
08:16:45.1 (81529412)|HEAP_ALLOCATE|[460]|Bytes:35
08:16:45.1 (81632254)|HEAP_ALLOCATE|[457]|Bytes:24
08:16:45.1 (81654425)|SYSTEM_METHOD_ENTRY|[1]|JSON.JSON()
08:16:45.1 (81661396)|STATEMENT_EXECUTE|[1]
08:16:45.1 (81674825)|SYSTEM_METHOD_EXIT|[1]|JSON
08:16:45.1 (81690517)|METHOD_ENTRY|[457]||System.JSON.serialize(Object)
08:16:45.1 (82581145)|METHOD_EXIT|[457]||System.JSON.serialize(Object)
08:16:45.82 (82712838)|CUMULATIVE_LIMIT_USAGE
08:16:45.82 (82712838)|LIMIT_USAGE_FOR_NS|(default)|
  Number of SOQL queries: 3 out of 100
  Number of query rows: 3 out of 50000
  Number of SOSL queries: 0 out of 20
  Number of DML statements: 0 out of 150
  Number of Publish Immediate DML: 0 out of 150
  Number of DML rows: 0 out of 10000
  Maximum CPU time: 0 out of 10000
  Maximum heap size: 0 out of 6000000
  Number of callouts: 0 out of 100
  Number of Email Invocations: 0 out of 10
  Number of future calls: 0 out of 50
  Number of queueable jobs added to the queue: 0 out of 50
  Number of Mobile Apex push calls: 0 out of 10

08:16:45.82 (82712838)|CUMULATIVE_LIMIT_USAGE_END

08:16:45.1 (82777609)|CODE_UNIT_FINISHED|CpeAiAssistantController.checkMyInventory(String)
08:16:45.1 (83123917)|CODE_UNIT_FINISHED|apex://CpeAiAssistantController/ACTION$checkMyInventory
08:16:45.1 (83141197)|EXECUTION_FINISHED
