66.0 APEX_CODE,FINEST;APEX_PROFILING,INFO;CALLOUT,INFO;DATA_ACCESS,INFO;DB,INFO;NBA,INFO;SYSTEM,DEBUG;VALIDATION,INFO;VISUALFORCE,INFO;WAVE,INFO;WORKFLOW,INFO
08:11:01.1 (1201848)|USER_INFO|[EXTERNAL]|005dL00001kiJYb|abhijithshaibinu001.b869139f1496@agentforce.com|(GMT-07:00) Pacific Daylight Time (America/Los_Angeles)|GMT-07:00
08:11:01.1 (1315260)|EXECUTION_STARTED
08:11:01.1 (1349361)|CODE_UNIT_STARTED|[EXTERNAL]|apex://CpeAiAssistantController/ACTION$sendMessageToAgent
08:11:01.1 (4108396)|CODE_UNIT_STARTED|[EXTERNAL]|01pdL00000Up09Z|CpeAiAssistantController.sendMessageToAgent(String, String, String, String)
08:11:01.1 (6001031)|HEAP_ALLOCATE|[95]|Bytes:3
08:11:01.1 (6137674)|HEAP_ALLOCATE|[100]|Bytes:152
08:11:01.1 (6156693)|HEAP_ALLOCATE|[417]|Bytes:408
08:11:01.1 (6167334)|HEAP_ALLOCATE|[430]|Bytes:408
08:11:01.1 (6191265)|HEAP_ALLOCATE|[317]|Bytes:6
08:11:01.1 (6208315)|HEAP_ALLOCATE|[EXTERNAL]|Bytes:44
08:11:01.1 (6216716)|HEAP_ALLOCATE|[EXTERNAL]|Bytes:6
08:11:01.1 (6240956)|METHOD_ENTRY|[1]|01pdL00000Up09Z|CpeAiAssistantController.CpeAiAssistantController()
08:11:01.1 (6255927)|STATEMENT_EXECUTE|[1]
08:11:01.1 (6264357)|STATEMENT_EXECUTE|[1]
08:11:01.1 (6284437)|HEAP_ALLOCATE|[68]|Bytes:5
08:11:01.1 (6325208)|HEAP_ALLOCATE|[74]|Bytes:5
08:11:01.1 (6334518)|HEAP_ALLOCATE|[82]|Bytes:7
08:11:01.1 (6739778)|HEAP_ALLOCATE|[EXTERNAL]|Bytes:5
08:11:01.1 (6771219)|METHOD_EXIT|[1]|CpeAiAssistantController
08:11:01.1 (6778609)|HEAP_ALLOCATE|[EXTERNAL]|Bytes:26
08:11:01.1 (6782148)|HEAP_ALLOCATE|[EXTERNAL]|Bytes:734
08:11:01.1 (6785119)|HEAP_ALLOCATE|[EXTERNAL]|Bytes:102
08:11:01.1 (6787879)|HEAP_ALLOCATE|[EXTERNAL]|Bytes:724
08:11:01.1 (6808660)|VARIABLE_SCOPE_BEGIN|[71]|userMessage|String|false|false
08:11:01.1 (6879161)|VARIABLE_ASSIGNMENT|[71]|userMessage|"Remove 2 wifi access (6 more) ..."
08:11:01.1 (6885230)|VARIABLE_SCOPE_BEGIN|[71]|cpeItemsJson|String|false|false
08:11:01.1 (6895012)|VARIABLE_ASSIGNMENT|[71]|cpeItemsJson|"{\n  \"CpeItems\": [\n   (714 more) ..."
08:11:01.1 (6899142)|VARIABLE_SCOPE_BEGIN|[71]|currentCartJson|String|false|false
08:11:01.1 (6906551)|VARIABLE_ASSIGNMENT|[71]|currentCartJson|"{\"TV + Receiver\":6,\" (82 more) ..."
08:11:01.1 (6910111)|VARIABLE_SCOPE_BEGIN|[71]|chatHistory|String|false|false
08:11:01.1 (6917582)|VARIABLE_ASSIGNMENT|[71]|chatHistory|"Technician: Add Rece (704 more) ..."
08:11:01.1 (6930791)|HEAP_ALLOCATE|[72]|Bytes:5
08:11:01.1 (6936232)|STATEMENT_EXECUTE|[71]
08:11:01.1 (6939043)|STATEMENT_EXECUTE|[72]
08:11:01.1 (6940973)|STATEMENT_EXECUTE|[72]
08:11:01.1 (6943152)|STATEMENT_EXECUTE|[74]
08:11:01.1 (6977084)|METHOD_ENTRY|[74]|01pdL00000Up09Z|CpeAiAssistantController.buildRulePayload(String, String)
08:11:01.1 (7007033)|VARIABLE_SCOPE_BEGIN|[156]|cpeItemsJson|String|false|false
08:11:01.1 (7017184)|VARIABLE_ASSIGNMENT|[156]|cpeItemsJson|"{\n  \"CpeItems\": [\n   (714 more) ..."
08:11:01.1 (7021065)|VARIABLE_SCOPE_BEGIN|[156]|currentCartJson|String|false|false
08:11:01.1 (7028085)|VARIABLE_ASSIGNMENT|[156]|currentCartJson|"{\"TV + Receiver\":6,\" (82 more) ..."
08:11:01.1 (7037345)|HEAP_ALLOCATE|[157]|Bytes:5
08:11:01.1 (7042255)|STATEMENT_EXECUTE|[156]
08:11:01.1 (7044425)|STATEMENT_EXECUTE|[157]
08:11:01.1 (7062006)|HEAP_ALLOCATE|[157]|Bytes:4
08:11:01.1 (7078235)|VARIABLE_SCOPE_BEGIN|[157]|rules|Map<String,Map<String,ANY>>|true|false
08:11:01.1 (7111116)|VARIABLE_ASSIGNMENT|[157]|rules|{}|0x4d9710ca
08:11:01.1 (7115676)|STATEMENT_EXECUTE|[158]
08:11:01.1 (7119156)|HEAP_ALLOCATE|[158]|Bytes:13
08:11:01.1 (7128547)|HEAP_ALLOCATE|[158]|Bytes:4
08:11:01.1 (7137187)|HEAP_ALLOCATE|[158]|Bytes:7
08:11:01.1 (7202838)|HEAP_ALLOCATE|[158]|Bytes:4
08:11:01.1 (7239970)|HEAP_ALLOCATE|[158]|Bytes:3
08:11:01.1 (7250460)|HEAP_ALLOCATE|[158]|Bytes:4
08:11:01.1 (7261450)|HEAP_ALLOCATE|[158]|Bytes:3
08:11:01.1 (7269570)|HEAP_ALLOCATE|[158]|Bytes:4
08:11:01.1 (7290971)|HEAP_ALLOCATE|[EXTERNAL]|Bytes:-4
08:11:01.1 (7298661)|STATEMENT_EXECUTE|[159]
08:11:01.1 (7301941)|HEAP_ALLOCATE|[159]|Bytes:5
08:11:01.1 (7310040)|HEAP_ALLOCATE|[159]|Bytes:4
08:11:01.1 (7316951)|HEAP_ALLOCATE|[159]|Bytes:5
08:11:01.1 (7346012)|HEAP_ALLOCATE|[159]|Bytes:4
08:11:01.1 (7360583)|HEAP_ALLOCATE|[159]|Bytes:4
08:11:01.1 (7374703)|HEAP_ALLOCATE|[EXTERNAL]|Bytes:-4
08:11:01.1 (7381073)|STATEMENT_EXECUTE|[160]
08:11:01.1 (7384122)|HEAP_ALLOCATE|[160]|Bytes:18
08:11:01.1 (7391202)|HEAP_ALLOCATE|[160]|Bytes:4
08:11:01.1 (7410994)|HEAP_ALLOCATE|[160]|Bytes:4
08:11:01.1 (7426534)|HEAP_ALLOCATE|[160]|Bytes:4
08:11:01.1 (7439894)|HEAP_ALLOCATE|[160]|Bytes:4
08:11:01.1 (7453815)|HEAP_ALLOCATE|[EXTERNAL]|Bytes:-4
08:11:01.1 (7515176)|STATEMENT_EXECUTE|[162]
08:11:01.1 (7517925)|STATEMENT_EXECUTE|[163]
08:11:01.1 (7519856)|STATEMENT_EXECUTE|[163]
08:11:01.1 (7522125)|STATEMENT_EXECUTE|[164]
08:11:01.1 (7560657)|HEAP_ALLOCATE|[164]|Bytes:24
08:11:01.1 (7643029)|SYSTEM_METHOD_ENTRY|[1]|JSON.JSON()
08:11:01.1 (7649149)|STATEMENT_EXECUTE|[1]
08:11:01.1 (7661360)|SYSTEM_METHOD_EXIT|[1]|JSON
08:11:01.1 (7670860)|METHOD_ENTRY|[164]||System.JSON.deserializeUntyped(String)
08:11:01.1 (12110444)|METHOD_EXIT|[164]||System.JSON.deserializeUntyped(String)
08:11:01.1 (12128865)|VARIABLE_SCOPE_BEGIN|[164]|currentCart|Map<String,ANY>|true|false
08:11:01.1 (12154775)|VARIABLE_ASSIGNMENT|[164]|currentCart|"Map of size 6 too large to display"|0x228575f1
08:11:01.1 (12256528)|HEAP_ALLOCATE|[165]|Bytes:87
08:11:01.1 (12356959)|HEAP_ALLOCATE|[165]|Bytes:5
08:11:01.1 (12380160)|VARIABLE_SCOPE_BEGIN|[165]|key|String|false|false
08:11:01.1 (12391880)|VARIABLE_ASSIGNMENT|[165]|key|"TV + Receiver"
08:11:01.1 (12397371)|STATEMENT_EXECUTE|[165]
08:11:01.1 (12399731)|STATEMENT_EXECUTE|[166]
08:11:01.1 (12415961)|METHOD_ENTRY|[166]|01pdL00000Up09Z|CpeAiAssistantController.normalizeProductName(String)
08:11:01.1 (12432182)|VARIABLE_SCOPE_BEGIN|[255]|rawName|String|false|false
08:11:01.1 (12441592)|VARIABLE_ASSIGNMENT|[255]|rawName|"TV + Receiver"
08:11:01.1 (12452452)|HEAP_ALLOCATE|[256]|Bytes:5
08:11:01.1 (12457173)|STATEMENT_EXECUTE|[255]
08:11:01.1 (12496104)|STATEMENT_EXECUTE|[256]
08:11:01.1 (12498544)|STATEMENT_EXECUTE|[257]
08:11:01.1 (12516094)|HEAP_ALLOCATE|[257]|Bytes:13
08:11:01.1 (12526734)|VARIABLE_SCOPE_BEGIN|[257]|lower|String|false|false
08:11:01.1 (12535723)|VARIABLE_ASSIGNMENT|[257]|lower|"tv + receiver"
08:11:01.1 (12540745)|HEAP_ALLOCATE|[258]|Bytes:2
08:11:01.1 (12571435)|STATEMENT_EXECUTE|[258]
08:11:01.1 (12581696)|METHOD_EXIT|[166]|01pdL00000Up09Z|CpeAiAssistantController.normalizeProductName(String)
08:11:01.1 (12587365)|VARIABLE_SCOPE_BEGIN|[166]|normKey|String|false|false
08:11:01.1 (12596056)|VARIABLE_ASSIGNMENT|[166]|normKey|"TV + Receiver"
08:11:01.1 (12622877)|STATEMENT_EXECUTE|[167]
08:11:01.1 (12625377)|STATEMENT_EXECUTE|[168]
08:11:01.1 (12696647)|HEAP_ALLOCATE|[165]|Bytes:5
08:11:01.1 (12710639)|VARIABLE_SCOPE_BEGIN|[165]|key|String|false|false
08:11:01.1 (12719519)|VARIABLE_ASSIGNMENT|[165]|key|"Modem"
08:11:01.1 (12723419)|STATEMENT_EXECUTE|[165]
08:11:01.1 (12725869)|STATEMENT_EXECUTE|[166]
08:11:01.1 (12729909)|METHOD_ENTRY|[166]|01pdL00000Up09Z|CpeAiAssistantController.normalizeProductName(String)
08:11:01.1 (12735159)|VARIABLE_SCOPE_BEGIN|[255]|rawName|String|false|false
08:11:01.1 (12742419)|VARIABLE_ASSIGNMENT|[255]|rawName|"Modem"
08:11:01.1 (12749208)|HEAP_ALLOCATE|[256]|Bytes:5
08:11:01.1 (12753080)|STATEMENT_EXECUTE|[255]
08:11:01.1 (12769580)|STATEMENT_EXECUTE|[256]
08:11:01.1 (12771809)|STATEMENT_EXECUTE|[257]
08:11:01.1 (12781070)|HEAP_ALLOCATE|[257]|Bytes:5
08:11:01.1 (12791480)|VARIABLE_SCOPE_BEGIN|[257]|lower|String|false|false
08:11:01.1 (12799751)|VARIABLE_ASSIGNMENT|[257]|lower|"modem"
08:11:01.1 (12816151)|HEAP_ALLOCATE|[258]|Bytes:8
08:11:01.1 (12832601)|STATEMENT_EXECUTE|[258]
08:11:01.1 (12835742)|HEAP_ALLOCATE|[259]|Bytes:5
08:11:01.1 (12861682)|HEAP_ALLOCATE|[259]|Bytes:4
08:11:01.1 (12877983)|HEAP_ALLOCATE|[259]|Bytes:2
08:11:01.1 (12894332)|HEAP_ALLOCATE|[259]|Bytes:12
08:11:01.1 (12908873)|HEAP_ALLOCATE|[259]|Bytes:6
08:11:01.1 (12924514)|STATEMENT_EXECUTE|[259]
08:11:01.1 (12927424)|HEAP_ALLOCATE|[260]|Bytes:5
08:11:01.1 (12949653)|STATEMENT_EXECUTE|[260]
08:11:01.1 (12957204)|METHOD_EXIT|[166]|01pdL00000Up09Z|CpeAiAssistantController.normalizeProductName(String)
08:11:01.1 (12962605)|VARIABLE_SCOPE_BEGIN|[166]|normKey|String|false|false
08:11:01.1 (12970595)|VARIABLE_ASSIGNMENT|[166]|normKey|"Modem"
08:11:01.1 (12982545)|STATEMENT_EXECUTE|[167]
08:11:01.1 (12984505)|STATEMENT_EXECUTE|[168]
08:11:01.1 (13015506)|HEAP_ALLOCATE|[165]|Bytes:5
08:11:01.1 (13027655)|VARIABLE_SCOPE_BEGIN|[165]|key|String|false|false
08:11:01.1 (13036255)|VARIABLE_ASSIGNMENT|[165]|key|"Wi-Fi Access Point"
08:11:01.1 (13040076)|STATEMENT_EXECUTE|[165]
08:11:01.1 (13042106)|STATEMENT_EXECUTE|[166]
08:11:01.1 (13045846)|METHOD_ENTRY|[166]|01pdL00000Up09Z|CpeAiAssistantController.normalizeProductName(String)
08:11:01.1 (13050757)|VARIABLE_SCOPE_BEGIN|[255]|rawName|String|false|false
08:11:01.1 (13058336)|VARIABLE_ASSIGNMENT|[255]|rawName|"Wi-Fi Access Point"
08:11:01.1 (13065197)|HEAP_ALLOCATE|[256]|Bytes:5
08:11:01.1 (13069127)|STATEMENT_EXECUTE|[255]
08:11:01.1 (13084027)|STATEMENT_EXECUTE|[256]
08:11:01.1 (13087047)|STATEMENT_EXECUTE|[257]
08:11:01.1 (13094998)|HEAP_ALLOCATE|[257]|Bytes:18
08:11:01.1 (13105697)|VARIABLE_SCOPE_BEGIN|[257]|lower|String|false|false
08:11:01.1 (13115228)|VARIABLE_ASSIGNMENT|[257]|lower|"wi-fi access point"
08:11:01.1 (13139989)|STATEMENT_EXECUTE|[258]
08:11:01.1 (13151778)|STATEMENT_EXECUTE|[259]
08:11:01.1 (13157089)|METHOD_EXIT|[166]|01pdL00000Up09Z|CpeAiAssistantController.normalizeProductName(String)
08:11:01.1 (13161989)|VARIABLE_SCOPE_BEGIN|[166]|normKey|String|false|false
08:11:01.1 (13169669)|VARIABLE_ASSIGNMENT|[166]|normKey|"Wi-Fi Access Point"
08:11:01.1 (13181480)|STATEMENT_EXECUTE|[167]
08:11:01.1 (13183610)|STATEMENT_EXECUTE|[168]
08:11:01.1 (13216660)|HEAP_ALLOCATE|[165]|Bytes:5
08:11:01.1 (13228081)|VARIABLE_SCOPE_BEGIN|[165]|key|String|false|false
08:11:01.1 (13237361)|VARIABLE_ASSIGNMENT|[165]|key|"baseTv"
08:11:01.1 (13240980)|STATEMENT_EXECUTE|[165]
08:11:01.1 (13242971)|STATEMENT_EXECUTE|[166]
08:11:01.1 (13246700)|METHOD_ENTRY|[166]|01pdL00000Up09Z|CpeAiAssistantController.normalizeProductName(String)
08:11:01.1 (13251460)|VARIABLE_SCOPE_BEGIN|[255]|rawName|String|false|false
08:11:01.1 (13298781)|VARIABLE_ASSIGNMENT|[255]|rawName|"baseTv"
08:11:01.1 (13309533)|HEAP_ALLOCATE|[256]|Bytes:5
08:11:01.1 (13315453)|STATEMENT_EXECUTE|[255]
08:11:01.1 (13334963)|STATEMENT_EXECUTE|[256]
08:11:01.1 (13337153)|STATEMENT_EXECUTE|[257]
08:11:01.1 (13345074)|HEAP_ALLOCATE|[257]|Bytes:6
08:11:01.1 (13355783)|VARIABLE_SCOPE_BEGIN|[257]|lower|String|false|false
08:11:01.1 (13364623)|VARIABLE_ASSIGNMENT|[257]|lower|"basetv"
08:11:01.1 (13378604)|STATEMENT_EXECUTE|[258]
08:11:01.1 (13384924)|METHOD_EXIT|[166]|01pdL00000Up09Z|CpeAiAssistantController.normalizeProductName(String)
08:11:01.1 (13390255)|VARIABLE_SCOPE_BEGIN|[166]|normKey|String|false|false
08:11:01.1 (13398264)|VARIABLE_ASSIGNMENT|[166]|normKey|"TV + Receiver"
08:11:01.1 (13410395)|STATEMENT_EXECUTE|[167]
08:11:01.1 (13412535)|STATEMENT_EXECUTE|[168]
08:11:01.1 (13448926)|HEAP_ALLOCATE|[165]|Bytes:5
08:11:01.1 (13460945)|VARIABLE_SCOPE_BEGIN|[165]|key|String|false|false
08:11:01.1 (13469176)|VARIABLE_ASSIGNMENT|[165]|key|"baseWifi"
08:11:01.1 (13472807)|STATEMENT_EXECUTE|[165]
08:11:01.1 (13475007)|STATEMENT_EXECUTE|[166]
08:11:01.1 (13478817)|METHOD_ENTRY|[166]|01pdL00000Up09Z|CpeAiAssistantController.normalizeProductName(String)
08:11:01.1 (13483727)|VARIABLE_SCOPE_BEGIN|[255]|rawName|String|false|false
08:11:01.1 (13491017)|VARIABLE_ASSIGNMENT|[255]|rawName|"baseWifi"
08:11:01.1 (13498157)|HEAP_ALLOCATE|[256]|Bytes:5
08:11:01.1 (13502197)|STATEMENT_EXECUTE|[255]
08:11:01.1 (13516678)|STATEMENT_EXECUTE|[256]
08:11:01.1 (13518698)|STATEMENT_EXECUTE|[257]
08:11:01.1 (13526958)|HEAP_ALLOCATE|[257]|Bytes:8
08:11:01.1 (13537718)|VARIABLE_SCOPE_BEGIN|[257]|lower|String|false|false
08:11:01.1 (13546618)|VARIABLE_ASSIGNMENT|[257]|lower|"basewifi"
08:11:01.1 (13569979)|STATEMENT_EXECUTE|[258]
08:11:01.1 (13592329)|STATEMENT_EXECUTE|[259]
08:11:01.1 (13597339)|METHOD_EXIT|[166]|01pdL00000Up09Z|CpeAiAssistantController.normalizeProductName(String)
08:11:01.1 (13602730)|VARIABLE_SCOPE_BEGIN|[166]|normKey|String|false|false
08:11:01.1 (13610280)|VARIABLE_ASSIGNMENT|[166]|normKey|"Wi-Fi Access Point"
08:11:01.1 (13621589)|STATEMENT_EXECUTE|[167]
08:11:01.1 (13623640)|STATEMENT_EXECUTE|[168]
08:11:01.1 (13655411)|HEAP_ALLOCATE|[165]|Bytes:5
08:11:01.1 (13666510)|VARIABLE_SCOPE_BEGIN|[165]|key|String|false|false
08:11:01.1 (13674790)|VARIABLE_ASSIGNMENT|[165]|key|"baseModem"
08:11:01.1 (13678581)|STATEMENT_EXECUTE|[165]
08:11:01.1 (13680641)|STATEMENT_EXECUTE|[166]
08:11:01.1 (13684342)|METHOD_ENTRY|[166]|01pdL00000Up09Z|CpeAiAssistantController.normalizeProductName(String)
08:11:01.1 (13688782)|VARIABLE_SCOPE_BEGIN|[255]|rawName|String|false|false
08:11:01.1 (13695562)|VARIABLE_ASSIGNMENT|[255]|rawName|"baseModem"
08:11:01.1 (13701452)|HEAP_ALLOCATE|[256]|Bytes:5
08:11:01.1 (13705222)|STATEMENT_EXECUTE|[255]
08:11:01.1 (13719812)|STATEMENT_EXECUTE|[256]
08:11:01.1 (13721852)|STATEMENT_EXECUTE|[257]
08:11:01.1 (13730072)|HEAP_ALLOCATE|[257]|Bytes:9
08:11:01.1 (13739152)|VARIABLE_SCOPE_BEGIN|[257]|lower|String|false|false
08:11:01.1 (13747893)|VARIABLE_ASSIGNMENT|[257]|lower|"basemodem"
08:11:01.1 (13771564)|STATEMENT_EXECUTE|[258]
08:11:01.1 (13835465)|STATEMENT_EXECUTE|[259]
08:11:01.1 (13847055)|STATEMENT_EXECUTE|[260]
08:11:01.1 (13852865)|METHOD_EXIT|[166]|01pdL00000Up09Z|CpeAiAssistantController.normalizeProductName(String)
08:11:01.1 (13858206)|VARIABLE_SCOPE_BEGIN|[166]|normKey|String|false|false
08:11:01.1 (13865915)|VARIABLE_ASSIGNMENT|[166]|normKey|"Modem"
08:11:01.1 (13877846)|STATEMENT_EXECUTE|[167]
08:11:01.1 (13879875)|STATEMENT_EXECUTE|[168]
08:11:01.1 (13910207)|HEAP_ALLOCATE|[165]|Bytes:5
08:11:01.1 (13924367)|VARIABLE_ASSIGNMENT|[165]|key|null
08:11:01.1 (13931987)|HEAP_ALLOCATE|[171]|Bytes:6
08:11:01.1 (13956728)|STATEMENT_EXECUTE|[171]
08:11:01.1 (13970757)|HEAP_ALLOCATE|[171]|Bytes:4
08:11:01.1 (13989958)|HEAP_ALLOCATE|[EXTERNAL]|Bytes:-4
08:11:01.1 (13998989)|HEAP_ALLOCATE|[172]|Bytes:8
08:11:01.1 (14020878)|STATEMENT_EXECUTE|[172]
08:11:01.1 (14047010)|HEAP_ALLOCATE|[EXTERNAL]|Bytes:-4
08:11:01.1 (14054750)|HEAP_ALLOCATE|[173]|Bytes:9
08:11:01.1 (14075451)|STATEMENT_EXECUTE|[173]
08:11:01.1 (14100480)|HEAP_ALLOCATE|[EXTERNAL]|Bytes:-4
08:11:01.1 (14132121)|STATEMENT_EXECUTE|[177]
08:11:01.1 (14134382)|STATEMENT_EXECUTE|[178]
08:11:01.1 (14137342)|STATEMENT_EXECUTE|[178]
08:11:01.1 (14139542)|STATEMENT_EXECUTE|[179]
08:11:01.1 (14145422)|METHOD_ENTRY|[179]||System.JSON.deserializeUntyped(String)
08:11:01.1 (15398442)|METHOD_EXIT|[179]||System.JSON.deserializeUntyped(String)
08:11:01.1 (15410092)|VARIABLE_SCOPE_BEGIN|[179]|itemsMap|Map<String,ANY>|true|false
08:11:01.1 (15434703)|HEAP_ALLOCATE|[EXTERNAL]|Bytes:20
08:11:01.1 (15484694)|VARIABLE_ASSIGNMENT|[179]|itemsMap|{"CpeItems":["Map of size 6 too large to display",{"itemType":"childProduct","maxQuantity":15,"minQuantity":0,"defaultQuantity":0,"ProductCode":"O_RES_TV_PLUS_ADDL_S (2 more) ..."},"Map of size 6 too large to display",{"itemType":"childProduct","maxQuantity":99999,"minQuantity":0,"defaultQuantity":0,"ProductCode":"O_RES_HSI_WIFI_EXTEN (3 more) ..."}]}|0x4c0fe041
08:11:01.1 (15492384)|STATEMENT_EXECUTE|[180]
08:11:01.1 (15501104)|HEAP_ALLOCATE|[180]|Bytes:4
08:11:01.1 (15572586)|VARIABLE_SCOPE_BEGIN|[180]|items|List<ANY>|true|false
08:11:01.1 (15585826)|HEAP_ALLOCATE|[EXTERNAL]|Bytes:4
08:11:01.1 (15595475)|VARIABLE_ASSIGNMENT|[180]|items|[]|0x7498340b
08:11:01.1 (15601427)|HEAP_ALLOCATE|[181]|Bytes:8
08:11:01.1 (15627977)|STATEMENT_EXECUTE|[181]
08:11:01.1 (15630387)|STATEMENT_EXECUTE|[182]
08:11:01.1 (15673778)|VARIABLE_ASSIGNMENT|[182]|items|["Map of size 6 too large to display",{"itemType":"childProduct","maxQuantity":15,"minQuantity":0,"defaultQuantity":0,"ProductCode":"O_RES_TV_PLUS_ADDL_S (2 more) ..."},"Map of size 6 too large to display",{"itemType":"childProduct","maxQuantity":99999,"minQuantity":0,"defaultQuantity":0,"ProductCode":"O_RES_HSI_WIFI_EXTEN (3 more) ..."}]|0x24ea665b
08:11:01.1 (15681508)|STATEMENT_EXECUTE|[185]
08:11:01.1 (15694278)|HEAP_ALLOCATE|[185]|Bytes:4
08:11:01.1 (15703049)|VARIABLE_SCOPE_BEGIN|[185]|limits|Map<String,Map<String,Integer>>|true|false
08:11:01.1 (15712289)|VARIABLE_ASSIGNMENT|[185]|limits|{}|0x6690e3ef
08:11:01.1 (15716249)|STATEMENT_EXECUTE|[186]
08:11:01.1 (15724139)|HEAP_ALLOCATE|[186]|Bytes:4
08:11:01.1 (15731470)|HEAP_ALLOCATE|[186]|Bytes:6
08:11:01.1 (15758039)|HEAP_ALLOCATE|[186]|Bytes:4
08:11:01.1 (15768450)|HEAP_ALLOCATE|[186]|Bytes:6
08:11:01.1 (15778080)|HEAP_ALLOCATE|[186]|Bytes:4
08:11:01.1 (15789891)|HEAP_ALLOCATE|[186]|Bytes:4
08:11:01.1 (15804211)|HEAP_ALLOCATE|[EXTERNAL]|Bytes:-4
08:11:01.1 (15811491)|STATEMENT_EXECUTE|[187]
08:11:01.1 (15817241)|HEAP_ALLOCATE|[187]|Bytes:4
08:11:01.1 (15837612)|HEAP_ALLOCATE|[187]|Bytes:4
08:11:01.1 (15849952)|HEAP_ALLOCATE|[187]|Bytes:4
08:11:01.1 (15860703)|HEAP_ALLOCATE|[187]|Bytes:4
08:11:01.1 (15872183)|HEAP_ALLOCATE|[EXTERNAL]|Bytes:-4
08:11:01.1 (15878282)|STATEMENT_EXECUTE|[188]
08:11:01.1 (15883943)|HEAP_ALLOCATE|[188]|Bytes:4
08:11:01.1 (15904714)|HEAP_ALLOCATE|[188]|Bytes:4
08:11:01.1 (15916214)|HEAP_ALLOCATE|[188]|Bytes:4
08:11:01.1 (15929154)|HEAP_ALLOCATE|[EXTERNAL]|Bytes:-4
08:11:01.1 (15935094)|STATEMENT_EXECUTE|[190]
08:11:01.1 (15949164)|METHOD_ENTRY|[190]|01pdL00000Up09Z|CpeAiAssistantController.extractCodes(List<ANY>, Map<String,Map<String,Integer>>)
08:11:01.1 (15980524)|VARIABLE_SCOPE_BEGIN|[203]|items|List<ANY>|true|false
08:11:01.1 (15998965)|VARIABLE_ASSIGNMENT|[203]|items|["Map of size 6 too large to display",{"itemType":"childProduct","maxQuantity":15,"minQuantity":0,"defaultQuantity":0,"ProductCode":"O_RES_TV_PLUS_ADDL_S (2 more) ..."},"Map of size 6 too large to display",{"itemType":"childProduct","maxQuantity":99999,"minQuantity":0,"defaultQuantity":0,"ProductCode":"O_RES_HSI_WIFI_EXTEN (3 more) ..."}]|0x24ea665b
08:11:01.1 (16006106)|VARIABLE_SCOPE_BEGIN|[203]|limits|Map<String,Map<String,Integer>>|true|false
08:11:01.1 (16019426)|VARIABLE_ASSIGNMENT|[203]|limits|{"tv":{"maxInc":3,"maxAdd":15,"min":1},"wifi":{"maxInc":1,"maxAdd":10,"min":1},"modem":{"max":1,"min":1}}|0x6690e3ef
08:11:01.1 (16030006)|HEAP_ALLOCATE|[204]|Bytes:5
08:11:01.1 (16035526)|STATEMENT_EXECUTE|[203]
08:11:01.1 (16038397)|STATEMENT_EXECUTE|[204]
08:11:01.1 (16074788)|HEAP_ALLOCATE|[205]|Bytes:5
08:11:01.1 (16097228)|HEAP_ALLOCATE|[205]|Bytes:28
08:11:01.1 (16106798)|VARIABLE_SCOPE_BEGIN|[205]|obj|Object|false|false
08:11:01.1 (16117359)|VARIABLE_ASSIGNMENT|[205]|obj|"Map of size 6 too large to display"
08:11:01.1 (16121899)|STATEMENT_EXECUTE|[205]
08:11:01.1 (16124099)|STATEMENT_EXECUTE|[206]
08:11:01.1 (16127869)|VARIABLE_SCOPE_BEGIN|[206]|item|Map<String,ANY>|true|false
08:11:01.1 (16136088)|VARIABLE_ASSIGNMENT|[206]|item|"Map of size 6 too large to display"|0x178c3eb7
08:11:01.1 (16141389)|STATEMENT_EXECUTE|[207]
08:11:01.1 (16151168)|METHOD_ENTRY|[207]|01pdL00000Up09Z|CpeAiAssistantController.getProductCode(Map<String,ANY>)
08:11:01.1 (16162460)|VARIABLE_SCOPE_BEGIN|[236]|item|Map<String,ANY>|true|false
08:11:01.1 (16170900)|VARIABLE_ASSIGNMENT|[236]|item|"Map of size 6 too large to display"|0x178c3eb7
08:11:01.1 (16179409)|HEAP_ALLOCATE|[237]|Bytes:5
08:11:01.1 (16183590)|STATEMENT_EXECUTE|[236]
08:11:01.1 (16186580)|HEAP_ALLOCATE|[237]|Bytes:11
08:11:01.1 (16218681)|STATEMENT_EXECUTE|[237]
08:11:01.1 (16221301)|STATEMENT_EXECUTE|[238]
08:11:01.1 (16251802)|HEAP_ALLOCATE|[238]|Bytes:17
08:11:01.1 (16267962)|METHOD_EXIT|[207]|01pdL00000Up09Z|CpeAiAssistantController.getProductCode(Map<String,ANY>)
08:11:01.1 (16273432)|VARIABLE_SCOPE_BEGIN|[207]|code|String|false|false
08:11:01.1 (16282363)|VARIABLE_ASSIGNMENT|[207]|code|"O_RES_TV_PLUS_STB"
08:11:01.1 (16285783)|STATEMENT_EXECUTE|[208]
08:11:01.1 (16289683)|HEAP_ALLOCATE|[208]|Bytes:11
08:11:01.1 (16319492)|VARIABLE_SCOPE_BEGIN|[208]|maxQ|Integer|false|false
08:11:01.1 (16328704)|VARIABLE_ASSIGNMENT|[208]|maxQ|3
08:11:01.1 (16332314)|STATEMENT_EXECUTE|[209]
08:11:01.1 (16335324)|HEAP_ALLOCATE|[209]|Bytes:11
08:11:01.1 (16363984)|VARIABLE_SCOPE_BEGIN|[209]|minQ|Integer|false|false
08:11:01.1 (16372965)|VARIABLE_ASSIGNMENT|[209]|minQ|0
08:11:01.1 (16376494)|STATEMENT_EXECUTE|[210]
08:11:01.1 (16379635)|HEAP_ALLOCATE|[210]|Bytes:15
08:11:01.1 (16407885)|VARIABLE_SCOPE_BEGIN|[210]|defQ|Integer|false|false
08:11:01.1 (16416095)|VARIABLE_ASSIGNMENT|[210]|defQ|1
08:11:01.1 (16425626)|HEAP_ALLOCATE|[212]|Bytes:17
08:11:01.1 (16449086)|STATEMENT_EXECUTE|[212]
08:11:01.1 (16451215)|STATEMENT_EXECUTE|[213]
08:11:01.1 (16485237)|STATEMENT_EXECUTE|[214]
08:11:01.1 (16514137)|HEAP_ALLOCATE|[227]|Bytes:13
08:11:01.1 (16536777)|STATEMENT_EXECUTE|[227]
08:11:01.1 (16549089)|HEAP_ALLOCATE|[205]|Bytes:5
08:11:01.1 (16567309)|HEAP_ALLOCATE|[205]|Bytes:24
08:11:01.1 (16578209)|VARIABLE_SCOPE_BEGIN|[205]|obj|Object|false|false
08:11:01.1 (16596139)|VARIABLE_ASSIGNMENT|[205]|obj|{"itemType":"childProduct","maxQuantity":15,"minQuantity":0,"defaultQuantity":0,"ProductCode":"O_RES_TV_PLUS_ADDL_S (2 more) ..."}
08:11:01.1 (16600760)|STATEMENT_EXECUTE|[205]
08:11:01.1 (16603010)|STATEMENT_EXECUTE|[206]
08:11:01.1 (16607010)|VARIABLE_SCOPE_BEGIN|[206]|item|Map<String,ANY>|true|false
08:11:01.1 (16620099)|VARIABLE_ASSIGNMENT|[206]|item|{"itemType":"childProduct","maxQuantity":15,"minQuantity":0,"defaultQuantity":0,"ProductCode":"O_RES_TV_PLUS_ADDL_S (2 more) ..."}|0x533de6d0
08:11:01.1 (16624911)|STATEMENT_EXECUTE|[207]
08:11:01.1 (16629331)|METHOD_ENTRY|[207]|01pdL00000Up09Z|CpeAiAssistantController.getProductCode(Map<String,ANY>)
08:11:01.1 (16635651)|VARIABLE_SCOPE_BEGIN|[236]|item|Map<String,ANY>|true|false
08:11:01.1 (16646171)|VARIABLE_ASSIGNMENT|[236]|item|{"itemType":"childProduct","maxQuantity":15,"minQuantity":0,"defaultQuantity":0,"ProductCode":"O_RES_TV_PLUS_ADDL_S (2 more) ..."}|0x533de6d0
08:11:01.1 (16654140)|HEAP_ALLOCATE|[237]|Bytes:5
08:11:01.1 (16658071)|STATEMENT_EXECUTE|[236]
08:11:01.1 (16676372)|STATEMENT_EXECUTE|[237]
08:11:01.1 (16678442)|STATEMENT_EXECUTE|[238]
08:11:01.1 (16694061)|HEAP_ALLOCATE|[238]|Bytes:22
08:11:01.1 (16707933)|METHOD_EXIT|[207]|01pdL00000Up09Z|CpeAiAssistantController.getProductCode(Map<String,ANY>)
08:11:01.1 (16713542)|VARIABLE_SCOPE_BEGIN|[207]|code|String|false|false
08:11:01.1 (16722182)|VARIABLE_ASSIGNMENT|[207]|code|"O_RES_TV_PLUS_ADDL_S (2 more) ..."
08:11:01.1 (16726462)|STATEMENT_EXECUTE|[208]
08:11:01.1 (16743222)|VARIABLE_SCOPE_BEGIN|[208]|maxQ|Integer|false|false
08:11:01.1 (16751174)|VARIABLE_ASSIGNMENT|[208]|maxQ|15
08:11:01.1 (16754694)|STATEMENT_EXECUTE|[209]
08:11:01.1 (16770743)|VARIABLE_SCOPE_BEGIN|[209]|minQ|Integer|false|false
08:11:01.1 (16778074)|VARIABLE_ASSIGNMENT|[209]|minQ|0
08:11:01.1 (16781564)|STATEMENT_EXECUTE|[210]
08:11:01.1 (16797224)|VARIABLE_SCOPE_BEGIN|[210]|defQ|Integer|false|false
08:11:01.1 (16804795)|VARIABLE_ASSIGNMENT|[210]|defQ|0
08:11:01.1 (16819795)|HEAP_ALLOCATE|[215]|Bytes:22
08:11:01.1 (16827415)|STATEMENT_EXECUTE|[215]
08:11:01.1 (16829765)|STATEMENT_EXECUTE|[216]
08:11:01.1 (16869996)|STATEMENT_EXECUTE|[227]
08:11:01.1 (16879257)|HEAP_ALLOCATE|[205]|Bytes:5
08:11:01.1 (16891487)|HEAP_ALLOCATE|[205]|Bytes:28
08:11:01.1 (16899967)|VARIABLE_SCOPE_BEGIN|[205]|obj|Object|false|false
08:11:01.1 (16909717)|VARIABLE_ASSIGNMENT|[205]|obj|"Map of size 6 too large to display"
08:11:01.1 (16913837)|STATEMENT_EXECUTE|[205]
08:11:01.1 (16915866)|STATEMENT_EXECUTE|[206]
08:11:01.1 (16919217)|VARIABLE_SCOPE_BEGIN|[206]|item|Map<String,ANY>|true|false
08:11:01.1 (16928347)|VARIABLE_ASSIGNMENT|[206]|item|"Map of size 6 too large to display"|0x29c60915
08:11:01.1 (16932347)|STATEMENT_EXECUTE|[207]
08:11:01.1 (16936478)|METHOD_ENTRY|[207]|01pdL00000Up09Z|CpeAiAssistantController.getProductCode(Map<String,ANY>)
08:11:01.1 (16941347)|VARIABLE_SCOPE_BEGIN|[236]|item|Map<String,ANY>|true|false
08:11:01.1 (16948778)|VARIABLE_ASSIGNMENT|[236]|item|"Map of size 6 too large to display"|0x29c60915
08:11:01.1 (16956538)|HEAP_ALLOCATE|[237]|Bytes:5
08:11:01.1 (16960248)|STATEMENT_EXECUTE|[236]
08:11:01.1 (16978049)|STATEMENT_EXECUTE|[237]
08:11:01.1 (16980068)|STATEMENT_EXECUTE|[238]
08:11:01.1 (16994159)|HEAP_ALLOCATE|[238]|Bytes:15
08:11:01.1 (17007320)|METHOD_EXIT|[207]|01pdL00000Up09Z|CpeAiAssistantController.getProductCode(Map<String,ANY>)
08:11:01.1 (17013930)|VARIABLE_SCOPE_BEGIN|[207]|code|String|false|false
08:11:01.1 (17022210)|VARIABLE_ASSIGNMENT|[207]|code|"O_RES_HSI_MODEM"
08:11:01.1 (17025749)|STATEMENT_EXECUTE|[208]
08:11:01.1 (17042770)|VARIABLE_SCOPE_BEGIN|[208]|maxQ|Integer|false|false
08:11:01.1 (17050841)|VARIABLE_ASSIGNMENT|[208]|maxQ|99999
08:11:01.1 (17054550)|STATEMENT_EXECUTE|[209]
08:11:01.1 (17071430)|VARIABLE_SCOPE_BEGIN|[209]|minQ|Integer|false|false
08:11:01.1 (17079190)|VARIABLE_ASSIGNMENT|[209]|minQ|0
08:11:01.1 (17082561)|STATEMENT_EXECUTE|[210]
08:11:01.1 (17099142)|VARIABLE_SCOPE_BEGIN|[210]|defQ|Integer|false|false
08:11:01.1 (17106871)|VARIABLE_ASSIGNMENT|[210]|defQ|1
08:11:01.1 (17119522)|HEAP_ALLOCATE|[217]|Bytes:27
08:11:01.1 (17129012)|HEAP_ALLOCATE|[220]|Bytes:27
08:11:01.1 (17137693)|HEAP_ALLOCATE|[222]|Bytes:15
08:11:01.1 (17143573)|STATEMENT_EXECUTE|[222]
08:11:01.1 (17145693)|STATEMENT_EXECUTE|[223]
08:11:01.1 (17174733)|HEAP_ALLOCATE|[223]|Bytes:4
08:11:01.1 (17183444)|STATEMENT_EXECUTE|[224]
08:11:01.1 (17221634)|STATEMENT_EXECUTE|[227]
08:11:01.1 (17231415)|HEAP_ALLOCATE|[205]|Bytes:5
08:11:01.1 (17243965)|HEAP_ALLOCATE|[205]|Bytes:24
08:11:01.1 (17251945)|VARIABLE_SCOPE_BEGIN|[205]|obj|Object|false|false
08:11:01.1 (17334627)|VARIABLE_ASSIGNMENT|[205]|obj|{"itemType":"childProduct","maxQuantity":99999,"minQuantity":0,"defaultQuantity":0,"ProductCode":"O_RES_HSI_WIFI_EXTEN (3 more) ..."}
08:11:01.1 (17341807)|STATEMENT_EXECUTE|[205]
08:11:01.1 (17343987)|STATEMENT_EXECUTE|[206]
08:11:01.1 (17349248)|VARIABLE_SCOPE_BEGIN|[206]|item|Map<String,ANY>|true|false
08:11:01.1 (17361098)|VARIABLE_ASSIGNMENT|[206]|item|{"itemType":"childProduct","maxQuantity":99999,"minQuantity":0,"defaultQuantity":0,"ProductCode":"O_RES_HSI_WIFI_EXTEN (3 more) ..."}|0x5f49f31c
08:11:01.1 (17365548)|STATEMENT_EXECUTE|[207]
08:11:01.1 (17370938)|METHOD_ENTRY|[207]|01pdL00000Up09Z|CpeAiAssistantController.getProductCode(Map<String,ANY>)
08:11:01.1 (17376708)|VARIABLE_SCOPE_BEGIN|[236]|item|Map<String,ANY>|true|false
08:11:01.1 (17387218)|VARIABLE_ASSIGNMENT|[236]|item|{"itemType":"childProduct","maxQuantity":99999,"minQuantity":0,"defaultQuantity":0,"ProductCode":"O_RES_HSI_WIFI_EXTEN (3 more) ..."}|0x5f49f31c
08:11:01.1 (17397269)|HEAP_ALLOCATE|[237]|Bytes:5
08:11:01.1 (17402069)|STATEMENT_EXECUTE|[236]
08:11:01.1 (17420619)|STATEMENT_EXECUTE|[237]
08:11:01.1 (17422769)|STATEMENT_EXECUTE|[238]
08:11:01.1 (17439759)|HEAP_ALLOCATE|[238]|Bytes:23
08:11:01.1 (17453910)|METHOD_EXIT|[207]|01pdL00000Up09Z|CpeAiAssistantController.getProductCode(Map<String,ANY>)
08:11:01.1 (17460150)|VARIABLE_SCOPE_BEGIN|[207]|code|String|false|false
08:11:01.1 (17469730)|VARIABLE_ASSIGNMENT|[207]|code|"O_RES_HSI_WIFI_EXTEN (3 more) ..."
08:11:01.1 (17473200)|STATEMENT_EXECUTE|[208]
08:11:01.1 (17490360)|VARIABLE_SCOPE_BEGIN|[208]|maxQ|Integer|false|false
08:11:01.1 (17498421)|VARIABLE_ASSIGNMENT|[208]|maxQ|99999
08:11:01.1 (17501920)|STATEMENT_EXECUTE|[209]
08:11:01.1 (17517481)|VARIABLE_SCOPE_BEGIN|[209]|minQ|Integer|false|false
08:11:01.1 (17525952)|VARIABLE_ASSIGNMENT|[209]|minQ|0
08:11:01.1 (17529502)|STATEMENT_EXECUTE|[210]
08:11:01.1 (17544601)|VARIABLE_SCOPE_BEGIN|[210]|defQ|Integer|false|false
08:11:01.1 (17553502)|VARIABLE_ASSIGNMENT|[210]|defQ|0
08:11:01.1 (17573593)|STATEMENT_EXECUTE|[212]
08:11:01.1 (17583543)|STATEMENT_EXECUTE|[227]
08:11:01.1 (17592442)|HEAP_ALLOCATE|[205]|Bytes:5
08:11:01.1 (17608443)|VARIABLE_ASSIGNMENT|[205]|obj|null
08:11:01.1 (17618944)|METHOD_EXIT|[190]|01pdL00000Up09Z|CpeAiAssistantController.extractCodes(List<ANY>, Map<String,Map<String,Integer>>)
08:11:01.1 (17624163)|STATEMENT_EXECUTE|[192]
08:11:01.1 (17689496)|HEAP_ALLOCATE|[192]|Bytes:4
08:11:01.1 (17706836)|STATEMENT_EXECUTE|[193]
08:11:01.1 (17756417)|STATEMENT_EXECUTE|[194]
08:11:01.1 (17829448)|HEAP_ALLOCATE|[194]|Bytes:4
08:11:01.1 (17841899)|STATEMENT_EXECUTE|[195]
08:11:01.1 (17891569)|STATEMENT_EXECUTE|[196]
08:11:01.1 (17937191)|STATEMENT_EXECUTE|[197]
08:11:01.1 (17984583)|STATEMENT_EXECUTE|[200]
08:11:01.1 (17992443)|METHOD_EXIT|[74]|01pdL00000Up09Z|CpeAiAssistantController.buildRulePayload(String, String)
08:11:01.1 (17999812)|VARIABLE_SCOPE_BEGIN|[74]|rules|Map<String,Map<String,ANY>>|true|false
08:11:01.1 (18017332)|VARIABLE_ASSIGNMENT|[74]|rules|{"TV + Receiver":{"current":1,"min":0,"max":18,"base":1},"Modem":{"current":"Wired","min":1,"max":1,"base":"Wired"},"Wi-Fi Access Point":{"current":1,"min":1,"max":11,"base":1}}|0x4d9710ca
08:11:01.1 (18023233)|STATEMENT_EXECUTE|[77]
08:11:01.1 (18026954)|HEAP_ALLOCATE|[77]|Bytes:150
08:11:01.1 (18038173)|METHOD_ENTRY|[79]||System.JSON.serialize(Object)
08:11:01.1 (19174920)|METHOD_EXIT|[79]||System.JSON.serialize(Object)
08:11:01.1 (19184231)|HEAP_ALLOCATE|[79]|Bytes:24
08:11:01.1 (19227552)|HEAP_ALLOCATE|[80]|Bytes:29
08:11:01.1 (19240302)|HEAP_ALLOCATE|[77]|Bytes:1130
08:11:01.1 (19245422)|VARIABLE_SCOPE_BEGIN|[77]|fullMessage|String|false|false
08:11:01.1 (19257813)|VARIABLE_ASSIGNMENT|[77]|fullMessage|"System Context: You  (1110 more) ..."
08:11:01.1 (19262423)|STATEMENT_EXECUTE|[83]
08:11:01.1 (19265922)|HEAP_ALLOCATE|[84]|Bytes:22
08:11:01.1 (19270103)|HEAP_ALLOCATE|[85]|Bytes:21
08:11:01.1 (19356235)|HEAP_ALLOCATE|[83]|Bytes:12
08:11:01.1 (19363745)|HEAP_ALLOCATE|[83]|Bytes:58
08:11:01.1 (19379645)|SYSTEM_METHOD_ENTRY|[14]|Action.Action()
08:11:01.1 (19383565)|STATEMENT_EXECUTE|[14]
08:11:01.1 (19391776)|SYSTEM_METHOD_EXIT|[14]|Action
08:11:01.1 (19408765)|METHOD_ENTRY|[83]||Invocable.Action.createCustomAction(String, String)
08:11:01.1 (19622330)|METHOD_EXIT|[83]||Invocable.Action.createCustomAction(String, String)
08:11:01.1 (19629301)|VARIABLE_SCOPE_BEGIN|[83]|action|Invocable.Action|true|false
08:11:01.1 (19704723)|VARIABLE_ASSIGNMENT|[83]|action|{"invocations":"0x5bfd252","invokeFromLightningComponent":false,"name":"CPE_Equipment_Manage (1 more) ...","type":"generatePromptRespon (2 more) ..."}|0x41980c94
08:11:01.1 (19711363)|STATEMENT_EXECUTE|[88]
08:11:01.1 (19715023)|HEAP_ALLOCATE|[88]|Bytes:17
08:11:01.1 (19741914)|METHOD_ENTRY|[88]||Invocable.Action.setInvocationParameter(String, Object)
08:11:01.1 (19915438)|METHOD_EXIT|[88]||Invocable.Action.setInvocationParameter(String, Object)
08:11:01.1 (19921568)|STATEMENT_EXECUTE|[90]
08:11:01.1 (19933389)|METHOD_ENTRY|[90]||Invocable.Action.invoke()
08:11:04.789 (3789545996)|METHOD_EXIT|[90]||Invocable.Action.invoke()
08:11:04.789 (3789580777)|VARIABLE_SCOPE_BEGIN|[90]|results|List<Invocable.Action.Result>|true|false
08:11:04.789 (3789691930)|VARIABLE_ASSIGNMENT|[90]|results|[{"action":"0x41980c94","errors":"0x6a6ff81b","invocationParameters":"0x44985fa7","outputParameters":"0x3f3352bf","success":true}]|0x2d8e8755
08:11:04.789 (3789743941)|STATEMENT_EXECUTE|[92]
08:11:04.789 (3789748791)|STATEMENT_EXECUTE|[96]
08:11:04.789 (3789771281)|HEAP_ALLOCATE|[96]|Bytes:24
08:11:04.789 (3789785622)|VARIABLE_SCOPE_BEGIN|[96]|result|Invocable.Action.Result|true|false
08:11:04.789 (3789839633)|VARIABLE_ASSIGNMENT|[96]|result|{"action":"0x41980c94","errors":"0x6a6ff81b","invocationParameters":"0x44985fa7","outputParameters":"0x3f3352bf","success":true}|0x38341ddf
08:11:04.789 (3789874524)|METHOD_ENTRY|[98]||Invocable.Action.Result.isSuccess()
08:11:04.789 (3789912775)|METHOD_EXIT|[98]||Invocable.Action.Result.isSuccess()
08:11:04.789 (3789922565)|STATEMENT_EXECUTE|[98]
08:11:04.789 (3789925845)|STATEMENT_EXECUTE|[104]
08:11:04.789 (3789939535)|METHOD_ENTRY|[104]||Invocable.Action.Result.getOutputParameters()
08:11:04.789 (3790009047)|METHOD_EXIT|[104]||Invocable.Action.Result.getOutputParameters()
08:11:04.789 (3790019067)|VARIABLE_SCOPE_BEGIN|[104]|outputs|Map<String,ANY>|true|false
08:11:04.789 (3790043588)|VARIABLE_ASSIGNMENT|[104]|outputs|{"promptResponse":"{\n  \"message\": \"Remo (213 more) ..."}|0x3f3352bf
08:11:04.789 (3790052308)|STATEMENT_EXECUTE|[105]
08:11:04.789 (3790055618)|STATEMENT_EXECUTE|[110]
08:11:04.789 (3790060848)|HEAP_ALLOCATE|[110]|Bytes:14
08:11:04.789 (3790109159)|VARIABLE_SCOPE_BEGIN|[110]|promptRespObj|Object|false|false
08:11:04.789 (3790127760)|VARIABLE_ASSIGNMENT|[110]|promptRespObj|"{\n  \"message\": \"Remo (213 more) ..."
08:11:04.789 (3790134690)|STATEMENT_EXECUTE|[111]
08:11:04.789 (3790140650)|VARIABLE_SCOPE_BEGIN|[111]|rawResponse|String|false|false
08:11:04.789 (3790153090)|VARIABLE_ASSIGNMENT|[111]|rawResponse|null
08:11:04.789 (3790160471)|STATEMENT_EXECUTE|[113]
08:11:04.789 (3790163441)|STATEMENT_EXECUTE|[114]
08:11:04.789 (3790207592)|HEAP_ALLOCATE|[114]|Bytes:233
08:11:04.789 (3790230672)|VARIABLE_ASSIGNMENT|[114]|rawResponse|"{\n  \"message\": \"Remo (213 more) ..."
08:11:04.789 (3790269703)|STATEMENT_EXECUTE|[119]
08:11:04.789 (3790273543)|STATEMENT_EXECUTE|[123]
08:11:04.789 (3790278223)|VARIABLE_SCOPE_BEGIN|[123]|cleanResponse|String|false|false
08:11:04.789 (3790290974)|VARIABLE_ASSIGNMENT|[123]|cleanResponse|null
08:11:04.789 (3790297464)|STATEMENT_EXECUTE|[124]
08:11:04.789 (3790300714)|STATEMENT_EXECUTE|[124]
08:11:04.789 (3790303774)|STATEMENT_EXECUTE|[125]
08:11:04.789 (3790314164)|METHOD_ENTRY|[125]||System.JSON.deserializeUntyped(String)
08:11:04.789 (3790883988)|METHOD_EXIT|[125]||System.JSON.deserializeUntyped(String)
08:11:04.789 (3790900668)|VARIABLE_SCOPE_BEGIN|[125]|parsed|Map<String,ANY>|true|false
08:11:04.789 (3790938209)|VARIABLE_ASSIGNMENT|[125]|parsed|{"message":"Removed 0 Wi-Fi Acce (99 more) ...","newState":{"TV + Receiver":1,"Modem":"Wired","Wi-Fi Access Point":1}}|0x5eb9640c
08:11:04.789 (3790950399)|HEAP_ALLOCATE|[126]|Bytes:5
08:11:04.789 (3790997160)|STATEMENT_EXECUTE|[128]
08:11:04.789 (3791001050)|STATEMENT_EXECUTE|[129]
08:11:04.789 (3791012341)|VARIABLE_ASSIGNMENT|[129]|cleanResponse|"{\n  \"message\": \"Remo (213 more) ..."
08:11:04.789 (3791021731)|STATEMENT_EXECUTE|[135]
08:11:04.789 (3791024961)|STATEMENT_EXECUTE|[136]
08:11:04.789 (3791029491)|HEAP_ALLOCATE|[136]|Bytes:3
08:11:04.789 (3791037151)|HEAP_ALLOCATE|[136]|Bytes:1
08:11:04.789 (3791091263)|HEAP_ALLOCATE|[136]|Bytes:233
08:11:04.789 (3791116623)|VARIABLE_ASSIGNMENT|[136]|cleanResponse|"{\n  \"message\": \"Remo (213 more) ..."
08:11:04.789 (3791124663)|STATEMENT_EXECUTE|[137]
08:11:04.789 (3791129154)|HEAP_ALLOCATE|[137]|Bytes:2
08:11:04.789 (3791165054)|HEAP_ALLOCATE|[137]|Bytes:233
08:11:04.789 (3791186415)|VARIABLE_ASSIGNMENT|[137]|cleanResponse|"{\n  \"message\": \"Remo (213 more) ..."
08:11:04.789 (3791193925)|STATEMENT_EXECUTE|[138]
08:11:04.789 (3791198555)|HEAP_ALLOCATE|[138]|Bytes:3
08:11:04.789 (3791205805)|HEAP_ALLOCATE|[138]|Bytes:1
08:11:04.789 (3791258957)|HEAP_ALLOCATE|[138]|Bytes:233
08:11:04.789 (3791283867)|VARIABLE_ASSIGNMENT|[138]|cleanResponse|"{\n  \"message\": \"Remo (213 more) ..."
08:11:04.789 (3791292367)|STATEMENT_EXECUTE|[142]
08:11:04.789 (3791313138)|METHOD_ENTRY|[142]|01pdL00000Up09Z|CpeAiAssistantController.parseAndValidateAgentResponse(String, Map<String,Map<String,ANY>>)
08:11:04.789 (3791334558)|VARIABLE_SCOPE_BEGIN|[264]|rawResponse|String|false|false
08:11:04.789 (3791348689)|VARIABLE_ASSIGNMENT|[264]|rawResponse|"{\n  \"message\": \"Remo (213 more) ..."
08:11:04.789 (3791355099)|VARIABLE_SCOPE_BEGIN|[264]|rules|Map<String,Map<String,ANY>>|true|false
08:11:04.789 (3791383390)|VARIABLE_ASSIGNMENT|[264]|rules|{"TV + Receiver":{"current":1,"min":0,"max":18,"base":1},"Modem":{"current":"Wired","min":1,"max":1,"base":"Wired"},"Wi-Fi Access Point":{"current":1,"min":1,"max":11,"base":1}}|0x4d9710ca
08:11:04.789 (3791406810)|HEAP_ALLOCATE|[265]|Bytes:5
08:11:04.789 (3791414830)|STATEMENT_EXECUTE|[264]
08:11:04.789 (3791418110)|STATEMENT_EXECUTE|[265]
08:11:04.789 (3791431691)|HEAP_ALLOCATE|[265]|Bytes:4
08:11:04.789 (3791444191)|VARIABLE_SCOPE_BEGIN|[265]|finalResponse|Map<String,ANY>|true|false
08:11:04.789 (3791462281)|VARIABLE_ASSIGNMENT|[265]|finalResponse|{}|0x16d3b671
08:11:04.789 (3791470802)|STATEMENT_EXECUTE|[267]
08:11:04.789 (3791474132)|STATEMENT_EXECUTE|[267]
08:11:04.789 (3791477372)|STATEMENT_EXECUTE|[268]
08:11:04.789 (3791486692)|METHOD_ENTRY|[268]||System.JSON.deserializeUntyped(String)
08:11:04.789 (3791920552)|METHOD_EXIT|[268]||System.JSON.deserializeUntyped(String)
08:11:04.789 (3791933712)|VARIABLE_SCOPE_BEGIN|[268]|parsed|Map<String,ANY>|true|false
08:11:04.789 (3791965863)|VARIABLE_ASSIGNMENT|[268]|parsed|{"message":"Removed 0 Wi-Fi Acce (99 more) ...","newState":{"TV + Receiver":1,"Modem":"Wired","Wi-Fi Access Point":1}}|0x298eca40
08:11:04.789 (3791976834)|HEAP_ALLOCATE|[270]|Bytes:8
08:11:04.789 (3792016744)|STATEMENT_EXECUTE|[270]
08:11:04.789 (3792020675)|STATEMENT_EXECUTE|[271]
08:11:04.789 (3792058745)|VARIABLE_SCOPE_BEGIN|[271]|newStateRaw|Map<String,ANY>|true|false
08:11:04.789 (3792078686)|VARIABLE_ASSIGNMENT|[271]|newStateRaw|{"TV + Receiver":1,"Modem":"Wired","Wi-Fi Access Point":1}|0x22e5913e
08:11:04.789 (3792086056)|STATEMENT_EXECUTE|[272]
08:11:04.789 (3792094336)|HEAP_ALLOCATE|[272]|Bytes:4
08:11:04.789 (3792103587)|VARIABLE_SCOPE_BEGIN|[272]|normalizedState|Map<String,ANY>|true|false
08:11:04.789 (3792116587)|VARIABLE_ASSIGNMENT|[272]|normalizedState|{}|0x66cd577e
08:11:04.789 (3792123917)|STATEMENT_EXECUTE|[274]
08:11:04.789 (3792129197)|VARIABLE_SCOPE_BEGIN|[274]|changedCpeCount|Integer|false|false
08:11:04.789 (3792138177)|HEAP_ALLOCATE|[274]|Bytes:4
08:11:04.789 (3792147378)|VARIABLE_ASSIGNMENT|[274]|changedCpeCount|0
08:11:04.789 (3792191709)|HEAP_ALLOCATE|[276]|Bytes:52
08:11:04.789 (3792236870)|HEAP_ALLOCATE|[276]|Bytes:5
08:11:04.789 (3792255860)|VARIABLE_SCOPE_BEGIN|[276]|key|String|false|false
08:11:04.789 (3792270150)|VARIABLE_ASSIGNMENT|[276]|key|"TV + Receiver"
08:11:04.789 (3792277901)|STATEMENT_EXECUTE|[276]
08:11:04.789 (3792281081)|STATEMENT_EXECUTE|[277]
08:11:04.789 (3792289721)|METHOD_ENTRY|[277]|01pdL00000Up09Z|CpeAiAssistantController.normalizeProductName(String)
08:11:04.789 (3792305791)|VARIABLE_SCOPE_BEGIN|[255]|rawName|String|false|false
08:11:04.789 (3792318472)|VARIABLE_ASSIGNMENT|[255]|rawName|"TV + Receiver"
08:11:04.789 (3792330602)|HEAP_ALLOCATE|[256]|Bytes:5
08:11:04.789 (3792336492)|STATEMENT_EXECUTE|[255]
08:11:04.789 (3792363083)|STATEMENT_EXECUTE|[256]
08:11:04.789 (3792366583)|STATEMENT_EXECUTE|[257]
08:11:04.789 (3792382493)|HEAP_ALLOCATE|[257]|Bytes:13
08:11:04.789 (3792398663)|VARIABLE_SCOPE_BEGIN|[257]|lower|String|false|false
08:11:04.789 (3792414774)|VARIABLE_ASSIGNMENT|[257]|lower|"tv + receiver"
08:11:04.789 (3792445145)|STATEMENT_EXECUTE|[258]
08:11:04.789 (3792457895)|METHOD_EXIT|[277]|01pdL00000Up09Z|CpeAiAssistantController.normalizeProductName(String)
08:11:04.789 (3792467955)|VARIABLE_SCOPE_BEGIN|[277]|normKey|String|false|false
08:11:04.789 (3792482345)|VARIABLE_ASSIGNMENT|[277]|normKey|"TV + Receiver"
08:11:04.789 (3792521456)|HEAP_ALLOCATE|[279]|Bytes:17
08:11:04.789 (3792556797)|STATEMENT_EXECUTE|[279]
08:11:04.789 (3792560707)|STATEMENT_EXECUTE|[280]
08:11:04.789 (3792594568)|VARIABLE_SCOPE_BEGIN|[280]|qty|Integer|false|false
08:11:04.789 (3792611408)|VARIABLE_ASSIGNMENT|[280]|qty|1
08:11:04.789 (3792646899)|STATEMENT_EXECUTE|[282]
08:11:04.789 (3792651089)|STATEMENT_EXECUTE|[283]
08:11:04.789 (3792656110)|VARIABLE_SCOPE_BEGIN|[283]|current|Integer|false|false
08:11:04.789 (3792666830)|HEAP_ALLOCATE|[283]|Bytes:4
08:11:04.789 (3792677810)|VARIABLE_ASSIGNMENT|[283]|current|0
08:11:04.789 (3792738601)|STATEMENT_EXECUTE|[284]
08:11:04.789 (3792742882)|STATEMENT_EXECUTE|[285]
08:11:04.789 (3792792343)|VARIABLE_ASSIGNMENT|[285]|current|1
08:11:04.789 (3792799483)|STATEMENT_EXECUTE|[287]
08:11:04.789 (3792803003)|VARIABLE_SCOPE_BEGIN|[287]|baseQty|Integer|false|false
08:11:04.789 (3792813063)|VARIABLE_ASSIGNMENT|[287]|baseQty|1
08:11:04.789 (3792899015)|STATEMENT_EXECUTE|[288]
08:11:04.789 (3792902795)|STATEMENT_EXECUTE|[289]
08:11:04.789 (3792952277)|VARIABLE_ASSIGNMENT|[289]|baseQty|1
08:11:04.789 (3792961317)|STATEMENT_EXECUTE|[292]
08:11:04.789 (3793006368)|VARIABLE_SCOPE_BEGIN|[292]|max|Integer|false|false
08:11:04.789 (3793020238)|VARIABLE_ASSIGNMENT|[292]|max|18
08:11:04.789 (3793025878)|STATEMENT_EXECUTE|[293]
08:11:04.789 (3793073979)|VARIABLE_SCOPE_BEGIN|[293]|min|Integer|false|false
08:11:04.789 (3793088840)|VARIABLE_ASSIGNMENT|[293]|min|0
08:11:04.789 (3793102280)|STATEMENT_EXECUTE|[295]
08:11:04.789 (3793107540)|STATEMENT_EXECUTE|[303]
08:11:04.789 (3793111280)|STATEMENT_EXECUTE|[315]
08:11:04.789 (3793153051)|HEAP_ALLOCATE|[EXTERNAL]|Bytes:-4
08:11:04.789 (3793181332)|STATEMENT_EXECUTE|[317]
08:11:04.789 (3793199292)|HEAP_ALLOCATE|[276]|Bytes:5
08:11:04.789 (3793217913)|VARIABLE_SCOPE_BEGIN|[276]|key|String|false|false
08:11:04.789 (3793233413)|VARIABLE_ASSIGNMENT|[276]|key|"Modem"
08:11:04.789 (3793240473)|STATEMENT_EXECUTE|[276]
08:11:04.789 (3793243533)|STATEMENT_EXECUTE|[277]
08:11:04.789 (3793251784)|METHOD_ENTRY|[277]|01pdL00000Up09Z|CpeAiAssistantController.normalizeProductName(String)
08:11:04.789 (3793287814)|VARIABLE_SCOPE_BEGIN|[255]|rawName|String|false|false
08:11:04.789 (3793301475)|VARIABLE_ASSIGNMENT|[255]|rawName|"Modem"
08:11:04.789 (3793315125)|HEAP_ALLOCATE|[256]|Bytes:5
08:11:04.789 (3793321855)|STATEMENT_EXECUTE|[255]
08:11:04.789 (3793349696)|STATEMENT_EXECUTE|[256]
08:11:04.789 (3793352966)|STATEMENT_EXECUTE|[257]
08:11:04.789 (3793366016)|HEAP_ALLOCATE|[257]|Bytes:5
08:11:04.789 (3793382467)|VARIABLE_SCOPE_BEGIN|[257]|lower|String|false|false
08:11:04.789 (3793478739)|VARIABLE_ASSIGNMENT|[257]|lower|"modem"
08:11:04.789 (3793536260)|STATEMENT_EXECUTE|[258]
08:11:04.789 (3793626342)|STATEMENT_EXECUTE|[259]
08:11:04.789 (3793648603)|STATEMENT_EXECUTE|[260]
08:11:04.789 (3793661613)|METHOD_EXIT|[277]|01pdL00000Up09Z|CpeAiAssistantController.normalizeProductName(String)
08:11:04.789 (3793671893)|VARIABLE_SCOPE_BEGIN|[277]|normKey|String|false|false
08:11:04.789 (3793686674)|VARIABLE_ASSIGNMENT|[277]|normKey|"Modem"
08:11:04.789 (3793755585)|HEAP_ALLOCATE|[323]|Bytes:16
08:11:04.789 (3793775456)|STATEMENT_EXECUTE|[323]
08:11:04.789 (3793779366)|STATEMENT_EXECUTE|[325]
08:11:04.789 (3793836177)|HEAP_ALLOCATE|[EXTERNAL]|Bytes:-4
08:11:04.789 (3793847998)|STATEMENT_EXECUTE|[326]
08:11:04.789 (3793854638)|VARIABLE_SCOPE_BEGIN|[326]|currentStr|String|false|false
08:11:04.789 (3793869818)|VARIABLE_ASSIGNMENT|[326]|currentStr|""
08:11:04.789 (3793947940)|STATEMENT_EXECUTE|[327]
08:11:04.789 (3793951720)|STATEMENT_EXECUTE|[328]
08:11:04.789 (3794003751)|VARIABLE_ASSIGNMENT|[328]|currentStr|"Wired"
08:11:04.789 (3794053432)|HEAP_ALLOCATE|[330]|Bytes:5
08:11:04.789 (3794082433)|STATEMENT_EXECUTE|[330]
08:11:04.789 (3794100254)|HEAP_ALLOCATE|[276]|Bytes:5
08:11:04.789 (3794119914)|VARIABLE_SCOPE_BEGIN|[276]|key|String|false|false
08:11:04.789 (3794136274)|VARIABLE_ASSIGNMENT|[276]|key|"Wi-Fi Access Point"
08:11:04.789 (3794143215)|STATEMENT_EXECUTE|[276]
08:11:04.789 (3794146345)|STATEMENT_EXECUTE|[277]
08:11:04.789 (3794153855)|METHOD_ENTRY|[277]|01pdL00000Up09Z|CpeAiAssistantController.normalizeProductName(String)
08:11:04.789 (3794162935)|VARIABLE_SCOPE_BEGIN|[255]|rawName|String|false|false
08:11:04.789 (3794175425)|VARIABLE_ASSIGNMENT|[255]|rawName|"Wi-Fi Access Point"
08:11:04.789 (3794188056)|HEAP_ALLOCATE|[256]|Bytes:5
08:11:04.789 (3794194976)|STATEMENT_EXECUTE|[255]
08:11:04.789 (3794219996)|STATEMENT_EXECUTE|[256]
08:11:04.789 (3794223496)|STATEMENT_EXECUTE|[257]
08:11:04.789 (3794237107)|HEAP_ALLOCATE|[257]|Bytes:18
08:11:04.789 (3794254217)|VARIABLE_SCOPE_BEGIN|[257]|lower|String|false|false
08:11:04.789 (3794270778)|VARIABLE_ASSIGNMENT|[257]|lower|"wi-fi access point"
08:11:04.789 (3794315699)|STATEMENT_EXECUTE|[258]
08:11:04.789 (3794338449)|STATEMENT_EXECUTE|[259]
08:11:04.789 (3794349059)|METHOD_EXIT|[277]|01pdL00000Up09Z|CpeAiAssistantController.normalizeProductName(String)
08:11:04.789 (3794357910)|VARIABLE_SCOPE_BEGIN|[277]|normKey|String|false|false
08:11:04.789 (3794371680)|VARIABLE_ASSIGNMENT|[277]|normKey|"Wi-Fi Access Point"
08:11:04.789 (3794403341)|STATEMENT_EXECUTE|[279]
08:11:04.789 (3794406971)|STATEMENT_EXECUTE|[280]
08:11:04.789 (3794423011)|VARIABLE_SCOPE_BEGIN|[280]|qty|Integer|false|false
08:11:04.789 (3794439231)|VARIABLE_ASSIGNMENT|[280]|qty|1
08:11:04.789 (3794458932)|STATEMENT_EXECUTE|[282]
08:11:04.789 (3794462562)|STATEMENT_EXECUTE|[283]
08:11:04.789 (3794467412)|VARIABLE_SCOPE_BEGIN|[283]|current|Integer|false|false
08:11:04.789 (3794478492)|HEAP_ALLOCATE|[283]|Bytes:4
08:11:04.789 (3794489553)|VARIABLE_ASSIGNMENT|[283]|current|0
08:11:04.789 (3794534404)|STATEMENT_EXECUTE|[284]
08:11:04.789 (3794537994)|STATEMENT_EXECUTE|[285]
08:11:04.789 (3794570995)|VARIABLE_ASSIGNMENT|[285]|current|1
08:11:04.789 (3794578515)|STATEMENT_EXECUTE|[287]
08:11:04.789 (3794582255)|VARIABLE_SCOPE_BEGIN|[287]|baseQty|Integer|false|false
08:11:04.789 (3794594435)|VARIABLE_ASSIGNMENT|[287]|baseQty|1
08:11:04.789 (3794658357)|STATEMENT_EXECUTE|[288]
08:11:04.789 (3794662007)|STATEMENT_EXECUTE|[289]
08:11:04.789 (3794694397)|VARIABLE_ASSIGNMENT|[289]|baseQty|1
08:11:04.789 (3794702408)|STATEMENT_EXECUTE|[292]
08:11:04.789 (3794731388)|VARIABLE_SCOPE_BEGIN|[292]|max|Integer|false|false
08:11:04.789 (3794745469)|VARIABLE_ASSIGNMENT|[292]|max|11
08:11:04.789 (3794752229)|STATEMENT_EXECUTE|[293]
08:11:04.789 (3794781030)|VARIABLE_SCOPE_BEGIN|[293]|min|Integer|false|false
08:11:04.789 (3794795420)|VARIABLE_ASSIGNMENT|[293]|min|1
08:11:04.789 (3794805390)|STATEMENT_EXECUTE|[295]
08:11:04.789 (3794810560)|STATEMENT_EXECUTE|[303]
08:11:04.789 (3794813830)|STATEMENT_EXECUTE|[315]
08:11:04.789 (3794833261)|HEAP_ALLOCATE|[EXTERNAL]|Bytes:-4
08:11:04.789 (3794847001)|STATEMENT_EXECUTE|[317]
08:11:04.789 (3794864011)|HEAP_ALLOCATE|[276]|Bytes:5
08:11:04.789 (3794882972)|VARIABLE_ASSIGNMENT|[276]|key|null
08:11:04.789 (3794944853)|HEAP_ALLOCATE|[337]|Bytes:52
08:11:04.789 (3794987524)|HEAP_ALLOCATE|[337]|Bytes:5
08:11:04.789 (3795006015)|VARIABLE_SCOPE_BEGIN|[337]|ruleKey|String|false|false
08:11:04.789 (3795023015)|VARIABLE_ASSIGNMENT|[337]|ruleKey|"TV + Receiver"
08:11:04.789 (3795030585)|STATEMENT_EXECUTE|[337]
08:11:04.789 (3795066016)|STATEMENT_EXECUTE|[338]
08:11:04.789 (3795078507)|HEAP_ALLOCATE|[337]|Bytes:5
08:11:04.789 (3795094867)|VARIABLE_SCOPE_BEGIN|[337]|ruleKey|String|false|false
08:11:04.789 (3795109007)|VARIABLE_ASSIGNMENT|[337]|ruleKey|"Modem"
08:11:04.789 (3795115897)|STATEMENT_EXECUTE|[337]
08:11:04.789 (3795129488)|STATEMENT_EXECUTE|[338]
08:11:04.789 (3795141388)|HEAP_ALLOCATE|[337]|Bytes:5
08:11:04.789 (3795157248)|VARIABLE_SCOPE_BEGIN|[337]|ruleKey|String|false|false
08:11:04.789 (3795171969)|VARIABLE_ASSIGNMENT|[337]|ruleKey|"Wi-Fi Access Point"
08:11:04.789 (3795178689)|STATEMENT_EXECUTE|[337]
08:11:04.789 (3795194189)|STATEMENT_EXECUTE|[338]
08:11:04.789 (3795205880)|HEAP_ALLOCATE|[337]|Bytes:5
08:11:04.789 (3795224110)|VARIABLE_ASSIGNMENT|[337]|ruleKey|null
08:11:04.789 (3795231900)|STATEMENT_EXECUTE|[343]
08:11:04.789 (3795270501)|HEAP_ALLOCATE|[EXTERNAL]|Bytes:-4
08:11:04.789 (3795283821)|STATEMENT_EXECUTE|[346]
08:11:04.789 (3795302162)|HEAP_ALLOCATE|[346]|Bytes:4
08:11:04.789 (3795339853)|VARIABLE_SCOPE_BEGIN|[346]|stateChanges|List<Map<String,ANY>>|true|false
08:11:04.789 (3795376334)|HEAP_ALLOCATE|[EXTERNAL]|Bytes:4
08:11:04.789 (3795395594)|VARIABLE_ASSIGNMENT|[346]|stateChanges|[]|0x537d2454
08:11:04.789 (3795441905)|HEAP_ALLOCATE|[347]|Bytes:52
08:11:04.789 (3795481136)|HEAP_ALLOCATE|[347]|Bytes:5
08:11:04.789 (3795500376)|VARIABLE_SCOPE_BEGIN|[347]|key|String|false|false
08:11:04.789 (3795516417)|VARIABLE_ASSIGNMENT|[347]|key|"TV + Receiver"
08:11:04.789 (3795523237)|STATEMENT_EXECUTE|[347]
08:11:04.789 (3795552868)|STATEMENT_EXECUTE|[348]
08:11:04.789 (3795556188)|STATEMENT_EXECUTE|[349]
08:11:04.789 (3795585098)|VARIABLE_SCOPE_BEGIN|[349]|newVal|Object|false|false
08:11:04.789 (3795601619)|VARIABLE_ASSIGNMENT|[349]|newVal|1
08:11:04.789 (3795607489)|STATEMENT_EXECUTE|[350]
08:11:04.789 (3795653660)|VARIABLE_SCOPE_BEGIN|[350]|curVal|Object|false|false
08:11:04.789 (3795672070)|VARIABLE_ASSIGNMENT|[350]|curVal|1
08:11:04.789 (3795784943)|STATEMENT_EXECUTE|[352]
08:11:04.789 (3795800343)|HEAP_ALLOCATE|[347]|Bytes:5
08:11:04.789 (3795819164)|VARIABLE_SCOPE_BEGIN|[347]|key|String|false|false
08:11:04.789 (3795832264)|VARIABLE_ASSIGNMENT|[347]|key|"Modem"
08:11:04.789 (3795837454)|STATEMENT_EXECUTE|[347]
08:11:04.789 (3795853115)|STATEMENT_EXECUTE|[348]
08:11:04.789 (3795856755)|STATEMENT_EXECUTE|[349]
08:11:04.789 (3795876175)|VARIABLE_SCOPE_BEGIN|[349]|newVal|Object|false|false
08:11:04.789 (3795894336)|VARIABLE_ASSIGNMENT|[349]|newVal|"Wired"
08:11:04.789 (3795901256)|STATEMENT_EXECUTE|[350]
08:11:04.789 (3795936347)|VARIABLE_SCOPE_BEGIN|[350]|curVal|Object|false|false
08:11:04.789 (3795953217)|VARIABLE_ASSIGNMENT|[350]|curVal|"Wired"
08:11:04.789 (3795975848)|STATEMENT_EXECUTE|[352]
08:11:04.789 (3795988028)|HEAP_ALLOCATE|[347]|Bytes:5
08:11:04.789 (3796001868)|VARIABLE_SCOPE_BEGIN|[347]|key|String|false|false
08:11:04.789 (3796015129)|VARIABLE_ASSIGNMENT|[347]|key|"Wi-Fi Access Point"
08:11:04.789 (3796021339)|STATEMENT_EXECUTE|[347]
08:11:04.789 (3796036309)|STATEMENT_EXECUTE|[348]
08:11:04.789 (3796039799)|STATEMENT_EXECUTE|[349]
08:11:04.789 (3796058660)|VARIABLE_SCOPE_BEGIN|[349]|newVal|Object|false|false
08:11:04.789 (3796075800)|VARIABLE_ASSIGNMENT|[349]|newVal|1
08:11:04.789 (3796082460)|STATEMENT_EXECUTE|[350]
08:11:04.789 (3796118991)|VARIABLE_SCOPE_BEGIN|[350]|curVal|Object|false|false
08:11:04.789 (3796136561)|VARIABLE_ASSIGNMENT|[350]|curVal|1
08:11:04.789 (3796161452)|STATEMENT_EXECUTE|[352]
08:11:04.789 (3796173992)|HEAP_ALLOCATE|[347]|Bytes:5
08:11:04.789 (3796193043)|VARIABLE_ASSIGNMENT|[347]|key|null
08:11:04.789 (3796200903)|STATEMENT_EXECUTE|[382]
08:11:04.789 (3796206483)|HEAP_ALLOCATE|[382]|Bytes:12
08:11:04.789 (3796245184)|HEAP_ALLOCATE|[EXTERNAL]|Bytes:-4
08:11:04.789 (3796259674)|HEAP_ALLOCATE|[383]|Bytes:7
08:11:04.789 (3796304575)|STATEMENT_EXECUTE|[383]
08:11:04.789 (3796308725)|STATEMENT_EXECUTE|[384]
08:11:04.789 (3796345306)|HEAP_ALLOCATE|[EXTERNAL]|Bytes:-4
08:11:04.789 (3796358807)|STATEMENT_EXECUTE|[388]
08:11:04.789 (3796364017)|STATEMENT_EXECUTE|[401]
08:11:04.789 (3796378177)|METHOD_EXIT|[142]|01pdL00000Up09Z|CpeAiAssistantController.parseAndValidateAgentResponse(String, Map<String,Map<String,ANY>>)
08:11:04.789 (3796388457)|VARIABLE_SCOPE_BEGIN|[142]|validatedResponse|Map<String,ANY>|true|false
08:11:04.789 (3796426368)|VARIABLE_ASSIGNMENT|[142]|validatedResponse|{"newState":{"TV + Receiver":1,"Modem":"Wired","Wi-Fi Access Point":1},"stateChanges":[],"message":"Removed 0 Wi-Fi Acce (99 more) ..."}|0x16d3b671
08:11:04.789 (3796435148)|STATEMENT_EXECUTE|[144]
08:11:04.789 (3796445739)|METHOD_ENTRY|[144]||System.JSON.serialize(Object)
08:11:04.789 (3797423812)|METHOD_EXIT|[144]||System.JSON.serialize(Object)
08:11:04.797 (3797547895)|CUMULATIVE_LIMIT_USAGE
08:11:04.797 (3797547895)|LIMIT_USAGE_FOR_NS|(default)|
  Number of SOQL queries: 0 out of 100
  Number of query rows: 0 out of 50000
  Number of SOSL queries: 0 out of 20
  Number of DML statements: 0 out of 150
  Number of Publish Immediate DML: 0 out of 150
  Number of DML rows: 0 out of 10000
  Maximum CPU time: 636 out of 10000
  Maximum heap size: 0 out of 6000000
  Number of callouts: 0 out of 100
  Number of Email Invocations: 0 out of 10
  Number of future calls: 0 out of 50
  Number of queueable jobs added to the queue: 0 out of 50
  Number of Mobile Apex push calls: 0 out of 10

08:11:04.797 (3797547895)|CUMULATIVE_LIMIT_USAGE_END

08:11:04.789 (3797638187)|CODE_UNIT_FINISHED|CpeAiAssistantController.sendMessageToAgent(String, String, String, String)
08:11:04.789 (3797976855)|CODE_UNIT_FINISHED|apex://CpeAiAssistantController/ACTION$sendMessageToAgent
08:11:04.789 (3797995295)|EXECUTION_FINISHED
