66.0 APEX_CODE,FINEST;APEX_PROFILING,INFO;CALLOUT,INFO;DATA_ACCESS,INFO;DB,INFO;NBA,INFO;SYSTEM,DEBUG;VALIDATION,INFO;VISUALFORCE,INFO;WAVE,INFO;WORKFLOW,INFO
07:31:48.9 (9055823)|USER_INFO|[EXTERNAL]|005dL00001kiJYb|abhijithshaibinu001.b869139f1496@agentforce.com|(GMT-07:00) Pacific Daylight Time (America/Los_Angeles)|GMT-07:00
07:31:48.9 (9147574)|EXECUTION_STARTED
07:31:48.9 (9176726)|CODE_UNIT_STARTED|[EXTERNAL]|apex://CpeAiAssistantController/ACTION$sendMessageToAgent
07:31:48.9 (12824576)|CODE_UNIT_STARTED|[EXTERNAL]|01pdL00000Up09Z|CpeAiAssistantController.sendMessageToAgent(String, String, String, String)
07:31:48.9 (15092888)|HEAP_ALLOCATE|[95]|Bytes:3
07:31:48.9 (15282122)|HEAP_ALLOCATE|[100]|Bytes:152
07:31:48.9 (15308992)|HEAP_ALLOCATE|[417]|Bytes:408
07:31:48.9 (15329632)|HEAP_ALLOCATE|[430]|Bytes:408
07:31:48.9 (15442576)|HEAP_ALLOCATE|[317]|Bytes:6
07:31:48.9 (15474356)|HEAP_ALLOCATE|[EXTERNAL]|Bytes:44
07:31:48.9 (15488007)|HEAP_ALLOCATE|[EXTERNAL]|Bytes:6
07:31:48.9 (15518357)|METHOD_ENTRY|[1]|01pdL00000Up09Z|CpeAiAssistantController.CpeAiAssistantController()
07:31:48.9 (15538637)|STATEMENT_EXECUTE|[1]
07:31:48.9 (15554357)|STATEMENT_EXECUTE|[1]
07:31:48.9 (15588509)|HEAP_ALLOCATE|[68]|Bytes:5
07:31:48.9 (15639639)|HEAP_ALLOCATE|[74]|Bytes:5
07:31:48.9 (15649901)|HEAP_ALLOCATE|[82]|Bytes:7
07:31:48.9 (15680221)|HEAP_ALLOCATE|[EXTERNAL]|Bytes:5
07:31:48.9 (15701142)|METHOD_EXIT|[1]|CpeAiAssistantController
07:31:48.9 (15709432)|HEAP_ALLOCATE|[EXTERNAL]|Bytes:18
07:31:48.9 (15713102)|HEAP_ALLOCATE|[EXTERNAL]|Bytes:734
07:31:48.9 (15716312)|HEAP_ALLOCATE|[EXTERNAL]|Bytes:58
07:31:48.9 (15719472)|HEAP_ALLOCATE|[EXTERNAL]|Bytes:79
07:31:48.9 (15733401)|VARIABLE_SCOPE_BEGIN|[71]|userMessage|String|false|false
07:31:48.9 (15836084)|VARIABLE_ASSIGNMENT|[71]|userMessage|"Add 3 TV Receivers"
07:31:48.9 (15843195)|VARIABLE_SCOPE_BEGIN|[71]|cpeItemsJson|String|false|false
07:31:48.9 (15854564)|VARIABLE_ASSIGNMENT|[71]|cpeItemsJson|"{\n  \"CpeItems\": [\n   (714 more) ..."
07:31:48.9 (15858564)|VARIABLE_SCOPE_BEGIN|[71]|currentCartJson|String|false|false
07:31:48.9 (15866124)|VARIABLE_ASSIGNMENT|[71]|currentCartJson|"{\"TV + Receiver\":1,\" (38 more) ..."
07:31:48.9 (15869736)|VARIABLE_SCOPE_BEGIN|[71]|chatHistory|String|false|false
07:31:48.9 (15876636)|VARIABLE_ASSIGNMENT|[71]|chatHistory|"Technician: Add Rece (59 more) ..."
07:31:48.9 (15891516)|HEAP_ALLOCATE|[72]|Bytes:5
07:31:48.9 (15896796)|STATEMENT_EXECUTE|[71]
07:31:48.9 (15899236)|STATEMENT_EXECUTE|[72]
07:31:48.9 (15901316)|STATEMENT_EXECUTE|[72]
07:31:48.9 (15903536)|STATEMENT_EXECUTE|[74]
07:31:48.9 (15933257)|METHOD_ENTRY|[74]|01pdL00000Up09Z|CpeAiAssistantController.buildRulePayload(String, String)
07:31:48.9 (15979908)|VARIABLE_SCOPE_BEGIN|[156]|cpeItemsJson|String|false|false
07:31:48.9 (15990458)|VARIABLE_ASSIGNMENT|[156]|cpeItemsJson|"{\n  \"CpeItems\": [\n   (714 more) ..."
07:31:48.9 (15994367)|VARIABLE_SCOPE_BEGIN|[156]|currentCartJson|String|false|false
07:31:48.9 (16003619)|VARIABLE_ASSIGNMENT|[156]|currentCartJson|"{\"TV + Receiver\":1,\" (38 more) ..."
07:31:48.9 (16014568)|HEAP_ALLOCATE|[157]|Bytes:5
07:31:48.9 (16019368)|STATEMENT_EXECUTE|[156]
07:31:48.9 (16021749)|STATEMENT_EXECUTE|[157]
07:31:48.9 (16040909)|HEAP_ALLOCATE|[157]|Bytes:4
07:31:48.9 (16057320)|VARIABLE_SCOPE_BEGIN|[157]|rules|Map<String,Map<String,ANY>>|true|false
07:31:48.9 (16081270)|VARIABLE_ASSIGNMENT|[157]|rules|{}|0x204b1133
07:31:48.9 (16086529)|STATEMENT_EXECUTE|[158]
07:31:48.9 (16090280)|HEAP_ALLOCATE|[158]|Bytes:13
07:31:48.9 (16100141)|HEAP_ALLOCATE|[158]|Bytes:4
07:31:48.9 (16107370)|HEAP_ALLOCATE|[158]|Bytes:7
07:31:48.9 (16190123)|HEAP_ALLOCATE|[158]|Bytes:4
07:31:48.9 (16243184)|HEAP_ALLOCATE|[158]|Bytes:3
07:31:48.9 (16253093)|HEAP_ALLOCATE|[158]|Bytes:4
07:31:48.9 (16264474)|HEAP_ALLOCATE|[158]|Bytes:3
07:31:48.9 (16272453)|HEAP_ALLOCATE|[158]|Bytes:4
07:31:48.9 (16305405)|HEAP_ALLOCATE|[EXTERNAL]|Bytes:-4
07:31:48.9 (16314485)|STATEMENT_EXECUTE|[159]
07:31:48.9 (16318156)|HEAP_ALLOCATE|[159]|Bytes:5
07:31:48.9 (16325975)|HEAP_ALLOCATE|[159]|Bytes:4
07:31:48.9 (16331846)|HEAP_ALLOCATE|[159]|Bytes:5
07:31:48.9 (16361156)|HEAP_ALLOCATE|[159]|Bytes:4
07:31:48.9 (16375277)|HEAP_ALLOCATE|[159]|Bytes:4
07:31:48.9 (16388896)|HEAP_ALLOCATE|[EXTERNAL]|Bytes:-4
07:31:48.9 (16395637)|STATEMENT_EXECUTE|[160]
07:31:48.9 (16398867)|HEAP_ALLOCATE|[160]|Bytes:18
07:31:48.9 (16406496)|HEAP_ALLOCATE|[160]|Bytes:4
07:31:48.9 (16425508)|HEAP_ALLOCATE|[160]|Bytes:4
07:31:48.9 (16440228)|HEAP_ALLOCATE|[160]|Bytes:4
07:31:48.9 (16452249)|HEAP_ALLOCATE|[160]|Bytes:4
07:31:48.9 (16467058)|HEAP_ALLOCATE|[EXTERNAL]|Bytes:-4
07:31:48.9 (16539579)|STATEMENT_EXECUTE|[162]
07:31:48.9 (16542340)|STATEMENT_EXECUTE|[163]
07:31:48.9 (16544380)|STATEMENT_EXECUTE|[163]
07:31:48.9 (16546451)|STATEMENT_EXECUTE|[164]
07:31:48.9 (16589912)|HEAP_ALLOCATE|[164]|Bytes:24
07:31:48.9 (16601412)|SYSTEM_METHOD_ENTRY|[1]|JSON.JSON()
07:31:48.9 (16604972)|STATEMENT_EXECUTE|[1]
07:31:48.9 (16616701)|SYSTEM_METHOD_EXIT|[1]|JSON
07:31:48.9 (16626032)|METHOD_ENTRY|[164]||System.JSON.deserializeUntyped(String)
07:31:48.9 (24104869)|METHOD_EXIT|[164]||System.JSON.deserializeUntyped(String)
07:31:48.9 (24131920)|VARIABLE_SCOPE_BEGIN|[164]|currentCart|Map<String,ANY>|true|false
07:31:48.9 (24177211)|VARIABLE_ASSIGNMENT|[164]|currentCart|{"TV + Receiver":1,"Modem":"Wired","Wi-Fi Access Point":1}|0x5886dddc
07:31:48.9 (24362845)|HEAP_ALLOCATE|[165]|Bytes:52
07:31:48.9 (24487788)|HEAP_ALLOCATE|[165]|Bytes:5
07:31:48.9 (24519318)|VARIABLE_SCOPE_BEGIN|[165]|key|String|false|false
07:31:48.9 (24531409)|VARIABLE_ASSIGNMENT|[165]|key|"TV + Receiver"
07:31:48.9 (24537739)|STATEMENT_EXECUTE|[165]
07:31:48.9 (24540659)|STATEMENT_EXECUTE|[166]
07:31:48.9 (24560079)|METHOD_ENTRY|[166]|01pdL00000Up09Z|CpeAiAssistantController.normalizeProductName(String)
07:31:48.9 (24576070)|VARIABLE_SCOPE_BEGIN|[252]|rawName|String|false|false
07:31:48.9 (24584210)|VARIABLE_ASSIGNMENT|[252]|rawName|"TV + Receiver"
07:31:48.9 (24600751)|HEAP_ALLOCATE|[253]|Bytes:5
07:31:48.9 (24605811)|STATEMENT_EXECUTE|[252]
07:31:48.9 (24652132)|STATEMENT_EXECUTE|[253]
07:31:48.9 (24654742)|STATEMENT_EXECUTE|[254]
07:31:48.9 (24679642)|HEAP_ALLOCATE|[254]|Bytes:13
07:31:48.9 (24695463)|VARIABLE_SCOPE_BEGIN|[254]|lower|String|false|false
07:31:48.9 (24708583)|VARIABLE_ASSIGNMENT|[254]|lower|"tv + receiver"
07:31:48.9 (24716122)|HEAP_ALLOCATE|[255]|Bytes:2
07:31:48.9 (24765803)|STATEMENT_EXECUTE|[255]
07:31:48.9 (24778905)|METHOD_EXIT|[166]|01pdL00000Up09Z|CpeAiAssistantController.normalizeProductName(String)
07:31:48.9 (24787345)|VARIABLE_SCOPE_BEGIN|[166]|normKey|String|false|false
07:31:48.9 (24799455)|VARIABLE_ASSIGNMENT|[166]|normKey|"TV + Receiver"
07:31:48.9 (24843826)|STATEMENT_EXECUTE|[167]
07:31:48.9 (24847365)|STATEMENT_EXECUTE|[168]
07:31:48.9 (24960219)|HEAP_ALLOCATE|[165]|Bytes:5
07:31:48.9 (24977439)|VARIABLE_SCOPE_BEGIN|[165]|key|String|false|false
07:31:48.9 (24990360)|VARIABLE_ASSIGNMENT|[165]|key|"Modem"
07:31:48.9 (24996760)|STATEMENT_EXECUTE|[165]
07:31:48.9 (25000400)|STATEMENT_EXECUTE|[166]
07:31:48.9 (25007300)|METHOD_ENTRY|[166]|01pdL00000Up09Z|CpeAiAssistantController.normalizeProductName(String)
07:31:48.9 (25014620)|VARIABLE_SCOPE_BEGIN|[252]|rawName|String|false|false
07:31:48.9 (25026480)|VARIABLE_ASSIGNMENT|[252]|rawName|"Modem"
07:31:48.9 (25039530)|HEAP_ALLOCATE|[253]|Bytes:5
07:31:48.9 (25044970)|STATEMENT_EXECUTE|[252]
07:31:48.9 (25067581)|STATEMENT_EXECUTE|[253]
07:31:48.9 (25071421)|STATEMENT_EXECUTE|[254]
07:31:48.9 (25084062)|HEAP_ALLOCATE|[254]|Bytes:5
07:31:48.9 (25097602)|VARIABLE_SCOPE_BEGIN|[254]|lower|String|false|false
07:31:48.9 (25110402)|VARIABLE_ASSIGNMENT|[254]|lower|"modem"
07:31:48.9 (25136252)|HEAP_ALLOCATE|[255]|Bytes:8
07:31:48.9 (25161443)|STATEMENT_EXECUTE|[255]
07:31:48.9 (25166243)|HEAP_ALLOCATE|[256]|Bytes:5
07:31:48.9 (25198604)|HEAP_ALLOCATE|[256]|Bytes:4
07:31:48.9 (25216485)|HEAP_ALLOCATE|[256]|Bytes:2
07:31:48.9 (25232894)|HEAP_ALLOCATE|[256]|Bytes:12
07:31:48.9 (25250494)|HEAP_ALLOCATE|[256]|Bytes:6
07:31:48.9 (25266706)|STATEMENT_EXECUTE|[256]
07:31:48.9 (25271266)|HEAP_ALLOCATE|[257]|Bytes:5
07:31:48.9 (25293286)|STATEMENT_EXECUTE|[257]
07:31:48.9 (25301276)|METHOD_EXIT|[166]|01pdL00000Up09Z|CpeAiAssistantController.normalizeProductName(String)
07:31:48.9 (25310357)|VARIABLE_SCOPE_BEGIN|[166]|normKey|String|false|false
07:31:48.9 (25319496)|VARIABLE_ASSIGNMENT|[166]|normKey|"Modem"
07:31:48.9 (25332767)|STATEMENT_EXECUTE|[167]
07:31:48.9 (25334947)|STATEMENT_EXECUTE|[168]
07:31:48.9 (25372758)|HEAP_ALLOCATE|[165]|Bytes:5
07:31:48.9 (25384617)|VARIABLE_SCOPE_BEGIN|[165]|key|String|false|false
07:31:48.9 (25397359)|VARIABLE_ASSIGNMENT|[165]|key|"Wi-Fi Access Point"
07:31:48.9 (25402999)|STATEMENT_EXECUTE|[165]
07:31:48.9 (25405759)|STATEMENT_EXECUTE|[166]
07:31:48.9 (25411609)|METHOD_ENTRY|[166]|01pdL00000Up09Z|CpeAiAssistantController.normalizeProductName(String)
07:31:48.9 (25418509)|VARIABLE_SCOPE_BEGIN|[252]|rawName|String|false|false
07:31:48.9 (25427669)|VARIABLE_ASSIGNMENT|[252]|rawName|"Wi-Fi Access Point"
07:31:48.9 (25436650)|HEAP_ALLOCATE|[253]|Bytes:5
07:31:48.9 (25441810)|STATEMENT_EXECUTE|[252]
07:31:48.9 (25462890)|STATEMENT_EXECUTE|[253]
07:31:48.9 (25466410)|STATEMENT_EXECUTE|[254]
07:31:48.9 (25478150)|HEAP_ALLOCATE|[254]|Bytes:18
07:31:48.9 (25492691)|VARIABLE_SCOPE_BEGIN|[254]|lower|String|false|false
07:31:48.9 (25503521)|VARIABLE_ASSIGNMENT|[254]|lower|"wi-fi access point"
07:31:48.9 (25530812)|STATEMENT_EXECUTE|[255]
07:31:48.9 (25545562)|STATEMENT_EXECUTE|[256]
07:31:48.9 (25553072)|METHOD_EXIT|[166]|01pdL00000Up09Z|CpeAiAssistantController.normalizeProductName(String)
07:31:48.9 (25558682)|VARIABLE_SCOPE_BEGIN|[166]|normKey|String|false|false
07:31:48.9 (25566492)|VARIABLE_ASSIGNMENT|[166]|normKey|"Wi-Fi Access Point"
07:31:48.9 (25577873)|STATEMENT_EXECUTE|[167]
07:31:48.9 (25580053)|STATEMENT_EXECUTE|[168]
07:31:48.9 (25618674)|HEAP_ALLOCATE|[165]|Bytes:5
07:31:48.9 (25632004)|VARIABLE_ASSIGNMENT|[165]|key|null
07:31:48.9 (25666224)|STATEMENT_EXECUTE|[174]
07:31:48.9 (25669635)|STATEMENT_EXECUTE|[175]
07:31:48.9 (25672525)|STATEMENT_EXECUTE|[175]
07:31:48.9 (25675584)|STATEMENT_EXECUTE|[176]
07:31:48.9 (25685085)|METHOD_ENTRY|[176]||System.JSON.deserializeUntyped(String)
07:31:48.9 (27273241)|METHOD_EXIT|[176]||System.JSON.deserializeUntyped(String)
07:31:48.9 (27291980)|VARIABLE_SCOPE_BEGIN|[176]|itemsMap|Map<String,ANY>|true|false
07:31:48.9 (27320132)|HEAP_ALLOCATE|[EXTERNAL]|Bytes:20
07:31:48.9 (27399723)|VARIABLE_ASSIGNMENT|[176]|itemsMap|{"CpeItems":["Map of size 6 too large to display",{"itemType":"childProduct","maxQuantity":15,"minQuantity":0,"defaultQuantity":0,"ProductCode":"O_RES_TV_PLUS_ADDL_S (2 more) ..."},"Map of size 6 too large to display",{"itemType":"childProduct","maxQuantity":99999,"minQuantity":0,"defaultQuantity":0,"ProductCode":"O_RES_HSI_WIFI_EXTEN (3 more) ..."}]}|0x3634c55
07:31:48.9 (27409484)|STATEMENT_EXECUTE|[177]
07:31:48.9 (27420374)|HEAP_ALLOCATE|[177]|Bytes:4
07:31:48.9 (27499036)|VARIABLE_SCOPE_BEGIN|[177]|items|List<ANY>|true|false
07:31:48.9 (27513456)|HEAP_ALLOCATE|[EXTERNAL]|Bytes:4
07:31:48.9 (27524916)|VARIABLE_ASSIGNMENT|[177]|items|[]|0x7603e5ae
07:31:48.9 (27531576)|HEAP_ALLOCATE|[178]|Bytes:8
07:31:48.9 (27563247)|STATEMENT_EXECUTE|[178]
07:31:48.9 (27566057)|STATEMENT_EXECUTE|[179]
07:31:48.9 (27614158)|VARIABLE_ASSIGNMENT|[179]|items|["Map of size 6 too large to display",{"itemType":"childProduct","maxQuantity":15,"minQuantity":0,"defaultQuantity":0,"ProductCode":"O_RES_TV_PLUS_ADDL_S (2 more) ..."},"Map of size 6 too large to display",{"itemType":"childProduct","maxQuantity":99999,"minQuantity":0,"defaultQuantity":0,"ProductCode":"O_RES_HSI_WIFI_EXTEN (3 more) ..."}]|0x6df75c78
07:31:48.9 (27621738)|STATEMENT_EXECUTE|[182]
07:31:48.9 (27636108)|HEAP_ALLOCATE|[182]|Bytes:4
07:31:48.9 (27645119)|VARIABLE_SCOPE_BEGIN|[182]|limits|Map<String,Map<String,Integer>>|true|false
07:31:48.9 (27655159)|VARIABLE_ASSIGNMENT|[182]|limits|{}|0x746fa477
07:31:48.9 (27659449)|STATEMENT_EXECUTE|[183]
07:31:48.9 (27666299)|HEAP_ALLOCATE|[183]|Bytes:4
07:31:48.9 (27675040)|HEAP_ALLOCATE|[183]|Bytes:6
07:31:48.9 (27699850)|HEAP_ALLOCATE|[183]|Bytes:4
07:31:48.9 (27711149)|HEAP_ALLOCATE|[183]|Bytes:6
07:31:48.9 (27720390)|HEAP_ALLOCATE|[183]|Bytes:4
07:31:48.9 (27731771)|HEAP_ALLOCATE|[183]|Bytes:4
07:31:48.9 (27747571)|HEAP_ALLOCATE|[EXTERNAL]|Bytes:-4
07:31:48.9 (27754451)|STATEMENT_EXECUTE|[184]
07:31:48.9 (27761742)|HEAP_ALLOCATE|[184]|Bytes:4
07:31:48.9 (27782191)|HEAP_ALLOCATE|[184]|Bytes:4
07:31:48.9 (27794102)|HEAP_ALLOCATE|[184]|Bytes:4
07:31:48.9 (27804983)|HEAP_ALLOCATE|[184]|Bytes:4
07:31:48.9 (27818293)|HEAP_ALLOCATE|[EXTERNAL]|Bytes:-4
07:31:48.9 (27824883)|STATEMENT_EXECUTE|[185]
07:31:48.9 (27831943)|HEAP_ALLOCATE|[185]|Bytes:4
07:31:48.9 (27849304)|HEAP_ALLOCATE|[185]|Bytes:4
07:31:48.9 (27861174)|HEAP_ALLOCATE|[185]|Bytes:4
07:31:48.9 (27872424)|HEAP_ALLOCATE|[EXTERNAL]|Bytes:-4
07:31:48.9 (27879254)|STATEMENT_EXECUTE|[187]
07:31:48.9 (27893405)|METHOD_ENTRY|[187]|01pdL00000Up09Z|CpeAiAssistantController.extractCodes(List<ANY>, Map<String,Map<String,Integer>>)
07:31:48.9 (27927375)|VARIABLE_SCOPE_BEGIN|[200]|items|List<ANY>|true|false
07:31:48.9 (27946926)|VARIABLE_ASSIGNMENT|[200]|items|["Map of size 6 too large to display",{"itemType":"childProduct","maxQuantity":15,"minQuantity":0,"defaultQuantity":0,"ProductCode":"O_RES_TV_PLUS_ADDL_S (2 more) ..."},"Map of size 6 too large to display",{"itemType":"childProduct","maxQuantity":99999,"minQuantity":0,"defaultQuantity":0,"ProductCode":"O_RES_HSI_WIFI_EXTEN (3 more) ..."}]|0x6df75c78
07:31:48.9 (27954026)|VARIABLE_SCOPE_BEGIN|[200]|limits|Map<String,Map<String,Integer>>|true|false
07:31:48.9 (27967176)|VARIABLE_ASSIGNMENT|[200]|limits|{"tv":{"maxInc":3,"maxAdd":15,"min":1},"wifi":{"maxInc":1,"maxAdd":10,"min":1},"modem":{"max":1,"min":1}}|0x746fa477
07:31:48.9 (27984577)|HEAP_ALLOCATE|[201]|Bytes:5
07:31:48.9 (27989967)|STATEMENT_EXECUTE|[200]
07:31:48.9 (27993987)|STATEMENT_EXECUTE|[201]
07:31:48.9 (28044328)|HEAP_ALLOCATE|[202]|Bytes:5
07:31:48.9 (28076899)|HEAP_ALLOCATE|[202]|Bytes:28
07:31:48.9 (28086669)|VARIABLE_SCOPE_BEGIN|[202]|obj|Object|false|false
07:31:48.9 (28098109)|VARIABLE_ASSIGNMENT|[202]|obj|"Map of size 6 too large to display"
07:31:48.9 (28103609)|STATEMENT_EXECUTE|[202]
07:31:48.9 (28105739)|STATEMENT_EXECUTE|[203]
07:31:48.9 (28109718)|VARIABLE_SCOPE_BEGIN|[203]|item|Map<String,ANY>|true|false
07:31:48.9 (28118730)|VARIABLE_ASSIGNMENT|[203]|item|"Map of size 6 too large to display"|0x2bef7422
07:31:48.9 (28122710)|STATEMENT_EXECUTE|[204]
07:31:48.9 (28132140)|METHOD_ENTRY|[204]|01pdL00000Up09Z|CpeAiAssistantController.getProductCode(Map<String,ANY>)
07:31:48.9 (28144250)|VARIABLE_SCOPE_BEGIN|[233]|item|Map<String,ANY>|true|false
07:31:48.9 (28153559)|VARIABLE_ASSIGNMENT|[233]|item|"Map of size 6 too large to display"|0x2bef7422
07:31:48.9 (28161621)|HEAP_ALLOCATE|[234]|Bytes:5
07:31:48.9 (28166200)|STATEMENT_EXECUTE|[233]
07:31:48.9 (28169511)|HEAP_ALLOCATE|[234]|Bytes:11
07:31:48.9 (28203761)|STATEMENT_EXECUTE|[234]
07:31:48.9 (28206121)|STATEMENT_EXECUTE|[235]
07:31:48.9 (28238582)|HEAP_ALLOCATE|[235]|Bytes:17
07:31:48.9 (28256343)|METHOD_EXIT|[204]|01pdL00000Up09Z|CpeAiAssistantController.getProductCode(Map<String,ANY>)
07:31:48.9 (28263073)|VARIABLE_SCOPE_BEGIN|[204]|code|String|false|false
07:31:48.9 (28271503)|VARIABLE_ASSIGNMENT|[204]|code|"O_RES_TV_PLUS_STB"
07:31:48.9 (28274983)|STATEMENT_EXECUTE|[205]
07:31:48.9 (28278493)|HEAP_ALLOCATE|[205]|Bytes:11
07:31:48.9 (28310264)|VARIABLE_SCOPE_BEGIN|[205]|maxQ|Integer|false|false
07:31:48.9 (28319144)|VARIABLE_ASSIGNMENT|[205]|maxQ|3
07:31:48.9 (28322754)|STATEMENT_EXECUTE|[206]
07:31:48.9 (28325854)|HEAP_ALLOCATE|[206]|Bytes:11
07:31:48.9 (28353905)|VARIABLE_SCOPE_BEGIN|[206]|minQ|Integer|false|false
07:31:48.9 (28363465)|VARIABLE_ASSIGNMENT|[206]|minQ|0
07:31:48.9 (28366895)|STATEMENT_EXECUTE|[207]
07:31:48.9 (28370065)|HEAP_ALLOCATE|[207]|Bytes:15
07:31:48.9 (28416445)|VARIABLE_SCOPE_BEGIN|[207]|defQ|Integer|false|false
07:31:48.9 (28426357)|VARIABLE_ASSIGNMENT|[207]|defQ|1
07:31:48.9 (28431587)|HEAP_ALLOCATE|[209]|Bytes:17
07:31:48.9 (28459097)|STATEMENT_EXECUTE|[209]
07:31:48.9 (28461397)|STATEMENT_EXECUTE|[210]
07:31:48.9 (28495988)|STATEMENT_EXECUTE|[211]
07:31:48.9 (28523939)|HEAP_ALLOCATE|[224]|Bytes:13
07:31:48.9 (28543159)|STATEMENT_EXECUTE|[224]
07:31:48.9 (28553928)|HEAP_ALLOCATE|[202]|Bytes:5
07:31:48.9 (28566750)|HEAP_ALLOCATE|[202]|Bytes:24
07:31:48.9 (28574889)|VARIABLE_SCOPE_BEGIN|[202]|obj|Object|false|false
07:31:48.9 (28591760)|VARIABLE_ASSIGNMENT|[202]|obj|{"itemType":"childProduct","maxQuantity":15,"minQuantity":0,"defaultQuantity":0,"ProductCode":"O_RES_TV_PLUS_ADDL_S (2 more) ..."}
07:31:48.9 (28597529)|STATEMENT_EXECUTE|[202]
07:31:48.9 (28599840)|STATEMENT_EXECUTE|[203]
07:31:48.9 (28603950)|VARIABLE_SCOPE_BEGIN|[203]|item|Map<String,ANY>|true|false
07:31:48.9 (28616250)|VARIABLE_ASSIGNMENT|[203]|item|{"itemType":"childProduct","maxQuantity":15,"minQuantity":0,"defaultQuantity":0,"ProductCode":"O_RES_TV_PLUS_ADDL_S (2 more) ..."}|0x2efd70b3
07:31:48.9 (28622151)|STATEMENT_EXECUTE|[204]
07:31:48.9 (28626701)|METHOD_ENTRY|[204]|01pdL00000Up09Z|CpeAiAssistantController.getProductCode(Map<String,ANY>)
07:31:48.9 (28631761)|VARIABLE_SCOPE_BEGIN|[233]|item|Map<String,ANY>|true|false
07:31:48.9 (28643410)|VARIABLE_ASSIGNMENT|[233]|item|{"itemType":"childProduct","maxQuantity":15,"minQuantity":0,"defaultQuantity":0,"ProductCode":"O_RES_TV_PLUS_ADDL_S (2 more) ..."}|0x2efd70b3
07:31:48.9 (28652592)|HEAP_ALLOCATE|[234]|Bytes:5
07:31:48.9 (28657422)|STATEMENT_EXECUTE|[233]
07:31:48.9 (28675762)|STATEMENT_EXECUTE|[234]
07:31:48.9 (28677792)|STATEMENT_EXECUTE|[235]
07:31:48.9 (28694223)|HEAP_ALLOCATE|[235]|Bytes:22
07:31:48.9 (28707503)|METHOD_EXIT|[204]|01pdL00000Up09Z|CpeAiAssistantController.getProductCode(Map<String,ANY>)
07:31:48.9 (28713372)|VARIABLE_SCOPE_BEGIN|[204]|code|String|false|false
07:31:48.9 (28721543)|VARIABLE_ASSIGNMENT|[204]|code|"O_RES_TV_PLUS_ADDL_S (2 more) ..."
07:31:48.9 (28725363)|STATEMENT_EXECUTE|[205]
07:31:48.9 (28743024)|VARIABLE_SCOPE_BEGIN|[205]|maxQ|Integer|false|false
07:31:48.9 (28750724)|VARIABLE_ASSIGNMENT|[205]|maxQ|15
07:31:48.9 (28755424)|STATEMENT_EXECUTE|[206]
07:31:48.9 (28771764)|VARIABLE_SCOPE_BEGIN|[206]|minQ|Integer|false|false
07:31:48.9 (28779344)|VARIABLE_ASSIGNMENT|[206]|minQ|0
07:31:48.9 (28782834)|STATEMENT_EXECUTE|[207]
07:31:48.9 (28798734)|VARIABLE_SCOPE_BEGIN|[207]|defQ|Integer|false|false
07:31:48.9 (28806174)|VARIABLE_ASSIGNMENT|[207]|defQ|0
07:31:48.9 (28821725)|HEAP_ALLOCATE|[212]|Bytes:22
07:31:48.9 (28828886)|STATEMENT_EXECUTE|[212]
07:31:48.9 (28831046)|STATEMENT_EXECUTE|[213]
07:31:48.9 (28871646)|STATEMENT_EXECUTE|[224]
07:31:48.9 (28880587)|HEAP_ALLOCATE|[202]|Bytes:5
07:31:48.9 (28892976)|HEAP_ALLOCATE|[202]|Bytes:28
07:31:48.9 (28901256)|VARIABLE_SCOPE_BEGIN|[202]|obj|Object|false|false
07:31:48.9 (28911677)|VARIABLE_ASSIGNMENT|[202]|obj|"Map of size 6 too large to display"
07:31:48.9 (28915896)|STATEMENT_EXECUTE|[202]
07:31:48.9 (28918078)|STATEMENT_EXECUTE|[203]
07:31:48.9 (28921708)|VARIABLE_SCOPE_BEGIN|[203]|item|Map<String,ANY>|true|false
07:31:48.9 (28929897)|VARIABLE_ASSIGNMENT|[203]|item|"Map of size 6 too large to display"|0x37a86c2c
07:31:48.9 (28934948)|STATEMENT_EXECUTE|[204]
07:31:48.9 (28939078)|METHOD_ENTRY|[204]|01pdL00000Up09Z|CpeAiAssistantController.getProductCode(Map<String,ANY>)
07:31:48.9 (28943828)|VARIABLE_SCOPE_BEGIN|[233]|item|Map<String,ANY>|true|false
07:31:48.9 (28950808)|VARIABLE_ASSIGNMENT|[233]|item|"Map of size 6 too large to display"|0x37a86c2c
07:31:48.9 (28958468)|HEAP_ALLOCATE|[234]|Bytes:5
07:31:48.9 (28962449)|STATEMENT_EXECUTE|[233]
07:31:48.9 (28979649)|STATEMENT_EXECUTE|[234]
07:31:48.9 (28981738)|STATEMENT_EXECUTE|[235]
07:31:48.9 (28997138)|HEAP_ALLOCATE|[235]|Bytes:15
07:31:48.9 (29009410)|METHOD_EXIT|[204]|01pdL00000Up09Z|CpeAiAssistantController.getProductCode(Map<String,ANY>)
07:31:48.9 (29016059)|VARIABLE_SCOPE_BEGIN|[204]|code|String|false|false
07:31:48.9 (29023570)|VARIABLE_ASSIGNMENT|[204]|code|"O_RES_HSI_MODEM"
07:31:48.9 (29027059)|STATEMENT_EXECUTE|[205]
07:31:48.9 (29044910)|VARIABLE_SCOPE_BEGIN|[205]|maxQ|Integer|false|false
07:31:48.9 (29053591)|VARIABLE_ASSIGNMENT|[205]|maxQ|99999
07:31:48.9 (29057140)|STATEMENT_EXECUTE|[206]
07:31:48.9 (29072831)|VARIABLE_SCOPE_BEGIN|[206]|minQ|Integer|false|false
07:31:48.9 (29081351)|VARIABLE_ASSIGNMENT|[206]|minQ|0
07:31:48.9 (29084881)|STATEMENT_EXECUTE|[207]
07:31:48.9 (29100752)|VARIABLE_SCOPE_BEGIN|[207]|defQ|Integer|false|false
07:31:48.9 (29108181)|VARIABLE_ASSIGNMENT|[207]|defQ|1
07:31:48.9 (29121042)|HEAP_ALLOCATE|[214]|Bytes:27
07:31:48.9 (29131572)|HEAP_ALLOCATE|[217]|Bytes:27
07:31:48.9 (29140693)|HEAP_ALLOCATE|[219]|Bytes:15
07:31:48.9 (29157053)|STATEMENT_EXECUTE|[219]
07:31:48.9 (29159163)|STATEMENT_EXECUTE|[220]
07:31:48.9 (29190514)|HEAP_ALLOCATE|[220]|Bytes:4
07:31:48.9 (29199174)|STATEMENT_EXECUTE|[221]
07:31:48.9 (29242695)|STATEMENT_EXECUTE|[224]
07:31:48.9 (29252824)|HEAP_ALLOCATE|[202]|Bytes:5
07:31:48.9 (29264765)|HEAP_ALLOCATE|[202]|Bytes:24
07:31:48.9 (29273584)|VARIABLE_SCOPE_BEGIN|[202]|obj|Object|false|false
07:31:48.9 (29288526)|VARIABLE_ASSIGNMENT|[202]|obj|{"itemType":"childProduct","maxQuantity":99999,"minQuantity":0,"defaultQuantity":0,"ProductCode":"O_RES_HSI_WIFI_EXTEN (3 more) ..."}
07:31:48.9 (29293796)|STATEMENT_EXECUTE|[202]
07:31:48.9 (29296065)|STATEMENT_EXECUTE|[203]
07:31:48.9 (29299905)|VARIABLE_SCOPE_BEGIN|[203]|item|Map<String,ANY>|true|false
07:31:48.9 (29311086)|VARIABLE_ASSIGNMENT|[203]|item|{"itemType":"childProduct","maxQuantity":99999,"minQuantity":0,"defaultQuantity":0,"ProductCode":"O_RES_HSI_WIFI_EXTEN (3 more) ..."}|0x3aff7fd7
07:31:48.9 (29315756)|STATEMENT_EXECUTE|[204]
07:31:48.9 (29320266)|METHOD_ENTRY|[204]|01pdL00000Up09Z|CpeAiAssistantController.getProductCode(Map<String,ANY>)
07:31:48.9 (29324857)|VARIABLE_SCOPE_BEGIN|[233]|item|Map<String,ANY>|true|false
07:31:48.9 (29335706)|VARIABLE_ASSIGNMENT|[233]|item|{"itemType":"childProduct","maxQuantity":99999,"minQuantity":0,"defaultQuantity":0,"ProductCode":"O_RES_HSI_WIFI_EXTEN (3 more) ..."}|0x3aff7fd7
07:31:48.9 (29344546)|HEAP_ALLOCATE|[234]|Bytes:5
07:31:48.9 (29348637)|STATEMENT_EXECUTE|[233]
07:31:48.9 (29366098)|STATEMENT_EXECUTE|[234]
07:31:48.9 (29368298)|STATEMENT_EXECUTE|[235]
07:31:48.9 (29383568)|HEAP_ALLOCATE|[235]|Bytes:23
07:31:48.9 (29397938)|METHOD_EXIT|[204]|01pdL00000Up09Z|CpeAiAssistantController.getProductCode(Map<String,ANY>)
07:31:48.9 (29403758)|VARIABLE_SCOPE_BEGIN|[204]|code|String|false|false
07:31:48.9 (29411719)|VARIABLE_ASSIGNMENT|[204]|code|"O_RES_HSI_WIFI_EXTEN (3 more) ..."
07:31:48.9 (29415219)|STATEMENT_EXECUTE|[205]
07:31:48.9 (29453020)|VARIABLE_SCOPE_BEGIN|[205]|maxQ|Integer|false|false
07:31:48.9 (29465349)|VARIABLE_ASSIGNMENT|[205]|maxQ|99999
07:31:48.9 (29471120)|STATEMENT_EXECUTE|[206]
07:31:48.9 (29502661)|VARIABLE_SCOPE_BEGIN|[206]|minQ|Integer|false|false
07:31:48.9 (29516521)|VARIABLE_ASSIGNMENT|[206]|minQ|0
07:31:48.9 (29521341)|STATEMENT_EXECUTE|[207]
07:31:48.9 (29540131)|VARIABLE_SCOPE_BEGIN|[207]|defQ|Integer|false|false
07:31:48.9 (29547922)|VARIABLE_ASSIGNMENT|[207]|defQ|0
07:31:48.9 (29571391)|STATEMENT_EXECUTE|[209]
07:31:48.9 (29581111)|STATEMENT_EXECUTE|[224]
07:31:48.9 (29590783)|HEAP_ALLOCATE|[202]|Bytes:5
07:31:48.9 (29607333)|VARIABLE_ASSIGNMENT|[202]|obj|null
07:31:48.9 (29619272)|METHOD_EXIT|[187]|01pdL00000Up09Z|CpeAiAssistantController.extractCodes(List<ANY>, Map<String,Map<String,Integer>>)
07:31:48.9 (29624312)|STATEMENT_EXECUTE|[189]
07:31:48.9 (29694585)|HEAP_ALLOCATE|[189]|Bytes:4
07:31:48.9 (29716754)|STATEMENT_EXECUTE|[190]
07:31:48.9 (29761426)|STATEMENT_EXECUTE|[191]
07:31:48.9 (29825677)|HEAP_ALLOCATE|[191]|Bytes:4
07:31:48.9 (29836797)|STATEMENT_EXECUTE|[192]
07:31:48.9 (29882099)|STATEMENT_EXECUTE|[193]
07:31:48.9 (29934839)|STATEMENT_EXECUTE|[194]
07:31:48.9 (29980231)|STATEMENT_EXECUTE|[197]
07:31:48.9 (29988841)|METHOD_EXIT|[74]|01pdL00000Up09Z|CpeAiAssistantController.buildRulePayload(String, String)
07:31:48.9 (29995112)|VARIABLE_SCOPE_BEGIN|[74]|rules|Map<String,Map<String,ANY>>|true|false
07:31:48.9 (30014692)|VARIABLE_ASSIGNMENT|[74]|rules|{"TV + Receiver":{"current":1,"min":0,"max":18},"Modem":{"current":"Wired","min":1,"max":1},"Wi-Fi Access Point":{"current":1,"min":1,"max":11}}|0x204b1133
07:31:48.9 (30020622)|STATEMENT_EXECUTE|[77]
07:31:48.9 (30024072)|HEAP_ALLOCATE|[77]|Bytes:150
07:31:48.9 (30035343)|METHOD_ENTRY|[79]||System.JSON.serialize(Object)
07:31:48.9 (31220959)|METHOD_EXIT|[79]||System.JSON.serialize(Object)
07:31:48.9 (31231409)|HEAP_ALLOCATE|[79]|Bytes:24
07:31:48.9 (31274400)|HEAP_ALLOCATE|[80]|Bytes:29
07:31:48.9 (31297390)|HEAP_ALLOCATE|[77]|Bytes:444
07:31:48.9 (31303321)|VARIABLE_SCOPE_BEGIN|[77]|fullMessage|String|false|false
07:31:48.9 (31317691)|VARIABLE_ASSIGNMENT|[77]|fullMessage|"System Context: You  (424 more) ..."
07:31:48.9 (31322190)|STATEMENT_EXECUTE|[83]
07:31:48.9 (31325190)|HEAP_ALLOCATE|[84]|Bytes:22
07:31:48.9 (31329342)|HEAP_ALLOCATE|[85]|Bytes:21
07:31:48.9 (31434484)|HEAP_ALLOCATE|[83]|Bytes:12
07:31:48.9 (31449764)|HEAP_ALLOCATE|[83]|Bytes:58
07:31:48.9 (31464425)|SYSTEM_METHOD_ENTRY|[14]|Action.Action()
07:31:48.9 (31467994)|STATEMENT_EXECUTE|[14]
07:31:48.9 (31476205)|SYSTEM_METHOD_EXIT|[14]|Action
07:31:48.9 (31503535)|METHOD_ENTRY|[83]||Invocable.Action.createCustomAction(String, String)
07:31:48.9 (31758421)|METHOD_EXIT|[83]||Invocable.Action.createCustomAction(String, String)
07:31:48.9 (31765271)|VARIABLE_SCOPE_BEGIN|[83]|action|Invocable.Action|true|false
07:31:48.9 (31845602)|VARIABLE_ASSIGNMENT|[83]|action|{"invocations":"0x2669a705","invokeFromLightningComponent":false,"name":"CPE_Equipment_Manage (1 more) ...","type":"generatePromptRespon (2 more) ..."}|0x4dab9bcc
07:31:48.9 (31853143)|STATEMENT_EXECUTE|[88]
07:31:48.9 (31857383)|HEAP_ALLOCATE|[88]|Bytes:17
07:31:48.9 (31890803)|METHOD_ENTRY|[88]||Invocable.Action.setInvocationParameter(String, Object)
07:31:48.9 (32081938)|METHOD_EXIT|[88]||Invocable.Action.setInvocationParameter(String, Object)
07:31:48.9 (32089599)|STATEMENT_EXECUTE|[90]
07:31:48.9 (32096719)|METHOD_ENTRY|[90]||Invocable.Action.invoke()
07:31:51.470 (3470900050)|METHOD_EXIT|[90]||Invocable.Action.invoke()
07:31:51.470 (3470921400)|VARIABLE_SCOPE_BEGIN|[90]|results|List<Invocable.Action.Result>|true|false
07:31:51.470 (3470987812)|VARIABLE_ASSIGNMENT|[90]|results|[{"action":"0x4dab9bcc","errors":"0x67459fc0","invocationParameters":"0x6bfa48d5","outputParameters":"0x53a0a2b2","success":true}]|0x3adaa753
07:31:51.470 (3471025503)|STATEMENT_EXECUTE|[92]
07:31:51.470 (3471030803)|STATEMENT_EXECUTE|[96]
07:31:51.470 (3471051543)|HEAP_ALLOCATE|[96]|Bytes:24
07:31:51.470 (3471061163)|VARIABLE_SCOPE_BEGIN|[96]|result|Invocable.Action.Result|true|false
07:31:51.470 (3471083644)|VARIABLE_ASSIGNMENT|[96]|result|{"action":"0x4dab9bcc","errors":"0x67459fc0","invocationParameters":"0x6bfa48d5","outputParameters":"0x53a0a2b2","success":true}|0x71aa9457
07:31:51.470 (3471107345)|METHOD_ENTRY|[98]||Invocable.Action.Result.isSuccess()
07:31:51.470 (3471139035)|METHOD_EXIT|[98]||Invocable.Action.Result.isSuccess()
07:31:51.470 (3471148065)|STATEMENT_EXECUTE|[98]
07:31:51.470 (3471151736)|STATEMENT_EXECUTE|[104]
07:31:51.470 (3471161126)|METHOD_ENTRY|[104]||Invocable.Action.Result.getOutputParameters()
07:31:51.470 (3471186526)|METHOD_EXIT|[104]||Invocable.Action.Result.getOutputParameters()
07:31:51.470 (3471194626)|VARIABLE_SCOPE_BEGIN|[104]|outputs|Map<String,ANY>|true|false
07:31:51.470 (3471221167)|VARIABLE_ASSIGNMENT|[104]|outputs|{"promptResponse":"{\n  \"message\": \"Adde (162 more) ..."}|0x53a0a2b2
07:31:51.470 (3471230187)|STATEMENT_EXECUTE|[105]
07:31:51.470 (3471233327)|STATEMENT_EXECUTE|[110]
07:31:51.470 (3471238197)|HEAP_ALLOCATE|[110]|Bytes:14
07:31:51.470 (3471278108)|VARIABLE_SCOPE_BEGIN|[110]|promptRespObj|Object|false|false
07:31:51.470 (3471297259)|VARIABLE_ASSIGNMENT|[110]|promptRespObj|"{\n  \"message\": \"Adde (162 more) ..."
07:31:51.470 (3471305239)|STATEMENT_EXECUTE|[111]
07:31:51.470 (3471310809)|VARIABLE_SCOPE_BEGIN|[111]|rawResponse|String|false|false
07:31:51.470 (3471322939)|VARIABLE_ASSIGNMENT|[111]|rawResponse|null
07:31:51.470 (3471330580)|STATEMENT_EXECUTE|[113]
07:31:51.470 (3471334290)|STATEMENT_EXECUTE|[114]
07:31:51.470 (3471411311)|HEAP_ALLOCATE|[114]|Bytes:182
07:31:51.470 (3471431762)|VARIABLE_ASSIGNMENT|[114]|rawResponse|"{\n  \"message\": \"Adde (162 more) ..."
07:31:51.470 (3471459472)|STATEMENT_EXECUTE|[119]
07:31:51.470 (3471462072)|STATEMENT_EXECUTE|[123]
07:31:51.470 (3471465013)|VARIABLE_SCOPE_BEGIN|[123]|cleanResponse|String|false|false
07:31:51.470 (3471472883)|VARIABLE_ASSIGNMENT|[123]|cleanResponse|null
07:31:51.470 (3471476533)|STATEMENT_EXECUTE|[124]
07:31:51.470 (3471478663)|STATEMENT_EXECUTE|[124]
07:31:51.470 (3471481063)|STATEMENT_EXECUTE|[125]
07:31:51.470 (3471490283)|METHOD_ENTRY|[125]||System.JSON.deserializeUntyped(String)
07:31:51.470 (3471901492)|METHOD_EXIT|[125]||System.JSON.deserializeUntyped(String)
07:31:51.470 (3471913743)|VARIABLE_SCOPE_BEGIN|[125]|parsed|Map<String,ANY>|true|false
07:31:51.470 (3471940763)|VARIABLE_ASSIGNMENT|[125]|parsed|{"message":"Added 3 TV + Receive (48 more) ...","newState":{"TV + Receiver":4,"Modem":"Wired","Wi-Fi Access Point":1}}|0x1c4e0e98
07:31:51.470 (3471948053)|HEAP_ALLOCATE|[126]|Bytes:5
07:31:51.470 (3471978034)|STATEMENT_EXECUTE|[128]
07:31:51.470 (3471980584)|STATEMENT_EXECUTE|[129]
07:31:51.470 (3471987554)|VARIABLE_ASSIGNMENT|[129]|cleanResponse|"{\n  \"message\": \"Adde (162 more) ..."
07:31:51.470 (3471994344)|STATEMENT_EXECUTE|[135]
07:31:51.470 (3471996344)|STATEMENT_EXECUTE|[136]
07:31:51.470 (3471999705)|HEAP_ALLOCATE|[136]|Bytes:3
07:31:51.470 (3472008295)|HEAP_ALLOCATE|[136]|Bytes:1
07:31:51.470 (3472080556)|HEAP_ALLOCATE|[136]|Bytes:182
07:31:51.470 (3472096367)|VARIABLE_ASSIGNMENT|[136]|cleanResponse|"{\n  \"message\": \"Adde (162 more) ..."
07:31:51.470 (3472101127)|STATEMENT_EXECUTE|[137]
07:31:51.470 (3472104447)|HEAP_ALLOCATE|[137]|Bytes:2
07:31:51.470 (3472126357)|HEAP_ALLOCATE|[137]|Bytes:182
07:31:51.470 (3472140938)|VARIABLE_ASSIGNMENT|[137]|cleanResponse|"{\n  \"message\": \"Adde (162 more) ..."
07:31:51.470 (3472145098)|STATEMENT_EXECUTE|[138]
07:31:51.470 (3472148178)|HEAP_ALLOCATE|[138]|Bytes:3
07:31:51.470 (3472152158)|HEAP_ALLOCATE|[138]|Bytes:1
07:31:51.470 (3472172968)|HEAP_ALLOCATE|[138]|Bytes:182
07:31:51.470 (3472186219)|VARIABLE_ASSIGNMENT|[138]|cleanResponse|"{\n  \"message\": \"Adde (162 more) ..."
07:31:51.470 (3472191169)|STATEMENT_EXECUTE|[142]
07:31:51.470 (3472203659)|METHOD_ENTRY|[142]|01pdL00000Up09Z|CpeAiAssistantController.parseAndValidateAgentResponse(String, Map<String,Map<String,ANY>>)
07:31:51.470 (3472216459)|VARIABLE_SCOPE_BEGIN|[261]|rawResponse|String|false|false
07:31:51.470 (3472225120)|VARIABLE_ASSIGNMENT|[261]|rawResponse|"{\n  \"message\": \"Adde (162 more) ..."
07:31:51.470 (3472229330)|VARIABLE_SCOPE_BEGIN|[261]|rules|Map<String,Map<String,ANY>>|true|false
07:31:51.470 (3472247000)|VARIABLE_ASSIGNMENT|[261]|rules|{"TV + Receiver":{"current":1,"min":0,"max":18},"Modem":{"current":"Wired","min":1,"max":1},"Wi-Fi Access Point":{"current":1,"min":1,"max":11}}|0x204b1133
07:31:51.470 (3472262040)|HEAP_ALLOCATE|[262]|Bytes:5
07:31:51.470 (3472267041)|STATEMENT_EXECUTE|[261]
07:31:51.470 (3472269521)|STATEMENT_EXECUTE|[262]
07:31:51.470 (3472277741)|HEAP_ALLOCATE|[262]|Bytes:4
07:31:51.470 (3472285181)|VARIABLE_SCOPE_BEGIN|[262]|finalResponse|Map<String,ANY>|true|false
07:31:51.470 (3472295671)|VARIABLE_ASSIGNMENT|[262]|finalResponse|{}|0x49dba983
07:31:51.470 (3472303401)|STATEMENT_EXECUTE|[264]
07:31:51.470 (3472306661)|STATEMENT_EXECUTE|[264]
07:31:51.470 (3472309971)|STATEMENT_EXECUTE|[265]
07:31:51.470 (3472318442)|METHOD_ENTRY|[265]||System.JSON.deserializeUntyped(String)
07:31:51.470 (3472611488)|METHOD_EXIT|[265]||System.JSON.deserializeUntyped(String)
07:31:51.470 (3472620438)|VARIABLE_SCOPE_BEGIN|[265]|parsed|Map<String,ANY>|true|false
07:31:51.470 (3472640019)|VARIABLE_ASSIGNMENT|[265]|parsed|{"message":"Added 3 TV + Receive (48 more) ...","newState":{"TV + Receiver":4,"Modem":"Wired","Wi-Fi Access Point":1}}|0x10fd72ef
07:31:51.470 (3472646259)|HEAP_ALLOCATE|[267]|Bytes:8
07:31:51.470 (3472672420)|STATEMENT_EXECUTE|[267]
07:31:51.470 (3472675090)|STATEMENT_EXECUTE|[268]
07:31:51.470 (3472699440)|VARIABLE_SCOPE_BEGIN|[268]|newStateRaw|Map<String,ANY>|true|false
07:31:51.470 (3472717531)|VARIABLE_ASSIGNMENT|[268]|newStateRaw|{"TV + Receiver":4,"Modem":"Wired","Wi-Fi Access Point":1}|0x416ffadd
07:31:51.470 (3472724891)|STATEMENT_EXECUTE|[269]
07:31:51.470 (3472732911)|HEAP_ALLOCATE|[269]|Bytes:4
07:31:51.470 (3472742061)|VARIABLE_SCOPE_BEGIN|[269]|normalizedState|Map<String,ANY>|true|false
07:31:51.470 (3472757241)|VARIABLE_ASSIGNMENT|[269]|normalizedState|{}|0x5f0db9eb
07:31:51.470 (3472765582)|STATEMENT_EXECUTE|[271]
07:31:51.470 (3472770962)|VARIABLE_SCOPE_BEGIN|[271]|changedCpeCount|Integer|false|false
07:31:51.470 (3472779672)|HEAP_ALLOCATE|[271]|Bytes:4
07:31:51.470 (3472789812)|VARIABLE_ASSIGNMENT|[271]|changedCpeCount|0
07:31:51.470 (3472842173)|HEAP_ALLOCATE|[273]|Bytes:52
07:31:51.470 (3472887624)|HEAP_ALLOCATE|[273]|Bytes:5
07:31:51.470 (3472908495)|VARIABLE_SCOPE_BEGIN|[273]|key|String|false|false
07:31:51.470 (3472922415)|VARIABLE_ASSIGNMENT|[273]|key|"TV + Receiver"
07:31:51.470 (3472929555)|STATEMENT_EXECUTE|[273]
07:31:51.470 (3472933145)|STATEMENT_EXECUTE|[274]
07:31:51.470 (3472942526)|METHOD_ENTRY|[274]|01pdL00000Up09Z|CpeAiAssistantController.normalizeProductName(String)
07:31:51.470 (3472958286)|VARIABLE_SCOPE_BEGIN|[252]|rawName|String|false|false
07:31:51.470 (3472970086)|VARIABLE_ASSIGNMENT|[252]|rawName|"TV + Receiver"
07:31:51.470 (3472982977)|HEAP_ALLOCATE|[253]|Bytes:5
07:31:51.470 (3472989487)|STATEMENT_EXECUTE|[252]
07:31:51.470 (3473011627)|STATEMENT_EXECUTE|[253]
07:31:51.470 (3473014537)|STATEMENT_EXECUTE|[254]
07:31:51.470 (3473025348)|HEAP_ALLOCATE|[254]|Bytes:13
07:31:51.470 (3473035798)|VARIABLE_SCOPE_BEGIN|[254]|lower|String|false|false
07:31:51.470 (3473044588)|VARIABLE_ASSIGNMENT|[254]|lower|"tv + receiver"
07:31:51.470 (3473063738)|STATEMENT_EXECUTE|[255]
07:31:51.470 (3473071769)|METHOD_EXIT|[274]|01pdL00000Up09Z|CpeAiAssistantController.normalizeProductName(String)
07:31:51.470 (3473076779)|VARIABLE_SCOPE_BEGIN|[274]|normKey|String|false|false
07:31:51.470 (3473084629)|VARIABLE_ASSIGNMENT|[274]|normKey|"TV + Receiver"
07:31:51.470 (3473109199)|HEAP_ALLOCATE|[276]|Bytes:17
07:31:51.470 (3473155190)|STATEMENT_EXECUTE|[276]
07:31:51.470 (3473157630)|STATEMENT_EXECUTE|[277]
07:31:51.470 (3473178691)|VARIABLE_SCOPE_BEGIN|[277]|qty|Integer|false|false
07:31:51.470 (3473188441)|VARIABLE_ASSIGNMENT|[277]|qty|4
07:31:51.470 (3473209452)|STATEMENT_EXECUTE|[279]
07:31:51.470 (3473211852)|STATEMENT_EXECUTE|[280]
07:31:51.470 (3473214782)|VARIABLE_SCOPE_BEGIN|[280]|current|Integer|false|false
07:31:51.470 (3473220262)|HEAP_ALLOCATE|[280]|Bytes:4
07:31:51.470 (3473226722)|VARIABLE_ASSIGNMENT|[280]|current|0
07:31:51.470 (3473264123)|STATEMENT_EXECUTE|[281]
07:31:51.470 (3473266813)|STATEMENT_EXECUTE|[282]
07:31:51.470 (3473310764)|VARIABLE_ASSIGNMENT|[282]|current|1
07:31:51.470 (3473317914)|STATEMENT_EXECUTE|[284]
07:31:51.470 (3473349015)|VARIABLE_SCOPE_BEGIN|[284]|max|Integer|false|false
07:31:51.470 (3473358415)|VARIABLE_ASSIGNMENT|[284]|max|18
07:31:51.470 (3473362195)|STATEMENT_EXECUTE|[285]
07:31:51.470 (3473390666)|VARIABLE_SCOPE_BEGIN|[285]|min|Integer|false|false
07:31:51.470 (3473398966)|VARIABLE_ASSIGNMENT|[285]|min|0
07:31:51.470 (3473406296)|STATEMENT_EXECUTE|[287]
07:31:51.470 (3473409236)|STATEMENT_EXECUTE|[295]
07:31:51.470 (3473411736)|STATEMENT_EXECUTE|[296]
07:31:51.470 (3473415516)|VARIABLE_SCOPE_BEGIN|[296]|required|Integer|false|false
07:31:51.470 (3473420596)|HEAP_ALLOCATE|[296]|Bytes:4
07:31:51.470 (3473426646)|VARIABLE_ASSIGNMENT|[296]|required|3
07:31:51.470 (3473430547)|STATEMENT_EXECUTE|[297]
07:31:51.470 (3473442657)|HEAP_ALLOCATE|[297]|Bytes:9
07:31:51.470 (3473447587)|VARIABLE_SCOPE_BEGIN|[297]|prodCode|String|false|false
07:31:51.470 (3473455387)|VARIABLE_ASSIGNMENT|[297]|prodCode|"REC-TV-01"
07:31:51.470 (3473460207)|STATEMENT_EXECUTE|[298]
07:31:51.470 (3473462307)|STATEMENT_EXECUTE|[299]
07:31:51.470 (3473473908)|METHOD_ENTRY|[299]|01pdL00000Up09Z|CpeAiAssistantController.getVanStock(String)
07:31:51.470 (3473484778)|VARIABLE_SCOPE_BEGIN|[396]|productCode|String|false|false
07:31:51.470 (3473492808)|VARIABLE_ASSIGNMENT|[396]|productCode|"REC-TV-01"
07:31:51.470 (3473501888)|HEAP_ALLOCATE|[397]|Bytes:5
07:31:51.470 (3473506258)|STATEMENT_EXECUTE|[396]
07:31:51.470 (3473508428)|STATEMENT_EXECUTE|[397]
07:31:51.470 (3473510388)|STATEMENT_EXECUTE|[397]
07:31:51.470 (3473512458)|STATEMENT_EXECUTE|[398]
07:31:51.470 (3473519169)|METHOD_ENTRY|[398]|01pdL00000Up09Z|CpeAiAssistantController.getMyServiceResource()
07:31:51.470 (3473615451)|HEAP_ALLOCATE|[529]|Bytes:5
07:31:51.470 (3473620821)|STATEMENT_EXECUTE|[528]
07:31:51.470 (3473622991)|STATEMENT_EXECUTE|[529]
07:31:51.470 (3473625891)|HEAP_ALLOCATE|[529]|Bytes:163
07:31:51.470 (3473635241)|HEAP_ALLOCATE|[529]|Bytes:4
07:31:51.470 (3473644751)|HEAP_ALLOCATE|[529]|Bytes:7
07:31:51.470 (3473698423)|HEAP_ALLOCATE|[532]|Bytes:105
07:31:51.470 (3473718153)|SYSTEM_METHOD_ENTRY|[1]|UserInfo.UserInfo()
07:31:51.470 (3473724023)|STATEMENT_EXECUTE|[1]
07:31:51.470 (3473736073)|SYSTEM_METHOD_EXIT|[1]|UserInfo
07:31:51.470 (3473748044)|METHOD_ENTRY|[532]||System.UserInfo.getUserId()
07:31:51.470 (3473791805)|METHOD_EXIT|[532]||System.UserInfo.getUserId()
07:31:51.470 (3475091674)|SOQL_EXECUTE_BEGIN|[529]|Aggregations:0|SELECT Id, LocationId, LastKnownLocation, LastKnownLatitude, LastKnownLongitude FROM ServiceResource WHERE (RelatedRecordId = :tmpVar1 AND IsActive = TRUE) LIMIT 1
07:31:51.470 (3499394378)|SOQL_EXECUTE_END|[529]|Rows:1
07:31:51.470 (3499451519)|HEAP_ALLOCATE|[529]|Bytes:8
07:31:51.470 (3499494510)|HEAP_ALLOCATE|[529]|Bytes:201
07:31:51.470 (3499605753)|HEAP_ALLOCATE|[529]|Bytes:8
07:31:51.470 (3499634713)|VARIABLE_SCOPE_BEGIN|[529]|srs|List<ServiceResource>|true|false
07:31:51.470 (3499811417)|VARIABLE_ASSIGNMENT|[529]|srs|[{"LocationId":"131dL000000OKGvQAO","Id":"0HndL000000MjRVSA0","LastKnownLocation":{"latitude":0.0,"longitude":0.0},"LastKnownLatitude":0E-15,"LastKnownLongitude":0E-15}]|0x4ff3cdae
07:31:51.470 (3499824398)|STATEMENT_EXECUTE|[535]
07:31:51.470 (3499961951)|HEAP_ALLOCATE|[535]|Bytes:24
07:31:51.470 (3499982131)|METHOD_EXIT|[398]|01pdL00000Up09Z|CpeAiAssistantController.getMyServiceResource()
07:31:51.470 (3499991721)|VARIABLE_SCOPE_BEGIN|[398]|sr|ServiceResource|true|false
07:31:51.470 (3500068103)|VARIABLE_ASSIGNMENT|[398]|sr|{"LocationId":"131dL000000OKGvQAO","Id":"0HndL000000MjRVSA0","LastKnownLocation":{"latitude":0.0,"longitude":0.0},"LastKnownLatitude":0E-15,"LastKnownLongitude":0E-15}|0x58ea923a
07:31:51.470 (3500124024)|STATEMENT_EXECUTE|[399]
07:31:51.470 (3500127504)|STATEMENT_EXECUTE|[401]
07:31:51.470 (3500134115)|HEAP_ALLOCATE|[401]|Bytes:112
07:31:51.470 (3500157095)|HEAP_ALLOCATE|[401]|Bytes:4
07:31:51.470 (3500183596)|HEAP_ALLOCATE|[401]|Bytes:7
07:31:51.470 (3500787139)|SOQL_EXECUTE_BEGIN|[401]|Aggregations:0|SELECT QuantityOnHand FROM ProductItem WHERE (LocationId = :tmpVar1 AND Product2.ProductCode = :tmpVar2) LIMIT 1
07:31:51.470 (3536516519)|SOQL_EXECUTE_END|[401]|Rows:0
07:31:51.470 (3536557640)|HEAP_ALLOCATE|[401]|Bytes:4
07:31:51.470 (3536582081)|HEAP_ALLOCATE|[401]|Bytes:0
07:31:51.470 (3536697123)|HEAP_ALLOCATE|[401]|Bytes:4
07:31:51.470 (3536724414)|VARIABLE_SCOPE_BEGIN|[401]|items|List<ProductItem>|true|false
07:31:51.470 (3536748485)|VARIABLE_ASSIGNMENT|[401]|items|[]|0x192e74b3
07:31:51.470 (3536754855)|STATEMENT_EXECUTE|[407]
07:31:51.470 (3536855737)|HEAP_ALLOCATE|[407]|Bytes:4
07:31:51.470 (3536873367)|METHOD_EXIT|[299]|01pdL00000Up09Z|CpeAiAssistantController.getVanStock(String)
07:31:51.470 (3536881748)|VARIABLE_SCOPE_BEGIN|[299]|vanStock|Integer|false|false
07:31:51.470 (3536887518)|HEAP_ALLOCATE|[299]|Bytes:4
07:31:51.470 (3536898688)|VARIABLE_ASSIGNMENT|[299]|vanStock|0
07:31:51.470 (3536906608)|STATEMENT_EXECUTE|[300]
07:31:51.470 (3536909368)|STATEMENT_EXECUTE|[301]
07:31:51.470 (3536913538)|HEAP_ALLOCATE|[301]|Bytes:4
07:31:51.470 (3536919938)|VARIABLE_ASSIGNMENT|[301]|qty|1
07:31:51.470 (3536924379)|STATEMENT_EXECUTE|[302]
07:31:51.470 (3536932199)|HEAP_ALLOCATE|[302]|Bytes:7
07:31:51.470 (3536936929)|HEAP_ALLOCATE|[302]|Bytes:14
07:31:51.470 (3536982060)|HEAP_ALLOCATE|[302]|Bytes:1
07:31:51.470 (3536993950)|HEAP_ALLOCATE|[302]|Bytes:1
07:31:51.470 (3536999500)|HEAP_ALLOCATE|[302]|Bytes:77
07:31:51.470 (3537029001)|HEAP_ALLOCATE|[302]|Bytes:106
07:31:51.470 (3537092822)|HEAP_ALLOCATE|[EXTERNAL]|Bytes:-4
07:31:51.470 (3537102913)|STATEMENT_EXECUTE|[307]
07:31:51.470 (3537122483)|HEAP_ALLOCATE|[307]|Bytes:4
07:31:51.470 (3537144684)|HEAP_ALLOCATE|[EXTERNAL]|Bytes:-4
07:31:51.470 (3537157704)|STATEMENT_EXECUTE|[309]
07:31:51.470 (3537182544)|HEAP_ALLOCATE|[273]|Bytes:5
07:31:51.470 (3537200285)|VARIABLE_SCOPE_BEGIN|[273]|key|String|false|false
07:31:51.470 (3537211785)|VARIABLE_ASSIGNMENT|[273]|key|"Modem"
07:31:51.470 (3537216425)|STATEMENT_EXECUTE|[273]
07:31:51.470 (3537218515)|STATEMENT_EXECUTE|[274]
07:31:51.470 (3537225075)|METHOD_ENTRY|[274]|01pdL00000Up09Z|CpeAiAssistantController.normalizeProductName(String)
07:31:51.470 (3537231445)|VARIABLE_SCOPE_BEGIN|[252]|rawName|String|false|false
07:31:51.470 (3537238816)|VARIABLE_ASSIGNMENT|[252]|rawName|"Modem"
07:31:51.470 (3537251516)|HEAP_ALLOCATE|[253]|Bytes:5
07:31:51.470 (3537256316)|STATEMENT_EXECUTE|[252]
07:31:51.470 (3537273026)|STATEMENT_EXECUTE|[253]
07:31:51.470 (3537275366)|STATEMENT_EXECUTE|[254]
07:31:51.470 (3537284887)|HEAP_ALLOCATE|[254]|Bytes:5
07:31:51.470 (3537294907)|VARIABLE_SCOPE_BEGIN|[254]|lower|String|false|false
07:31:51.470 (3537303417)|VARIABLE_ASSIGNMENT|[254]|lower|"modem"
07:31:51.470 (3537334878)|STATEMENT_EXECUTE|[255]
07:31:51.470 (3537391939)|STATEMENT_EXECUTE|[256]
07:31:51.470 (3537405439)|STATEMENT_EXECUTE|[257]
07:31:51.470 (3537413390)|METHOD_EXIT|[274]|01pdL00000Up09Z|CpeAiAssistantController.normalizeProductName(String)
07:31:51.470 (3537419850)|VARIABLE_SCOPE_BEGIN|[274]|normKey|String|false|false
07:31:51.470 (3537428010)|VARIABLE_ASSIGNMENT|[274]|normKey|"Modem"
07:31:51.470 (3537485381)|HEAP_ALLOCATE|[315]|Bytes:16
07:31:51.470 (3537501382)|STATEMENT_EXECUTE|[315]
07:31:51.470 (3537504132)|STATEMENT_EXECUTE|[317]
07:31:51.470 (3537528182)|HEAP_ALLOCATE|[EXTERNAL]|Bytes:-4
07:31:51.470 (3537536192)|STATEMENT_EXECUTE|[318]
07:31:51.470 (3537540302)|VARIABLE_SCOPE_BEGIN|[318]|currentStr|String|false|false
07:31:51.470 (3537549693)|VARIABLE_ASSIGNMENT|[318]|currentStr|""
07:31:51.470 (3537607964)|STATEMENT_EXECUTE|[319]
07:31:51.470 (3537610904)|STATEMENT_EXECUTE|[320]
07:31:51.470 (3537644535)|VARIABLE_ASSIGNMENT|[320]|currentStr|"Wired"
07:31:51.470 (3537674585)|HEAP_ALLOCATE|[322]|Bytes:5
07:31:51.470 (3537694356)|STATEMENT_EXECUTE|[322]
07:31:51.470 (3537703926)|HEAP_ALLOCATE|[273]|Bytes:5
07:31:51.470 (3537716466)|VARIABLE_SCOPE_BEGIN|[273]|key|String|false|false
07:31:51.470 (3537725557)|VARIABLE_ASSIGNMENT|[273]|key|"Wi-Fi Access Point"
07:31:51.470 (3537729597)|STATEMENT_EXECUTE|[273]
07:31:51.470 (3537731717)|STATEMENT_EXECUTE|[274]
07:31:51.470 (3537735927)|METHOD_ENTRY|[274]|01pdL00000Up09Z|CpeAiAssistantController.normalizeProductName(String)
07:31:51.470 (3537741397)|VARIABLE_SCOPE_BEGIN|[252]|rawName|String|false|false
07:31:51.470 (3537748597)|VARIABLE_ASSIGNMENT|[252]|rawName|"Wi-Fi Access Point"
07:31:51.470 (3537755817)|HEAP_ALLOCATE|[253]|Bytes:5
07:31:51.470 (3537759857)|STATEMENT_EXECUTE|[252]
07:31:51.470 (3537775338)|STATEMENT_EXECUTE|[253]
07:31:51.470 (3537777408)|STATEMENT_EXECUTE|[254]
07:31:51.470 (3537785608)|HEAP_ALLOCATE|[254]|Bytes:18
07:31:51.470 (3537795278)|VARIABLE_SCOPE_BEGIN|[254]|lower|String|false|false
07:31:51.470 (3537803528)|VARIABLE_ASSIGNMENT|[254]|lower|"wi-fi access point"
07:31:51.470 (3537828789)|STATEMENT_EXECUTE|[255]
07:31:51.470 (3537841579)|STATEMENT_EXECUTE|[256]
07:31:51.470 (3537847419)|METHOD_EXIT|[274]|01pdL00000Up09Z|CpeAiAssistantController.normalizeProductName(String)
07:31:51.470 (3537852709)|VARIABLE_SCOPE_BEGIN|[274]|normKey|String|false|false
07:31:51.470 (3537860300)|VARIABLE_ASSIGNMENT|[274]|normKey|"Wi-Fi Access Point"
07:31:51.470 (3537880860)|STATEMENT_EXECUTE|[276]
07:31:51.470 (3537884030)|STATEMENT_EXECUTE|[277]
07:31:51.470 (3537896910)|VARIABLE_SCOPE_BEGIN|[277]|qty|Integer|false|false
07:31:51.470 (3537908101)|VARIABLE_ASSIGNMENT|[277]|qty|1
07:31:51.470 (3537923561)|STATEMENT_EXECUTE|[279]
07:31:51.470 (3537926841)|STATEMENT_EXECUTE|[280]
07:31:51.470 (3537930921)|VARIABLE_SCOPE_BEGIN|[280]|current|Integer|false|false
07:31:51.470 (3537938011)|HEAP_ALLOCATE|[280]|Bytes:4
07:31:51.470 (3537947552)|VARIABLE_ASSIGNMENT|[280]|current|0
07:31:51.470 (3537984382)|STATEMENT_EXECUTE|[281]
07:31:51.470 (3537986862)|STATEMENT_EXECUTE|[282]
07:31:51.470 (3538009483)|VARIABLE_ASSIGNMENT|[282]|current|1
07:31:51.470 (3538015143)|STATEMENT_EXECUTE|[284]
07:31:51.470 (3538034193)|VARIABLE_SCOPE_BEGIN|[284]|max|Integer|false|false
07:31:51.470 (3538043764)|VARIABLE_ASSIGNMENT|[284]|max|11
07:31:51.470 (3538047544)|STATEMENT_EXECUTE|[285]
07:31:51.470 (3538067584)|VARIABLE_SCOPE_BEGIN|[285]|min|Integer|false|false
07:31:51.470 (3538075704)|VARIABLE_ASSIGNMENT|[285]|min|1
07:31:51.470 (3538082865)|STATEMENT_EXECUTE|[287]
07:31:51.470 (3538086075)|STATEMENT_EXECUTE|[295]
07:31:51.470 (3538088255)|STATEMENT_EXECUTE|[307]
07:31:51.470 (3538100705)|HEAP_ALLOCATE|[EXTERNAL]|Bytes:-4
07:31:51.470 (3538109545)|STATEMENT_EXECUTE|[309]
07:31:51.470 (3538118765)|HEAP_ALLOCATE|[273]|Bytes:5
07:31:51.470 (3538131556)|VARIABLE_ASSIGNMENT|[273]|key|null
07:31:51.470 (3538183927)|HEAP_ALLOCATE|[329]|Bytes:52
07:31:51.470 (3538212287)|HEAP_ALLOCATE|[329]|Bytes:5
07:31:51.470 (3538225048)|VARIABLE_SCOPE_BEGIN|[329]|ruleKey|String|false|false
07:31:51.470 (3538233888)|VARIABLE_ASSIGNMENT|[329]|ruleKey|"TV + Receiver"
07:31:51.470 (3538238118)|STATEMENT_EXECUTE|[329]
07:31:51.470 (3538260249)|STATEMENT_EXECUTE|[330]
07:31:51.470 (3538268839)|HEAP_ALLOCATE|[329]|Bytes:5
07:31:51.470 (3538280939)|VARIABLE_SCOPE_BEGIN|[329]|ruleKey|String|false|false
07:31:51.470 (3538288889)|VARIABLE_ASSIGNMENT|[329]|ruleKey|"Modem"
07:31:51.470 (3538292649)|STATEMENT_EXECUTE|[329]
07:31:51.470 (3538302799)|STATEMENT_EXECUTE|[330]
07:31:51.470 (3538310090)|HEAP_ALLOCATE|[329]|Bytes:5
07:31:51.470 (3538320300)|VARIABLE_SCOPE_BEGIN|[329]|ruleKey|String|false|false
07:31:51.470 (3538328420)|VARIABLE_ASSIGNMENT|[329]|ruleKey|"Wi-Fi Access Point"
07:31:51.470 (3538332090)|STATEMENT_EXECUTE|[329]
07:31:51.470 (3538341580)|STATEMENT_EXECUTE|[330]
07:31:51.470 (3538348470)|HEAP_ALLOCATE|[329]|Bytes:5
07:31:51.470 (3538360231)|VARIABLE_ASSIGNMENT|[329]|ruleKey|null
07:31:51.470 (3538365431)|STATEMENT_EXECUTE|[335]
07:31:51.470 (3538384961)|HEAP_ALLOCATE|[EXTERNAL]|Bytes:-4
07:31:51.470 (3538392291)|STATEMENT_EXECUTE|[338]
07:31:51.470 (3538404582)|HEAP_ALLOCATE|[338]|Bytes:4
07:31:51.470 (3538430822)|VARIABLE_SCOPE_BEGIN|[338]|stateChanges|List<Map<String,ANY>>|true|false
07:31:51.470 (3538451323)|HEAP_ALLOCATE|[EXTERNAL]|Bytes:4
07:31:51.470 (3538462613)|VARIABLE_ASSIGNMENT|[338]|stateChanges|[]|0xb510237
07:31:51.470 (3538489384)|HEAP_ALLOCATE|[339]|Bytes:52
07:31:51.470 (3538512984)|HEAP_ALLOCATE|[339]|Bytes:5
07:31:51.470 (3538524774)|VARIABLE_SCOPE_BEGIN|[339]|key|String|false|false
07:31:51.470 (3538533355)|VARIABLE_ASSIGNMENT|[339]|key|"TV + Receiver"
07:31:51.470 (3538538425)|STATEMENT_EXECUTE|[339]
07:31:51.470 (3538557895)|STATEMENT_EXECUTE|[340]
07:31:51.470 (3538560075)|STATEMENT_EXECUTE|[341]
07:31:51.470 (3538582296)|VARIABLE_SCOPE_BEGIN|[341]|newVal|Object|false|false
07:31:51.470 (3538593356)|VARIABLE_ASSIGNMENT|[341]|newVal|1
07:31:51.470 (3538597566)|STATEMENT_EXECUTE|[342]
07:31:51.470 (3538630077)|VARIABLE_SCOPE_BEGIN|[342]|curVal|Object|false|false
07:31:51.470 (3538640287)|VARIABLE_ASSIGNMENT|[342]|curVal|1
07:31:51.470 (3538693398)|STATEMENT_EXECUTE|[344]
07:31:51.470 (3538702528)|HEAP_ALLOCATE|[339]|Bytes:5
07:31:51.470 (3538714689)|VARIABLE_SCOPE_BEGIN|[339]|key|String|false|false
07:31:51.470 (3538723229)|VARIABLE_ASSIGNMENT|[339]|key|"Modem"
07:31:51.470 (3538726879)|STATEMENT_EXECUTE|[339]
07:31:51.470 (3538736859)|STATEMENT_EXECUTE|[340]
07:31:51.470 (3538738979)|STATEMENT_EXECUTE|[341]
07:31:51.470 (3538771490)|VARIABLE_SCOPE_BEGIN|[341]|newVal|Object|false|false
07:31:51.470 (3538781910)|VARIABLE_ASSIGNMENT|[341]|newVal|"Wired"
07:31:51.470 (3538786050)|STATEMENT_EXECUTE|[342]
07:31:51.470 (3538808481)|VARIABLE_SCOPE_BEGIN|[342]|curVal|Object|false|false
07:31:51.470 (3538820101)|VARIABLE_ASSIGNMENT|[342]|curVal|"Wired"
07:31:51.470 (3538852922)|STATEMENT_EXECUTE|[344]
07:31:51.470 (3538863522)|HEAP_ALLOCATE|[339]|Bytes:5
07:31:51.470 (3538878812)|VARIABLE_SCOPE_BEGIN|[339]|key|String|false|false
07:31:51.470 (3538908953)|VARIABLE_ASSIGNMENT|[339]|key|"Wi-Fi Access Point"
07:31:51.470 (3538913013)|STATEMENT_EXECUTE|[339]
07:31:51.470 (3538923883)|STATEMENT_EXECUTE|[340]
07:31:51.470 (3538926003)|STATEMENT_EXECUTE|[341]
07:31:51.470 (3538938584)|VARIABLE_SCOPE_BEGIN|[341]|newVal|Object|false|false
07:31:51.470 (3538949124)|VARIABLE_ASSIGNMENT|[341]|newVal|1
07:31:51.470 (3538952954)|STATEMENT_EXECUTE|[342]
07:31:51.470 (3538976285)|VARIABLE_SCOPE_BEGIN|[342]|curVal|Object|false|false
07:31:51.470 (3538985945)|VARIABLE_ASSIGNMENT|[342]|curVal|1
07:31:51.470 (3539001915)|STATEMENT_EXECUTE|[344]
07:31:51.470 (3539011065)|HEAP_ALLOCATE|[339]|Bytes:5
07:31:51.470 (3539022606)|VARIABLE_ASSIGNMENT|[339]|key|null
07:31:51.470 (3539026936)|STATEMENT_EXECUTE|[374]
07:31:51.470 (3539030366)|HEAP_ALLOCATE|[374]|Bytes:12
07:31:51.470 (3539062486)|HEAP_ALLOCATE|[EXTERNAL]|Bytes:-4
07:31:51.470 (3539098687)|STATEMENT_EXECUTE|[375]
07:31:51.470 (3539103537)|STATEMENT_EXECUTE|[380]
07:31:51.470 (3539107698)|STATEMENT_EXECUTE|[393]
07:31:51.470 (3539119968)|METHOD_EXIT|[142]|01pdL00000Up09Z|CpeAiAssistantController.parseAndValidateAgentResponse(String, Map<String,Map<String,ANY>>)
07:31:51.470 (3539130268)|VARIABLE_SCOPE_BEGIN|[142]|validatedResponse|Map<String,ANY>|true|false
07:31:51.470 (3539167839)|VARIABLE_ASSIGNMENT|[142]|validatedResponse|{"message":"You only have 0 TV + (86 more) ...","newState":{"TV + Receiver":1,"Modem":"Wired","Wi-Fi Access Point":1},"stateChanges":[]}|0x49dba983
07:31:51.470 (3539175309)|STATEMENT_EXECUTE|[144]
07:31:51.470 (3539183609)|METHOD_ENTRY|[144]||System.JSON.serialize(Object)
07:31:51.470 (3540040368)|METHOD_EXIT|[144]||System.JSON.serialize(Object)
07:31:51.540 (3540143941)|CUMULATIVE_LIMIT_USAGE
07:31:51.540 (3540143941)|LIMIT_USAGE_FOR_NS|(default)|
  Number of SOQL queries: 2 out of 100
  Number of query rows: 1 out of 50000
  Number of SOSL queries: 0 out of 20
  Number of DML statements: 0 out of 150
  Number of Publish Immediate DML: 0 out of 150
  Number of DML rows: 0 out of 10000
  Maximum CPU time: 737 out of 10000
  Maximum heap size: 0 out of 6000000
  Number of callouts: 0 out of 100
  Number of Email Invocations: 0 out of 10
  Number of future calls: 0 out of 50
  Number of queueable jobs added to the queue: 0 out of 50
  Number of Mobile Apex push calls: 0 out of 10

07:31:51.540 (3540143941)|CUMULATIVE_LIMIT_USAGE_END

07:31:51.470 (3540212252)|CODE_UNIT_FINISHED|CpeAiAssistantController.sendMessageToAgent(String, String, String, String)
07:31:51.470 (3540421497)|CODE_UNIT_FINISHED|apex://CpeAiAssistantController/ACTION$sendMessageToAgent
07:31:51.470 (3540433657)|EXECUTION_FINISHED
