66.0 APEX_CODE,FINEST;APEX_PROFILING,INFO;CALLOUT,INFO;DATA_ACCESS,INFO;DB,INFO;NBA,INFO;SYSTEM,DEBUG;VALIDATION,INFO;VISUALFORCE,INFO;WAVE,INFO;WORKFLOW,INFO
07:39:47.1 (1053710)|USER_INFO|[EXTERNAL]|005dL00001kiJYb|abhijithshaibinu001.b869139f1496@agentforce.com|(GMT-07:00) Pacific Daylight Time (America/Los_Angeles)|GMT-07:00
07:39:47.1 (1139530)|EXECUTION_STARTED
07:39:47.1 (1173561)|CODE_UNIT_STARTED|[EXTERNAL]|apex://CpeAiAssistantController/ACTION$sendMessageToAgent
07:39:47.1 (4456922)|CODE_UNIT_STARTED|[EXTERNAL]|01pdL00000Up09Z|CpeAiAssistantController.sendMessageToAgent(String, String, String, String)
07:39:47.1 (6271024)|HEAP_ALLOCATE|[95]|Bytes:3
07:39:47.1 (6431947)|HEAP_ALLOCATE|[100]|Bytes:152
07:39:47.1 (6449278)|HEAP_ALLOCATE|[417]|Bytes:408
07:39:47.1 (6461238)|HEAP_ALLOCATE|[430]|Bytes:408
07:39:47.1 (6483468)|HEAP_ALLOCATE|[317]|Bytes:6
07:39:47.1 (6499178)|HEAP_ALLOCATE|[EXTERNAL]|Bytes:44
07:39:47.1 (6504508)|HEAP_ALLOCATE|[EXTERNAL]|Bytes:6
07:39:47.1 (6533109)|METHOD_ENTRY|[1]|01pdL00000Up09Z|CpeAiAssistantController.CpeAiAssistantController()
07:39:47.1 (6552240)|STATEMENT_EXECUTE|[1]
07:39:47.1 (6572589)|STATEMENT_EXECUTE|[1]
07:39:47.1 (6593070)|HEAP_ALLOCATE|[68]|Bytes:5
07:39:47.1 (6698112)|HEAP_ALLOCATE|[74]|Bytes:5
07:39:47.1 (6709502)|HEAP_ALLOCATE|[82]|Bytes:7
07:39:47.1 (7171971)|HEAP_ALLOCATE|[EXTERNAL]|Bytes:5
07:39:47.1 (7225952)|METHOD_EXIT|[1]|CpeAiAssistantController
07:39:47.1 (7234321)|HEAP_ALLOCATE|[EXTERNAL]|Bytes:23
07:39:47.1 (7238302)|HEAP_ALLOCATE|[EXTERNAL]|Bytes:734
07:39:47.1 (7241192)|HEAP_ALLOCATE|[EXTERNAL]|Bytes:58
07:39:47.1 (7244052)|HEAP_ALLOCATE|[EXTERNAL]|Bytes:180
07:39:47.1 (7270442)|VARIABLE_SCOPE_BEGIN|[71]|userMessage|String|false|false
07:39:47.1 (7378815)|VARIABLE_ASSIGNMENT|[71]|userMessage|"add 1 wifi access po (3 more) ..."
07:39:47.1 (7388915)|VARIABLE_SCOPE_BEGIN|[71]|cpeItemsJson|String|false|false
07:39:47.1 (7402245)|VARIABLE_ASSIGNMENT|[71]|cpeItemsJson|"{\n  \"CpeItems\": [\n   (714 more) ..."
07:39:47.1 (7409135)|VARIABLE_SCOPE_BEGIN|[71]|currentCartJson|String|false|false
07:39:47.1 (7421486)|VARIABLE_ASSIGNMENT|[71]|currentCartJson|"{\"TV + Receiver\":1,\" (38 more) ..."
07:39:47.1 (7427346)|VARIABLE_SCOPE_BEGIN|[71]|chatHistory|String|false|false
07:39:47.1 (7438736)|VARIABLE_ASSIGNMENT|[71]|chatHistory|"Technician: add 3 tv (160 more) ..."
07:39:47.1 (7454086)|HEAP_ALLOCATE|[72]|Bytes:5
07:39:47.1 (7459766)|STATEMENT_EXECUTE|[71]
07:39:47.1 (7462286)|STATEMENT_EXECUTE|[72]
07:39:47.1 (7464206)|STATEMENT_EXECUTE|[72]
07:39:47.1 (7466216)|STATEMENT_EXECUTE|[74]
07:39:47.1 (7528457)|METHOD_ENTRY|[74]|01pdL00000Up09Z|CpeAiAssistantController.buildRulePayload(String, String)
07:39:47.1 (7565318)|VARIABLE_SCOPE_BEGIN|[156]|cpeItemsJson|String|false|false
07:39:47.1 (7574988)|VARIABLE_ASSIGNMENT|[156]|cpeItemsJson|"{\n  \"CpeItems\": [\n   (714 more) ..."
07:39:47.1 (7580098)|VARIABLE_SCOPE_BEGIN|[156]|currentCartJson|String|false|false
07:39:47.1 (7587059)|VARIABLE_ASSIGNMENT|[156]|currentCartJson|"{\"TV + Receiver\":1,\" (38 more) ..."
07:39:47.1 (7596379)|HEAP_ALLOCATE|[157]|Bytes:5
07:39:47.1 (7607359)|STATEMENT_EXECUTE|[156]
07:39:47.1 (7609789)|STATEMENT_EXECUTE|[157]
07:39:47.1 (7628439)|HEAP_ALLOCATE|[157]|Bytes:4
07:39:47.1 (7643760)|VARIABLE_SCOPE_BEGIN|[157]|rules|Map<String,Map<String,ANY>>|true|false
07:39:47.1 (7664160)|VARIABLE_ASSIGNMENT|[157]|rules|{}|0x469a38bf
07:39:47.1 (7668960)|STATEMENT_EXECUTE|[158]
07:39:47.1 (7672260)|HEAP_ALLOCATE|[158]|Bytes:13
07:39:47.1 (7680840)|HEAP_ALLOCATE|[158]|Bytes:4
07:39:47.1 (7687000)|HEAP_ALLOCATE|[158]|Bytes:7
07:39:47.1 (7740021)|HEAP_ALLOCATE|[158]|Bytes:4
07:39:47.1 (7787832)|HEAP_ALLOCATE|[158]|Bytes:3
07:39:47.1 (7796652)|HEAP_ALLOCATE|[158]|Bytes:4
07:39:47.1 (7856083)|HEAP_ALLOCATE|[158]|Bytes:3
07:39:47.1 (7866114)|HEAP_ALLOCATE|[158]|Bytes:4
07:39:47.1 (7900534)|HEAP_ALLOCATE|[EXTERNAL]|Bytes:-4
07:39:47.1 (7907834)|STATEMENT_EXECUTE|[159]
07:39:47.1 (7911714)|HEAP_ALLOCATE|[159]|Bytes:5
07:39:47.1 (7919925)|HEAP_ALLOCATE|[159]|Bytes:4
07:39:47.1 (7925745)|HEAP_ALLOCATE|[159]|Bytes:5
07:39:47.1 (7978816)|HEAP_ALLOCATE|[159]|Bytes:4
07:39:47.1 (7993856)|HEAP_ALLOCATE|[159]|Bytes:4
07:39:47.1 (8007056)|HEAP_ALLOCATE|[EXTERNAL]|Bytes:-4
07:39:47.1 (8014446)|STATEMENT_EXECUTE|[160]
07:39:47.1 (8018516)|HEAP_ALLOCATE|[160]|Bytes:18
07:39:47.1 (8025506)|HEAP_ALLOCATE|[160]|Bytes:4
07:39:47.1 (8045977)|HEAP_ALLOCATE|[160]|Bytes:4
07:39:47.1 (8059397)|HEAP_ALLOCATE|[160]|Bytes:4
07:39:47.1 (8071917)|HEAP_ALLOCATE|[160]|Bytes:4
07:39:47.1 (8084707)|HEAP_ALLOCATE|[EXTERNAL]|Bytes:-4
07:39:47.1 (8206450)|STATEMENT_EXECUTE|[162]
07:39:47.1 (8210410)|STATEMENT_EXECUTE|[163]
07:39:47.1 (8213370)|STATEMENT_EXECUTE|[163]
07:39:47.1 (8216290)|STATEMENT_EXECUTE|[164]
07:39:47.1 (8268941)|HEAP_ALLOCATE|[164]|Bytes:24
07:39:47.1 (8284541)|SYSTEM_METHOD_ENTRY|[1]|JSON.JSON()
07:39:47.1 (8289291)|STATEMENT_EXECUTE|[1]
07:39:47.1 (8302751)|SYSTEM_METHOD_EXIT|[1]|JSON
07:39:47.1 (8313052)|METHOD_ENTRY|[164]||System.JSON.deserializeUntyped(String)
07:39:47.1 (13537077)|METHOD_EXIT|[164]||System.JSON.deserializeUntyped(String)
07:39:47.1 (13557748)|VARIABLE_SCOPE_BEGIN|[164]|currentCart|Map<String,ANY>|true|false
07:39:47.1 (13595958)|VARIABLE_ASSIGNMENT|[164]|currentCart|{"TV + Receiver":1,"Modem":"Wi-Fi","Wi-Fi Access Point":1}|0x1a960330
07:39:47.1 (13686770)|HEAP_ALLOCATE|[165]|Bytes:52
07:39:47.1 (13771042)|HEAP_ALLOCATE|[165]|Bytes:5
07:39:47.1 (13815462)|VARIABLE_SCOPE_BEGIN|[165]|key|String|false|false
07:39:47.1 (13826694)|VARIABLE_ASSIGNMENT|[165]|key|"TV + Receiver"
07:39:47.1 (13831923)|STATEMENT_EXECUTE|[165]
07:39:47.1 (13834433)|STATEMENT_EXECUTE|[166]
07:39:47.1 (13847553)|METHOD_ENTRY|[166]|01pdL00000Up09Z|CpeAiAssistantController.normalizeProductName(String)
07:39:47.1 (13896004)|VARIABLE_SCOPE_BEGIN|[252]|rawName|String|false|false
07:39:47.1 (13906324)|VARIABLE_ASSIGNMENT|[252]|rawName|"TV + Receiver"
07:39:47.1 (13918344)|HEAP_ALLOCATE|[253]|Bytes:5
07:39:47.1 (13923055)|STATEMENT_EXECUTE|[252]
07:39:47.1 (14298512)|STATEMENT_EXECUTE|[253]
07:39:47.1 (14301632)|STATEMENT_EXECUTE|[254]
07:39:47.1 (14326623)|HEAP_ALLOCATE|[254]|Bytes:13
07:39:47.1 (14340122)|VARIABLE_SCOPE_BEGIN|[254]|lower|String|false|false
07:39:47.1 (14350753)|VARIABLE_ASSIGNMENT|[254]|lower|"tv + receiver"
07:39:47.1 (14356642)|HEAP_ALLOCATE|[255]|Bytes:2
07:39:47.1 (14389434)|STATEMENT_EXECUTE|[255]
07:39:47.1 (14398973)|METHOD_EXIT|[166]|01pdL00000Up09Z|CpeAiAssistantController.normalizeProductName(String)
07:39:47.1 (14404533)|VARIABLE_SCOPE_BEGIN|[166]|normKey|String|false|false
07:39:47.1 (14413043)|VARIABLE_ASSIGNMENT|[166]|normKey|"TV + Receiver"
07:39:47.1 (14439614)|STATEMENT_EXECUTE|[167]
07:39:47.1 (14441934)|STATEMENT_EXECUTE|[168]
07:39:47.1 (14508306)|HEAP_ALLOCATE|[165]|Bytes:5
07:39:47.1 (14524316)|VARIABLE_SCOPE_BEGIN|[165]|key|String|false|false
07:39:47.1 (14533556)|VARIABLE_ASSIGNMENT|[165]|key|"Modem"
07:39:47.1 (14537495)|STATEMENT_EXECUTE|[165]
07:39:47.1 (14539445)|STATEMENT_EXECUTE|[166]
07:39:47.1 (14543516)|METHOD_ENTRY|[166]|01pdL00000Up09Z|CpeAiAssistantController.normalizeProductName(String)
07:39:47.1 (14548095)|VARIABLE_SCOPE_BEGIN|[252]|rawName|String|false|false
07:39:47.1 (14636078)|VARIABLE_ASSIGNMENT|[252]|rawName|"Modem"
07:39:47.1 (14648687)|HEAP_ALLOCATE|[253]|Bytes:5
07:39:47.1 (14653457)|STATEMENT_EXECUTE|[252]
07:39:47.1 (14670029)|STATEMENT_EXECUTE|[253]
07:39:47.1 (14672098)|STATEMENT_EXECUTE|[254]
07:39:47.1 (14679959)|HEAP_ALLOCATE|[254]|Bytes:5
07:39:47.1 (14689719)|VARIABLE_SCOPE_BEGIN|[254]|lower|String|false|false
07:39:47.1 (14698549)|VARIABLE_ASSIGNMENT|[254]|lower|"modem"
07:39:47.1 (14712658)|HEAP_ALLOCATE|[255]|Bytes:8
07:39:47.1 (14727250)|STATEMENT_EXECUTE|[255]
07:39:47.1 (14729859)|HEAP_ALLOCATE|[256]|Bytes:5
07:39:47.1 (14754419)|HEAP_ALLOCATE|[256]|Bytes:4
07:39:47.1 (14769230)|HEAP_ALLOCATE|[256]|Bytes:2
07:39:47.1 (14783681)|HEAP_ALLOCATE|[256]|Bytes:12
07:39:47.1 (14797100)|HEAP_ALLOCATE|[256]|Bytes:6
07:39:47.1 (14810831)|STATEMENT_EXECUTE|[256]
07:39:47.1 (14813791)|HEAP_ALLOCATE|[257]|Bytes:5
07:39:47.1 (14833101)|STATEMENT_EXECUTE|[257]
07:39:47.1 (14839012)|METHOD_EXIT|[166]|01pdL00000Up09Z|CpeAiAssistantController.normalizeProductName(String)
07:39:47.1 (14845002)|VARIABLE_SCOPE_BEGIN|[166]|normKey|String|false|false
07:39:47.1 (14852621)|VARIABLE_ASSIGNMENT|[166]|normKey|"Modem"
07:39:47.1 (14863952)|STATEMENT_EXECUTE|[167]
07:39:47.1 (14866012)|STATEMENT_EXECUTE|[168]
07:39:47.1 (14899862)|HEAP_ALLOCATE|[165]|Bytes:5
07:39:47.1 (14910902)|VARIABLE_SCOPE_BEGIN|[165]|key|String|false|false
07:39:47.1 (14919653)|VARIABLE_ASSIGNMENT|[165]|key|"Wi-Fi Access Point"
07:39:47.1 (14923353)|STATEMENT_EXECUTE|[165]
07:39:47.1 (14925283)|STATEMENT_EXECUTE|[166]
07:39:47.1 (14929053)|METHOD_ENTRY|[166]|01pdL00000Up09Z|CpeAiAssistantController.normalizeProductName(String)
07:39:47.1 (14934373)|VARIABLE_SCOPE_BEGIN|[252]|rawName|String|false|false
07:39:47.1 (14941014)|VARIABLE_ASSIGNMENT|[252]|rawName|"Wi-Fi Access Point"
07:39:47.1 (14958574)|HEAP_ALLOCATE|[253]|Bytes:5
07:39:47.1 (14962623)|STATEMENT_EXECUTE|[252]
07:39:47.1 (14976234)|STATEMENT_EXECUTE|[253]
07:39:47.1 (14978284)|STATEMENT_EXECUTE|[254]
07:39:47.1 (14985274)|HEAP_ALLOCATE|[254]|Bytes:18
07:39:47.1 (14994044)|VARIABLE_SCOPE_BEGIN|[254]|lower|String|false|false
07:39:47.1 (15009805)|VARIABLE_ASSIGNMENT|[254]|lower|"wi-fi access point"
07:39:47.1 (15032775)|STATEMENT_EXECUTE|[255]
07:39:47.1 (15044455)|STATEMENT_EXECUTE|[256]
07:39:47.1 (15049664)|METHOD_EXIT|[166]|01pdL00000Up09Z|CpeAiAssistantController.normalizeProductName(String)
07:39:47.1 (15054336)|VARIABLE_SCOPE_BEGIN|[166]|normKey|String|false|false
07:39:47.1 (15061865)|VARIABLE_ASSIGNMENT|[166]|normKey|"Wi-Fi Access Point"
07:39:47.1 (15072096)|STATEMENT_EXECUTE|[167]
07:39:47.1 (15074156)|STATEMENT_EXECUTE|[168]
07:39:47.1 (15109597)|HEAP_ALLOCATE|[165]|Bytes:5
07:39:47.1 (15123137)|VARIABLE_ASSIGNMENT|[165]|key|null
07:39:47.1 (15150417)|STATEMENT_EXECUTE|[174]
07:39:47.1 (15152767)|STATEMENT_EXECUTE|[175]
07:39:47.1 (15154737)|STATEMENT_EXECUTE|[175]
07:39:47.1 (15157017)|STATEMENT_EXECUTE|[176]
07:39:47.1 (15162007)|METHOD_ENTRY|[176]||System.JSON.deserializeUntyped(String)
07:39:47.1 (16519322)|METHOD_EXIT|[176]||System.JSON.deserializeUntyped(String)
07:39:47.1 (16530663)|VARIABLE_SCOPE_BEGIN|[176]|itemsMap|Map<String,ANY>|true|false
07:39:47.1 (16554152)|HEAP_ALLOCATE|[EXTERNAL]|Bytes:20
07:39:47.1 (16603453)|VARIABLE_ASSIGNMENT|[176]|itemsMap|{"CpeItems":["Map of size 6 too large to display",{"itemType":"childProduct","maxQuantity":15,"minQuantity":0,"defaultQuantity":0,"ProductCode":"O_RES_TV_PLUS_ADDL_S (2 more) ..."},"Map of size 6 too large to display",{"itemType":"childProduct","maxQuantity":99999,"minQuantity":0,"defaultQuantity":0,"ProductCode":"O_RES_HSI_WIFI_EXTEN (3 more) ..."}]}|0x3d79d2c9
07:39:47.1 (16612363)|STATEMENT_EXECUTE|[177]
07:39:47.1 (16620705)|HEAP_ALLOCATE|[177]|Bytes:4
07:39:47.1 (16691975)|VARIABLE_SCOPE_BEGIN|[177]|items|List<ANY>|true|false
07:39:47.1 (16704155)|HEAP_ALLOCATE|[EXTERNAL]|Bytes:4
07:39:47.1 (16712355)|VARIABLE_ASSIGNMENT|[177]|items|[]|0x2a3eb995
07:39:47.1 (16717475)|HEAP_ALLOCATE|[178]|Bytes:8
07:39:47.1 (16743187)|STATEMENT_EXECUTE|[178]
07:39:47.1 (16745766)|STATEMENT_EXECUTE|[179]
07:39:47.1 (16788437)|VARIABLE_ASSIGNMENT|[179]|items|["Map of size 6 too large to display",{"itemType":"childProduct","maxQuantity":15,"minQuantity":0,"defaultQuantity":0,"ProductCode":"O_RES_TV_PLUS_ADDL_S (2 more) ..."},"Map of size 6 too large to display",{"itemType":"childProduct","maxQuantity":99999,"minQuantity":0,"defaultQuantity":0,"ProductCode":"O_RES_HSI_WIFI_EXTEN (3 more) ..."}]|0x3fbee1d8
07:39:47.1 (16796437)|STATEMENT_EXECUTE|[182]
07:39:47.1 (16809177)|HEAP_ALLOCATE|[182]|Bytes:4
07:39:47.1 (16818137)|VARIABLE_SCOPE_BEGIN|[182]|limits|Map<String,Map<String,Integer>>|true|false
07:39:47.1 (16827757)|VARIABLE_ASSIGNMENT|[182]|limits|{}|0x53c923d3
07:39:47.1 (16832228)|STATEMENT_EXECUTE|[183]
07:39:47.1 (16838797)|HEAP_ALLOCATE|[183]|Bytes:4
07:39:47.1 (16846398)|HEAP_ALLOCATE|[183]|Bytes:6
07:39:47.1 (16868949)|HEAP_ALLOCATE|[183]|Bytes:4
07:39:47.1 (16878279)|HEAP_ALLOCATE|[183]|Bytes:6
07:39:47.1 (16886968)|HEAP_ALLOCATE|[183]|Bytes:4
07:39:47.1 (16896128)|HEAP_ALLOCATE|[183]|Bytes:4
07:39:47.1 (16908510)|HEAP_ALLOCATE|[EXTERNAL]|Bytes:-4
07:39:47.1 (16915489)|STATEMENT_EXECUTE|[184]
07:39:47.1 (16921030)|HEAP_ALLOCATE|[184]|Bytes:4
07:39:47.1 (16939280)|HEAP_ALLOCATE|[184]|Bytes:4
07:39:47.1 (16951000)|HEAP_ALLOCATE|[184]|Bytes:4
07:39:47.1 (16959321)|HEAP_ALLOCATE|[184]|Bytes:4
07:39:47.1 (16970380)|HEAP_ALLOCATE|[EXTERNAL]|Bytes:-4
07:39:47.1 (16976071)|STATEMENT_EXECUTE|[185]
07:39:47.1 (16982020)|HEAP_ALLOCATE|[185]|Bytes:4
07:39:47.1 (16999161)|HEAP_ALLOCATE|[185]|Bytes:4
07:39:47.1 (17042461)|HEAP_ALLOCATE|[185]|Bytes:4
07:39:47.1 (17058891)|HEAP_ALLOCATE|[EXTERNAL]|Bytes:-4
07:39:47.1 (17064531)|STATEMENT_EXECUTE|[187]
07:39:47.1 (17077553)|METHOD_ENTRY|[187]|01pdL00000Up09Z|CpeAiAssistantController.extractCodes(List<ANY>, Map<String,Map<String,Integer>>)
07:39:47.1 (17109772)|VARIABLE_SCOPE_BEGIN|[200]|items|List<ANY>|true|false
07:39:47.1 (17131343)|VARIABLE_ASSIGNMENT|[200]|items|["Map of size 6 too large to display",{"itemType":"childProduct","maxQuantity":15,"minQuantity":0,"defaultQuantity":0,"ProductCode":"O_RES_TV_PLUS_ADDL_S (2 more) ..."},"Map of size 6 too large to display",{"itemType":"childProduct","maxQuantity":99999,"minQuantity":0,"defaultQuantity":0,"ProductCode":"O_RES_HSI_WIFI_EXTEN (3 more) ..."}]|0x3fbee1d8
07:39:47.1 (17138293)|VARIABLE_SCOPE_BEGIN|[200]|limits|Map<String,Map<String,Integer>>|true|false
07:39:47.1 (17151724)|VARIABLE_ASSIGNMENT|[200]|limits|{"tv":{"maxInc":3,"maxAdd":15,"min":1},"wifi":{"maxInc":1,"maxAdd":10,"min":1},"modem":{"max":1,"min":1}}|0x53c923d3
07:39:47.1 (17163484)|HEAP_ALLOCATE|[201]|Bytes:5
07:39:47.1 (17169124)|STATEMENT_EXECUTE|[200]
07:39:47.1 (17172084)|STATEMENT_EXECUTE|[201]
07:39:47.1 (17207915)|HEAP_ALLOCATE|[202]|Bytes:5
07:39:47.1 (17229184)|HEAP_ALLOCATE|[202]|Bytes:28
07:39:47.1 (17238625)|VARIABLE_SCOPE_BEGIN|[202]|obj|Object|false|false
07:39:47.1 (17250145)|VARIABLE_ASSIGNMENT|[202]|obj|"Map of size 6 too large to display"
07:39:47.1 (17254566)|STATEMENT_EXECUTE|[202]
07:39:47.1 (17256615)|STATEMENT_EXECUTE|[203]
07:39:47.1 (17260465)|VARIABLE_SCOPE_BEGIN|[203]|item|Map<String,ANY>|true|false
07:39:47.1 (17270086)|VARIABLE_ASSIGNMENT|[203]|item|"Map of size 6 too large to display"|0x37802561
07:39:47.1 (17273916)|STATEMENT_EXECUTE|[204]
07:39:47.1 (17282225)|METHOD_ENTRY|[204]|01pdL00000Up09Z|CpeAiAssistantController.getProductCode(Map<String,ANY>)
07:39:47.1 (17293616)|VARIABLE_SCOPE_BEGIN|[233]|item|Map<String,ANY>|true|false
07:39:47.1 (17301647)|VARIABLE_ASSIGNMENT|[233]|item|"Map of size 6 too large to display"|0x37802561
07:39:47.1 (17309687)|HEAP_ALLOCATE|[234]|Bytes:5
07:39:47.1 (17314306)|STATEMENT_EXECUTE|[233]
07:39:47.1 (17317496)|HEAP_ALLOCATE|[234]|Bytes:11
07:39:47.1 (17349488)|STATEMENT_EXECUTE|[234]
07:39:47.1 (17351838)|STATEMENT_EXECUTE|[235]
07:39:47.1 (17379728)|HEAP_ALLOCATE|[235]|Bytes:17
07:39:47.1 (17393758)|METHOD_EXIT|[204]|01pdL00000Up09Z|CpeAiAssistantController.getProductCode(Map<String,ANY>)
07:39:47.1 (17400018)|VARIABLE_SCOPE_BEGIN|[204]|code|String|false|false
07:39:47.1 (17408419)|VARIABLE_ASSIGNMENT|[204]|code|"O_RES_TV_PLUS_STB"
07:39:47.1 (17411929)|STATEMENT_EXECUTE|[205]
07:39:47.1 (17415068)|HEAP_ALLOCATE|[205]|Bytes:11
07:39:47.1 (17442969)|VARIABLE_SCOPE_BEGIN|[205]|maxQ|Integer|false|false
07:39:47.1 (17451788)|VARIABLE_ASSIGNMENT|[205]|maxQ|3
07:39:47.1 (17456708)|STATEMENT_EXECUTE|[206]
07:39:47.1 (17460220)|HEAP_ALLOCATE|[206]|Bytes:11
07:39:47.1 (17486860)|VARIABLE_SCOPE_BEGIN|[206]|minQ|Integer|false|false
07:39:47.1 (17494949)|VARIABLE_ASSIGNMENT|[206]|minQ|0
07:39:47.1 (17498540)|STATEMENT_EXECUTE|[207]
07:39:47.1 (17501349)|HEAP_ALLOCATE|[207]|Bytes:15
07:39:47.1 (17527281)|VARIABLE_SCOPE_BEGIN|[207]|defQ|Integer|false|false
07:39:47.1 (17571452)|VARIABLE_ASSIGNMENT|[207]|defQ|1
07:39:47.1 (17577682)|HEAP_ALLOCATE|[209]|Bytes:17
07:39:47.1 (17599982)|STATEMENT_EXECUTE|[209]
07:39:47.1 (17602071)|STATEMENT_EXECUTE|[210]
07:39:47.1 (17637343)|STATEMENT_EXECUTE|[211]
07:39:47.1 (17664763)|HEAP_ALLOCATE|[224]|Bytes:13
07:39:47.1 (17683454)|STATEMENT_EXECUTE|[224]
07:39:47.1 (17694473)|HEAP_ALLOCATE|[202]|Bytes:5
07:39:47.1 (17707304)|HEAP_ALLOCATE|[202]|Bytes:24
07:39:47.1 (17716014)|VARIABLE_SCOPE_BEGIN|[202]|obj|Object|false|false
07:39:47.1 (17732144)|VARIABLE_ASSIGNMENT|[202]|obj|{"itemType":"childProduct","maxQuantity":15,"minQuantity":0,"defaultQuantity":0,"ProductCode":"O_RES_TV_PLUS_ADDL_S (2 more) ..."}
07:39:47.1 (17737605)|STATEMENT_EXECUTE|[202]
07:39:47.1 (17739605)|STATEMENT_EXECUTE|[203]
07:39:47.1 (17743415)|VARIABLE_SCOPE_BEGIN|[203]|item|Map<String,ANY>|true|false
07:39:47.1 (17755425)|VARIABLE_ASSIGNMENT|[203]|item|{"itemType":"childProduct","maxQuantity":15,"minQuantity":0,"defaultQuantity":0,"ProductCode":"O_RES_TV_PLUS_ADDL_S (2 more) ..."}|0x27f5ec3d
07:39:47.1 (17760994)|STATEMENT_EXECUTE|[204]
07:39:47.1 (17765945)|METHOD_ENTRY|[204]|01pdL00000Up09Z|CpeAiAssistantController.getProductCode(Map<String,ANY>)
07:39:47.1 (17776175)|VARIABLE_SCOPE_BEGIN|[233]|item|Map<String,ANY>|true|false
07:39:47.1 (17787965)|VARIABLE_ASSIGNMENT|[233]|item|{"itemType":"childProduct","maxQuantity":15,"minQuantity":0,"defaultQuantity":0,"ProductCode":"O_RES_TV_PLUS_ADDL_S (2 more) ..."}|0x27f5ec3d
07:39:47.1 (17796315)|HEAP_ALLOCATE|[234]|Bytes:5
07:39:47.1 (17800616)|STATEMENT_EXECUTE|[233]
07:39:47.1 (17818395)|STATEMENT_EXECUTE|[234]
07:39:47.1 (17820776)|STATEMENT_EXECUTE|[235]
07:39:47.1 (17834686)|HEAP_ALLOCATE|[235]|Bytes:22
07:39:47.1 (17847126)|METHOD_EXIT|[204]|01pdL00000Up09Z|CpeAiAssistantController.getProductCode(Map<String,ANY>)
07:39:47.1 (17852207)|VARIABLE_SCOPE_BEGIN|[204]|code|String|false|false
07:39:47.1 (17860147)|VARIABLE_ASSIGNMENT|[204]|code|"O_RES_TV_PLUS_ADDL_S (2 more) ..."
07:39:47.1 (17863516)|STATEMENT_EXECUTE|[205]
07:39:47.1 (17880507)|VARIABLE_SCOPE_BEGIN|[205]|maxQ|Integer|false|false
07:39:47.1 (17889047)|VARIABLE_ASSIGNMENT|[205]|maxQ|15
07:39:47.1 (17892367)|STATEMENT_EXECUTE|[206]
07:39:47.1 (17906278)|VARIABLE_SCOPE_BEGIN|[206]|minQ|Integer|false|false
07:39:47.1 (17913688)|VARIABLE_ASSIGNMENT|[206]|minQ|0
07:39:47.1 (17916898)|STATEMENT_EXECUTE|[207]
07:39:47.1 (17930898)|VARIABLE_SCOPE_BEGIN|[207]|defQ|Integer|false|false
07:39:47.1 (17938218)|VARIABLE_ASSIGNMENT|[207]|defQ|0
07:39:47.1 (17951968)|HEAP_ALLOCATE|[212]|Bytes:22
07:39:47.1 (17958758)|STATEMENT_EXECUTE|[212]
07:39:47.1 (17960889)|STATEMENT_EXECUTE|[213]
07:39:47.1 (17998909)|STATEMENT_EXECUTE|[224]
07:39:47.1 (18007699)|HEAP_ALLOCATE|[202]|Bytes:5
07:39:47.1 (18019220)|HEAP_ALLOCATE|[202]|Bytes:28
07:39:47.1 (18027390)|VARIABLE_SCOPE_BEGIN|[202]|obj|Object|false|false
07:39:47.1 (18038410)|VARIABLE_ASSIGNMENT|[202]|obj|"Map of size 6 too large to display"
07:39:47.1 (18043710)|STATEMENT_EXECUTE|[202]
07:39:47.1 (18045630)|STATEMENT_EXECUTE|[203]
07:39:47.1 (18049110)|VARIABLE_SCOPE_BEGIN|[203]|item|Map<String,ANY>|true|false
07:39:47.1 (18057030)|VARIABLE_ASSIGNMENT|[203]|item|"Map of size 6 too large to display"|0x1dec58b7
07:39:47.1 (18061090)|STATEMENT_EXECUTE|[204]
07:39:47.1 (18065260)|METHOD_ENTRY|[204]|01pdL00000Up09Z|CpeAiAssistantController.getProductCode(Map<String,ANY>)
07:39:47.1 (18070950)|VARIABLE_SCOPE_BEGIN|[233]|item|Map<String,ANY>|true|false
07:39:47.1 (18078761)|VARIABLE_ASSIGNMENT|[233]|item|"Map of size 6 too large to display"|0x1dec58b7
07:39:47.1 (18086541)|HEAP_ALLOCATE|[234]|Bytes:5
07:39:47.1 (18090551)|STATEMENT_EXECUTE|[233]
07:39:47.1 (18106141)|STATEMENT_EXECUTE|[234]
07:39:47.1 (18108181)|STATEMENT_EXECUTE|[235]
07:39:47.1 (18122561)|HEAP_ALLOCATE|[235]|Bytes:15
07:39:47.1 (18133742)|METHOD_EXIT|[204]|01pdL00000Up09Z|CpeAiAssistantController.getProductCode(Map<String,ANY>)
07:39:47.1 (18138572)|VARIABLE_SCOPE_BEGIN|[204]|code|String|false|false
07:39:47.1 (18146362)|VARIABLE_ASSIGNMENT|[204]|code|"O_RES_HSI_MODEM"
07:39:47.1 (18149642)|STATEMENT_EXECUTE|[205]
07:39:47.1 (18164222)|VARIABLE_SCOPE_BEGIN|[205]|maxQ|Integer|false|false
07:39:47.1 (18171742)|VARIABLE_ASSIGNMENT|[205]|maxQ|99999
07:39:47.1 (18174902)|STATEMENT_EXECUTE|[206]
07:39:47.1 (18188033)|VARIABLE_SCOPE_BEGIN|[206]|minQ|Integer|false|false
07:39:47.1 (18195453)|VARIABLE_ASSIGNMENT|[206]|minQ|0
07:39:47.1 (18200023)|STATEMENT_EXECUTE|[207]
07:39:47.1 (18213923)|VARIABLE_SCOPE_BEGIN|[207]|defQ|Integer|false|false
07:39:47.1 (18221213)|VARIABLE_ASSIGNMENT|[207]|defQ|1
07:39:47.1 (18233433)|HEAP_ALLOCATE|[214]|Bytes:27
07:39:47.1 (18242494)|HEAP_ALLOCATE|[217]|Bytes:27
07:39:47.1 (18250294)|HEAP_ALLOCATE|[219]|Bytes:15
07:39:47.1 (18257034)|STATEMENT_EXECUTE|[219]
07:39:47.1 (18259214)|STATEMENT_EXECUTE|[220]
07:39:47.1 (18285054)|HEAP_ALLOCATE|[220]|Bytes:4
07:39:47.1 (18293824)|STATEMENT_EXECUTE|[221]
07:39:47.1 (18362756)|STATEMENT_EXECUTE|[224]
07:39:47.1 (18372076)|HEAP_ALLOCATE|[202]|Bytes:5
07:39:47.1 (18384966)|HEAP_ALLOCATE|[202]|Bytes:24
07:39:47.1 (18393946)|VARIABLE_SCOPE_BEGIN|[202]|obj|Object|false|false
07:39:47.1 (18411317)|VARIABLE_ASSIGNMENT|[202]|obj|{"itemType":"childProduct","maxQuantity":99999,"minQuantity":0,"defaultQuantity":0,"ProductCode":"O_RES_HSI_WIFI_EXTEN (3 more) ..."}
07:39:47.1 (18415727)|STATEMENT_EXECUTE|[202]
07:39:47.1 (18417757)|STATEMENT_EXECUTE|[203]
07:39:47.1 (18421527)|VARIABLE_SCOPE_BEGIN|[203]|item|Map<String,ANY>|true|false
07:39:47.1 (18433477)|VARIABLE_ASSIGNMENT|[203]|item|{"itemType":"childProduct","maxQuantity":99999,"minQuantity":0,"defaultQuantity":0,"ProductCode":"O_RES_HSI_WIFI_EXTEN (3 more) ..."}|0x2b71dd46
07:39:47.1 (18437977)|STATEMENT_EXECUTE|[204]
07:39:47.1 (18442057)|METHOD_ENTRY|[204]|01pdL00000Up09Z|CpeAiAssistantController.getProductCode(Map<String,ANY>)
07:39:47.1 (18447737)|VARIABLE_SCOPE_BEGIN|[233]|item|Map<String,ANY>|true|false
07:39:47.1 (18458637)|VARIABLE_ASSIGNMENT|[233]|item|{"itemType":"childProduct","maxQuantity":99999,"minQuantity":0,"defaultQuantity":0,"ProductCode":"O_RES_HSI_WIFI_EXTEN (3 more) ..."}|0x2b71dd46
07:39:47.1 (18466828)|HEAP_ALLOCATE|[234]|Bytes:5
07:39:47.1 (18471108)|STATEMENT_EXECUTE|[233]
07:39:47.1 (18487808)|STATEMENT_EXECUTE|[234]
07:39:47.1 (18489988)|STATEMENT_EXECUTE|[235]
07:39:47.1 (18504368)|HEAP_ALLOCATE|[235]|Bytes:23
07:39:47.1 (18515408)|METHOD_EXIT|[204]|01pdL00000Up09Z|CpeAiAssistantController.getProductCode(Map<String,ANY>)
07:39:47.1 (18520079)|VARIABLE_SCOPE_BEGIN|[204]|code|String|false|false
07:39:47.1 (18528559)|VARIABLE_ASSIGNMENT|[204]|code|"O_RES_HSI_WIFI_EXTEN (3 more) ..."
07:39:47.1 (18533059)|STATEMENT_EXECUTE|[205]
07:39:47.1 (18547929)|VARIABLE_SCOPE_BEGIN|[205]|maxQ|Integer|false|false
07:39:47.1 (18555589)|VARIABLE_ASSIGNMENT|[205]|maxQ|99999
07:39:47.1 (18559839)|STATEMENT_EXECUTE|[206]
07:39:47.1 (18573359)|VARIABLE_SCOPE_BEGIN|[206]|minQ|Integer|false|false
07:39:47.1 (18580520)|VARIABLE_ASSIGNMENT|[206]|minQ|0
07:39:47.1 (18583900)|STATEMENT_EXECUTE|[207]
07:39:47.1 (18609470)|VARIABLE_SCOPE_BEGIN|[207]|defQ|Integer|false|false
07:39:47.1 (18618280)|VARIABLE_ASSIGNMENT|[207]|defQ|0
07:39:47.1 (18637521)|STATEMENT_EXECUTE|[209]
07:39:47.1 (18646421)|STATEMENT_EXECUTE|[224]
07:39:47.1 (18655391)|HEAP_ALLOCATE|[202]|Bytes:5
07:39:47.1 (18670761)|VARIABLE_ASSIGNMENT|[202]|obj|null
07:39:47.1 (18680541)|METHOD_EXIT|[187]|01pdL00000Up09Z|CpeAiAssistantController.extractCodes(List<ANY>, Map<String,Map<String,Integer>>)
07:39:47.1 (18684511)|STATEMENT_EXECUTE|[189]
07:39:47.1 (18741222)|HEAP_ALLOCATE|[189]|Bytes:4
07:39:47.1 (18758363)|STATEMENT_EXECUTE|[190]
07:39:47.1 (18799194)|STATEMENT_EXECUTE|[191]
07:39:47.1 (18847274)|HEAP_ALLOCATE|[191]|Bytes:4
07:39:47.1 (18858265)|STATEMENT_EXECUTE|[192]
07:39:47.1 (18899015)|STATEMENT_EXECUTE|[193]
07:39:47.1 (18939276)|STATEMENT_EXECUTE|[194]
07:39:47.1 (18980977)|STATEMENT_EXECUTE|[197]
07:39:47.1 (18987807)|METHOD_EXIT|[74]|01pdL00000Up09Z|CpeAiAssistantController.buildRulePayload(String, String)
07:39:47.1 (18993557)|VARIABLE_SCOPE_BEGIN|[74]|rules|Map<String,Map<String,ANY>>|true|false
07:39:47.1 (19010477)|VARIABLE_ASSIGNMENT|[74]|rules|{"TV + Receiver":{"current":1,"min":0,"max":18},"Modem":{"current":"Wi-Fi","min":1,"max":1},"Wi-Fi Access Point":{"current":1,"min":1,"max":11}}|0x469a38bf
07:39:47.1 (19016147)|STATEMENT_EXECUTE|[77]
07:39:47.1 (19019207)|HEAP_ALLOCATE|[77]|Bytes:150
07:39:47.1 (19028788)|METHOD_ENTRY|[79]||System.JSON.serialize(Object)
07:39:47.1 (19916654)|METHOD_EXIT|[79]||System.JSON.serialize(Object)
07:39:47.1 (19925264)|HEAP_ALLOCATE|[79]|Bytes:24
07:39:47.1 (19996825)|HEAP_ALLOCATE|[80]|Bytes:29
07:39:47.1 (20009155)|HEAP_ALLOCATE|[77]|Bytes:550
07:39:47.1 (20014905)|VARIABLE_SCOPE_BEGIN|[77]|fullMessage|String|false|false
07:39:47.1 (20027536)|VARIABLE_ASSIGNMENT|[77]|fullMessage|"System Context: You  (530 more) ..."
07:39:47.1 (20032716)|STATEMENT_EXECUTE|[83]
07:39:47.1 (20035457)|HEAP_ALLOCATE|[84]|Bytes:22
07:39:47.1 (20039187)|HEAP_ALLOCATE|[85]|Bytes:21
07:39:47.1 (20091277)|HEAP_ALLOCATE|[83]|Bytes:12
07:39:47.1 (20097218)|HEAP_ALLOCATE|[83]|Bytes:58
07:39:47.1 (20111338)|SYSTEM_METHOD_ENTRY|[14]|Action.Action()
07:39:47.1 (20115128)|STATEMENT_EXECUTE|[14]
07:39:47.1 (20122968)|SYSTEM_METHOD_EXIT|[14]|Action
07:39:47.1 (20133948)|METHOD_ENTRY|[83]||Invocable.Action.createCustomAction(String, String)
07:39:47.1 (20339001)|METHOD_EXIT|[83]||Invocable.Action.createCustomAction(String, String)
07:39:47.1 (20345281)|VARIABLE_SCOPE_BEGIN|[83]|action|Invocable.Action|true|false
07:39:47.1 (20416193)|VARIABLE_ASSIGNMENT|[83]|action|{"invocations":"0x5e8565ba","invokeFromLightningComponent":false,"name":"CPE_Equipment_Manage (1 more) ...","type":"generatePromptRespon (2 more) ..."}|0x673a8dee
07:39:47.1 (20422424)|STATEMENT_EXECUTE|[88]
07:39:47.1 (20425963)|HEAP_ALLOCATE|[88]|Bytes:17
07:39:47.1 (20443074)|METHOD_ENTRY|[88]||Invocable.Action.setInvocationParameter(String, Object)
07:39:47.1 (20700408)|METHOD_EXIT|[88]||Invocable.Action.setInvocationParameter(String, Object)
07:39:47.1 (20706599)|STATEMENT_EXECUTE|[90]
07:39:47.1 (20713619)|METHOD_ENTRY|[90]||Invocable.Action.invoke()
07:39:50.575 (3575447999)|METHOD_EXIT|[90]||Invocable.Action.invoke()
07:39:50.575 (3575501120)|VARIABLE_SCOPE_BEGIN|[90]|results|List<Invocable.Action.Result>|true|false
07:39:50.575 (3575724114)|VARIABLE_ASSIGNMENT|[90]|results|[{"action":"0x673a8dee","errors":"0x4e0520a0","invocationParameters":"0x341b6866","outputParameters":"0x3ff8f093","success":true}]|0x243be287
07:39:50.575 (3575789216)|STATEMENT_EXECUTE|[92]
07:39:50.575 (3575799216)|STATEMENT_EXECUTE|[96]
07:39:50.575 (3575844066)|HEAP_ALLOCATE|[96]|Bytes:24
07:39:50.575 (3575872468)|VARIABLE_SCOPE_BEGIN|[96]|result|Invocable.Action.Result|true|false
07:39:50.575 (3575900458)|VARIABLE_ASSIGNMENT|[96]|result|{"action":"0x673a8dee","errors":"0x4e0520a0","invocationParameters":"0x341b6866","outputParameters":"0x3ff8f093","success":true}|0x435cc680
07:39:50.575 (3575970008)|METHOD_ENTRY|[98]||Invocable.Action.Result.isSuccess()
07:39:50.575 (3576014209)|METHOD_EXIT|[98]||Invocable.Action.Result.isSuccess()
07:39:50.575 (3576021670)|STATEMENT_EXECUTE|[98]
07:39:50.575 (3576024809)|STATEMENT_EXECUTE|[104]
07:39:50.575 (3576032079)|METHOD_ENTRY|[104]||Invocable.Action.Result.getOutputParameters()
07:39:50.575 (3576050760)|METHOD_EXIT|[104]||Invocable.Action.Result.getOutputParameters()
07:39:50.575 (3576057741)|VARIABLE_SCOPE_BEGIN|[104]|outputs|Map<String,ANY>|true|false
07:39:50.575 (3576113001)|VARIABLE_ASSIGNMENT|[104]|outputs|{"promptResponse":"{\n  \"message\": \"Adde (166 more) ..."}|0x3ff8f093
07:39:50.575 (3576121561)|STATEMENT_EXECUTE|[105]
07:39:50.575 (3576124782)|STATEMENT_EXECUTE|[110]
07:39:50.575 (3576129081)|HEAP_ALLOCATE|[110]|Bytes:14
07:39:50.575 (3576193482)|VARIABLE_SCOPE_BEGIN|[110]|promptRespObj|Object|false|false
07:39:50.575 (3576210424)|VARIABLE_ASSIGNMENT|[110]|promptRespObj|"{\n  \"message\": \"Adde (166 more) ..."
07:39:50.575 (3576216234)|STATEMENT_EXECUTE|[111]
07:39:50.575 (3576229883)|VARIABLE_SCOPE_BEGIN|[111]|rawResponse|String|false|false
07:39:50.575 (3576241034)|VARIABLE_ASSIGNMENT|[111]|rawResponse|null
07:39:50.575 (3576246333)|STATEMENT_EXECUTE|[113]
07:39:50.575 (3576249213)|STATEMENT_EXECUTE|[114]
07:39:50.575 (3576362396)|HEAP_ALLOCATE|[114]|Bytes:186
07:39:50.575 (3576383867)|VARIABLE_ASSIGNMENT|[114]|rawResponse|"{\n  \"message\": \"Adde (166 more) ..."
07:39:50.575 (3576419117)|STATEMENT_EXECUTE|[119]
07:39:50.575 (3576422317)|STATEMENT_EXECUTE|[123]
07:39:50.575 (3576426347)|VARIABLE_SCOPE_BEGIN|[123]|cleanResponse|String|false|false
07:39:50.575 (3576437358)|VARIABLE_ASSIGNMENT|[123]|cleanResponse|null
07:39:50.575 (3576442528)|STATEMENT_EXECUTE|[124]
07:39:50.575 (3576445208)|STATEMENT_EXECUTE|[124]
07:39:50.575 (3576448488)|STATEMENT_EXECUTE|[125]
07:39:50.575 (3576466648)|METHOD_ENTRY|[125]||System.JSON.deserializeUntyped(String)
07:39:50.575 (3577595488)|METHOD_EXIT|[125]||System.JSON.deserializeUntyped(String)
07:39:50.575 (3577653049)|VARIABLE_SCOPE_BEGIN|[125]|parsed|Map<String,ANY>|true|false
07:39:50.575 (3577688090)|VARIABLE_ASSIGNMENT|[125]|parsed|{"message":"Added 1 Wi-Fi Access (52 more) ...","newState":{"TV + Receiver":1,"Modem":"Wi-Fi","Wi-Fi Access Point":2}}|0x2d5e9c7a
07:39:50.575 (3577697380)|HEAP_ALLOCATE|[126]|Bytes:5
07:39:50.575 (3577741321)|STATEMENT_EXECUTE|[128]
07:39:50.575 (3577744651)|STATEMENT_EXECUTE|[129]
07:39:50.575 (3577754261)|VARIABLE_ASSIGNMENT|[129]|cleanResponse|"{\n  \"message\": \"Adde (166 more) ..."
07:39:50.575 (3577761571)|STATEMENT_EXECUTE|[135]
07:39:50.575 (3577764431)|STATEMENT_EXECUTE|[136]
07:39:50.575 (3577768321)|HEAP_ALLOCATE|[136]|Bytes:3
07:39:50.575 (3577779362)|HEAP_ALLOCATE|[136]|Bytes:1
07:39:50.575 (3577858033)|HEAP_ALLOCATE|[136]|Bytes:186
07:39:50.575 (3577877033)|VARIABLE_ASSIGNMENT|[136]|cleanResponse|"{\n  \"message\": \"Adde (166 more) ..."
07:39:50.575 (3577883263)|STATEMENT_EXECUTE|[137]
07:39:50.575 (3577887014)|HEAP_ALLOCATE|[137]|Bytes:2
07:39:50.575 (3577912744)|HEAP_ALLOCATE|[137]|Bytes:186
07:39:50.575 (3577929174)|VARIABLE_ASSIGNMENT|[137]|cleanResponse|"{\n  \"message\": \"Adde (166 more) ..."
07:39:50.575 (3577934854)|STATEMENT_EXECUTE|[138]
07:39:50.575 (3577938734)|HEAP_ALLOCATE|[138]|Bytes:3
07:39:50.575 (3577943505)|HEAP_ALLOCATE|[138]|Bytes:1
07:39:50.575 (3577967485)|HEAP_ALLOCATE|[138]|Bytes:186
07:39:50.575 (3577983785)|VARIABLE_ASSIGNMENT|[138]|cleanResponse|"{\n  \"message\": \"Adde (166 more) ..."
07:39:50.575 (3577989195)|STATEMENT_EXECUTE|[142]
07:39:50.575 (3578008066)|METHOD_ENTRY|[142]|01pdL00000Up09Z|CpeAiAssistantController.parseAndValidateAgentResponse(String, Map<String,Map<String,ANY>>)
07:39:50.575 (3578033886)|VARIABLE_SCOPE_BEGIN|[261]|rawResponse|String|false|false
07:39:50.575 (3578048276)|VARIABLE_ASSIGNMENT|[261]|rawResponse|"{\n  \"message\": \"Adde (166 more) ..."
07:39:50.575 (3578054938)|VARIABLE_SCOPE_BEGIN|[261]|rules|Map<String,Map<String,ANY>>|true|false
07:39:50.575 (3578115528)|VARIABLE_ASSIGNMENT|[261]|rules|{"TV + Receiver":{"current":1,"min":0,"max":18},"Modem":{"current":"Wi-Fi","min":1,"max":1},"Wi-Fi Access Point":{"current":1,"min":1,"max":11}}|0x469a38bf
07:39:50.575 (3578145968)|HEAP_ALLOCATE|[262]|Bytes:5
07:39:50.575 (3578152459)|STATEMENT_EXECUTE|[261]
07:39:50.575 (3578155979)|STATEMENT_EXECUTE|[262]
07:39:50.575 (3578175289)|HEAP_ALLOCATE|[262]|Bytes:4
07:39:50.575 (3578191119)|VARIABLE_SCOPE_BEGIN|[262]|finalResponse|Map<String,ANY>|true|false
07:39:50.575 (3578204729)|VARIABLE_ASSIGNMENT|[262]|finalResponse|{}|0x2f42ebe3
07:39:50.575 (3578210900)|STATEMENT_EXECUTE|[264]
07:39:50.575 (3578213809)|STATEMENT_EXECUTE|[264]
07:39:50.575 (3578216809)|STATEMENT_EXECUTE|[265]
07:39:50.575 (3578224541)|METHOD_ENTRY|[265]||System.JSON.deserializeUntyped(String)
07:39:50.575 (3578638598)|METHOD_EXIT|[265]||System.JSON.deserializeUntyped(String)
07:39:50.575 (3578648598)|VARIABLE_SCOPE_BEGIN|[265]|parsed|Map<String,ANY>|true|false
07:39:50.575 (3578679328)|VARIABLE_ASSIGNMENT|[265]|parsed|{"message":"Added 1 Wi-Fi Access (52 more) ...","newState":{"TV + Receiver":1,"Modem":"Wi-Fi","Wi-Fi Access Point":2}}|0x268efb77
07:39:50.575 (3578687448)|HEAP_ALLOCATE|[267]|Bytes:8
07:39:50.575 (3578722919)|STATEMENT_EXECUTE|[267]
07:39:50.575 (3578726539)|STATEMENT_EXECUTE|[268]
07:39:50.575 (3578755889)|VARIABLE_SCOPE_BEGIN|[268]|newStateRaw|Map<String,ANY>|true|false
07:39:50.575 (3578779920)|VARIABLE_ASSIGNMENT|[268]|newStateRaw|{"TV + Receiver":1,"Modem":"Wi-Fi","Wi-Fi Access Point":2}|0x1eab11b6
07:39:50.575 (3578786530)|STATEMENT_EXECUTE|[269]
07:39:50.575 (3578793231)|HEAP_ALLOCATE|[269]|Bytes:4
07:39:50.575 (3578801081)|VARIABLE_SCOPE_BEGIN|[269]|normalizedState|Map<String,ANY>|true|false
07:39:50.575 (3578812700)|VARIABLE_ASSIGNMENT|[269]|normalizedState|{}|0xe8eba68
07:39:50.575 (3578844482)|STATEMENT_EXECUTE|[271]
07:39:50.575 (3578849232)|VARIABLE_SCOPE_BEGIN|[271]|changedCpeCount|Integer|false|false
07:39:50.575 (3578856882)|HEAP_ALLOCATE|[271]|Bytes:4
07:39:50.575 (3578865882)|VARIABLE_ASSIGNMENT|[271]|changedCpeCount|0
07:39:50.575 (3578973253)|HEAP_ALLOCATE|[273]|Bytes:52
07:39:50.575 (3579050215)|HEAP_ALLOCATE|[273]|Bytes:5
07:39:50.575 (3579084985)|VARIABLE_SCOPE_BEGIN|[273]|key|String|false|false
07:39:50.575 (3579097396)|VARIABLE_ASSIGNMENT|[273]|key|"TV + Receiver"
07:39:50.575 (3579102865)|STATEMENT_EXECUTE|[273]
07:39:50.575 (3579105745)|STATEMENT_EXECUTE|[274]
07:39:50.575 (3579112636)|METHOD_ENTRY|[274]|01pdL00000Up09Z|CpeAiAssistantController.normalizeProductName(String)
07:39:50.575 (3579123466)|VARIABLE_SCOPE_BEGIN|[252]|rawName|String|false|false
07:39:50.575 (3579133786)|VARIABLE_ASSIGNMENT|[252]|rawName|"TV + Receiver"
07:39:50.575 (3579143706)|HEAP_ALLOCATE|[253]|Bytes:5
07:39:50.575 (3579149397)|STATEMENT_EXECUTE|[252]
07:39:50.575 (3579178507)|STATEMENT_EXECUTE|[253]
07:39:50.575 (3579181378)|STATEMENT_EXECUTE|[254]
07:39:50.575 (3579197658)|HEAP_ALLOCATE|[254]|Bytes:13
07:39:50.575 (3579209978)|VARIABLE_SCOPE_BEGIN|[254]|lower|String|false|false
07:39:50.575 (3579221638)|VARIABLE_ASSIGNMENT|[254]|lower|"tv + receiver"
07:39:50.575 (3579249508)|STATEMENT_EXECUTE|[255]
07:39:50.575 (3579266508)|METHOD_EXIT|[274]|01pdL00000Up09Z|CpeAiAssistantController.normalizeProductName(String)
07:39:50.575 (3579272868)|VARIABLE_SCOPE_BEGIN|[274]|normKey|String|false|false
07:39:50.575 (3579283780)|VARIABLE_ASSIGNMENT|[274]|normKey|"TV + Receiver"
07:39:50.575 (3579309069)|HEAP_ALLOCATE|[276]|Bytes:17
07:39:50.575 (3579370761)|STATEMENT_EXECUTE|[276]
07:39:50.575 (3579373881)|STATEMENT_EXECUTE|[277]
07:39:50.575 (3579432532)|VARIABLE_SCOPE_BEGIN|[277]|qty|Integer|false|false
07:39:50.575 (3579448671)|VARIABLE_ASSIGNMENT|[277]|qty|1
07:39:50.575 (3579475893)|STATEMENT_EXECUTE|[279]
07:39:50.575 (3579478832)|STATEMENT_EXECUTE|[280]
07:39:50.575 (3579482563)|VARIABLE_SCOPE_BEGIN|[280]|current|Integer|false|false
07:39:50.575 (3579489952)|HEAP_ALLOCATE|[280]|Bytes:4
07:39:50.575 (3579498533)|VARIABLE_ASSIGNMENT|[280]|current|0
07:39:50.575 (3579542874)|STATEMENT_EXECUTE|[281]
07:39:50.575 (3579545844)|STATEMENT_EXECUTE|[282]
07:39:50.575 (3579582315)|VARIABLE_ASSIGNMENT|[282]|current|1
07:39:50.575 (3579589055)|STATEMENT_EXECUTE|[284]
07:39:50.575 (3579621116)|VARIABLE_SCOPE_BEGIN|[284]|max|Integer|false|false
07:39:50.575 (3579632426)|VARIABLE_ASSIGNMENT|[284]|max|18
07:39:50.575 (3579637566)|STATEMENT_EXECUTE|[285]
07:39:50.575 (3579668666)|VARIABLE_SCOPE_BEGIN|[285]|min|Integer|false|false
07:39:50.575 (3579679747)|VARIABLE_ASSIGNMENT|[285]|min|0
07:39:50.575 (3579715307)|STATEMENT_EXECUTE|[287]
07:39:50.575 (3579719537)|STATEMENT_EXECUTE|[295]
07:39:50.575 (3579722227)|STATEMENT_EXECUTE|[307]
07:39:50.575 (3579771048)|HEAP_ALLOCATE|[EXTERNAL]|Bytes:-4
07:39:50.575 (3579790439)|STATEMENT_EXECUTE|[309]
07:39:50.575 (3579803779)|HEAP_ALLOCATE|[273]|Bytes:5
07:39:50.575 (3579845640)|VARIABLE_SCOPE_BEGIN|[273]|key|String|false|false
07:39:50.575 (3579857810)|VARIABLE_ASSIGNMENT|[273]|key|"Modem"
07:39:50.575 (3579863390)|STATEMENT_EXECUTE|[273]
07:39:50.575 (3579866260)|STATEMENT_EXECUTE|[274]
07:39:50.575 (3579871730)|METHOD_ENTRY|[274]|01pdL00000Up09Z|CpeAiAssistantController.normalizeProductName(String)
07:39:50.575 (3579877790)|VARIABLE_SCOPE_BEGIN|[252]|rawName|String|false|false
07:39:50.575 (3579887610)|VARIABLE_ASSIGNMENT|[252]|rawName|"Modem"
07:39:50.575 (3579897040)|HEAP_ALLOCATE|[253]|Bytes:5
07:39:50.575 (3579902401)|STATEMENT_EXECUTE|[252]
07:39:50.575 (3579921341)|STATEMENT_EXECUTE|[253]
07:39:50.575 (3579924521)|STATEMENT_EXECUTE|[254]
07:39:50.575 (3579934321)|HEAP_ALLOCATE|[254]|Bytes:5
07:39:50.575 (3579945711)|VARIABLE_SCOPE_BEGIN|[254]|lower|String|false|false
07:39:50.575 (3579956612)|VARIABLE_ASSIGNMENT|[254]|lower|"modem"
07:39:50.575 (3579996692)|STATEMENT_EXECUTE|[255]
07:39:50.575 (3580055483)|STATEMENT_EXECUTE|[256]
07:39:50.575 (3580070134)|STATEMENT_EXECUTE|[257]
07:39:50.575 (3580077534)|METHOD_EXIT|[274]|01pdL00000Up09Z|CpeAiAssistantController.normalizeProductName(String)
07:39:50.575 (3580084814)|VARIABLE_SCOPE_BEGIN|[274]|normKey|String|false|false
07:39:50.575 (3580095654)|VARIABLE_ASSIGNMENT|[274]|normKey|"Modem"
07:39:50.575 (3580147685)|HEAP_ALLOCATE|[315]|Bytes:16
07:39:50.575 (3580243417)|STATEMENT_EXECUTE|[315]
07:39:50.575 (3580246817)|STATEMENT_EXECUTE|[317]
07:39:50.575 (3580276007)|HEAP_ALLOCATE|[EXTERNAL]|Bytes:-4
07:39:50.575 (3580285247)|STATEMENT_EXECUTE|[318]
07:39:50.575 (3580290107)|VARIABLE_SCOPE_BEGIN|[318]|currentStr|String|false|false
07:39:50.575 (3580301658)|VARIABLE_ASSIGNMENT|[318]|currentStr|""
07:39:50.575 (3580354409)|STATEMENT_EXECUTE|[319]
07:39:50.575 (3580357919)|STATEMENT_EXECUTE|[320]
07:39:50.575 (3580393819)|VARIABLE_ASSIGNMENT|[320]|currentStr|"Wi-Fi"
07:39:50.575 (3580426770)|HEAP_ALLOCATE|[322]|Bytes:5
07:39:50.575 (3580523792)|STATEMENT_EXECUTE|[322]
07:39:50.575 (3580536342)|HEAP_ALLOCATE|[273]|Bytes:5
07:39:50.575 (3580550572)|VARIABLE_SCOPE_BEGIN|[273]|key|String|false|false
07:39:50.575 (3580563542)|VARIABLE_ASSIGNMENT|[273]|key|"Wi-Fi Access Point"
07:39:50.575 (3580568872)|STATEMENT_EXECUTE|[273]
07:39:50.575 (3580571673)|STATEMENT_EXECUTE|[274]
07:39:50.575 (3580576783)|METHOD_ENTRY|[274]|01pdL00000Up09Z|CpeAiAssistantController.normalizeProductName(String)
07:39:50.575 (3580582833)|VARIABLE_SCOPE_BEGIN|[252]|rawName|String|false|false
07:39:50.575 (3580592753)|VARIABLE_ASSIGNMENT|[252]|rawName|"Wi-Fi Access Point"
07:39:50.575 (3580601853)|HEAP_ALLOCATE|[253]|Bytes:5
07:39:50.575 (3580606993)|STATEMENT_EXECUTE|[252]
07:39:50.575 (3580624333)|STATEMENT_EXECUTE|[253]
07:39:50.575 (3580627194)|STATEMENT_EXECUTE|[254]
07:39:50.575 (3580636504)|HEAP_ALLOCATE|[254]|Bytes:18
07:39:50.575 (3580647784)|VARIABLE_SCOPE_BEGIN|[254]|lower|String|false|false
07:39:50.575 (3580659134)|VARIABLE_ASSIGNMENT|[254]|lower|"wi-fi access point"
07:39:50.575 (3580688935)|STATEMENT_EXECUTE|[255]
07:39:50.575 (3580704215)|STATEMENT_EXECUTE|[256]
07:39:50.575 (3580710946)|METHOD_EXIT|[274]|01pdL00000Up09Z|CpeAiAssistantController.normalizeProductName(String)
07:39:50.575 (3580717605)|VARIABLE_SCOPE_BEGIN|[274]|normKey|String|false|false
07:39:50.575 (3580728645)|VARIABLE_ASSIGNMENT|[274]|normKey|"Wi-Fi Access Point"
07:39:50.575 (3580752956)|STATEMENT_EXECUTE|[276]
07:39:50.575 (3580755876)|STATEMENT_EXECUTE|[277]
07:39:50.575 (3580767356)|VARIABLE_SCOPE_BEGIN|[277]|qty|Integer|false|false
07:39:50.575 (3580778867)|VARIABLE_ASSIGNMENT|[277]|qty|2
07:39:50.575 (3580792136)|STATEMENT_EXECUTE|[279]
07:39:50.575 (3580795117)|STATEMENT_EXECUTE|[280]
07:39:50.575 (3580798727)|VARIABLE_SCOPE_BEGIN|[280]|current|Integer|false|false
07:39:50.575 (3580805868)|HEAP_ALLOCATE|[280]|Bytes:4
07:39:50.575 (3580854638)|VARIABLE_ASSIGNMENT|[280]|current|0
07:39:50.575 (3581156743)|STATEMENT_EXECUTE|[281]
07:39:50.575 (3581160354)|STATEMENT_EXECUTE|[282]
07:39:50.575 (3581188304)|VARIABLE_ASSIGNMENT|[282]|current|1
07:39:50.575 (3581195405)|STATEMENT_EXECUTE|[284]
07:39:50.575 (3581216995)|VARIABLE_SCOPE_BEGIN|[284]|max|Integer|false|false
07:39:50.575 (3581228694)|VARIABLE_ASSIGNMENT|[284]|max|11
07:39:50.575 (3581233555)|STATEMENT_EXECUTE|[285]
07:39:50.575 (3581255326)|VARIABLE_SCOPE_BEGIN|[285]|min|Integer|false|false
07:39:50.575 (3581266105)|VARIABLE_ASSIGNMENT|[285]|min|1
07:39:50.575 (3581273676)|STATEMENT_EXECUTE|[287]
07:39:50.575 (3581277425)|STATEMENT_EXECUTE|[295]
07:39:50.575 (3581280046)|STATEMENT_EXECUTE|[296]
07:39:50.575 (3581290975)|VARIABLE_SCOPE_BEGIN|[296]|required|Integer|false|false
07:39:50.575 (3581298207)|HEAP_ALLOCATE|[296]|Bytes:4
07:39:50.575 (3581342367)|VARIABLE_ASSIGNMENT|[296]|required|1
07:39:50.575 (3581348546)|STATEMENT_EXECUTE|[297]
07:39:50.575 (3581415999)|HEAP_ALLOCATE|[297]|Bytes:10
07:39:50.575 (3581424108)|VARIABLE_SCOPE_BEGIN|[297]|prodCode|String|false|false
07:39:50.575 (3581436778)|VARIABLE_ASSIGNMENT|[297]|prodCode|"WIFI-AP-02"
07:39:50.575 (3581442538)|STATEMENT_EXECUTE|[298]
07:39:50.575 (3581445588)|STATEMENT_EXECUTE|[299]
07:39:50.575 (3581466269)|METHOD_ENTRY|[299]|01pdL00000Up09Z|CpeAiAssistantController.getVanStock(String)
07:39:50.575 (3581484490)|VARIABLE_SCOPE_BEGIN|[396]|productCode|String|false|false
07:39:50.575 (3581495330)|VARIABLE_ASSIGNMENT|[396]|productCode|"WIFI-AP-02"
07:39:50.575 (3581507240)|HEAP_ALLOCATE|[397]|Bytes:5
07:39:50.575 (3581512520)|STATEMENT_EXECUTE|[396]
07:39:50.575 (3581515229)|STATEMENT_EXECUTE|[397]
07:39:50.575 (3581517899)|STATEMENT_EXECUTE|[397]
07:39:50.575 (3581520579)|STATEMENT_EXECUTE|[398]
07:39:50.575 (3581528841)|METHOD_ENTRY|[398]|01pdL00000Up09Z|CpeAiAssistantController.getMyServiceResource()
07:39:50.575 (3581702174)|HEAP_ALLOCATE|[529]|Bytes:5
07:39:50.575 (3581709534)|STATEMENT_EXECUTE|[528]
07:39:50.575 (3581712633)|STATEMENT_EXECUTE|[529]
07:39:50.575 (3581716384)|HEAP_ALLOCATE|[529]|Bytes:163
07:39:50.575 (3581728014)|HEAP_ALLOCATE|[529]|Bytes:4
07:39:50.575 (3581735764)|HEAP_ALLOCATE|[529]|Bytes:7
07:39:50.575 (3581792775)|HEAP_ALLOCATE|[532]|Bytes:105
07:39:50.575 (3581851846)|SYSTEM_METHOD_ENTRY|[1]|UserInfo.UserInfo()
07:39:50.575 (3581860207)|STATEMENT_EXECUTE|[1]
07:39:50.575 (3581888447)|SYSTEM_METHOD_EXIT|[1]|UserInfo
07:39:50.575 (3581899537)|METHOD_ENTRY|[532]||System.UserInfo.getUserId()
07:39:50.575 (3581952408)|METHOD_EXIT|[532]||System.UserInfo.getUserId()
07:39:50.575 (3585242288)|SOQL_EXECUTE_BEGIN|[529]|Aggregations:0|SELECT Id, LocationId, LastKnownLocation, LastKnownLatitude, LastKnownLongitude FROM ServiceResource WHERE (RelatedRecordId = :tmpVar1 AND IsActive = TRUE) LIMIT 1
07:39:50.575 (3596266370)|SOQL_EXECUTE_END|[529]|Rows:1
07:39:50.575 (3596342001)|HEAP_ALLOCATE|[529]|Bytes:8
07:39:50.575 (3596406862)|HEAP_ALLOCATE|[529]|Bytes:201
07:39:50.575 (3596520814)|HEAP_ALLOCATE|[529]|Bytes:8
07:39:50.575 (3596545725)|VARIABLE_SCOPE_BEGIN|[529]|srs|List<ServiceResource>|true|false
07:39:50.575 (3596893562)|VARIABLE_ASSIGNMENT|[529]|srs|[{"LocationId":"131dL000000OKGvQAO","Id":"0HndL000000MjRVSA0","LastKnownLocation":{"latitude":0.0,"longitude":0.0},"LastKnownLatitude":0E-15,"LastKnownLongitude":0E-15}]|0xb8a0a5b
07:39:50.575 (3596915331)|STATEMENT_EXECUTE|[535]
07:39:50.575 (3597059374)|HEAP_ALLOCATE|[535]|Bytes:24
07:39:50.575 (3597083775)|METHOD_EXIT|[398]|01pdL00000Up09Z|CpeAiAssistantController.getMyServiceResource()
07:39:50.575 (3597093375)|VARIABLE_SCOPE_BEGIN|[398]|sr|ServiceResource|true|false
07:39:50.575 (3597158836)|VARIABLE_ASSIGNMENT|[398]|sr|{"LocationId":"131dL000000OKGvQAO","Id":"0HndL000000MjRVSA0","LastKnownLocation":{"latitude":0.0,"longitude":0.0},"LastKnownLatitude":0E-15,"LastKnownLongitude":0E-15}|0x79f7c0c
07:39:50.575 (3597351719)|STATEMENT_EXECUTE|[399]
07:39:50.575 (3597355719)|STATEMENT_EXECUTE|[401]
07:39:50.575 (3597362189)|HEAP_ALLOCATE|[401]|Bytes:112
07:39:50.575 (3597385621)|HEAP_ALLOCATE|[401]|Bytes:4
07:39:50.575 (3597412030)|HEAP_ALLOCATE|[401]|Bytes:7
07:39:50.575 (3600108569)|SOQL_EXECUTE_BEGIN|[401]|Aggregations:0|SELECT QuantityOnHand FROM ProductItem WHERE (LocationId = :tmpVar1 AND Product2.ProductCode = :tmpVar2) LIMIT 1
07:39:50.575 (3618280222)|SOQL_EXECUTE_END|[401]|Rows:0
07:39:50.575 (3618317502)|HEAP_ALLOCATE|[401]|Bytes:4
07:39:50.575 (3618339564)|HEAP_ALLOCATE|[401]|Bytes:0
07:39:50.575 (3618448596)|HEAP_ALLOCATE|[401]|Bytes:4
07:39:50.575 (3618471196)|VARIABLE_SCOPE_BEGIN|[401]|items|List<ProductItem>|true|false
07:39:50.575 (3618494176)|VARIABLE_ASSIGNMENT|[401]|items|[]|0x276bc7f8
07:39:50.575 (3618500256)|STATEMENT_EXECUTE|[407]
07:39:50.575 (3618588187)|HEAP_ALLOCATE|[407]|Bytes:4
07:39:50.575 (3618621708)|METHOD_EXIT|[299]|01pdL00000Up09Z|CpeAiAssistantController.getVanStock(String)
07:39:50.575 (3618629399)|VARIABLE_SCOPE_BEGIN|[299]|vanStock|Integer|false|false
07:39:50.575 (3618634719)|HEAP_ALLOCATE|[299]|Bytes:4
07:39:50.575 (3618645988)|VARIABLE_ASSIGNMENT|[299]|vanStock|0
07:39:50.575 (3618653978)|STATEMENT_EXECUTE|[300]
07:39:50.575 (3618656338)|STATEMENT_EXECUTE|[301]
07:39:50.575 (3618667490)|HEAP_ALLOCATE|[301]|Bytes:4
07:39:50.575 (3618673760)|VARIABLE_ASSIGNMENT|[301]|qty|1
07:39:50.575 (3618678360)|STATEMENT_EXECUTE|[302]
07:39:50.575 (3618686490)|HEAP_ALLOCATE|[302]|Bytes:7
07:39:50.575 (3618690859)|HEAP_ALLOCATE|[302]|Bytes:14
07:39:50.575 (3618731881)|HEAP_ALLOCATE|[302]|Bytes:1
07:39:50.575 (3618742361)|HEAP_ALLOCATE|[302]|Bytes:1
07:39:50.575 (3618746870)|HEAP_ALLOCATE|[302]|Bytes:77
07:39:50.575 (3618772311)|HEAP_ALLOCATE|[302]|Bytes:111
07:39:50.575 (3618792052)|HEAP_ALLOCATE|[EXTERNAL]|Bytes:-4
07:39:50.575 (3618800162)|STATEMENT_EXECUTE|[307]
07:39:50.575 (3618806462)|HEAP_ALLOCATE|[307]|Bytes:4
07:39:50.575 (3618827013)|HEAP_ALLOCATE|[EXTERNAL]|Bytes:-4
07:39:50.575 (3618834832)|STATEMENT_EXECUTE|[309]
07:39:50.575 (3618858483)|HEAP_ALLOCATE|[273]|Bytes:5
07:39:50.575 (3618871632)|VARIABLE_ASSIGNMENT|[273]|key|null
07:39:50.575 (3618920073)|HEAP_ALLOCATE|[329]|Bytes:52
07:39:50.575 (3618951125)|HEAP_ALLOCATE|[329]|Bytes:5
07:39:50.575 (3618964645)|VARIABLE_SCOPE_BEGIN|[329]|ruleKey|String|false|false
07:39:50.575 (3618977225)|VARIABLE_ASSIGNMENT|[329]|ruleKey|"TV + Receiver"
07:39:50.575 (3618981585)|STATEMENT_EXECUTE|[329]
07:39:50.575 (3619004406)|STATEMENT_EXECUTE|[330]
07:39:50.575 (3619013075)|HEAP_ALLOCATE|[329]|Bytes:5
07:39:50.575 (3619023306)|VARIABLE_SCOPE_BEGIN|[329]|ruleKey|String|false|false
07:39:50.575 (3619031656)|VARIABLE_ASSIGNMENT|[329]|ruleKey|"Modem"
07:39:50.575 (3619035235)|STATEMENT_EXECUTE|[329]
07:39:50.575 (3619043816)|STATEMENT_EXECUTE|[330]
07:39:50.575 (3619050547)|HEAP_ALLOCATE|[329]|Bytes:5
07:39:50.575 (3619059036)|VARIABLE_SCOPE_BEGIN|[329]|ruleKey|String|false|false
07:39:50.575 (3619067657)|VARIABLE_ASSIGNMENT|[329]|ruleKey|"Wi-Fi Access Point"
07:39:50.575 (3619071097)|STATEMENT_EXECUTE|[329]
07:39:50.575 (3619080067)|STATEMENT_EXECUTE|[330]
07:39:50.575 (3619086417)|HEAP_ALLOCATE|[329]|Bytes:5
07:39:50.575 (3619096247)|VARIABLE_ASSIGNMENT|[329]|ruleKey|null
07:39:50.575 (3619100636)|STATEMENT_EXECUTE|[335]
07:39:50.575 (3619118658)|HEAP_ALLOCATE|[EXTERNAL]|Bytes:-4
07:39:50.575 (3619125197)|STATEMENT_EXECUTE|[338]
07:39:50.575 (3619141508)|HEAP_ALLOCATE|[338]|Bytes:4
07:39:50.575 (3619167158)|VARIABLE_SCOPE_BEGIN|[338]|stateChanges|List<Map<String,ANY>>|true|false
07:39:50.575 (3619193678)|HEAP_ALLOCATE|[EXTERNAL]|Bytes:4
07:39:50.575 (3619204049)|VARIABLE_ASSIGNMENT|[338]|stateChanges|[]|0x15d9285a
07:39:50.575 (3619227850)|HEAP_ALLOCATE|[339]|Bytes:52
07:39:50.575 (3619249279)|HEAP_ALLOCATE|[339]|Bytes:5
07:39:50.575 (3619259740)|VARIABLE_SCOPE_BEGIN|[339]|key|String|false|false
07:39:50.575 (3619269410)|VARIABLE_ASSIGNMENT|[339]|key|"TV + Receiver"
07:39:50.575 (3619273301)|STATEMENT_EXECUTE|[339]
07:39:50.575 (3619290151)|STATEMENT_EXECUTE|[340]
07:39:50.575 (3619292301)|STATEMENT_EXECUTE|[341]
07:39:50.575 (3619312731)|VARIABLE_SCOPE_BEGIN|[341]|newVal|Object|false|false
07:39:50.575 (3619324431)|VARIABLE_ASSIGNMENT|[341]|newVal|1
07:39:50.575 (3619328311)|STATEMENT_EXECUTE|[342]
07:39:50.575 (3619360052)|VARIABLE_SCOPE_BEGIN|[342]|curVal|Object|false|false
07:39:50.575 (3619370832)|VARIABLE_ASSIGNMENT|[342]|curVal|1
07:39:50.575 (3619472604)|STATEMENT_EXECUTE|[344]
07:39:50.575 (3619482624)|HEAP_ALLOCATE|[339]|Bytes:5
07:39:50.575 (3619494674)|VARIABLE_SCOPE_BEGIN|[339]|key|String|false|false
07:39:50.575 (3619504165)|VARIABLE_ASSIGNMENT|[339]|key|"Modem"
07:39:50.575 (3619507755)|STATEMENT_EXECUTE|[339]
07:39:50.575 (3619516465)|STATEMENT_EXECUTE|[340]
07:39:50.575 (3619518525)|STATEMENT_EXECUTE|[341]
07:39:50.575 (3619529895)|VARIABLE_SCOPE_BEGIN|[341]|newVal|Object|false|false
07:39:50.575 (3619539775)|VARIABLE_ASSIGNMENT|[341]|newVal|"Wi-Fi"
07:39:50.575 (3619543455)|STATEMENT_EXECUTE|[342]
07:39:50.575 (3619564796)|VARIABLE_SCOPE_BEGIN|[342]|curVal|Object|false|false
07:39:50.575 (3619574646)|VARIABLE_ASSIGNMENT|[342]|curVal|"Wi-Fi"
07:39:50.575 (3619589076)|STATEMENT_EXECUTE|[344]
07:39:50.575 (3619596426)|HEAP_ALLOCATE|[339]|Bytes:5
07:39:50.575 (3619605846)|VARIABLE_SCOPE_BEGIN|[339]|key|String|false|false
07:39:50.575 (3619613767)|VARIABLE_ASSIGNMENT|[339]|key|"Wi-Fi Access Point"
07:39:50.575 (3619617457)|STATEMENT_EXECUTE|[339]
07:39:50.575 (3619626697)|STATEMENT_EXECUTE|[340]
07:39:50.575 (3619628847)|STATEMENT_EXECUTE|[341]
07:39:50.575 (3619639697)|VARIABLE_SCOPE_BEGIN|[341]|newVal|Object|false|false
07:39:50.575 (3619650757)|VARIABLE_ASSIGNMENT|[341]|newVal|1
07:39:50.575 (3619654537)|STATEMENT_EXECUTE|[342]
07:39:50.575 (3619674578)|VARIABLE_SCOPE_BEGIN|[342]|curVal|Object|false|false
07:39:50.575 (3619684428)|VARIABLE_ASSIGNMENT|[342]|curVal|1
07:39:50.575 (3619698388)|STATEMENT_EXECUTE|[344]
07:39:50.575 (3619705808)|HEAP_ALLOCATE|[339]|Bytes:5
07:39:50.575 (3619717688)|VARIABLE_ASSIGNMENT|[339]|key|null
07:39:50.575 (3619722009)|STATEMENT_EXECUTE|[374]
07:39:50.575 (3619724939)|HEAP_ALLOCATE|[374]|Bytes:12
07:39:50.575 (3619750269)|HEAP_ALLOCATE|[EXTERNAL]|Bytes:-4
07:39:50.575 (3619779270)|STATEMENT_EXECUTE|[375]
07:39:50.575 (3619782850)|STATEMENT_EXECUTE|[380]
07:39:50.575 (3619786820)|STATEMENT_EXECUTE|[393]
07:39:50.575 (3619796980)|METHOD_EXIT|[142]|01pdL00000Up09Z|CpeAiAssistantController.parseAndValidateAgentResponse(String, Map<String,Map<String,ANY>>)
07:39:50.575 (3619802620)|VARIABLE_SCOPE_BEGIN|[142]|validatedResponse|Map<String,ANY>|true|false
07:39:50.575 (3619871521)|VARIABLE_ASSIGNMENT|[142]|validatedResponse|{"message":"You only have 0 Wi-F (91 more) ...","newState":{"TV + Receiver":1,"Modem":"Wi-Fi","Wi-Fi Access Point":1},"stateChanges":[]}|0x2f42ebe3
07:39:50.575 (3619877871)|STATEMENT_EXECUTE|[144]
07:39:50.575 (3619887581)|METHOD_ENTRY|[144]||System.JSON.serialize(Object)
07:39:50.575 (3620717117)|METHOD_EXIT|[144]||System.JSON.serialize(Object)
07:39:50.620 (3620850080)|CUMULATIVE_LIMIT_USAGE
07:39:50.620 (3620850080)|LIMIT_USAGE_FOR_NS|(default)|
  Number of SOQL queries: 2 out of 100
  Number of query rows: 1 out of 50000
  Number of SOSL queries: 0 out of 20
  Number of DML statements: 0 out of 150
  Number of Publish Immediate DML: 0 out of 150
  Number of DML rows: 0 out of 10000
  Maximum CPU time: 706 out of 10000
  Maximum heap size: 0 out of 6000000
  Number of callouts: 0 out of 100
  Number of Email Invocations: 0 out of 10
  Number of future calls: 0 out of 50
  Number of queueable jobs added to the queue: 0 out of 50
  Number of Mobile Apex push calls: 0 out of 10

07:39:50.620 (3620850080)|CUMULATIVE_LIMIT_USAGE_END

07:39:50.575 (3620953661)|CODE_UNIT_FINISHED|CpeAiAssistantController.sendMessageToAgent(String, String, String, String)
07:39:50.575 (3621260596)|CODE_UNIT_FINISHED|apex://CpeAiAssistantController/ACTION$sendMessageToAgent
07:39:50.575 (3621274807)|EXECUTION_FINISHED
