66.0 APEX_CODE,FINEST;APEX_PROFILING,INFO;CALLOUT,INFO;DATA_ACCESS,INFO;DB,INFO;NBA,INFO;SYSTEM,DEBUG;VALIDATION,INFO;VISUALFORCE,INFO;WAVE,INFO;WORKFLOW,INFO
07:45:00.5 (5674310)|USER_INFO|[EXTERNAL]|005dL00001kiJYb|abhijithshaibinu001.b869139f1496@agentforce.com|(GMT-07:00) Pacific Daylight Time (America/Los_Angeles)|GMT-07:00
07:45:00.5 (5746291)|EXECUTION_STARTED
07:45:00.5 (5777682)|CODE_UNIT_STARTED|[EXTERNAL]|apex://CpeAiAssistantController/ACTION$sendMessageToAgent
07:45:00.5 (8930839)|CODE_UNIT_STARTED|[EXTERNAL]|01pdL00000Up09Z|CpeAiAssistantController.sendMessageToAgent(String, String, String, String)
07:45:00.5 (9371018)|HEAP_ALLOCATE|[95]|Bytes:3
07:45:00.5 (9510101)|HEAP_ALLOCATE|[100]|Bytes:152
07:45:00.5 (9529471)|HEAP_ALLOCATE|[417]|Bytes:408
07:45:00.5 (9544051)|HEAP_ALLOCATE|[430]|Bytes:408
07:45:00.5 (9571912)|HEAP_ALLOCATE|[317]|Bytes:6
07:45:00.5 (9593282)|HEAP_ALLOCATE|[EXTERNAL]|Bytes:44
07:45:00.5 (9601533)|HEAP_ALLOCATE|[EXTERNAL]|Bytes:6
07:45:00.5 (9630863)|METHOD_ENTRY|[1]|01pdL00000Up09Z|CpeAiAssistantController.CpeAiAssistantController()
07:45:00.5 (9650564)|STATEMENT_EXECUTE|[1]
07:45:00.5 (9661224)|STATEMENT_EXECUTE|[1]
07:45:00.5 (9681184)|HEAP_ALLOCATE|[68]|Bytes:5
07:45:00.5 (9726655)|HEAP_ALLOCATE|[74]|Bytes:5
07:45:00.5 (9736516)|HEAP_ALLOCATE|[82]|Bytes:7
07:45:00.5 (9764066)|HEAP_ALLOCATE|[EXTERNAL]|Bytes:5
07:45:00.5 (9784826)|METHOD_EXIT|[1]|CpeAiAssistantController
07:45:00.5 (9789946)|HEAP_ALLOCATE|[EXTERNAL]|Bytes:18
07:45:00.5 (9793057)|HEAP_ALLOCATE|[EXTERNAL]|Bytes:734
07:45:00.5 (9795927)|HEAP_ALLOCATE|[EXTERNAL]|Bytes:58
07:45:00.5 (9798707)|HEAP_ALLOCATE|[EXTERNAL]|Bytes:79
07:45:00.5 (9817137)|VARIABLE_SCOPE_BEGIN|[71]|userMessage|String|false|false
07:45:00.5 (9904019)|VARIABLE_ASSIGNMENT|[71]|userMessage|"Add 3 TV Receivers"
07:45:00.5 (9910419)|VARIABLE_SCOPE_BEGIN|[71]|cpeItemsJson|String|false|false
07:45:00.5 (9919969)|VARIABLE_ASSIGNMENT|[71]|cpeItemsJson|"{\n  \"CpeItems\": [\n   (714 more) ..."
07:45:00.5 (9923720)|VARIABLE_SCOPE_BEGIN|[71]|currentCartJson|String|false|false
07:45:00.5 (9931139)|VARIABLE_ASSIGNMENT|[71]|currentCartJson|"{\"TV + Receiver\":1,\" (38 more) ..."
07:45:00.5 (9934539)|VARIABLE_SCOPE_BEGIN|[71]|chatHistory|String|false|false
07:45:00.5 (9941220)|VARIABLE_ASSIGNMENT|[71]|chatHistory|"Technician: Add Rece (59 more) ..."
07:45:00.5 (9953950)|HEAP_ALLOCATE|[72]|Bytes:5
07:45:00.5 (9959580)|STATEMENT_EXECUTE|[71]
07:45:00.5 (9961881)|STATEMENT_EXECUTE|[72]
07:45:00.5 (9963820)|STATEMENT_EXECUTE|[72]
07:45:00.5 (9966170)|STATEMENT_EXECUTE|[74]
07:45:00.5 (9993151)|METHOD_ENTRY|[74]|01pdL00000Up09Z|CpeAiAssistantController.buildRulePayload(String, String)
07:45:00.5 (10017381)|VARIABLE_SCOPE_BEGIN|[156]|cpeItemsJson|String|false|false
07:45:00.5 (10027071)|VARIABLE_ASSIGNMENT|[156]|cpeItemsJson|"{\n  \"CpeItems\": [\n   (714 more) ..."
07:45:00.5 (10030771)|VARIABLE_SCOPE_BEGIN|[156]|currentCartJson|String|false|false
07:45:00.5 (10037612)|VARIABLE_ASSIGNMENT|[156]|currentCartJson|"{\"TV + Receiver\":1,\" (38 more) ..."
07:45:00.5 (10045892)|HEAP_ALLOCATE|[157]|Bytes:5
07:45:00.5 (10050702)|STATEMENT_EXECUTE|[156]
07:45:00.5 (10052923)|STATEMENT_EXECUTE|[157]
07:45:00.5 (10070382)|HEAP_ALLOCATE|[157]|Bytes:4
07:45:00.5 (10085103)|VARIABLE_SCOPE_BEGIN|[157]|rules|Map<String,Map<String,ANY>>|true|false
07:45:00.5 (10117313)|VARIABLE_ASSIGNMENT|[157]|rules|{}|0x50b4a97e
07:45:00.5 (10122383)|STATEMENT_EXECUTE|[158]
07:45:00.5 (10126053)|HEAP_ALLOCATE|[158]|Bytes:13
07:45:00.5 (10134584)|HEAP_ALLOCATE|[158]|Bytes:4
07:45:00.5 (10142375)|HEAP_ALLOCATE|[158]|Bytes:7
07:45:00.5 (10242447)|HEAP_ALLOCATE|[158]|Bytes:4
07:45:00.5 (10320188)|HEAP_ALLOCATE|[158]|Bytes:3
07:45:00.5 (10330969)|HEAP_ALLOCATE|[158]|Bytes:4
07:45:00.5 (10341489)|HEAP_ALLOCATE|[158]|Bytes:3
07:45:00.5 (10350398)|HEAP_ALLOCATE|[158]|Bytes:4
07:45:00.5 (10379450)|HEAP_ALLOCATE|[EXTERNAL]|Bytes:-4
07:45:00.5 (10387210)|STATEMENT_EXECUTE|[159]
07:45:00.5 (10390519)|HEAP_ALLOCATE|[159]|Bytes:5
07:45:00.5 (10398989)|HEAP_ALLOCATE|[159]|Bytes:4
07:45:00.5 (10405909)|HEAP_ALLOCATE|[159]|Bytes:5
07:45:00.5 (10437251)|HEAP_ALLOCATE|[159]|Bytes:4
07:45:00.5 (10452910)|HEAP_ALLOCATE|[159]|Bytes:4
07:45:00.5 (10467121)|HEAP_ALLOCATE|[EXTERNAL]|Bytes:-4
07:45:00.5 (10474111)|STATEMENT_EXECUTE|[160]
07:45:00.5 (10477342)|HEAP_ALLOCATE|[160]|Bytes:18
07:45:00.5 (10485262)|HEAP_ALLOCATE|[160]|Bytes:4
07:45:00.5 (10504831)|HEAP_ALLOCATE|[160]|Bytes:4
07:45:00.5 (10521023)|HEAP_ALLOCATE|[160]|Bytes:4
07:45:00.5 (10534312)|HEAP_ALLOCATE|[160]|Bytes:4
07:45:00.5 (10548093)|HEAP_ALLOCATE|[EXTERNAL]|Bytes:-4
07:45:00.5 (10617455)|STATEMENT_EXECUTE|[162]
07:45:00.5 (10619844)|STATEMENT_EXECUTE|[163]
07:45:00.5 (10621804)|STATEMENT_EXECUTE|[163]
07:45:00.5 (10623834)|STATEMENT_EXECUTE|[164]
07:45:00.5 (10659036)|HEAP_ALLOCATE|[164]|Bytes:24
07:45:00.5 (10670285)|SYSTEM_METHOD_ENTRY|[1]|JSON.JSON()
07:45:00.5 (10673896)|STATEMENT_EXECUTE|[1]
07:45:00.5 (10683696)|SYSTEM_METHOD_EXIT|[1]|JSON
07:45:00.5 (10692136)|METHOD_ENTRY|[164]||System.JSON.deserializeUntyped(String)
07:45:00.5 (13605307)|METHOD_EXIT|[164]||System.JSON.deserializeUntyped(String)
07:45:00.5 (13626438)|VARIABLE_SCOPE_BEGIN|[164]|currentCart|Map<String,ANY>|true|false
07:45:00.5 (13659699)|VARIABLE_ASSIGNMENT|[164]|currentCart|{"TV + Receiver":1,"Modem":"Wired","Wi-Fi Access Point":1}|0x30253cd9
07:45:00.5 (13795422)|HEAP_ALLOCATE|[165]|Bytes:52
07:45:00.5 (13921685)|HEAP_ALLOCATE|[165]|Bytes:5
07:45:00.5 (13955285)|VARIABLE_SCOPE_BEGIN|[165]|key|String|false|false
07:45:00.5 (13966695)|VARIABLE_ASSIGNMENT|[165]|key|"TV + Receiver"
07:45:00.5 (13975926)|STATEMENT_EXECUTE|[165]
07:45:00.5 (13979186)|STATEMENT_EXECUTE|[166]
07:45:00.5 (13990526)|METHOD_ENTRY|[166]|01pdL00000Up09Z|CpeAiAssistantController.normalizeProductName(String)
07:45:00.5 (14003156)|VARIABLE_SCOPE_BEGIN|[252]|rawName|String|false|false
07:45:00.5 (14011466)|VARIABLE_ASSIGNMENT|[252]|rawName|"TV + Receiver"
07:45:00.5 (14022587)|HEAP_ALLOCATE|[253]|Bytes:5
07:45:00.5 (14027567)|STATEMENT_EXECUTE|[252]
07:45:00.5 (14064877)|STATEMENT_EXECUTE|[253]
07:45:00.5 (14067248)|STATEMENT_EXECUTE|[254]
07:45:00.5 (14086428)|HEAP_ALLOCATE|[254]|Bytes:13
07:45:00.5 (14098338)|VARIABLE_SCOPE_BEGIN|[254]|lower|String|false|false
07:45:00.5 (14106998)|VARIABLE_ASSIGNMENT|[254]|lower|"tv + receiver"
07:45:00.5 (14112088)|HEAP_ALLOCATE|[255]|Bytes:2
07:45:00.5 (14147629)|STATEMENT_EXECUTE|[255]
07:45:00.5 (14157609)|METHOD_EXIT|[166]|01pdL00000Up09Z|CpeAiAssistantController.normalizeProductName(String)
07:45:00.5 (14162950)|VARIABLE_SCOPE_BEGIN|[166]|normKey|String|false|false
07:45:00.5 (14170950)|VARIABLE_ASSIGNMENT|[166]|normKey|"TV + Receiver"
07:45:00.5 (14202950)|STATEMENT_EXECUTE|[167]
07:45:00.5 (14205340)|STATEMENT_EXECUTE|[168]
07:45:00.5 (14284682)|HEAP_ALLOCATE|[165]|Bytes:5
07:45:00.5 (14297752)|VARIABLE_SCOPE_BEGIN|[165]|key|String|false|false
07:45:00.5 (14306262)|VARIABLE_ASSIGNMENT|[165]|key|"Modem"
07:45:00.5 (14310213)|STATEMENT_EXECUTE|[165]
07:45:00.5 (14312323)|STATEMENT_EXECUTE|[166]
07:45:00.5 (14316323)|METHOD_ENTRY|[166]|01pdL00000Up09Z|CpeAiAssistantController.normalizeProductName(String)
07:45:00.5 (14321293)|VARIABLE_SCOPE_BEGIN|[252]|rawName|String|false|false
07:45:00.5 (14328373)|VARIABLE_ASSIGNMENT|[252]|rawName|"Modem"
07:45:00.5 (14335933)|HEAP_ALLOCATE|[253]|Bytes:5
07:45:00.5 (14339713)|STATEMENT_EXECUTE|[252]
07:45:00.5 (14354643)|STATEMENT_EXECUTE|[253]
07:45:00.5 (14356704)|STATEMENT_EXECUTE|[254]
07:45:00.5 (14365284)|HEAP_ALLOCATE|[254]|Bytes:5
07:45:00.5 (14374934)|VARIABLE_SCOPE_BEGIN|[254]|lower|String|false|false
07:45:00.5 (14383094)|VARIABLE_ASSIGNMENT|[254]|lower|"modem"
07:45:00.5 (14399044)|HEAP_ALLOCATE|[255]|Bytes:8
07:45:00.5 (14415465)|STATEMENT_EXECUTE|[255]
07:45:00.5 (14418335)|HEAP_ALLOCATE|[256]|Bytes:5
07:45:00.5 (14444145)|HEAP_ALLOCATE|[256]|Bytes:4
07:45:00.5 (14460026)|HEAP_ALLOCATE|[256]|Bytes:2
07:45:00.5 (14475256)|HEAP_ALLOCATE|[256]|Bytes:12
07:45:00.5 (14491216)|HEAP_ALLOCATE|[256]|Bytes:6
07:45:00.5 (14507237)|STATEMENT_EXECUTE|[256]
07:45:00.5 (14510307)|HEAP_ALLOCATE|[257]|Bytes:5
07:45:00.5 (14532077)|STATEMENT_EXECUTE|[257]
07:45:00.5 (14538787)|METHOD_EXIT|[166]|01pdL00000Up09Z|CpeAiAssistantController.normalizeProductName(String)
07:45:00.5 (14545547)|VARIABLE_SCOPE_BEGIN|[166]|normKey|String|false|false
07:45:00.5 (14553238)|VARIABLE_ASSIGNMENT|[166]|normKey|"Modem"
07:45:00.5 (14565848)|STATEMENT_EXECUTE|[167]
07:45:00.5 (14568088)|STATEMENT_EXECUTE|[168]
07:45:00.5 (14603279)|HEAP_ALLOCATE|[165]|Bytes:5
07:45:00.5 (14614719)|VARIABLE_SCOPE_BEGIN|[165]|key|String|false|false
07:45:00.5 (14623429)|VARIABLE_ASSIGNMENT|[165]|key|"Wi-Fi Access Point"
07:45:00.5 (14627129)|STATEMENT_EXECUTE|[165]
07:45:00.5 (14629339)|STATEMENT_EXECUTE|[166]
07:45:00.5 (14633329)|METHOD_ENTRY|[166]|01pdL00000Up09Z|CpeAiAssistantController.normalizeProductName(String)
07:45:00.5 (14638049)|VARIABLE_SCOPE_BEGIN|[252]|rawName|String|false|false
07:45:00.5 (14646760)|VARIABLE_ASSIGNMENT|[252]|rawName|"Wi-Fi Access Point"
07:45:00.5 (14653470)|HEAP_ALLOCATE|[253]|Bytes:5
07:45:00.5 (14657260)|STATEMENT_EXECUTE|[252]
07:45:00.5 (14671590)|STATEMENT_EXECUTE|[253]
07:45:00.5 (14673720)|STATEMENT_EXECUTE|[254]
07:45:00.5 (14682050)|HEAP_ALLOCATE|[254]|Bytes:18
07:45:00.5 (14692681)|VARIABLE_SCOPE_BEGIN|[254]|lower|String|false|false
07:45:00.5 (14701271)|VARIABLE_ASSIGNMENT|[254]|lower|"wi-fi access point"
07:45:00.5 (14726551)|STATEMENT_EXECUTE|[255]
07:45:00.5 (14739511)|STATEMENT_EXECUTE|[256]
07:45:00.5 (14745632)|METHOD_EXIT|[166]|01pdL00000Up09Z|CpeAiAssistantController.normalizeProductName(String)
07:45:00.5 (14750762)|VARIABLE_SCOPE_BEGIN|[166]|normKey|String|false|false
07:45:00.5 (14758482)|VARIABLE_ASSIGNMENT|[166]|normKey|"Wi-Fi Access Point"
07:45:00.5 (14771042)|STATEMENT_EXECUTE|[167]
07:45:00.5 (14773042)|STATEMENT_EXECUTE|[168]
07:45:00.5 (14807083)|HEAP_ALLOCATE|[165]|Bytes:5
07:45:00.5 (14824313)|VARIABLE_ASSIGNMENT|[165]|key|null
07:45:00.5 (14854004)|STATEMENT_EXECUTE|[174]
07:45:00.5 (14856224)|STATEMENT_EXECUTE|[175]
07:45:00.5 (14858174)|STATEMENT_EXECUTE|[175]
07:45:00.5 (14860244)|STATEMENT_EXECUTE|[176]
07:45:00.5 (14865274)|METHOD_ENTRY|[176]||System.JSON.deserializeUntyped(String)
07:45:00.5 (16219522)|METHOD_EXIT|[176]||System.JSON.deserializeUntyped(String)
07:45:00.5 (16236283)|VARIABLE_SCOPE_BEGIN|[176]|itemsMap|Map<String,ANY>|true|false
07:45:00.5 (16274994)|HEAP_ALLOCATE|[EXTERNAL]|Bytes:20
07:45:00.5 (16324535)|VARIABLE_ASSIGNMENT|[176]|itemsMap|{"CpeItems":["Map of size 6 too large to display",{"itemType":"childProduct","maxQuantity":15,"minQuantity":0,"defaultQuantity":0,"ProductCode":"O_RES_TV_PLUS_ADDL_S (2 more) ..."},"Map of size 6 too large to display",{"itemType":"childProduct","maxQuantity":99999,"minQuantity":0,"defaultQuantity":0,"ProductCode":"O_RES_HSI_WIFI_EXTEN (3 more) ..."}]}|0x4dfef9d0
07:45:00.5 (16332845)|STATEMENT_EXECUTE|[177]
07:45:00.5 (16341946)|HEAP_ALLOCATE|[177]|Bytes:4
07:45:00.5 (16408457)|VARIABLE_SCOPE_BEGIN|[177]|items|List<ANY>|true|false
07:45:00.5 (16430838)|HEAP_ALLOCATE|[EXTERNAL]|Bytes:4
07:45:00.5 (16447168)|VARIABLE_ASSIGNMENT|[177]|items|[]|0x5cdc995a
07:45:00.5 (16455788)|HEAP_ALLOCATE|[178]|Bytes:8
07:45:00.5 (16485999)|STATEMENT_EXECUTE|[178]
07:45:00.5 (16488489)|STATEMENT_EXECUTE|[179]
07:45:00.5 (16540330)|VARIABLE_ASSIGNMENT|[179]|items|["Map of size 6 too large to display",{"itemType":"childProduct","maxQuantity":15,"minQuantity":0,"defaultQuantity":0,"ProductCode":"O_RES_TV_PLUS_ADDL_S (2 more) ..."},"Map of size 6 too large to display",{"itemType":"childProduct","maxQuantity":99999,"minQuantity":0,"defaultQuantity":0,"ProductCode":"O_RES_HSI_WIFI_EXTEN (3 more) ..."}]|0x3d3a13ad
07:45:00.5 (16548470)|STATEMENT_EXECUTE|[182]
07:45:00.5 (16563470)|HEAP_ALLOCATE|[182]|Bytes:4
07:45:00.5 (16573311)|VARIABLE_SCOPE_BEGIN|[182]|limits|Map<String,Map<String,Integer>>|true|false
07:45:00.5 (16583451)|VARIABLE_ASSIGNMENT|[182]|limits|{}|0x14b4425a
07:45:00.5 (16588631)|STATEMENT_EXECUTE|[183]
07:45:00.5 (16595151)|HEAP_ALLOCATE|[183]|Bytes:4
07:45:00.5 (16604121)|HEAP_ALLOCATE|[183]|Bytes:6
07:45:00.5 (16627862)|HEAP_ALLOCATE|[183]|Bytes:4
07:45:00.5 (16637912)|HEAP_ALLOCATE|[183]|Bytes:6
07:45:00.5 (16647192)|HEAP_ALLOCATE|[183]|Bytes:4
07:45:00.5 (16659872)|HEAP_ALLOCATE|[183]|Bytes:4
07:45:00.5 (16675133)|HEAP_ALLOCATE|[EXTERNAL]|Bytes:-4
07:45:00.5 (16681613)|STATEMENT_EXECUTE|[184]
07:45:00.5 (16687793)|HEAP_ALLOCATE|[184]|Bytes:4
07:45:00.5 (16707653)|HEAP_ALLOCATE|[184]|Bytes:4
07:45:00.5 (16720024)|HEAP_ALLOCATE|[184]|Bytes:4
07:45:00.5 (16730224)|HEAP_ALLOCATE|[184]|Bytes:4
07:45:00.5 (16741704)|HEAP_ALLOCATE|[EXTERNAL]|Bytes:-4
07:45:00.5 (16747944)|STATEMENT_EXECUTE|[185]
07:45:00.5 (16754784)|HEAP_ALLOCATE|[185]|Bytes:4
07:45:00.5 (16774205)|HEAP_ALLOCATE|[185]|Bytes:4
07:45:00.5 (16786265)|HEAP_ALLOCATE|[185]|Bytes:4
07:45:00.5 (16833286)|HEAP_ALLOCATE|[EXTERNAL]|Bytes:-4
07:45:00.5 (16840986)|STATEMENT_EXECUTE|[187]
07:45:00.5 (16853296)|METHOD_ENTRY|[187]|01pdL00000Up09Z|CpeAiAssistantController.extractCodes(List<ANY>, Map<String,Map<String,Integer>>)
07:45:00.5 (16887017)|VARIABLE_SCOPE_BEGIN|[200]|items|List<ANY>|true|false
07:45:00.5 (16909577)|VARIABLE_ASSIGNMENT|[200]|items|["Map of size 6 too large to display",{"itemType":"childProduct","maxQuantity":15,"minQuantity":0,"defaultQuantity":0,"ProductCode":"O_RES_TV_PLUS_ADDL_S (2 more) ..."},"Map of size 6 too large to display",{"itemType":"childProduct","maxQuantity":99999,"minQuantity":0,"defaultQuantity":0,"ProductCode":"O_RES_HSI_WIFI_EXTEN (3 more) ..."}]|0x3d3a13ad
07:45:00.5 (16916668)|VARIABLE_SCOPE_BEGIN|[200]|limits|Map<String,Map<String,Integer>>|true|false
07:45:00.5 (16928978)|VARIABLE_ASSIGNMENT|[200]|limits|{"tv":{"maxInc":3,"maxAdd":15,"min":1},"wifi":{"maxInc":1,"maxAdd":10,"min":1},"modem":{"max":1,"min":1}}|0x14b4425a
07:45:00.5 (16941398)|HEAP_ALLOCATE|[201]|Bytes:5
07:45:00.5 (16946298)|STATEMENT_EXECUTE|[200]
07:45:00.5 (16949558)|STATEMENT_EXECUTE|[201]
07:45:00.5 (17010620)|HEAP_ALLOCATE|[202]|Bytes:5
07:45:00.5 (17040810)|HEAP_ALLOCATE|[202]|Bytes:28
07:45:00.5 (17050520)|VARIABLE_SCOPE_BEGIN|[202]|obj|Object|false|false
07:45:00.5 (17061501)|VARIABLE_ASSIGNMENT|[202]|obj|"Map of size 6 too large to display"
07:45:00.5 (17066041)|STATEMENT_EXECUTE|[202]
07:45:00.5 (17068171)|STATEMENT_EXECUTE|[203]
07:45:00.5 (17072891)|VARIABLE_SCOPE_BEGIN|[203]|item|Map<String,ANY>|true|false
07:45:00.5 (17081261)|VARIABLE_ASSIGNMENT|[203]|item|"Map of size 6 too large to display"|0x169043b1
07:45:00.5 (17085141)|STATEMENT_EXECUTE|[204]
07:45:00.5 (17093381)|METHOD_ENTRY|[204]|01pdL00000Up09Z|CpeAiAssistantController.getProductCode(Map<String,ANY>)
07:45:00.5 (17103181)|VARIABLE_SCOPE_BEGIN|[233]|item|Map<String,ANY>|true|false
07:45:00.5 (17112392)|VARIABLE_ASSIGNMENT|[233]|item|"Map of size 6 too large to display"|0x169043b1
07:45:00.5 (17120402)|HEAP_ALLOCATE|[234]|Bytes:5
07:45:00.5 (17125022)|STATEMENT_EXECUTE|[233]
07:45:00.5 (17128142)|HEAP_ALLOCATE|[234]|Bytes:11
07:45:00.5 (17160073)|STATEMENT_EXECUTE|[234]
07:45:00.5 (17162363)|STATEMENT_EXECUTE|[235]
07:45:00.5 (17192213)|HEAP_ALLOCATE|[235]|Bytes:17
07:45:00.5 (17208604)|METHOD_EXIT|[204]|01pdL00000Up09Z|CpeAiAssistantController.getProductCode(Map<String,ANY>)
07:45:00.5 (17213424)|VARIABLE_SCOPE_BEGIN|[204]|code|String|false|false
07:45:00.5 (17222124)|VARIABLE_ASSIGNMENT|[204]|code|"O_RES_TV_PLUS_STB"
07:45:00.5 (17226074)|STATEMENT_EXECUTE|[205]
07:45:00.5 (17229894)|HEAP_ALLOCATE|[205]|Bytes:11
07:45:00.5 (17259625)|VARIABLE_SCOPE_BEGIN|[205]|maxQ|Integer|false|false
07:45:00.5 (17268245)|VARIABLE_ASSIGNMENT|[205]|maxQ|3
07:45:00.5 (17271765)|STATEMENT_EXECUTE|[206]
07:45:00.5 (17274695)|HEAP_ALLOCATE|[206]|Bytes:11
07:45:00.5 (17303766)|VARIABLE_SCOPE_BEGIN|[206]|minQ|Integer|false|false
07:45:00.5 (17312206)|VARIABLE_ASSIGNMENT|[206]|minQ|0
07:45:00.5 (17315876)|STATEMENT_EXECUTE|[207]
07:45:00.5 (17318996)|HEAP_ALLOCATE|[207]|Bytes:15
07:45:00.5 (17346977)|VARIABLE_SCOPE_BEGIN|[207]|defQ|Integer|false|false
07:45:00.5 (17355107)|VARIABLE_ASSIGNMENT|[207]|defQ|1
07:45:00.5 (17359887)|HEAP_ALLOCATE|[209]|Bytes:17
07:45:00.5 (17402868)|STATEMENT_EXECUTE|[209]
07:45:00.5 (17405128)|STATEMENT_EXECUTE|[210]
07:45:00.5 (17438658)|STATEMENT_EXECUTE|[211]
07:45:00.5 (17467619)|HEAP_ALLOCATE|[224]|Bytes:13
07:45:00.5 (17488559)|STATEMENT_EXECUTE|[224]
07:45:00.5 (17498070)|HEAP_ALLOCATE|[202]|Bytes:5
07:45:00.5 (17514730)|HEAP_ALLOCATE|[202]|Bytes:24
07:45:00.5 (17526100)|VARIABLE_SCOPE_BEGIN|[202]|obj|Object|false|false
07:45:00.5 (17550701)|VARIABLE_ASSIGNMENT|[202]|obj|{"itemType":"childProduct","maxQuantity":15,"minQuantity":0,"defaultQuantity":0,"ProductCode":"O_RES_TV_PLUS_ADDL_S (2 more) ..."}
07:45:00.5 (17557961)|STATEMENT_EXECUTE|[202]
07:45:00.5 (17561111)|STATEMENT_EXECUTE|[203]
07:45:00.5 (17566721)|VARIABLE_SCOPE_BEGIN|[203]|item|Map<String,ANY>|true|false
07:45:00.5 (17584861)|VARIABLE_ASSIGNMENT|[203]|item|{"itemType":"childProduct","maxQuantity":15,"minQuantity":0,"defaultQuantity":0,"ProductCode":"O_RES_TV_PLUS_ADDL_S (2 more) ..."}|0x4d4ab606
07:45:00.5 (17592052)|STATEMENT_EXECUTE|[204]
07:45:00.5 (17598342)|METHOD_ENTRY|[204]|01pdL00000Up09Z|CpeAiAssistantController.getProductCode(Map<String,ANY>)
07:45:00.5 (17603912)|VARIABLE_SCOPE_BEGIN|[233]|item|Map<String,ANY>|true|false
07:45:00.5 (17615472)|VARIABLE_ASSIGNMENT|[233]|item|{"itemType":"childProduct","maxQuantity":15,"minQuantity":0,"defaultQuantity":0,"ProductCode":"O_RES_TV_PLUS_ADDL_S (2 more) ..."}|0x4d4ab606
07:45:00.5 (17626152)|HEAP_ALLOCATE|[234]|Bytes:5
07:45:00.5 (17630142)|STATEMENT_EXECUTE|[233]
07:45:00.5 (17651553)|STATEMENT_EXECUTE|[234]
07:45:00.5 (17653964)|STATEMENT_EXECUTE|[235]
07:45:00.5 (17670273)|HEAP_ALLOCATE|[235]|Bytes:22
07:45:00.5 (17684584)|METHOD_EXIT|[204]|01pdL00000Up09Z|CpeAiAssistantController.getProductCode(Map<String,ANY>)
07:45:00.5 (17689504)|VARIABLE_SCOPE_BEGIN|[204]|code|String|false|false
07:45:00.5 (17697894)|VARIABLE_ASSIGNMENT|[204]|code|"O_RES_TV_PLUS_ADDL_S (2 more) ..."
07:45:00.5 (17701774)|STATEMENT_EXECUTE|[205]
07:45:00.5 (17720285)|VARIABLE_SCOPE_BEGIN|[205]|maxQ|Integer|false|false
07:45:00.5 (17728234)|VARIABLE_ASSIGNMENT|[205]|maxQ|15
07:45:00.5 (17732046)|STATEMENT_EXECUTE|[206]
07:45:00.5 (17748475)|VARIABLE_SCOPE_BEGIN|[206]|minQ|Integer|false|false
07:45:00.5 (17755905)|VARIABLE_ASSIGNMENT|[206]|minQ|0
07:45:00.5 (17759615)|STATEMENT_EXECUTE|[207]
07:45:00.5 (17776105)|VARIABLE_SCOPE_BEGIN|[207]|defQ|Integer|false|false
07:45:00.5 (17783636)|VARIABLE_ASSIGNMENT|[207]|defQ|0
07:45:00.5 (17800696)|HEAP_ALLOCATE|[212]|Bytes:22
07:45:00.5 (17808087)|STATEMENT_EXECUTE|[212]
07:45:00.5 (17810226)|STATEMENT_EXECUTE|[213]
07:45:00.5 (17855667)|STATEMENT_EXECUTE|[224]
07:45:00.5 (17866168)|HEAP_ALLOCATE|[202]|Bytes:5
07:45:00.5 (17879678)|HEAP_ALLOCATE|[202]|Bytes:28
07:45:00.5 (17887249)|VARIABLE_SCOPE_BEGIN|[202]|obj|Object|false|false
07:45:00.5 (17897378)|VARIABLE_ASSIGNMENT|[202]|obj|"Map of size 6 too large to display"
07:45:00.5 (17902338)|STATEMENT_EXECUTE|[202]
07:45:00.5 (17904438)|STATEMENT_EXECUTE|[203]
07:45:00.5 (17908028)|VARIABLE_SCOPE_BEGIN|[203]|item|Map<String,ANY>|true|false
07:45:00.5 (17916369)|VARIABLE_ASSIGNMENT|[203]|item|"Map of size 6 too large to display"|0x13617bfb
07:45:00.5 (17920209)|STATEMENT_EXECUTE|[204]
07:45:00.5 (17924539)|METHOD_ENTRY|[204]|01pdL00000Up09Z|CpeAiAssistantController.getProductCode(Map<String,ANY>)
07:45:00.5 (17929309)|VARIABLE_SCOPE_BEGIN|[233]|item|Map<String,ANY>|true|false
07:45:00.5 (17936829)|VARIABLE_ASSIGNMENT|[233]|item|"Map of size 6 too large to display"|0x13617bfb
07:45:00.5 (17943699)|HEAP_ALLOCATE|[234]|Bytes:5
07:45:00.5 (17947410)|STATEMENT_EXECUTE|[233]
07:45:00.5 (17966229)|STATEMENT_EXECUTE|[234]
07:45:00.5 (17968299)|STATEMENT_EXECUTE|[235]
07:45:00.5 (17983340)|HEAP_ALLOCATE|[235]|Bytes:15
07:45:00.5 (17996350)|METHOD_EXIT|[204]|01pdL00000Up09Z|CpeAiAssistantController.getProductCode(Map<String,ANY>)
07:45:00.5 (18001020)|VARIABLE_SCOPE_BEGIN|[204]|code|String|false|false
07:45:00.5 (18009971)|VARIABLE_ASSIGNMENT|[204]|code|"O_RES_HSI_MODEM"
07:45:00.5 (18013720)|STATEMENT_EXECUTE|[205]
07:45:00.5 (18030601)|VARIABLE_SCOPE_BEGIN|[205]|maxQ|Integer|false|false
07:45:00.5 (18039911)|VARIABLE_ASSIGNMENT|[205]|maxQ|99999
07:45:00.5 (18043631)|STATEMENT_EXECUTE|[206]
07:45:00.5 (18059492)|VARIABLE_SCOPE_BEGIN|[206]|minQ|Integer|false|false
07:45:00.5 (18066772)|VARIABLE_ASSIGNMENT|[206]|minQ|0
07:45:00.5 (18070122)|STATEMENT_EXECUTE|[207]
07:45:00.5 (18087802)|VARIABLE_SCOPE_BEGIN|[207]|defQ|Integer|false|false
07:45:00.5 (18095382)|VARIABLE_ASSIGNMENT|[207]|defQ|1
07:45:00.5 (18108602)|HEAP_ALLOCATE|[214]|Bytes:27
07:45:00.5 (18120064)|HEAP_ALLOCATE|[217]|Bytes:27
07:45:00.5 (18128744)|HEAP_ALLOCATE|[219]|Bytes:15
07:45:00.5 (18134814)|STATEMENT_EXECUTE|[219]
07:45:00.5 (18137153)|STATEMENT_EXECUTE|[220]
07:45:00.5 (18166175)|HEAP_ALLOCATE|[220]|Bytes:4
07:45:00.5 (18175855)|STATEMENT_EXECUTE|[221]
07:45:00.5 (18213275)|STATEMENT_EXECUTE|[224]
07:45:00.5 (18222096)|HEAP_ALLOCATE|[202]|Bytes:5
07:45:00.5 (18234896)|HEAP_ALLOCATE|[202]|Bytes:24
07:45:00.5 (18243466)|VARIABLE_SCOPE_BEGIN|[202]|obj|Object|false|false
07:45:00.5 (18258826)|VARIABLE_ASSIGNMENT|[202]|obj|{"itemType":"childProduct","maxQuantity":99999,"minQuantity":0,"defaultQuantity":0,"ProductCode":"O_RES_HSI_WIFI_EXTEN (3 more) ..."}
07:45:00.5 (18263606)|STATEMENT_EXECUTE|[202]
07:45:00.5 (18265796)|STATEMENT_EXECUTE|[203]
07:45:00.5 (18269606)|VARIABLE_SCOPE_BEGIN|[203]|item|Map<String,ANY>|true|false
07:45:00.5 (18283196)|VARIABLE_ASSIGNMENT|[203]|item|{"itemType":"childProduct","maxQuantity":99999,"minQuantity":0,"defaultQuantity":0,"ProductCode":"O_RES_HSI_WIFI_EXTEN (3 more) ..."}|0x7f82fed
07:45:00.5 (18287817)|STATEMENT_EXECUTE|[204]
07:45:00.5 (18292577)|METHOD_ENTRY|[204]|01pdL00000Up09Z|CpeAiAssistantController.getProductCode(Map<String,ANY>)
07:45:00.5 (18297377)|VARIABLE_SCOPE_BEGIN|[233]|item|Map<String,ANY>|true|false
07:45:00.5 (18308677)|VARIABLE_ASSIGNMENT|[233]|item|{"itemType":"childProduct","maxQuantity":99999,"minQuantity":0,"defaultQuantity":0,"ProductCode":"O_RES_HSI_WIFI_EXTEN (3 more) ..."}|0x7f82fed
07:45:00.5 (18316898)|HEAP_ALLOCATE|[234]|Bytes:5
07:45:00.5 (18320607)|STATEMENT_EXECUTE|[233]
07:45:00.5 (18338557)|STATEMENT_EXECUTE|[234]
07:45:00.5 (18340668)|STATEMENT_EXECUTE|[235]
07:45:00.5 (18357019)|HEAP_ALLOCATE|[235]|Bytes:23
07:45:00.5 (18370099)|METHOD_EXIT|[204]|01pdL00000Up09Z|CpeAiAssistantController.getProductCode(Map<String,ANY>)
07:45:00.5 (18374819)|VARIABLE_SCOPE_BEGIN|[204]|code|String|false|false
07:45:00.5 (18382909)|VARIABLE_ASSIGNMENT|[204]|code|"O_RES_HSI_WIFI_EXTEN (3 more) ..."
07:45:00.5 (18386579)|STATEMENT_EXECUTE|[205]
07:45:00.5 (18403629)|VARIABLE_SCOPE_BEGIN|[205]|maxQ|Integer|false|false
07:45:00.5 (18411500)|VARIABLE_ASSIGNMENT|[205]|maxQ|99999
07:45:00.5 (18415310)|STATEMENT_EXECUTE|[206]
07:45:00.5 (18433430)|VARIABLE_SCOPE_BEGIN|[206]|minQ|Integer|false|false
07:45:00.5 (18441969)|VARIABLE_ASSIGNMENT|[206]|minQ|0
07:45:00.5 (18445660)|STATEMENT_EXECUTE|[207]
07:45:00.5 (18462320)|VARIABLE_SCOPE_BEGIN|[207]|defQ|Integer|false|false
07:45:00.5 (18470181)|VARIABLE_ASSIGNMENT|[207]|defQ|0
07:45:00.5 (18490730)|STATEMENT_EXECUTE|[209]
07:45:00.5 (18500440)|STATEMENT_EXECUTE|[224]
07:45:00.5 (18509062)|HEAP_ALLOCATE|[202]|Bytes:5
07:45:00.5 (18526622)|VARIABLE_ASSIGNMENT|[202]|obj|null
07:45:00.5 (18537331)|METHOD_EXIT|[187]|01pdL00000Up09Z|CpeAiAssistantController.extractCodes(List<ANY>, Map<String,Map<String,Integer>>)
07:45:00.5 (18542022)|STATEMENT_EXECUTE|[189]
07:45:00.5 (18610173)|HEAP_ALLOCATE|[189]|Bytes:4
07:45:00.5 (18628084)|STATEMENT_EXECUTE|[190]
07:45:00.5 (18677854)|STATEMENT_EXECUTE|[191]
07:45:00.5 (18733666)|HEAP_ALLOCATE|[191]|Bytes:4
07:45:00.5 (18745147)|STATEMENT_EXECUTE|[192]
07:45:00.5 (18792657)|STATEMENT_EXECUTE|[193]
07:45:00.5 (18838638)|STATEMENT_EXECUTE|[194]
07:45:00.5 (18884119)|STATEMENT_EXECUTE|[197]
07:45:00.5 (18891150)|METHOD_EXIT|[74]|01pdL00000Up09Z|CpeAiAssistantController.buildRulePayload(String, String)
07:45:00.5 (18897550)|VARIABLE_SCOPE_BEGIN|[74]|rules|Map<String,Map<String,ANY>>|true|false
07:45:00.5 (18915290)|VARIABLE_ASSIGNMENT|[74]|rules|{"TV + Receiver":{"current":1,"min":0,"max":18},"Modem":{"current":"Wired","min":1,"max":1},"Wi-Fi Access Point":{"current":1,"min":1,"max":11}}|0x50b4a97e
07:45:00.5 (18921530)|STATEMENT_EXECUTE|[77]
07:45:00.5 (18924939)|HEAP_ALLOCATE|[77]|Bytes:150
07:45:00.5 (18935200)|METHOD_ENTRY|[79]||System.JSON.serialize(Object)
07:45:00.5 (20069264)|METHOD_EXIT|[79]||System.JSON.serialize(Object)
07:45:00.5 (20079514)|HEAP_ALLOCATE|[79]|Bytes:24
07:45:00.5 (20112845)|HEAP_ALLOCATE|[80]|Bytes:29
07:45:00.5 (20132035)|HEAP_ALLOCATE|[77]|Bytes:444
07:45:00.5 (20137335)|VARIABLE_SCOPE_BEGIN|[77]|fullMessage|String|false|false
07:45:00.5 (20149726)|VARIABLE_ASSIGNMENT|[77]|fullMessage|"System Context: You  (424 more) ..."
07:45:00.5 (20154236)|STATEMENT_EXECUTE|[83]
07:45:00.5 (20157136)|HEAP_ALLOCATE|[84]|Bytes:22
07:45:00.5 (20161206)|HEAP_ALLOCATE|[85]|Bytes:21
07:45:00.5 (20211047)|HEAP_ALLOCATE|[83]|Bytes:12
07:45:00.5 (20222667)|HEAP_ALLOCATE|[83]|Bytes:58
07:45:00.5 (20233517)|SYSTEM_METHOD_ENTRY|[14]|Action.Action()
07:45:00.5 (20237058)|STATEMENT_EXECUTE|[14]
07:45:00.5 (20245158)|SYSTEM_METHOD_EXIT|[14]|Action
07:45:00.5 (20255228)|METHOD_ENTRY|[83]||Invocable.Action.createCustomAction(String, String)
07:45:00.5 (20460772)|METHOD_EXIT|[83]||Invocable.Action.createCustomAction(String, String)
07:45:00.5 (20467532)|VARIABLE_SCOPE_BEGIN|[83]|action|Invocable.Action|true|false
07:45:00.5 (20530294)|VARIABLE_ASSIGNMENT|[83]|action|{"invocations":"0x4ff2ff51","invokeFromLightningComponent":false,"name":"CPE_Equipment_Manage (1 more) ...","type":"generatePromptRespon (2 more) ..."}|0x2f901496
07:45:00.5 (20536284)|STATEMENT_EXECUTE|[88]
07:45:00.5 (20539634)|HEAP_ALLOCATE|[88]|Bytes:17
07:45:00.5 (20593626)|METHOD_ENTRY|[88]||Invocable.Action.setInvocationParameter(String, Object)
07:45:00.5 (20772880)|METHOD_EXIT|[88]||Invocable.Action.setInvocationParameter(String, Object)
07:45:00.5 (20779360)|STATEMENT_EXECUTE|[90]
07:45:00.5 (20786630)|METHOD_ENTRY|[90]||Invocable.Action.invoke()
07:45:03.12 (3012024576)|METHOD_EXIT|[90]||Invocable.Action.invoke()
07:45:03.12 (3012040997)|VARIABLE_SCOPE_BEGIN|[90]|results|List<Invocable.Action.Result>|true|false
07:45:03.12 (3012104749)|VARIABLE_ASSIGNMENT|[90]|results|[{"action":"0x2f901496","errors":"0x6f9c17f5","invocationParameters":"0x415f35d","outputParameters":"0x713db79c","success":true}]|0xa29f16
07:45:03.12 (3012142710)|STATEMENT_EXECUTE|[92]
07:45:03.12 (3012146590)|STATEMENT_EXECUTE|[96]
07:45:03.12 (3012164079)|HEAP_ALLOCATE|[96]|Bytes:24
07:45:03.12 (3012172980)|VARIABLE_SCOPE_BEGIN|[96]|result|Invocable.Action.Result|true|false
07:45:03.12 (3012196791)|VARIABLE_ASSIGNMENT|[96]|result|{"action":"0x2f901496","errors":"0x6f9c17f5","invocationParameters":"0x415f35d","outputParameters":"0x713db79c","success":true}|0xf8e1348
07:45:03.12 (3012220531)|METHOD_ENTRY|[98]||Invocable.Action.Result.isSuccess()
07:45:03.12 (3012243451)|METHOD_EXIT|[98]||Invocable.Action.Result.isSuccess()
07:45:03.12 (3012249642)|STATEMENT_EXECUTE|[98]
07:45:03.12 (3012252002)|STATEMENT_EXECUTE|[104]
07:45:03.12 (3012258691)|METHOD_ENTRY|[104]||Invocable.Action.Result.getOutputParameters()
07:45:03.12 (3012275342)|METHOD_EXIT|[104]||Invocable.Action.Result.getOutputParameters()
07:45:03.12 (3012280692)|VARIABLE_SCOPE_BEGIN|[104]|outputs|Map<String,ANY>|true|false
07:45:03.12 (3012298153)|VARIABLE_ASSIGNMENT|[104]|outputs|{"promptResponse":"{\n  \"message\": \"Adde (170 more) ..."}|0x713db79c
07:45:03.12 (3012303843)|STATEMENT_EXECUTE|[105]
07:45:03.12 (3012306502)|STATEMENT_EXECUTE|[110]
07:45:03.12 (3012309822)|HEAP_ALLOCATE|[110]|Bytes:14
07:45:03.12 (3012339394)|VARIABLE_SCOPE_BEGIN|[110]|promptRespObj|Object|false|false
07:45:03.12 (3012350794)|VARIABLE_ASSIGNMENT|[110]|promptRespObj|"{\n  \"message\": \"Adde (170 more) ..."
07:45:03.12 (3012355973)|STATEMENT_EXECUTE|[111]
07:45:03.12 (3012360103)|VARIABLE_SCOPE_BEGIN|[111]|rawResponse|String|false|false
07:45:03.12 (3012368205)|VARIABLE_ASSIGNMENT|[111]|rawResponse|null
07:45:03.12 (3012372245)|STATEMENT_EXECUTE|[113]
07:45:03.12 (3012374544)|STATEMENT_EXECUTE|[114]
07:45:03.12 (3012400675)|HEAP_ALLOCATE|[114]|Bytes:190
07:45:03.12 (3012416705)|VARIABLE_ASSIGNMENT|[114]|rawResponse|"{\n  \"message\": \"Adde (170 more) ..."
07:45:03.12 (3012439625)|STATEMENT_EXECUTE|[119]
07:45:03.12 (3012441895)|STATEMENT_EXECUTE|[123]
07:45:03.12 (3012444636)|VARIABLE_SCOPE_BEGIN|[123]|cleanResponse|String|false|false
07:45:03.12 (3012452516)|VARIABLE_ASSIGNMENT|[123]|cleanResponse|null
07:45:03.12 (3012455945)|STATEMENT_EXECUTE|[124]
07:45:03.12 (3012458007)|STATEMENT_EXECUTE|[124]
07:45:03.12 (3012460077)|STATEMENT_EXECUTE|[125]
07:45:03.12 (3012467967)|METHOD_ENTRY|[125]||System.JSON.deserializeUntyped(String)
07:45:03.12 (3012881965)|METHOD_EXIT|[125]||System.JSON.deserializeUntyped(String)
07:45:03.12 (3012891696)|VARIABLE_SCOPE_BEGIN|[125]|parsed|Map<String,ANY>|true|false
07:45:03.12 (3012916886)|VARIABLE_ASSIGNMENT|[125]|parsed|{"message":"Added 3 TV + Receive (56 more) ...","newState":{"TV + Receiver":4,"Modem":"Wired","Wi-Fi Access Point":1}}|0x5b7a8382
07:45:03.12 (3012923886)|HEAP_ALLOCATE|[126]|Bytes:5
07:45:03.12 (3012952436)|STATEMENT_EXECUTE|[128]
07:45:03.12 (3012954657)|STATEMENT_EXECUTE|[129]
07:45:03.12 (3012962036)|VARIABLE_ASSIGNMENT|[129]|cleanResponse|"{\n  \"message\": \"Adde (170 more) ..."
07:45:03.12 (3012967537)|STATEMENT_EXECUTE|[135]
07:45:03.12 (3012969687)|STATEMENT_EXECUTE|[136]
07:45:03.12 (3012972676)|HEAP_ALLOCATE|[136]|Bytes:3
07:45:03.12 (3012981276)|HEAP_ALLOCATE|[136]|Bytes:1
07:45:03.12 (3013014928)|HEAP_ALLOCATE|[136]|Bytes:190
07:45:03.12 (3013030068)|VARIABLE_ASSIGNMENT|[136]|cleanResponse|"{\n  \"message\": \"Adde (170 more) ..."
07:45:03.12 (3013035299)|STATEMENT_EXECUTE|[137]
07:45:03.12 (3013038499)|HEAP_ALLOCATE|[137]|Bytes:2
07:45:03.12 (3013060109)|HEAP_ALLOCATE|[137]|Bytes:190
07:45:03.12 (3013073249)|VARIABLE_ASSIGNMENT|[137]|cleanResponse|"{\n  \"message\": \"Adde (170 more) ..."
07:45:03.12 (3013077369)|STATEMENT_EXECUTE|[138]
07:45:03.12 (3013081478)|HEAP_ALLOCATE|[138]|Bytes:3
07:45:03.12 (3013085590)|HEAP_ALLOCATE|[138]|Bytes:1
07:45:03.12 (3013104390)|HEAP_ALLOCATE|[138]|Bytes:190
07:45:03.12 (3013117390)|VARIABLE_ASSIGNMENT|[138]|cleanResponse|"{\n  \"message\": \"Adde (170 more) ..."
07:45:03.12 (3013121759)|STATEMENT_EXECUTE|[142]
07:45:03.12 (3013134571)|METHOD_ENTRY|[142]|01pdL00000Up09Z|CpeAiAssistantController.parseAndValidateAgentResponse(String, Map<String,Map<String,ANY>>)
07:45:03.12 (3013145120)|VARIABLE_SCOPE_BEGIN|[261]|rawResponse|String|false|false
07:45:03.12 (3013154181)|VARIABLE_ASSIGNMENT|[261]|rawResponse|"{\n  \"message\": \"Adde (170 more) ..."
07:45:03.12 (3013157880)|VARIABLE_SCOPE_BEGIN|[261]|rules|Map<String,Map<String,ANY>>|true|false
07:45:03.12 (3013175931)|VARIABLE_ASSIGNMENT|[261]|rules|{"TV + Receiver":{"current":1,"min":0,"max":18},"Modem":{"current":"Wired","min":1,"max":1},"Wi-Fi Access Point":{"current":1,"min":1,"max":11}}|0x50b4a97e
07:45:03.12 (3013189041)|HEAP_ALLOCATE|[262]|Bytes:5
07:45:03.12 (3013193792)|STATEMENT_EXECUTE|[261]
07:45:03.12 (3013195992)|STATEMENT_EXECUTE|[262]
07:45:03.12 (3013203662)|HEAP_ALLOCATE|[262]|Bytes:4
07:45:03.12 (3013210862)|VARIABLE_SCOPE_BEGIN|[262]|finalResponse|Map<String,ANY>|true|false
07:45:03.12 (3013220362)|VARIABLE_ASSIGNMENT|[262]|finalResponse|{}|0x7e8cfca1
07:45:03.12 (3013224842)|STATEMENT_EXECUTE|[264]
07:45:03.12 (3013226942)|STATEMENT_EXECUTE|[264]
07:45:03.12 (3013228983)|STATEMENT_EXECUTE|[265]
07:45:03.12 (3013234693)|METHOD_ENTRY|[265]||System.JSON.deserializeUntyped(String)
07:45:03.12 (3013485558)|METHOD_EXIT|[265]||System.JSON.deserializeUntyped(String)
07:45:03.12 (3013493998)|VARIABLE_SCOPE_BEGIN|[265]|parsed|Map<String,ANY>|true|false
07:45:03.12 (3013513758)|VARIABLE_ASSIGNMENT|[265]|parsed|{"message":"Added 3 TV + Receive (56 more) ...","newState":{"TV + Receiver":4,"Modem":"Wired","Wi-Fi Access Point":1}}|0x550847a4
07:45:03.12 (3013519869)|HEAP_ALLOCATE|[267]|Bytes:8
07:45:03.12 (3013545399)|STATEMENT_EXECUTE|[267]
07:45:03.12 (3013547639)|STATEMENT_EXECUTE|[268]
07:45:03.12 (3013572330)|VARIABLE_SCOPE_BEGIN|[268]|newStateRaw|Map<String,ANY>|true|false
07:45:03.12 (3013586110)|VARIABLE_ASSIGNMENT|[268]|newStateRaw|{"TV + Receiver":4,"Modem":"Wired","Wi-Fi Access Point":1}|0x4cf8c050
07:45:03.12 (3013590990)|STATEMENT_EXECUTE|[269]
07:45:03.12 (3013596680)|HEAP_ALLOCATE|[269]|Bytes:4
07:45:03.12 (3013602560)|VARIABLE_SCOPE_BEGIN|[269]|normalizedState|Map<String,ANY>|true|false
07:45:03.12 (3013612170)|VARIABLE_ASSIGNMENT|[269]|normalizedState|{}|0x2b336400
07:45:03.12 (3013616391)|STATEMENT_EXECUTE|[271]
07:45:03.12 (3013619711)|VARIABLE_SCOPE_BEGIN|[271]|changedCpeCount|Integer|false|false
07:45:03.12 (3013624721)|HEAP_ALLOCATE|[271]|Bytes:4
07:45:03.12 (3013630861)|VARIABLE_ASSIGNMENT|[271]|changedCpeCount|0
07:45:03.12 (3013665582)|HEAP_ALLOCATE|[273]|Bytes:52
07:45:03.12 (3013700392)|HEAP_ALLOCATE|[273]|Bytes:5
07:45:03.12 (3013715873)|VARIABLE_SCOPE_BEGIN|[273]|key|String|false|false
07:45:03.12 (3013724713)|VARIABLE_ASSIGNMENT|[273]|key|"TV + Receiver"
07:45:03.12 (3013729293)|STATEMENT_EXECUTE|[273]
07:45:03.12 (3013731503)|STATEMENT_EXECUTE|[274]
07:45:03.12 (3013737433)|METHOD_ENTRY|[274]|01pdL00000Up09Z|CpeAiAssistantController.normalizeProductName(String)
07:45:03.12 (3013746633)|VARIABLE_SCOPE_BEGIN|[252]|rawName|String|false|false
07:45:03.12 (3013755283)|VARIABLE_ASSIGNMENT|[252]|rawName|"TV + Receiver"
07:45:03.12 (3013764564)|HEAP_ALLOCATE|[253]|Bytes:5
07:45:03.12 (3013768934)|STATEMENT_EXECUTE|[252]
07:45:03.12 (3013785844)|STATEMENT_EXECUTE|[253]
07:45:03.12 (3013787944)|STATEMENT_EXECUTE|[254]
07:45:03.12 (3013797264)|HEAP_ALLOCATE|[254]|Bytes:13
07:45:03.12 (3013807105)|VARIABLE_SCOPE_BEGIN|[254]|lower|String|false|false
07:45:03.12 (3013815105)|VARIABLE_ASSIGNMENT|[254]|lower|"tv + receiver"
07:45:03.12 (3013833245)|STATEMENT_EXECUTE|[255]
07:45:03.12 (3013842505)|METHOD_EXIT|[274]|01pdL00000Up09Z|CpeAiAssistantController.normalizeProductName(String)
07:45:03.12 (3013847935)|VARIABLE_SCOPE_BEGIN|[274]|normKey|String|false|false
07:45:03.12 (3013855806)|VARIABLE_ASSIGNMENT|[274]|normKey|"TV + Receiver"
07:45:03.12 (3013877176)|HEAP_ALLOCATE|[276]|Bytes:17
07:45:03.12 (3013918757)|STATEMENT_EXECUTE|[276]
07:45:03.12 (3013921487)|STATEMENT_EXECUTE|[277]
07:45:03.12 (3013943067)|VARIABLE_SCOPE_BEGIN|[277]|qty|Integer|false|false
07:45:03.12 (3013953888)|VARIABLE_ASSIGNMENT|[277]|qty|4
07:45:03.12 (3013975288)|STATEMENT_EXECUTE|[279]
07:45:03.12 (3013977528)|STATEMENT_EXECUTE|[280]
07:45:03.12 (3013980658)|VARIABLE_SCOPE_BEGIN|[280]|current|Integer|false|false
07:45:03.12 (3013986018)|HEAP_ALLOCATE|[280]|Bytes:4
07:45:03.12 (3013993628)|VARIABLE_ASSIGNMENT|[280]|current|0
07:45:03.12 (3014033529)|STATEMENT_EXECUTE|[281]
07:45:03.12 (3014036389)|STATEMENT_EXECUTE|[282]
07:45:03.12 (3014068900)|VARIABLE_ASSIGNMENT|[282]|current|1
07:45:03.12 (3014073980)|STATEMENT_EXECUTE|[284]
07:45:03.12 (3014100371)|VARIABLE_SCOPE_BEGIN|[284]|max|Integer|false|false
07:45:03.12 (3014109731)|VARIABLE_ASSIGNMENT|[284]|max|18
07:45:03.12 (3014113571)|STATEMENT_EXECUTE|[285]
07:45:03.12 (3014140271)|VARIABLE_SCOPE_BEGIN|[285]|min|Integer|false|false
07:45:03.12 (3014149332)|VARIABLE_ASSIGNMENT|[285]|min|0
07:45:03.12 (3014156902)|STATEMENT_EXECUTE|[287]
07:45:03.12 (3014160132)|STATEMENT_EXECUTE|[295]
07:45:03.12 (3014162232)|STATEMENT_EXECUTE|[296]
07:45:03.12 (3014166302)|VARIABLE_SCOPE_BEGIN|[296]|required|Integer|false|false
07:45:03.12 (3014171142)|HEAP_ALLOCATE|[296]|Bytes:4
07:45:03.12 (3014177472)|VARIABLE_ASSIGNMENT|[296]|required|3
07:45:03.12 (3014181272)|STATEMENT_EXECUTE|[297]
07:45:03.12 (3014193203)|HEAP_ALLOCATE|[297]|Bytes:9
07:45:03.12 (3014198183)|VARIABLE_SCOPE_BEGIN|[297]|prodCode|String|false|false
07:45:03.12 (3014206313)|VARIABLE_ASSIGNMENT|[297]|prodCode|"REC-TV-01"
07:45:03.12 (3014210543)|STATEMENT_EXECUTE|[298]
07:45:03.12 (3014213013)|STATEMENT_EXECUTE|[299]
07:45:03.12 (3014222783)|METHOD_ENTRY|[299]|01pdL00000Up09Z|CpeAiAssistantController.getVanStock(String)
07:45:03.12 (3014232983)|VARIABLE_SCOPE_BEGIN|[396]|productCode|String|false|false
07:45:03.12 (3014241074)|VARIABLE_ASSIGNMENT|[396]|productCode|"REC-TV-01"
07:45:03.12 (3014249014)|HEAP_ALLOCATE|[397]|Bytes:5
07:45:03.12 (3014253364)|STATEMENT_EXECUTE|[396]
07:45:03.12 (3014255624)|STATEMENT_EXECUTE|[397]
07:45:03.12 (3014257654)|STATEMENT_EXECUTE|[397]
07:45:03.12 (3014259914)|STATEMENT_EXECUTE|[398]
07:45:03.12 (3014265844)|METHOD_ENTRY|[398]|01pdL00000Up09Z|CpeAiAssistantController.getMyServiceResource()
07:45:03.12 (3014342896)|HEAP_ALLOCATE|[552]|Bytes:5
07:45:03.12 (3014348306)|STATEMENT_EXECUTE|[551]
07:45:03.12 (3014350466)|STATEMENT_EXECUTE|[552]
07:45:03.12 (3014353266)|HEAP_ALLOCATE|[552]|Bytes:163
07:45:03.12 (3014361476)|HEAP_ALLOCATE|[552]|Bytes:4
07:45:03.12 (3014367277)|HEAP_ALLOCATE|[552]|Bytes:7
07:45:03.12 (3014397667)|HEAP_ALLOCATE|[555]|Bytes:105
07:45:03.12 (3014411027)|SYSTEM_METHOD_ENTRY|[1]|UserInfo.UserInfo()
07:45:03.12 (3014416438)|STATEMENT_EXECUTE|[1]
07:45:03.12 (3014425118)|SYSTEM_METHOD_EXIT|[1]|UserInfo
07:45:03.12 (3014435508)|METHOD_ENTRY|[555]||System.UserInfo.getUserId()
07:45:03.12 (3014481000)|METHOD_EXIT|[555]||System.UserInfo.getUserId()
07:45:03.12 (3015368138)|SOQL_EXECUTE_BEGIN|[552]|Aggregations:0|SELECT Id, LocationId, LastKnownLocation, LastKnownLatitude, LastKnownLongitude FROM ServiceResource WHERE (RelatedRecordId = :tmpVar1 AND IsActive = TRUE) LIMIT 1
07:45:03.12 (3034497783)|SOQL_EXECUTE_END|[552]|Rows:1
07:45:03.12 (3034600775)|HEAP_ALLOCATE|[552]|Bytes:8
07:45:03.12 (3034662206)|HEAP_ALLOCATE|[552]|Bytes:201
07:45:03.12 (3034762438)|HEAP_ALLOCATE|[552]|Bytes:8
07:45:03.12 (3034785609)|VARIABLE_SCOPE_BEGIN|[552]|srs|List<ServiceResource>|true|false
07:45:03.12 (3035169987)|VARIABLE_ASSIGNMENT|[552]|srs|[{"LocationId":"131dL000000OKGvQAO","Id":"0HndL000000MjRVSA0","LastKnownLocation":{"latitude":0.0,"longitude":0.0},"LastKnownLatitude":0E-15,"LastKnownLongitude":0E-15}]|0x335398d4
07:45:03.12 (3035183477)|STATEMENT_EXECUTE|[558]
07:45:03.12 (3035304149)|HEAP_ALLOCATE|[558]|Bytes:24
07:45:03.12 (3035325770)|METHOD_EXIT|[398]|01pdL00000Up09Z|CpeAiAssistantController.getMyServiceResource()
07:45:03.12 (3035334590)|VARIABLE_SCOPE_BEGIN|[398]|sr|ServiceResource|true|false
07:45:03.12 (3035424232)|VARIABLE_ASSIGNMENT|[398]|sr|{"LocationId":"131dL000000OKGvQAO","Id":"0HndL000000MjRVSA0","LastKnownLocation":{"latitude":0.0,"longitude":0.0},"LastKnownLatitude":0E-15,"LastKnownLongitude":0E-15}|0x21e3f8a2
07:45:03.12 (3035465493)|STATEMENT_EXECUTE|[399]
07:45:03.12 (3035468123)|STATEMENT_EXECUTE|[400]
07:45:03.12 (3035473513)|HEAP_ALLOCATE|[400]|Bytes:112
07:45:03.12 (3035492593)|HEAP_ALLOCATE|[400]|Bytes:4
07:45:03.12 (3035516554)|HEAP_ALLOCATE|[400]|Bytes:7
07:45:03.12 (3036245759)|SOQL_EXECUTE_BEGIN|[400]|Aggregations:0|SELECT QuantityOnHand FROM ProductItem WHERE (LocationId = :tmpVar1 AND Product2.ProductCode = :tmpVar2) LIMIT 1
07:45:03.12 (3063609869)|SOQL_EXECUTE_END|[400]|Rows:0
07:45:03.12 (3063649020)|HEAP_ALLOCATE|[400]|Bytes:4
07:45:03.12 (3063671230)|HEAP_ALLOCATE|[400]|Bytes:0
07:45:03.12 (3063778002)|HEAP_ALLOCATE|[400]|Bytes:4
07:45:03.12 (3063799853)|VARIABLE_SCOPE_BEGIN|[400]|items|List<ProductItem>|true|false
07:45:03.12 (3063825433)|VARIABLE_ASSIGNMENT|[400]|items|[]|0x784450b5
07:45:03.12 (3063930326)|STATEMENT_EXECUTE|[406]
07:45:03.12 (3063956426)|STATEMENT_EXECUTE|[412]
07:45:03.12 (3063962216)|HEAP_ALLOCATE|[412]|Bytes:4
07:45:03.12 (3063979907)|METHOD_EXIT|[299]|01pdL00000Up09Z|CpeAiAssistantController.getVanStock(String)
07:45:03.12 (3063988637)|VARIABLE_SCOPE_BEGIN|[299]|vanStock|Integer|false|false
07:45:03.12 (3063994437)|HEAP_ALLOCATE|[299]|Bytes:4
07:45:03.12 (3064006197)|VARIABLE_ASSIGNMENT|[299]|vanStock|5
07:45:03.12 (3064013747)|STATEMENT_EXECUTE|[300]
07:45:03.12 (3064016417)|STATEMENT_EXECUTE|[307]
07:45:03.12 (3064076299)|HEAP_ALLOCATE|[EXTERNAL]|Bytes:-4
07:45:03.12 (3064122340)|STATEMENT_EXECUTE|[309]
07:45:03.12 (3064124690)|STATEMENT_EXECUTE|[310]
07:45:03.12 (3064128060)|HEAP_ALLOCATE|[310]|Bytes:4
07:45:03.12 (3064136810)|VARIABLE_ASSIGNMENT|[310]|changedCpeCount|1
07:45:03.12 (3064165810)|HEAP_ALLOCATE|[273]|Bytes:5
07:45:03.12 (3064184881)|VARIABLE_SCOPE_BEGIN|[273]|key|String|false|false
07:45:03.12 (3064196611)|VARIABLE_ASSIGNMENT|[273]|key|"Modem"
07:45:03.12 (3064201521)|STATEMENT_EXECUTE|[273]
07:45:03.12 (3064203911)|STATEMENT_EXECUTE|[274]
07:45:03.12 (3064210791)|METHOD_ENTRY|[274]|01pdL00000Up09Z|CpeAiAssistantController.normalizeProductName(String)
07:45:03.12 (3064217552)|VARIABLE_SCOPE_BEGIN|[252]|rawName|String|false|false
07:45:03.12 (3064226902)|VARIABLE_ASSIGNMENT|[252]|rawName|"Modem"
07:45:03.12 (3064240492)|HEAP_ALLOCATE|[253]|Bytes:5
07:45:03.12 (3064244782)|STATEMENT_EXECUTE|[252]
07:45:03.12 (3064269933)|STATEMENT_EXECUTE|[253]
07:45:03.12 (3064272013)|STATEMENT_EXECUTE|[254]
07:45:03.12 (3064282973)|HEAP_ALLOCATE|[254]|Bytes:5
07:45:03.12 (3064293343)|VARIABLE_SCOPE_BEGIN|[254]|lower|String|false|false
07:45:03.12 (3064301693)|VARIABLE_ASSIGNMENT|[254]|lower|"modem"
07:45:03.12 (3064331154)|STATEMENT_EXECUTE|[255]
07:45:03.12 (3064387715)|STATEMENT_EXECUTE|[256]
07:45:03.12 (3064401635)|STATEMENT_EXECUTE|[257]
07:45:03.12 (3064409526)|METHOD_EXIT|[274]|01pdL00000Up09Z|CpeAiAssistantController.normalizeProductName(String)
07:45:03.12 (3064415316)|VARIABLE_SCOPE_BEGIN|[274]|normKey|String|false|false
07:45:03.12 (3064424336)|VARIABLE_ASSIGNMENT|[274]|normKey|"Modem"
07:45:03.12 (3064485137)|HEAP_ALLOCATE|[315]|Bytes:16
07:45:03.12 (3064499787)|STATEMENT_EXECUTE|[315]
07:45:03.12 (3064502547)|STATEMENT_EXECUTE|[317]
07:45:03.12 (3064530868)|HEAP_ALLOCATE|[EXTERNAL]|Bytes:-4
07:45:03.12 (3064538318)|STATEMENT_EXECUTE|[318]
07:45:03.12 (3064542878)|VARIABLE_SCOPE_BEGIN|[318]|currentStr|String|false|false
07:45:03.12 (3064552368)|VARIABLE_ASSIGNMENT|[318]|currentStr|""
07:45:03.12 (3064610190)|STATEMENT_EXECUTE|[319]
07:45:03.12 (3064612670)|STATEMENT_EXECUTE|[320]
07:45:03.12 (3064646590)|VARIABLE_ASSIGNMENT|[320]|currentStr|"Wired"
07:45:03.12 (3064677031)|HEAP_ALLOCATE|[322]|Bytes:5
07:45:03.12 (3064693471)|STATEMENT_EXECUTE|[322]
07:45:03.12 (3064704632)|HEAP_ALLOCATE|[273]|Bytes:5
07:45:03.12 (3064717072)|VARIABLE_SCOPE_BEGIN|[273]|key|String|false|false
07:45:03.12 (3064726782)|VARIABLE_ASSIGNMENT|[273]|key|"Wi-Fi Access Point"
07:45:03.12 (3064731782)|STATEMENT_EXECUTE|[273]
07:45:03.12 (3064733892)|STATEMENT_EXECUTE|[274]
07:45:03.12 (3064738492)|METHOD_ENTRY|[274]|01pdL00000Up09Z|CpeAiAssistantController.normalizeProductName(String)
07:45:03.12 (3064743452)|VARIABLE_SCOPE_BEGIN|[252]|rawName|String|false|false
07:45:03.12 (3064750943)|VARIABLE_ASSIGNMENT|[252]|rawName|"Wi-Fi Access Point"
07:45:03.12 (3064760033)|HEAP_ALLOCATE|[253]|Bytes:5
07:45:03.12 (3064764153)|STATEMENT_EXECUTE|[252]
07:45:03.12 (3064779493)|STATEMENT_EXECUTE|[253]
07:45:03.12 (3064781504)|STATEMENT_EXECUTE|[254]
07:45:03.12 (3064826425)|HEAP_ALLOCATE|[254]|Bytes:18
07:45:03.12 (3064843395)|VARIABLE_SCOPE_BEGIN|[254]|lower|String|false|false
07:45:03.12 (3064857155)|VARIABLE_ASSIGNMENT|[254]|lower|"wi-fi access point"
07:45:03.12 (3064884815)|STATEMENT_EXECUTE|[255]
07:45:03.12 (3064897536)|STATEMENT_EXECUTE|[256]
07:45:03.12 (3064906027)|METHOD_EXIT|[274]|01pdL00000Up09Z|CpeAiAssistantController.normalizeProductName(String)
07:45:03.12 (3064911596)|VARIABLE_SCOPE_BEGIN|[274]|normKey|String|false|false
07:45:03.12 (3064919907)|VARIABLE_ASSIGNMENT|[274]|normKey|"Wi-Fi Access Point"
07:45:03.12 (3064942668)|STATEMENT_EXECUTE|[276]
07:45:03.12 (3064945047)|STATEMENT_EXECUTE|[277]
07:45:03.12 (3064955957)|VARIABLE_SCOPE_BEGIN|[277]|qty|Integer|false|false
07:45:03.12 (3064964807)|VARIABLE_ASSIGNMENT|[277]|qty|1
07:45:03.12 (3064978357)|STATEMENT_EXECUTE|[279]
07:45:03.12 (3064980557)|STATEMENT_EXECUTE|[280]
07:45:03.12 (3064984177)|VARIABLE_SCOPE_BEGIN|[280]|current|Integer|false|false
07:45:03.12 (3064989328)|HEAP_ALLOCATE|[280]|Bytes:4
07:45:03.12 (3064996168)|VARIABLE_ASSIGNMENT|[280]|current|0
07:45:03.12 (3065026349)|STATEMENT_EXECUTE|[281]
07:45:03.12 (3065030098)|STATEMENT_EXECUTE|[282]
07:45:03.12 (3065054670)|VARIABLE_ASSIGNMENT|[282]|current|1
07:45:03.12 (3065059769)|STATEMENT_EXECUTE|[284]
07:45:03.12 (3065080759)|VARIABLE_SCOPE_BEGIN|[284]|max|Integer|false|false
07:45:03.12 (3065088980)|VARIABLE_ASSIGNMENT|[284]|max|11
07:45:03.12 (3065094000)|STATEMENT_EXECUTE|[285]
07:45:03.12 (3065115720)|VARIABLE_SCOPE_BEGIN|[285]|min|Integer|false|false
07:45:03.12 (3065123700)|VARIABLE_ASSIGNMENT|[285]|min|1
07:45:03.12 (3065130961)|STATEMENT_EXECUTE|[287]
07:45:03.12 (3065134232)|STATEMENT_EXECUTE|[295]
07:45:03.12 (3065136272)|STATEMENT_EXECUTE|[307]
07:45:03.12 (3065150901)|HEAP_ALLOCATE|[EXTERNAL]|Bytes:-4
07:45:03.12 (3065160741)|STATEMENT_EXECUTE|[309]
07:45:03.12 (3065171281)|HEAP_ALLOCATE|[273]|Bytes:5
07:45:03.12 (3065184332)|VARIABLE_ASSIGNMENT|[273]|key|null
07:45:03.12 (3065234653)|HEAP_ALLOCATE|[329]|Bytes:52
07:45:03.12 (3065265063)|HEAP_ALLOCATE|[329]|Bytes:5
07:45:03.12 (3065278355)|VARIABLE_SCOPE_BEGIN|[329]|ruleKey|String|false|false
07:45:03.12 (3065287544)|VARIABLE_ASSIGNMENT|[329]|ruleKey|"TV + Receiver"
07:45:03.12 (3065291664)|STATEMENT_EXECUTE|[329]
07:45:03.12 (3065313235)|STATEMENT_EXECUTE|[330]
07:45:03.12 (3065321854)|HEAP_ALLOCATE|[329]|Bytes:5
07:45:03.12 (3065334116)|VARIABLE_SCOPE_BEGIN|[329]|ruleKey|String|false|false
07:45:03.12 (3065342686)|VARIABLE_ASSIGNMENT|[329]|ruleKey|"Modem"
07:45:03.12 (3065346735)|STATEMENT_EXECUTE|[329]
07:45:03.12 (3065357055)|STATEMENT_EXECUTE|[330]
07:45:03.12 (3065364876)|HEAP_ALLOCATE|[329]|Bytes:5
07:45:03.12 (3065376357)|VARIABLE_SCOPE_BEGIN|[329]|ruleKey|String|false|false
07:45:03.12 (3065384496)|VARIABLE_ASSIGNMENT|[329]|ruleKey|"Wi-Fi Access Point"
07:45:03.12 (3065388237)|STATEMENT_EXECUTE|[329]
07:45:03.12 (3065399306)|STATEMENT_EXECUTE|[330]
07:45:03.12 (3065406906)|HEAP_ALLOCATE|[329]|Bytes:5
07:45:03.12 (3065419448)|VARIABLE_ASSIGNMENT|[329]|ruleKey|null
07:45:03.12 (3065424718)|STATEMENT_EXECUTE|[335]
07:45:03.12 (3065444587)|HEAP_ALLOCATE|[EXTERNAL]|Bytes:-4
07:45:03.12 (3065452417)|STATEMENT_EXECUTE|[338]
07:45:03.12 (3065464638)|HEAP_ALLOCATE|[338]|Bytes:4
07:45:03.12 (3065490698)|VARIABLE_SCOPE_BEGIN|[338]|stateChanges|List<Map<String,ANY>>|true|false
07:45:03.12 (3065511689)|HEAP_ALLOCATE|[EXTERNAL]|Bytes:4
07:45:03.12 (3065522179)|VARIABLE_ASSIGNMENT|[338]|stateChanges|[]|0x15f2563e
07:45:03.12 (3065549459)|HEAP_ALLOCATE|[339]|Bytes:52
07:45:03.12 (3065574270)|HEAP_ALLOCATE|[339]|Bytes:5
07:45:03.12 (3065587211)|VARIABLE_SCOPE_BEGIN|[339]|key|String|false|false
07:45:03.12 (3065595990)|VARIABLE_ASSIGNMENT|[339]|key|"TV + Receiver"
07:45:03.12 (3065599990)|STATEMENT_EXECUTE|[339]
07:45:03.12 (3065620311)|STATEMENT_EXECUTE|[340]
07:45:03.12 (3065622602)|STATEMENT_EXECUTE|[341]
07:45:03.12 (3065642932)|VARIABLE_SCOPE_BEGIN|[341]|newVal|Object|false|false
07:45:03.12 (3065652941)|VARIABLE_ASSIGNMENT|[341]|newVal|4
07:45:03.12 (3065656732)|STATEMENT_EXECUTE|[342]
07:45:03.12 (3065690152)|VARIABLE_SCOPE_BEGIN|[342]|curVal|Object|false|false
07:45:03.12 (3065701363)|VARIABLE_ASSIGNMENT|[342]|curVal|1
07:45:03.12 (3065759065)|STATEMENT_EXECUTE|[344]
07:45:03.12 (3065761645)|STATEMENT_EXECUTE|[345]
07:45:03.12 (3065769994)|HEAP_ALLOCATE|[345]|Bytes:4
07:45:03.12 (3065781245)|HEAP_ALLOCATE|[346]|Bytes:5
07:45:03.12 (3065814315)|HEAP_ALLOCATE|[346]|Bytes:13
07:45:03.12 (3065848826)|HEAP_ALLOCATE|[347]|Bytes:11
07:45:03.12 (3065871457)|HEAP_ALLOCATE|[348]|Bytes:8
07:45:03.12 (3065889147)|HEAP_ALLOCATE|[349]|Bytes:8
07:45:03.12 (3065902848)|HEAP_ALLOCATE|[350]|Bytes:5
07:45:03.12 (3065928597)|HEAP_ALLOCATE|[345]|Bytes:4
07:45:03.12 (3065938988)|VARIABLE_SCOPE_BEGIN|[345]|change|Map<String,ANY>|true|false
07:45:03.12 (3065970038)|VARIABLE_ASSIGNMENT|[345]|change|{"label":"TV + RECEIVER","productCode":"O_RES_TV_PLUS_STB","oldUnits":1,"newUnits":4,"units":3}|0x3c4c1409
07:45:03.12 (3066016730)|STATEMENT_EXECUTE|[353]
07:45:03.12 (3066019690)|STATEMENT_EXECUTE|[354]
07:45:03.12 (3066022919)|HEAP_ALLOCATE|[354]|Bytes:14
07:45:03.12 (3066060061)|HEAP_ALLOCATE|[354]|Bytes:4
07:45:03.12 (3066069200)|HEAP_ALLOCATE|[EXTERNAL]|Bytes:-4
07:45:03.12 (3066076471)|STATEMENT_EXECUTE|[357]
07:45:03.12 (3066087971)|VARIABLE_SCOPE_BEGIN|[357]|curQty|Integer|false|false
07:45:03.12 (3066096921)|VARIABLE_ASSIGNMENT|[357]|curQty|1
07:45:03.12 (3066100692)|STATEMENT_EXECUTE|[358]
07:45:03.12 (3066110052)|VARIABLE_SCOPE_BEGIN|[358]|newQty|Integer|false|false
07:45:03.12 (3066118292)|VARIABLE_ASSIGNMENT|[358]|newQty|4
07:45:03.12 (3066122121)|STATEMENT_EXECUTE|[359]
07:45:03.12 (3066125721)|VARIABLE_SCOPE_BEGIN|[359]|diff|Integer|false|false
07:45:03.12 (3066130601)|HEAP_ALLOCATE|[359]|Bytes:4
07:45:03.12 (3066136961)|VARIABLE_ASSIGNMENT|[359]|diff|3
07:45:03.12 (3066140743)|STATEMENT_EXECUTE|[360]
07:45:03.12 (3066207283)|VARIABLE_SCOPE_BEGIN|[2]|System.Math.E|Double|false|true
07:45:03.12 (3066214464)|VARIABLE_SCOPE_BEGIN|[3]|System.Math.PI|Double|false|true
07:45:03.12 (3066229643)|HEAP_ALLOCATE|[360]|Bytes:206
07:45:03.12 (3066243975)|SYSTEM_METHOD_ENTRY|[1]|Math.Math()
07:45:03.12 (3066247595)|STATEMENT_EXECUTE|[1]
07:45:03.12 (3066333167)|SYSTEM_METHOD_EXIT|[1]|Math
07:45:03.12 (3066348407)|METHOD_ENTRY|[360]||System.Math.abs(Integer)
07:45:03.12 (3066401338)|METHOD_EXIT|[360]||System.Math.abs(Integer)
07:45:03.12 (3066407718)|VARIABLE_SCOPE_BEGIN|[360]|diffAbs|Integer|false|false
07:45:03.12 (3066412998)|HEAP_ALLOCATE|[360]|Bytes:4
07:45:03.12 (3066420238)|VARIABLE_ASSIGNMENT|[360]|diffAbs|3
07:45:03.12 (3066432259)|STATEMENT_EXECUTE|[362]
07:45:03.12 (3066434589)|STATEMENT_EXECUTE|[363]
07:45:03.12 (3066438009)|HEAP_ALLOCATE|[363]|Bytes:12
07:45:03.12 (3066444389)|HEAP_ALLOCATE|[363]|Bytes:2
07:45:03.12 (3066470639)|HEAP_ALLOCATE|[363]|Bytes:2
07:45:03.12 (3066482400)|HEAP_ALLOCATE|[363]|Bytes:3
07:45:03.12 (3066492440)|HEAP_ALLOCATE|[363]|Bytes:7
07:45:03.12 (3066502710)|HEAP_ALLOCATE|[EXTERNAL]|Bytes:-4
07:45:03.12 (3066509720)|STATEMENT_EXECUTE|[370]
07:45:03.12 (3066530681)|HEAP_ALLOCATE|[EXTERNAL]|Bytes:4
07:45:03.12 (3066547341)|HEAP_ALLOCATE|[339]|Bytes:5
07:45:03.12 (3066559121)|VARIABLE_SCOPE_BEGIN|[339]|key|String|false|false
07:45:03.12 (3066568271)|VARIABLE_ASSIGNMENT|[339]|key|"Modem"
07:45:03.12 (3066572252)|STATEMENT_EXECUTE|[339]
07:45:03.12 (3066582622)|STATEMENT_EXECUTE|[340]
07:45:03.12 (3066584752)|STATEMENT_EXECUTE|[341]
07:45:03.12 (3066597422)|VARIABLE_SCOPE_BEGIN|[341]|newVal|Object|false|false
07:45:03.12 (3066606572)|VARIABLE_ASSIGNMENT|[341]|newVal|"Wired"
07:45:03.12 (3066610332)|STATEMENT_EXECUTE|[342]
07:45:03.12 (3066633693)|VARIABLE_SCOPE_BEGIN|[342]|curVal|Object|false|false
07:45:03.12 (3066649843)|VARIABLE_ASSIGNMENT|[342]|curVal|"Wired"
07:45:03.12 (3066668324)|STATEMENT_EXECUTE|[344]
07:45:03.12 (3066677224)|HEAP_ALLOCATE|[339]|Bytes:5
07:45:03.12 (3066688214)|VARIABLE_SCOPE_BEGIN|[339]|key|String|false|false
07:45:03.12 (3066696714)|VARIABLE_ASSIGNMENT|[339]|key|"Wi-Fi Access Point"
07:45:03.12 (3066700554)|STATEMENT_EXECUTE|[339]
07:45:03.12 (3066711364)|STATEMENT_EXECUTE|[340]
07:45:03.12 (3066713595)|STATEMENT_EXECUTE|[341]
07:45:03.12 (3066724915)|VARIABLE_SCOPE_BEGIN|[341]|newVal|Object|false|false
07:45:03.12 (3066735125)|VARIABLE_ASSIGNMENT|[341]|newVal|1
07:45:03.12 (3066738795)|STATEMENT_EXECUTE|[342]
07:45:03.12 (3066761526)|VARIABLE_SCOPE_BEGIN|[342]|curVal|Object|false|false
07:45:03.12 (3066770796)|VARIABLE_ASSIGNMENT|[342]|curVal|1
07:45:03.12 (3066786626)|STATEMENT_EXECUTE|[344]
07:45:03.12 (3066794886)|HEAP_ALLOCATE|[339]|Bytes:5
07:45:03.12 (3066807326)|VARIABLE_ASSIGNMENT|[339]|key|null
07:45:03.12 (3066812967)|STATEMENT_EXECUTE|[374]
07:45:03.12 (3066816267)|HEAP_ALLOCATE|[374]|Bytes:12
07:45:03.12 (3066837967)|HEAP_ALLOCATE|[EXTERNAL]|Bytes:-4
07:45:03.12 (3066846237)|HEAP_ALLOCATE|[375]|Bytes:7
07:45:03.12 (3066876008)|STATEMENT_EXECUTE|[375]
07:45:03.12 (3066878208)|STATEMENT_EXECUTE|[376]
07:45:03.12 (3066900858)|HEAP_ALLOCATE|[EXTERNAL]|Bytes:-4
07:45:03.12 (3066909879)|STATEMENT_EXECUTE|[380]
07:45:03.12 (3066912119)|STATEMENT_EXECUTE|[381]
07:45:03.12 (3066915559)|HEAP_ALLOCATE|[381]|Bytes:21
07:45:03.12 (3066933989)|HEAP_ALLOCATE|[381]|Bytes:5
07:45:03.12 (3066939089)|HEAP_ALLOCATE|[EXTERNAL]|Bytes:-4
07:45:03.12 (3066946779)|STATEMENT_EXECUTE|[393]
07:45:03.12 (3066973380)|METHOD_EXIT|[142]|01pdL00000Up09Z|CpeAiAssistantController.parseAndValidateAgentResponse(String, Map<String,Map<String,ANY>>)
07:45:03.12 (3066979420)|VARIABLE_SCOPE_BEGIN|[142]|validatedResponse|Map<String,ANY>|true|false
07:45:03.12 (3067009851)|VARIABLE_ASSIGNMENT|[142]|validatedResponse|{"newState":{"TV + Receiver":4,"Modem":"Wired","Wi-Fi Access Point":1},"stateChanges":["Map of size 7 too large to display"],"message":"Added 3 TV + Receive (56 more) ...","requireOtherCpePrompt":true}|0x7e8cfca1
07:45:03.12 (3067016991)|STATEMENT_EXECUTE|[144]
07:45:03.12 (3067024571)|METHOD_ENTRY|[144]||System.JSON.serialize(Object)
07:45:03.12 (3067999241)|METHOD_EXIT|[144]||System.JSON.serialize(Object)
07:45:03.68 (3068104415)|CUMULATIVE_LIMIT_USAGE
07:45:03.68 (3068104415)|LIMIT_USAGE_FOR_NS|(default)|
  Number of SOQL queries: 2 out of 100
  Number of query rows: 1 out of 50000
  Number of SOSL queries: 0 out of 20
  Number of DML statements: 0 out of 150
  Number of Publish Immediate DML: 0 out of 150
  Number of DML rows: 0 out of 10000
  Maximum CPU time: 728 out of 10000
  Maximum heap size: 0 out of 6000000
  Number of callouts: 0 out of 100
  Number of Email Invocations: 0 out of 10
  Number of future calls: 0 out of 50
  Number of queueable jobs added to the queue: 0 out of 50
  Number of Mobile Apex push calls: 0 out of 10

07:45:03.68 (3068104415)|CUMULATIVE_LIMIT_USAGE_END

07:45:03.12 (3068162275)|CODE_UNIT_FINISHED|CpeAiAssistantController.sendMessageToAgent(String, String, String, String)
07:45:03.12 (3068366940)|CODE_UNIT_FINISHED|apex://CpeAiAssistantController/ACTION$sendMessageToAgent
07:45:03.12 (3068379990)|EXECUTION_FINISHED
