66.0 APEX_CODE,FINEST;APEX_PROFILING,INFO;CALLOUT,INFO;DATA_ACCESS,INFO;DB,INFO;NBA,INFO;SYSTEM,DEBUG;VALIDATION,INFO;VISUALFORCE,INFO;WAVE,INFO;WORKFLOW,INFO
07:45:56.1 (1100128)|USER_INFO|[EXTERNAL]|005dL00001kiJYb|abhijithshaibinu001.b869139f1496@agentforce.com|(GMT-07:00) Pacific Daylight Time (America/Los_Angeles)|GMT-07:00
07:45:56.1 (1174141)|EXECUTION_STARTED
07:45:56.1 (1198763)|CODE_UNIT_STARTED|[EXTERNAL]|apex://CpeAiAssistantController/ACTION$sendMessageToAgent
07:45:56.1 (3943439)|CODE_UNIT_STARTED|[EXTERNAL]|01pdL00000Up09Z|CpeAiAssistantController.sendMessageToAgent(String, String, String, String)
07:45:56.1 (5819493)|HEAP_ALLOCATE|[95]|Bytes:3
07:45:56.1 (5942101)|HEAP_ALLOCATE|[100]|Bytes:152
07:45:56.1 (5962231)|HEAP_ALLOCATE|[417]|Bytes:408
07:45:56.1 (5976122)|HEAP_ALLOCATE|[430]|Bytes:408
07:45:56.1 (6003904)|HEAP_ALLOCATE|[317]|Bytes:6
07:45:56.1 (6020374)|HEAP_ALLOCATE|[EXTERNAL]|Bytes:44
07:45:56.1 (6029295)|HEAP_ALLOCATE|[EXTERNAL]|Bytes:6
07:45:56.1 (6057788)|METHOD_ENTRY|[1]|01pdL00000Up09Z|CpeAiAssistantController.CpeAiAssistantController()
07:45:56.1 (6074968)|STATEMENT_EXECUTE|[1]
07:45:56.1 (6096479)|STATEMENT_EXECUTE|[1]
07:45:56.1 (6117031)|HEAP_ALLOCATE|[68]|Bytes:5
07:45:56.1 (6161813)|HEAP_ALLOCATE|[74]|Bytes:5
07:45:56.1 (6172404)|HEAP_ALLOCATE|[82]|Bytes:7
07:45:56.1 (6538596)|HEAP_ALLOCATE|[EXTERNAL]|Bytes:5
07:45:56.1 (6566237)|METHOD_EXIT|[1]|CpeAiAssistantController
07:45:56.1 (6573148)|HEAP_ALLOCATE|[EXTERNAL]|Bytes:18
07:45:56.1 (6577078)|HEAP_ALLOCATE|[EXTERNAL]|Bytes:734
07:45:56.1 (6580099)|HEAP_ALLOCATE|[EXTERNAL]|Bytes:58
07:45:56.1 (6582868)|HEAP_ALLOCATE|[EXTERNAL]|Bytes:528
07:45:56.1 (6604050)|VARIABLE_SCOPE_BEGIN|[71]|userMessage|String|false|false
07:45:56.1 (6680874)|VARIABLE_ASSIGNMENT|[71]|userMessage|"add 5 tv receivers"
07:45:56.1 (6689755)|VARIABLE_SCOPE_BEGIN|[71]|cpeItemsJson|String|false|false
07:45:56.1 (6703636)|VARIABLE_ASSIGNMENT|[71]|cpeItemsJson|"{\n  \"CpeItems\": [\n   (714 more) ..."
07:45:56.1 (6709816)|VARIABLE_SCOPE_BEGIN|[71]|currentCartJson|String|false|false
07:45:56.1 (6720697)|VARIABLE_ASSIGNMENT|[71]|currentCartJson|"{\"TV + Receiver\":8,\" (38 more) ..."
07:45:56.1 (6726457)|VARIABLE_SCOPE_BEGIN|[71]|chatHistory|String|false|false
07:45:56.1 (6737318)|VARIABLE_ASSIGNMENT|[71]|chatHistory|"Technician: Add Rece (508 more) ..."
07:45:56.1 (6752710)|HEAP_ALLOCATE|[72]|Bytes:5
07:45:56.1 (6758499)|STATEMENT_EXECUTE|[71]
07:45:56.1 (6760710)|STATEMENT_EXECUTE|[72]
07:45:56.1 (6762670)|STATEMENT_EXECUTE|[72]
07:45:56.1 (6764929)|STATEMENT_EXECUTE|[74]
07:45:56.1 (6812553)|METHOD_ENTRY|[74]|01pdL00000Up09Z|CpeAiAssistantController.buildRulePayload(String, String)
07:45:56.1 (6839144)|VARIABLE_SCOPE_BEGIN|[156]|cpeItemsJson|String|false|false
07:45:56.1 (6848884)|VARIABLE_ASSIGNMENT|[156]|cpeItemsJson|"{\n  \"CpeItems\": [\n   (714 more) ..."
07:45:56.1 (6852455)|VARIABLE_SCOPE_BEGIN|[156]|currentCartJson|String|false|false
07:45:56.1 (6859596)|VARIABLE_ASSIGNMENT|[156]|currentCartJson|"{\"TV + Receiver\":8,\" (38 more) ..."
07:45:56.1 (6868816)|HEAP_ALLOCATE|[157]|Bytes:5
07:45:56.1 (6873557)|STATEMENT_EXECUTE|[156]
07:45:56.1 (6876046)|STATEMENT_EXECUTE|[157]
07:45:56.1 (6894947)|HEAP_ALLOCATE|[157]|Bytes:4
07:45:56.1 (6912279)|VARIABLE_SCOPE_BEGIN|[157]|rules|Map<String,Map<String,ANY>>|true|false
07:45:56.1 (6937770)|VARIABLE_ASSIGNMENT|[157]|rules|{}|0x4c099d9d
07:45:56.1 (6943601)|STATEMENT_EXECUTE|[158]
07:45:56.1 (6947010)|HEAP_ALLOCATE|[158]|Bytes:13
07:45:56.1 (6956451)|HEAP_ALLOCATE|[158]|Bytes:4
07:45:56.1 (6964602)|HEAP_ALLOCATE|[158]|Bytes:7
07:45:56.1 (7016406)|HEAP_ALLOCATE|[158]|Bytes:4
07:45:56.1 (7055907)|HEAP_ALLOCATE|[158]|Bytes:3
07:45:56.1 (7066548)|HEAP_ALLOCATE|[158]|Bytes:4
07:45:56.1 (7077169)|HEAP_ALLOCATE|[158]|Bytes:3
07:45:56.1 (7086229)|HEAP_ALLOCATE|[158]|Bytes:4
07:45:56.1 (7105440)|HEAP_ALLOCATE|[EXTERNAL]|Bytes:-4
07:45:56.1 (7113320)|STATEMENT_EXECUTE|[159]
07:45:56.1 (7116671)|HEAP_ALLOCATE|[159]|Bytes:5
07:45:56.1 (7126412)|HEAP_ALLOCATE|[159]|Bytes:4
07:45:56.1 (7132382)|HEAP_ALLOCATE|[159]|Bytes:5
07:45:56.1 (7159843)|HEAP_ALLOCATE|[159]|Bytes:4
07:45:56.1 (7176284)|HEAP_ALLOCATE|[159]|Bytes:4
07:45:56.1 (7191505)|HEAP_ALLOCATE|[EXTERNAL]|Bytes:-4
07:45:56.1 (7198146)|STATEMENT_EXECUTE|[160]
07:45:56.1 (7201406)|HEAP_ALLOCATE|[160]|Bytes:18
07:45:56.1 (7208866)|HEAP_ALLOCATE|[160]|Bytes:4
07:45:56.1 (7228877)|HEAP_ALLOCATE|[160]|Bytes:4
07:45:56.1 (7244779)|HEAP_ALLOCATE|[160]|Bytes:4
07:45:56.1 (7258049)|HEAP_ALLOCATE|[160]|Bytes:4
07:45:56.1 (7272120)|HEAP_ALLOCATE|[EXTERNAL]|Bytes:-4
07:45:56.1 (7328533)|STATEMENT_EXECUTE|[162]
07:45:56.1 (7332014)|STATEMENT_EXECUTE|[163]
07:45:56.1 (7333964)|STATEMENT_EXECUTE|[163]
07:45:56.1 (7336025)|STATEMENT_EXECUTE|[164]
07:45:56.1 (7372686)|HEAP_ALLOCATE|[164]|Bytes:24
07:45:56.1 (7383897)|SYSTEM_METHOD_ENTRY|[1]|JSON.JSON()
07:45:56.1 (7387577)|STATEMENT_EXECUTE|[1]
07:45:56.1 (7398208)|SYSTEM_METHOD_EXIT|[1]|JSON
07:45:56.1 (7408048)|METHOD_ENTRY|[164]||System.JSON.deserializeUntyped(String)
07:45:56.1 (9886388)|METHOD_EXIT|[164]||System.JSON.deserializeUntyped(String)
07:45:56.1 (9899679)|VARIABLE_SCOPE_BEGIN|[164]|currentCart|Map<String,ANY>|true|false
07:45:56.1 (9930611)|VARIABLE_ASSIGNMENT|[164]|currentCart|{"TV + Receiver":8,"Modem":"Wired","Wi-Fi Access Point":1}|0x43eb0052
07:45:56.1 (10008596)|HEAP_ALLOCATE|[165]|Bytes:52
07:45:56.1 (10080471)|HEAP_ALLOCATE|[165]|Bytes:5
07:45:56.1 (10103741)|VARIABLE_SCOPE_BEGIN|[165]|key|String|false|false
07:45:56.1 (10113842)|VARIABLE_ASSIGNMENT|[165]|key|"TV + Receiver"
07:45:56.1 (10118713)|STATEMENT_EXECUTE|[165]
07:45:56.1 (10121282)|STATEMENT_EXECUTE|[166]
07:45:56.1 (10131314)|METHOD_ENTRY|[166]|01pdL00000Up09Z|CpeAiAssistantController.normalizeProductName(String)
07:45:56.1 (10144584)|VARIABLE_SCOPE_BEGIN|[252]|rawName|String|false|false
07:45:56.1 (10153084)|VARIABLE_ASSIGNMENT|[252]|rawName|"TV + Receiver"
07:45:56.1 (10162196)|HEAP_ALLOCATE|[253]|Bytes:5
07:45:56.1 (10166625)|STATEMENT_EXECUTE|[252]
07:45:56.1 (10199107)|STATEMENT_EXECUTE|[253]
07:45:56.1 (10201367)|STATEMENT_EXECUTE|[254]
07:45:56.1 (10216828)|HEAP_ALLOCATE|[254]|Bytes:13
07:45:56.1 (10228189)|VARIABLE_SCOPE_BEGIN|[254]|lower|String|false|false
07:45:56.1 (10237250)|VARIABLE_ASSIGNMENT|[254]|lower|"tv + receiver"
07:45:56.1 (10242001)|HEAP_ALLOCATE|[255]|Bytes:2
07:45:56.1 (10271182)|STATEMENT_EXECUTE|[255]
07:45:56.1 (10281412)|METHOD_EXIT|[166]|01pdL00000Up09Z|CpeAiAssistantController.normalizeProductName(String)
07:45:56.1 (10286563)|VARIABLE_SCOPE_BEGIN|[166]|normKey|String|false|false
07:45:56.1 (10295684)|VARIABLE_ASSIGNMENT|[166]|normKey|"TV + Receiver"
07:45:56.1 (10320735)|STATEMENT_EXECUTE|[167]
07:45:56.1 (10324055)|STATEMENT_EXECUTE|[168]
07:45:56.1 (10381618)|HEAP_ALLOCATE|[165]|Bytes:5
07:45:56.1 (10394290)|VARIABLE_SCOPE_BEGIN|[165]|key|String|false|false
07:45:56.1 (10404630)|VARIABLE_ASSIGNMENT|[165]|key|"Modem"
07:45:56.1 (10408500)|STATEMENT_EXECUTE|[165]
07:45:56.1 (10410600)|STATEMENT_EXECUTE|[166]
07:45:56.1 (10415280)|METHOD_ENTRY|[166]|01pdL00000Up09Z|CpeAiAssistantController.normalizeProductName(String)
07:45:56.1 (10421121)|VARIABLE_SCOPE_BEGIN|[252]|rawName|String|false|false
07:45:56.1 (10432471)|VARIABLE_ASSIGNMENT|[252]|rawName|"Modem"
07:45:56.1 (10439653)|HEAP_ALLOCATE|[253]|Bytes:5
07:45:56.1 (10444562)|STATEMENT_EXECUTE|[252]
07:45:56.1 (10462073)|STATEMENT_EXECUTE|[253]
07:45:56.1 (10464153)|STATEMENT_EXECUTE|[254]
07:45:56.1 (10473215)|HEAP_ALLOCATE|[254]|Bytes:5
07:45:56.1 (10483784)|VARIABLE_SCOPE_BEGIN|[254]|lower|String|false|false
07:45:56.1 (10492035)|VARIABLE_ASSIGNMENT|[254]|lower|"modem"
07:45:56.1 (10508676)|HEAP_ALLOCATE|[255]|Bytes:8
07:45:56.1 (10525978)|STATEMENT_EXECUTE|[255]
07:45:56.1 (10529458)|HEAP_ALLOCATE|[256]|Bytes:5
07:45:56.1 (10556209)|HEAP_ALLOCATE|[256]|Bytes:4
07:45:56.1 (10573390)|HEAP_ALLOCATE|[256]|Bytes:2
07:45:56.1 (10590502)|HEAP_ALLOCATE|[256]|Bytes:12
07:45:56.1 (10606712)|HEAP_ALLOCATE|[256]|Bytes:6
07:45:56.1 (10621963)|STATEMENT_EXECUTE|[256]
07:45:56.1 (10624873)|HEAP_ALLOCATE|[257]|Bytes:5
07:45:56.1 (10646754)|STATEMENT_EXECUTE|[257]
07:45:56.1 (10654866)|METHOD_EXIT|[166]|01pdL00000Up09Z|CpeAiAssistantController.normalizeProductName(String)
07:45:56.1 (10660895)|VARIABLE_SCOPE_BEGIN|[166]|normKey|String|false|false
07:45:56.1 (10668566)|VARIABLE_ASSIGNMENT|[166]|normKey|"Modem"
07:45:56.1 (10680566)|STATEMENT_EXECUTE|[167]
07:45:56.1 (10682656)|STATEMENT_EXECUTE|[168]
07:45:56.1 (10717779)|HEAP_ALLOCATE|[165]|Bytes:5
07:45:56.1 (10729990)|VARIABLE_SCOPE_BEGIN|[165]|key|String|false|false
07:45:56.1 (10738280)|VARIABLE_ASSIGNMENT|[165]|key|"Wi-Fi Access Point"
07:45:56.1 (10742210)|STATEMENT_EXECUTE|[165]
07:45:56.1 (10744240)|STATEMENT_EXECUTE|[166]
07:45:56.1 (10748280)|METHOD_ENTRY|[166]|01pdL00000Up09Z|CpeAiAssistantController.normalizeProductName(String)
07:45:56.1 (10752781)|VARIABLE_SCOPE_BEGIN|[252]|rawName|String|false|false
07:45:56.1 (10759531)|VARIABLE_ASSIGNMENT|[252]|rawName|"Wi-Fi Access Point"
07:45:56.1 (10765913)|HEAP_ALLOCATE|[253]|Bytes:5
07:45:56.1 (10770492)|STATEMENT_EXECUTE|[252]
07:45:56.1 (10801094)|STATEMENT_EXECUTE|[253]
07:45:56.1 (10803334)|STATEMENT_EXECUTE|[254]
07:45:56.1 (10811974)|HEAP_ALLOCATE|[254]|Bytes:18
07:45:56.1 (10823325)|VARIABLE_SCOPE_BEGIN|[254]|lower|String|false|false
07:45:56.1 (10831465)|VARIABLE_ASSIGNMENT|[254]|lower|"wi-fi access point"
07:45:56.1 (10859387)|STATEMENT_EXECUTE|[255]
07:45:56.1 (10873708)|STATEMENT_EXECUTE|[256]
07:45:56.1 (10880679)|METHOD_EXIT|[166]|01pdL00000Up09Z|CpeAiAssistantController.normalizeProductName(String)
07:45:56.1 (10885769)|VARIABLE_SCOPE_BEGIN|[166]|normKey|String|false|false
07:45:56.1 (10894089)|VARIABLE_ASSIGNMENT|[166]|normKey|"Wi-Fi Access Point"
07:45:56.1 (10905730)|STATEMENT_EXECUTE|[167]
07:45:56.1 (10907830)|STATEMENT_EXECUTE|[168]
07:45:56.1 (10967744)|HEAP_ALLOCATE|[165]|Bytes:5
07:45:56.1 (10984846)|VARIABLE_ASSIGNMENT|[165]|key|null
07:45:56.1 (11016208)|STATEMENT_EXECUTE|[174]
07:45:56.1 (11019328)|STATEMENT_EXECUTE|[175]
07:45:56.1 (11021347)|STATEMENT_EXECUTE|[175]
07:45:56.1 (11023437)|STATEMENT_EXECUTE|[176]
07:45:56.1 (11029958)|METHOD_ENTRY|[176]||System.JSON.deserializeUntyped(String)
07:45:56.1 (12009527)|METHOD_EXIT|[176]||System.JSON.deserializeUntyped(String)
07:45:56.1 (12020197)|VARIABLE_SCOPE_BEGIN|[176]|itemsMap|Map<String,ANY>|true|false
07:45:56.1 (12047710)|HEAP_ALLOCATE|[EXTERNAL]|Bytes:20
07:45:56.1 (12091452)|VARIABLE_ASSIGNMENT|[176]|itemsMap|{"CpeItems":["Map of size 6 too large to display",{"itemType":"childProduct","maxQuantity":15,"minQuantity":0,"defaultQuantity":0,"ProductCode":"O_RES_TV_PLUS_ADDL_S (2 more) ..."},"Map of size 6 too large to display",{"itemType":"childProduct","maxQuantity":99999,"minQuantity":0,"defaultQuantity":0,"ProductCode":"O_RES_HSI_WIFI_EXTEN (3 more) ..."}]}|0x30f3bec4
07:45:56.1 (12099602)|STATEMENT_EXECUTE|[177]
07:45:56.1 (12108474)|HEAP_ALLOCATE|[177]|Bytes:4
07:45:56.1 (12173438)|VARIABLE_SCOPE_BEGIN|[177]|items|List<ANY>|true|false
07:45:56.1 (12188768)|HEAP_ALLOCATE|[EXTERNAL]|Bytes:4
07:45:56.1 (12197468)|VARIABLE_ASSIGNMENT|[177]|items|[]|0x5279c0ce
07:45:56.1 (12203379)|HEAP_ALLOCATE|[178]|Bytes:8
07:45:56.1 (12231390)|STATEMENT_EXECUTE|[178]
07:45:56.1 (12233820)|STATEMENT_EXECUTE|[179]
07:45:56.1 (12280033)|VARIABLE_ASSIGNMENT|[179]|items|["Map of size 6 too large to display",{"itemType":"childProduct","maxQuantity":15,"minQuantity":0,"defaultQuantity":0,"ProductCode":"O_RES_TV_PLUS_ADDL_S (2 more) ..."},"Map of size 6 too large to display",{"itemType":"childProduct","maxQuantity":99999,"minQuantity":0,"defaultQuantity":0,"ProductCode":"O_RES_HSI_WIFI_EXTEN (3 more) ..."}]|0x18ce9ed0
07:45:56.1 (12288744)|STATEMENT_EXECUTE|[182]
07:45:56.1 (12303375)|HEAP_ALLOCATE|[182]|Bytes:4
07:45:56.1 (12312655)|VARIABLE_SCOPE_BEGIN|[182]|limits|Map<String,Map<String,Integer>>|true|false
07:45:56.1 (12321996)|VARIABLE_ASSIGNMENT|[182]|limits|{}|0x3df96d5d
07:45:56.1 (12326247)|STATEMENT_EXECUTE|[183]
07:45:56.1 (12408111)|HEAP_ALLOCATE|[183]|Bytes:4
07:45:56.1 (12419462)|HEAP_ALLOCATE|[183]|Bytes:6
07:45:56.1 (12443233)|HEAP_ALLOCATE|[183]|Bytes:4
07:45:56.1 (12453074)|HEAP_ALLOCATE|[183]|Bytes:6
07:45:56.1 (12462304)|HEAP_ALLOCATE|[183]|Bytes:4
07:45:56.1 (12474325)|HEAP_ALLOCATE|[183]|Bytes:4
07:45:56.1 (12490286)|HEAP_ALLOCATE|[EXTERNAL]|Bytes:-4
07:45:56.1 (12498297)|STATEMENT_EXECUTE|[184]
07:45:56.1 (12505757)|HEAP_ALLOCATE|[184]|Bytes:4
07:45:56.1 (12526928)|HEAP_ALLOCATE|[184]|Bytes:4
07:45:56.1 (12540489)|HEAP_ALLOCATE|[184]|Bytes:4
07:45:56.1 (12552120)|HEAP_ALLOCATE|[184]|Bytes:4
07:45:56.1 (12565360)|HEAP_ALLOCATE|[EXTERNAL]|Bytes:-4
07:45:56.1 (12571601)|STATEMENT_EXECUTE|[185]
07:45:56.1 (12578801)|HEAP_ALLOCATE|[185]|Bytes:4
07:45:56.1 (12598552)|HEAP_ALLOCATE|[185]|Bytes:4
07:45:56.1 (12611464)|HEAP_ALLOCATE|[185]|Bytes:4
07:45:56.1 (12623194)|HEAP_ALLOCATE|[EXTERNAL]|Bytes:-4
07:45:56.1 (12630865)|STATEMENT_EXECUTE|[187]
07:45:56.1 (12642506)|METHOD_ENTRY|[187]|01pdL00000Up09Z|CpeAiAssistantController.extractCodes(List<ANY>, Map<String,Map<String,Integer>>)
07:45:56.1 (12673708)|VARIABLE_SCOPE_BEGIN|[200]|items|List<ANY>|true|false
07:45:56.1 (12698139)|VARIABLE_ASSIGNMENT|[200]|items|["Map of size 6 too large to display",{"itemType":"childProduct","maxQuantity":15,"minQuantity":0,"defaultQuantity":0,"ProductCode":"O_RES_TV_PLUS_ADDL_S (2 more) ..."},"Map of size 6 too large to display",{"itemType":"childProduct","maxQuantity":99999,"minQuantity":0,"defaultQuantity":0,"ProductCode":"O_RES_HSI_WIFI_EXTEN (3 more) ..."}]|0x18ce9ed0
07:45:56.1 (12705089)|VARIABLE_SCOPE_BEGIN|[200]|limits|Map<String,Map<String,Integer>>|true|false
07:45:56.1 (12720120)|VARIABLE_ASSIGNMENT|[200]|limits|{"tv":{"maxInc":3,"maxAdd":15,"min":1},"wifi":{"maxInc":1,"maxAdd":10,"min":1},"modem":{"max":1,"min":1}}|0x3df96d5d
07:45:56.1 (12731491)|HEAP_ALLOCATE|[201]|Bytes:5
07:45:56.1 (12736281)|STATEMENT_EXECUTE|[200]
07:45:56.1 (12739221)|STATEMENT_EXECUTE|[201]
07:45:56.1 (12777074)|HEAP_ALLOCATE|[202]|Bytes:5
07:45:56.1 (12800535)|HEAP_ALLOCATE|[202]|Bytes:28
07:45:56.1 (12810735)|VARIABLE_SCOPE_BEGIN|[202]|obj|Object|false|false
07:45:56.1 (12821546)|VARIABLE_ASSIGNMENT|[202]|obj|"Map of size 6 too large to display"
07:45:56.1 (12826256)|STATEMENT_EXECUTE|[202]
07:45:56.1 (12828846)|STATEMENT_EXECUTE|[203]
07:45:56.1 (12833158)|VARIABLE_SCOPE_BEGIN|[203]|item|Map<String,ANY>|true|false
07:45:56.1 (12845617)|VARIABLE_ASSIGNMENT|[203]|item|"Map of size 6 too large to display"|0x60661b94
07:45:56.1 (12851519)|STATEMENT_EXECUTE|[204]
07:45:56.1 (12862908)|METHOD_ENTRY|[204]|01pdL00000Up09Z|CpeAiAssistantController.getProductCode(Map<String,ANY>)
07:45:56.1 (12877789)|VARIABLE_SCOPE_BEGIN|[233]|item|Map<String,ANY>|true|false
07:45:56.1 (12888681)|VARIABLE_ASSIGNMENT|[233]|item|"Map of size 6 too large to display"|0x60661b94
07:45:56.1 (12899871)|HEAP_ALLOCATE|[234]|Bytes:5
07:45:56.1 (12905831)|STATEMENT_EXECUTE|[233]
07:45:56.1 (12910042)|HEAP_ALLOCATE|[234]|Bytes:11
07:45:56.1 (12952914)|STATEMENT_EXECUTE|[234]
07:45:56.1 (12956064)|STATEMENT_EXECUTE|[235]
07:45:56.1 (12994796)|HEAP_ALLOCATE|[235]|Bytes:17
07:45:56.1 (13015138)|METHOD_EXIT|[204]|01pdL00000Up09Z|CpeAiAssistantController.getProductCode(Map<String,ANY>)
07:45:56.1 (13023348)|VARIABLE_SCOPE_BEGIN|[204]|code|String|false|false
07:45:56.1 (13035309)|VARIABLE_ASSIGNMENT|[204]|code|"O_RES_TV_PLUS_STB"
07:45:56.1 (13040650)|STATEMENT_EXECUTE|[205]
07:45:56.1 (13044050)|HEAP_ALLOCATE|[205]|Bytes:11
07:45:56.1 (13082162)|VARIABLE_SCOPE_BEGIN|[205]|maxQ|Integer|false|false
07:45:56.1 (13094774)|VARIABLE_ASSIGNMENT|[205]|maxQ|3
07:45:56.1 (13100163)|STATEMENT_EXECUTE|[206]
07:45:56.1 (13103803)|HEAP_ALLOCATE|[206]|Bytes:11
07:45:56.1 (13136905)|VARIABLE_SCOPE_BEGIN|[206]|minQ|Integer|false|false
07:45:56.1 (13149046)|VARIABLE_ASSIGNMENT|[206]|minQ|0
07:45:56.1 (13154636)|STATEMENT_EXECUTE|[207]
07:45:56.1 (13158457)|HEAP_ALLOCATE|[207]|Bytes:15
07:45:56.1 (13194469)|VARIABLE_SCOPE_BEGIN|[207]|defQ|Integer|false|false
07:45:56.1 (13205940)|VARIABLE_ASSIGNMENT|[207]|defQ|1
07:45:56.1 (13212590)|HEAP_ALLOCATE|[209]|Bytes:17
07:45:56.1 (13240931)|STATEMENT_EXECUTE|[209]
07:45:56.1 (13243692)|STATEMENT_EXECUTE|[210]
07:45:56.1 (13287404)|STATEMENT_EXECUTE|[211]
07:45:56.1 (13326247)|HEAP_ALLOCATE|[224]|Bytes:13
07:45:56.1 (13350989)|STATEMENT_EXECUTE|[224]
07:45:56.1 (13366449)|HEAP_ALLOCATE|[202]|Bytes:5
07:45:56.1 (13387450)|HEAP_ALLOCATE|[202]|Bytes:24
07:45:56.1 (13399161)|VARIABLE_SCOPE_BEGIN|[202]|obj|Object|false|false
07:45:56.1 (13426013)|VARIABLE_ASSIGNMENT|[202]|obj|{"itemType":"childProduct","maxQuantity":15,"minQuantity":0,"defaultQuantity":0,"ProductCode":"O_RES_TV_PLUS_ADDL_S (2 more) ..."}
07:45:56.1 (13434093)|STATEMENT_EXECUTE|[202]
07:45:56.1 (13436893)|STATEMENT_EXECUTE|[203]
07:45:56.1 (13442654)|VARIABLE_SCOPE_BEGIN|[203]|item|Map<String,ANY>|true|false
07:45:56.1 (13456104)|VARIABLE_ASSIGNMENT|[203]|item|{"itemType":"childProduct","maxQuantity":15,"minQuantity":0,"defaultQuantity":0,"ProductCode":"O_RES_TV_PLUS_ADDL_S (2 more) ..."}|0x9407e09
07:45:56.1 (13460996)|STATEMENT_EXECUTE|[204]
07:45:56.1 (13467965)|METHOD_ENTRY|[204]|01pdL00000Up09Z|CpeAiAssistantController.getProductCode(Map<String,ANY>)
07:45:56.1 (13473615)|VARIABLE_SCOPE_BEGIN|[233]|item|Map<String,ANY>|true|false
07:45:56.1 (13485077)|VARIABLE_ASSIGNMENT|[233]|item|{"itemType":"childProduct","maxQuantity":15,"minQuantity":0,"defaultQuantity":0,"ProductCode":"O_RES_TV_PLUS_ADDL_S (2 more) ..."}|0x9407e09
07:45:56.1 (13495697)|HEAP_ALLOCATE|[234]|Bytes:5
07:45:56.1 (13500238)|STATEMENT_EXECUTE|[233]
07:45:56.1 (13521488)|STATEMENT_EXECUTE|[234]
07:45:56.1 (13523840)|STATEMENT_EXECUTE|[235]
07:45:56.1 (13540590)|HEAP_ALLOCATE|[235]|Bytes:22
07:45:56.1 (13555190)|METHOD_EXIT|[204]|01pdL00000Up09Z|CpeAiAssistantController.getProductCode(Map<String,ANY>)
07:45:56.1 (13560011)|VARIABLE_SCOPE_BEGIN|[204]|code|String|false|false
07:45:56.1 (13568371)|VARIABLE_ASSIGNMENT|[204]|code|"O_RES_TV_PLUS_ADDL_S (2 more) ..."
07:45:56.1 (13571962)|STATEMENT_EXECUTE|[205]
07:45:56.1 (13590303)|VARIABLE_SCOPE_BEGIN|[205]|maxQ|Integer|false|false
07:45:56.1 (13598113)|VARIABLE_ASSIGNMENT|[205]|maxQ|15
07:45:56.1 (13601853)|STATEMENT_EXECUTE|[206]
07:45:56.1 (13618834)|VARIABLE_SCOPE_BEGIN|[206]|minQ|Integer|false|false
07:45:56.1 (13626335)|VARIABLE_ASSIGNMENT|[206]|minQ|0
07:45:56.1 (13629865)|STATEMENT_EXECUTE|[207]
07:45:56.1 (13645776)|VARIABLE_SCOPE_BEGIN|[207]|defQ|Integer|false|false
07:45:56.1 (13653636)|VARIABLE_ASSIGNMENT|[207]|defQ|0
07:45:56.1 (13672238)|HEAP_ALLOCATE|[212]|Bytes:22
07:45:56.1 (13679889)|STATEMENT_EXECUTE|[212]
07:45:56.1 (13682249)|STATEMENT_EXECUTE|[213]
07:45:56.1 (13728812)|STATEMENT_EXECUTE|[224]
07:45:56.1 (13738422)|HEAP_ALLOCATE|[202]|Bytes:5
07:45:56.1 (13752722)|HEAP_ALLOCATE|[202]|Bytes:28
07:45:56.1 (13761673)|VARIABLE_SCOPE_BEGIN|[202]|obj|Object|false|false
07:45:56.1 (13772594)|VARIABLE_ASSIGNMENT|[202]|obj|"Map of size 6 too large to display"
07:45:56.1 (13776775)|STATEMENT_EXECUTE|[202]
07:45:56.1 (13778884)|STATEMENT_EXECUTE|[203]
07:45:56.1 (13782424)|VARIABLE_SCOPE_BEGIN|[203]|item|Map<String,ANY>|true|false
07:45:56.1 (13790385)|VARIABLE_ASSIGNMENT|[203]|item|"Map of size 6 too large to display"|0x1489f7a1
07:45:56.1 (13794155)|STATEMENT_EXECUTE|[204]
07:45:56.1 (13799665)|METHOD_ENTRY|[204]|01pdL00000Up09Z|CpeAiAssistantController.getProductCode(Map<String,ANY>)
07:45:56.1 (13804426)|VARIABLE_SCOPE_BEGIN|[233]|item|Map<String,ANY>|true|false
07:45:56.1 (13812106)|VARIABLE_ASSIGNMENT|[233]|item|"Map of size 6 too large to display"|0x1489f7a1
07:45:56.1 (13819516)|HEAP_ALLOCATE|[234]|Bytes:5
07:45:56.1 (13823298)|STATEMENT_EXECUTE|[233]
07:45:56.1 (13841948)|STATEMENT_EXECUTE|[234]
07:45:56.1 (13843988)|STATEMENT_EXECUTE|[235]
07:45:56.1 (13858969)|HEAP_ALLOCATE|[235]|Bytes:15
07:45:56.1 (13872160)|METHOD_EXIT|[204]|01pdL00000Up09Z|CpeAiAssistantController.getProductCode(Map<String,ANY>)
07:45:56.1 (13877950)|VARIABLE_SCOPE_BEGIN|[204]|code|String|false|false
07:45:56.1 (13885661)|VARIABLE_ASSIGNMENT|[204]|code|"O_RES_HSI_MODEM"
07:45:56.1 (13889542)|STATEMENT_EXECUTE|[205]
07:45:56.1 (13907543)|VARIABLE_SCOPE_BEGIN|[205]|maxQ|Integer|false|false
07:45:56.1 (13915332)|VARIABLE_ASSIGNMENT|[205]|maxQ|99999
07:45:56.1 (13919183)|STATEMENT_EXECUTE|[206]
07:45:56.1 (13936193)|VARIABLE_SCOPE_BEGIN|[206]|minQ|Integer|false|false
07:45:56.1 (13943825)|VARIABLE_ASSIGNMENT|[206]|minQ|0
07:45:56.1 (13947214)|STATEMENT_EXECUTE|[207]
07:45:56.1 (13964106)|VARIABLE_SCOPE_BEGIN|[207]|defQ|Integer|false|false
07:45:56.1 (13971366)|VARIABLE_ASSIGNMENT|[207]|defQ|1
07:45:56.1 (13986477)|HEAP_ALLOCATE|[214]|Bytes:27
07:45:56.1 (13995377)|HEAP_ALLOCATE|[217]|Bytes:27
07:45:56.1 (14003958)|HEAP_ALLOCATE|[219]|Bytes:15
07:45:56.1 (14010478)|STATEMENT_EXECUTE|[219]
07:45:56.1 (14012869)|STATEMENT_EXECUTE|[220]
07:45:56.1 (14043360)|HEAP_ALLOCATE|[220]|Bytes:4
07:45:56.1 (14053051)|STATEMENT_EXECUTE|[221]
07:45:56.1 (14089634)|STATEMENT_EXECUTE|[224]
07:45:56.1 (14098594)|HEAP_ALLOCATE|[202]|Bytes:5
07:45:56.1 (14112664)|HEAP_ALLOCATE|[202]|Bytes:24
07:45:56.1 (14121516)|VARIABLE_SCOPE_BEGIN|[202]|obj|Object|false|false
07:45:56.1 (14136656)|VARIABLE_ASSIGNMENT|[202]|obj|{"itemType":"childProduct","maxQuantity":99999,"minQuantity":0,"defaultQuantity":0,"ProductCode":"O_RES_HSI_WIFI_EXTEN (3 more) ..."}
07:45:56.1 (14141646)|STATEMENT_EXECUTE|[202]
07:45:56.1 (14143806)|STATEMENT_EXECUTE|[203]
07:45:56.1 (14147686)|VARIABLE_SCOPE_BEGIN|[203]|item|Map<String,ANY>|true|false
07:45:56.1 (14159417)|VARIABLE_ASSIGNMENT|[203]|item|{"itemType":"childProduct","maxQuantity":99999,"minQuantity":0,"defaultQuantity":0,"ProductCode":"O_RES_HSI_WIFI_EXTEN (3 more) ..."}|0x4463e41f
07:45:56.1 (14164057)|STATEMENT_EXECUTE|[204]
07:45:56.1 (14169008)|METHOD_ENTRY|[204]|01pdL00000Up09Z|CpeAiAssistantController.getProductCode(Map<String,ANY>)
07:45:56.1 (14173828)|VARIABLE_SCOPE_BEGIN|[233]|item|Map<String,ANY>|true|false
07:45:56.1 (14184389)|VARIABLE_ASSIGNMENT|[233]|item|{"itemType":"childProduct","maxQuantity":99999,"minQuantity":0,"defaultQuantity":0,"ProductCode":"O_RES_HSI_WIFI_EXTEN (3 more) ..."}|0x4463e41f
07:45:56.1 (14192680)|HEAP_ALLOCATE|[234]|Bytes:5
07:45:56.1 (14197219)|STATEMENT_EXECUTE|[233]
07:45:56.1 (14214390)|STATEMENT_EXECUTE|[234]
07:45:56.1 (14216721)|STATEMENT_EXECUTE|[235]
07:45:56.1 (14231611)|HEAP_ALLOCATE|[235]|Bytes:23
07:45:56.1 (14245283)|METHOD_EXIT|[204]|01pdL00000Up09Z|CpeAiAssistantController.getProductCode(Map<String,ANY>)
07:45:56.1 (14249932)|VARIABLE_SCOPE_BEGIN|[204]|code|String|false|false
07:45:56.1 (14258173)|VARIABLE_ASSIGNMENT|[204]|code|"O_RES_HSI_WIFI_EXTEN (3 more) ..."
07:45:56.1 (14261853)|STATEMENT_EXECUTE|[205]
07:45:56.1 (14281234)|VARIABLE_SCOPE_BEGIN|[205]|maxQ|Integer|false|false
07:45:56.1 (14289155)|VARIABLE_ASSIGNMENT|[205]|maxQ|99999
07:45:56.1 (14294095)|STATEMENT_EXECUTE|[206]
07:45:56.1 (14310576)|VARIABLE_SCOPE_BEGIN|[206]|minQ|Integer|false|false
07:45:56.1 (14319177)|VARIABLE_ASSIGNMENT|[206]|minQ|0
07:45:56.1 (14322768)|STATEMENT_EXECUTE|[207]
07:45:56.1 (14340289)|VARIABLE_SCOPE_BEGIN|[207]|defQ|Integer|false|false
07:45:56.1 (14348649)|VARIABLE_ASSIGNMENT|[207]|defQ|0
07:45:56.1 (14373380)|STATEMENT_EXECUTE|[209]
07:45:56.1 (14383721)|STATEMENT_EXECUTE|[224]
07:45:56.1 (14394431)|HEAP_ALLOCATE|[202]|Bytes:5
07:45:56.1 (14410352)|VARIABLE_ASSIGNMENT|[202]|obj|null
07:45:56.1 (14421894)|METHOD_EXIT|[187]|01pdL00000Up09Z|CpeAiAssistantController.extractCodes(List<ANY>, Map<String,Map<String,Integer>>)
07:45:56.1 (14426494)|STATEMENT_EXECUTE|[189]
07:45:56.1 (14490307)|HEAP_ALLOCATE|[189]|Bytes:4
07:45:56.1 (14510438)|STATEMENT_EXECUTE|[190]
07:45:56.1 (14558811)|STATEMENT_EXECUTE|[191]
07:45:56.1 (14616975)|HEAP_ALLOCATE|[191]|Bytes:4
07:45:56.1 (14628455)|STATEMENT_EXECUTE|[192]
07:45:56.1 (14674728)|STATEMENT_EXECUTE|[193]
07:45:56.1 (14719891)|STATEMENT_EXECUTE|[194]
07:45:56.1 (14767814)|STATEMENT_EXECUTE|[197]
07:45:56.1 (14791775)|METHOD_EXIT|[74]|01pdL00000Up09Z|CpeAiAssistantController.buildRulePayload(String, String)
07:45:56.1 (14798277)|VARIABLE_SCOPE_BEGIN|[74]|rules|Map<String,Map<String,ANY>>|true|false
07:45:56.1 (14815318)|VARIABLE_ASSIGNMENT|[74]|rules|{"TV + Receiver":{"current":8,"min":0,"max":18},"Modem":{"current":"Wired","min":1,"max":1},"Wi-Fi Access Point":{"current":1,"min":1,"max":11}}|0x4c099d9d
07:45:56.1 (14820457)|STATEMENT_EXECUTE|[77]
07:45:56.1 (14823457)|HEAP_ALLOCATE|[77]|Bytes:150
07:45:56.1 (14834818)|METHOD_ENTRY|[79]||System.JSON.serialize(Object)
07:45:56.1 (15692131)|METHOD_EXIT|[79]||System.JSON.serialize(Object)
07:45:56.1 (15702780)|HEAP_ALLOCATE|[79]|Bytes:24
07:45:56.1 (15742543)|HEAP_ALLOCATE|[80]|Bytes:29
07:45:56.1 (15755264)|HEAP_ALLOCATE|[77]|Bytes:893
07:45:56.1 (15760634)|VARIABLE_SCOPE_BEGIN|[77]|fullMessage|String|false|false
07:45:56.1 (15774155)|VARIABLE_ASSIGNMENT|[77]|fullMessage|"System Context: You  (873 more) ..."
07:45:56.1 (15778625)|STATEMENT_EXECUTE|[83]
07:45:56.1 (15781496)|HEAP_ALLOCATE|[84]|Bytes:22
07:45:56.1 (15785585)|HEAP_ALLOCATE|[85]|Bytes:21
07:45:56.1 (15911984)|HEAP_ALLOCATE|[83]|Bytes:12
07:45:56.1 (15920694)|HEAP_ALLOCATE|[83]|Bytes:58
07:45:56.1 (15937165)|SYSTEM_METHOD_ENTRY|[14]|Action.Action()
07:45:56.1 (15941275)|STATEMENT_EXECUTE|[14]
07:45:56.1 (15951267)|SYSTEM_METHOD_EXIT|[14]|Action
07:45:56.1 (15968937)|METHOD_ENTRY|[83]||Invocable.Action.createCustomAction(String, String)
07:45:56.1 (16185210)|METHOD_EXIT|[83]||Invocable.Action.createCustomAction(String, String)
07:45:56.1 (16191690)|VARIABLE_SCOPE_BEGIN|[83]|action|Invocable.Action|true|false
07:45:56.1 (16264704)|VARIABLE_ASSIGNMENT|[83]|action|{"invocations":"0x175f4b67","invokeFromLightningComponent":false,"name":"CPE_Equipment_Manage (1 more) ...","type":"generatePromptRespon (2 more) ..."}|0xd801e64
07:45:56.1 (16270825)|STATEMENT_EXECUTE|[88]
07:45:56.1 (16274955)|HEAP_ALLOCATE|[88]|Bytes:17
07:45:56.1 (16304897)|METHOD_ENTRY|[88]||Invocable.Action.setInvocationParameter(String, Object)
07:45:56.1 (16464066)|METHOD_EXIT|[88]||Invocable.Action.setInvocationParameter(String, Object)
07:45:56.1 (16470197)|STATEMENT_EXECUTE|[90]
07:45:56.1 (16480748)|METHOD_ENTRY|[90]||Invocable.Action.invoke()
07:45:59.490 (3490684678)|METHOD_EXIT|[90]||Invocable.Action.invoke()
07:45:59.490 (3490704320)|VARIABLE_SCOPE_BEGIN|[90]|results|List<Invocable.Action.Result>|true|false
07:45:59.490 (3490768364)|VARIABLE_ASSIGNMENT|[90]|results|[{"action":"0xd801e64","errors":"0x343bbfad","invocationParameters":"0x327380f2","outputParameters":"0x68e14a61","success":true}]|0x3b3b5cfb
07:45:59.490 (3490820057)|STATEMENT_EXECUTE|[92]
07:45:59.490 (3490822977)|STATEMENT_EXECUTE|[96]
07:45:59.490 (3490839048)|HEAP_ALLOCATE|[96]|Bytes:24
07:45:59.490 (3490848507)|VARIABLE_SCOPE_BEGIN|[96]|result|Invocable.Action.Result|true|false
07:45:59.490 (3490873530)|VARIABLE_ASSIGNMENT|[96]|result|{"action":"0xd801e64","errors":"0x343bbfad","invocationParameters":"0x327380f2","outputParameters":"0x68e14a61","success":true}|0x52945ae6
07:45:59.490 (3490897931)|METHOD_ENTRY|[98]||Invocable.Action.Result.isSuccess()
07:45:59.490 (3490921903)|METHOD_EXIT|[98]||Invocable.Action.Result.isSuccess()
07:45:59.490 (3490928432)|STATEMENT_EXECUTE|[98]
07:45:59.490 (3490930952)|STATEMENT_EXECUTE|[104]
07:45:59.490 (3490938294)|METHOD_ENTRY|[104]||Invocable.Action.Result.getOutputParameters()
07:45:59.490 (3490955244)|METHOD_EXIT|[104]||Invocable.Action.Result.getOutputParameters()
07:45:59.490 (3490960794)|VARIABLE_SCOPE_BEGIN|[104]|outputs|Map<String,ANY>|true|false
07:45:59.490 (3490977675)|VARIABLE_ASSIGNMENT|[104]|outputs|{"promptResponse":"{\n  \"message\": \"Requ (212 more) ..."}|0x68e14a61
07:45:59.490 (3490984286)|STATEMENT_EXECUTE|[105]
07:45:59.490 (3490986777)|STATEMENT_EXECUTE|[110]
07:45:59.490 (3490990257)|HEAP_ALLOCATE|[110]|Bytes:14
07:45:59.490 (3491018789)|VARIABLE_SCOPE_BEGIN|[110]|promptRespObj|Object|false|false
07:45:59.490 (3491031568)|VARIABLE_ASSIGNMENT|[110]|promptRespObj|"{\n  \"message\": \"Requ (212 more) ..."
07:45:59.490 (3491036319)|STATEMENT_EXECUTE|[111]
07:45:59.490 (3491040420)|VARIABLE_SCOPE_BEGIN|[111]|rawResponse|String|false|false
07:45:59.490 (3491048360)|VARIABLE_ASSIGNMENT|[111]|rawResponse|null
07:45:59.490 (3491053551)|STATEMENT_EXECUTE|[113]
07:45:59.490 (3491055690)|STATEMENT_EXECUTE|[114]
07:45:59.490 (3491083183)|HEAP_ALLOCATE|[114]|Bytes:232
07:45:59.490 (3491099554)|VARIABLE_ASSIGNMENT|[114]|rawResponse|"{\n  \"message\": \"Requ (212 more) ..."
07:45:59.490 (3491125835)|STATEMENT_EXECUTE|[119]
07:45:59.490 (3491128324)|STATEMENT_EXECUTE|[123]
07:45:59.490 (3491132325)|VARIABLE_SCOPE_BEGIN|[123]|cleanResponse|String|false|false
07:45:59.490 (3491140716)|VARIABLE_ASSIGNMENT|[123]|cleanResponse|null
07:45:59.490 (3491144325)|STATEMENT_EXECUTE|[124]
07:45:59.490 (3491146426)|STATEMENT_EXECUTE|[124]
07:45:59.490 (3491148477)|STATEMENT_EXECUTE|[125]
07:45:59.490 (3491157307)|METHOD_ENTRY|[125]||System.JSON.deserializeUntyped(String)
07:45:59.490 (3491530029)|METHOD_EXIT|[125]||System.JSON.deserializeUntyped(String)
07:45:59.490 (3491538749)|VARIABLE_SCOPE_BEGIN|[125]|parsed|Map<String,ANY>|true|false
07:45:59.490 (3491563911)|VARIABLE_ASSIGNMENT|[125]|parsed|{"message":"Requested increase c (97 more) ...","newState":{"TV + Receiver":18,"Modem":"Wired","Wi-Fi Access Point":1}}|0xb305916
07:45:59.490 (3491571471)|HEAP_ALLOCATE|[126]|Bytes:5
07:45:59.490 (3491599264)|STATEMENT_EXECUTE|[128]
07:45:59.490 (3491601744)|STATEMENT_EXECUTE|[129]
07:45:59.490 (3491609785)|VARIABLE_ASSIGNMENT|[129]|cleanResponse|"{\n  \"message\": \"Requ (212 more) ..."
07:45:59.490 (3491616145)|STATEMENT_EXECUTE|[135]
07:45:59.490 (3491618354)|STATEMENT_EXECUTE|[136]
07:45:59.490 (3491621625)|HEAP_ALLOCATE|[136]|Bytes:3
07:45:59.490 (3491629475)|HEAP_ALLOCATE|[136]|Bytes:1
07:45:59.490 (3491663908)|HEAP_ALLOCATE|[136]|Bytes:232
07:45:59.490 (3491679859)|VARIABLE_ASSIGNMENT|[136]|cleanResponse|"{\n  \"message\": \"Requ (212 more) ..."
07:45:59.490 (3491684539)|STATEMENT_EXECUTE|[137]
07:45:59.490 (3491688408)|HEAP_ALLOCATE|[137]|Bytes:2
07:45:59.490 (3491710861)|HEAP_ALLOCATE|[137]|Bytes:232
07:45:59.490 (3491726051)|VARIABLE_ASSIGNMENT|[137]|cleanResponse|"{\n  \"message\": \"Requ (212 more) ..."
07:45:59.490 (3491730411)|STATEMENT_EXECUTE|[138]
07:45:59.490 (3491733952)|HEAP_ALLOCATE|[138]|Bytes:3
07:45:59.490 (3491737952)|HEAP_ALLOCATE|[138]|Bytes:1
07:45:59.490 (3491759664)|HEAP_ALLOCATE|[138]|Bytes:232
07:45:59.490 (3491775065)|VARIABLE_ASSIGNMENT|[138]|cleanResponse|"{\n  \"message\": \"Requ (212 more) ..."
07:45:59.490 (3491779315)|STATEMENT_EXECUTE|[142]
07:45:59.490 (3491792415)|METHOD_ENTRY|[142]|01pdL00000Up09Z|CpeAiAssistantController.parseAndValidateAgentResponse(String, Map<String,Map<String,ANY>>)
07:45:59.490 (3491803005)|VARIABLE_SCOPE_BEGIN|[261]|rawResponse|String|false|false
07:45:59.490 (3491811267)|VARIABLE_ASSIGNMENT|[261]|rawResponse|"{\n  \"message\": \"Requ (212 more) ..."
07:45:59.490 (3491816046)|VARIABLE_SCOPE_BEGIN|[261]|rules|Map<String,Map<String,ANY>>|true|false
07:45:59.490 (3491834727)|VARIABLE_ASSIGNMENT|[261]|rules|{"TV + Receiver":{"current":8,"min":0,"max":18},"Modem":{"current":"Wired","min":1,"max":1},"Wi-Fi Access Point":{"current":1,"min":1,"max":11}}|0x4c099d9d
07:45:59.490 (3491849338)|HEAP_ALLOCATE|[262]|Bytes:5
07:45:59.490 (3491854408)|STATEMENT_EXECUTE|[261]
07:45:59.490 (3491896042)|STATEMENT_EXECUTE|[262]
07:45:59.490 (3491906632)|HEAP_ALLOCATE|[262]|Bytes:4
07:45:59.490 (3491917342)|VARIABLE_SCOPE_BEGIN|[262]|finalResponse|Map<String,ANY>|true|false
07:45:59.490 (3491928493)|VARIABLE_ASSIGNMENT|[262]|finalResponse|{}|0x79e09a02
07:45:59.490 (3491932973)|STATEMENT_EXECUTE|[264]
07:45:59.490 (3491935213)|STATEMENT_EXECUTE|[264]
07:45:59.490 (3491937314)|STATEMENT_EXECUTE|[265]
07:45:59.490 (3491944675)|METHOD_ENTRY|[265]||System.JSON.deserializeUntyped(String)
07:45:59.490 (3492215680)|METHOD_EXIT|[265]||System.JSON.deserializeUntyped(String)
07:45:59.490 (3492225871)|VARIABLE_SCOPE_BEGIN|[265]|parsed|Map<String,ANY>|true|false
07:45:59.490 (3492246653)|VARIABLE_ASSIGNMENT|[265]|parsed|{"message":"Requested increase c (97 more) ...","newState":{"TV + Receiver":18,"Modem":"Wired","Wi-Fi Access Point":1}}|0x216b38c2
07:45:59.490 (3492254183)|HEAP_ALLOCATE|[267]|Bytes:8
07:45:59.490 (3492280895)|STATEMENT_EXECUTE|[267]
07:45:59.490 (3492283625)|STATEMENT_EXECUTE|[268]
07:45:59.490 (3492310507)|VARIABLE_SCOPE_BEGIN|[268]|newStateRaw|Map<String,ANY>|true|false
07:45:59.490 (3492324978)|VARIABLE_ASSIGNMENT|[268]|newStateRaw|{"TV + Receiver":18,"Modem":"Wired","Wi-Fi Access Point":1}|0x5ca69667
07:45:59.490 (3492329727)|STATEMENT_EXECUTE|[269]
07:45:59.490 (3492335847)|HEAP_ALLOCATE|[269]|Bytes:4
07:45:59.490 (3492343579)|VARIABLE_SCOPE_BEGIN|[269]|normalizedState|Map<String,ANY>|true|false
07:45:59.490 (3492353718)|VARIABLE_ASSIGNMENT|[269]|normalizedState|{}|0x15299701
07:45:59.490 (3492358110)|STATEMENT_EXECUTE|[271]
07:45:59.490 (3492361879)|VARIABLE_SCOPE_BEGIN|[271]|changedCpeCount|Integer|false|false
07:45:59.490 (3492366849)|HEAP_ALLOCATE|[271]|Bytes:4
07:45:59.490 (3492373440)|VARIABLE_ASSIGNMENT|[271]|changedCpeCount|0
07:45:59.490 (3492411122)|HEAP_ALLOCATE|[273]|Bytes:52
07:45:59.490 (3492447345)|HEAP_ALLOCATE|[273]|Bytes:5
07:45:59.490 (3492462666)|VARIABLE_SCOPE_BEGIN|[273]|key|String|false|false
07:45:59.490 (3492475837)|VARIABLE_ASSIGNMENT|[273]|key|"TV + Receiver"
07:45:59.490 (3492480456)|STATEMENT_EXECUTE|[273]
07:45:59.490 (3492482757)|STATEMENT_EXECUTE|[274]
07:45:59.490 (3492488918)|METHOD_ENTRY|[274]|01pdL00000Up09Z|CpeAiAssistantController.normalizeProductName(String)
07:45:59.490 (3492498798)|VARIABLE_SCOPE_BEGIN|[252]|rawName|String|false|false
07:45:59.490 (3492507069)|VARIABLE_ASSIGNMENT|[252]|rawName|"TV + Receiver"
07:45:59.490 (3492515168)|HEAP_ALLOCATE|[253]|Bytes:5
07:45:59.490 (3492520040)|STATEMENT_EXECUTE|[252]
07:45:59.490 (3492538071)|STATEMENT_EXECUTE|[253]
07:45:59.490 (3492540401)|STATEMENT_EXECUTE|[254]
07:45:59.490 (3492551431)|HEAP_ALLOCATE|[254]|Bytes:13
07:45:59.490 (3492562512)|VARIABLE_SCOPE_BEGIN|[254]|lower|String|false|false
07:45:59.490 (3492570673)|VARIABLE_ASSIGNMENT|[254]|lower|"tv + receiver"
07:45:59.490 (3492590173)|STATEMENT_EXECUTE|[255]
07:45:59.490 (3492598914)|METHOD_EXIT|[274]|01pdL00000Up09Z|CpeAiAssistantController.normalizeProductName(String)
07:45:59.490 (3492605144)|VARIABLE_SCOPE_BEGIN|[274]|normKey|String|false|false
07:45:59.490 (3492612995)|VARIABLE_ASSIGNMENT|[274]|normKey|"TV + Receiver"
07:45:59.490 (3492635986)|HEAP_ALLOCATE|[276]|Bytes:17
07:45:59.490 (3492660678)|STATEMENT_EXECUTE|[276]
07:45:59.490 (3492663798)|STATEMENT_EXECUTE|[277]
07:45:59.490 (3492684009)|VARIABLE_SCOPE_BEGIN|[277]|qty|Integer|false|false
07:45:59.490 (3492693459)|VARIABLE_ASSIGNMENT|[277]|qty|18
07:45:59.490 (3492715321)|STATEMENT_EXECUTE|[279]
07:45:59.490 (3492717802)|STATEMENT_EXECUTE|[280]
07:45:59.490 (3492721292)|VARIABLE_SCOPE_BEGIN|[280]|current|Integer|false|false
07:45:59.490 (3492727292)|HEAP_ALLOCATE|[280]|Bytes:4
07:45:59.490 (3492733981)|VARIABLE_ASSIGNMENT|[280]|current|0
07:45:59.490 (3492777144)|STATEMENT_EXECUTE|[281]
07:45:59.490 (3492779664)|STATEMENT_EXECUTE|[282]
07:45:59.490 (3492812586)|VARIABLE_ASSIGNMENT|[282]|current|8
07:45:59.490 (3492818018)|STATEMENT_EXECUTE|[284]
07:45:59.490 (3492848489)|VARIABLE_SCOPE_BEGIN|[284]|max|Integer|false|false
07:45:59.490 (3492857149)|VARIABLE_ASSIGNMENT|[284]|max|18
07:45:59.490 (3492861229)|STATEMENT_EXECUTE|[285]
07:45:59.490 (3492891511)|VARIABLE_SCOPE_BEGIN|[285]|min|Integer|false|false
07:45:59.490 (3492901383)|VARIABLE_ASSIGNMENT|[285]|min|0
07:45:59.490 (3492911453)|STATEMENT_EXECUTE|[287]
07:45:59.490 (3492916374)|STATEMENT_EXECUTE|[295]
07:45:59.490 (3492919144)|STATEMENT_EXECUTE|[296]
07:45:59.490 (3492924323)|VARIABLE_SCOPE_BEGIN|[296]|required|Integer|false|false
07:45:59.490 (3492931934)|HEAP_ALLOCATE|[296]|Bytes:4
07:45:59.490 (3492941834)|VARIABLE_ASSIGNMENT|[296]|required|10
07:45:59.490 (3492947844)|STATEMENT_EXECUTE|[297]
07:45:59.490 (3492968227)|HEAP_ALLOCATE|[297]|Bytes:9
07:45:59.490 (3492977236)|VARIABLE_SCOPE_BEGIN|[297]|prodCode|String|false|false
07:45:59.490 (3492989778)|VARIABLE_ASSIGNMENT|[297]|prodCode|"REC-TV-01"
07:45:59.490 (3492996548)|STATEMENT_EXECUTE|[298]
07:45:59.490 (3492999768)|STATEMENT_EXECUTE|[299]
07:45:59.490 (3493013269)|METHOD_ENTRY|[299]|01pdL00000Up09Z|CpeAiAssistantController.getVanStock(String)
07:45:59.490 (3493032850)|VARIABLE_SCOPE_BEGIN|[396]|productCode|String|false|false
07:45:59.490 (3493044951)|VARIABLE_ASSIGNMENT|[396]|productCode|"REC-TV-01"
07:45:59.490 (3493058912)|HEAP_ALLOCATE|[397]|Bytes:5
07:45:59.490 (3493065543)|STATEMENT_EXECUTE|[396]
07:45:59.490 (3493068873)|STATEMENT_EXECUTE|[397]
07:45:59.490 (3493071663)|STATEMENT_EXECUTE|[397]
07:45:59.490 (3493074513)|STATEMENT_EXECUTE|[398]
07:45:59.490 (3493083664)|METHOD_ENTRY|[398]|01pdL00000Up09Z|CpeAiAssistantController.getMyServiceResource()
07:45:59.490 (3493225912)|HEAP_ALLOCATE|[552]|Bytes:5
07:45:59.490 (3493234473)|STATEMENT_EXECUTE|[551]
07:45:59.490 (3493237043)|STATEMENT_EXECUTE|[552]
07:45:59.490 (3493240443)|HEAP_ALLOCATE|[552]|Bytes:163
07:45:59.490 (3493251333)|HEAP_ALLOCATE|[552]|Bytes:4
07:45:59.490 (3493258564)|HEAP_ALLOCATE|[552]|Bytes:7
07:45:59.490 (3493293455)|HEAP_ALLOCATE|[555]|Bytes:105
07:45:59.490 (3493306856)|SYSTEM_METHOD_ENTRY|[1]|UserInfo.UserInfo()
07:45:59.490 (3493310986)|STATEMENT_EXECUTE|[1]
07:45:59.490 (3493318878)|SYSTEM_METHOD_EXIT|[1]|UserInfo
07:45:59.490 (3493327427)|METHOD_ENTRY|[555]||System.UserInfo.getUserId()
07:45:59.490 (3493354570)|METHOD_EXIT|[555]||System.UserInfo.getUserId()
07:45:59.490 (3496104865)|SOQL_EXECUTE_BEGIN|[552]|Aggregations:0|SELECT Id, LocationId, LastKnownLocation, LastKnownLatitude, LastKnownLongitude FROM ServiceResource WHERE (RelatedRecordId = :tmpVar1 AND IsActive = TRUE) LIMIT 1
07:45:59.490 (3505000114)|SOQL_EXECUTE_END|[552]|Rows:1
07:45:59.490 (3505038286)|HEAP_ALLOCATE|[552]|Bytes:8
07:45:59.490 (3505061897)|HEAP_ALLOCATE|[552]|Bytes:201
07:45:59.490 (3505150844)|HEAP_ALLOCATE|[552]|Bytes:8
07:45:59.490 (3505171675)|VARIABLE_SCOPE_BEGIN|[552]|srs|List<ServiceResource>|true|false
07:45:59.490 (3505375036)|VARIABLE_ASSIGNMENT|[552]|srs|[{"LocationId":"131dL000000OKGvQAO","Id":"0HndL000000MjRVSA0","LastKnownLocation":{"latitude":0.0,"longitude":0.0},"LastKnownLatitude":0E-15,"LastKnownLongitude":0E-15}]|0x38668fe1
07:45:59.490 (3505384168)|STATEMENT_EXECUTE|[558]
07:45:59.490 (3505491513)|HEAP_ALLOCATE|[558]|Bytes:24
07:45:59.490 (3505510505)|METHOD_EXIT|[398]|01pdL00000Up09Z|CpeAiAssistantController.getMyServiceResource()
07:45:59.490 (3505517546)|VARIABLE_SCOPE_BEGIN|[398]|sr|ServiceResource|true|false
07:45:59.490 (3505575808)|VARIABLE_ASSIGNMENT|[398]|sr|{"LocationId":"131dL000000OKGvQAO","Id":"0HndL000000MjRVSA0","LastKnownLocation":{"latitude":0.0,"longitude":0.0},"LastKnownLatitude":0E-15,"LastKnownLongitude":0E-15}|0xc1e8104
07:45:59.490 (3505614782)|STATEMENT_EXECUTE|[399]
07:45:59.490 (3505617521)|STATEMENT_EXECUTE|[400]
07:45:59.490 (3505622782)|HEAP_ALLOCATE|[400]|Bytes:112
07:45:59.490 (3505643212)|HEAP_ALLOCATE|[400]|Bytes:4
07:45:59.490 (3505667035)|HEAP_ALLOCATE|[400]|Bytes:7
07:45:59.490 (3512274705)|SOQL_EXECUTE_BEGIN|[400]|Aggregations:0|SELECT QuantityOnHand FROM ProductItem WHERE (LocationId = :tmpVar1 AND Product2.ProductCode = :tmpVar2) LIMIT 1
07:45:59.490 (3524572758)|SOQL_EXECUTE_END|[400]|Rows:0
07:45:59.490 (3524612640)|HEAP_ALLOCATE|[400]|Bytes:4
07:45:59.490 (3524630533)|HEAP_ALLOCATE|[400]|Bytes:0
07:45:59.490 (3524748740)|HEAP_ALLOCATE|[400]|Bytes:4
07:45:59.490 (3524771570)|VARIABLE_SCOPE_BEGIN|[400]|items|List<ProductItem>|true|false
07:45:59.490 (3524796522)|VARIABLE_ASSIGNMENT|[400]|items|[]|0x181e8247
07:45:59.490 (3524893118)|STATEMENT_EXECUTE|[406]
07:45:59.490 (3524918849)|STATEMENT_EXECUTE|[412]
07:45:59.490 (3524923800)|HEAP_ALLOCATE|[412]|Bytes:4
07:45:59.490 (3524940420)|METHOD_EXIT|[299]|01pdL00000Up09Z|CpeAiAssistantController.getVanStock(String)
07:45:59.490 (3524947922)|VARIABLE_SCOPE_BEGIN|[299]|vanStock|Integer|false|false
07:45:59.490 (3524952752)|HEAP_ALLOCATE|[299]|Bytes:4
07:45:59.490 (3524964713)|VARIABLE_ASSIGNMENT|[299]|vanStock|5
07:45:59.490 (3524973102)|STATEMENT_EXECUTE|[300]
07:45:59.490 (3524975772)|STATEMENT_EXECUTE|[301]
07:45:59.490 (3524980244)|HEAP_ALLOCATE|[301]|Bytes:4
07:45:59.490 (3524987404)|VARIABLE_ASSIGNMENT|[301]|qty|13
07:45:59.490 (3524991533)|STATEMENT_EXECUTE|[302]
07:45:59.490 (3524996574)|HEAP_ALLOCATE|[302]|Bytes:7
07:45:59.490 (3525001365)|HEAP_ALLOCATE|[302]|Bytes:14
07:45:59.490 (3525045257)|HEAP_ALLOCATE|[302]|Bytes:1
07:45:59.490 (3525081429)|HEAP_ALLOCATE|[302]|Bytes:1
07:45:59.490 (3525086429)|HEAP_ALLOCATE|[302]|Bytes:77
07:45:59.490 (3525099291)|HEAP_ALLOCATE|[302]|Bytes:106
07:45:59.490 (3525121572)|HEAP_ALLOCATE|[EXTERNAL]|Bytes:-4
07:45:59.490 (3525131222)|STATEMENT_EXECUTE|[307]
07:45:59.490 (3525153214)|HEAP_ALLOCATE|[307]|Bytes:4
07:45:59.490 (3525174485)|HEAP_ALLOCATE|[EXTERNAL]|Bytes:-4
07:45:59.490 (3525183926)|STATEMENT_EXECUTE|[309]
07:45:59.490 (3525186406)|STATEMENT_EXECUTE|[310]
07:45:59.490 (3525189635)|HEAP_ALLOCATE|[310]|Bytes:4
07:45:59.490 (3525197236)|VARIABLE_ASSIGNMENT|[310]|changedCpeCount|1
07:45:59.490 (3525224507)|HEAP_ALLOCATE|[273]|Bytes:5
07:45:59.490 (3525241508)|VARIABLE_SCOPE_BEGIN|[273]|key|String|false|false
07:45:59.490 (3525253629)|VARIABLE_ASSIGNMENT|[273]|key|"Modem"
07:45:59.490 (3525258560)|STATEMENT_EXECUTE|[273]
07:45:59.490 (3525260891)|STATEMENT_EXECUTE|[274]
07:45:59.490 (3525267080)|METHOD_ENTRY|[274]|01pdL00000Up09Z|CpeAiAssistantController.normalizeProductName(String)
07:45:59.490 (3525273710)|VARIABLE_SCOPE_BEGIN|[252]|rawName|String|false|false
07:45:59.490 (3525284142)|VARIABLE_ASSIGNMENT|[252]|rawName|"Modem"
07:45:59.490 (3525299373)|HEAP_ALLOCATE|[253]|Bytes:5
07:45:59.490 (3525305592)|STATEMENT_EXECUTE|[252]
07:45:59.490 (3525330404)|STATEMENT_EXECUTE|[253]
07:45:59.490 (3525333564)|STATEMENT_EXECUTE|[254]
07:45:59.490 (3525347325)|HEAP_ALLOCATE|[254]|Bytes:5
07:45:59.490 (3525360636)|VARIABLE_SCOPE_BEGIN|[254]|lower|String|false|false
07:45:59.490 (3525372387)|VARIABLE_ASSIGNMENT|[254]|lower|"modem"
07:45:59.490 (3525410729)|STATEMENT_EXECUTE|[255]
07:45:59.490 (3525482093)|STATEMENT_EXECUTE|[256]
07:45:59.490 (3525499545)|STATEMENT_EXECUTE|[257]
07:45:59.490 (3525508165)|METHOD_EXIT|[274]|01pdL00000Up09Z|CpeAiAssistantController.normalizeProductName(String)
07:45:59.490 (3525515885)|VARIABLE_SCOPE_BEGIN|[274]|normKey|String|false|false
07:45:59.490 (3525527427)|VARIABLE_ASSIGNMENT|[274]|normKey|"Modem"
07:45:59.490 (3525585969)|HEAP_ALLOCATE|[315]|Bytes:16
07:45:59.490 (3525603420)|STATEMENT_EXECUTE|[315]
07:45:59.490 (3525606992)|STATEMENT_EXECUTE|[317]
07:45:59.490 (3525639973)|HEAP_ALLOCATE|[EXTERNAL]|Bytes:-4
07:45:59.490 (3525650133)|STATEMENT_EXECUTE|[318]
07:45:59.490 (3525655484)|VARIABLE_SCOPE_BEGIN|[318]|currentStr|String|false|false
07:45:59.490 (3525668475)|VARIABLE_ASSIGNMENT|[318]|currentStr|""
07:45:59.490 (3525737249)|STATEMENT_EXECUTE|[319]
07:45:59.490 (3525740690)|STATEMENT_EXECUTE|[320]
07:45:59.490 (3525782042)|VARIABLE_ASSIGNMENT|[320]|currentStr|"Wired"
07:45:59.490 (3525820593)|HEAP_ALLOCATE|[322]|Bytes:5
07:45:59.490 (3525843496)|STATEMENT_EXECUTE|[322]
07:45:59.490 (3525859986)|HEAP_ALLOCATE|[273]|Bytes:5
07:45:59.490 (3525876378)|VARIABLE_SCOPE_BEGIN|[273]|key|String|false|false
07:45:59.490 (3525891588)|VARIABLE_ASSIGNMENT|[273]|key|"Wi-Fi Access Point"
07:45:59.490 (3525897188)|STATEMENT_EXECUTE|[273]
07:45:59.490 (3525900268)|STATEMENT_EXECUTE|[274]
07:45:59.490 (3525906650)|METHOD_ENTRY|[274]|01pdL00000Up09Z|CpeAiAssistantController.normalizeProductName(String)
07:45:59.490 (3525913469)|VARIABLE_SCOPE_BEGIN|[252]|rawName|String|false|false
07:45:59.490 (3525924360)|VARIABLE_ASSIGNMENT|[252]|rawName|"Wi-Fi Access Point"
07:45:59.490 (3525933790)|HEAP_ALLOCATE|[253]|Bytes:5
07:45:59.490 (3525939092)|STATEMENT_EXECUTE|[252]
07:45:59.490 (3525958133)|STATEMENT_EXECUTE|[253]
07:45:59.490 (3525961322)|STATEMENT_EXECUTE|[254]
07:45:59.490 (3525971454)|HEAP_ALLOCATE|[254]|Bytes:18
07:45:59.490 (3525983673)|VARIABLE_SCOPE_BEGIN|[254]|lower|String|false|false
07:45:59.490 (3525995164)|VARIABLE_ASSIGNMENT|[254]|lower|"wi-fi access point"
07:45:59.490 (3526031227)|STATEMENT_EXECUTE|[255]
07:45:59.490 (3526050797)|STATEMENT_EXECUTE|[256]
07:45:59.490 (3526059589)|METHOD_EXIT|[274]|01pdL00000Up09Z|CpeAiAssistantController.normalizeProductName(String)
07:45:59.490 (3526067219)|VARIABLE_SCOPE_BEGIN|[274]|normKey|String|false|false
07:45:59.490 (3526079430)|VARIABLE_ASSIGNMENT|[274]|normKey|"Wi-Fi Access Point"
07:45:59.490 (3526103321)|STATEMENT_EXECUTE|[276]
07:45:59.490 (3526106662)|STATEMENT_EXECUTE|[277]
07:45:59.490 (3526119073)|VARIABLE_SCOPE_BEGIN|[277]|qty|Integer|false|false
07:45:59.490 (3526130833)|VARIABLE_ASSIGNMENT|[277]|qty|1
07:45:59.490 (3526145893)|STATEMENT_EXECUTE|[279]
07:45:59.490 (3526149104)|STATEMENT_EXECUTE|[280]
07:45:59.490 (3526152875)|VARIABLE_SCOPE_BEGIN|[280]|current|Integer|false|false
07:45:59.490 (3526160404)|HEAP_ALLOCATE|[280]|Bytes:4
07:45:59.490 (3526168946)|VARIABLE_ASSIGNMENT|[280]|current|0
07:45:59.490 (3526208847)|STATEMENT_EXECUTE|[281]
07:45:59.490 (3526212337)|STATEMENT_EXECUTE|[282]
07:45:59.490 (3526243899)|VARIABLE_ASSIGNMENT|[282]|current|1
07:45:59.490 (3526251431)|STATEMENT_EXECUTE|[284]
07:45:59.490 (3526279181)|VARIABLE_SCOPE_BEGIN|[284]|max|Integer|false|false
07:45:59.490 (3526291012)|VARIABLE_ASSIGNMENT|[284]|max|11
07:45:59.490 (3526296393)|STATEMENT_EXECUTE|[285]
07:45:59.490 (3526322414)|VARIABLE_SCOPE_BEGIN|[285]|min|Integer|false|false
07:45:59.490 (3526333264)|VARIABLE_ASSIGNMENT|[285]|min|1
07:45:59.490 (3526342196)|STATEMENT_EXECUTE|[287]
07:45:59.490 (3526347046)|STATEMENT_EXECUTE|[295]
07:45:59.490 (3526349945)|STATEMENT_EXECUTE|[307]
07:45:59.490 (3526365637)|HEAP_ALLOCATE|[EXTERNAL]|Bytes:-4
07:45:59.490 (3526378048)|STATEMENT_EXECUTE|[309]
07:45:59.490 (3526391068)|HEAP_ALLOCATE|[273]|Bytes:5
07:45:59.490 (3526408490)|VARIABLE_ASSIGNMENT|[273]|key|null
07:45:59.490 (3526464043)|HEAP_ALLOCATE|[329]|Bytes:52
07:45:59.490 (3526498874)|HEAP_ALLOCATE|[329]|Bytes:5
07:45:59.490 (3526513846)|VARIABLE_SCOPE_BEGIN|[329]|ruleKey|String|false|false
07:45:59.490 (3526526746)|VARIABLE_ASSIGNMENT|[329]|ruleKey|"TV + Receiver"
07:45:59.490 (3526533178)|STATEMENT_EXECUTE|[329]
07:45:59.490 (3526561779)|STATEMENT_EXECUTE|[330]
07:45:59.490 (3526573010)|HEAP_ALLOCATE|[329]|Bytes:5
07:45:59.490 (3526589251)|VARIABLE_SCOPE_BEGIN|[329]|ruleKey|String|false|false
07:45:59.490 (3526602572)|VARIABLE_ASSIGNMENT|[329]|ruleKey|"Modem"
07:45:59.490 (3526608412)|STATEMENT_EXECUTE|[329]
07:45:59.490 (3526622402)|STATEMENT_EXECUTE|[330]
07:45:59.490 (3526632203)|HEAP_ALLOCATE|[329]|Bytes:5
07:45:59.490 (3526645584)|VARIABLE_SCOPE_BEGIN|[329]|ruleKey|String|false|false
07:45:59.490 (3526657314)|VARIABLE_ASSIGNMENT|[329]|ruleKey|"Wi-Fi Access Point"
07:45:59.490 (3526662615)|STATEMENT_EXECUTE|[329]
07:45:59.490 (3526675125)|STATEMENT_EXECUTE|[330]
07:45:59.490 (3526683996)|HEAP_ALLOCATE|[329]|Bytes:5
07:45:59.490 (3526697307)|VARIABLE_ASSIGNMENT|[329]|ruleKey|null
07:45:59.490 (3526703548)|STATEMENT_EXECUTE|[335]
07:45:59.490 (3526731128)|HEAP_ALLOCATE|[EXTERNAL]|Bytes:-4
07:45:59.490 (3526739239)|STATEMENT_EXECUTE|[338]
07:45:59.490 (3526754671)|HEAP_ALLOCATE|[338]|Bytes:4
07:45:59.490 (3526800733)|VARIABLE_SCOPE_BEGIN|[338]|stateChanges|List<Map<String,ANY>>|true|false
07:45:59.490 (3526821355)|HEAP_ALLOCATE|[EXTERNAL]|Bytes:4
07:45:59.490 (3526832466)|VARIABLE_ASSIGNMENT|[338]|stateChanges|[]|0x373e0924
07:45:59.490 (3526859576)|HEAP_ALLOCATE|[339]|Bytes:52
07:45:59.490 (3526883789)|HEAP_ALLOCATE|[339]|Bytes:5
07:45:59.490 (3526896710)|VARIABLE_SCOPE_BEGIN|[339]|key|String|false|false
07:45:59.490 (3526905539)|VARIABLE_ASSIGNMENT|[339]|key|"TV + Receiver"
07:45:59.490 (3526909550)|STATEMENT_EXECUTE|[339]
07:45:59.490 (3526932282)|STATEMENT_EXECUTE|[340]
07:45:59.490 (3526934682)|STATEMENT_EXECUTE|[341]
07:45:59.490 (3526955052)|VARIABLE_SCOPE_BEGIN|[341]|newVal|Object|false|false
07:45:59.490 (3526965474)|VARIABLE_ASSIGNMENT|[341]|newVal|13
07:45:59.490 (3526970564)|STATEMENT_EXECUTE|[342]
07:45:59.490 (3527003935)|VARIABLE_SCOPE_BEGIN|[342]|curVal|Object|false|false
07:45:59.490 (3527014167)|VARIABLE_ASSIGNMENT|[342]|curVal|8
07:45:59.490 (3527071179)|STATEMENT_EXECUTE|[344]
07:45:59.490 (3527073640)|STATEMENT_EXECUTE|[345]
07:45:59.490 (3527082161)|HEAP_ALLOCATE|[345]|Bytes:4
07:45:59.490 (3527090921)|HEAP_ALLOCATE|[346]|Bytes:5
07:45:59.490 (3527118632)|HEAP_ALLOCATE|[346]|Bytes:13
07:45:59.490 (3527148504)|HEAP_ALLOCATE|[347]|Bytes:11
07:45:59.490 (3527169985)|HEAP_ALLOCATE|[348]|Bytes:8
07:45:59.490 (3527186986)|HEAP_ALLOCATE|[349]|Bytes:8
07:45:59.490 (3527201488)|HEAP_ALLOCATE|[350]|Bytes:5
07:45:59.490 (3527225969)|HEAP_ALLOCATE|[345]|Bytes:4
07:45:59.490 (3527236380)|VARIABLE_SCOPE_BEGIN|[345]|change|Map<String,ANY>|true|false
07:45:59.490 (3527264142)|VARIABLE_ASSIGNMENT|[345]|change|{"label":"TV + RECEIVER","productCode":"O_RES_TV_PLUS_STB","oldUnits":8,"newUnits":13,"units":5}|0x155be333
07:45:59.490 (3527314554)|STATEMENT_EXECUTE|[353]
07:45:59.490 (3527317034)|STATEMENT_EXECUTE|[354]
07:45:59.490 (3527320255)|HEAP_ALLOCATE|[354]|Bytes:14
07:45:59.490 (3527356476)|HEAP_ALLOCATE|[354]|Bytes:4
07:45:59.490 (3527366727)|HEAP_ALLOCATE|[EXTERNAL]|Bytes:-4
07:45:59.490 (3527373628)|STATEMENT_EXECUTE|[357]
07:45:59.490 (3527383678)|VARIABLE_SCOPE_BEGIN|[357]|curQty|Integer|false|false
07:45:59.490 (3527392419)|VARIABLE_ASSIGNMENT|[357]|curQty|8
07:45:59.490 (3527396260)|STATEMENT_EXECUTE|[358]
07:45:59.490 (3527405319)|VARIABLE_SCOPE_BEGIN|[358]|newQty|Integer|false|false
07:45:59.490 (3527413130)|VARIABLE_ASSIGNMENT|[358]|newQty|13
07:45:59.490 (3527416840)|STATEMENT_EXECUTE|[359]
07:45:59.490 (3527420400)|VARIABLE_SCOPE_BEGIN|[359]|diff|Integer|false|false
07:45:59.490 (3527432672)|HEAP_ALLOCATE|[359]|Bytes:4
07:45:59.490 (3527439112)|VARIABLE_ASSIGNMENT|[359]|diff|5
07:45:59.490 (3527443583)|STATEMENT_EXECUTE|[360]
07:45:59.490 (3527492525)|VARIABLE_SCOPE_BEGIN|[2]|System.Math.E|Double|false|true
07:45:59.490 (3527498596)|VARIABLE_SCOPE_BEGIN|[3]|System.Math.PI|Double|false|true
07:45:59.490 (3527511557)|HEAP_ALLOCATE|[360]|Bytes:206
07:45:59.490 (3527525878)|SYSTEM_METHOD_ENTRY|[1]|Math.Math()
07:45:59.490 (3527530358)|STATEMENT_EXECUTE|[1]
07:45:59.490 (3527611913)|SYSTEM_METHOD_EXIT|[1]|Math
07:45:59.490 (3527632914)|METHOD_ENTRY|[360]||System.Math.abs(Integer)
07:45:59.490 (3527682637)|METHOD_EXIT|[360]||System.Math.abs(Integer)
07:45:59.490 (3527687896)|VARIABLE_SCOPE_BEGIN|[360]|diffAbs|Integer|false|false
07:45:59.490 (3527692897)|HEAP_ALLOCATE|[360]|Bytes:4
07:45:59.490 (3527700168)|VARIABLE_ASSIGNMENT|[360]|diffAbs|5
07:45:59.490 (3527710199)|STATEMENT_EXECUTE|[362]
07:45:59.490 (3527712799)|STATEMENT_EXECUTE|[363]
07:45:59.490 (3527715999)|HEAP_ALLOCATE|[363]|Bytes:12
07:45:59.490 (3527722058)|HEAP_ALLOCATE|[363]|Bytes:2
07:45:59.490 (3527745580)|HEAP_ALLOCATE|[363]|Bytes:2
07:45:59.490 (3527756041)|HEAP_ALLOCATE|[363]|Bytes:3
07:45:59.490 (3527764261)|HEAP_ALLOCATE|[363]|Bytes:7
07:45:59.490 (3527774573)|HEAP_ALLOCATE|[EXTERNAL]|Bytes:-4
07:45:59.490 (3527781822)|STATEMENT_EXECUTE|[370]
07:45:59.490 (3527801833)|HEAP_ALLOCATE|[EXTERNAL]|Bytes:4
07:45:59.490 (3527818445)|HEAP_ALLOCATE|[339]|Bytes:5
07:45:59.490 (3527829635)|VARIABLE_SCOPE_BEGIN|[339]|key|String|false|false
07:45:59.490 (3527838595)|VARIABLE_ASSIGNMENT|[339]|key|"Modem"
07:45:59.490 (3527842356)|STATEMENT_EXECUTE|[339]
07:45:59.490 (3527852647)|STATEMENT_EXECUTE|[340]
07:45:59.490 (3527893349)|STATEMENT_EXECUTE|[341]
07:45:59.490 (3527914640)|VARIABLE_SCOPE_BEGIN|[341]|newVal|Object|false|false
07:45:59.490 (3527929521)|VARIABLE_ASSIGNMENT|[341]|newVal|"Wired"
07:45:59.490 (3527933831)|STATEMENT_EXECUTE|[342]
07:45:59.490 (3527958633)|VARIABLE_SCOPE_BEGIN|[342]|curVal|Object|false|false
07:45:59.490 (3527968254)|VARIABLE_ASSIGNMENT|[342]|curVal|"Wired"
07:45:59.490 (3527983364)|STATEMENT_EXECUTE|[344]
07:45:59.490 (3527991746)|HEAP_ALLOCATE|[339]|Bytes:5
07:45:59.490 (3528004195)|VARIABLE_SCOPE_BEGIN|[339]|key|String|false|false
07:45:59.490 (3528013067)|VARIABLE_ASSIGNMENT|[339]|key|"Wi-Fi Access Point"
07:45:59.490 (3528016766)|STATEMENT_EXECUTE|[339]
07:45:59.490 (3528027157)|STATEMENT_EXECUTE|[340]
07:45:59.490 (3528029237)|STATEMENT_EXECUTE|[341]
07:45:59.490 (3528040749)|VARIABLE_SCOPE_BEGIN|[341]|newVal|Object|false|false
07:45:59.490 (3528050779)|VARIABLE_ASSIGNMENT|[341]|newVal|1
07:45:59.490 (3528054590)|STATEMENT_EXECUTE|[342]
07:45:59.490 (3528077621)|VARIABLE_SCOPE_BEGIN|[342]|curVal|Object|false|false
07:45:59.490 (3528086951)|VARIABLE_ASSIGNMENT|[342]|curVal|1
07:45:59.490 (3528102352)|STATEMENT_EXECUTE|[344]
07:45:59.490 (3528110402)|HEAP_ALLOCATE|[339]|Bytes:5
07:45:59.490 (3528123293)|VARIABLE_ASSIGNMENT|[339]|key|null
07:45:59.490 (3528127603)|STATEMENT_EXECUTE|[374]
07:45:59.490 (3528131704)|HEAP_ALLOCATE|[374]|Bytes:12
07:45:59.490 (3528153505)|HEAP_ALLOCATE|[EXTERNAL]|Bytes:-4
07:45:59.490 (3528185317)|STATEMENT_EXECUTE|[375]
07:45:59.490 (3528189287)|STATEMENT_EXECUTE|[380]
07:45:59.490 (3528191508)|STATEMENT_EXECUTE|[381]
07:45:59.490 (3528195057)|HEAP_ALLOCATE|[381]|Bytes:21
07:45:59.490 (3528212848)|HEAP_ALLOCATE|[381]|Bytes:5
07:45:59.490 (3528217799)|HEAP_ALLOCATE|[EXTERNAL]|Bytes:-4
07:45:59.490 (3528225240)|STATEMENT_EXECUTE|[393]
07:45:59.490 (3528233819)|METHOD_EXIT|[142]|01pdL00000Up09Z|CpeAiAssistantController.parseAndValidateAgentResponse(String, Map<String,Map<String,ANY>>)
07:45:59.490 (3528239140)|VARIABLE_SCOPE_BEGIN|[142]|validatedResponse|Map<String,ANY>|true|false
07:45:59.490 (3528263962)|VARIABLE_ASSIGNMENT|[142]|validatedResponse|{"message":"You only have 5 TV + (86 more) ...","newState":{"TV + Receiver":13,"Modem":"Wired","Wi-Fi Access Point":1},"stateChanges":["Map of size 7 too large to display"],"requireOtherCpePrompt":true}|0x79e09a02
07:45:59.490 (3528270532)|STATEMENT_EXECUTE|[144]
07:45:59.490 (3528277412)|METHOD_ENTRY|[144]||System.JSON.serialize(Object)
07:45:59.490 (3529207769)|METHOD_EXIT|[144]||System.JSON.serialize(Object)
07:45:59.529 (3529281753)|CUMULATIVE_LIMIT_USAGE
07:45:59.529 (3529281753)|LIMIT_USAGE_FOR_NS|(default)|
  Number of SOQL queries: 2 out of 100
  Number of query rows: 1 out of 50000
  Number of SOSL queries: 0 out of 20
  Number of DML statements: 0 out of 150
  Number of Publish Immediate DML: 0 out of 150
  Number of DML rows: 0 out of 10000
  Maximum CPU time: 598 out of 10000
  Maximum heap size: 0 out of 6000000
  Number of callouts: 0 out of 100
  Number of Email Invocations: 0 out of 10
  Number of future calls: 0 out of 50
  Number of queueable jobs added to the queue: 0 out of 50
  Number of Mobile Apex push calls: 0 out of 10

07:45:59.529 (3529281753)|CUMULATIVE_LIMIT_USAGE_END

07:45:59.490 (3529359219)|CODE_UNIT_FINISHED|CpeAiAssistantController.sendMessageToAgent(String, String, String, String)
07:45:59.490 (3529569460)|CODE_UNIT_FINISHED|apex://CpeAiAssistantController/ACTION$sendMessageToAgent
07:45:59.490 (3529581571)|EXECUTION_FINISHED
