66.0 APEX_CODE,FINEST;APEX_PROFILING,INFO;CALLOUT,INFO;DATA_ACCESS,INFO;DB,INFO;NBA,INFO;SYSTEM,DEBUG;VALIDATION,INFO;VISUALFORCE,INFO;WAVE,INFO;WORKFLOW,INFO
08:10:17.4 (4898130)|USER_INFO|[EXTERNAL]|005dL00001kiJYb|abhijithshaibinu001.b869139f1496@agentforce.com|(GMT-07:00) Pacific Daylight Time (America/Los_Angeles)|GMT-07:00
08:10:17.4 (4971721)|EXECUTION_STARTED
08:10:17.4 (5008792)|CODE_UNIT_STARTED|[EXTERNAL]|apex://CpeAiAssistantController/ACTION$sendMessageToAgent
08:10:17.4 (8347351)|CODE_UNIT_STARTED|[EXTERNAL]|01pdL00000Up09Z|CpeAiAssistantController.sendMessageToAgent(String, String, String, String)
08:10:17.4 (11088684)|HEAP_ALLOCATE|[95]|Bytes:3
08:10:17.4 (11408602)|HEAP_ALLOCATE|[100]|Bytes:152
08:10:17.4 (11426763)|HEAP_ALLOCATE|[417]|Bytes:408
08:10:17.4 (11439303)|HEAP_ALLOCATE|[430]|Bytes:408
08:10:17.4 (11462934)|HEAP_ALLOCATE|[317]|Bytes:6
08:10:17.4 (11482304)|HEAP_ALLOCATE|[EXTERNAL]|Bytes:44
08:10:17.4 (11487874)|HEAP_ALLOCATE|[EXTERNAL]|Bytes:6
08:10:17.4 (11519435)|METHOD_ENTRY|[1]|01pdL00000Up09Z|CpeAiAssistantController.CpeAiAssistantController()
08:10:17.4 (11536016)|STATEMENT_EXECUTE|[1]
08:10:17.4 (11552926)|STATEMENT_EXECUTE|[1]
08:10:17.4 (11574047)|HEAP_ALLOCATE|[68]|Bytes:5
08:10:17.4 (11622058)|HEAP_ALLOCATE|[74]|Bytes:5
08:10:17.4 (11631078)|HEAP_ALLOCATE|[82]|Bytes:7
08:10:17.4 (11655829)|HEAP_ALLOCATE|[EXTERNAL]|Bytes:5
08:10:17.4 (11674649)|METHOD_EXIT|[1]|CpeAiAssistantController
08:10:17.4 (11679359)|HEAP_ALLOCATE|[EXTERNAL]|Bytes:18
08:10:17.4 (11682530)|HEAP_ALLOCATE|[EXTERNAL]|Bytes:734
08:10:17.4 (11685570)|HEAP_ALLOCATE|[EXTERNAL]|Bytes:102
08:10:17.4 (11688320)|HEAP_ALLOCATE|[EXTERNAL]|Bytes:79
08:10:17.4 (11710920)|VARIABLE_SCOPE_BEGIN|[71]|userMessage|String|false|false
08:10:17.4 (11807623)|VARIABLE_ASSIGNMENT|[71]|userMessage|"Add 2 TV Receivers"
08:10:17.4 (11817163)|VARIABLE_SCOPE_BEGIN|[71]|cpeItemsJson|String|false|false
08:10:17.4 (11827113)|VARIABLE_ASSIGNMENT|[71]|cpeItemsJson|"{\n  \"CpeItems\": [\n   (714 more) ..."
08:10:17.4 (11831503)|VARIABLE_SCOPE_BEGIN|[71]|currentCartJson|String|false|false
08:10:17.4 (11842354)|VARIABLE_ASSIGNMENT|[71]|currentCartJson|"{\"TV + Receiver\":1,\" (82 more) ..."
08:10:17.4 (11846064)|VARIABLE_SCOPE_BEGIN|[71]|chatHistory|String|false|false
08:10:17.4 (11853034)|VARIABLE_ASSIGNMENT|[71]|chatHistory|"Technician: Add Rece (59 more) ..."
08:10:17.4 (11865554)|HEAP_ALLOCATE|[72]|Bytes:5
08:10:17.4 (11871514)|STATEMENT_EXECUTE|[71]
08:10:17.4 (11873855)|STATEMENT_EXECUTE|[72]
08:10:17.4 (11875775)|STATEMENT_EXECUTE|[72]
08:10:17.4 (11877785)|STATEMENT_EXECUTE|[74]
08:10:17.4 (11908255)|METHOD_ENTRY|[74]|01pdL00000Up09Z|CpeAiAssistantController.buildRulePayload(String, String)
08:10:17.4 (11942236)|VARIABLE_SCOPE_BEGIN|[156]|cpeItemsJson|String|false|false
08:10:17.4 (11951827)|VARIABLE_ASSIGNMENT|[156]|cpeItemsJson|"{\n  \"CpeItems\": [\n   (714 more) ..."
08:10:17.4 (11955837)|VARIABLE_SCOPE_BEGIN|[156]|currentCartJson|String|false|false
08:10:17.4 (11963007)|VARIABLE_ASSIGNMENT|[156]|currentCartJson|"{\"TV + Receiver\":1,\" (82 more) ..."
08:10:17.4 (11972047)|HEAP_ALLOCATE|[157]|Bytes:5
08:10:17.4 (11976977)|STATEMENT_EXECUTE|[156]
08:10:17.4 (11979277)|STATEMENT_EXECUTE|[157]
08:10:17.4 (11998528)|HEAP_ALLOCATE|[157]|Bytes:4
08:10:17.4 (12013948)|VARIABLE_SCOPE_BEGIN|[157]|rules|Map<String,Map<String,ANY>>|true|false
08:10:17.4 (12045049)|VARIABLE_ASSIGNMENT|[157]|rules|{}|0x4bed22c6
08:10:17.4 (12051209)|STATEMENT_EXECUTE|[158]
08:10:17.4 (12054769)|HEAP_ALLOCATE|[158]|Bytes:13
08:10:17.4 (12062989)|HEAP_ALLOCATE|[158]|Bytes:4
08:10:17.4 (12070470)|HEAP_ALLOCATE|[158]|Bytes:7
08:10:17.4 (12132762)|HEAP_ALLOCATE|[158]|Bytes:4
08:10:17.4 (12173112)|HEAP_ALLOCATE|[158]|Bytes:3
08:10:17.4 (12182263)|HEAP_ALLOCATE|[158]|Bytes:4
08:10:17.4 (12192933)|HEAP_ALLOCATE|[158]|Bytes:3
08:10:17.4 (12200924)|HEAP_ALLOCATE|[158]|Bytes:4
08:10:17.4 (12233824)|HEAP_ALLOCATE|[EXTERNAL]|Bytes:-4
08:10:17.4 (12242514)|STATEMENT_EXECUTE|[159]
08:10:17.4 (12245854)|HEAP_ALLOCATE|[159]|Bytes:5
08:10:17.4 (12256025)|HEAP_ALLOCATE|[159]|Bytes:4
08:10:17.4 (12263835)|HEAP_ALLOCATE|[159]|Bytes:5
08:10:17.4 (12301647)|HEAP_ALLOCATE|[159]|Bytes:4
08:10:17.4 (12317596)|HEAP_ALLOCATE|[159]|Bytes:4
08:10:17.4 (12331977)|HEAP_ALLOCATE|[EXTERNAL]|Bytes:-4
08:10:17.4 (12338397)|STATEMENT_EXECUTE|[160]
08:10:17.4 (12341627)|HEAP_ALLOCATE|[160]|Bytes:18
08:10:17.4 (12351067)|HEAP_ALLOCATE|[160]|Bytes:4
08:10:17.4 (12379778)|HEAP_ALLOCATE|[160]|Bytes:4
08:10:17.4 (12402108)|HEAP_ALLOCATE|[160]|Bytes:4
08:10:17.4 (12419509)|HEAP_ALLOCATE|[160]|Bytes:4
08:10:17.4 (12437759)|HEAP_ALLOCATE|[EXTERNAL]|Bytes:-4
08:10:17.4 (12509492)|STATEMENT_EXECUTE|[162]
08:10:17.4 (12512381)|STATEMENT_EXECUTE|[163]
08:10:17.4 (12514271)|STATEMENT_EXECUTE|[163]
08:10:17.4 (12516292)|STATEMENT_EXECUTE|[164]
08:10:17.4 (12559533)|HEAP_ALLOCATE|[164]|Bytes:24
08:10:17.4 (12570494)|SYSTEM_METHOD_ENTRY|[1]|JSON.JSON()
08:10:17.4 (12573864)|STATEMENT_EXECUTE|[1]
08:10:17.4 (12584774)|SYSTEM_METHOD_EXIT|[1]|JSON
08:10:17.4 (12593313)|METHOD_ENTRY|[164]||System.JSON.deserializeUntyped(String)
08:10:17.4 (15517182)|METHOD_EXIT|[164]||System.JSON.deserializeUntyped(String)
08:10:17.4 (15575523)|VARIABLE_SCOPE_BEGIN|[164]|currentCart|Map<String,ANY>|true|false
08:10:17.4 (15631975)|VARIABLE_ASSIGNMENT|[164]|currentCart|"Map of size 6 too large to display"|0x29301c83
08:10:17.4 (15727518)|HEAP_ALLOCATE|[165]|Bytes:87
08:10:17.4 (15808670)|HEAP_ALLOCATE|[165]|Bytes:5
08:10:17.4 (15836350)|VARIABLE_SCOPE_BEGIN|[165]|key|String|false|false
08:10:17.4 (15853191)|VARIABLE_ASSIGNMENT|[165]|key|"TV + Receiver"
08:10:17.4 (15861301)|STATEMENT_EXECUTE|[165]
08:10:17.4 (15864631)|STATEMENT_EXECUTE|[166]
08:10:17.4 (15878541)|METHOD_ENTRY|[166]|01pdL00000Up09Z|CpeAiAssistantController.normalizeProductName(String)
08:10:17.4 (15893862)|VARIABLE_SCOPE_BEGIN|[255]|rawName|String|false|false
08:10:17.4 (15903531)|VARIABLE_ASSIGNMENT|[255]|rawName|"TV + Receiver"
08:10:17.4 (15915982)|HEAP_ALLOCATE|[256]|Bytes:5
08:10:17.4 (15921883)|STATEMENT_EXECUTE|[255]
08:10:17.4 (15991204)|STATEMENT_EXECUTE|[256]
08:10:17.4 (15993933)|STATEMENT_EXECUTE|[257]
08:10:17.4 (16010854)|HEAP_ALLOCATE|[257]|Bytes:13
08:10:17.4 (16022675)|VARIABLE_SCOPE_BEGIN|[257]|lower|String|false|false
08:10:17.4 (16033756)|VARIABLE_ASSIGNMENT|[257]|lower|"tv + receiver"
08:10:17.4 (16038916)|HEAP_ALLOCATE|[258]|Bytes:2
08:10:17.4 (16067815)|STATEMENT_EXECUTE|[258]
08:10:17.4 (16077787)|METHOD_EXIT|[166]|01pdL00000Up09Z|CpeAiAssistantController.normalizeProductName(String)
08:10:17.4 (16083147)|VARIABLE_SCOPE_BEGIN|[166]|normKey|String|false|false
08:10:17.4 (16090787)|VARIABLE_ASSIGNMENT|[166]|normKey|"TV + Receiver"
08:10:17.4 (16129588)|STATEMENT_EXECUTE|[167]
08:10:17.4 (16131968)|STATEMENT_EXECUTE|[168]
08:10:17.4 (16197150)|HEAP_ALLOCATE|[165]|Bytes:5
08:10:17.4 (16210640)|VARIABLE_SCOPE_BEGIN|[165]|key|String|false|false
08:10:17.4 (16219179)|VARIABLE_ASSIGNMENT|[165]|key|"Modem"
08:10:17.4 (16222791)|STATEMENT_EXECUTE|[165]
08:10:17.4 (16224881)|STATEMENT_EXECUTE|[166]
08:10:17.4 (16229201)|METHOD_ENTRY|[166]|01pdL00000Up09Z|CpeAiAssistantController.normalizeProductName(String)
08:10:17.4 (16233931)|VARIABLE_SCOPE_BEGIN|[255]|rawName|String|false|false
08:10:17.4 (16240641)|VARIABLE_ASSIGNMENT|[255]|rawName|"Modem"
08:10:17.4 (16247811)|HEAP_ALLOCATE|[256]|Bytes:5
08:10:17.4 (16251791)|STATEMENT_EXECUTE|[255]
08:10:17.4 (16266952)|STATEMENT_EXECUTE|[256]
08:10:17.4 (16269032)|STATEMENT_EXECUTE|[257]
08:10:17.4 (16275802)|HEAP_ALLOCATE|[257]|Bytes:5
08:10:17.4 (16284862)|VARIABLE_SCOPE_BEGIN|[257]|lower|String|false|false
08:10:17.4 (16292652)|VARIABLE_ASSIGNMENT|[257]|lower|"modem"
08:10:17.4 (16307863)|HEAP_ALLOCATE|[258]|Bytes:8
08:10:17.4 (16322753)|STATEMENT_EXECUTE|[258]
08:10:17.4 (16325683)|HEAP_ALLOCATE|[259]|Bytes:5
08:10:17.4 (16349694)|HEAP_ALLOCATE|[259]|Bytes:4
08:10:17.4 (16373864)|HEAP_ALLOCATE|[259]|Bytes:2
08:10:17.4 (16390825)|HEAP_ALLOCATE|[259]|Bytes:12
08:10:17.4 (16405445)|HEAP_ALLOCATE|[259]|Bytes:6
08:10:17.4 (16421736)|STATEMENT_EXECUTE|[259]
08:10:17.4 (16424506)|HEAP_ALLOCATE|[260]|Bytes:5
08:10:17.4 (16446316)|STATEMENT_EXECUTE|[260]
08:10:17.4 (16452587)|METHOD_EXIT|[166]|01pdL00000Up09Z|CpeAiAssistantController.normalizeProductName(String)
08:10:17.4 (16457787)|VARIABLE_SCOPE_BEGIN|[166]|normKey|String|false|false
08:10:17.4 (16465847)|VARIABLE_ASSIGNMENT|[166]|normKey|"Modem"
08:10:17.4 (16478317)|STATEMENT_EXECUTE|[167]
08:10:17.4 (16480347)|STATEMENT_EXECUTE|[168]
08:10:17.4 (16514168)|HEAP_ALLOCATE|[165]|Bytes:5
08:10:17.4 (16526248)|VARIABLE_SCOPE_BEGIN|[165]|key|String|false|false
08:10:17.4 (16534979)|VARIABLE_ASSIGNMENT|[165]|key|"Wi-Fi Access Point"
08:10:17.4 (16539379)|STATEMENT_EXECUTE|[165]
08:10:17.4 (16541909)|STATEMENT_EXECUTE|[166]
08:10:17.4 (16545869)|METHOD_ENTRY|[166]|01pdL00000Up09Z|CpeAiAssistantController.normalizeProductName(String)
08:10:17.4 (16551239)|VARIABLE_SCOPE_BEGIN|[255]|rawName|String|false|false
08:10:17.4 (16558479)|VARIABLE_ASSIGNMENT|[255]|rawName|"Wi-Fi Access Point"
08:10:17.4 (16565950)|HEAP_ALLOCATE|[256]|Bytes:5
08:10:17.4 (16569970)|STATEMENT_EXECUTE|[255]
08:10:17.4 (16583890)|STATEMENT_EXECUTE|[256]
08:10:17.4 (16585850)|STATEMENT_EXECUTE|[257]
08:10:17.4 (16592700)|HEAP_ALLOCATE|[257]|Bytes:18
08:10:17.4 (16602510)|VARIABLE_SCOPE_BEGIN|[257]|lower|String|false|false
08:10:17.4 (16610641)|VARIABLE_ASSIGNMENT|[257]|lower|"wi-fi access point"
08:10:17.4 (16632771)|STATEMENT_EXECUTE|[258]
08:10:17.4 (16645412)|STATEMENT_EXECUTE|[259]
08:10:17.4 (16650462)|METHOD_EXIT|[166]|01pdL00000Up09Z|CpeAiAssistantController.normalizeProductName(String)
08:10:17.4 (16655522)|VARIABLE_SCOPE_BEGIN|[166]|normKey|String|false|false
08:10:17.4 (16671642)|VARIABLE_ASSIGNMENT|[166]|normKey|"Wi-Fi Access Point"
08:10:17.4 (16736954)|STATEMENT_EXECUTE|[167]
08:10:17.4 (16741144)|STATEMENT_EXECUTE|[168]
08:10:17.4 (16807816)|HEAP_ALLOCATE|[165]|Bytes:5
08:10:17.4 (16825186)|VARIABLE_SCOPE_BEGIN|[165]|key|String|false|false
08:10:17.4 (16838887)|VARIABLE_ASSIGNMENT|[165]|key|"baseTv"
08:10:17.4 (16845047)|STATEMENT_EXECUTE|[165]
08:10:17.4 (16848227)|STATEMENT_EXECUTE|[166]
08:10:17.4 (16855257)|METHOD_ENTRY|[166]|01pdL00000Up09Z|CpeAiAssistantController.normalizeProductName(String)
08:10:17.4 (16861587)|VARIABLE_SCOPE_BEGIN|[255]|rawName|String|false|false
08:10:17.4 (16868977)|VARIABLE_ASSIGNMENT|[255]|rawName|"baseTv"
08:10:17.4 (16876838)|HEAP_ALLOCATE|[256]|Bytes:5
08:10:17.4 (16882918)|STATEMENT_EXECUTE|[255]
08:10:17.4 (16905188)|STATEMENT_EXECUTE|[256]
08:10:17.4 (16908908)|STATEMENT_EXECUTE|[257]
08:10:17.4 (16920449)|HEAP_ALLOCATE|[257]|Bytes:6
08:10:17.4 (16934169)|VARIABLE_SCOPE_BEGIN|[257]|lower|String|false|false
08:10:17.4 (16946239)|VARIABLE_ASSIGNMENT|[257]|lower|"basetv"
08:10:17.4 (17007271)|STATEMENT_EXECUTE|[258]
08:10:17.4 (17017951)|METHOD_EXIT|[166]|01pdL00000Up09Z|CpeAiAssistantController.normalizeProductName(String)
08:10:17.4 (17027112)|VARIABLE_SCOPE_BEGIN|[166]|normKey|String|false|false
08:10:17.4 (17040262)|VARIABLE_ASSIGNMENT|[166]|normKey|"TV + Receiver"
08:10:17.4 (17058702)|STATEMENT_EXECUTE|[167]
08:10:17.4 (17062112)|STATEMENT_EXECUTE|[168]
08:10:17.4 (17105274)|HEAP_ALLOCATE|[165]|Bytes:5
08:10:17.4 (17117434)|VARIABLE_SCOPE_BEGIN|[165]|key|String|false|false
08:10:17.4 (17126204)|VARIABLE_ASSIGNMENT|[165]|key|"baseWifi"
08:10:17.4 (17130244)|STATEMENT_EXECUTE|[165]
08:10:17.4 (17132674)|STATEMENT_EXECUTE|[166]
08:10:17.4 (17136984)|METHOD_ENTRY|[166]|01pdL00000Up09Z|CpeAiAssistantController.normalizeProductName(String)
08:10:17.4 (17142035)|VARIABLE_SCOPE_BEGIN|[255]|rawName|String|false|false
08:10:17.4 (17149275)|VARIABLE_ASSIGNMENT|[255]|rawName|"baseWifi"
08:10:17.4 (17159275)|HEAP_ALLOCATE|[256]|Bytes:5
08:10:17.4 (17165155)|STATEMENT_EXECUTE|[255]
08:10:17.4 (17190246)|STATEMENT_EXECUTE|[256]
08:10:17.4 (17193666)|STATEMENT_EXECUTE|[257]
08:10:17.4 (17206156)|HEAP_ALLOCATE|[257]|Bytes:8
08:10:17.4 (17222407)|VARIABLE_SCOPE_BEGIN|[257]|lower|String|false|false
08:10:17.4 (17236057)|VARIABLE_ASSIGNMENT|[257]|lower|"basewifi"
08:10:17.4 (17261038)|STATEMENT_EXECUTE|[258]
08:10:17.4 (17283318)|STATEMENT_EXECUTE|[259]
08:10:17.4 (17289148)|METHOD_EXIT|[166]|01pdL00000Up09Z|CpeAiAssistantController.normalizeProductName(String)
08:10:17.4 (17294349)|VARIABLE_SCOPE_BEGIN|[166]|normKey|String|false|false
08:10:17.4 (17302499)|VARIABLE_ASSIGNMENT|[166]|normKey|"Wi-Fi Access Point"
08:10:17.4 (17326029)|STATEMENT_EXECUTE|[167]
08:10:17.4 (17328059)|STATEMENT_EXECUTE|[168]
08:10:17.4 (17364410)|HEAP_ALLOCATE|[165]|Bytes:5
08:10:17.4 (17376031)|VARIABLE_SCOPE_BEGIN|[165]|key|String|false|false
08:10:17.4 (17385401)|VARIABLE_ASSIGNMENT|[165]|key|"baseModem"
08:10:17.4 (17388951)|STATEMENT_EXECUTE|[165]
08:10:17.4 (17390951)|STATEMENT_EXECUTE|[166]
08:10:17.4 (17394791)|METHOD_ENTRY|[166]|01pdL00000Up09Z|CpeAiAssistantController.normalizeProductName(String)
08:10:17.4 (17399511)|VARIABLE_SCOPE_BEGIN|[255]|rawName|String|false|false
08:10:17.4 (17406401)|VARIABLE_ASSIGNMENT|[255]|rawName|"baseModem"
08:10:17.4 (17413202)|HEAP_ALLOCATE|[256]|Bytes:5
08:10:17.4 (17416932)|STATEMENT_EXECUTE|[255]
08:10:17.4 (17432082)|STATEMENT_EXECUTE|[256]
08:10:17.4 (17434063)|STATEMENT_EXECUTE|[257]
08:10:17.4 (17440703)|HEAP_ALLOCATE|[257]|Bytes:9
08:10:17.4 (17449673)|VARIABLE_SCOPE_BEGIN|[257]|lower|String|false|false
08:10:17.4 (17457523)|VARIABLE_ASSIGNMENT|[257]|lower|"basemodem"
08:10:17.4 (17488814)|STATEMENT_EXECUTE|[258]
08:10:17.4 (17538845)|STATEMENT_EXECUTE|[259]
08:10:17.4 (17551775)|STATEMENT_EXECUTE|[260]
08:10:17.4 (17556845)|METHOD_EXIT|[166]|01pdL00000Up09Z|CpeAiAssistantController.normalizeProductName(String)
08:10:17.4 (17562366)|VARIABLE_SCOPE_BEGIN|[166]|normKey|String|false|false
08:10:17.4 (17569966)|VARIABLE_ASSIGNMENT|[166]|normKey|"Modem"
08:10:17.4 (17580756)|STATEMENT_EXECUTE|[167]
08:10:17.4 (17582796)|STATEMENT_EXECUTE|[168]
08:10:17.4 (17615108)|HEAP_ALLOCATE|[165]|Bytes:5
08:10:17.4 (17628517)|VARIABLE_ASSIGNMENT|[165]|key|null
08:10:17.4 (17634297)|HEAP_ALLOCATE|[171]|Bytes:6
08:10:17.4 (17695699)|STATEMENT_EXECUTE|[171]
08:10:17.4 (17711799)|HEAP_ALLOCATE|[171]|Bytes:4
08:10:17.4 (17738060)|HEAP_ALLOCATE|[EXTERNAL]|Bytes:-4
08:10:17.4 (17747340)|HEAP_ALLOCATE|[172]|Bytes:8
08:10:17.4 (17769451)|STATEMENT_EXECUTE|[172]
08:10:17.4 (17793962)|HEAP_ALLOCATE|[EXTERNAL]|Bytes:-4
08:10:17.4 (17802462)|HEAP_ALLOCATE|[173]|Bytes:9
08:10:17.4 (17822572)|STATEMENT_EXECUTE|[173]
08:10:17.4 (17846463)|HEAP_ALLOCATE|[EXTERNAL]|Bytes:-4
08:10:17.4 (17878405)|STATEMENT_EXECUTE|[177]
08:10:17.4 (17880864)|STATEMENT_EXECUTE|[178]
08:10:17.4 (17882955)|STATEMENT_EXECUTE|[178]
08:10:17.4 (17884904)|STATEMENT_EXECUTE|[179]
08:10:17.4 (17891565)|METHOD_ENTRY|[179]||System.JSON.deserializeUntyped(String)
08:10:17.4 (19717223)|METHOD_EXIT|[179]||System.JSON.deserializeUntyped(String)
08:10:17.4 (19733443)|VARIABLE_SCOPE_BEGIN|[179]|itemsMap|Map<String,ANY>|true|false
08:10:17.4 (19759694)|HEAP_ALLOCATE|[EXTERNAL]|Bytes:20
08:10:17.4 (19828816)|VARIABLE_ASSIGNMENT|[179]|itemsMap|{"CpeItems":["Map of size 6 too large to display",{"itemType":"childProduct","maxQuantity":15,"minQuantity":0,"defaultQuantity":0,"ProductCode":"O_RES_TV_PLUS_ADDL_S (2 more) ..."},"Map of size 6 too large to display",{"itemType":"childProduct","maxQuantity":99999,"minQuantity":0,"defaultQuantity":0,"ProductCode":"O_RES_HSI_WIFI_EXTEN (3 more) ..."}]}|0x7b21d804
08:10:17.4 (19837136)|STATEMENT_EXECUTE|[180]
08:10:17.4 (19848176)|HEAP_ALLOCATE|[180]|Bytes:4
08:10:17.4 (19915228)|VARIABLE_SCOPE_BEGIN|[180]|items|List<ANY>|true|false
08:10:17.4 (19959529)|HEAP_ALLOCATE|[EXTERNAL]|Bytes:4
08:10:17.4 (19988790)|VARIABLE_ASSIGNMENT|[180]|items|[]|0x1951c771
08:10:17.4 (19995820)|HEAP_ALLOCATE|[181]|Bytes:8
08:10:17.4 (20047932)|STATEMENT_EXECUTE|[181]
08:10:17.4 (20051992)|STATEMENT_EXECUTE|[182]
08:10:17.4 (20122083)|VARIABLE_ASSIGNMENT|[182]|items|["Map of size 6 too large to display",{"itemType":"childProduct","maxQuantity":15,"minQuantity":0,"defaultQuantity":0,"ProductCode":"O_RES_TV_PLUS_ADDL_S (2 more) ..."},"Map of size 6 too large to display",{"itemType":"childProduct","maxQuantity":99999,"minQuantity":0,"defaultQuantity":0,"ProductCode":"O_RES_HSI_WIFI_EXTEN (3 more) ..."}]|0x22582c7c
08:10:17.4 (20132884)|STATEMENT_EXECUTE|[185]
08:10:17.4 (20149594)|HEAP_ALLOCATE|[185]|Bytes:4
08:10:17.4 (20160744)|VARIABLE_SCOPE_BEGIN|[185]|limits|Map<String,Map<String,Integer>>|true|false
08:10:17.4 (20173225)|VARIABLE_ASSIGNMENT|[185]|limits|{}|0x574c31cb
08:10:17.4 (20216876)|STATEMENT_EXECUTE|[186]
08:10:17.4 (20226556)|HEAP_ALLOCATE|[186]|Bytes:4
08:10:17.4 (20237506)|HEAP_ALLOCATE|[186]|Bytes:6
08:10:17.4 (20268298)|HEAP_ALLOCATE|[186]|Bytes:4
08:10:17.4 (20279027)|HEAP_ALLOCATE|[186]|Bytes:6
08:10:17.4 (20319300)|HEAP_ALLOCATE|[186]|Bytes:4
08:10:17.4 (20334300)|HEAP_ALLOCATE|[186]|Bytes:4
08:10:17.4 (20374360)|HEAP_ALLOCATE|[EXTERNAL]|Bytes:-4
08:10:17.4 (20381320)|STATEMENT_EXECUTE|[187]
08:10:17.4 (20388440)|HEAP_ALLOCATE|[187]|Bytes:4
08:10:17.4 (20409662)|HEAP_ALLOCATE|[187]|Bytes:4
08:10:17.4 (20422422)|HEAP_ALLOCATE|[187]|Bytes:4
08:10:17.4 (20433811)|HEAP_ALLOCATE|[187]|Bytes:4
08:10:17.4 (20445743)|HEAP_ALLOCATE|[EXTERNAL]|Bytes:-4
08:10:17.4 (20452072)|STATEMENT_EXECUTE|[188]
08:10:17.4 (20458663)|HEAP_ALLOCATE|[188]|Bytes:4
08:10:17.4 (20476464)|HEAP_ALLOCATE|[188]|Bytes:4
08:10:17.4 (20488653)|HEAP_ALLOCATE|[188]|Bytes:4
08:10:17.4 (20500913)|HEAP_ALLOCATE|[EXTERNAL]|Bytes:-4
08:10:17.4 (20507293)|STATEMENT_EXECUTE|[190]
08:10:17.4 (20519914)|METHOD_ENTRY|[190]|01pdL00000Up09Z|CpeAiAssistantController.extractCodes(List<ANY>, Map<String,Map<String,Integer>>)
08:10:17.4 (20553775)|VARIABLE_SCOPE_BEGIN|[203]|items|List<ANY>|true|false
08:10:17.4 (20575266)|VARIABLE_ASSIGNMENT|[203]|items|["Map of size 6 too large to display",{"itemType":"childProduct","maxQuantity":15,"minQuantity":0,"defaultQuantity":0,"ProductCode":"O_RES_TV_PLUS_ADDL_S (2 more) ..."},"Map of size 6 too large to display",{"itemType":"childProduct","maxQuantity":99999,"minQuantity":0,"defaultQuantity":0,"ProductCode":"O_RES_HSI_WIFI_EXTEN (3 more) ..."}]|0x22582c7c
08:10:17.4 (20582415)|VARIABLE_SCOPE_BEGIN|[203]|limits|Map<String,Map<String,Integer>>|true|false
08:10:17.4 (20594267)|VARIABLE_ASSIGNMENT|[203]|limits|{"tv":{"maxInc":3,"maxAdd":15,"min":1},"wifi":{"maxInc":1,"maxAdd":10,"min":1},"modem":{"max":1,"min":1}}|0x574c31cb
08:10:17.4 (20610846)|HEAP_ALLOCATE|[204]|Bytes:5
08:10:17.4 (20615336)|STATEMENT_EXECUTE|[203]
08:10:17.4 (20618376)|STATEMENT_EXECUTE|[204]
08:10:17.4 (20659097)|HEAP_ALLOCATE|[205]|Bytes:5
08:10:17.4 (20682919)|HEAP_ALLOCATE|[205]|Bytes:28
08:10:17.4 (20759060)|VARIABLE_SCOPE_BEGIN|[205]|obj|Object|false|false
08:10:17.4 (20771690)|VARIABLE_ASSIGNMENT|[205]|obj|"Map of size 6 too large to display"
08:10:17.4 (20776631)|STATEMENT_EXECUTE|[205]
08:10:17.4 (20778752)|STATEMENT_EXECUTE|[206]
08:10:17.4 (20784171)|VARIABLE_SCOPE_BEGIN|[206]|item|Map<String,ANY>|true|false
08:10:17.4 (20792872)|VARIABLE_ASSIGNMENT|[206]|item|"Map of size 6 too large to display"|0xdb09133
08:10:17.4 (20797112)|STATEMENT_EXECUTE|[207]
08:10:17.4 (20806861)|METHOD_ENTRY|[207]|01pdL00000Up09Z|CpeAiAssistantController.getProductCode(Map<String,ANY>)
08:10:17.4 (20820652)|VARIABLE_SCOPE_BEGIN|[236]|item|Map<String,ANY>|true|false
08:10:17.4 (20829033)|VARIABLE_ASSIGNMENT|[236]|item|"Map of size 6 too large to display"|0xdb09133
08:10:17.4 (20837732)|HEAP_ALLOCATE|[237]|Bytes:5
08:10:17.4 (20842102)|STATEMENT_EXECUTE|[236]
08:10:17.4 (20845062)|HEAP_ALLOCATE|[237]|Bytes:11
08:10:17.4 (20922334)|STATEMENT_EXECUTE|[237]
08:10:17.4 (20925094)|STATEMENT_EXECUTE|[238]
08:10:17.4 (20979967)|HEAP_ALLOCATE|[238]|Bytes:17
08:10:17.4 (20998997)|METHOD_EXIT|[207]|01pdL00000Up09Z|CpeAiAssistantController.getProductCode(Map<String,ANY>)
08:10:17.4 (21004736)|VARIABLE_SCOPE_BEGIN|[207]|code|String|false|false
08:10:17.4 (21013838)|VARIABLE_ASSIGNMENT|[207]|code|"O_RES_TV_PLUS_STB"
08:10:17.4 (21018048)|STATEMENT_EXECUTE|[208]
08:10:17.4 (21021208)|HEAP_ALLOCATE|[208]|Bytes:11
08:10:17.4 (21055188)|VARIABLE_SCOPE_BEGIN|[208]|maxQ|Integer|false|false
08:10:17.4 (21063769)|VARIABLE_ASSIGNMENT|[208]|maxQ|3
08:10:17.4 (21068588)|STATEMENT_EXECUTE|[209]
08:10:17.4 (21071959)|HEAP_ALLOCATE|[209]|Bytes:11
08:10:17.4 (21098029)|VARIABLE_SCOPE_BEGIN|[209]|minQ|Integer|false|false
08:10:17.4 (21106000)|VARIABLE_ASSIGNMENT|[209]|minQ|0
08:10:17.4 (21109420)|STATEMENT_EXECUTE|[210]
08:10:17.4 (21112450)|HEAP_ALLOCATE|[210]|Bytes:15
08:10:17.4 (21138750)|VARIABLE_SCOPE_BEGIN|[210]|defQ|Integer|false|false
08:10:17.4 (21146710)|VARIABLE_ASSIGNMENT|[210]|defQ|1
08:10:17.4 (21151421)|HEAP_ALLOCATE|[212]|Bytes:17
08:10:17.4 (21199493)|STATEMENT_EXECUTE|[212]
08:10:17.4 (21201903)|STATEMENT_EXECUTE|[213]
08:10:17.4 (21239873)|STATEMENT_EXECUTE|[214]
08:10:17.4 (21300405)|HEAP_ALLOCATE|[227]|Bytes:13
08:10:17.4 (21329706)|STATEMENT_EXECUTE|[227]
08:10:17.4 (21340315)|HEAP_ALLOCATE|[205]|Bytes:5
08:10:17.4 (21354567)|HEAP_ALLOCATE|[205]|Bytes:24
08:10:17.4 (21363156)|VARIABLE_SCOPE_BEGIN|[205]|obj|Object|false|false
08:10:17.4 (21386607)|VARIABLE_ASSIGNMENT|[205]|obj|{"itemType":"childProduct","maxQuantity":15,"minQuantity":0,"defaultQuantity":0,"ProductCode":"O_RES_TV_PLUS_ADDL_S (2 more) ..."}
08:10:17.4 (21391528)|STATEMENT_EXECUTE|[205]
08:10:17.4 (21393597)|STATEMENT_EXECUTE|[206]
08:10:17.4 (21398277)|VARIABLE_SCOPE_BEGIN|[206]|item|Map<String,ANY>|true|false
08:10:17.4 (21410858)|VARIABLE_ASSIGNMENT|[206]|item|{"itemType":"childProduct","maxQuantity":15,"minQuantity":0,"defaultQuantity":0,"ProductCode":"O_RES_TV_PLUS_ADDL_S (2 more) ..."}|0x4fc2d358
08:10:17.4 (21415188)|STATEMENT_EXECUTE|[207]
08:10:17.4 (21419948)|METHOD_ENTRY|[207]|01pdL00000Up09Z|CpeAiAssistantController.getProductCode(Map<String,ANY>)
08:10:17.4 (21425248)|VARIABLE_SCOPE_BEGIN|[236]|item|Map<String,ANY>|true|false
08:10:17.4 (21436329)|VARIABLE_ASSIGNMENT|[236]|item|{"itemType":"childProduct","maxQuantity":15,"minQuantity":0,"defaultQuantity":0,"ProductCode":"O_RES_TV_PLUS_ADDL_S (2 more) ..."}|0x4fc2d358
08:10:17.4 (21446158)|HEAP_ALLOCATE|[237]|Bytes:5
08:10:17.4 (21450339)|STATEMENT_EXECUTE|[236]
08:10:17.4 (21467479)|STATEMENT_EXECUTE|[237]
08:10:17.4 (21470159)|STATEMENT_EXECUTE|[238]
08:10:17.4 (21486399)|HEAP_ALLOCATE|[238]|Bytes:22
08:10:17.4 (21524461)|METHOD_EXIT|[207]|01pdL00000Up09Z|CpeAiAssistantController.getProductCode(Map<String,ANY>)
08:10:17.4 (21530581)|VARIABLE_SCOPE_BEGIN|[207]|code|String|false|false
08:10:17.4 (21539481)|VARIABLE_ASSIGNMENT|[207]|code|"O_RES_TV_PLUS_ADDL_S (2 more) ..."
08:10:17.4 (21543362)|STATEMENT_EXECUTE|[208]
08:10:17.4 (21560802)|VARIABLE_SCOPE_BEGIN|[208]|maxQ|Integer|false|false
08:10:17.4 (21568692)|VARIABLE_ASSIGNMENT|[208]|maxQ|15
08:10:17.4 (21572052)|STATEMENT_EXECUTE|[209]
08:10:17.4 (21587593)|VARIABLE_SCOPE_BEGIN|[209]|minQ|Integer|false|false
08:10:17.4 (21594823)|VARIABLE_ASSIGNMENT|[209]|minQ|0
08:10:17.4 (21599143)|STATEMENT_EXECUTE|[210]
08:10:17.4 (21613513)|VARIABLE_SCOPE_BEGIN|[210]|defQ|Integer|false|false
08:10:17.4 (21646514)|VARIABLE_ASSIGNMENT|[210]|defQ|0
08:10:17.4 (21661965)|HEAP_ALLOCATE|[215]|Bytes:22
08:10:17.4 (21671005)|STATEMENT_EXECUTE|[215]
08:10:17.4 (21673125)|STATEMENT_EXECUTE|[216]
08:10:17.4 (21717076)|STATEMENT_EXECUTE|[227]
08:10:17.4 (21726356)|HEAP_ALLOCATE|[205]|Bytes:5
08:10:17.4 (21739527)|HEAP_ALLOCATE|[205]|Bytes:28
08:10:17.4 (21747227)|VARIABLE_SCOPE_BEGIN|[205]|obj|Object|false|false
08:10:17.4 (21757957)|VARIABLE_ASSIGNMENT|[205]|obj|"Map of size 6 too large to display"
08:10:17.4 (21762067)|STATEMENT_EXECUTE|[205]
08:10:17.4 (21764037)|STATEMENT_EXECUTE|[206]
08:10:17.4 (21767637)|VARIABLE_SCOPE_BEGIN|[206]|item|Map<String,ANY>|true|false
08:10:17.4 (21775408)|VARIABLE_ASSIGNMENT|[206]|item|"Map of size 6 too large to display"|0x539666d3
08:10:17.4 (21780588)|STATEMENT_EXECUTE|[207]
08:10:17.4 (21785078)|METHOD_ENTRY|[207]|01pdL00000Up09Z|CpeAiAssistantController.getProductCode(Map<String,ANY>)
08:10:17.4 (21789638)|VARIABLE_SCOPE_BEGIN|[236]|item|Map<String,ANY>|true|false
08:10:17.4 (21796758)|VARIABLE_ASSIGNMENT|[236]|item|"Map of size 6 too large to display"|0x539666d3
08:10:17.4 (21804788)|HEAP_ALLOCATE|[237]|Bytes:5
08:10:17.4 (21808689)|STATEMENT_EXECUTE|[236]
08:10:17.4 (21824409)|STATEMENT_EXECUTE|[237]
08:10:17.4 (21826399)|STATEMENT_EXECUTE|[238]
08:10:17.4 (21842689)|HEAP_ALLOCATE|[238]|Bytes:15
08:10:17.4 (21854870)|METHOD_EXIT|[207]|01pdL00000Up09Z|CpeAiAssistantController.getProductCode(Map<String,ANY>)
08:10:17.4 (21859790)|VARIABLE_SCOPE_BEGIN|[207]|code|String|false|false
08:10:17.4 (21867530)|VARIABLE_ASSIGNMENT|[207]|code|"O_RES_HSI_MODEM"
08:10:17.4 (21870760)|STATEMENT_EXECUTE|[208]
08:10:17.4 (21888721)|VARIABLE_SCOPE_BEGIN|[208]|maxQ|Integer|false|false
08:10:17.4 (21896431)|VARIABLE_ASSIGNMENT|[208]|maxQ|99999
08:10:17.4 (21899881)|STATEMENT_EXECUTE|[209]
08:10:17.4 (21915201)|VARIABLE_SCOPE_BEGIN|[209]|minQ|Integer|false|false
08:10:17.4 (21925772)|VARIABLE_ASSIGNMENT|[209]|minQ|0
08:10:17.4 (21929192)|STATEMENT_EXECUTE|[210]
08:10:17.4 (21944122)|VARIABLE_SCOPE_BEGIN|[210]|defQ|Integer|false|false
08:10:17.4 (21952712)|VARIABLE_ASSIGNMENT|[210]|defQ|1
08:10:17.4 (21963883)|HEAP_ALLOCATE|[217]|Bytes:27
08:10:17.4 (21973563)|HEAP_ALLOCATE|[220]|Bytes:27
08:10:17.4 (21983213)|HEAP_ALLOCATE|[222]|Bytes:15
08:10:17.4 (21989643)|STATEMENT_EXECUTE|[222]
08:10:17.4 (21991733)|STATEMENT_EXECUTE|[223]
08:10:17.4 (22052135)|HEAP_ALLOCATE|[223]|Bytes:4
08:10:17.4 (22061975)|STATEMENT_EXECUTE|[224]
08:10:17.4 (22115637)|STATEMENT_EXECUTE|[227]
08:10:17.4 (22125407)|HEAP_ALLOCATE|[205]|Bytes:5
08:10:17.4 (22139557)|HEAP_ALLOCATE|[205]|Bytes:24
08:10:17.4 (22147677)|VARIABLE_SCOPE_BEGIN|[205]|obj|Object|false|false
08:10:17.4 (22163478)|VARIABLE_ASSIGNMENT|[205]|obj|{"itemType":"childProduct","maxQuantity":99999,"minQuantity":0,"defaultQuantity":0,"ProductCode":"O_RES_HSI_WIFI_EXTEN (3 more) ..."}
08:10:17.4 (22168148)|STATEMENT_EXECUTE|[205]
08:10:17.4 (22170178)|STATEMENT_EXECUTE|[206]
08:10:17.4 (22174728)|VARIABLE_SCOPE_BEGIN|[206]|item|Map<String,ANY>|true|false
08:10:17.4 (22185738)|VARIABLE_ASSIGNMENT|[206]|item|{"itemType":"childProduct","maxQuantity":99999,"minQuantity":0,"defaultQuantity":0,"ProductCode":"O_RES_HSI_WIFI_EXTEN (3 more) ..."}|0x248a4714
08:10:17.4 (22191569)|STATEMENT_EXECUTE|[207]
08:10:17.4 (22196049)|METHOD_ENTRY|[207]|01pdL00000Up09Z|CpeAiAssistantController.getProductCode(Map<String,ANY>)
08:10:17.4 (22200519)|VARIABLE_SCOPE_BEGIN|[236]|item|Map<String,ANY>|true|false
08:10:17.4 (22245340)|VARIABLE_ASSIGNMENT|[236]|item|{"itemType":"childProduct","maxQuantity":99999,"minQuantity":0,"defaultQuantity":0,"ProductCode":"O_RES_HSI_WIFI_EXTEN (3 more) ..."}|0x248a4714
08:10:17.4 (22290191)|HEAP_ALLOCATE|[237]|Bytes:5
08:10:17.4 (22297391)|STATEMENT_EXECUTE|[236]
08:10:17.4 (22321992)|STATEMENT_EXECUTE|[237]
08:10:17.4 (22325142)|STATEMENT_EXECUTE|[238]
08:10:17.4 (22360793)|HEAP_ALLOCATE|[238]|Bytes:23
08:10:17.4 (22382404)|METHOD_EXIT|[207]|01pdL00000Up09Z|CpeAiAssistantController.getProductCode(Map<String,ANY>)
08:10:17.4 (22388434)|VARIABLE_SCOPE_BEGIN|[207]|code|String|false|false
08:10:17.4 (22398154)|VARIABLE_ASSIGNMENT|[207]|code|"O_RES_HSI_WIFI_EXTEN (3 more) ..."
08:10:17.4 (22402454)|STATEMENT_EXECUTE|[208]
08:10:17.4 (22421255)|VARIABLE_SCOPE_BEGIN|[208]|maxQ|Integer|false|false
08:10:17.4 (22501207)|VARIABLE_ASSIGNMENT|[208]|maxQ|99999
08:10:17.4 (22506887)|STATEMENT_EXECUTE|[209]
08:10:17.4 (22525777)|VARIABLE_SCOPE_BEGIN|[209]|minQ|Integer|false|false
08:10:17.4 (22533938)|VARIABLE_ASSIGNMENT|[209]|minQ|0
08:10:17.4 (22537748)|STATEMENT_EXECUTE|[210]
08:10:17.4 (22552728)|VARIABLE_SCOPE_BEGIN|[210]|defQ|Integer|false|false
08:10:17.4 (22560098)|VARIABLE_ASSIGNMENT|[210]|defQ|0
08:10:17.4 (22579429)|STATEMENT_EXECUTE|[212]
08:10:17.4 (22588449)|STATEMENT_EXECUTE|[227]
08:10:17.4 (22598489)|HEAP_ALLOCATE|[205]|Bytes:5
08:10:17.4 (22613730)|VARIABLE_ASSIGNMENT|[205]|obj|null
08:10:17.4 (22625940)|METHOD_EXIT|[190]|01pdL00000Up09Z|CpeAiAssistantController.extractCodes(List<ANY>, Map<String,Map<String,Integer>>)
08:10:17.4 (22632920)|STATEMENT_EXECUTE|[192]
08:10:17.4 (22752484)|HEAP_ALLOCATE|[192]|Bytes:4
08:10:17.4 (22777494)|STATEMENT_EXECUTE|[193]
08:10:17.4 (22826275)|STATEMENT_EXECUTE|[194]
08:10:17.4 (22880937)|HEAP_ALLOCATE|[194]|Bytes:4
08:10:17.4 (22891027)|STATEMENT_EXECUTE|[195]
08:10:17.4 (22934498)|STATEMENT_EXECUTE|[196]
08:10:17.4 (23010790)|STATEMENT_EXECUTE|[197]
08:10:17.4 (23054692)|STATEMENT_EXECUTE|[200]
08:10:17.4 (23063212)|METHOD_EXIT|[74]|01pdL00000Up09Z|CpeAiAssistantController.buildRulePayload(String, String)
08:10:17.4 (23070272)|VARIABLE_SCOPE_BEGIN|[74]|rules|Map<String,Map<String,ANY>>|true|false
08:10:17.4 (23092133)|VARIABLE_ASSIGNMENT|[74]|rules|{"TV + Receiver":{"current":1,"min":0,"max":18,"base":1},"Modem":{"current":"Wired","min":1,"max":1,"base":"Wired"},"Wi-Fi Access Point":{"current":1,"min":1,"max":11,"base":1}}|0x4bed22c6
08:10:17.4 (23097832)|STATEMENT_EXECUTE|[77]
08:10:17.4 (23101782)|HEAP_ALLOCATE|[77]|Bytes:150
08:10:17.4 (23113823)|METHOD_ENTRY|[79]||System.JSON.serialize(Object)
08:10:17.4 (24668795)|METHOD_EXIT|[79]||System.JSON.serialize(Object)
08:10:17.4 (24681145)|HEAP_ALLOCATE|[79]|Bytes:24
08:10:17.4 (24766987)|HEAP_ALLOCATE|[80]|Bytes:29
08:10:17.4 (24815628)|HEAP_ALLOCATE|[77]|Bytes:477
08:10:17.4 (24835709)|VARIABLE_SCOPE_BEGIN|[77]|fullMessage|String|false|false
08:10:17.4 (24858079)|VARIABLE_ASSIGNMENT|[77]|fullMessage|"System Context: You  (457 more) ..."
08:10:17.4 (24865200)|STATEMENT_EXECUTE|[83]
08:10:17.4 (24870140)|HEAP_ALLOCATE|[84]|Bytes:22
08:10:17.4 (24876540)|HEAP_ALLOCATE|[85]|Bytes:21
08:10:17.4 (25000583)|HEAP_ALLOCATE|[83]|Bytes:12
08:10:17.4 (25008363)|HEAP_ALLOCATE|[83]|Bytes:58
08:10:17.4 (25023854)|SYSTEM_METHOD_ENTRY|[14]|Action.Action()
08:10:17.4 (25028164)|STATEMENT_EXECUTE|[14]
08:10:17.4 (25039614)|SYSTEM_METHOD_EXIT|[14]|Action
08:10:17.4 (25058525)|METHOD_ENTRY|[83]||Invocable.Action.createCustomAction(String, String)
08:10:17.4 (49831512)|METHOD_EXIT|[83]||Invocable.Action.createCustomAction(String, String)
08:10:17.4 (49860604)|VARIABLE_SCOPE_BEGIN|[83]|action|Invocable.Action|true|false
08:10:17.4 (50029597)|VARIABLE_ASSIGNMENT|[83]|action|{"invocations":"0x35b5c1e1","invokeFromLightningComponent":false,"name":"CPE_Equipment_Manage (1 more) ...","type":"generatePromptRespon (2 more) ..."}|0x3ba60adb
08:10:17.4 (50039747)|STATEMENT_EXECUTE|[88]
08:10:17.4 (50046198)|HEAP_ALLOCATE|[88]|Bytes:17
08:10:17.4 (50145880)|METHOD_ENTRY|[88]||Invocable.Action.setInvocationParameter(String, Object)
08:10:17.4 (50518221)|METHOD_EXIT|[88]||Invocable.Action.setInvocationParameter(String, Object)
08:10:17.4 (50535081)|STATEMENT_EXECUTE|[90]
08:10:17.4 (50550552)|METHOD_ENTRY|[90]||Invocable.Action.invoke()
08:10:21.440 (4440601559)|METHOD_EXIT|[90]||Invocable.Action.invoke()
08:10:21.440 (4440623619)|VARIABLE_SCOPE_BEGIN|[90]|results|List<Invocable.Action.Result>|true|false
08:10:21.440 (4440722112)|VARIABLE_ASSIGNMENT|[90]|results|[{"action":"0x3ba60adb","errors":"0x12f4144","invocationParameters":"0x71eaf981","outputParameters":"0x58b648c3","success":true}]|0x44188213
08:10:21.440 (4440757663)|STATEMENT_EXECUTE|[92]
08:10:21.440 (4440760353)|STATEMENT_EXECUTE|[96]
08:10:21.440 (4440774633)|HEAP_ALLOCATE|[96]|Bytes:24
08:10:21.440 (4440782933)|VARIABLE_SCOPE_BEGIN|[96]|result|Invocable.Action.Result|true|false
08:10:21.440 (4440802954)|VARIABLE_ASSIGNMENT|[96]|result|{"action":"0x3ba60adb","errors":"0x12f4144","invocationParameters":"0x71eaf981","outputParameters":"0x58b648c3","success":true}|0x3f46ceb5
08:10:21.440 (4440828825)|METHOD_ENTRY|[98]||Invocable.Action.Result.isSuccess()
08:10:21.440 (4440853695)|METHOD_EXIT|[98]||Invocable.Action.Result.isSuccess()
08:10:21.440 (4440859265)|STATEMENT_EXECUTE|[98]
08:10:21.440 (4440861545)|STATEMENT_EXECUTE|[104]
08:10:21.440 (4440870046)|METHOD_ENTRY|[104]||Invocable.Action.Result.getOutputParameters()
08:10:21.440 (4440916107)|METHOD_EXIT|[104]||Invocable.Action.Result.getOutputParameters()
08:10:21.440 (4440922567)|VARIABLE_SCOPE_BEGIN|[104]|outputs|Map<String,ANY>|true|false
08:10:21.440 (4440941027)|VARIABLE_ASSIGNMENT|[104]|outputs|{"promptResponse":"{\n  \"message\": \"Adde (166 more) ..."}|0x58b648c3
08:10:21.440 (4440946128)|STATEMENT_EXECUTE|[105]
08:10:21.440 (4440948708)|STATEMENT_EXECUTE|[110]
08:10:21.440 (4440951988)|HEAP_ALLOCATE|[110]|Bytes:14
08:10:21.440 (4440982490)|VARIABLE_SCOPE_BEGIN|[110]|promptRespObj|Object|false|false
08:10:21.440 (4440993599)|VARIABLE_ASSIGNMENT|[110]|promptRespObj|"{\n  \"message\": \"Adde (166 more) ..."
08:10:21.440 (4440997859)|STATEMENT_EXECUTE|[111]
08:10:21.440 (4441001570)|VARIABLE_SCOPE_BEGIN|[111]|rawResponse|String|false|false
08:10:21.440 (4441009659)|VARIABLE_ASSIGNMENT|[111]|rawResponse|null
08:10:21.440 (4441013779)|STATEMENT_EXECUTE|[113]
08:10:21.440 (4441015859)|STATEMENT_EXECUTE|[114]
08:10:21.440 (4441045500)|HEAP_ALLOCATE|[114]|Bytes:186
08:10:21.440 (4441059901)|VARIABLE_ASSIGNMENT|[114]|rawResponse|"{\n  \"message\": \"Adde (166 more) ..."
08:10:21.440 (4441085412)|STATEMENT_EXECUTE|[119]
08:10:21.440 (4441087541)|STATEMENT_EXECUTE|[123]
08:10:21.440 (4441090372)|VARIABLE_SCOPE_BEGIN|[123]|cleanResponse|String|false|false
08:10:21.440 (4441098262)|VARIABLE_ASSIGNMENT|[123]|cleanResponse|null
08:10:21.440 (4441101792)|STATEMENT_EXECUTE|[124]
08:10:21.440 (4441103832)|STATEMENT_EXECUTE|[124]
08:10:21.440 (4441105853)|STATEMENT_EXECUTE|[125]
08:10:21.440 (4441113282)|METHOD_ENTRY|[125]||System.JSON.deserializeUntyped(String)
08:10:21.440 (4441472441)|METHOD_EXIT|[125]||System.JSON.deserializeUntyped(String)
08:10:21.440 (4441481522)|VARIABLE_SCOPE_BEGIN|[125]|parsed|Map<String,ANY>|true|false
08:10:21.440 (4441502572)|VARIABLE_ASSIGNMENT|[125]|parsed|{"message":"Added 2 TV + Receive (52 more) ...","newState":{"TV + Receiver":3,"Modem":"Wired","Wi-Fi Access Point":1}}|0x3d164c3
08:10:21.440 (4441509332)|HEAP_ALLOCATE|[126]|Bytes:5
08:10:21.440 (4441538603)|STATEMENT_EXECUTE|[128]
08:10:21.440 (4441540944)|STATEMENT_EXECUTE|[129]
08:10:21.440 (4441547994)|VARIABLE_ASSIGNMENT|[129]|cleanResponse|"{\n  \"message\": \"Adde (166 more) ..."
08:10:21.440 (4441554083)|STATEMENT_EXECUTE|[135]
08:10:21.440 (4441556364)|STATEMENT_EXECUTE|[136]
08:10:21.440 (4441559425)|HEAP_ALLOCATE|[136]|Bytes:3
08:10:21.440 (4441563974)|HEAP_ALLOCATE|[136]|Bytes:1
08:10:21.440 (4441614826)|HEAP_ALLOCATE|[136]|Bytes:186
08:10:21.440 (4441630245)|VARIABLE_ASSIGNMENT|[136]|cleanResponse|"{\n  \"message\": \"Adde (166 more) ..."
08:10:21.440 (4441634806)|STATEMENT_EXECUTE|[137]
08:10:21.440 (4441637856)|HEAP_ALLOCATE|[137]|Bytes:2
08:10:21.440 (4441660957)|HEAP_ALLOCATE|[137]|Bytes:186
08:10:21.440 (4441675078)|VARIABLE_ASSIGNMENT|[137]|cleanResponse|"{\n  \"message\": \"Adde (166 more) ..."
08:10:21.440 (4441678988)|STATEMENT_EXECUTE|[138]
08:10:21.440 (4441681798)|HEAP_ALLOCATE|[138]|Bytes:3
08:10:21.440 (4441685588)|HEAP_ALLOCATE|[138]|Bytes:1
08:10:21.440 (4441706177)|HEAP_ALLOCATE|[138]|Bytes:186
08:10:21.440 (4441719789)|VARIABLE_ASSIGNMENT|[138]|cleanResponse|"{\n  \"message\": \"Adde (166 more) ..."
08:10:21.440 (4441724368)|STATEMENT_EXECUTE|[142]
08:10:21.440 (4441735938)|METHOD_ENTRY|[142]|01pdL00000Up09Z|CpeAiAssistantController.parseAndValidateAgentResponse(String, Map<String,Map<String,ANY>>)
08:10:21.440 (4441747520)|VARIABLE_SCOPE_BEGIN|[264]|rawResponse|String|false|false
08:10:21.440 (4441755969)|VARIABLE_ASSIGNMENT|[264]|rawResponse|"{\n  \"message\": \"Adde (166 more) ..."
08:10:21.440 (4441760409)|VARIABLE_SCOPE_BEGIN|[264]|rules|Map<String,Map<String,ANY>>|true|false
08:10:21.440 (4441780240)|VARIABLE_ASSIGNMENT|[264]|rules|{"TV + Receiver":{"current":1,"min":0,"max":18,"base":1},"Modem":{"current":"Wired","min":1,"max":1,"base":"Wired"},"Wi-Fi Access Point":{"current":1,"min":1,"max":11,"base":1}}|0x4bed22c6
08:10:21.440 (4441794121)|HEAP_ALLOCATE|[265]|Bytes:5
08:10:21.440 (4441798841)|STATEMENT_EXECUTE|[264]
08:10:21.440 (4441801001)|STATEMENT_EXECUTE|[265]
08:10:21.440 (4441809871)|HEAP_ALLOCATE|[265]|Bytes:4
08:10:21.440 (4441817761)|VARIABLE_SCOPE_BEGIN|[265]|finalResponse|Map<String,ANY>|true|false
08:10:21.440 (4441827541)|VARIABLE_ASSIGNMENT|[265]|finalResponse|{}|0x63d8417
08:10:21.440 (4441832602)|STATEMENT_EXECUTE|[267]
08:10:21.440 (4441834611)|STATEMENT_EXECUTE|[267]
08:10:21.440 (4441836552)|STATEMENT_EXECUTE|[268]
08:10:21.440 (4441841861)|METHOD_ENTRY|[268]||System.JSON.deserializeUntyped(String)
08:10:21.440 (4442106359)|METHOD_EXIT|[268]||System.JSON.deserializeUntyped(String)
08:10:21.440 (4442116159)|VARIABLE_SCOPE_BEGIN|[268]|parsed|Map<String,ANY>|true|false
08:10:21.440 (4442133890)|VARIABLE_ASSIGNMENT|[268]|parsed|{"message":"Added 2 TV + Receive (52 more) ...","newState":{"TV + Receiver":3,"Modem":"Wired","Wi-Fi Access Point":1}}|0xb66f181
08:10:21.440 (4442139829)|HEAP_ALLOCATE|[270]|Bytes:8
08:10:21.440 (4442166050)|STATEMENT_EXECUTE|[270]
08:10:21.440 (4442168261)|STATEMENT_EXECUTE|[271]
08:10:21.440 (4442192691)|VARIABLE_SCOPE_BEGIN|[271]|newStateRaw|Map<String,ANY>|true|false
08:10:21.440 (4442205401)|VARIABLE_ASSIGNMENT|[271]|newStateRaw|{"TV + Receiver":3,"Modem":"Wired","Wi-Fi Access Point":1}|0x4e01d167
08:10:21.440 (4442210052)|STATEMENT_EXECUTE|[272]
08:10:21.440 (4442215852)|HEAP_ALLOCATE|[272]|Bytes:4
08:10:21.440 (4442222802)|VARIABLE_SCOPE_BEGIN|[272]|normalizedState|Map<String,ANY>|true|false
08:10:21.440 (4442231332)|VARIABLE_ASSIGNMENT|[272]|normalizedState|{}|0x157d181b
08:10:21.440 (4442235711)|STATEMENT_EXECUTE|[274]
08:10:21.440 (4442239012)|VARIABLE_SCOPE_BEGIN|[274]|changedCpeCount|Integer|false|false
08:10:21.440 (4442243892)|HEAP_ALLOCATE|[274]|Bytes:4
08:10:21.440 (4442250523)|VARIABLE_ASSIGNMENT|[274]|changedCpeCount|0
08:10:21.440 (4442285654)|HEAP_ALLOCATE|[276]|Bytes:52
08:10:21.440 (4442317414)|HEAP_ALLOCATE|[276]|Bytes:5
08:10:21.440 (4442332775)|VARIABLE_SCOPE_BEGIN|[276]|key|String|false|false
08:10:21.440 (4442341655)|VARIABLE_ASSIGNMENT|[276]|key|"TV + Receiver"
08:10:21.440 (4442346105)|STATEMENT_EXECUTE|[276]
08:10:21.440 (4442348085)|STATEMENT_EXECUTE|[277]
08:10:21.440 (4442354705)|METHOD_ENTRY|[277]|01pdL00000Up09Z|CpeAiAssistantController.normalizeProductName(String)
08:10:21.440 (4442365136)|VARIABLE_SCOPE_BEGIN|[255]|rawName|String|false|false
08:10:21.440 (4442373056)|VARIABLE_ASSIGNMENT|[255]|rawName|"TV + Receiver"
08:10:21.440 (4442380816)|HEAP_ALLOCATE|[256]|Bytes:5
08:10:21.440 (4442385976)|STATEMENT_EXECUTE|[255]
08:10:21.440 (4442403436)|STATEMENT_EXECUTE|[256]
08:10:21.440 (4442405547)|STATEMENT_EXECUTE|[257]
08:10:21.440 (4442414967)|HEAP_ALLOCATE|[257]|Bytes:13
08:10:21.440 (4442424147)|VARIABLE_SCOPE_BEGIN|[257]|lower|String|false|false
08:10:21.440 (4442432377)|VARIABLE_ASSIGNMENT|[257]|lower|"tv + receiver"
08:10:21.440 (4442449928)|STATEMENT_EXECUTE|[258]
08:10:21.440 (4442457578)|METHOD_EXIT|[277]|01pdL00000Up09Z|CpeAiAssistantController.normalizeProductName(String)
08:10:21.440 (4442462368)|VARIABLE_SCOPE_BEGIN|[277]|normKey|String|false|false
08:10:21.440 (4442469948)|VARIABLE_ASSIGNMENT|[277]|normKey|"TV + Receiver"
08:10:21.440 (4442491399)|HEAP_ALLOCATE|[279]|Bytes:17
08:10:21.440 (4442517880)|STATEMENT_EXECUTE|[279]
08:10:21.440 (4442520320)|STATEMENT_EXECUTE|[280]
08:10:21.440 (4442544950)|VARIABLE_SCOPE_BEGIN|[280]|qty|Integer|false|false
08:10:21.440 (4442553931)|VARIABLE_ASSIGNMENT|[280]|qty|3
08:10:21.440 (4442574881)|STATEMENT_EXECUTE|[282]
08:10:21.440 (4442577081)|STATEMENT_EXECUTE|[283]
08:10:21.440 (4442580111)|VARIABLE_SCOPE_BEGIN|[283]|current|Integer|false|false
08:10:21.440 (4442586621)|HEAP_ALLOCATE|[283]|Bytes:4
08:10:21.440 (4442593332)|VARIABLE_ASSIGNMENT|[283]|current|0
08:10:21.440 (4442634263)|STATEMENT_EXECUTE|[284]
08:10:21.440 (4442636413)|STATEMENT_EXECUTE|[285]
08:10:21.440 (4442668444)|VARIABLE_ASSIGNMENT|[285]|current|1
08:10:21.440 (4442673214)|STATEMENT_EXECUTE|[287]
08:10:21.440 (4442675884)|VARIABLE_SCOPE_BEGIN|[287]|baseQty|Integer|false|false
08:10:21.440 (4442683124)|VARIABLE_ASSIGNMENT|[287]|baseQty|1
08:10:21.440 (4442734455)|STATEMENT_EXECUTE|[288]
08:10:21.440 (4442736795)|STATEMENT_EXECUTE|[289]
08:10:21.440 (4442768656)|VARIABLE_ASSIGNMENT|[289]|baseQty|1
08:10:21.440 (4442773566)|STATEMENT_EXECUTE|[292]
08:10:21.440 (4442802677)|VARIABLE_SCOPE_BEGIN|[292]|max|Integer|false|false
08:10:21.440 (4442811297)|VARIABLE_ASSIGNMENT|[292]|max|18
08:10:21.440 (4442814867)|STATEMENT_EXECUTE|[293]
08:10:21.440 (4442844708)|VARIABLE_SCOPE_BEGIN|[293]|min|Integer|false|false
08:10:21.440 (4442853328)|VARIABLE_ASSIGNMENT|[293]|min|0
08:10:21.440 (4442861009)|STATEMENT_EXECUTE|[295]
08:10:21.440 (4442864099)|STATEMENT_EXECUTE|[303]
08:10:21.440 (4442866169)|STATEMENT_EXECUTE|[304]
08:10:21.440 (4442870579)|VARIABLE_SCOPE_BEGIN|[304]|required|Integer|false|false
08:10:21.440 (4442876969)|HEAP_ALLOCATE|[304]|Bytes:4
08:10:21.440 (4442884399)|VARIABLE_ASSIGNMENT|[304]|required|2
08:10:21.440 (4442887909)|STATEMENT_EXECUTE|[305]
08:10:21.440 (4442901220)|HEAP_ALLOCATE|[305]|Bytes:9
08:10:21.440 (4442906330)|VARIABLE_SCOPE_BEGIN|[305]|prodCode|String|false|false
08:10:21.440 (4442915290)|VARIABLE_ASSIGNMENT|[305]|prodCode|"REC-TV-01"
08:10:21.440 (4442921290)|STATEMENT_EXECUTE|[306]
08:10:21.440 (4442923270)|STATEMENT_EXECUTE|[307]
08:10:21.440 (4442935261)|METHOD_ENTRY|[307]|01pdL00000Up09Z|CpeAiAssistantController.getVanStock(String)
08:10:21.440 (4442947451)|VARIABLE_SCOPE_BEGIN|[404]|productCode|String|false|false
08:10:21.440 (4442955441)|VARIABLE_ASSIGNMENT|[404]|productCode|"REC-TV-01"
08:10:21.440 (4442965311)|HEAP_ALLOCATE|[405]|Bytes:5
08:10:21.440 (4442969801)|STATEMENT_EXECUTE|[404]
08:10:21.440 (4442971831)|STATEMENT_EXECUTE|[405]
08:10:21.440 (4442973722)|STATEMENT_EXECUTE|[405]
08:10:21.440 (4442975712)|STATEMENT_EXECUTE|[406]
08:10:21.440 (4442981772)|METHOD_ENTRY|[406]|01pdL00000Up09Z|CpeAiAssistantController.getMyServiceResource()
08:10:21.440 (4443055784)|HEAP_ALLOCATE|[591]|Bytes:5
08:10:21.440 (4443061684)|STATEMENT_EXECUTE|[590]
08:10:21.440 (4443064314)|STATEMENT_EXECUTE|[591]
08:10:21.440 (4443067014)|HEAP_ALLOCATE|[591]|Bytes:163
08:10:21.440 (4443075234)|HEAP_ALLOCATE|[591]|Bytes:4
08:10:21.440 (4443080844)|HEAP_ALLOCATE|[591]|Bytes:7
08:10:21.440 (4443123435)|HEAP_ALLOCATE|[594]|Bytes:105
08:10:21.440 (4443136046)|SYSTEM_METHOD_ENTRY|[1]|UserInfo.UserInfo()
08:10:21.440 (4443139806)|STATEMENT_EXECUTE|[1]
08:10:21.440 (4443147686)|SYSTEM_METHOD_EXIT|[1]|UserInfo
08:10:21.440 (4443155806)|METHOD_ENTRY|[594]||System.UserInfo.getUserId()
08:10:21.440 (4443191437)|METHOD_EXIT|[594]||System.UserInfo.getUserId()
08:10:21.440 (4444086321)|SOQL_EXECUTE_BEGIN|[591]|Aggregations:0|SELECT Id, LocationId, LastKnownLocation, LastKnownLatitude, LastKnownLongitude FROM ServiceResource WHERE (RelatedRecordId = :tmpVar1 AND IsActive = TRUE) LIMIT 1
08:10:21.440 (4466188128)|SOQL_EXECUTE_END|[591]|Rows:1
08:10:21.440 (4466231299)|HEAP_ALLOCATE|[591]|Bytes:8
08:10:21.440 (4466265269)|HEAP_ALLOCATE|[591]|Bytes:201
08:10:21.440 (4466377773)|HEAP_ALLOCATE|[591]|Bytes:8
08:10:21.440 (4466404164)|VARIABLE_SCOPE_BEGIN|[591]|srs|List<ServiceResource>|true|false
08:10:21.440 (4466674541)|VARIABLE_ASSIGNMENT|[591]|srs|[{"LocationId":"131dL000000OKGvQAO","Id":"0HndL000000MjRVSA0","LastKnownLocation":{"latitude":0.0,"longitude":0.0},"LastKnownLatitude":0E-15,"LastKnownLongitude":0E-15}]|0x4a5cab4d
08:10:21.440 (4466686581)|STATEMENT_EXECUTE|[597]
08:10:21.440 (4466820345)|HEAP_ALLOCATE|[597]|Bytes:24
08:10:21.440 (4466842505)|METHOD_EXIT|[406]|01pdL00000Up09Z|CpeAiAssistantController.getMyServiceResource()
08:10:21.440 (4466852866)|VARIABLE_SCOPE_BEGIN|[406]|sr|ServiceResource|true|false
08:10:21.440 (4466925088)|VARIABLE_ASSIGNMENT|[406]|sr|{"LocationId":"131dL000000OKGvQAO","Id":"0HndL000000MjRVSA0","LastKnownLocation":{"latitude":0.0,"longitude":0.0},"LastKnownLatitude":0E-15,"LastKnownLongitude":0E-15}|0x4904ef6f
08:10:21.440 (4466969539)|STATEMENT_EXECUTE|[407]
08:10:21.440 (4466972769)|STATEMENT_EXECUTE|[408]
08:10:21.440 (4466979169)|HEAP_ALLOCATE|[408]|Bytes:112
08:10:21.440 (4467001530)|HEAP_ALLOCATE|[408]|Bytes:4
08:10:21.440 (4467029930)|HEAP_ALLOCATE|[408]|Bytes:7
08:10:21.440 (4467720388)|SOQL_EXECUTE_BEGIN|[408]|Aggregations:0|SELECT QuantityOnHand FROM ProductItem WHERE (LocationId = :tmpVar1 AND Product2.ProductCode = :tmpVar2) LIMIT 1
08:10:21.440 (4498268270)|SOQL_EXECUTE_END|[408]|Rows:0
08:10:21.440 (4498310711)|HEAP_ALLOCATE|[408]|Bytes:4
08:10:21.440 (4498331531)|HEAP_ALLOCATE|[408]|Bytes:0
08:10:21.440 (4498439334)|HEAP_ALLOCATE|[408]|Bytes:4
08:10:21.440 (4498460935)|VARIABLE_SCOPE_BEGIN|[408]|items|List<ProductItem>|true|false
08:10:21.440 (4498484025)|VARIABLE_ASSIGNMENT|[408]|items|[]|0x7563d06b
08:10:21.440 (4498577718)|STATEMENT_EXECUTE|[414]
08:10:21.440 (4498581298)|STATEMENT_EXECUTE|[420]
08:10:21.440 (4498587268)|HEAP_ALLOCATE|[420]|Bytes:125
08:10:21.440 (4498603408)|HEAP_ALLOCATE|[420]|Bytes:4
08:10:21.440 (4499194954)|SOQL_EXECUTE_BEGIN|[420]|Aggregations:0|SELECT QuantityOnHand FROM ProductItem WHERE Product2.ProductCode = :tmpVar1 ORDER BY QuantityOnHand DESC NULLS FIRST LIMIT 1
08:10:21.440 (4513097324)|SOQL_EXECUTE_END|[420]|Rows:1
08:10:21.440 (4513135405)|HEAP_ALLOCATE|[420]|Bytes:8
08:10:21.440 (4513159594)|HEAP_ALLOCATE|[420]|Bytes:115
08:10:21.440 (4513217697)|HEAP_ALLOCATE|[420]|Bytes:8
08:10:21.440 (4513241226)|VARIABLE_SCOPE_BEGIN|[420]|fallbackItems|List<ProductItem>|true|false
08:10:21.440 (4513369221)|VARIABLE_ASSIGNMENT|[420]|fallbackItems|[{"QuantityOnHand":5.00,"Product2Id":"01tdL00000cjw5BQAQ","Id":"0CodL00000DyKM9SAN"}]|0x1ae699bf
08:10:21.440 (4513463783)|HEAP_ALLOCATE|[427]|Bytes:16
08:10:21.440 (4513546065)|HEAP_ALLOCATE|[427]|Bytes:28
08:10:21.440 (4513551834)|HEAP_ALLOCATE|[427]|Bytes:28
08:10:21.440 (4513628846)|STATEMENT_EXECUTE|[427]
08:10:21.440 (4513631578)|STATEMENT_EXECUTE|[428]
08:10:21.440 (4513638588)|HEAP_ALLOCATE|[428]|Bytes:16
08:10:21.440 (4513654498)|HEAP_ALLOCATE|[428]|Bytes:8
08:10:21.440 (4513670728)|METHOD_EXIT|[307]|01pdL00000Up09Z|CpeAiAssistantController.getVanStock(String)
08:10:21.440 (4513678199)|VARIABLE_SCOPE_BEGIN|[307]|vanStock|Integer|false|false
08:10:21.440 (4513689549)|VARIABLE_ASSIGNMENT|[307]|vanStock|5
08:10:21.440 (4513695579)|STATEMENT_EXECUTE|[308]
08:10:21.440 (4513698808)|STATEMENT_EXECUTE|[315]
08:10:21.440 (4513753441)|HEAP_ALLOCATE|[EXTERNAL]|Bytes:-4
08:10:21.440 (4513766101)|STATEMENT_EXECUTE|[317]
08:10:21.440 (4513768551)|STATEMENT_EXECUTE|[318]
08:10:21.440 (4513771831)|HEAP_ALLOCATE|[318]|Bytes:4
08:10:21.440 (4513779461)|VARIABLE_ASSIGNMENT|[318]|changedCpeCount|1
08:10:21.440 (4513799562)|HEAP_ALLOCATE|[276]|Bytes:5
08:10:21.440 (4513816642)|VARIABLE_SCOPE_BEGIN|[276]|key|String|false|false
08:10:21.440 (4513825343)|VARIABLE_ASSIGNMENT|[276]|key|"Modem"
08:10:21.440 (4513829892)|STATEMENT_EXECUTE|[276]
08:10:21.440 (4513831913)|STATEMENT_EXECUTE|[277]
08:10:21.440 (4513839203)|METHOD_ENTRY|[277]|01pdL00000Up09Z|CpeAiAssistantController.normalizeProductName(String)
08:10:21.440 (4513845753)|VARIABLE_SCOPE_BEGIN|[255]|rawName|String|false|false
08:10:21.440 (4513853812)|VARIABLE_ASSIGNMENT|[255]|rawName|"Modem"
08:10:21.440 (4513864293)|HEAP_ALLOCATE|[256]|Bytes:5
08:10:21.440 (4513868613)|STATEMENT_EXECUTE|[255]
08:10:21.440 (4513886884)|STATEMENT_EXECUTE|[256]
08:10:21.440 (4513888994)|STATEMENT_EXECUTE|[257]
08:10:21.440 (4513899245)|HEAP_ALLOCATE|[257]|Bytes:5
08:10:21.440 (4513908134)|VARIABLE_SCOPE_BEGIN|[257]|lower|String|false|false
08:10:21.440 (4513916974)|VARIABLE_ASSIGNMENT|[257]|lower|"modem"
08:10:21.440 (4513945676)|STATEMENT_EXECUTE|[258]
08:10:21.440 (4513998336)|STATEMENT_EXECUTE|[259]
08:10:21.440 (4514011428)|STATEMENT_EXECUTE|[260]
08:10:21.440 (4514019108)|METHOD_EXIT|[277]|01pdL00000Up09Z|CpeAiAssistantController.normalizeProductName(String)
08:10:21.440 (4514025977)|VARIABLE_SCOPE_BEGIN|[277]|normKey|String|false|false
08:10:21.440 (4514034278)|VARIABLE_ASSIGNMENT|[277]|normKey|"Modem"
08:10:21.440 (4514207503)|HEAP_ALLOCATE|[323]|Bytes:16
08:10:21.440 (4514223883)|STATEMENT_EXECUTE|[323]
08:10:21.440 (4514226203)|STATEMENT_EXECUTE|[325]
08:10:21.440 (4514254524)|HEAP_ALLOCATE|[EXTERNAL]|Bytes:-4
08:10:21.440 (4514262874)|STATEMENT_EXECUTE|[326]
08:10:21.440 (4514266884)|VARIABLE_SCOPE_BEGIN|[326]|currentStr|String|false|false
08:10:21.440 (4514275914)|VARIABLE_ASSIGNMENT|[326]|currentStr|""
08:10:21.440 (4514332606)|STATEMENT_EXECUTE|[327]
08:10:21.440 (4514334886)|STATEMENT_EXECUTE|[328]
08:10:21.440 (4514369977)|VARIABLE_ASSIGNMENT|[328]|currentStr|"Wired"
08:10:21.440 (4514409458)|HEAP_ALLOCATE|[330]|Bytes:5
08:10:21.440 (4514430168)|STATEMENT_EXECUTE|[330]
08:10:21.440 (4514440419)|HEAP_ALLOCATE|[276]|Bytes:5
08:10:21.440 (4514453579)|VARIABLE_SCOPE_BEGIN|[276]|key|String|false|false
08:10:21.440 (4514463619)|VARIABLE_ASSIGNMENT|[276]|key|"Wi-Fi Access Point"
08:10:21.440 (4514467429)|STATEMENT_EXECUTE|[276]
08:10:21.440 (4514469490)|STATEMENT_EXECUTE|[277]
08:10:21.440 (4514473980)|METHOD_ENTRY|[277]|01pdL00000Up09Z|CpeAiAssistantController.normalizeProductName(String)
08:10:21.440 (4514479980)|VARIABLE_SCOPE_BEGIN|[255]|rawName|String|false|false
08:10:21.440 (4514487250)|VARIABLE_ASSIGNMENT|[255]|rawName|"Wi-Fi Access Point"
08:10:21.440 (4514494950)|HEAP_ALLOCATE|[256]|Bytes:5
08:10:21.440 (4514499500)|STATEMENT_EXECUTE|[255]
08:10:21.440 (4514514151)|STATEMENT_EXECUTE|[256]
08:10:21.440 (4514516131)|STATEMENT_EXECUTE|[257]
08:10:21.440 (4514523351)|HEAP_ALLOCATE|[257]|Bytes:18
08:10:21.440 (4514534081)|VARIABLE_SCOPE_BEGIN|[257]|lower|String|false|false
08:10:21.440 (4514543151)|VARIABLE_ASSIGNMENT|[257]|lower|"wi-fi access point"
08:10:21.440 (4514568632)|STATEMENT_EXECUTE|[258]
08:10:21.440 (4514585203)|STATEMENT_EXECUTE|[259]
08:10:21.440 (4514592393)|METHOD_EXIT|[277]|01pdL00000Up09Z|CpeAiAssistantController.normalizeProductName(String)
08:10:21.440 (4514599493)|VARIABLE_SCOPE_BEGIN|[277]|normKey|String|false|false
08:10:21.440 (4514610673)|VARIABLE_ASSIGNMENT|[277]|normKey|"Wi-Fi Access Point"
08:10:21.440 (4514634344)|STATEMENT_EXECUTE|[279]
08:10:21.440 (4514637644)|STATEMENT_EXECUTE|[280]
08:10:21.440 (4514651454)|VARIABLE_SCOPE_BEGIN|[280]|qty|Integer|false|false
08:10:21.440 (4514664165)|VARIABLE_ASSIGNMENT|[280]|qty|1
08:10:21.440 (4514679825)|STATEMENT_EXECUTE|[282]
08:10:21.440 (4514682505)|STATEMENT_EXECUTE|[283]
08:10:21.440 (4514686485)|VARIABLE_SCOPE_BEGIN|[283]|current|Integer|false|false
08:10:21.440 (4514693705)|HEAP_ALLOCATE|[283]|Bytes:4
08:10:21.440 (4514702386)|VARIABLE_ASSIGNMENT|[283]|current|0
08:10:21.440 (4514742427)|STATEMENT_EXECUTE|[284]
08:10:21.440 (4514746217)|STATEMENT_EXECUTE|[285]
08:10:21.440 (4514779568)|VARIABLE_ASSIGNMENT|[285]|current|1
08:10:21.440 (4514786008)|STATEMENT_EXECUTE|[287]
08:10:21.440 (4514788878)|VARIABLE_SCOPE_BEGIN|[287]|baseQty|Integer|false|false
08:10:21.440 (4514796388)|VARIABLE_ASSIGNMENT|[287]|baseQty|1
08:10:21.440 (4514840469)|STATEMENT_EXECUTE|[288]
08:10:21.440 (4514842849)|STATEMENT_EXECUTE|[289]
08:10:21.440 (4514863820)|VARIABLE_ASSIGNMENT|[289]|baseQty|1
08:10:21.440 (4514870260)|STATEMENT_EXECUTE|[292]
08:10:21.440 (4514889311)|VARIABLE_SCOPE_BEGIN|[292]|max|Integer|false|false
08:10:21.440 (4514898581)|VARIABLE_ASSIGNMENT|[292]|max|11
08:10:21.440 (4514902231)|STATEMENT_EXECUTE|[293]
08:10:21.440 (4514920701)|VARIABLE_SCOPE_BEGIN|[293]|min|Integer|false|false
08:10:21.440 (4514929822)|VARIABLE_ASSIGNMENT|[293]|min|1
08:10:21.440 (4514937142)|STATEMENT_EXECUTE|[295]
08:10:21.440 (4514940252)|STATEMENT_EXECUTE|[303]
08:10:21.440 (4514942302)|STATEMENT_EXECUTE|[315]
08:10:21.440 (4514958362)|HEAP_ALLOCATE|[EXTERNAL]|Bytes:-4
08:10:21.440 (4514968523)|STATEMENT_EXECUTE|[317]
08:10:21.440 (4514978923)|HEAP_ALLOCATE|[276]|Bytes:5
08:10:21.440 (4514993453)|VARIABLE_ASSIGNMENT|[276]|key|null
08:10:21.440 (4515061135)|HEAP_ALLOCATE|[337]|Bytes:52
08:10:21.440 (4515111376)|HEAP_ALLOCATE|[337]|Bytes:5
08:10:21.440 (4515132577)|VARIABLE_SCOPE_BEGIN|[337]|ruleKey|String|false|false
08:10:21.440 (4515146147)|VARIABLE_ASSIGNMENT|[337]|ruleKey|"TV + Receiver"
08:10:21.440 (4515150317)|STATEMENT_EXECUTE|[337]
08:10:21.440 (4515181408)|STATEMENT_EXECUTE|[338]
08:10:21.440 (4515194399)|HEAP_ALLOCATE|[337]|Bytes:5
08:10:21.440 (4515211340)|VARIABLE_SCOPE_BEGIN|[337]|ruleKey|String|false|false
08:10:21.440 (4515224569)|VARIABLE_ASSIGNMENT|[337]|ruleKey|"Modem"
08:10:21.440 (4515229809)|STATEMENT_EXECUTE|[337]
08:10:21.440 (4515245461)|STATEMENT_EXECUTE|[338]
08:10:21.440 (4515257040)|HEAP_ALLOCATE|[337]|Bytes:5
08:10:21.440 (4515274182)|VARIABLE_SCOPE_BEGIN|[337]|ruleKey|String|false|false
08:10:21.440 (4515287431)|VARIABLE_ASSIGNMENT|[337]|ruleKey|"Wi-Fi Access Point"
08:10:21.440 (4515292041)|STATEMENT_EXECUTE|[337]
08:10:21.440 (4515303582)|STATEMENT_EXECUTE|[338]
08:10:21.440 (4515313122)|HEAP_ALLOCATE|[337]|Bytes:5
08:10:21.440 (4515325352)|VARIABLE_ASSIGNMENT|[337]|ruleKey|null
08:10:21.440 (4515329543)|STATEMENT_EXECUTE|[343]
08:10:21.440 (4515355923)|HEAP_ALLOCATE|[EXTERNAL]|Bytes:-4
08:10:21.440 (4515363413)|STATEMENT_EXECUTE|[346]
08:10:21.440 (4515379653)|HEAP_ALLOCATE|[346]|Bytes:4
08:10:21.440 (4515419164)|VARIABLE_SCOPE_BEGIN|[346]|stateChanges|List<Map<String,ANY>>|true|false
08:10:21.440 (4515450875)|HEAP_ALLOCATE|[EXTERNAL]|Bytes:4
08:10:21.440 (4515467556)|VARIABLE_ASSIGNMENT|[346]|stateChanges|[]|0x787cb5f8
08:10:21.440 (4515508148)|HEAP_ALLOCATE|[347]|Bytes:52
08:10:21.440 (4515537448)|HEAP_ALLOCATE|[347]|Bytes:5
08:10:21.440 (4515550928)|VARIABLE_SCOPE_BEGIN|[347]|key|String|false|false
08:10:21.440 (4515560278)|VARIABLE_ASSIGNMENT|[347]|key|"TV + Receiver"
08:10:21.440 (4515564618)|STATEMENT_EXECUTE|[347]
08:10:21.440 (4515585289)|STATEMENT_EXECUTE|[348]
08:10:21.440 (4515587470)|STATEMENT_EXECUTE|[349]
08:10:21.440 (4515609339)|VARIABLE_SCOPE_BEGIN|[349]|newVal|Object|false|false
08:10:21.440 (4515621040)|VARIABLE_ASSIGNMENT|[349]|newVal|3
08:10:21.440 (4515625420)|STATEMENT_EXECUTE|[350]
08:10:21.440 (4515672161)|VARIABLE_SCOPE_BEGIN|[350]|curVal|Object|false|false
08:10:21.440 (4515689532)|VARIABLE_ASSIGNMENT|[350]|curVal|1
08:10:21.440 (4515761743)|STATEMENT_EXECUTE|[352]
08:10:21.440 (4515764173)|STATEMENT_EXECUTE|[353]
08:10:21.440 (4515772835)|HEAP_ALLOCATE|[353]|Bytes:4
08:10:21.440 (4515805745)|HEAP_ALLOCATE|[354]|Bytes:5
08:10:21.440 (4515845047)|HEAP_ALLOCATE|[354]|Bytes:13
08:10:21.440 (4515889217)|HEAP_ALLOCATE|[355]|Bytes:11
08:10:21.440 (4515917488)|HEAP_ALLOCATE|[356]|Bytes:8
08:10:21.440 (4515941249)|HEAP_ALLOCATE|[357]|Bytes:8
08:10:21.440 (4515958560)|HEAP_ALLOCATE|[358]|Bytes:5
08:10:21.440 (4515988730)|HEAP_ALLOCATE|[353]|Bytes:4
08:10:21.440 (4516001891)|VARIABLE_SCOPE_BEGIN|[353]|change|Map<String,ANY>|true|false
08:10:21.440 (4516037791)|VARIABLE_ASSIGNMENT|[353]|change|{"label":"TV + RECEIVER","productCode":"O_RES_TV_PLUS_STB","oldUnits":1,"newUnits":3,"units":2}|0x19235038
08:10:21.440 (4516095512)|STATEMENT_EXECUTE|[361]
08:10:21.440 (4516098062)|STATEMENT_EXECUTE|[362]
08:10:21.440 (4516101422)|HEAP_ALLOCATE|[362]|Bytes:14
08:10:21.440 (4516140414)|HEAP_ALLOCATE|[362]|Bytes:4
08:10:21.440 (4516151474)|HEAP_ALLOCATE|[EXTERNAL]|Bytes:-4
08:10:21.440 (4516158434)|STATEMENT_EXECUTE|[365]
08:10:21.440 (4516167895)|VARIABLE_SCOPE_BEGIN|[365]|curQty|Integer|false|false
08:10:21.440 (4516199785)|VARIABLE_ASSIGNMENT|[365]|curQty|1
08:10:21.440 (4516205126)|STATEMENT_EXECUTE|[366]
08:10:21.440 (4516215976)|VARIABLE_SCOPE_BEGIN|[366]|newQty|Integer|false|false
08:10:21.440 (4516225236)|VARIABLE_ASSIGNMENT|[366]|newQty|3
08:10:21.440 (4516228817)|STATEMENT_EXECUTE|[367]
08:10:21.440 (4516232297)|VARIABLE_SCOPE_BEGIN|[367]|diff|Integer|false|false
08:10:21.440 (4516237137)|HEAP_ALLOCATE|[367]|Bytes:4
08:10:21.440 (4516243617)|VARIABLE_ASSIGNMENT|[367]|diff|2
08:10:21.440 (4516248127)|STATEMENT_EXECUTE|[368]
08:10:21.440 (4516316899)|VARIABLE_SCOPE_BEGIN|[2]|System.Math.E|Double|false|true
08:10:21.440 (4516323038)|VARIABLE_SCOPE_BEGIN|[3]|System.Math.PI|Double|false|true
08:10:21.440 (4516337990)|HEAP_ALLOCATE|[368]|Bytes:206
08:10:21.440 (4516354039)|SYSTEM_METHOD_ENTRY|[1]|Math.Math()
08:10:21.440 (4516359110)|STATEMENT_EXECUTE|[1]
08:10:21.440 (4516482853)|SYSTEM_METHOD_EXIT|[1]|Math
08:10:21.440 (4516511514)|METHOD_ENTRY|[368]||System.Math.abs(Integer)
08:10:21.440 (4516575426)|METHOD_EXIT|[368]||System.Math.abs(Integer)
08:10:21.440 (4516581565)|VARIABLE_SCOPE_BEGIN|[368]|diffAbs|Integer|false|false
08:10:21.440 (4516586436)|HEAP_ALLOCATE|[368]|Bytes:4
08:10:21.440 (4516595016)|VARIABLE_ASSIGNMENT|[368]|diffAbs|2
08:10:21.440 (4516606046)|STATEMENT_EXECUTE|[370]
08:10:21.440 (4516608217)|STATEMENT_EXECUTE|[371]
08:10:21.440 (4516611486)|HEAP_ALLOCATE|[371]|Bytes:12
08:10:21.440 (4516618747)|HEAP_ALLOCATE|[371]|Bytes:2
08:10:21.440 (4516648348)|HEAP_ALLOCATE|[371]|Bytes:2
08:10:21.440 (4516660578)|HEAP_ALLOCATE|[371]|Bytes:3
08:10:21.440 (4516671738)|HEAP_ALLOCATE|[371]|Bytes:7
08:10:21.440 (4516719490)|HEAP_ALLOCATE|[EXTERNAL]|Bytes:-4
08:10:21.440 (4516732510)|STATEMENT_EXECUTE|[378]
08:10:21.440 (4516782321)|HEAP_ALLOCATE|[EXTERNAL]|Bytes:4
08:10:21.440 (4516808122)|HEAP_ALLOCATE|[347]|Bytes:5
08:10:21.440 (4516823322)|VARIABLE_SCOPE_BEGIN|[347]|key|String|false|false
08:10:21.440 (4516834473)|VARIABLE_ASSIGNMENT|[347]|key|"Modem"
08:10:21.440 (4516838813)|STATEMENT_EXECUTE|[347]
08:10:21.440 (4516851223)|STATEMENT_EXECUTE|[348]
08:10:21.440 (4516853203)|STATEMENT_EXECUTE|[349]
08:10:21.440 (4516867033)|VARIABLE_SCOPE_BEGIN|[349]|newVal|Object|false|false
08:10:21.440 (4516876404)|VARIABLE_ASSIGNMENT|[349]|newVal|"Wired"
08:10:21.440 (4516880164)|STATEMENT_EXECUTE|[350]
08:10:21.440 (4516905444)|VARIABLE_SCOPE_BEGIN|[350]|curVal|Object|false|false
08:10:21.440 (4516917165)|VARIABLE_ASSIGNMENT|[350]|curVal|"Wired"
08:10:21.440 (4516935175)|STATEMENT_EXECUTE|[352]
08:10:21.440 (4516944155)|HEAP_ALLOCATE|[347]|Bytes:5
08:10:21.440 (4516955176)|VARIABLE_SCOPE_BEGIN|[347]|key|String|false|false
08:10:21.440 (4516964426)|VARIABLE_ASSIGNMENT|[347]|key|"Wi-Fi Access Point"
08:10:21.440 (4516968086)|STATEMENT_EXECUTE|[347]
08:10:21.440 (4516977616)|STATEMENT_EXECUTE|[348]
08:10:21.440 (4516979556)|STATEMENT_EXECUTE|[349]
08:10:21.440 (4516991547)|VARIABLE_SCOPE_BEGIN|[349]|newVal|Object|false|false
08:10:21.440 (4517007157)|VARIABLE_ASSIGNMENT|[349]|newVal|1
08:10:21.440 (4517011647)|STATEMENT_EXECUTE|[350]
08:10:21.440 (4517035438)|VARIABLE_SCOPE_BEGIN|[350]|curVal|Object|false|false
08:10:21.440 (4517045668)|VARIABLE_ASSIGNMENT|[350]|curVal|1
08:10:21.440 (4517061878)|STATEMENT_EXECUTE|[352]
08:10:21.440 (4517069889)|HEAP_ALLOCATE|[347]|Bytes:5
08:10:21.440 (4517083269)|VARIABLE_ASSIGNMENT|[347]|key|null
08:10:21.440 (4517087829)|STATEMENT_EXECUTE|[382]
08:10:21.440 (4517091399)|HEAP_ALLOCATE|[382]|Bytes:12
08:10:21.440 (4517116320)|HEAP_ALLOCATE|[EXTERNAL]|Bytes:-4
08:10:21.440 (4517125930)|HEAP_ALLOCATE|[383]|Bytes:7
08:10:21.440 (4517172021)|STATEMENT_EXECUTE|[383]
08:10:21.440 (4517174771)|STATEMENT_EXECUTE|[384]
08:10:21.440 (4517217343)|HEAP_ALLOCATE|[EXTERNAL]|Bytes:-4
08:10:21.440 (4517227733)|STATEMENT_EXECUTE|[388]
08:10:21.440 (4517229913)|STATEMENT_EXECUTE|[389]
08:10:21.440 (4517232973)|HEAP_ALLOCATE|[389]|Bytes:21
08:10:21.440 (4517253003)|HEAP_ALLOCATE|[389]|Bytes:5
08:10:21.440 (4517258874)|HEAP_ALLOCATE|[EXTERNAL]|Bytes:-4
08:10:21.440 (4517266284)|STATEMENT_EXECUTE|[401]
08:10:21.440 (4517277204)|METHOD_EXIT|[142]|01pdL00000Up09Z|CpeAiAssistantController.parseAndValidateAgentResponse(String, Map<String,Map<String,ANY>>)
08:10:21.440 (4517282854)|VARIABLE_SCOPE_BEGIN|[142]|validatedResponse|Map<String,ANY>|true|false
08:10:21.440 (4517315045)|VARIABLE_ASSIGNMENT|[142]|validatedResponse|{"newState":{"TV + Receiver":3,"Modem":"Wired","Wi-Fi Access Point":1},"stateChanges":["Map of size 7 too large to display"],"message":"Added 2 TV + Receive (52 more) ...","requireOtherCpePrompt":true}|0x63d8417
08:10:21.440 (4517321285)|STATEMENT_EXECUTE|[144]
08:10:21.440 (4517330025)|METHOD_ENTRY|[144]||System.JSON.serialize(Object)
08:10:21.440 (4518417454)|METHOD_EXIT|[144]||System.JSON.serialize(Object)
08:10:21.518 (4518519257)|CUMULATIVE_LIMIT_USAGE
08:10:21.518 (4518519257)|LIMIT_USAGE_FOR_NS|(default)|
  Number of SOQL queries: 3 out of 100
  Number of query rows: 2 out of 50000
  Number of SOSL queries: 0 out of 20
  Number of DML statements: 0 out of 150
  Number of Publish Immediate DML: 0 out of 150
  Number of DML rows: 0 out of 10000
  Maximum CPU time: 747 out of 10000
  Maximum heap size: 0 out of 6000000
  Number of callouts: 0 out of 100
  Number of Email Invocations: 0 out of 10
  Number of future calls: 0 out of 50
  Number of queueable jobs added to the queue: 0 out of 50
  Number of Mobile Apex push calls: 0 out of 10

08:10:21.518 (4518519257)|CUMULATIVE_LIMIT_USAGE_END

08:10:21.440 (4518576519)|CODE_UNIT_FINISHED|CpeAiAssistantController.sendMessageToAgent(String, String, String, String)
08:10:21.440 (4518833836)|CODE_UNIT_FINISHED|apex://CpeAiAssistantController/ACTION$sendMessageToAgent
08:10:21.440 (4518846446)|EXECUTION_FINISHED
