66.0 APEX_CODE,FINEST;APEX_PROFILING,INFO;CALLOUT,INFO;DATA_ACCESS,INFO;DB,INFO;NBA,INFO;SYSTEM,DEBUG;VALIDATION,INFO;VISUALFORCE,INFO;WAVE,INFO;WORKFLOW,INFO
07:35:07.1 (1659908)|USER_INFO|[EXTERNAL]|005dL00001kiJYb|abhijithshaibinu001.b869139f1496@agentforce.com|(GMT-07:00) Pacific Daylight Time (America/Los_Angeles)|GMT-07:00
07:35:07.1 (1697848)|EXECUTION_STARTED
07:35:07.1 (1709879)|CODE_UNIT_STARTED|[EXTERNAL]|apex://CpeAiAssistantController/ACTION$sendMessageToAgent
07:35:07.1 (4251317)|CODE_UNIT_STARTED|[EXTERNAL]|01pdL00000Up09Z|CpeAiAssistantController.sendMessageToAgent(String, String, String, String)
07:35:07.1 (6762254)|HEAP_ALLOCATE|[95]|Bytes:3
07:35:07.1 (6895487)|HEAP_ALLOCATE|[100]|Bytes:152
07:35:07.1 (6912528)|HEAP_ALLOCATE|[417]|Bytes:408
07:35:07.1 (6925198)|HEAP_ALLOCATE|[430]|Bytes:408
07:35:07.1 (6955319)|HEAP_ALLOCATE|[317]|Bytes:6
07:35:07.1 (6971489)|HEAP_ALLOCATE|[EXTERNAL]|Bytes:44
07:35:07.1 (6977549)|HEAP_ALLOCATE|[EXTERNAL]|Bytes:6
07:35:07.1 (7006040)|METHOD_ENTRY|[1]|01pdL00000Up09Z|CpeAiAssistantController.CpeAiAssistantController()
07:35:07.1 (7015490)|STATEMENT_EXECUTE|[1]
07:35:07.1 (7030620)|STATEMENT_EXECUTE|[1]
07:35:07.1 (7061841)|HEAP_ALLOCATE|[68]|Bytes:5
07:35:07.1 (7115242)|HEAP_ALLOCATE|[74]|Bytes:5
07:35:07.1 (7124482)|HEAP_ALLOCATE|[82]|Bytes:7
07:35:07.1 (7495201)|HEAP_ALLOCATE|[EXTERNAL]|Bytes:5
07:35:07.1 (7528062)|METHOD_EXIT|[1]|CpeAiAssistantController
07:35:07.1 (7533762)|HEAP_ALLOCATE|[EXTERNAL]|Bytes:17
07:35:07.1 (7537432)|HEAP_ALLOCATE|[EXTERNAL]|Bytes:734
07:35:07.1 (7540552)|HEAP_ALLOCATE|[EXTERNAL]|Bytes:58
07:35:07.1 (7543362)|HEAP_ALLOCATE|[EXTERNAL]|Bytes:30
07:35:07.1 (7556852)|VARIABLE_SCOPE_BEGIN|[71]|userMessage|String|false|false
07:35:07.1 (7635654)|VARIABLE_ASSIGNMENT|[71]|userMessage|"add 3 tv receiver"
07:35:07.1 (7641504)|VARIABLE_SCOPE_BEGIN|[71]|cpeItemsJson|String|false|false
07:35:07.1 (7688935)|VARIABLE_ASSIGNMENT|[71]|cpeItemsJson|"{\n  \"CpeItems\": [\n   (714 more) ..."
07:35:07.1 (7693755)|VARIABLE_SCOPE_BEGIN|[71]|currentCartJson|String|false|false
07:35:07.1 (7702086)|VARIABLE_ASSIGNMENT|[71]|currentCartJson|"{\"TV + Receiver\":1,\" (38 more) ..."
07:35:07.1 (7705706)|VARIABLE_SCOPE_BEGIN|[71]|chatHistory|String|false|false
07:35:07.1 (7713006)|VARIABLE_ASSIGNMENT|[71]|chatHistory|"Technician: add 3 tv (10 more) ..."
07:35:07.1 (7727576)|HEAP_ALLOCATE|[72]|Bytes:5
07:35:07.1 (7733156)|STATEMENT_EXECUTE|[71]
07:35:07.1 (7735606)|STATEMENT_EXECUTE|[72]
07:35:07.1 (7737696)|STATEMENT_EXECUTE|[72]
07:35:07.1 (7739876)|STATEMENT_EXECUTE|[74]
07:35:07.1 (7763047)|METHOD_ENTRY|[74]|01pdL00000Up09Z|CpeAiAssistantController.buildRulePayload(String, String)
07:35:07.1 (7804348)|VARIABLE_SCOPE_BEGIN|[156]|cpeItemsJson|String|false|false
07:35:07.1 (7814228)|VARIABLE_ASSIGNMENT|[156]|cpeItemsJson|"{\n  \"CpeItems\": [\n   (714 more) ..."
07:35:07.1 (7818098)|VARIABLE_SCOPE_BEGIN|[156]|currentCartJson|String|false|false
07:35:07.1 (7829228)|VARIABLE_ASSIGNMENT|[156]|currentCartJson|"{\"TV + Receiver\":1,\" (38 more) ..."
07:35:07.1 (7840489)|HEAP_ALLOCATE|[157]|Bytes:5
07:35:07.1 (7848489)|STATEMENT_EXECUTE|[156]
07:35:07.1 (7851659)|STATEMENT_EXECUTE|[157]
07:35:07.1 (7872689)|HEAP_ALLOCATE|[157]|Bytes:4
07:35:07.1 (7894550)|VARIABLE_SCOPE_BEGIN|[157]|rules|Map<String,Map<String,ANY>>|true|false
07:35:07.1 (7920121)|VARIABLE_ASSIGNMENT|[157]|rules|{}|0x1e339f4b
07:35:07.1 (7925341)|STATEMENT_EXECUTE|[158]
07:35:07.1 (7928901)|HEAP_ALLOCATE|[158]|Bytes:13
07:35:07.1 (7938421)|HEAP_ALLOCATE|[158]|Bytes:4
07:35:07.1 (7945121)|HEAP_ALLOCATE|[158]|Bytes:7
07:35:07.1 (8004832)|HEAP_ALLOCATE|[158]|Bytes:4
07:35:07.1 (8036963)|HEAP_ALLOCATE|[158]|Bytes:3
07:35:07.1 (8046753)|HEAP_ALLOCATE|[158]|Bytes:4
07:35:07.1 (8057344)|HEAP_ALLOCATE|[158]|Bytes:3
07:35:07.1 (8065364)|HEAP_ALLOCATE|[158]|Bytes:4
07:35:07.1 (8110205)|HEAP_ALLOCATE|[EXTERNAL]|Bytes:-4
07:35:07.1 (8118425)|STATEMENT_EXECUTE|[159]
07:35:07.1 (8121865)|HEAP_ALLOCATE|[159]|Bytes:5
07:35:07.1 (8129355)|HEAP_ALLOCATE|[159]|Bytes:4
07:35:07.1 (8135655)|HEAP_ALLOCATE|[159]|Bytes:5
07:35:07.1 (8166266)|HEAP_ALLOCATE|[159]|Bytes:4
07:35:07.1 (8181947)|HEAP_ALLOCATE|[159]|Bytes:4
07:35:07.1 (8197437)|HEAP_ALLOCATE|[EXTERNAL]|Bytes:-4
07:35:07.1 (8204177)|STATEMENT_EXECUTE|[160]
07:35:07.1 (8207537)|HEAP_ALLOCATE|[160]|Bytes:18
07:35:07.1 (8215237)|HEAP_ALLOCATE|[160]|Bytes:4
07:35:07.1 (8243428)|HEAP_ALLOCATE|[160]|Bytes:4
07:35:07.1 (8263948)|HEAP_ALLOCATE|[160]|Bytes:4
07:35:07.1 (8283339)|HEAP_ALLOCATE|[160]|Bytes:4
07:35:07.1 (8298609)|HEAP_ALLOCATE|[EXTERNAL]|Bytes:-4
07:35:07.1 (8382491)|STATEMENT_EXECUTE|[162]
07:35:07.1 (8385211)|STATEMENT_EXECUTE|[163]
07:35:07.1 (8387161)|STATEMENT_EXECUTE|[163]
07:35:07.1 (8389381)|STATEMENT_EXECUTE|[164]
07:35:07.1 (8427762)|HEAP_ALLOCATE|[164]|Bytes:24
07:35:07.1 (8440362)|SYSTEM_METHOD_ENTRY|[1]|JSON.JSON()
07:35:07.1 (8443802)|STATEMENT_EXECUTE|[1]
07:35:07.1 (8456293)|SYSTEM_METHOD_EXIT|[1]|JSON
07:35:07.1 (8465223)|METHOD_ENTRY|[164]||System.JSON.deserializeUntyped(String)
07:35:07.1 (10467329)|METHOD_EXIT|[164]||System.JSON.deserializeUntyped(String)
07:35:07.1 (10481299)|VARIABLE_SCOPE_BEGIN|[164]|currentCart|Map<String,ANY>|true|false
07:35:07.1 (10510410)|VARIABLE_ASSIGNMENT|[164]|currentCart|{"TV + Receiver":1,"Modem":"Wi-Fi","Wi-Fi Access Point":1}|0x6c4a35b6
07:35:07.1 (10588901)|HEAP_ALLOCATE|[165]|Bytes:52
07:35:07.1 (10659043)|HEAP_ALLOCATE|[165]|Bytes:5
07:35:07.1 (10684394)|VARIABLE_SCOPE_BEGIN|[165]|key|String|false|false
07:35:07.1 (10694394)|VARIABLE_ASSIGNMENT|[165]|key|"TV + Receiver"
07:35:07.1 (10700194)|STATEMENT_EXECUTE|[165]
07:35:07.1 (10702694)|STATEMENT_EXECUTE|[166]
07:35:07.1 (10714214)|METHOD_ENTRY|[166]|01pdL00000Up09Z|CpeAiAssistantController.normalizeProductName(String)
07:35:07.1 (10727774)|VARIABLE_SCOPE_BEGIN|[252]|rawName|String|false|false
07:35:07.1 (10736375)|VARIABLE_ASSIGNMENT|[252]|rawName|"TV + Receiver"
07:35:07.1 (10746185)|HEAP_ALLOCATE|[253]|Bytes:5
07:35:07.1 (10750715)|STATEMENT_EXECUTE|[252]
07:35:07.1 (10782446)|STATEMENT_EXECUTE|[253]
07:35:07.1 (10784606)|STATEMENT_EXECUTE|[254]
07:35:07.1 (10801126)|HEAP_ALLOCATE|[254]|Bytes:13
07:35:07.1 (10813256)|VARIABLE_SCOPE_BEGIN|[254]|lower|String|false|false
07:35:07.1 (10821967)|VARIABLE_ASSIGNMENT|[254]|lower|"tv + receiver"
07:35:07.1 (10827017)|HEAP_ALLOCATE|[255]|Bytes:2
07:35:07.1 (10857037)|STATEMENT_EXECUTE|[255]
07:35:07.1 (10866338)|METHOD_EXIT|[166]|01pdL00000Up09Z|CpeAiAssistantController.normalizeProductName(String)
07:35:07.1 (10871498)|VARIABLE_SCOPE_BEGIN|[166]|normKey|String|false|false
07:35:07.1 (10880888)|VARIABLE_ASSIGNMENT|[166]|normKey|"TV + Receiver"
07:35:07.1 (10906629)|STATEMENT_EXECUTE|[167]
07:35:07.1 (10908819)|STATEMENT_EXECUTE|[168]
07:35:07.1 (10975340)|HEAP_ALLOCATE|[165]|Bytes:5
07:35:07.1 (10989280)|VARIABLE_SCOPE_BEGIN|[165]|key|String|false|false
07:35:07.1 (10997761)|VARIABLE_ASSIGNMENT|[165]|key|"Modem"
07:35:07.1 (11001961)|STATEMENT_EXECUTE|[165]
07:35:07.1 (11004441)|STATEMENT_EXECUTE|[166]
07:35:07.1 (11008731)|METHOD_ENTRY|[166]|01pdL00000Up09Z|CpeAiAssistantController.normalizeProductName(String)
07:35:07.1 (11013631)|VARIABLE_SCOPE_BEGIN|[252]|rawName|String|false|false
07:35:07.1 (11020791)|VARIABLE_ASSIGNMENT|[252]|rawName|"Modem"
07:35:07.1 (11028201)|HEAP_ALLOCATE|[253]|Bytes:5
07:35:07.1 (11031991)|STATEMENT_EXECUTE|[252]
07:35:07.1 (11050602)|STATEMENT_EXECUTE|[253]
07:35:07.1 (11052632)|STATEMENT_EXECUTE|[254]
07:35:07.1 (11062192)|HEAP_ALLOCATE|[254]|Bytes:5
07:35:07.1 (11071912)|VARIABLE_SCOPE_BEGIN|[254]|lower|String|false|false
07:35:07.1 (11081653)|VARIABLE_ASSIGNMENT|[254]|lower|"modem"
07:35:07.1 (11098963)|HEAP_ALLOCATE|[255]|Bytes:8
07:35:07.1 (11116593)|STATEMENT_EXECUTE|[255]
07:35:07.1 (11119573)|HEAP_ALLOCATE|[256]|Bytes:5
07:35:07.1 (11143814)|HEAP_ALLOCATE|[256]|Bytes:4
07:35:07.1 (11159544)|HEAP_ALLOCATE|[256]|Bytes:2
07:35:07.1 (11173965)|HEAP_ALLOCATE|[256]|Bytes:12
07:35:07.1 (11188005)|HEAP_ALLOCATE|[256]|Bytes:6
07:35:07.1 (11203275)|STATEMENT_EXECUTE|[256]
07:35:07.1 (11206225)|HEAP_ALLOCATE|[257]|Bytes:5
07:35:07.1 (11228626)|STATEMENT_EXECUTE|[257]
07:35:07.1 (11236316)|METHOD_EXIT|[166]|01pdL00000Up09Z|CpeAiAssistantController.normalizeProductName(String)
07:35:07.1 (11241456)|VARIABLE_SCOPE_BEGIN|[166]|normKey|String|false|false
07:35:07.1 (11252926)|VARIABLE_ASSIGNMENT|[166]|normKey|"Modem"
07:35:07.1 (11264217)|STATEMENT_EXECUTE|[167]
07:35:07.1 (11266277)|STATEMENT_EXECUTE|[168]
07:35:07.1 (11298207)|HEAP_ALLOCATE|[165]|Bytes:5
07:35:07.1 (11310408)|VARIABLE_SCOPE_BEGIN|[165]|key|String|false|false
07:35:07.1 (11319748)|VARIABLE_ASSIGNMENT|[165]|key|"Wi-Fi Access Point"
07:35:07.1 (11323848)|STATEMENT_EXECUTE|[165]
07:35:07.1 (11325848)|STATEMENT_EXECUTE|[166]
07:35:07.1 (11329598)|METHOD_ENTRY|[166]|01pdL00000Up09Z|CpeAiAssistantController.normalizeProductName(String)
07:35:07.1 (11334268)|VARIABLE_SCOPE_BEGIN|[252]|rawName|String|false|false
07:35:07.1 (11341438)|VARIABLE_ASSIGNMENT|[252]|rawName|"Wi-Fi Access Point"
07:35:07.1 (11348079)|HEAP_ALLOCATE|[253]|Bytes:5
07:35:07.1 (11351799)|STATEMENT_EXECUTE|[252]
07:35:07.1 (11367539)|STATEMENT_EXECUTE|[253]
07:35:07.1 (11369499)|STATEMENT_EXECUTE|[254]
07:35:07.1 (11377079)|HEAP_ALLOCATE|[254]|Bytes:18
07:35:07.1 (11386259)|VARIABLE_SCOPE_BEGIN|[254]|lower|String|false|false
07:35:07.1 (11394450)|VARIABLE_ASSIGNMENT|[254]|lower|"wi-fi access point"
07:35:07.1 (11426700)|STATEMENT_EXECUTE|[255]
07:35:07.1 (11446531)|STATEMENT_EXECUTE|[256]
07:35:07.1 (11455051)|METHOD_EXIT|[166]|01pdL00000Up09Z|CpeAiAssistantController.normalizeProductName(String)
07:35:07.1 (11460711)|VARIABLE_SCOPE_BEGIN|[166]|normKey|String|false|false
07:35:07.1 (11469421)|VARIABLE_ASSIGNMENT|[166]|normKey|"Wi-Fi Access Point"
07:35:07.1 (11481232)|STATEMENT_EXECUTE|[167]
07:35:07.1 (11483262)|STATEMENT_EXECUTE|[168]
07:35:07.1 (11520473)|HEAP_ALLOCATE|[165]|Bytes:5
07:35:07.1 (11533843)|VARIABLE_ASSIGNMENT|[165]|key|null
07:35:07.1 (11570204)|STATEMENT_EXECUTE|[174]
07:35:07.1 (11572544)|STATEMENT_EXECUTE|[175]
07:35:07.1 (11574494)|STATEMENT_EXECUTE|[175]
07:35:07.1 (11576644)|STATEMENT_EXECUTE|[176]
07:35:07.1 (11582674)|METHOD_ENTRY|[176]||System.JSON.deserializeUntyped(String)
07:35:07.1 (12850773)|METHOD_EXIT|[176]||System.JSON.deserializeUntyped(String)
07:35:07.1 (12863553)|VARIABLE_SCOPE_BEGIN|[176]|itemsMap|Map<String,ANY>|true|false
07:35:07.1 (12890294)|HEAP_ALLOCATE|[EXTERNAL]|Bytes:20
07:35:07.1 (12939415)|VARIABLE_ASSIGNMENT|[176]|itemsMap|{"CpeItems":["Map of size 6 too large to display",{"itemType":"childProduct","maxQuantity":15,"minQuantity":0,"defaultQuantity":0,"ProductCode":"O_RES_TV_PLUS_ADDL_S (2 more) ..."},"Map of size 6 too large to display",{"itemType":"childProduct","maxQuantity":99999,"minQuantity":0,"defaultQuantity":0,"ProductCode":"O_RES_HSI_WIFI_EXTEN (3 more) ..."}]}|0x2706019b
07:35:07.1 (12946965)|STATEMENT_EXECUTE|[177]
07:35:07.1 (12956105)|HEAP_ALLOCATE|[177]|Bytes:4
07:35:07.1 (13025927)|VARIABLE_SCOPE_BEGIN|[177]|items|List<ANY>|true|false
07:35:07.1 (13038617)|HEAP_ALLOCATE|[EXTERNAL]|Bytes:4
07:35:07.1 (13048788)|VARIABLE_ASSIGNMENT|[177]|items|[]|0x7030c318
07:35:07.1 (13053988)|HEAP_ALLOCATE|[178]|Bytes:8
07:35:07.1 (13082088)|STATEMENT_EXECUTE|[178]
07:35:07.1 (13084428)|STATEMENT_EXECUTE|[179]
07:35:07.1 (13128789)|VARIABLE_ASSIGNMENT|[179]|items|["Map of size 6 too large to display",{"itemType":"childProduct","maxQuantity":15,"minQuantity":0,"defaultQuantity":0,"ProductCode":"O_RES_TV_PLUS_ADDL_S (2 more) ..."},"Map of size 6 too large to display",{"itemType":"childProduct","maxQuantity":99999,"minQuantity":0,"defaultQuantity":0,"ProductCode":"O_RES_HSI_WIFI_EXTEN (3 more) ..."}]|0x45adcc3b
07:35:07.1 (13137670)|STATEMENT_EXECUTE|[182]
07:35:07.1 (13149260)|HEAP_ALLOCATE|[182]|Bytes:4
07:35:07.1 (13157910)|VARIABLE_SCOPE_BEGIN|[182]|limits|Map<String,Map<String,Integer>>|true|false
07:35:07.1 (13167740)|VARIABLE_ASSIGNMENT|[182]|limits|{}|0x523017cc
07:35:07.1 (13172040)|STATEMENT_EXECUTE|[183]
07:35:07.1 (13179300)|HEAP_ALLOCATE|[183]|Bytes:4
07:35:07.1 (13187321)|HEAP_ALLOCATE|[183]|Bytes:6
07:35:07.1 (13210981)|HEAP_ALLOCATE|[183]|Bytes:4
07:35:07.1 (13221341)|HEAP_ALLOCATE|[183]|Bytes:6
07:35:07.1 (13229742)|HEAP_ALLOCATE|[183]|Bytes:4
07:35:07.1 (13240462)|HEAP_ALLOCATE|[183]|Bytes:4
07:35:07.1 (13255112)|HEAP_ALLOCATE|[EXTERNAL]|Bytes:-4
07:35:07.1 (13261782)|STATEMENT_EXECUTE|[184]
07:35:07.1 (13267733)|HEAP_ALLOCATE|[184]|Bytes:4
07:35:07.1 (13287603)|HEAP_ALLOCATE|[184]|Bytes:4
07:35:07.1 (13300803)|HEAP_ALLOCATE|[184]|Bytes:4
07:35:07.1 (13311234)|HEAP_ALLOCATE|[184]|Bytes:4
07:35:07.1 (13324074)|HEAP_ALLOCATE|[EXTERNAL]|Bytes:-4
07:35:07.1 (13330384)|STATEMENT_EXECUTE|[185]
07:35:07.1 (13336114)|HEAP_ALLOCATE|[185]|Bytes:4
07:35:07.1 (13363195)|HEAP_ALLOCATE|[185]|Bytes:4
07:35:07.1 (13381165)|HEAP_ALLOCATE|[185]|Bytes:4
07:35:07.1 (13400446)|HEAP_ALLOCATE|[EXTERNAL]|Bytes:-4
07:35:07.1 (13411346)|STATEMENT_EXECUTE|[187]
07:35:07.1 (13425636)|METHOD_ENTRY|[187]|01pdL00000Up09Z|CpeAiAssistantController.extractCodes(List<ANY>, Map<String,Map<String,Integer>>)
07:35:07.1 (13469757)|VARIABLE_SCOPE_BEGIN|[200]|items|List<ANY>|true|false
07:35:07.1 (13498878)|VARIABLE_ASSIGNMENT|[200]|items|["Map of size 6 too large to display",{"itemType":"childProduct","maxQuantity":15,"minQuantity":0,"defaultQuantity":0,"ProductCode":"O_RES_TV_PLUS_ADDL_S (2 more) ..."},"Map of size 6 too large to display",{"itemType":"childProduct","maxQuantity":99999,"minQuantity":0,"defaultQuantity":0,"ProductCode":"O_RES_HSI_WIFI_EXTEN (3 more) ..."}]|0x45adcc3b
07:35:07.1 (13509158)|VARIABLE_SCOPE_BEGIN|[200]|limits|Map<String,Map<String,Integer>>|true|false
07:35:07.1 (13528548)|VARIABLE_ASSIGNMENT|[200]|limits|{"tv":{"maxInc":3,"maxAdd":15,"min":1},"wifi":{"maxInc":1,"maxAdd":10,"min":1},"modem":{"max":1,"min":1}}|0x523017cc
07:35:07.1 (13545709)|HEAP_ALLOCATE|[201]|Bytes:5
07:35:07.1 (13552369)|STATEMENT_EXECUTE|[200]
07:35:07.1 (13556739)|STATEMENT_EXECUTE|[201]
07:35:07.1 (13615890)|HEAP_ALLOCATE|[202]|Bytes:5
07:35:07.1 (13645121)|HEAP_ALLOCATE|[202]|Bytes:28
07:35:07.1 (13660632)|VARIABLE_SCOPE_BEGIN|[202]|obj|Object|false|false
07:35:07.1 (13680492)|VARIABLE_ASSIGNMENT|[202]|obj|"Map of size 6 too large to display"
07:35:07.1 (13686922)|STATEMENT_EXECUTE|[202]
07:35:07.1 (13690072)|STATEMENT_EXECUTE|[203]
07:35:07.1 (13695582)|VARIABLE_SCOPE_BEGIN|[203]|item|Map<String,ANY>|true|false
07:35:07.1 (13707943)|VARIABLE_ASSIGNMENT|[203]|item|"Map of size 6 too large to display"|0x3e41eb5d
07:35:07.1 (13714103)|STATEMENT_EXECUTE|[204]
07:35:07.1 (13726973)|METHOD_ENTRY|[204]|01pdL00000Up09Z|CpeAiAssistantController.getProductCode(Map<String,ANY>)
07:35:07.1 (13742763)|VARIABLE_SCOPE_BEGIN|[233]|item|Map<String,ANY>|true|false
07:35:07.1 (13755194)|VARIABLE_ASSIGNMENT|[233]|item|"Map of size 6 too large to display"|0x3e41eb5d
07:35:07.1 (13770464)|HEAP_ALLOCATE|[234]|Bytes:5
07:35:07.1 (13778914)|STATEMENT_EXECUTE|[233]
07:35:07.1 (13784294)|HEAP_ALLOCATE|[234]|Bytes:11
07:35:07.1 (13837846)|STATEMENT_EXECUTE|[234]
07:35:07.1 (13840866)|STATEMENT_EXECUTE|[235]
07:35:07.1 (13879177)|HEAP_ALLOCATE|[235]|Bytes:17
07:35:07.1 (13901657)|METHOD_EXIT|[204]|01pdL00000Up09Z|CpeAiAssistantController.getProductCode(Map<String,ANY>)
07:35:07.1 (13910397)|VARIABLE_SCOPE_BEGIN|[204]|code|String|false|false
07:35:07.1 (13925308)|VARIABLE_ASSIGNMENT|[204]|code|"O_RES_TV_PLUS_STB"
07:35:07.1 (13931508)|STATEMENT_EXECUTE|[205]
07:35:07.1 (13936048)|HEAP_ALLOCATE|[205]|Bytes:11
07:35:07.1 (13977169)|VARIABLE_SCOPE_BEGIN|[205]|maxQ|Integer|false|false
07:35:07.1 (13991159)|VARIABLE_ASSIGNMENT|[205]|maxQ|3
07:35:07.1 (13997959)|STATEMENT_EXECUTE|[206]
07:35:07.1 (14003059)|HEAP_ALLOCATE|[206]|Bytes:11
07:35:07.1 (14043500)|VARIABLE_SCOPE_BEGIN|[206]|minQ|Integer|false|false
07:35:07.1 (14057931)|VARIABLE_ASSIGNMENT|[206]|minQ|0
07:35:07.1 (14063651)|STATEMENT_EXECUTE|[207]
07:35:07.1 (14068701)|HEAP_ALLOCATE|[207]|Bytes:15
07:35:07.1 (14111202)|VARIABLE_SCOPE_BEGIN|[207]|defQ|Integer|false|false
07:35:07.1 (14125732)|VARIABLE_ASSIGNMENT|[207]|defQ|1
07:35:07.1 (14133202)|HEAP_ALLOCATE|[209]|Bytes:17
07:35:07.1 (14161283)|STATEMENT_EXECUTE|[209]
07:35:07.1 (14164243)|STATEMENT_EXECUTE|[210]
07:35:07.1 (14207524)|STATEMENT_EXECUTE|[211]
07:35:07.1 (14255375)|HEAP_ALLOCATE|[224]|Bytes:13
07:35:07.1 (14283536)|STATEMENT_EXECUTE|[224]
07:35:07.1 (14299216)|HEAP_ALLOCATE|[202]|Bytes:5
07:35:07.1 (14318157)|HEAP_ALLOCATE|[202]|Bytes:24
07:35:07.1 (14331807)|VARIABLE_SCOPE_BEGIN|[202]|obj|Object|false|false
07:35:07.1 (14360008)|VARIABLE_ASSIGNMENT|[202]|obj|{"itemType":"childProduct","maxQuantity":15,"minQuantity":0,"defaultQuantity":0,"ProductCode":"O_RES_TV_PLUS_ADDL_S (2 more) ..."}
07:35:07.1 (14369108)|STATEMENT_EXECUTE|[202]
07:35:07.1 (14372258)|STATEMENT_EXECUTE|[203]
07:35:07.1 (14378878)|VARIABLE_SCOPE_BEGIN|[203]|item|Map<String,ANY>|true|false
07:35:07.1 (14398068)|VARIABLE_ASSIGNMENT|[203]|item|{"itemType":"childProduct","maxQuantity":15,"minQuantity":0,"defaultQuantity":0,"ProductCode":"O_RES_TV_PLUS_ADDL_S (2 more) ..."}|0x738bcf68
07:35:07.1 (14405629)|STATEMENT_EXECUTE|[204]
07:35:07.1 (14412219)|METHOD_ENTRY|[204]|01pdL00000Up09Z|CpeAiAssistantController.getProductCode(Map<String,ANY>)
07:35:07.1 (14419959)|VARIABLE_SCOPE_BEGIN|[233]|item|Map<String,ANY>|true|false
07:35:07.1 (14437179)|VARIABLE_ASSIGNMENT|[233]|item|{"itemType":"childProduct","maxQuantity":15,"minQuantity":0,"defaultQuantity":0,"ProductCode":"O_RES_TV_PLUS_ADDL_S (2 more) ..."}|0x738bcf68
07:35:07.1 (14451390)|HEAP_ALLOCATE|[234]|Bytes:5
07:35:07.1 (14460520)|STATEMENT_EXECUTE|[233]
07:35:07.1 (14484900)|STATEMENT_EXECUTE|[234]
07:35:07.1 (14487870)|STATEMENT_EXECUTE|[235]
07:35:07.1 (14514641)|HEAP_ALLOCATE|[235]|Bytes:22
07:35:07.1 (14533731)|METHOD_EXIT|[204]|01pdL00000Up09Z|CpeAiAssistantController.getProductCode(Map<String,ANY>)
07:35:07.1 (14540752)|VARIABLE_SCOPE_BEGIN|[204]|code|String|false|false
07:35:07.1 (14553132)|VARIABLE_ASSIGNMENT|[204]|code|"O_RES_TV_PLUS_ADDL_S (2 more) ..."
07:35:07.1 (14558222)|STATEMENT_EXECUTE|[205]
07:35:07.1 (14581003)|VARIABLE_SCOPE_BEGIN|[205]|maxQ|Integer|false|false
07:35:07.1 (14592493)|VARIABLE_ASSIGNMENT|[205]|maxQ|15
07:35:07.1 (14597823)|STATEMENT_EXECUTE|[206]
07:35:07.1 (14620393)|VARIABLE_SCOPE_BEGIN|[206]|minQ|Integer|false|false
07:35:07.1 (14633274)|VARIABLE_ASSIGNMENT|[206]|minQ|0
07:35:07.1 (14638644)|STATEMENT_EXECUTE|[207]
07:35:07.1 (14662854)|VARIABLE_SCOPE_BEGIN|[207]|defQ|Integer|false|false
07:35:07.1 (14674485)|VARIABLE_ASSIGNMENT|[207]|defQ|0
07:35:07.1 (14698495)|HEAP_ALLOCATE|[212]|Bytes:22
07:35:07.1 (14708835)|STATEMENT_EXECUTE|[212]
07:35:07.1 (14711876)|STATEMENT_EXECUTE|[213]
07:35:07.1 (14770127)|STATEMENT_EXECUTE|[224]
07:35:07.1 (14783267)|HEAP_ALLOCATE|[202]|Bytes:5
07:35:07.1 (14803038)|HEAP_ALLOCATE|[202]|Bytes:28
07:35:07.1 (14812918)|VARIABLE_SCOPE_BEGIN|[202]|obj|Object|false|false
07:35:07.1 (14827738)|VARIABLE_ASSIGNMENT|[202]|obj|"Map of size 6 too large to display"
07:35:07.1 (14833548)|STATEMENT_EXECUTE|[202]
07:35:07.1 (14836008)|STATEMENT_EXECUTE|[203]
07:35:07.1 (14840749)|VARIABLE_SCOPE_BEGIN|[203]|item|Map<String,ANY>|true|false
07:35:07.1 (14852509)|VARIABLE_ASSIGNMENT|[203]|item|"Map of size 6 too large to display"|0x49bb6c5c
07:35:07.1 (14858369)|STATEMENT_EXECUTE|[204]
07:35:07.1 (14863449)|METHOD_ENTRY|[204]|01pdL00000Up09Z|CpeAiAssistantController.getProductCode(Map<String,ANY>)
07:35:07.1 (14869939)|VARIABLE_SCOPE_BEGIN|[233]|item|Map<String,ANY>|true|false
07:35:07.1 (14880719)|VARIABLE_ASSIGNMENT|[233]|item|"Map of size 6 too large to display"|0x49bb6c5c
07:35:07.1 (14891030)|HEAP_ALLOCATE|[234]|Bytes:5
07:35:07.1 (14897070)|STATEMENT_EXECUTE|[233]
07:35:07.1 (14923340)|STATEMENT_EXECUTE|[234]
07:35:07.1 (14926370)|STATEMENT_EXECUTE|[235]
07:35:07.1 (14949301)|HEAP_ALLOCATE|[235]|Bytes:15
07:35:07.1 (14966331)|METHOD_EXIT|[204]|01pdL00000Up09Z|CpeAiAssistantController.getProductCode(Map<String,ANY>)
07:35:07.1 (14972952)|VARIABLE_SCOPE_BEGIN|[204]|code|String|false|false
07:35:07.1 (14986472)|VARIABLE_ASSIGNMENT|[204]|code|"O_RES_HSI_MODEM"
07:35:07.1 (14991682)|STATEMENT_EXECUTE|[205]
07:35:07.1 (15014102)|VARIABLE_SCOPE_BEGIN|[205]|maxQ|Integer|false|false
07:35:07.1 (15025723)|VARIABLE_ASSIGNMENT|[205]|maxQ|99999
07:35:07.1 (15030253)|STATEMENT_EXECUTE|[206]
07:35:07.1 (15049393)|VARIABLE_SCOPE_BEGIN|[206]|minQ|Integer|false|false
07:35:07.1 (15059744)|VARIABLE_ASSIGNMENT|[206]|minQ|0
07:35:07.1 (15064824)|STATEMENT_EXECUTE|[207]
07:35:07.1 (15087854)|VARIABLE_SCOPE_BEGIN|[207]|defQ|Integer|false|false
07:35:07.1 (15101744)|VARIABLE_ASSIGNMENT|[207]|defQ|1
07:35:07.1 (15125665)|HEAP_ALLOCATE|[214]|Bytes:27
07:35:07.1 (15138075)|HEAP_ALLOCATE|[217]|Bytes:27
07:35:07.1 (15149006)|HEAP_ALLOCATE|[219]|Bytes:15
07:35:07.1 (15156996)|STATEMENT_EXECUTE|[219]
07:35:07.1 (15159846)|STATEMENT_EXECUTE|[220]
07:35:07.1 (15199307)|HEAP_ALLOCATE|[220]|Bytes:4
07:35:07.1 (15213937)|STATEMENT_EXECUTE|[221]
07:35:07.1 (15269408)|STATEMENT_EXECUTE|[224]
07:35:07.1 (15282049)|HEAP_ALLOCATE|[202]|Bytes:5
07:35:07.1 (15299809)|HEAP_ALLOCATE|[202]|Bytes:24
07:35:07.1 (15310299)|VARIABLE_SCOPE_BEGIN|[202]|obj|Object|false|false
07:35:07.1 (15331870)|VARIABLE_ASSIGNMENT|[202]|obj|{"itemType":"childProduct","maxQuantity":99999,"minQuantity":0,"defaultQuantity":0,"ProductCode":"O_RES_HSI_WIFI_EXTEN (3 more) ..."}
07:35:07.1 (15338690)|STATEMENT_EXECUTE|[202]
07:35:07.1 (15341400)|STATEMENT_EXECUTE|[203]
07:35:07.1 (15346470)|VARIABLE_SCOPE_BEGIN|[203]|item|Map<String,ANY>|true|false
07:35:07.1 (15365831)|VARIABLE_ASSIGNMENT|[203]|item|{"itemType":"childProduct","maxQuantity":99999,"minQuantity":0,"defaultQuantity":0,"ProductCode":"O_RES_HSI_WIFI_EXTEN (3 more) ..."}|0x5f159711
07:35:07.1 (15374121)|STATEMENT_EXECUTE|[204]
07:35:07.1 (15380571)|METHOD_ENTRY|[204]|01pdL00000Up09Z|CpeAiAssistantController.getProductCode(Map<String,ANY>)
07:35:07.1 (15388051)|VARIABLE_SCOPE_BEGIN|[233]|item|Map<String,ANY>|true|false
07:35:07.1 (15404411)|VARIABLE_ASSIGNMENT|[233]|item|{"itemType":"childProduct","maxQuantity":99999,"minQuantity":0,"defaultQuantity":0,"ProductCode":"O_RES_HSI_WIFI_EXTEN (3 more) ..."}|0x5f159711
07:35:07.1 (15415822)|HEAP_ALLOCATE|[234]|Bytes:5
07:35:07.1 (15421782)|STATEMENT_EXECUTE|[233]
07:35:07.1 (15445622)|STATEMENT_EXECUTE|[234]
07:35:07.1 (15448542)|STATEMENT_EXECUTE|[235]
07:35:07.1 (15470043)|HEAP_ALLOCATE|[235]|Bytes:23
07:35:07.1 (15493723)|METHOD_EXIT|[204]|01pdL00000Up09Z|CpeAiAssistantController.getProductCode(Map<String,ANY>)
07:35:07.1 (15502024)|VARIABLE_SCOPE_BEGIN|[204]|code|String|false|false
07:35:07.1 (15516224)|VARIABLE_ASSIGNMENT|[204]|code|"O_RES_HSI_WIFI_EXTEN (3 more) ..."
07:35:07.1 (15521984)|STATEMENT_EXECUTE|[205]
07:35:07.1 (15544965)|VARIABLE_SCOPE_BEGIN|[205]|maxQ|Integer|false|false
07:35:07.1 (15556255)|VARIABLE_ASSIGNMENT|[205]|maxQ|99999
07:35:07.1 (15561165)|STATEMENT_EXECUTE|[206]
07:35:07.1 (15581015)|VARIABLE_SCOPE_BEGIN|[206]|minQ|Integer|false|false
07:35:07.1 (15592456)|VARIABLE_ASSIGNMENT|[206]|minQ|0
07:35:07.1 (15597466)|STATEMENT_EXECUTE|[207]
07:35:07.1 (15622136)|VARIABLE_SCOPE_BEGIN|[207]|defQ|Integer|false|false
07:35:07.1 (15635347)|VARIABLE_ASSIGNMENT|[207]|defQ|0
07:35:07.1 (15704368)|STATEMENT_EXECUTE|[209]
07:35:07.1 (15719499)|STATEMENT_EXECUTE|[224]
07:35:07.1 (15732189)|HEAP_ALLOCATE|[202]|Bytes:5
07:35:07.1 (15756679)|VARIABLE_ASSIGNMENT|[202]|obj|null
07:35:07.1 (15777130)|METHOD_EXIT|[187]|01pdL00000Up09Z|CpeAiAssistantController.extractCodes(List<ANY>, Map<String,Map<String,Integer>>)
07:35:07.1 (15785160)|STATEMENT_EXECUTE|[189]
07:35:07.1 (15869042)|HEAP_ALLOCATE|[189]|Bytes:4
07:35:07.1 (15892373)|STATEMENT_EXECUTE|[190]
07:35:07.1 (15964634)|STATEMENT_EXECUTE|[191]
07:35:07.1 (16041386)|HEAP_ALLOCATE|[191]|Bytes:4
07:35:07.1 (16058266)|STATEMENT_EXECUTE|[192]
07:35:07.1 (16146368)|STATEMENT_EXECUTE|[193]
07:35:07.1 (16216200)|STATEMENT_EXECUTE|[194]
07:35:07.1 (16283071)|STATEMENT_EXECUTE|[197]
07:35:07.1 (16293612)|METHOD_EXIT|[74]|01pdL00000Up09Z|CpeAiAssistantController.buildRulePayload(String, String)
07:35:07.1 (16305982)|VARIABLE_SCOPE_BEGIN|[74]|rules|Map<String,Map<String,ANY>>|true|false
07:35:07.1 (16334263)|VARIABLE_ASSIGNMENT|[74]|rules|{"TV + Receiver":{"current":1,"min":0,"max":18},"Modem":{"current":"Wi-Fi","min":1,"max":1},"Wi-Fi Access Point":{"current":1,"min":1,"max":11}}|0x1e339f4b
07:35:07.1 (16342493)|STATEMENT_EXECUTE|[77]
07:35:07.1 (16347103)|HEAP_ALLOCATE|[77]|Bytes:150
07:35:07.1 (16360983)|METHOD_ENTRY|[79]||System.JSON.serialize(Object)
07:35:07.1 (17522430)|METHOD_EXIT|[79]||System.JSON.serialize(Object)
07:35:07.1 (17533780)|HEAP_ALLOCATE|[79]|Bytes:24
07:35:07.1 (17583541)|HEAP_ALLOCATE|[80]|Bytes:29
07:35:07.1 (17599891)|HEAP_ALLOCATE|[77]|Bytes:394
07:35:07.1 (17608212)|VARIABLE_SCOPE_BEGIN|[77]|fullMessage|String|false|false
07:35:07.1 (17626682)|VARIABLE_ASSIGNMENT|[77]|fullMessage|"System Context: You  (374 more) ..."
07:35:07.1 (17633612)|STATEMENT_EXECUTE|[83]
07:35:07.1 (17637392)|HEAP_ALLOCATE|[84]|Bytes:22
07:35:07.1 (17645732)|HEAP_ALLOCATE|[85]|Bytes:21
07:35:07.1 (17711284)|HEAP_ALLOCATE|[83]|Bytes:12
07:35:07.1 (17719284)|HEAP_ALLOCATE|[83]|Bytes:58
07:35:07.1 (17735415)|SYSTEM_METHOD_ENTRY|[14]|Action.Action()
07:35:07.1 (17741095)|STATEMENT_EXECUTE|[14]
07:35:07.1 (17752385)|SYSTEM_METHOD_EXIT|[14]|Action
07:35:07.1 (17781856)|METHOD_ENTRY|[83]||Invocable.Action.createCustomAction(String, String)
07:35:07.1 (18053542)|METHOD_EXIT|[83]||Invocable.Action.createCustomAction(String, String)
07:35:07.1 (18064342)|VARIABLE_SCOPE_BEGIN|[83]|action|Invocable.Action|true|false
07:35:07.1 (18171274)|VARIABLE_ASSIGNMENT|[83]|action|{"invocations":"0x8f0ce2","invokeFromLightningComponent":false,"name":"CPE_Equipment_Manage (1 more) ...","type":"generatePromptRespon (2 more) ..."}|0x3d72a3a8
07:35:07.1 (18180715)|STATEMENT_EXECUTE|[88]
07:35:07.1 (18184985)|HEAP_ALLOCATE|[88]|Bytes:17
07:35:07.1 (18208025)|METHOD_ENTRY|[88]||Invocable.Action.setInvocationParameter(String, Object)
07:35:07.1 (18435540)|METHOD_EXIT|[88]||Invocable.Action.setInvocationParameter(String, Object)
07:35:07.1 (18442861)|STATEMENT_EXECUTE|[90]
07:35:07.1 (18453291)|METHOD_ENTRY|[90]||Invocable.Action.invoke()
07:35:10.89 (3089503081)|METHOD_EXIT|[90]||Invocable.Action.invoke()
07:35:10.89 (3089521322)|VARIABLE_SCOPE_BEGIN|[90]|results|List<Invocable.Action.Result>|true|false
07:35:10.89 (3089589033)|VARIABLE_ASSIGNMENT|[90]|results|[{"action":"0x3d72a3a8","errors":"0x19425e40","invocationParameters":"0x6fd4e918","outputParameters":"0x27dae712","success":true}]|0x7f2442e1
07:35:10.89 (3089626574)|STATEMENT_EXECUTE|[92]
07:35:10.89 (3089629754)|STATEMENT_EXECUTE|[96]
07:35:10.89 (3089643984)|HEAP_ALLOCATE|[96]|Bytes:24
07:35:10.89 (3089652985)|VARIABLE_SCOPE_BEGIN|[96]|result|Invocable.Action.Result|true|false
07:35:10.89 (3089678095)|VARIABLE_ASSIGNMENT|[96]|result|{"action":"0x3d72a3a8","errors":"0x19425e40","invocationParameters":"0x6fd4e918","outputParameters":"0x27dae712","success":true}|0x749fb31b
07:35:10.89 (3089698136)|METHOD_ENTRY|[98]||Invocable.Action.Result.isSuccess()
07:35:10.89 (3089723686)|METHOD_EXIT|[98]||Invocable.Action.Result.isSuccess()
07:35:10.89 (3089730036)|STATEMENT_EXECUTE|[98]
07:35:10.89 (3089732456)|STATEMENT_EXECUTE|[104]
07:35:10.89 (3089739157)|METHOD_ENTRY|[104]||Invocable.Action.Result.getOutputParameters()
07:35:10.89 (3089756487)|METHOD_EXIT|[104]||Invocable.Action.Result.getOutputParameters()
07:35:10.89 (3089761787)|VARIABLE_SCOPE_BEGIN|[104]|outputs|Map<String,ANY>|true|false
07:35:10.89 (3089783558)|VARIABLE_ASSIGNMENT|[104]|outputs|{"promptResponse":"{\n  \"message\": \"Adde (135 more) ..."}|0x27dae712
07:35:10.89 (3089791918)|STATEMENT_EXECUTE|[105]
07:35:10.89 (3089795368)|STATEMENT_EXECUTE|[110]
07:35:10.89 (3089799668)|HEAP_ALLOCATE|[110]|Bytes:14
07:35:10.89 (3089836869)|VARIABLE_SCOPE_BEGIN|[110]|promptRespObj|Object|false|false
07:35:10.89 (3089854749)|VARIABLE_ASSIGNMENT|[110]|promptRespObj|"{\n  \"message\": \"Adde (135 more) ..."
07:35:10.89 (3089861899)|STATEMENT_EXECUTE|[111]
07:35:10.89 (3089866240)|VARIABLE_SCOPE_BEGIN|[111]|rawResponse|String|false|false
07:35:10.89 (3089874520)|VARIABLE_ASSIGNMENT|[111]|rawResponse|null
07:35:10.89 (3089879090)|STATEMENT_EXECUTE|[113]
07:35:10.89 (3089881410)|STATEMENT_EXECUTE|[114]
07:35:10.89 (3089912871)|HEAP_ALLOCATE|[114]|Bytes:155
07:35:10.89 (3089928591)|VARIABLE_ASSIGNMENT|[114]|rawResponse|"{\n  \"message\": \"Adde (135 more) ..."
07:35:10.89 (3089953832)|STATEMENT_EXECUTE|[119]
07:35:10.89 (3089956092)|STATEMENT_EXECUTE|[123]
07:35:10.89 (3089959362)|VARIABLE_SCOPE_BEGIN|[123]|cleanResponse|String|false|false
07:35:10.89 (3089968612)|VARIABLE_ASSIGNMENT|[123]|cleanResponse|null
07:35:10.89 (3089972242)|STATEMENT_EXECUTE|[124]
07:35:10.89 (3089974222)|STATEMENT_EXECUTE|[124]
07:35:10.89 (3089976332)|STATEMENT_EXECUTE|[125]
07:35:10.89 (3089984922)|METHOD_ENTRY|[125]||System.JSON.deserializeUntyped(String)
07:35:10.89 (3090467223)|METHOD_EXIT|[125]||System.JSON.deserializeUntyped(String)
07:35:10.89 (3090480224)|VARIABLE_SCOPE_BEGIN|[125]|parsed|Map<String,ANY>|true|false
07:35:10.89 (3090507934)|VARIABLE_ASSIGNMENT|[125]|parsed|{"message":"Added 3 TV + Receive (21 more) ...","newState":{"TV + Receiver":4,"Modem":"Wi-Fi","Wi-Fi Access Point":1}}|0x5f3b261d
07:35:10.89 (3090515584)|HEAP_ALLOCATE|[126]|Bytes:5
07:35:10.89 (3090550745)|STATEMENT_EXECUTE|[128]
07:35:10.89 (3090553205)|STATEMENT_EXECUTE|[129]
07:35:10.89 (3090560495)|VARIABLE_ASSIGNMENT|[129]|cleanResponse|"{\n  \"message\": \"Adde (135 more) ..."
07:35:10.89 (3090566815)|STATEMENT_EXECUTE|[135]
07:35:10.89 (3090569086)|STATEMENT_EXECUTE|[136]
07:35:10.89 (3090571936)|HEAP_ALLOCATE|[136]|Bytes:3
07:35:10.89 (3090585086)|HEAP_ALLOCATE|[136]|Bytes:1
07:35:10.89 (3090644307)|HEAP_ALLOCATE|[136]|Bytes:155
07:35:10.89 (3090669388)|VARIABLE_ASSIGNMENT|[136]|cleanResponse|"{\n  \"message\": \"Adde (135 more) ..."
07:35:10.89 (3090676628)|STATEMENT_EXECUTE|[137]
07:35:10.89 (3090681958)|HEAP_ALLOCATE|[137]|Bytes:2
07:35:10.89 (3090714159)|HEAP_ALLOCATE|[137]|Bytes:155
07:35:10.89 (3090730719)|VARIABLE_ASSIGNMENT|[137]|cleanResponse|"{\n  \"message\": \"Adde (135 more) ..."
07:35:10.89 (3090735579)|STATEMENT_EXECUTE|[138]
07:35:10.89 (3090738589)|HEAP_ALLOCATE|[138]|Bytes:3
07:35:10.89 (3090742459)|HEAP_ALLOCATE|[138]|Bytes:1
07:35:10.89 (3090763940)|HEAP_ALLOCATE|[138]|Bytes:155
07:35:10.89 (3090777990)|VARIABLE_ASSIGNMENT|[138]|cleanResponse|"{\n  \"message\": \"Adde (135 more) ..."
07:35:10.89 (3090782290)|STATEMENT_EXECUTE|[142]
07:35:10.89 (3090796341)|METHOD_ENTRY|[142]|01pdL00000Up09Z|CpeAiAssistantController.parseAndValidateAgentResponse(String, Map<String,Map<String,ANY>>)
07:35:10.89 (3090809991)|VARIABLE_SCOPE_BEGIN|[261]|rawResponse|String|false|false
07:35:10.89 (3090819061)|VARIABLE_ASSIGNMENT|[261]|rawResponse|"{\n  \"message\": \"Adde (135 more) ..."
07:35:10.89 (3090824151)|VARIABLE_SCOPE_BEGIN|[261]|rules|Map<String,Map<String,ANY>>|true|false
07:35:10.89 (3090851442)|VARIABLE_ASSIGNMENT|[261]|rules|{"TV + Receiver":{"current":1,"min":0,"max":18},"Modem":{"current":"Wi-Fi","min":1,"max":1},"Wi-Fi Access Point":{"current":1,"min":1,"max":11}}|0x1e339f4b
07:35:10.89 (3090872962)|HEAP_ALLOCATE|[262]|Bytes:5
07:35:10.89 (3090880603)|STATEMENT_EXECUTE|[261]
07:35:10.89 (3090884193)|STATEMENT_EXECUTE|[262]
07:35:10.89 (3090895343)|HEAP_ALLOCATE|[262]|Bytes:4
07:35:10.89 (3090906293)|VARIABLE_SCOPE_BEGIN|[262]|finalResponse|Map<String,ANY>|true|false
07:35:10.89 (3090921644)|VARIABLE_ASSIGNMENT|[262]|finalResponse|{}|0x6f34f78a
07:35:10.89 (3090926494)|STATEMENT_EXECUTE|[264]
07:35:10.89 (3090928534)|STATEMENT_EXECUTE|[264]
07:35:10.89 (3090930714)|STATEMENT_EXECUTE|[265]
07:35:10.89 (3090938044)|METHOD_ENTRY|[265]||System.JSON.deserializeUntyped(String)
07:35:10.89 (3091312292)|METHOD_EXIT|[265]||System.JSON.deserializeUntyped(String)
07:35:10.89 (3091324243)|VARIABLE_SCOPE_BEGIN|[265]|parsed|Map<String,ANY>|true|false
07:35:10.89 (3091351923)|VARIABLE_ASSIGNMENT|[265]|parsed|{"message":"Added 3 TV + Receive (21 more) ...","newState":{"TV + Receiver":4,"Modem":"Wi-Fi","Wi-Fi Access Point":1}}|0x70b0d295
07:35:10.89 (3091360894)|HEAP_ALLOCATE|[267]|Bytes:8
07:35:10.89 (3091395484)|STATEMENT_EXECUTE|[267]
07:35:10.89 (3091398324)|STATEMENT_EXECUTE|[268]
07:35:10.89 (3091424605)|VARIABLE_SCOPE_BEGIN|[268]|newStateRaw|Map<String,ANY>|true|false
07:35:10.89 (3091439355)|VARIABLE_ASSIGNMENT|[268]|newStateRaw|{"TV + Receiver":4,"Modem":"Wi-Fi","Wi-Fi Access Point":1}|0x78071e97
07:35:10.89 (3091445595)|STATEMENT_EXECUTE|[269]
07:35:10.89 (3091451746)|HEAP_ALLOCATE|[269]|Bytes:4
07:35:10.89 (3091458736)|VARIABLE_SCOPE_BEGIN|[269]|normalizedState|Map<String,ANY>|true|false
07:35:10.89 (3091467766)|VARIABLE_ASSIGNMENT|[269]|normalizedState|{}|0x501b6979
07:35:10.89 (3091472066)|STATEMENT_EXECUTE|[271]
07:35:10.89 (3091475466)|VARIABLE_SCOPE_BEGIN|[271]|changedCpeCount|Integer|false|false
07:35:10.89 (3091481086)|HEAP_ALLOCATE|[271]|Bytes:4
07:35:10.89 (3091487176)|VARIABLE_ASSIGNMENT|[271]|changedCpeCount|0
07:35:10.89 (3091525517)|HEAP_ALLOCATE|[273]|Bytes:52
07:35:10.89 (3091560768)|HEAP_ALLOCATE|[273]|Bytes:5
07:35:10.89 (3091577258)|VARIABLE_SCOPE_BEGIN|[273]|key|String|false|false
07:35:10.89 (3091587829)|VARIABLE_ASSIGNMENT|[273]|key|"TV + Receiver"
07:35:10.89 (3091592299)|STATEMENT_EXECUTE|[273]
07:35:10.89 (3091594559)|STATEMENT_EXECUTE|[274]
07:35:10.89 (3091601229)|METHOD_ENTRY|[274]|01pdL00000Up09Z|CpeAiAssistantController.normalizeProductName(String)
07:35:10.89 (3091612239)|VARIABLE_SCOPE_BEGIN|[252]|rawName|String|false|false
07:35:10.89 (3091621670)|VARIABLE_ASSIGNMENT|[252]|rawName|"TV + Receiver"
07:35:10.89 (3091630920)|HEAP_ALLOCATE|[253]|Bytes:5
07:35:10.89 (3091635000)|STATEMENT_EXECUTE|[252]
07:35:10.89 (3091695151)|STATEMENT_EXECUTE|[253]
07:35:10.89 (3091697391)|STATEMENT_EXECUTE|[254]
07:35:10.89 (3091706991)|HEAP_ALLOCATE|[254]|Bytes:13
07:35:10.89 (3091716912)|VARIABLE_SCOPE_BEGIN|[254]|lower|String|false|false
07:35:10.89 (3091725702)|VARIABLE_ASSIGNMENT|[254]|lower|"tv + receiver"
07:35:10.89 (3091743602)|STATEMENT_EXECUTE|[255]
07:35:10.89 (3091752853)|METHOD_EXIT|[274]|01pdL00000Up09Z|CpeAiAssistantController.normalizeProductName(String)
07:35:10.89 (3091757853)|VARIABLE_SCOPE_BEGIN|[274]|normKey|String|false|false
07:35:10.89 (3091766123)|VARIABLE_ASSIGNMENT|[274]|normKey|"TV + Receiver"
07:35:10.89 (3091791343)|HEAP_ALLOCATE|[276]|Bytes:17
07:35:10.89 (3091832824)|STATEMENT_EXECUTE|[276]
07:35:10.89 (3091835144)|STATEMENT_EXECUTE|[277]
07:35:10.89 (3091857755)|VARIABLE_SCOPE_BEGIN|[277]|qty|Integer|false|false
07:35:10.89 (3091868435)|VARIABLE_ASSIGNMENT|[277]|qty|4
07:35:10.89 (3091889756)|STATEMENT_EXECUTE|[279]
07:35:10.89 (3091891986)|STATEMENT_EXECUTE|[280]
07:35:10.89 (3091895236)|VARIABLE_SCOPE_BEGIN|[280]|current|Integer|false|false
07:35:10.89 (3091900886)|HEAP_ALLOCATE|[280]|Bytes:4
07:35:10.89 (3091908356)|VARIABLE_ASSIGNMENT|[280]|current|0
07:35:10.89 (3091946927)|STATEMENT_EXECUTE|[281]
07:35:10.89 (3091949147)|STATEMENT_EXECUTE|[282]
07:35:10.89 (3091981488)|VARIABLE_ASSIGNMENT|[282]|current|1
07:35:10.89 (3091987368)|STATEMENT_EXECUTE|[284]
07:35:10.89 (3092015129)|VARIABLE_SCOPE_BEGIN|[284]|max|Integer|false|false
07:35:10.89 (3092024489)|VARIABLE_ASSIGNMENT|[284]|max|18
07:35:10.89 (3092028079)|STATEMENT_EXECUTE|[285]
07:35:10.89 (3092055769)|VARIABLE_SCOPE_BEGIN|[285]|min|Integer|false|false
07:35:10.89 (3092065370)|VARIABLE_ASSIGNMENT|[285]|min|0
07:35:10.89 (3092072850)|STATEMENT_EXECUTE|[287]
07:35:10.89 (3092076010)|STATEMENT_EXECUTE|[295]
07:35:10.89 (3092078150)|STATEMENT_EXECUTE|[296]
07:35:10.89 (3092082390)|VARIABLE_SCOPE_BEGIN|[296]|required|Integer|false|false
07:35:10.89 (3092102871)|HEAP_ALLOCATE|[296]|Bytes:4
07:35:10.89 (3092110881)|VARIABLE_ASSIGNMENT|[296]|required|3
07:35:10.89 (3092114811)|STATEMENT_EXECUTE|[297]
07:35:10.89 (3092127381)|HEAP_ALLOCATE|[297]|Bytes:9
07:35:10.89 (3092132461)|VARIABLE_SCOPE_BEGIN|[297]|prodCode|String|false|false
07:35:10.89 (3092142101)|VARIABLE_ASSIGNMENT|[297]|prodCode|"REC-TV-01"
07:35:10.89 (3092146682)|STATEMENT_EXECUTE|[298]
07:35:10.89 (3092148792)|STATEMENT_EXECUTE|[299]
07:35:10.89 (3092159932)|METHOD_ENTRY|[299]|01pdL00000Up09Z|CpeAiAssistantController.getVanStock(String)
07:35:10.89 (3092171492)|VARIABLE_SCOPE_BEGIN|[396]|productCode|String|false|false
07:35:10.89 (3092179862)|VARIABLE_ASSIGNMENT|[396]|productCode|"REC-TV-01"
07:35:10.89 (3092188932)|HEAP_ALLOCATE|[397]|Bytes:5
07:35:10.89 (3092193273)|STATEMENT_EXECUTE|[396]
07:35:10.89 (3092195453)|STATEMENT_EXECUTE|[397]
07:35:10.89 (3092197583)|STATEMENT_EXECUTE|[397]
07:35:10.89 (3092199803)|STATEMENT_EXECUTE|[398]
07:35:10.89 (3092206553)|METHOD_ENTRY|[398]|01pdL00000Up09Z|CpeAiAssistantController.getMyServiceResource()
07:35:10.89 (3092307875)|HEAP_ALLOCATE|[529]|Bytes:5
07:35:10.89 (3092313915)|STATEMENT_EXECUTE|[528]
07:35:10.89 (3092315965)|STATEMENT_EXECUTE|[529]
07:35:10.89 (3092319105)|HEAP_ALLOCATE|[529]|Bytes:163
07:35:10.89 (3092327286)|HEAP_ALLOCATE|[529]|Bytes:4
07:35:10.89 (3092334756)|HEAP_ALLOCATE|[529]|Bytes:7
07:35:10.89 (3092366797)|HEAP_ALLOCATE|[532]|Bytes:105
07:35:10.89 (3092379107)|SYSTEM_METHOD_ENTRY|[1]|UserInfo.UserInfo()
07:35:10.89 (3092382557)|STATEMENT_EXECUTE|[1]
07:35:10.89 (3092389787)|SYSTEM_METHOD_EXIT|[1]|UserInfo
07:35:10.89 (3092397487)|METHOD_ENTRY|[532]||System.UserInfo.getUserId()
07:35:10.89 (3092424228)|METHOD_EXIT|[532]||System.UserInfo.getUserId()
07:35:10.89 (3094367642)|SOQL_EXECUTE_BEGIN|[529]|Aggregations:0|SELECT Id, LocationId, LastKnownLocation, LastKnownLatitude, LastKnownLongitude FROM ServiceResource WHERE (RelatedRecordId = :tmpVar1 AND IsActive = TRUE) LIMIT 1
07:35:10.89 (3107510182)|SOQL_EXECUTE_END|[529]|Rows:1
07:35:10.89 (3107555433)|HEAP_ALLOCATE|[529]|Bytes:8
07:35:10.89 (3107587284)|HEAP_ALLOCATE|[529]|Bytes:201
07:35:10.89 (3107717097)|HEAP_ALLOCATE|[529]|Bytes:8
07:35:10.89 (3107741537)|VARIABLE_SCOPE_BEGIN|[529]|srs|List<ServiceResource>|true|false
07:35:10.89 (3108001923)|VARIABLE_ASSIGNMENT|[529]|srs|[{"LocationId":"131dL000000OKGvQAO","Id":"0HndL000000MjRVSA0","LastKnownLocation":{"latitude":0.0,"longitude":0.0},"LastKnownLatitude":0E-15,"LastKnownLongitude":0E-15}]|0x216e30c4
07:35:10.89 (3108013384)|STATEMENT_EXECUTE|[535]
07:35:10.89 (3108153667)|HEAP_ALLOCATE|[535]|Bytes:24
07:35:10.89 (3108174947)|METHOD_EXIT|[398]|01pdL00000Up09Z|CpeAiAssistantController.getMyServiceResource()
07:35:10.89 (3108182508)|VARIABLE_SCOPE_BEGIN|[398]|sr|ServiceResource|true|false
07:35:10.89 (3108255079)|VARIABLE_ASSIGNMENT|[398]|sr|{"LocationId":"131dL000000OKGvQAO","Id":"0HndL000000MjRVSA0","LastKnownLocation":{"latitude":0.0,"longitude":0.0},"LastKnownLatitude":0E-15,"LastKnownLongitude":0E-15}|0x4a8da863
07:35:10.89 (3108295570)|STATEMENT_EXECUTE|[399]
07:35:10.89 (3108298800)|STATEMENT_EXECUTE|[401]
07:35:10.89 (3108303970)|HEAP_ALLOCATE|[401]|Bytes:112
07:35:10.89 (3108322071)|HEAP_ALLOCATE|[401]|Bytes:4
07:35:10.89 (3108349291)|HEAP_ALLOCATE|[401]|Bytes:7
07:35:10.89 (3114449731)|SOQL_EXECUTE_BEGIN|[401]|Aggregations:0|SELECT QuantityOnHand FROM ProductItem WHERE (LocationId = :tmpVar1 AND Product2.ProductCode = :tmpVar2) LIMIT 1
07:35:10.89 (3137502767)|SOQL_EXECUTE_END|[401]|Rows:0
07:35:10.89 (3137547488)|HEAP_ALLOCATE|[401]|Bytes:4
07:35:10.89 (3137572569)|HEAP_ALLOCATE|[401]|Bytes:0
07:35:10.89 (3137694981)|HEAP_ALLOCATE|[401]|Bytes:4
07:35:10.89 (3137716642)|VARIABLE_SCOPE_BEGIN|[401]|items|List<ProductItem>|true|false
07:35:10.89 (3137745303)|VARIABLE_ASSIGNMENT|[401]|items|[]|0x16439a1b
07:35:10.89 (3137752643)|STATEMENT_EXECUTE|[407]
07:35:10.89 (3137872525)|HEAP_ALLOCATE|[407]|Bytes:4
07:35:10.89 (3137892216)|METHOD_EXIT|[299]|01pdL00000Up09Z|CpeAiAssistantController.getVanStock(String)
07:35:10.89 (3137900036)|VARIABLE_SCOPE_BEGIN|[299]|vanStock|Integer|false|false
07:35:10.89 (3137906066)|HEAP_ALLOCATE|[299]|Bytes:4
07:35:10.89 (3137917046)|VARIABLE_ASSIGNMENT|[299]|vanStock|0
07:35:10.89 (3137925007)|STATEMENT_EXECUTE|[300]
07:35:10.89 (3137927247)|STATEMENT_EXECUTE|[301]
07:35:10.89 (3137931977)|HEAP_ALLOCATE|[301]|Bytes:4
07:35:10.89 (3137938367)|VARIABLE_ASSIGNMENT|[301]|qty|1
07:35:10.89 (3137942887)|STATEMENT_EXECUTE|[302]
07:35:10.89 (3137949417)|HEAP_ALLOCATE|[302]|Bytes:7
07:35:10.89 (3137953947)|HEAP_ALLOCATE|[302]|Bytes:14
07:35:10.89 (3138001788)|HEAP_ALLOCATE|[302]|Bytes:1
07:35:10.89 (3138014729)|HEAP_ALLOCATE|[302]|Bytes:1
07:35:10.89 (3138020749)|HEAP_ALLOCATE|[302]|Bytes:77
07:35:10.89 (3138033959)|HEAP_ALLOCATE|[302]|Bytes:106
07:35:10.89 (3138087520)|HEAP_ALLOCATE|[EXTERNAL]|Bytes:-4
07:35:10.89 (3138097841)|STATEMENT_EXECUTE|[307]
07:35:10.89 (3138123541)|HEAP_ALLOCATE|[307]|Bytes:4
07:35:10.89 (3138147512)|HEAP_ALLOCATE|[EXTERNAL]|Bytes:-4
07:35:10.89 (3138156712)|STATEMENT_EXECUTE|[309]
07:35:10.89 (3138183693)|HEAP_ALLOCATE|[273]|Bytes:5
07:35:10.89 (3138202953)|VARIABLE_SCOPE_BEGIN|[273]|key|String|false|false
07:35:10.89 (3138215783)|VARIABLE_ASSIGNMENT|[273]|key|"Modem"
07:35:10.89 (3138220723)|STATEMENT_EXECUTE|[273]
07:35:10.89 (3138223233)|STATEMENT_EXECUTE|[274]
07:35:10.89 (3138230054)|METHOD_ENTRY|[274]|01pdL00000Up09Z|CpeAiAssistantController.normalizeProductName(String)
07:35:10.89 (3138236374)|VARIABLE_SCOPE_BEGIN|[252]|rawName|String|false|false
07:35:10.89 (3138244654)|VARIABLE_ASSIGNMENT|[252]|rawName|"Modem"
07:35:10.89 (3138255894)|HEAP_ALLOCATE|[253]|Bytes:5
07:35:10.89 (3138259934)|STATEMENT_EXECUTE|[252]
07:35:10.89 (3138278535)|STATEMENT_EXECUTE|[253]
07:35:10.89 (3138280545)|STATEMENT_EXECUTE|[254]
07:35:10.89 (3138290275)|HEAP_ALLOCATE|[254]|Bytes:5
07:35:10.89 (3138299775)|VARIABLE_SCOPE_BEGIN|[254]|lower|String|false|false
07:35:10.89 (3138309675)|VARIABLE_ASSIGNMENT|[254]|lower|"modem"
07:35:10.89 (3138339236)|STATEMENT_EXECUTE|[255]
07:35:10.89 (3138397387)|STATEMENT_EXECUTE|[256]
07:35:10.89 (3138411948)|STATEMENT_EXECUTE|[257]
07:35:10.89 (3138419468)|METHOD_EXIT|[274]|01pdL00000Up09Z|CpeAiAssistantController.normalizeProductName(String)
07:35:10.89 (3138426588)|VARIABLE_SCOPE_BEGIN|[274]|normKey|String|false|false
07:35:10.89 (3138437388)|VARIABLE_ASSIGNMENT|[274]|normKey|"Modem"
07:35:10.89 (3138514600)|HEAP_ALLOCATE|[315]|Bytes:16
07:35:10.89 (3138533910)|STATEMENT_EXECUTE|[315]
07:35:10.89 (3138536521)|STATEMENT_EXECUTE|[317]
07:35:10.89 (3138566451)|HEAP_ALLOCATE|[EXTERNAL]|Bytes:-4
07:35:10.89 (3138575841)|STATEMENT_EXECUTE|[318]
07:35:10.89 (3138581102)|VARIABLE_SCOPE_BEGIN|[318]|currentStr|String|false|false
07:35:10.89 (3138592892)|VARIABLE_ASSIGNMENT|[318]|currentStr|""
07:35:10.89 (3138656033)|STATEMENT_EXECUTE|[319]
07:35:10.89 (3138658603)|STATEMENT_EXECUTE|[320]
07:35:10.89 (3138692794)|VARIABLE_ASSIGNMENT|[320]|currentStr|"Wi-Fi"
07:35:10.89 (3138723275)|HEAP_ALLOCATE|[322]|Bytes:5
07:35:10.89 (3138742575)|STATEMENT_EXECUTE|[322]
07:35:10.89 (3138752435)|HEAP_ALLOCATE|[273]|Bytes:5
07:35:10.89 (3138764866)|VARIABLE_SCOPE_BEGIN|[273]|key|String|false|false
07:35:10.89 (3138776636)|VARIABLE_ASSIGNMENT|[273]|key|"Wi-Fi Access Point"
07:35:10.89 (3138780446)|STATEMENT_EXECUTE|[273]
07:35:10.89 (3138782486)|STATEMENT_EXECUTE|[274]
07:35:10.89 (3138786466)|METHOD_ENTRY|[274]|01pdL00000Up09Z|CpeAiAssistantController.normalizeProductName(String)
07:35:10.89 (3138792896)|VARIABLE_SCOPE_BEGIN|[252]|rawName|String|false|false
07:35:10.89 (3138800297)|VARIABLE_ASSIGNMENT|[252]|rawName|"Wi-Fi Access Point"
07:35:10.89 (3138807457)|HEAP_ALLOCATE|[253]|Bytes:5
07:35:10.89 (3138811257)|STATEMENT_EXECUTE|[252]
07:35:10.89 (3138826487)|STATEMENT_EXECUTE|[253]
07:35:10.89 (3138828447)|STATEMENT_EXECUTE|[254]
07:35:10.89 (3138836987)|HEAP_ALLOCATE|[254]|Bytes:18
07:35:10.89 (3138847718)|VARIABLE_SCOPE_BEGIN|[254]|lower|String|false|false
07:35:10.89 (3138856488)|VARIABLE_ASSIGNMENT|[254]|lower|"wi-fi access point"
07:35:10.89 (3138883518)|STATEMENT_EXECUTE|[255]
07:35:10.89 (3138895879)|STATEMENT_EXECUTE|[256]
07:35:10.89 (3138902129)|METHOD_EXIT|[274]|01pdL00000Up09Z|CpeAiAssistantController.normalizeProductName(String)
07:35:10.89 (3138907329)|VARIABLE_SCOPE_BEGIN|[274]|normKey|String|false|false
07:35:10.89 (3138917209)|VARIABLE_ASSIGNMENT|[274]|normKey|"Wi-Fi Access Point"
07:35:10.89 (3138934830)|STATEMENT_EXECUTE|[276]
07:35:10.89 (3138937160)|STATEMENT_EXECUTE|[277]
07:35:10.89 (3138947200)|VARIABLE_SCOPE_BEGIN|[277]|qty|Integer|false|false
07:35:10.89 (3138957430)|VARIABLE_ASSIGNMENT|[277]|qty|1
07:35:10.89 (3138970780)|STATEMENT_EXECUTE|[279]
07:35:10.89 (3138972840)|STATEMENT_EXECUTE|[280]
07:35:10.89 (3138976041)|VARIABLE_SCOPE_BEGIN|[280]|current|Integer|false|false
07:35:10.89 (3138981531)|HEAP_ALLOCATE|[280]|Bytes:4
07:35:10.89 (3138987881)|VARIABLE_ASSIGNMENT|[280]|current|0
07:35:10.89 (3139015541)|STATEMENT_EXECUTE|[281]
07:35:10.89 (3139018162)|STATEMENT_EXECUTE|[282]
07:35:10.89 (3139041282)|VARIABLE_ASSIGNMENT|[282]|current|1
07:35:10.89 (3139046112)|STATEMENT_EXECUTE|[284]
07:35:10.89 (3139065433)|VARIABLE_SCOPE_BEGIN|[284]|max|Integer|false|false
07:35:10.89 (3139073863)|VARIABLE_ASSIGNMENT|[284]|max|11
07:35:10.89 (3139077483)|STATEMENT_EXECUTE|[285]
07:35:10.89 (3139096133)|VARIABLE_SCOPE_BEGIN|[285]|min|Integer|false|false
07:35:10.89 (3139104283)|VARIABLE_ASSIGNMENT|[285]|min|1
07:35:10.89 (3139111194)|STATEMENT_EXECUTE|[287]
07:35:10.89 (3139114554)|STATEMENT_EXECUTE|[295]
07:35:10.89 (3139116654)|STATEMENT_EXECUTE|[307]
07:35:10.89 (3139128154)|HEAP_ALLOCATE|[EXTERNAL]|Bytes:-4
07:35:10.89 (3139136424)|STATEMENT_EXECUTE|[309]
07:35:10.89 (3139145114)|HEAP_ALLOCATE|[273]|Bytes:5
07:35:10.89 (3139157465)|VARIABLE_ASSIGNMENT|[273]|key|null
07:35:10.89 (3139205216)|HEAP_ALLOCATE|[329]|Bytes:52
07:35:10.89 (3139235126)|HEAP_ALLOCATE|[329]|Bytes:5
07:35:10.89 (3139248637)|VARIABLE_SCOPE_BEGIN|[329]|ruleKey|String|false|false
07:35:10.89 (3139258367)|VARIABLE_ASSIGNMENT|[329]|ruleKey|"TV + Receiver"
07:35:10.89 (3139262457)|STATEMENT_EXECUTE|[329]
07:35:10.89 (3139285768)|STATEMENT_EXECUTE|[330]
07:35:10.89 (3139293928)|HEAP_ALLOCATE|[329]|Bytes:5
07:35:10.89 (3139305628)|VARIABLE_SCOPE_BEGIN|[329]|ruleKey|String|false|false
07:35:10.89 (3139314088)|VARIABLE_ASSIGNMENT|[329]|ruleKey|"Modem"
07:35:10.89 (3139317748)|STATEMENT_EXECUTE|[329]
07:35:10.89 (3139327309)|STATEMENT_EXECUTE|[330]
07:35:10.89 (3139334049)|HEAP_ALLOCATE|[329]|Bytes:5
07:35:10.89 (3139343879)|VARIABLE_SCOPE_BEGIN|[329]|ruleKey|String|false|false
07:35:10.89 (3139353419)|VARIABLE_ASSIGNMENT|[329]|ruleKey|"Wi-Fi Access Point"
07:35:10.89 (3139357009)|STATEMENT_EXECUTE|[329]
07:35:10.89 (3139366289)|STATEMENT_EXECUTE|[330]
07:35:10.89 (3139374190)|HEAP_ALLOCATE|[329]|Bytes:5
07:35:10.89 (3139384930)|VARIABLE_ASSIGNMENT|[329]|ruleKey|null
07:35:10.89 (3139389280)|STATEMENT_EXECUTE|[335]
07:35:10.89 (3139410610)|HEAP_ALLOCATE|[EXTERNAL]|Bytes:-4
07:35:10.89 (3139417601)|STATEMENT_EXECUTE|[338]
07:35:10.89 (3139429511)|HEAP_ALLOCATE|[338]|Bytes:4
07:35:10.89 (3139456772)|VARIABLE_SCOPE_BEGIN|[338]|stateChanges|List<Map<String,ANY>>|true|false
07:35:10.89 (3139476062)|HEAP_ALLOCATE|[EXTERNAL]|Bytes:4
07:35:10.89 (3139487372)|VARIABLE_ASSIGNMENT|[338]|stateChanges|[]|0xbc1e6c0
07:35:10.89 (3139513013)|HEAP_ALLOCATE|[339]|Bytes:52
07:35:10.89 (3139535203)|HEAP_ALLOCATE|[339]|Bytes:5
07:35:10.89 (3139547024)|VARIABLE_SCOPE_BEGIN|[339]|key|String|false|false
07:35:10.89 (3139557334)|VARIABLE_ASSIGNMENT|[339]|key|"TV + Receiver"
07:35:10.89 (3139561504)|STATEMENT_EXECUTE|[339]
07:35:10.89 (3139583214)|STATEMENT_EXECUTE|[340]
07:35:10.89 (3139585504)|STATEMENT_EXECUTE|[341]
07:35:10.89 (3139606315)|VARIABLE_SCOPE_BEGIN|[341]|newVal|Object|false|false
07:35:10.89 (3139616715)|VARIABLE_ASSIGNMENT|[341]|newVal|1
07:35:10.89 (3139624475)|STATEMENT_EXECUTE|[342]
07:35:10.89 (3139704357)|VARIABLE_SCOPE_BEGIN|[342]|curVal|Object|false|false
07:35:10.89 (3139717787)|VARIABLE_ASSIGNMENT|[342]|curVal|1
07:35:10.89 (3139776109)|STATEMENT_EXECUTE|[344]
07:35:10.89 (3139786379)|HEAP_ALLOCATE|[339]|Bytes:5
07:35:10.89 (3139800659)|VARIABLE_SCOPE_BEGIN|[339]|key|String|false|false
07:35:10.89 (3139810140)|VARIABLE_ASSIGNMENT|[339]|key|"Modem"
07:35:10.89 (3139813890)|STATEMENT_EXECUTE|[339]
07:35:10.89 (3139824440)|STATEMENT_EXECUTE|[340]
07:35:10.89 (3139826450)|STATEMENT_EXECUTE|[341]
07:35:10.89 (3139838210)|VARIABLE_SCOPE_BEGIN|[341]|newVal|Object|false|false
07:35:10.89 (3139848510)|VARIABLE_ASSIGNMENT|[341]|newVal|"Wi-Fi"
07:35:10.89 (3139852361)|STATEMENT_EXECUTE|[342]
07:35:10.89 (3139875951)|VARIABLE_SCOPE_BEGIN|[342]|curVal|Object|false|false
07:35:10.89 (3139886191)|VARIABLE_ASSIGNMENT|[342]|curVal|"Wi-Fi"
07:35:10.89 (3139909362)|STATEMENT_EXECUTE|[344]
07:35:10.89 (3139917832)|HEAP_ALLOCATE|[339]|Bytes:5
07:35:10.89 (3139929712)|VARIABLE_SCOPE_BEGIN|[339]|key|String|false|false
07:35:10.89 (3139938252)|VARIABLE_ASSIGNMENT|[339]|key|"Wi-Fi Access Point"
07:35:10.89 (3139941773)|STATEMENT_EXECUTE|[339]
07:35:10.89 (3139950943)|STATEMENT_EXECUTE|[340]
07:35:10.89 (3139952943)|STATEMENT_EXECUTE|[341]
07:35:10.89 (3139965633)|VARIABLE_SCOPE_BEGIN|[341]|newVal|Object|false|false
07:35:10.89 (3139976443)|VARIABLE_ASSIGNMENT|[341]|newVal|1
07:35:10.89 (3139980333)|STATEMENT_EXECUTE|[342]
07:35:10.89 (3140003144)|VARIABLE_SCOPE_BEGIN|[342]|curVal|Object|false|false
07:35:10.89 (3140013824)|VARIABLE_ASSIGNMENT|[342]|curVal|1
07:35:10.89 (3140027945)|STATEMENT_EXECUTE|[344]
07:35:10.89 (3140036985)|HEAP_ALLOCATE|[339]|Bytes:5
07:35:10.89 (3140049075)|VARIABLE_ASSIGNMENT|[339]|key|null
07:35:10.89 (3140053445)|STATEMENT_EXECUTE|[374]
07:35:10.89 (3140057015)|HEAP_ALLOCATE|[374]|Bytes:12
07:35:10.89 (3140085116)|HEAP_ALLOCATE|[EXTERNAL]|Bytes:-4
07:35:10.89 (3140133487)|STATEMENT_EXECUTE|[375]
07:35:10.89 (3140136987)|STATEMENT_EXECUTE|[380]
07:35:10.89 (3140140767)|STATEMENT_EXECUTE|[393]
07:35:10.89 (3140148467)|METHOD_EXIT|[142]|01pdL00000Up09Z|CpeAiAssistantController.parseAndValidateAgentResponse(String, Map<String,Map<String,ANY>>)
07:35:10.89 (3140154307)|VARIABLE_SCOPE_BEGIN|[142]|validatedResponse|Map<String,ANY>|true|false
07:35:10.89 (3140184228)|VARIABLE_ASSIGNMENT|[142]|validatedResponse|{"message":"You only have 0 TV + (86 more) ...","newState":{"TV + Receiver":1,"Modem":"Wi-Fi","Wi-Fi Access Point":1},"stateChanges":[]}|0x6f34f78a
07:35:10.89 (3140191558)|STATEMENT_EXECUTE|[144]
07:35:10.89 (3140199078)|METHOD_ENTRY|[144]||System.JSON.serialize(Object)
07:35:10.89 (3140880824)|METHOD_EXIT|[144]||System.JSON.serialize(Object)
07:35:10.140 (3140960736)|CUMULATIVE_LIMIT_USAGE
07:35:10.140 (3140960736)|LIMIT_USAGE_FOR_NS|(default)|
  Number of SOQL queries: 2 out of 100
  Number of query rows: 1 out of 50000
  Number of SOSL queries: 0 out of 20
  Number of DML statements: 0 out of 150
  Number of Publish Immediate DML: 0 out of 150
  Number of DML rows: 0 out of 10000
  Maximum CPU time: 646 out of 10000
  Maximum heap size: 0 out of 6000000
  Number of callouts: 0 out of 100
  Number of Email Invocations: 0 out of 10
  Number of future calls: 0 out of 50
  Number of queueable jobs added to the queue: 0 out of 50
  Number of Mobile Apex push calls: 0 out of 10

07:35:10.140 (3140960736)|CUMULATIVE_LIMIT_USAGE_END

07:35:10.89 (3141023257)|CODE_UNIT_FINISHED|CpeAiAssistantController.sendMessageToAgent(String, String, String, String)
07:35:10.89 (3141238982)|CODE_UNIT_FINISHED|apex://CpeAiAssistantController/ACTION$sendMessageToAgent
07:35:10.89 (3141248212)|EXECUTION_FINISHED
