66.0 APEX_CODE,FINEST;APEX_PROFILING,INFO;CALLOUT,INFO;DATA_ACCESS,INFO;DB,INFO;NBA,INFO;SYSTEM,DEBUG;VALIDATION,INFO;VISUALFORCE,INFO;WAVE,INFO;WORKFLOW,INFO
07:46:13.1 (1087745)|USER_INFO|[EXTERNAL]|005dL00001kiJYb|abhijithshaibinu001.b869139f1496@agentforce.com|(GMT-07:00) Pacific Daylight Time (America/Los_Angeles)|GMT-07:00
07:46:13.1 (1153498)|EXECUTION_STARTED
07:46:13.1 (1176498)|CODE_UNIT_STARTED|[EXTERNAL]|apex://CpeAiAssistantController/ACTION$sendMessageToAgent
07:46:13.1 (3841911)|CODE_UNIT_STARTED|[EXTERNAL]|01pdL00000Up09Z|CpeAiAssistantController.sendMessageToAgent(String, String, String, String)
07:46:13.1 (6029701)|HEAP_ALLOCATE|[95]|Bytes:3
07:46:13.1 (6162655)|HEAP_ALLOCATE|[100]|Bytes:152
07:46:13.1 (6180716)|HEAP_ALLOCATE|[417]|Bytes:408
07:46:13.1 (6195246)|HEAP_ALLOCATE|[430]|Bytes:408
07:46:13.1 (6218666)|HEAP_ALLOCATE|[317]|Bytes:6
07:46:13.1 (6234786)|HEAP_ALLOCATE|[EXTERNAL]|Bytes:44
07:46:13.1 (6240377)|HEAP_ALLOCATE|[EXTERNAL]|Bytes:6
07:46:13.1 (6265138)|METHOD_ENTRY|[1]|01pdL00000Up09Z|CpeAiAssistantController.CpeAiAssistantController()
07:46:13.1 (6281187)|STATEMENT_EXECUTE|[1]
07:46:13.1 (6293387)|STATEMENT_EXECUTE|[1]
07:46:13.1 (6314339)|HEAP_ALLOCATE|[68]|Bytes:5
07:46:13.1 (6358589)|HEAP_ALLOCATE|[74]|Bytes:5
07:46:13.1 (6368300)|HEAP_ALLOCATE|[82]|Bytes:7
07:46:13.1 (6740439)|HEAP_ALLOCATE|[EXTERNAL]|Bytes:5
07:46:13.1 (6776249)|METHOD_EXIT|[1]|CpeAiAssistantController
07:46:13.1 (6782900)|HEAP_ALLOCATE|[EXTERNAL]|Bytes:26
07:46:13.1 (6786320)|HEAP_ALLOCATE|[EXTERNAL]|Bytes:734
07:46:13.1 (6789080)|HEAP_ALLOCATE|[EXTERNAL]|Bytes:59
07:46:13.1 (6791790)|HEAP_ALLOCATE|[EXTERNAL]|Bytes:731
07:46:13.1 (6820720)|VARIABLE_SCOPE_BEGIN|[71]|userMessage|String|false|false
07:46:13.1 (6900822)|VARIABLE_ASSIGNMENT|[71]|userMessage|"Add 14 Wi-Fi Access  (6 more) ..."
07:46:13.1 (6907012)|VARIABLE_SCOPE_BEGIN|[71]|cpeItemsJson|String|false|false
07:46:13.1 (6915953)|VARIABLE_ASSIGNMENT|[71]|cpeItemsJson|"{\n  \"CpeItems\": [\n   (714 more) ..."
07:46:13.1 (6919663)|VARIABLE_SCOPE_BEGIN|[71]|currentCartJson|String|false|false
07:46:13.1 (6926873)|VARIABLE_ASSIGNMENT|[71]|currentCartJson|"{\"TV + Receiver\":13, (39 more) ..."
07:46:13.1 (6930273)|VARIABLE_SCOPE_BEGIN|[71]|chatHistory|String|false|false
07:46:13.1 (6936863)|VARIABLE_ASSIGNMENT|[71]|chatHistory|"Technician: Add Rece (711 more) ..."
07:46:13.1 (6949193)|HEAP_ALLOCATE|[72]|Bytes:5
07:46:13.1 (6954053)|STATEMENT_EXECUTE|[71]
07:46:13.1 (6956364)|STATEMENT_EXECUTE|[72]
07:46:13.1 (6958314)|STATEMENT_EXECUTE|[72]
07:46:13.1 (6960594)|STATEMENT_EXECUTE|[74]
07:46:13.1 (6989554)|METHOD_ENTRY|[74]|01pdL00000Up09Z|CpeAiAssistantController.buildRulePayload(String, String)
07:46:13.1 (7017905)|VARIABLE_SCOPE_BEGIN|[156]|cpeItemsJson|String|false|false
07:46:13.1 (7028555)|VARIABLE_ASSIGNMENT|[156]|cpeItemsJson|"{\n  \"CpeItems\": [\n   (714 more) ..."
07:46:13.1 (7032365)|VARIABLE_SCOPE_BEGIN|[156]|currentCartJson|String|false|false
07:46:13.1 (7040365)|VARIABLE_ASSIGNMENT|[156]|currentCartJson|"{\"TV + Receiver\":13, (39 more) ..."
07:46:13.1 (7049446)|HEAP_ALLOCATE|[157]|Bytes:5
07:46:13.1 (7054126)|STATEMENT_EXECUTE|[156]
07:46:13.1 (7056616)|STATEMENT_EXECUTE|[157]
07:46:13.1 (7074936)|HEAP_ALLOCATE|[157]|Bytes:4
07:46:13.1 (7091547)|VARIABLE_SCOPE_BEGIN|[157]|rules|Map<String,Map<String,ANY>>|true|false
07:46:13.1 (7111307)|VARIABLE_ASSIGNMENT|[157]|rules|{}|0x18b0d9ad
07:46:13.1 (7119697)|STATEMENT_EXECUTE|[158]
07:46:13.1 (7122887)|HEAP_ALLOCATE|[158]|Bytes:13
07:46:13.1 (7131968)|HEAP_ALLOCATE|[158]|Bytes:4
07:46:13.1 (7139718)|HEAP_ALLOCATE|[158]|Bytes:7
07:46:13.1 (7188799)|HEAP_ALLOCATE|[158]|Bytes:4
07:46:13.1 (7222230)|HEAP_ALLOCATE|[158]|Bytes:3
07:46:13.1 (7232800)|HEAP_ALLOCATE|[158]|Bytes:4
07:46:13.1 (7243480)|HEAP_ALLOCATE|[158]|Bytes:3
07:46:13.1 (7251600)|HEAP_ALLOCATE|[158]|Bytes:4
07:46:13.1 (7279881)|HEAP_ALLOCATE|[EXTERNAL]|Bytes:-4
07:46:13.1 (7288591)|STATEMENT_EXECUTE|[159]
07:46:13.1 (7291771)|HEAP_ALLOCATE|[159]|Bytes:5
07:46:13.1 (7299441)|HEAP_ALLOCATE|[159]|Bytes:4
07:46:13.1 (7305762)|HEAP_ALLOCATE|[159]|Bytes:5
07:46:13.1 (7336272)|HEAP_ALLOCATE|[159]|Bytes:4
07:46:13.1 (7352193)|HEAP_ALLOCATE|[159]|Bytes:4
07:46:13.1 (7367503)|HEAP_ALLOCATE|[EXTERNAL]|Bytes:-4
07:46:13.1 (7374373)|STATEMENT_EXECUTE|[160]
07:46:13.1 (7377713)|HEAP_ALLOCATE|[160]|Bytes:18
07:46:13.1 (7385793)|HEAP_ALLOCATE|[160]|Bytes:4
07:46:13.1 (7406474)|HEAP_ALLOCATE|[160]|Bytes:4
07:46:13.1 (7423394)|HEAP_ALLOCATE|[160]|Bytes:4
07:46:13.1 (7436425)|HEAP_ALLOCATE|[160]|Bytes:4
07:46:13.1 (7450605)|HEAP_ALLOCATE|[EXTERNAL]|Bytes:-4
07:46:13.1 (7512666)|STATEMENT_EXECUTE|[162]
07:46:13.1 (7515426)|STATEMENT_EXECUTE|[163]
07:46:13.1 (7517356)|STATEMENT_EXECUTE|[163]
07:46:13.1 (7519416)|STATEMENT_EXECUTE|[164]
07:46:13.1 (7551567)|HEAP_ALLOCATE|[164]|Bytes:24
07:46:13.1 (7562437)|SYSTEM_METHOD_ENTRY|[1]|JSON.JSON()
07:46:13.1 (7566638)|STATEMENT_EXECUTE|[1]
07:46:13.1 (7576708)|SYSTEM_METHOD_EXIT|[1]|JSON
07:46:13.1 (7586228)|METHOD_ENTRY|[164]||System.JSON.deserializeUntyped(String)
07:46:13.1 (11394667)|METHOD_EXIT|[164]||System.JSON.deserializeUntyped(String)
07:46:13.1 (11419507)|VARIABLE_SCOPE_BEGIN|[164]|currentCart|Map<String,ANY>|true|false
07:46:13.1 (11462868)|VARIABLE_ASSIGNMENT|[164]|currentCart|{"TV + Receiver":13,"Modem":"Wired","Wi-Fi Access Point":1}|0xb32b8fe
07:46:13.1 (11562462)|HEAP_ALLOCATE|[165]|Bytes:52
07:46:13.1 (11641934)|HEAP_ALLOCATE|[165]|Bytes:5
07:46:13.1 (11674193)|VARIABLE_SCOPE_BEGIN|[165]|key|String|false|false
07:46:13.1 (11684465)|VARIABLE_ASSIGNMENT|[165]|key|"TV + Receiver"
07:46:13.1 (11690325)|STATEMENT_EXECUTE|[165]
07:46:13.1 (11692714)|STATEMENT_EXECUTE|[166]
07:46:13.1 (11706285)|METHOD_ENTRY|[166]|01pdL00000Up09Z|CpeAiAssistantController.normalizeProductName(String)
07:46:13.1 (11722794)|VARIABLE_SCOPE_BEGIN|[252]|rawName|String|false|false
07:46:13.1 (11731546)|VARIABLE_ASSIGNMENT|[252]|rawName|"TV + Receiver"
07:46:13.1 (11743715)|HEAP_ALLOCATE|[253]|Bytes:5
07:46:13.1 (11747976)|STATEMENT_EXECUTE|[252]
07:46:13.1 (11788017)|STATEMENT_EXECUTE|[253]
07:46:13.1 (11790337)|STATEMENT_EXECUTE|[254]
07:46:13.1 (11807597)|HEAP_ALLOCATE|[254]|Bytes:13
07:46:13.1 (11826418)|VARIABLE_SCOPE_BEGIN|[254]|lower|String|false|false
07:46:13.1 (11835138)|VARIABLE_ASSIGNMENT|[254]|lower|"tv + receiver"
07:46:13.1 (11840678)|HEAP_ALLOCATE|[255]|Bytes:2
07:46:13.1 (11872819)|STATEMENT_EXECUTE|[255]
07:46:13.1 (11883139)|METHOD_EXIT|[166]|01pdL00000Up09Z|CpeAiAssistantController.normalizeProductName(String)
07:46:13.1 (11889339)|VARIABLE_SCOPE_BEGIN|[166]|normKey|String|false|false
07:46:13.1 (11896950)|VARIABLE_ASSIGNMENT|[166]|normKey|"TV + Receiver"
07:46:13.1 (11925120)|STATEMENT_EXECUTE|[167]
07:46:13.1 (11927280)|STATEMENT_EXECUTE|[168]
07:46:13.1 (11998752)|HEAP_ALLOCATE|[165]|Bytes:5
07:46:13.1 (12011992)|VARIABLE_SCOPE_BEGIN|[165]|key|String|false|false
07:46:13.1 (12022112)|VARIABLE_ASSIGNMENT|[165]|key|"Modem"
07:46:13.1 (12026753)|STATEMENT_EXECUTE|[165]
07:46:13.1 (12028883)|STATEMENT_EXECUTE|[166]
07:46:13.1 (12033393)|METHOD_ENTRY|[166]|01pdL00000Up09Z|CpeAiAssistantController.normalizeProductName(String)
07:46:13.1 (12038393)|VARIABLE_SCOPE_BEGIN|[252]|rawName|String|false|false
07:46:13.1 (12046053)|VARIABLE_ASSIGNMENT|[252]|rawName|"Modem"
07:46:13.1 (12053193)|HEAP_ALLOCATE|[253]|Bytes:5
07:46:13.1 (12057843)|STATEMENT_EXECUTE|[252]
07:46:13.1 (12073004)|STATEMENT_EXECUTE|[253]
07:46:13.1 (12075054)|STATEMENT_EXECUTE|[254]
07:46:13.1 (12083334)|HEAP_ALLOCATE|[254]|Bytes:5
07:46:13.1 (12094044)|VARIABLE_SCOPE_BEGIN|[254]|lower|String|false|false
07:46:13.1 (12101944)|VARIABLE_ASSIGNMENT|[254]|lower|"modem"
07:46:13.1 (12117795)|HEAP_ALLOCATE|[255]|Bytes:8
07:46:13.1 (12135345)|STATEMENT_EXECUTE|[255]
07:46:13.1 (12138315)|HEAP_ALLOCATE|[256]|Bytes:5
07:46:13.1 (12163066)|HEAP_ALLOCATE|[256]|Bytes:4
07:46:13.1 (12179106)|HEAP_ALLOCATE|[256]|Bytes:2
07:46:13.1 (12193996)|HEAP_ALLOCATE|[256]|Bytes:12
07:46:13.1 (12209857)|HEAP_ALLOCATE|[256]|Bytes:6
07:46:13.1 (12224287)|STATEMENT_EXECUTE|[256]
07:46:13.1 (12227067)|HEAP_ALLOCATE|[257]|Bytes:5
07:46:13.1 (12249908)|STATEMENT_EXECUTE|[257]
07:46:13.1 (12257018)|METHOD_EXIT|[166]|01pdL00000Up09Z|CpeAiAssistantController.normalizeProductName(String)
07:46:13.1 (12262088)|VARIABLE_SCOPE_BEGIN|[166]|normKey|String|false|false
07:46:13.1 (12271078)|VARIABLE_ASSIGNMENT|[166]|normKey|"Modem"
07:46:13.1 (12283668)|STATEMENT_EXECUTE|[167]
07:46:13.1 (12285708)|STATEMENT_EXECUTE|[168]
07:46:13.1 (12318809)|HEAP_ALLOCATE|[165]|Bytes:5
07:46:13.1 (12330260)|VARIABLE_SCOPE_BEGIN|[165]|key|String|false|false
07:46:13.1 (12338700)|VARIABLE_ASSIGNMENT|[165]|key|"Wi-Fi Access Point"
07:46:13.1 (12342560)|STATEMENT_EXECUTE|[165]
07:46:13.1 (12344700)|STATEMENT_EXECUTE|[166]
07:46:13.1 (12349350)|METHOD_ENTRY|[166]|01pdL00000Up09Z|CpeAiAssistantController.normalizeProductName(String)
07:46:13.1 (12354110)|VARIABLE_SCOPE_BEGIN|[252]|rawName|String|false|false
07:46:13.1 (12360980)|VARIABLE_ASSIGNMENT|[252]|rawName|"Wi-Fi Access Point"
07:46:13.1 (12367650)|HEAP_ALLOCATE|[253]|Bytes:5
07:46:13.1 (12371350)|STATEMENT_EXECUTE|[252]
07:46:13.1 (12386151)|STATEMENT_EXECUTE|[253]
07:46:13.1 (12388211)|STATEMENT_EXECUTE|[254]
07:46:13.1 (12396391)|HEAP_ALLOCATE|[254]|Bytes:18
07:46:13.1 (12405991)|VARIABLE_SCOPE_BEGIN|[254]|lower|String|false|false
07:46:13.1 (12414431)|VARIABLE_ASSIGNMENT|[254]|lower|"wi-fi access point"
07:46:13.1 (12438562)|STATEMENT_EXECUTE|[255]
07:46:13.1 (12451662)|STATEMENT_EXECUTE|[256]
07:46:13.1 (12458312)|METHOD_EXIT|[166]|01pdL00000Up09Z|CpeAiAssistantController.normalizeProductName(String)
07:46:13.1 (12463323)|VARIABLE_SCOPE_BEGIN|[166]|normKey|String|false|false
07:46:13.1 (12471633)|VARIABLE_ASSIGNMENT|[166]|normKey|"Wi-Fi Access Point"
07:46:13.1 (12482573)|STATEMENT_EXECUTE|[167]
07:46:13.1 (12484573)|STATEMENT_EXECUTE|[168]
07:46:13.1 (12520014)|HEAP_ALLOCATE|[165]|Bytes:5
07:46:13.1 (12533764)|VARIABLE_ASSIGNMENT|[165]|key|null
07:46:13.1 (12562805)|STATEMENT_EXECUTE|[174]
07:46:13.1 (12565065)|STATEMENT_EXECUTE|[175]
07:46:13.1 (12566995)|STATEMENT_EXECUTE|[175]
07:46:13.1 (12569095)|STATEMENT_EXECUTE|[176]
07:46:13.1 (12575765)|METHOD_ENTRY|[176]||System.JSON.deserializeUntyped(String)
07:46:13.1 (13894177)|METHOD_EXIT|[176]||System.JSON.deserializeUntyped(String)
07:46:13.1 (13910617)|VARIABLE_SCOPE_BEGIN|[176]|itemsMap|Map<String,ANY>|true|false
07:46:13.1 (13935498)|HEAP_ALLOCATE|[EXTERNAL]|Bytes:20
07:46:13.1 (13987269)|VARIABLE_ASSIGNMENT|[176]|itemsMap|{"CpeItems":["Map of size 6 too large to display",{"itemType":"childProduct","maxQuantity":15,"minQuantity":0,"defaultQuantity":0,"ProductCode":"O_RES_TV_PLUS_ADDL_S (2 more) ..."},"Map of size 6 too large to display",{"itemType":"childProduct","maxQuantity":99999,"minQuantity":0,"defaultQuantity":0,"ProductCode":"O_RES_HSI_WIFI_EXTEN (3 more) ..."}]}|0x50d10d59
07:46:13.1 (13996339)|STATEMENT_EXECUTE|[177]
07:46:13.1 (14007039)|HEAP_ALLOCATE|[177]|Bytes:4
07:46:13.1 (14080681)|VARIABLE_SCOPE_BEGIN|[177]|items|List<ANY>|true|false
07:46:13.1 (14094041)|HEAP_ALLOCATE|[EXTERNAL]|Bytes:4
07:46:13.1 (14101901)|VARIABLE_ASSIGNMENT|[177]|items|[]|0x5f23a2c8
07:46:13.1 (14107792)|HEAP_ALLOCATE|[178]|Bytes:8
07:46:13.1 (14137802)|STATEMENT_EXECUTE|[178]
07:46:13.1 (14140072)|STATEMENT_EXECUTE|[179]
07:46:13.1 (14185193)|VARIABLE_ASSIGNMENT|[179]|items|["Map of size 6 too large to display",{"itemType":"childProduct","maxQuantity":15,"minQuantity":0,"defaultQuantity":0,"ProductCode":"O_RES_TV_PLUS_ADDL_S (2 more) ..."},"Map of size 6 too large to display",{"itemType":"childProduct","maxQuantity":99999,"minQuantity":0,"defaultQuantity":0,"ProductCode":"O_RES_HSI_WIFI_EXTEN (3 more) ..."}]|0xc46658d
07:46:13.1 (14193514)|STATEMENT_EXECUTE|[182]
07:46:13.1 (14207584)|HEAP_ALLOCATE|[182]|Bytes:4
07:46:13.1 (14219794)|VARIABLE_SCOPE_BEGIN|[182]|limits|Map<String,Map<String,Integer>>|true|false
07:46:13.1 (14234105)|VARIABLE_ASSIGNMENT|[182]|limits|{}|0x54250a99
07:46:13.1 (14240494)|STATEMENT_EXECUTE|[183]
07:46:13.1 (14249145)|HEAP_ALLOCATE|[183]|Bytes:4
07:46:13.1 (14258235)|HEAP_ALLOCATE|[183]|Bytes:6
07:46:13.1 (14288646)|HEAP_ALLOCATE|[183]|Bytes:4
07:46:13.1 (14301335)|HEAP_ALLOCATE|[183]|Bytes:6
07:46:13.1 (14312156)|HEAP_ALLOCATE|[183]|Bytes:4
07:46:13.1 (14326677)|HEAP_ALLOCATE|[183]|Bytes:4
07:46:13.1 (14346197)|HEAP_ALLOCATE|[EXTERNAL]|Bytes:-4
07:46:13.1 (14355447)|STATEMENT_EXECUTE|[184]
07:46:13.1 (14363438)|HEAP_ALLOCATE|[184]|Bytes:4
07:46:13.1 (14391257)|HEAP_ALLOCATE|[184]|Bytes:4
07:46:13.1 (14407669)|HEAP_ALLOCATE|[184]|Bytes:4
07:46:13.1 (14422129)|HEAP_ALLOCATE|[184]|Bytes:4
07:46:13.1 (14437859)|HEAP_ALLOCATE|[EXTERNAL]|Bytes:-4
07:46:13.1 (14444959)|STATEMENT_EXECUTE|[185]
07:46:13.1 (14451580)|HEAP_ALLOCATE|[185]|Bytes:4
07:46:13.1 (14472880)|HEAP_ALLOCATE|[185]|Bytes:4
07:46:13.1 (14486210)|HEAP_ALLOCATE|[185]|Bytes:4
07:46:13.1 (14497921)|HEAP_ALLOCATE|[EXTERNAL]|Bytes:-4
07:46:13.1 (14504081)|STATEMENT_EXECUTE|[187]
07:46:13.1 (14518751)|METHOD_ENTRY|[187]|01pdL00000Up09Z|CpeAiAssistantController.extractCodes(List<ANY>, Map<String,Map<String,Integer>>)
07:46:13.1 (14548712)|VARIABLE_SCOPE_BEGIN|[200]|items|List<ANY>|true|false
07:46:13.1 (14570802)|VARIABLE_ASSIGNMENT|[200]|items|["Map of size 6 too large to display",{"itemType":"childProduct","maxQuantity":15,"minQuantity":0,"defaultQuantity":0,"ProductCode":"O_RES_TV_PLUS_ADDL_S (2 more) ..."},"Map of size 6 too large to display",{"itemType":"childProduct","maxQuantity":99999,"minQuantity":0,"defaultQuantity":0,"ProductCode":"O_RES_HSI_WIFI_EXTEN (3 more) ..."}]|0xc46658d
07:46:13.1 (14579373)|VARIABLE_SCOPE_BEGIN|[200]|limits|Map<String,Map<String,Integer>>|true|false
07:46:13.1 (14591603)|VARIABLE_ASSIGNMENT|[200]|limits|{"tv":{"maxInc":3,"maxAdd":15,"min":1},"wifi":{"maxInc":1,"maxAdd":10,"min":1},"modem":{"max":1,"min":1}}|0x54250a99
07:46:13.1 (14607263)|HEAP_ALLOCATE|[201]|Bytes:5
07:46:13.1 (14611763)|STATEMENT_EXECUTE|[200]
07:46:13.1 (14615023)|STATEMENT_EXECUTE|[201]
07:46:13.1 (14657584)|HEAP_ALLOCATE|[202]|Bytes:5
07:46:13.1 (14683655)|HEAP_ALLOCATE|[202]|Bytes:28
07:46:13.1 (14693915)|VARIABLE_SCOPE_BEGIN|[202]|obj|Object|false|false
07:46:13.1 (14706865)|VARIABLE_ASSIGNMENT|[202]|obj|"Map of size 6 too large to display"
07:46:13.1 (14711776)|STATEMENT_EXECUTE|[202]
07:46:13.1 (14714336)|STATEMENT_EXECUTE|[203]
07:46:13.1 (14719186)|VARIABLE_SCOPE_BEGIN|[203]|item|Map<String,ANY>|true|false
07:46:13.1 (14729856)|VARIABLE_ASSIGNMENT|[203]|item|"Map of size 6 too large to display"|0x54669654
07:46:13.1 (14733806)|STATEMENT_EXECUTE|[204]
07:46:13.1 (14743416)|METHOD_ENTRY|[204]|01pdL00000Up09Z|CpeAiAssistantController.getProductCode(Map<String,ANY>)
07:46:13.1 (14770967)|VARIABLE_SCOPE_BEGIN|[233]|item|Map<String,ANY>|true|false
07:46:13.1 (14780647)|VARIABLE_ASSIGNMENT|[233]|item|"Map of size 6 too large to display"|0x54669654
07:46:13.1 (14788717)|HEAP_ALLOCATE|[234]|Bytes:5
07:46:13.1 (14793777)|STATEMENT_EXECUTE|[233]
07:46:13.1 (14797028)|HEAP_ALLOCATE|[234]|Bytes:11
07:46:13.1 (14833948)|STATEMENT_EXECUTE|[234]
07:46:13.1 (14837539)|STATEMENT_EXECUTE|[235]
07:46:13.1 (14885180)|HEAP_ALLOCATE|[235]|Bytes:17
07:46:13.1 (14913740)|METHOD_EXIT|[204]|01pdL00000Up09Z|CpeAiAssistantController.getProductCode(Map<String,ANY>)
07:46:13.1 (14922290)|VARIABLE_SCOPE_BEGIN|[204]|code|String|false|false
07:46:13.1 (14932621)|VARIABLE_ASSIGNMENT|[204]|code|"O_RES_TV_PLUS_STB"
07:46:13.1 (14936901)|STATEMENT_EXECUTE|[205]
07:46:13.1 (14940011)|HEAP_ALLOCATE|[205]|Bytes:11
07:46:13.1 (14973572)|VARIABLE_SCOPE_BEGIN|[205]|maxQ|Integer|false|false
07:46:13.1 (14983032)|VARIABLE_ASSIGNMENT|[205]|maxQ|3
07:46:13.1 (14986842)|STATEMENT_EXECUTE|[206]
07:46:13.1 (14989522)|HEAP_ALLOCATE|[206]|Bytes:11
07:46:13.1 (15017783)|VARIABLE_SCOPE_BEGIN|[206]|minQ|Integer|false|false
07:46:13.1 (15027053)|VARIABLE_ASSIGNMENT|[206]|minQ|0
07:46:13.1 (15030493)|STATEMENT_EXECUTE|[207]
07:46:13.1 (15033623)|HEAP_ALLOCATE|[207]|Bytes:15
07:46:13.1 (15062054)|VARIABLE_SCOPE_BEGIN|[207]|defQ|Integer|false|false
07:46:13.1 (15070154)|VARIABLE_ASSIGNMENT|[207]|defQ|1
07:46:13.1 (15075594)|HEAP_ALLOCATE|[209]|Bytes:17
07:46:13.1 (15102425)|STATEMENT_EXECUTE|[209]
07:46:13.1 (15104735)|STATEMENT_EXECUTE|[210]
07:46:13.1 (15141776)|STATEMENT_EXECUTE|[211]
07:46:13.1 (15175256)|HEAP_ALLOCATE|[224]|Bytes:13
07:46:13.1 (15199357)|STATEMENT_EXECUTE|[224]
07:46:13.1 (15210787)|HEAP_ALLOCATE|[202]|Bytes:5
07:46:13.1 (15226397)|HEAP_ALLOCATE|[202]|Bytes:24
07:46:13.1 (15238128)|VARIABLE_SCOPE_BEGIN|[202]|obj|Object|false|false
07:46:13.1 (15260528)|VARIABLE_ASSIGNMENT|[202]|obj|{"itemType":"childProduct","maxQuantity":15,"minQuantity":0,"defaultQuantity":0,"ProductCode":"O_RES_TV_PLUS_ADDL_S (2 more) ..."}
07:46:13.1 (15266868)|STATEMENT_EXECUTE|[202]
07:46:13.1 (15269679)|STATEMENT_EXECUTE|[203]
07:46:13.1 (15275069)|VARIABLE_SCOPE_BEGIN|[203]|item|Map<String,ANY>|true|false
07:46:13.1 (15292239)|VARIABLE_ASSIGNMENT|[203]|item|{"itemType":"childProduct","maxQuantity":15,"minQuantity":0,"defaultQuantity":0,"ProductCode":"O_RES_TV_PLUS_ADDL_S (2 more) ..."}|0x1ca68878
07:46:13.1 (15297739)|STATEMENT_EXECUTE|[204]
07:46:13.1 (15303459)|METHOD_ENTRY|[204]|01pdL00000Up09Z|CpeAiAssistantController.getProductCode(Map<String,ANY>)
07:46:13.1 (15309809)|VARIABLE_SCOPE_BEGIN|[233]|item|Map<String,ANY>|true|false
07:46:13.1 (15320580)|VARIABLE_ASSIGNMENT|[233]|item|{"itemType":"childProduct","maxQuantity":15,"minQuantity":0,"defaultQuantity":0,"ProductCode":"O_RES_TV_PLUS_ADDL_S (2 more) ..."}|0x1ca68878
07:46:13.1 (15331010)|HEAP_ALLOCATE|[234]|Bytes:5
07:46:13.1 (15335690)|STATEMENT_EXECUTE|[233]
07:46:13.1 (15356591)|STATEMENT_EXECUTE|[234]
07:46:13.1 (15358831)|STATEMENT_EXECUTE|[235]
07:46:13.1 (15376771)|HEAP_ALLOCATE|[235]|Bytes:22
07:46:13.1 (15390821)|METHOD_EXIT|[204]|01pdL00000Up09Z|CpeAiAssistantController.getProductCode(Map<String,ANY>)
07:46:13.1 (15396341)|VARIABLE_SCOPE_BEGIN|[204]|code|String|false|false
07:46:13.1 (15405322)|VARIABLE_ASSIGNMENT|[204]|code|"O_RES_TV_PLUS_ADDL_S (2 more) ..."
07:46:13.1 (15408812)|STATEMENT_EXECUTE|[205]
07:46:13.1 (15426192)|VARIABLE_SCOPE_BEGIN|[205]|maxQ|Integer|false|false
07:46:13.1 (15434842)|VARIABLE_ASSIGNMENT|[205]|maxQ|15
07:46:13.1 (15438252)|STATEMENT_EXECUTE|[206]
07:46:13.1 (15454433)|VARIABLE_SCOPE_BEGIN|[206]|minQ|Integer|false|false
07:46:13.1 (15463453)|VARIABLE_ASSIGNMENT|[206]|minQ|0
07:46:13.1 (15467023)|STATEMENT_EXECUTE|[207]
07:46:13.1 (15483423)|VARIABLE_SCOPE_BEGIN|[207]|defQ|Integer|false|false
07:46:13.1 (15491654)|VARIABLE_ASSIGNMENT|[207]|defQ|0
07:46:13.1 (15506314)|HEAP_ALLOCATE|[212]|Bytes:22
07:46:13.1 (15513924)|STATEMENT_EXECUTE|[212]
07:46:13.1 (15516204)|STATEMENT_EXECUTE|[213]
07:46:13.1 (15560765)|STATEMENT_EXECUTE|[224]
07:46:13.1 (15569785)|HEAP_ALLOCATE|[202]|Bytes:5
07:46:13.1 (15583516)|HEAP_ALLOCATE|[202]|Bytes:28
07:46:13.1 (15590636)|VARIABLE_SCOPE_BEGIN|[202]|obj|Object|false|false
07:46:13.1 (15601726)|VARIABLE_ASSIGNMENT|[202]|obj|"Map of size 6 too large to display"
07:46:13.1 (15605826)|STATEMENT_EXECUTE|[202]
07:46:13.1 (15607857)|STATEMENT_EXECUTE|[203]
07:46:13.1 (15611276)|VARIABLE_SCOPE_BEGIN|[203]|item|Map<String,ANY>|true|false
07:46:13.1 (15618997)|VARIABLE_ASSIGNMENT|[203]|item|"Map of size 6 too large to display"|0x3b73448e
07:46:13.1 (15624107)|STATEMENT_EXECUTE|[204]
07:46:13.1 (15629098)|METHOD_ENTRY|[204]|01pdL00000Up09Z|CpeAiAssistantController.getProductCode(Map<String,ANY>)
07:46:13.1 (15634858)|VARIABLE_SCOPE_BEGIN|[233]|item|Map<String,ANY>|true|false
07:46:13.1 (15642717)|VARIABLE_ASSIGNMENT|[233]|item|"Map of size 6 too large to display"|0x3b73448e
07:46:13.1 (15649907)|HEAP_ALLOCATE|[234]|Bytes:5
07:46:13.1 (15653898)|STATEMENT_EXECUTE|[233]
07:46:13.1 (15671198)|STATEMENT_EXECUTE|[234]
07:46:13.1 (15673268)|STATEMENT_EXECUTE|[235]
07:46:13.1 (15689318)|HEAP_ALLOCATE|[235]|Bytes:15
07:46:13.1 (15701828)|METHOD_EXIT|[204]|01pdL00000Up09Z|CpeAiAssistantController.getProductCode(Map<String,ANY>)
07:46:13.1 (15707449)|VARIABLE_SCOPE_BEGIN|[204]|code|String|false|false
07:46:13.1 (15715100)|VARIABLE_ASSIGNMENT|[204]|code|"O_RES_HSI_MODEM"
07:46:13.1 (15718489)|STATEMENT_EXECUTE|[205]
07:46:13.1 (15736049)|VARIABLE_SCOPE_BEGIN|[205]|maxQ|Integer|false|false
07:46:13.1 (15744469)|VARIABLE_ASSIGNMENT|[205]|maxQ|99999
07:46:13.1 (15747990)|STATEMENT_EXECUTE|[206]
07:46:13.1 (15763501)|VARIABLE_SCOPE_BEGIN|[206]|minQ|Integer|false|false
07:46:13.1 (15771670)|VARIABLE_ASSIGNMENT|[206]|minQ|0
07:46:13.1 (15775010)|STATEMENT_EXECUTE|[207]
07:46:13.1 (15791542)|VARIABLE_SCOPE_BEGIN|[207]|defQ|Integer|false|false
07:46:13.1 (15800031)|VARIABLE_ASSIGNMENT|[207]|defQ|1
07:46:13.1 (15811451)|HEAP_ALLOCATE|[214]|Bytes:27
07:46:13.1 (15821502)|HEAP_ALLOCATE|[217]|Bytes:27
07:46:13.1 (15830891)|HEAP_ALLOCATE|[219]|Bytes:15
07:46:13.1 (15838232)|STATEMENT_EXECUTE|[219]
07:46:13.1 (15840402)|STATEMENT_EXECUTE|[220]
07:46:13.1 (15871592)|HEAP_ALLOCATE|[220]|Bytes:4
07:46:13.1 (15879673)|STATEMENT_EXECUTE|[221]
07:46:13.1 (15918153)|STATEMENT_EXECUTE|[224]
07:46:13.1 (15927084)|HEAP_ALLOCATE|[202]|Bytes:5
07:46:13.1 (15940564)|HEAP_ALLOCATE|[202]|Bytes:24
07:46:13.1 (15948594)|VARIABLE_SCOPE_BEGIN|[202]|obj|Object|false|false
07:46:13.1 (15964306)|VARIABLE_ASSIGNMENT|[202]|obj|{"itemType":"childProduct","maxQuantity":99999,"minQuantity":0,"defaultQuantity":0,"ProductCode":"O_RES_HSI_WIFI_EXTEN (3 more) ..."}
07:46:13.1 (15968805)|STATEMENT_EXECUTE|[202]
07:46:13.1 (15970866)|STATEMENT_EXECUTE|[203]
07:46:13.1 (15974395)|VARIABLE_SCOPE_BEGIN|[203]|item|Map<String,ANY>|true|false
07:46:13.1 (15986475)|VARIABLE_ASSIGNMENT|[203]|item|{"itemType":"childProduct","maxQuantity":99999,"minQuantity":0,"defaultQuantity":0,"ProductCode":"O_RES_HSI_WIFI_EXTEN (3 more) ..."}|0x42d34a1f
07:46:13.1 (15992115)|STATEMENT_EXECUTE|[204]
07:46:13.1 (15996445)|METHOD_ENTRY|[204]|01pdL00000Up09Z|CpeAiAssistantController.getProductCode(Map<String,ANY>)
07:46:13.1 (16001986)|VARIABLE_SCOPE_BEGIN|[233]|item|Map<String,ANY>|true|false
07:46:13.1 (16012876)|VARIABLE_ASSIGNMENT|[233]|item|{"itemType":"childProduct","maxQuantity":99999,"minQuantity":0,"defaultQuantity":0,"ProductCode":"O_RES_HSI_WIFI_EXTEN (3 more) ..."}|0x42d34a1f
07:46:13.1 (16021776)|HEAP_ALLOCATE|[234]|Bytes:5
07:46:13.1 (16025446)|STATEMENT_EXECUTE|[233]
07:46:13.1 (16042936)|STATEMENT_EXECUTE|[234]
07:46:13.1 (16045006)|STATEMENT_EXECUTE|[235]
07:46:13.1 (16060737)|HEAP_ALLOCATE|[235]|Bytes:23
07:46:13.1 (16073327)|METHOD_EXIT|[204]|01pdL00000Up09Z|CpeAiAssistantController.getProductCode(Map<String,ANY>)
07:46:13.1 (16079057)|VARIABLE_SCOPE_BEGIN|[204]|code|String|false|false
07:46:13.1 (16087697)|VARIABLE_ASSIGNMENT|[204]|code|"O_RES_HSI_WIFI_EXTEN (3 more) ..."
07:46:13.1 (16091279)|STATEMENT_EXECUTE|[205]
07:46:13.1 (16109679)|VARIABLE_SCOPE_BEGIN|[205]|maxQ|Integer|false|false
07:46:13.1 (16118319)|VARIABLE_ASSIGNMENT|[205]|maxQ|99999
07:46:13.1 (16121909)|STATEMENT_EXECUTE|[206]
07:46:13.1 (16138649)|VARIABLE_SCOPE_BEGIN|[206]|minQ|Integer|false|false
07:46:13.1 (16146649)|VARIABLE_ASSIGNMENT|[206]|minQ|0
07:46:13.1 (16150249)|STATEMENT_EXECUTE|[207]
07:46:13.1 (16165659)|VARIABLE_SCOPE_BEGIN|[207]|defQ|Integer|false|false
07:46:13.1 (16173710)|VARIABLE_ASSIGNMENT|[207]|defQ|0
07:46:13.1 (16192330)|STATEMENT_EXECUTE|[209]
07:46:13.1 (16203521)|STATEMENT_EXECUTE|[224]
07:46:13.1 (16212260)|HEAP_ALLOCATE|[202]|Bytes:5
07:46:13.1 (16228061)|VARIABLE_ASSIGNMENT|[202]|obj|null
07:46:13.1 (16239861)|METHOD_EXIT|[187]|01pdL00000Up09Z|CpeAiAssistantController.extractCodes(List<ANY>, Map<String,Map<String,Integer>>)
07:46:13.1 (16244552)|STATEMENT_EXECUTE|[189]
07:46:13.1 (16311564)|HEAP_ALLOCATE|[189]|Bytes:4
07:46:13.1 (16333684)|STATEMENT_EXECUTE|[190]
07:46:13.1 (16380984)|STATEMENT_EXECUTE|[191]
07:46:13.1 (16436076)|HEAP_ALLOCATE|[191]|Bytes:4
07:46:13.1 (16447487)|STATEMENT_EXECUTE|[192]
07:46:13.1 (16506027)|STATEMENT_EXECUTE|[193]
07:46:13.1 (16553929)|STATEMENT_EXECUTE|[194]
07:46:13.1 (16599170)|STATEMENT_EXECUTE|[197]
07:46:13.1 (16607130)|METHOD_EXIT|[74]|01pdL00000Up09Z|CpeAiAssistantController.buildRulePayload(String, String)
07:46:13.1 (16614211)|VARIABLE_SCOPE_BEGIN|[74]|rules|Map<String,Map<String,ANY>>|true|false
07:46:13.1 (16632981)|VARIABLE_ASSIGNMENT|[74]|rules|{"TV + Receiver":{"current":13,"min":0,"max":18},"Modem":{"current":"Wired","min":1,"max":1},"Wi-Fi Access Point":{"current":1,"min":1,"max":11}}|0x18b0d9ad
07:46:13.1 (16638161)|STATEMENT_EXECUTE|[77]
07:46:13.1 (16641641)|HEAP_ALLOCATE|[77]|Bytes:150
07:46:13.1 (16654222)|METHOD_ENTRY|[79]||System.JSON.serialize(Object)
07:46:13.1 (17631984)|METHOD_EXIT|[79]||System.JSON.serialize(Object)
07:46:13.1 (17642484)|HEAP_ALLOCATE|[79]|Bytes:24
07:46:13.1 (17683175)|HEAP_ALLOCATE|[80]|Bytes:29
07:46:13.1 (17695656)|HEAP_ALLOCATE|[77]|Bytes:1105
07:46:13.1 (17702156)|VARIABLE_SCOPE_BEGIN|[77]|fullMessage|String|false|false
07:46:13.1 (17715306)|VARIABLE_ASSIGNMENT|[77]|fullMessage|"System Context: You  (1085 more) ..."
07:46:13.1 (17719736)|STATEMENT_EXECUTE|[83]
07:46:13.1 (17722716)|HEAP_ALLOCATE|[84]|Bytes:22
07:46:13.1 (17726826)|HEAP_ALLOCATE|[85]|Bytes:21
07:46:13.1 (17804508)|HEAP_ALLOCATE|[83]|Bytes:12
07:46:13.1 (17811238)|HEAP_ALLOCATE|[83]|Bytes:58
07:46:13.1 (17824099)|SYSTEM_METHOD_ENTRY|[14]|Action.Action()
07:46:13.1 (17827839)|STATEMENT_EXECUTE|[14]
07:46:13.1 (17836819)|SYSTEM_METHOD_EXIT|[14]|Action
07:46:13.1 (17852189)|METHOD_ENTRY|[83]||Invocable.Action.createCustomAction(String, String)
07:46:13.1 (18071724)|METHOD_EXIT|[83]||Invocable.Action.createCustomAction(String, String)
07:46:13.1 (18078654)|VARIABLE_SCOPE_BEGIN|[83]|action|Invocable.Action|true|false
07:46:13.1 (18146066)|VARIABLE_ASSIGNMENT|[83]|action|{"invocations":"0x22f78ad2","invokeFromLightningComponent":false,"name":"CPE_Equipment_Manage (1 more) ...","type":"generatePromptRespon (2 more) ..."}|0x37ffd613
07:46:13.1 (18153066)|STATEMENT_EXECUTE|[88]
07:46:13.1 (18156296)|HEAP_ALLOCATE|[88]|Bytes:17
07:46:13.1 (18180557)|METHOD_ENTRY|[88]||Invocable.Action.setInvocationParameter(String, Object)
07:46:13.1 (18354482)|METHOD_EXIT|[88]||Invocable.Action.setInvocationParameter(String, Object)
07:46:13.1 (18360362)|STATEMENT_EXECUTE|[90]
07:46:13.1 (18368261)|METHOD_ENTRY|[90]||Invocable.Action.invoke()
07:46:16.510 (3510715164)|METHOD_EXIT|[90]||Invocable.Action.invoke()
07:46:16.510 (3510795516)|VARIABLE_SCOPE_BEGIN|[90]|results|List<Invocable.Action.Result>|true|false
07:46:16.510 (3511075813)|VARIABLE_ASSIGNMENT|[90]|results|[{"action":"0x37ffd613","errors":"0x54f55ef5","invocationParameters":"0x613e1d4f","outputParameters":"0x1ddc129a","success":true}]|0x1f2418e1
07:46:16.510 (3511157985)|STATEMENT_EXECUTE|[92]
07:46:16.510 (3511166436)|STATEMENT_EXECUTE|[96]
07:46:16.510 (3511194746)|HEAP_ALLOCATE|[96]|Bytes:24
07:46:16.510 (3511213296)|VARIABLE_SCOPE_BEGIN|[96]|result|Invocable.Action.Result|true|false
07:46:16.510 (3511257897)|VARIABLE_ASSIGNMENT|[96]|result|{"action":"0x37ffd613","errors":"0x54f55ef5","invocationParameters":"0x613e1d4f","outputParameters":"0x1ddc129a","success":true}|0x6158ff06
07:46:16.510 (3511330779)|METHOD_ENTRY|[98]||Invocable.Action.Result.isSuccess()
07:46:16.510 (3511390081)|METHOD_EXIT|[98]||Invocable.Action.Result.isSuccess()
07:46:16.510 (3511399841)|STATEMENT_EXECUTE|[98]
07:46:16.510 (3511403721)|STATEMENT_EXECUTE|[104]
07:46:16.510 (3511418572)|METHOD_ENTRY|[104]||Invocable.Action.Result.getOutputParameters()
07:46:16.510 (3511450252)|METHOD_EXIT|[104]||Invocable.Action.Result.getOutputParameters()
07:46:16.510 (3511458283)|VARIABLE_SCOPE_BEGIN|[104]|outputs|Map<String,ANY>|true|false
07:46:16.510 (3511494653)|VARIABLE_ASSIGNMENT|[104]|outputs|{"promptResponse":"{\n  \"message\": \"Requ (224 more) ..."}|0x1ddc129a
07:46:16.510 (3511503604)|STATEMENT_EXECUTE|[105]
07:46:16.510 (3511507204)|STATEMENT_EXECUTE|[110]
07:46:16.510 (3511511993)|HEAP_ALLOCATE|[110]|Bytes:14
07:46:16.510 (3511559074)|VARIABLE_SCOPE_BEGIN|[110]|promptRespObj|Object|false|false
07:46:16.510 (3511576695)|VARIABLE_ASSIGNMENT|[110]|promptRespObj|"{\n  \"message\": \"Requ (224 more) ..."
07:46:16.510 (3511585055)|STATEMENT_EXECUTE|[111]
07:46:16.510 (3511596065)|VARIABLE_SCOPE_BEGIN|[111]|rawResponse|String|false|false
07:46:16.510 (3511614065)|VARIABLE_ASSIGNMENT|[111]|rawResponse|null
07:46:16.510 (3511621126)|STATEMENT_EXECUTE|[113]
07:46:16.510 (3511624656)|STATEMENT_EXECUTE|[114]
07:46:16.510 (3511791029)|HEAP_ALLOCATE|[114]|Bytes:244
07:46:16.510 (3511819840)|VARIABLE_ASSIGNMENT|[114]|rawResponse|"{\n  \"message\": \"Requ (224 more) ..."
07:46:16.510 (3511867302)|STATEMENT_EXECUTE|[119]
07:46:16.510 (3511871401)|STATEMENT_EXECUTE|[123]
07:46:16.510 (3511875951)|VARIABLE_SCOPE_BEGIN|[123]|cleanResponse|String|false|false
07:46:16.510 (3511890893)|VARIABLE_ASSIGNMENT|[123]|cleanResponse|null
07:46:16.510 (3511897762)|STATEMENT_EXECUTE|[124]
07:46:16.510 (3511900983)|STATEMENT_EXECUTE|[124]
07:46:16.510 (3511904072)|STATEMENT_EXECUTE|[125]
07:46:16.510 (3511920633)|METHOD_ENTRY|[125]||System.JSON.deserializeUntyped(String)
07:46:16.510 (3513055749)|METHOD_EXIT|[125]||System.JSON.deserializeUntyped(String)
07:46:16.510 (3513072900)|VARIABLE_SCOPE_BEGIN|[125]|parsed|Map<String,ANY>|true|false
07:46:16.510 (3513119561)|VARIABLE_ASSIGNMENT|[125]|parsed|{"message":"Requested increase f (108 more) ...","newState":{"TV + Receiver":13,"Modem":"Wired","Wi-Fi Access Point":11}}|0x59451d50
07:46:16.510 (3513138711)|HEAP_ALLOCATE|[126]|Bytes:5
07:46:16.510 (3513191342)|STATEMENT_EXECUTE|[128]
07:46:16.510 (3513195543)|STATEMENT_EXECUTE|[129]
07:46:16.510 (3513206623)|VARIABLE_ASSIGNMENT|[129]|cleanResponse|"{\n  \"message\": \"Requ (224 more) ..."
07:46:16.510 (3513216443)|STATEMENT_EXECUTE|[135]
07:46:16.510 (3513219693)|STATEMENT_EXECUTE|[136]
07:46:16.510 (3513224453)|HEAP_ALLOCATE|[136]|Bytes:3
07:46:16.510 (3513238064)|HEAP_ALLOCATE|[136]|Bytes:1
07:46:16.510 (3513388327)|HEAP_ALLOCATE|[136]|Bytes:244
07:46:16.510 (3513426638)|VARIABLE_ASSIGNMENT|[136]|cleanResponse|"{\n  \"message\": \"Requ (224 more) ..."
07:46:16.510 (3513435428)|STATEMENT_EXECUTE|[137]
07:46:16.510 (3513440478)|HEAP_ALLOCATE|[137]|Bytes:2
07:46:16.510 (3513484169)|HEAP_ALLOCATE|[137]|Bytes:244
07:46:16.510 (3513510260)|VARIABLE_ASSIGNMENT|[137]|cleanResponse|"{\n  \"message\": \"Requ (224 more) ..."
07:46:16.510 (3513517960)|STATEMENT_EXECUTE|[138]
07:46:16.510 (3513523020)|HEAP_ALLOCATE|[138]|Bytes:3
07:46:16.510 (3513529950)|HEAP_ALLOCATE|[138]|Bytes:1
07:46:16.510 (3513570701)|HEAP_ALLOCATE|[138]|Bytes:244
07:46:16.510 (3513596262)|VARIABLE_ASSIGNMENT|[138]|cleanResponse|"{\n  \"message\": \"Requ (224 more) ..."
07:46:16.510 (3513605592)|STATEMENT_EXECUTE|[142]
07:46:16.510 (3513626062)|METHOD_ENTRY|[142]|01pdL00000Up09Z|CpeAiAssistantController.parseAndValidateAgentResponse(String, Map<String,Map<String,ANY>>)
07:46:16.510 (3513649174)|VARIABLE_SCOPE_BEGIN|[261]|rawResponse|String|false|false
07:46:16.510 (3513664563)|VARIABLE_ASSIGNMENT|[261]|rawResponse|"{\n  \"message\": \"Requ (224 more) ..."
07:46:16.510 (3513672194)|VARIABLE_SCOPE_BEGIN|[261]|rules|Map<String,Map<String,ANY>>|true|false
07:46:16.510 (3513704064)|VARIABLE_ASSIGNMENT|[261]|rules|{"TV + Receiver":{"current":13,"min":0,"max":18},"Modem":{"current":"Wired","min":1,"max":1},"Wi-Fi Access Point":{"current":1,"min":1,"max":11}}|0x18b0d9ad
07:46:16.510 (3513727905)|HEAP_ALLOCATE|[262]|Bytes:5
07:46:16.510 (3513736456)|STATEMENT_EXECUTE|[261]
07:46:16.510 (3513740296)|STATEMENT_EXECUTE|[262]
07:46:16.510 (3513763457)|HEAP_ALLOCATE|[262]|Bytes:4
07:46:16.510 (3513785556)|VARIABLE_SCOPE_BEGIN|[262]|finalResponse|Map<String,ANY>|true|false
07:46:16.510 (3513805807)|VARIABLE_ASSIGNMENT|[262]|finalResponse|{}|0x71c91455
07:46:16.510 (3513814227)|STATEMENT_EXECUTE|[264]
07:46:16.510 (3513817607)|STATEMENT_EXECUTE|[264]
07:46:16.510 (3513820957)|STATEMENT_EXECUTE|[265]
07:46:16.510 (3513830887)|METHOD_ENTRY|[265]||System.JSON.deserializeUntyped(String)
07:46:16.510 (3514294978)|METHOD_EXIT|[265]||System.JSON.deserializeUntyped(String)
07:46:16.510 (3514309039)|VARIABLE_SCOPE_BEGIN|[265]|parsed|Map<String,ANY>|true|false
07:46:16.510 (3514339929)|VARIABLE_ASSIGNMENT|[265]|parsed|{"message":"Requested increase f (108 more) ...","newState":{"TV + Receiver":13,"Modem":"Wired","Wi-Fi Access Point":11}}|0x6358fde2
07:46:16.510 (3514351270)|HEAP_ALLOCATE|[267]|Bytes:8
07:46:16.510 (3514390060)|STATEMENT_EXECUTE|[267]
07:46:16.510 (3514393580)|STATEMENT_EXECUTE|[268]
07:46:16.510 (3514432602)|VARIABLE_SCOPE_BEGIN|[268]|newStateRaw|Map<String,ANY>|true|false
07:46:16.510 (3514450603)|VARIABLE_ASSIGNMENT|[268]|newStateRaw|{"TV + Receiver":13,"Modem":"Wired","Wi-Fi Access Point":11}|0x650318a4
07:46:16.510 (3514457822)|STATEMENT_EXECUTE|[269]
07:46:16.510 (3514466982)|HEAP_ALLOCATE|[269]|Bytes:4
07:46:16.510 (3514477252)|VARIABLE_SCOPE_BEGIN|[269]|normalizedState|Map<String,ANY>|true|false
07:46:16.510 (3514491583)|VARIABLE_ASSIGNMENT|[269]|normalizedState|{}|0x5aace866
07:46:16.510 (3514499253)|STATEMENT_EXECUTE|[271]
07:46:16.510 (3514505383)|VARIABLE_SCOPE_BEGIN|[271]|changedCpeCount|Integer|false|false
07:46:16.510 (3514513263)|HEAP_ALLOCATE|[271]|Bytes:4
07:46:16.510 (3514522394)|VARIABLE_ASSIGNMENT|[271]|changedCpeCount|0
07:46:16.510 (3514629917)|HEAP_ALLOCATE|[273]|Bytes:52
07:46:16.510 (3514716449)|HEAP_ALLOCATE|[273]|Bytes:5
07:46:16.510 (3514768570)|VARIABLE_SCOPE_BEGIN|[273]|key|String|false|false
07:46:16.510 (3514784370)|VARIABLE_ASSIGNMENT|[273]|key|"TV + Receiver"
07:46:16.510 (3514792149)|STATEMENT_EXECUTE|[273]
07:46:16.510 (3514795601)|STATEMENT_EXECUTE|[274]
07:46:16.510 (3514805030)|METHOD_ENTRY|[274]|01pdL00000Up09Z|CpeAiAssistantController.normalizeProductName(String)
07:46:16.510 (3514821910)|VARIABLE_SCOPE_BEGIN|[252]|rawName|String|false|false
07:46:16.510 (3514833950)|VARIABLE_ASSIGNMENT|[252]|rawName|"TV + Receiver"
07:46:16.510 (3514847532)|HEAP_ALLOCATE|[253]|Bytes:5
07:46:16.510 (3514852751)|STATEMENT_EXECUTE|[252]
07:46:16.510 (3514874111)|STATEMENT_EXECUTE|[253]
07:46:16.510 (3514876852)|STATEMENT_EXECUTE|[254]
07:46:16.510 (3514892763)|HEAP_ALLOCATE|[254]|Bytes:13
07:46:16.510 (3514905023)|VARIABLE_SCOPE_BEGIN|[254]|lower|String|false|false
07:46:16.510 (3514915783)|VARIABLE_ASSIGNMENT|[254]|lower|"tv + receiver"
07:46:16.510 (3514942824)|STATEMENT_EXECUTE|[255]
07:46:16.510 (3514953264)|METHOD_EXIT|[274]|01pdL00000Up09Z|CpeAiAssistantController.normalizeProductName(String)
07:46:16.510 (3514959664)|VARIABLE_SCOPE_BEGIN|[274]|normKey|String|false|false
07:46:16.510 (3514969605)|VARIABLE_ASSIGNMENT|[274]|normKey|"TV + Receiver"
07:46:16.510 (3514996525)|HEAP_ALLOCATE|[276]|Bytes:17
07:46:16.510 (3515045226)|STATEMENT_EXECUTE|[276]
07:46:16.510 (3515049006)|STATEMENT_EXECUTE|[277]
07:46:16.510 (3515073187)|VARIABLE_SCOPE_BEGIN|[277]|qty|Integer|false|false
07:46:16.510 (3515084627)|VARIABLE_ASSIGNMENT|[277]|qty|13
07:46:16.510 (3515109648)|STATEMENT_EXECUTE|[279]
07:46:16.510 (3515112978)|STATEMENT_EXECUTE|[280]
07:46:16.510 (3515117268)|VARIABLE_SCOPE_BEGIN|[280]|current|Integer|false|false
07:46:16.510 (3515124348)|HEAP_ALLOCATE|[280]|Bytes:4
07:46:16.510 (3515132268)|VARIABLE_ASSIGNMENT|[280]|current|0
07:46:16.510 (3515180399)|STATEMENT_EXECUTE|[281]
07:46:16.510 (3515183520)|STATEMENT_EXECUTE|[282]
07:46:16.510 (3515219790)|VARIABLE_ASSIGNMENT|[282]|current|13
07:46:16.510 (3515226030)|STATEMENT_EXECUTE|[284]
07:46:16.510 (3515259021)|VARIABLE_SCOPE_BEGIN|[284]|max|Integer|false|false
07:46:16.510 (3515269161)|VARIABLE_ASSIGNMENT|[284]|max|18
07:46:16.510 (3515274962)|STATEMENT_EXECUTE|[285]
07:46:16.510 (3515307122)|VARIABLE_SCOPE_BEGIN|[285]|min|Integer|false|false
07:46:16.510 (3515317853)|VARIABLE_ASSIGNMENT|[285]|min|0
07:46:16.510 (3515332353)|STATEMENT_EXECUTE|[287]
07:46:16.510 (3515336693)|STATEMENT_EXECUTE|[295]
07:46:16.510 (3515339633)|STATEMENT_EXECUTE|[307]
07:46:16.510 (3515392224)|HEAP_ALLOCATE|[EXTERNAL]|Bytes:-4
07:46:16.510 (3515414625)|STATEMENT_EXECUTE|[309]
07:46:16.510 (3515432435)|HEAP_ALLOCATE|[273]|Bytes:5
07:46:16.510 (3515452126)|VARIABLE_SCOPE_BEGIN|[273]|key|String|false|false
07:46:16.510 (3515465836)|VARIABLE_ASSIGNMENT|[273]|key|"Modem"
07:46:16.510 (3515472286)|STATEMENT_EXECUTE|[273]
07:46:16.510 (3515475576)|STATEMENT_EXECUTE|[274]
07:46:16.510 (3515482056)|METHOD_ENTRY|[274]|01pdL00000Up09Z|CpeAiAssistantController.normalizeProductName(String)
07:46:16.510 (3515490007)|VARIABLE_SCOPE_BEGIN|[252]|rawName|String|false|false
07:46:16.510 (3515502247)|VARIABLE_ASSIGNMENT|[252]|rawName|"Modem"
07:46:16.510 (3515514217)|HEAP_ALLOCATE|[253]|Bytes:5
07:46:16.510 (3515520577)|STATEMENT_EXECUTE|[252]
07:46:16.510 (3515544198)|STATEMENT_EXECUTE|[253]
07:46:16.510 (3515547958)|STATEMENT_EXECUTE|[254]
07:46:16.510 (3515560938)|HEAP_ALLOCATE|[254]|Bytes:5
07:46:16.510 (3515576229)|VARIABLE_SCOPE_BEGIN|[254]|lower|String|false|false
07:46:16.510 (3515589149)|VARIABLE_ASSIGNMENT|[254]|lower|"modem"
07:46:16.510 (3515631610)|STATEMENT_EXECUTE|[255]
07:46:16.510 (3515713982)|STATEMENT_EXECUTE|[256]
07:46:16.510 (3515732992)|STATEMENT_EXECUTE|[257]
07:46:16.510 (3515744162)|METHOD_EXIT|[274]|01pdL00000Up09Z|CpeAiAssistantController.normalizeProductName(String)
07:46:16.510 (3515754003)|VARIABLE_SCOPE_BEGIN|[274]|normKey|String|false|false
07:46:16.510 (3515767023)|VARIABLE_ASSIGNMENT|[274]|normKey|"Modem"
07:46:16.510 (3515836365)|HEAP_ALLOCATE|[315]|Bytes:16
07:46:16.510 (3515891806)|STATEMENT_EXECUTE|[315]
07:46:16.510 (3515895346)|STATEMENT_EXECUTE|[317]
07:46:16.510 (3515939197)|HEAP_ALLOCATE|[EXTERNAL]|Bytes:-4
07:46:16.510 (3515952297)|STATEMENT_EXECUTE|[318]
07:46:16.510 (3515958397)|VARIABLE_SCOPE_BEGIN|[318]|currentStr|String|false|false
07:46:16.510 (3515972078)|VARIABLE_ASSIGNMENT|[318]|currentStr|""
07:46:16.510 (3516043029)|STATEMENT_EXECUTE|[319]
07:46:16.510 (3516048140)|STATEMENT_EXECUTE|[320]
07:46:16.510 (3516094561)|VARIABLE_ASSIGNMENT|[320]|currentStr|"Wired"
07:46:16.510 (3516138492)|HEAP_ALLOCATE|[322]|Bytes:5
07:46:16.510 (3516194133)|STATEMENT_EXECUTE|[322]
07:46:16.510 (3516211273)|HEAP_ALLOCATE|[273]|Bytes:5
07:46:16.510 (3516230934)|VARIABLE_SCOPE_BEGIN|[273]|key|String|false|false
07:46:16.510 (3516245284)|VARIABLE_ASSIGNMENT|[273]|key|"Wi-Fi Access Point"
07:46:16.510 (3516251784)|STATEMENT_EXECUTE|[273]
07:46:16.510 (3516254574)|STATEMENT_EXECUTE|[274]
07:46:16.510 (3516261824)|METHOD_ENTRY|[274]|01pdL00000Up09Z|CpeAiAssistantController.normalizeProductName(String)
07:46:16.510 (3516269676)|VARIABLE_SCOPE_BEGIN|[252]|rawName|String|false|false
07:46:16.510 (3516282105)|VARIABLE_ASSIGNMENT|[252]|rawName|"Wi-Fi Access Point"
07:46:16.510 (3516293735)|HEAP_ALLOCATE|[253]|Bytes:5
07:46:16.510 (3516300185)|STATEMENT_EXECUTE|[252]
07:46:16.510 (3516322957)|STATEMENT_EXECUTE|[253]
07:46:16.510 (3516326237)|STATEMENT_EXECUTE|[254]
07:46:16.510 (3516338816)|HEAP_ALLOCATE|[254]|Bytes:18
07:46:16.510 (3516353787)|VARIABLE_SCOPE_BEGIN|[254]|lower|String|false|false
07:46:16.510 (3516367598)|VARIABLE_ASSIGNMENT|[254]|lower|"wi-fi access point"
07:46:16.510 (3516407148)|STATEMENT_EXECUTE|[255]
07:46:16.510 (3516427639)|STATEMENT_EXECUTE|[256]
07:46:16.510 (3516438149)|METHOD_EXIT|[274]|01pdL00000Up09Z|CpeAiAssistantController.normalizeProductName(String)
07:46:16.510 (3516446449)|VARIABLE_SCOPE_BEGIN|[274]|normKey|String|false|false
07:46:16.510 (3516459949)|VARIABLE_ASSIGNMENT|[274]|normKey|"Wi-Fi Access Point"
07:46:16.510 (3516488410)|STATEMENT_EXECUTE|[276]
07:46:16.510 (3516492230)|STATEMENT_EXECUTE|[277]
07:46:16.510 (3516507441)|VARIABLE_SCOPE_BEGIN|[277]|qty|Integer|false|false
07:46:16.510 (3516520500)|VARIABLE_ASSIGNMENT|[277]|qty|11
07:46:16.510 (3516538482)|STATEMENT_EXECUTE|[279]
07:46:16.510 (3516541831)|STATEMENT_EXECUTE|[280]
07:46:16.510 (3516547431)|VARIABLE_SCOPE_BEGIN|[280]|current|Integer|false|false
07:46:16.510 (3516556341)|HEAP_ALLOCATE|[280]|Bytes:4
07:46:16.510 (3516566221)|VARIABLE_ASSIGNMENT|[280]|current|0
07:46:16.510 (3516608563)|STATEMENT_EXECUTE|[281]
07:46:16.510 (3516612583)|STATEMENT_EXECUTE|[282]
07:46:16.510 (3516644213)|VARIABLE_ASSIGNMENT|[282]|current|1
07:46:16.510 (3516652673)|STATEMENT_EXECUTE|[284]
07:46:16.510 (3516681264)|VARIABLE_SCOPE_BEGIN|[284]|max|Integer|false|false
07:46:16.510 (3516693494)|VARIABLE_ASSIGNMENT|[284]|max|11
07:46:16.510 (3516699675)|STATEMENT_EXECUTE|[285]
07:46:16.510 (3516729326)|VARIABLE_SCOPE_BEGIN|[285]|min|Integer|false|false
07:46:16.510 (3516743386)|VARIABLE_ASSIGNMENT|[285]|min|1
07:46:16.510 (3516753596)|STATEMENT_EXECUTE|[287]
07:46:16.510 (3516759017)|STATEMENT_EXECUTE|[295]
07:46:16.510 (3516762436)|STATEMENT_EXECUTE|[296]
07:46:16.510 (3516775036)|VARIABLE_SCOPE_BEGIN|[296]|required|Integer|false|false
07:46:16.510 (3516784098)|HEAP_ALLOCATE|[296]|Bytes:4
07:46:16.510 (3516794178)|VARIABLE_ASSIGNMENT|[296]|required|10
07:46:16.510 (3516800317)|STATEMENT_EXECUTE|[297]
07:46:16.510 (3516839028)|HEAP_ALLOCATE|[297]|Bytes:10
07:46:16.510 (3516847118)|VARIABLE_SCOPE_BEGIN|[297]|prodCode|String|false|false
07:46:16.510 (3516859859)|VARIABLE_ASSIGNMENT|[297]|prodCode|"WIFI-AP-02"
07:46:16.510 (3516867019)|STATEMENT_EXECUTE|[298]
07:46:16.510 (3516870839)|STATEMENT_EXECUTE|[299]
07:46:16.510 (3516884989)|METHOD_ENTRY|[299]|01pdL00000Up09Z|CpeAiAssistantController.getVanStock(String)
07:46:16.510 (3516905909)|VARIABLE_SCOPE_BEGIN|[396]|productCode|String|false|false
07:46:16.510 (3516918371)|VARIABLE_ASSIGNMENT|[396]|productCode|"WIFI-AP-02"
07:46:16.510 (3516931430)|HEAP_ALLOCATE|[397]|Bytes:5
07:46:16.510 (3516938480)|STATEMENT_EXECUTE|[396]
07:46:16.510 (3516942491)|STATEMENT_EXECUTE|[397]
07:46:16.510 (3516945611)|STATEMENT_EXECUTE|[397]
07:46:16.510 (3516949051)|STATEMENT_EXECUTE|[398]
07:46:16.510 (3516957372)|METHOD_ENTRY|[398]|01pdL00000Up09Z|CpeAiAssistantController.getMyServiceResource()
07:46:16.510 (3517129346)|HEAP_ALLOCATE|[552]|Bytes:5
07:46:16.510 (3517139085)|STATEMENT_EXECUTE|[551]
07:46:16.510 (3517142835)|STATEMENT_EXECUTE|[552]
07:46:16.510 (3517147115)|HEAP_ALLOCATE|[552]|Bytes:163
07:46:16.510 (3517160755)|HEAP_ALLOCATE|[552]|Bytes:4
07:46:16.510 (3517170515)|HEAP_ALLOCATE|[552]|Bytes:7
07:46:16.510 (3517223967)|HEAP_ALLOCATE|[555]|Bytes:105
07:46:16.510 (3517278859)|SYSTEM_METHOD_ENTRY|[1]|UserInfo.UserInfo()
07:46:16.510 (3517288479)|STATEMENT_EXECUTE|[1]
07:46:16.510 (3517313420)|SYSTEM_METHOD_EXIT|[1]|UserInfo
07:46:16.510 (3517326080)|METHOD_ENTRY|[555]||System.UserInfo.getUserId()
07:46:16.510 (3517424722)|METHOD_EXIT|[555]||System.UserInfo.getUserId()
07:46:16.510 (3521792245)|SOQL_EXECUTE_BEGIN|[552]|Aggregations:0|SELECT Id, LocationId, LastKnownLocation, LastKnownLatitude, LastKnownLongitude FROM ServiceResource WHERE (RelatedRecordId = :tmpVar1 AND IsActive = TRUE) LIMIT 1
07:46:16.510 (3534851072)|SOQL_EXECUTE_END|[552]|Rows:1
07:46:16.510 (3534901202)|HEAP_ALLOCATE|[552]|Bytes:8
07:46:16.510 (3534947383)|HEAP_ALLOCATE|[552]|Bytes:201
07:46:16.510 (3535063666)|HEAP_ALLOCATE|[552]|Bytes:8
07:46:16.510 (3535098507)|VARIABLE_SCOPE_BEGIN|[552]|srs|List<ServiceResource>|true|false
07:46:16.510 (3535275091)|VARIABLE_ASSIGNMENT|[552]|srs|[{"LocationId":"131dL000000OKGvQAO","Id":"0HndL000000MjRVSA0","LastKnownLocation":{"latitude":0.0,"longitude":0.0},"LastKnownLatitude":0E-15,"LastKnownLongitude":0E-15}]|0x6888c838
07:46:16.510 (3535285471)|STATEMENT_EXECUTE|[558]
07:46:16.510 (3535482016)|HEAP_ALLOCATE|[558]|Bytes:24
07:46:16.510 (3535513436)|METHOD_EXIT|[398]|01pdL00000Up09Z|CpeAiAssistantController.getMyServiceResource()
07:46:16.510 (3535523836)|VARIABLE_SCOPE_BEGIN|[398]|sr|ServiceResource|true|false
07:46:16.510 (3535609318)|VARIABLE_ASSIGNMENT|[398]|sr|{"LocationId":"131dL000000OKGvQAO","Id":"0HndL000000MjRVSA0","LastKnownLocation":{"latitude":0.0,"longitude":0.0},"LastKnownLatitude":0E-15,"LastKnownLongitude":0E-15}|0x2da0fdde
07:46:16.510 (3535680901)|STATEMENT_EXECUTE|[399]
07:46:16.510 (3535684571)|STATEMENT_EXECUTE|[400]
07:46:16.510 (3535692070)|HEAP_ALLOCATE|[400]|Bytes:112
07:46:16.510 (3535715062)|HEAP_ALLOCATE|[400]|Bytes:4
07:46:16.510 (3535748143)|HEAP_ALLOCATE|[400]|Bytes:7
07:46:16.510 (3539225534)|SOQL_EXECUTE_BEGIN|[400]|Aggregations:0|SELECT QuantityOnHand FROM ProductItem WHERE (LocationId = :tmpVar1 AND Product2.ProductCode = :tmpVar2) LIMIT 1
07:46:16.510 (3586535055)|SOQL_EXECUTE_END|[400]|Rows:0
07:46:16.510 (3586575866)|HEAP_ALLOCATE|[400]|Bytes:4
07:46:16.510 (3586596976)|HEAP_ALLOCATE|[400]|Bytes:0
07:46:16.510 (3586716589)|HEAP_ALLOCATE|[400]|Bytes:4
07:46:16.510 (3586740859)|VARIABLE_SCOPE_BEGIN|[400]|items|List<ProductItem>|true|false
07:46:16.510 (3586987895)|VARIABLE_ASSIGNMENT|[400]|items|[]|0x70ee7f37
07:46:16.510 (3587111168)|STATEMENT_EXECUTE|[406]
07:46:16.510 (3587120508)|HEAP_ALLOCATE|[412]|Bytes:9
07:46:16.510 (3587150309)|STATEMENT_EXECUTE|[412]
07:46:16.510 (3587157199)|STATEMENT_EXECUTE|[413]
07:46:16.510 (3587161839)|HEAP_ALLOCATE|[413]|Bytes:4
07:46:16.510 (3587180750)|METHOD_EXIT|[299]|01pdL00000Up09Z|CpeAiAssistantController.getVanStock(String)
07:46:16.510 (3587188030)|VARIABLE_SCOPE_BEGIN|[299]|vanStock|Integer|false|false
07:46:16.510 (3587193960)|HEAP_ALLOCATE|[299]|Bytes:4
07:46:16.510 (3587203710)|VARIABLE_ASSIGNMENT|[299]|vanStock|3
07:46:16.510 (3587211160)|STATEMENT_EXECUTE|[300]
07:46:16.510 (3587213620)|STATEMENT_EXECUTE|[301]
07:46:16.510 (3587218150)|HEAP_ALLOCATE|[301]|Bytes:4
07:46:16.510 (3587224381)|VARIABLE_ASSIGNMENT|[301]|qty|4
07:46:16.510 (3587228431)|STATEMENT_EXECUTE|[302]
07:46:16.510 (3587231851)|HEAP_ALLOCATE|[302]|Bytes:7
07:46:16.510 (3587235781)|HEAP_ALLOCATE|[302]|Bytes:14
07:46:16.510 (3587281302)|HEAP_ALLOCATE|[302]|Bytes:1
07:46:16.510 (3587292982)|HEAP_ALLOCATE|[302]|Bytes:1
07:46:16.510 (3587297462)|HEAP_ALLOCATE|[302]|Bytes:77
07:46:16.510 (3587353374)|HEAP_ALLOCATE|[302]|Bytes:111
07:46:16.510 (3587383854)|HEAP_ALLOCATE|[EXTERNAL]|Bytes:-4
07:46:16.510 (3587393865)|STATEMENT_EXECUTE|[307]
07:46:16.510 (3587401025)|HEAP_ALLOCATE|[307]|Bytes:4
07:46:16.510 (3587423125)|HEAP_ALLOCATE|[EXTERNAL]|Bytes:-4
07:46:16.510 (3587431425)|STATEMENT_EXECUTE|[309]
07:46:16.510 (3587433495)|STATEMENT_EXECUTE|[310]
07:46:16.510 (3587436606)|HEAP_ALLOCATE|[310]|Bytes:4
07:46:16.510 (3587444496)|VARIABLE_ASSIGNMENT|[310]|changedCpeCount|1
07:46:16.510 (3587470666)|HEAP_ALLOCATE|[273]|Bytes:5
07:46:16.510 (3587486407)|VARIABLE_ASSIGNMENT|[273]|key|null
07:46:16.510 (3587536318)|HEAP_ALLOCATE|[329]|Bytes:52
07:46:16.510 (3587567949)|HEAP_ALLOCATE|[329]|Bytes:5
07:46:16.510 (3587584939)|VARIABLE_SCOPE_BEGIN|[329]|ruleKey|String|false|false
07:46:16.510 (3587596699)|VARIABLE_ASSIGNMENT|[329]|ruleKey|"TV + Receiver"
07:46:16.510 (3587601399)|STATEMENT_EXECUTE|[329]
07:46:16.510 (3587624970)|STATEMENT_EXECUTE|[330]
07:46:16.510 (3587634210)|HEAP_ALLOCATE|[329]|Bytes:5
07:46:16.510 (3587646750)|VARIABLE_SCOPE_BEGIN|[329]|ruleKey|String|false|false
07:46:16.510 (3587655761)|VARIABLE_ASSIGNMENT|[329]|ruleKey|"Modem"
07:46:16.510 (3587659481)|STATEMENT_EXECUTE|[329]
07:46:16.510 (3587669831)|STATEMENT_EXECUTE|[330]
07:46:16.510 (3587677801)|HEAP_ALLOCATE|[329]|Bytes:5
07:46:16.510 (3587688671)|VARIABLE_SCOPE_BEGIN|[329]|ruleKey|String|false|false
07:46:16.510 (3587696952)|VARIABLE_ASSIGNMENT|[329]|ruleKey|"Wi-Fi Access Point"
07:46:16.510 (3587700562)|STATEMENT_EXECUTE|[329]
07:46:16.510 (3587710302)|STATEMENT_EXECUTE|[330]
07:46:16.510 (3587718332)|HEAP_ALLOCATE|[329]|Bytes:5
07:46:16.510 (3587729112)|VARIABLE_ASSIGNMENT|[329]|ruleKey|null
07:46:16.510 (3587734492)|STATEMENT_EXECUTE|[335]
07:46:16.510 (3587754753)|HEAP_ALLOCATE|[EXTERNAL]|Bytes:-4
07:46:16.510 (3587763133)|STATEMENT_EXECUTE|[338]
07:46:16.510 (3587778013)|HEAP_ALLOCATE|[338]|Bytes:4
07:46:16.510 (3587812304)|VARIABLE_SCOPE_BEGIN|[338]|stateChanges|List<Map<String,ANY>>|true|false
07:46:16.510 (3587837495)|HEAP_ALLOCATE|[EXTERNAL]|Bytes:4
07:46:16.510 (3587847295)|VARIABLE_ASSIGNMENT|[338]|stateChanges|[]|0x4382a724
07:46:16.510 (3587872957)|HEAP_ALLOCATE|[339]|Bytes:52
07:46:16.510 (3587898997)|HEAP_ALLOCATE|[339]|Bytes:5
07:46:16.510 (3587911137)|VARIABLE_SCOPE_BEGIN|[339]|key|String|false|false
07:46:16.510 (3587919647)|VARIABLE_ASSIGNMENT|[339]|key|"TV + Receiver"
07:46:16.510 (3587924518)|STATEMENT_EXECUTE|[339]
07:46:16.510 (3587944657)|STATEMENT_EXECUTE|[340]
07:46:16.510 (3587946987)|STATEMENT_EXECUTE|[341]
07:46:16.510 (3587974508)|VARIABLE_SCOPE_BEGIN|[341]|newVal|Object|false|false
07:46:16.510 (3587989748)|VARIABLE_ASSIGNMENT|[341]|newVal|13
07:46:16.510 (3587995738)|STATEMENT_EXECUTE|[342]
07:46:16.510 (3588043841)|VARIABLE_SCOPE_BEGIN|[342]|curVal|Object|false|false
07:46:16.510 (3588060460)|VARIABLE_ASSIGNMENT|[342]|curVal|13
07:46:16.510 (3588176253)|STATEMENT_EXECUTE|[344]
07:46:16.510 (3588188263)|HEAP_ALLOCATE|[339]|Bytes:5
07:46:16.510 (3588202924)|VARIABLE_SCOPE_BEGIN|[339]|key|String|false|false
07:46:16.510 (3588212764)|VARIABLE_ASSIGNMENT|[339]|key|"Modem"
07:46:16.510 (3588216645)|STATEMENT_EXECUTE|[339]
07:46:16.510 (3588227725)|STATEMENT_EXECUTE|[340]
07:46:16.510 (3588229774)|STATEMENT_EXECUTE|[341]
07:46:16.510 (3588241834)|VARIABLE_SCOPE_BEGIN|[341]|newVal|Object|false|false
07:46:16.510 (3588252394)|VARIABLE_ASSIGNMENT|[341]|newVal|"Wired"
07:46:16.510 (3588256224)|STATEMENT_EXECUTE|[342]
07:46:16.510 (3588281025)|VARIABLE_SCOPE_BEGIN|[342]|curVal|Object|false|false
07:46:16.510 (3588291305)|VARIABLE_ASSIGNMENT|[342]|curVal|"Wired"
07:46:16.510 (3588306336)|STATEMENT_EXECUTE|[344]
07:46:16.510 (3588315696)|HEAP_ALLOCATE|[339]|Bytes:5
07:46:16.510 (3588327367)|VARIABLE_SCOPE_BEGIN|[339]|key|String|false|false
07:46:16.510 (3588337657)|VARIABLE_ASSIGNMENT|[339]|key|"Wi-Fi Access Point"
07:46:16.510 (3588343557)|STATEMENT_EXECUTE|[339]
07:46:16.510 (3588356058)|STATEMENT_EXECUTE|[340]
07:46:16.510 (3588358888)|STATEMENT_EXECUTE|[341]
07:46:16.510 (3588373898)|VARIABLE_SCOPE_BEGIN|[341]|newVal|Object|false|false
07:46:16.510 (3588387598)|VARIABLE_ASSIGNMENT|[341]|newVal|4
07:46:16.510 (3588393929)|STATEMENT_EXECUTE|[342]
07:46:16.510 (3588425899)|VARIABLE_SCOPE_BEGIN|[342]|curVal|Object|false|false
07:46:16.510 (3588440359)|VARIABLE_ASSIGNMENT|[342]|curVal|1
07:46:16.510 (3588467029)|STATEMENT_EXECUTE|[344]
07:46:16.510 (3588470530)|STATEMENT_EXECUTE|[345]
07:46:16.510 (3588482501)|HEAP_ALLOCATE|[345]|Bytes:4
07:46:16.510 (3588494621)|HEAP_ALLOCATE|[346]|Bytes:5
07:46:16.510 (3588544782)|HEAP_ALLOCATE|[346]|Bytes:18
07:46:16.510 (3588585912)|HEAP_ALLOCATE|[347]|Bytes:11
07:46:16.510 (3588617713)|HEAP_ALLOCATE|[347]|Bytes:23
07:46:16.510 (3588636043)|HEAP_ALLOCATE|[348]|Bytes:8
07:46:16.510 (3588658505)|HEAP_ALLOCATE|[349]|Bytes:8
07:46:16.510 (3588672044)|HEAP_ALLOCATE|[350]|Bytes:5
07:46:16.510 (3588705765)|HEAP_ALLOCATE|[345]|Bytes:4
07:46:16.510 (3588715816)|VARIABLE_SCOPE_BEGIN|[345]|change|Map<String,ANY>|true|false
07:46:16.510 (3588759926)|VARIABLE_ASSIGNMENT|[345]|change|{"label":"WI-FI ACCESS POINT","productCode":"O_RES_HSI_WIFI_EXTEN (3 more) ...","oldUnits":1,"newUnits":4,"units":3}|0x3f5068f5
07:46:16.510 (3588813597)|STATEMENT_EXECUTE|[353]
07:46:16.510 (3588816167)|STATEMENT_EXECUTE|[354]
07:46:16.510 (3588819699)|HEAP_ALLOCATE|[354]|Bytes:14
07:46:16.510 (3588858208)|HEAP_ALLOCATE|[354]|Bytes:4
07:46:16.510 (3588878260)|HEAP_ALLOCATE|[EXTERNAL]|Bytes:-4
07:46:16.510 (3588887320)|STATEMENT_EXECUTE|[357]
07:46:16.510 (3588900760)|VARIABLE_SCOPE_BEGIN|[357]|curQty|Integer|false|false
07:46:16.510 (3588914181)|VARIABLE_ASSIGNMENT|[357]|curQty|1
07:46:16.510 (3588920250)|STATEMENT_EXECUTE|[358]
07:46:16.510 (3588932961)|VARIABLE_SCOPE_BEGIN|[358]|newQty|Integer|false|false
07:46:16.510 (3588945610)|VARIABLE_ASSIGNMENT|[358]|newQty|4
07:46:16.510 (3588952122)|STATEMENT_EXECUTE|[359]
07:46:16.510 (3588957611)|VARIABLE_SCOPE_BEGIN|[359]|diff|Integer|false|false
07:46:16.510 (3588965142)|HEAP_ALLOCATE|[359]|Bytes:4
07:46:16.510 (3588974662)|VARIABLE_ASSIGNMENT|[359]|diff|3
07:46:16.510 (3588980912)|STATEMENT_EXECUTE|[360]
07:46:16.510 (3589046373)|VARIABLE_SCOPE_BEGIN|[2]|System.Math.E|Double|false|true
07:46:16.510 (3589053504)|VARIABLE_SCOPE_BEGIN|[3]|System.Math.PI|Double|false|true
07:46:16.510 (3589069154)|HEAP_ALLOCATE|[360]|Bytes:206
07:46:16.510 (3589086785)|SYSTEM_METHOD_ENTRY|[1]|Math.Math()
07:46:16.510 (3589090734)|STATEMENT_EXECUTE|[1]
07:46:16.510 (3589183027)|SYSTEM_METHOD_EXIT|[1]|Math
07:46:16.510 (3589202757)|METHOD_ENTRY|[360]||System.Math.abs(Integer)
07:46:16.510 (3589271618)|METHOD_EXIT|[360]||System.Math.abs(Integer)
07:46:16.510 (3589279989)|VARIABLE_SCOPE_BEGIN|[360]|diffAbs|Integer|false|false
07:46:16.510 (3589286409)|HEAP_ALLOCATE|[360]|Bytes:4
07:46:16.510 (3589294859)|VARIABLE_ASSIGNMENT|[360]|diffAbs|3
07:46:16.510 (3589315320)|STATEMENT_EXECUTE|[366]
07:46:16.510 (3589317739)|STATEMENT_EXECUTE|[367]
07:46:16.510 (3589321190)|HEAP_ALLOCATE|[367]|Bytes:12
07:46:16.510 (3589331590)|HEAP_ALLOCATE|[367]|Bytes:2
07:46:16.510 (3589403352)|HEAP_ALLOCATE|[367]|Bytes:2
07:46:16.510 (3589415082)|HEAP_ALLOCATE|[367]|Bytes:3
07:46:16.510 (3589431563)|HEAP_ALLOCATE|[367]|Bytes:7
07:46:16.510 (3589443053)|HEAP_ALLOCATE|[EXTERNAL]|Bytes:-4
07:46:16.510 (3589450213)|STATEMENT_EXECUTE|[370]
07:46:16.510 (3589473054)|HEAP_ALLOCATE|[EXTERNAL]|Bytes:4
07:46:16.510 (3589492244)|HEAP_ALLOCATE|[339]|Bytes:5
07:46:16.510 (3589505524)|VARIABLE_ASSIGNMENT|[339]|key|null
07:46:16.510 (3589510284)|STATEMENT_EXECUTE|[374]
07:46:16.510 (3589513425)|HEAP_ALLOCATE|[374]|Bytes:12
07:46:16.510 (3589533115)|HEAP_ALLOCATE|[EXTERNAL]|Bytes:-4
07:46:16.510 (3589635587)|STATEMENT_EXECUTE|[375]
07:46:16.510 (3589639737)|STATEMENT_EXECUTE|[380]
07:46:16.510 (3589641878)|STATEMENT_EXECUTE|[381]
07:46:16.510 (3589644898)|HEAP_ALLOCATE|[381]|Bytes:21
07:46:16.510 (3589674248)|HEAP_ALLOCATE|[381]|Bytes:5
07:46:16.510 (3589680308)|HEAP_ALLOCATE|[EXTERNAL]|Bytes:-4
07:46:16.510 (3589688849)|STATEMENT_EXECUTE|[393]
07:46:16.510 (3589700889)|METHOD_EXIT|[142]|01pdL00000Up09Z|CpeAiAssistantController.parseAndValidateAgentResponse(String, Map<String,Map<String,ANY>>)
07:46:16.510 (3589706819)|VARIABLE_SCOPE_BEGIN|[142]|validatedResponse|Map<String,ANY>|true|false
07:46:16.510 (3589746570)|VARIABLE_ASSIGNMENT|[142]|validatedResponse|{"message":"You only have 3 Wi-F (91 more) ...","newState":{"TV + Receiver":13,"Modem":"Wired","Wi-Fi Access Point":4},"stateChanges":["Map of size 7 too large to display"],"requireOtherCpePrompt":true}|0x71c91455
07:46:16.510 (3589755760)|STATEMENT_EXECUTE|[144]
07:46:16.510 (3589765230)|METHOD_ENTRY|[144]||System.JSON.serialize(Object)
07:46:16.510 (3591197093)|METHOD_EXIT|[144]||System.JSON.serialize(Object)
07:46:16.591 (3591300816)|CUMULATIVE_LIMIT_USAGE
07:46:16.591 (3591300816)|LIMIT_USAGE_FOR_NS|(default)|
  Number of SOQL queries: 2 out of 100
  Number of query rows: 1 out of 50000
  Number of SOSL queries: 0 out of 20
  Number of DML statements: 0 out of 150
  Number of Publish Immediate DML: 0 out of 150
  Number of DML rows: 0 out of 10000
  Maximum CPU time: 661 out of 10000
  Maximum heap size: 0 out of 6000000
  Number of callouts: 0 out of 100
  Number of Email Invocations: 0 out of 10
  Number of future calls: 0 out of 50
  Number of queueable jobs added to the queue: 0 out of 50
  Number of Mobile Apex push calls: 0 out of 10

07:46:16.591 (3591300816)|CUMULATIVE_LIMIT_USAGE_END

07:46:16.510 (3591379999)|CODE_UNIT_FINISHED|CpeAiAssistantController.sendMessageToAgent(String, String, String, String)
07:46:16.510 (3591662665)|CODE_UNIT_FINISHED|apex://CpeAiAssistantController/ACTION$sendMessageToAgent
07:46:16.510 (3591672585)|EXECUTION_FINISHED
